{"uid":"7c622c4cb5c63a91","name":"TC_55!514 (Lang: en) | Bid:55!514-en.au.NoReg","fullName":"tests.US_55_ReTestsManual.tassobaccato.US_55-tassobaccato_ReTestsManual_test.TestManualDetectedBugs#test_514","historyId":"0d31f051dff0e73a24e54c3002e912cc","time":{"start":1738201196124,"stop":1738201261293,"duration":65169},"description":"\n        Check: Menu section [Markets] > Menu item [Market analysis] > Article \"Solana price prediction: Can SOL\n                rebound?\" > Click on the [Could Solana become a Cardano side-chain?] item in the \"Table of Contents\" >\n                Click on the [announced] link in the text\n        Language: EN\n        License: ASIC\n        Author: Kasila\n        ","descriptionHtml":"<pre><code>    Check: Menu section [Markets] &gt; Menu item [Market analysis] &gt; Article &quot;Solana price prediction: Can SOL\n            rebound?&quot; &gt; Click on the [Could Solana become a Cardano side-chain?] item in the &quot;Table of Contents&quot; &gt;\n            Click on the [announced] link in the text\n    Language: EN\n    License: ASIC\n    Author: Kasila\n</code></pre>\n","status":"broken","statusMessage":"selenium.common.exceptions.NoSuchElementException: Message: no such element: Unable to locate element: {\"method\":\"css selector\",\"selector\":\"div#main-frame-error\"}\n  (Session info: chrome=132.0.6834.110); For documentation on this error, please visit: https://www.selenium.dev/documentation/webdriver/troubleshooting/errors#no-such-element-exception\nStacktrace:\n#0 0x55beb6f3f53a <unknown>\n#1 0x55beb6a3af00 <unknown>\n#2 0x55beb6a8ac0c <unknown>\n#3 0x55beb6a8ae31 <unknown>\n#4 0x55beb6ad0bd4 <unknown>\n#5 0x55beb6aaf5cd <unknown>\n#6 0x55beb6acdf84 <unknown>\n#7 0x55beb6aaf343 <unknown>\n#8 0x55beb6a7c78a <unknown>\n#9 0x55beb6a7d9de <unknown>\n#10 0x55beb6f092cb <unknown>\n#11 0x55beb6f0d242 <unknown>\n#12 0x55beb6ef67ac <unknown>\n#13 0x55beb6f0ddf7 <unknown>\n#14 0x55beb6edab2f <unknown>\n#15 0x55beb6f2e1a8 <unknown>\n#16 0x55beb6f2e370 <unknown>\n#17 0x55beb6f3e3b6 <unknown>\n#18 0x7fdb51c9ca94 <unknown>\n#19 0x7fdb51d29c3c <unknown>","statusTrace":"self = <US_55-tassobaccato_ReTestsManual_test.TestManualDetectedBugs object at 0x7f9bde4d1610>\nworker_id = 'master'\nd = <selenium.webdriver.chrome.webdriver.WebDriver (session=\"cad1022c25383f8e69c0ada96dd296a2\")>\ncur_language = '', cur_country = 'au', cur_role = 'NoReg'\ncur_login = 'test001.miketar+1@gmail.com', cur_password = 'Qwer1234-!@#$'\n\n    @allure.step('Start retest manual AT_55!514 The page with text \"Page Not Found ... doesnt exist or has been moved\" is displayed')\n    @pytest.mark.parametrize('cur_language', [''])\n    @pytest.mark.parametrize('cur_country', ['au'])\n    @pytest.mark.parametrize('cur_role', [\"NoReg\", \"Auth\", \"NoAuth\"])\n    @pytest.mark.bug_514\n    def test_514(self, worker_id, d, cur_language, cur_country, cur_role, cur_login, cur_password):\n        \"\"\"\n        Check: Menu section [Markets] > Menu item [Market analysis] > Article \"Solana price prediction: Can SOL\n                rebound?\" > Click on the [Could Solana become a Cardano side-chain?] item in the \"Table of Contents\" >\n                Click on the [announced] link in the text\n        Language: EN\n        License: ASIC\n        Author: Kasila\n        \"\"\"\n    \n        bid = build_dynamic_arg_for_us_55(\n            d, worker_id, cur_language, cur_country, cur_role,\n            \"55\", \"ReTests of Manual Detected Bugs\",\n            \"514\", 'The page with text \"Page Not Found ... doesnt exist or has been moved\" is opened '\n                   'after clicking on [announced] link in the article \"Solana price prediction: Can SOL rebound?\" when '\n                   'selected ASIC license'\n        )\n    \n        link = apply_preconditions_to_link(d, cur_language, cur_country, cur_role, cur_login, cur_password)\n        menu = from_markets_menu_open_market_analysis.MenuNew(d, link)\n        cur_item_link = menu.from_markets_menu_open_market_analysis(d, cur_language, cur_country, link)\n    \n        test_element = AnnouncedLink(d, cur_item_link, bid)\n        test_element.announced_link(d, cur_item_link, link)\n        test_element.element_click()\n>       test_element.assert_()\n\ntests/US_55_ReTestsManual/tassobaccato/US_55-tassobaccato_ReTestsManual_test.py:735: \n_ _ _ _ _ _ _ _ _ _ _ _ _ _ _ _ _ _ _ _ _ _ _ _ _ _ _ _ _ _ _ _ _ _ _ _ _ _ _ _ \npages/BugsManual/bug_514.py:99: in assert_\n    main_frame_error = self.driver.find_element(By.CSS_SELECTOR, 'div#main-frame-error')\n../../../.cache/pypoetry/virtualenvs/testcapitalcompyse-CcJ6hTD8-py3.12/lib/python3.12/site-packages/selenium/webdriver/remote/webdriver.py:766: in find_element\n    return self.execute(Command.FIND_ELEMENT, {\"using\": by, \"value\": value})[\"value\"]\n../../../.cache/pypoetry/virtualenvs/testcapitalcompyse-CcJ6hTD8-py3.12/lib/python3.12/site-packages/selenium/webdriver/remote/webdriver.py:380: in execute\n    self.error_handler.check_response(response)\n_ _ _ _ _ _ _ _ _ _ _ _ _ _ _ _ _ _ _ _ _ _ _ _ _ _ _ _ _ _ _ _ _ _ _ _ _ _ _ _ \n\nself = <selenium.webdriver.remote.errorhandler.ErrorHandler object at 0x7f9bded8d220>\nresponse = {'status': 404, 'value': '{\"value\":{\"error\":\"no such element\",\"message\":\"no such element: Unable to locate element: {\\...\\\\n#17 0x55beb6f3e3b6 \\\\u003Cunknown>\\\\n#18 0x7fdb51c9ca94 \\\\u003Cunknown>\\\\n#19 0x7fdb51d29c3c \\\\u003Cunknown>\\\\n\"}}'}\n\n    def check_response(self, response: Dict[str, Any]) -> None:\n        \"\"\"Checks that a JSON response from the WebDriver does not have an\n        error.\n    \n        :Args:\n         - response - The JSON response from the WebDriver server as a dictionary\n           object.\n    \n        :Raises: If the response contains an error message.\n        \"\"\"\n        status = response.get(\"status\", None)\n        if not status or status == ErrorCode.SUCCESS:\n            return\n        value = None\n        message = response.get(\"message\", \"\")\n        screen: str = response.get(\"screen\", \"\")\n        stacktrace = None\n        if isinstance(status, int):\n            value_json = response.get(\"value\", None)\n            if value_json and isinstance(value_json, str):\n                import json\n    \n                try:\n                    value = json.loads(value_json)\n                    if len(value) == 1:\n                        value = value[\"value\"]\n                    status = value.get(\"error\", None)\n                    if not status:\n                        status = value.get(\"status\", ErrorCode.UNKNOWN_ERROR)\n                        message = value.get(\"value\") or value.get(\"message\")\n                        if not isinstance(message, str):\n                            value = message\n                            message = message.get(\"message\")\n                    else:\n                        message = value.get(\"message\", None)\n                except ValueError:\n                    pass\n    \n        exception_class: Type[WebDriverException]\n        e = ErrorCode()\n        error_codes = [item for item in dir(e) if not item.startswith(\"__\")]\n        for error_code in error_codes:\n            error_info = getattr(ErrorCode, error_code)\n            if isinstance(error_info, list) and status in error_info:\n                exception_class = getattr(ExceptionMapping, error_code, WebDriverException)\n                break\n        else:\n            exception_class = WebDriverException\n    \n        if not value:\n            value = response[\"value\"]\n        if isinstance(value, str):\n            raise exception_class(value)\n        if message == \"\" and \"message\" in value:\n            message = value[\"message\"]\n    \n        screen = None  # type: ignore[assignment]\n        if \"screen\" in value:\n            screen = value[\"screen\"]\n    \n        stacktrace = None\n        st_value = value.get(\"stackTrace\") or value.get(\"stacktrace\")\n        if st_value:\n            if isinstance(st_value, str):\n                stacktrace = st_value.split(\"\\n\")\n            else:\n                stacktrace = []\n                try:\n                    for frame in st_value:\n                        line = frame.get(\"lineNumber\", \"\")\n                        file = frame.get(\"fileName\", \"<anonymous>\")\n                        if line:\n                            file = f\"{file}:{line}\"\n                        meth = frame.get(\"methodName\", \"<anonymous>\")\n                        if \"className\" in frame:\n                            meth = f\"{frame['className']}.{meth}\"\n                        msg = \"    at %s (%s)\"\n                        msg = msg % (meth, file)\n                        stacktrace.append(msg)\n                except TypeError:\n                    pass\n        if exception_class == UnexpectedAlertPresentException:\n            alert_text = None\n            if \"data\" in value:\n                alert_text = value[\"data\"].get(\"text\")\n            elif \"alert\" in value:\n                alert_text = value[\"alert\"].get(\"text\")\n            raise exception_class(message, screen, stacktrace, alert_text)  # type: ignore[call-arg]  # mypy is not smart enough here\n>       raise exception_class(message, screen, stacktrace)\nE       selenium.common.exceptions.NoSuchElementException: Message: no such element: Unable to locate element: {\"method\":\"css selector\",\"selector\":\"div#main-frame-error\"}\nE         (Session info: chrome=132.0.6834.110); For documentation on this error, please visit: https://www.selenium.dev/documentation/webdriver/troubleshooting/errors#no-such-element-exception\nE       Stacktrace:\nE       #0 0x55beb6f3f53a <unknown>\nE       #1 0x55beb6a3af00 <unknown>\nE       #2 0x55beb6a8ac0c <unknown>\nE       #3 0x55beb6a8ae31 <unknown>\nE       #4 0x55beb6ad0bd4 <unknown>\nE       #5 0x55beb6aaf5cd <unknown>\nE       #6 0x55beb6acdf84 <unknown>\nE       #7 0x55beb6aaf343 <unknown>\nE       #8 0x55beb6a7c78a <unknown>\nE       #9 0x55beb6a7d9de <unknown>\nE       #10 0x55beb6f092cb <unknown>\nE       #11 0x55beb6f0d242 <unknown>\nE       #12 0x55beb6ef67ac <unknown>\nE       #13 0x55beb6f0ddf7 <unknown>\nE       #14 0x55beb6edab2f <unknown>\nE       #15 0x55beb6f2e1a8 <unknown>\nE       #16 0x55beb6f2e370 <unknown>\nE       #17 0x55beb6f3e3b6 <unknown>\nE       #18 0x7fdb51c9ca94 <unknown>\nE       #19 0x7fdb51d29c3c <unknown>\n\n../../../.cache/pypoetry/virtualenvs/testcapitalcompyse-CcJ6hTD8-py3.12/lib/python3.12/site-packages/selenium/webdriver/remote/errorhandler.py:229: NoSuchElementException","flaky":false,"newFailed":false,"newBroken":false,"newPassed":false,"retriesCount":0,"retriesStatusChange":false,"beforeStages":[{"name":"d","time":{"start":1738199022943,"stop":1738199023901,"duration":958},"status":"passed","steps":[],"attachments":[],"parameters":[],"shouldDisplayMessage":false,"stepsCount":0,"attachmentsCount":0,"hasContent":false,"attachmentStep":false},{"name":"cur_login","time":{"start":1738199023901,"stop":1738199023901,"duration":0},"status":"passed","steps":[],"attachments":[],"parameters":[],"shouldDisplayMessage":false,"stepsCount":0,"attachmentsCount":0,"hasContent":false,"attachmentStep":false},{"name":"worker_id","time":{"start":1738199023901,"stop":1738199023901,"duration":0},"status":"passed","steps":[],"attachments":[],"parameters":[],"shouldDisplayMessage":false,"stepsCount":0,"attachmentsCount":0,"hasContent":false,"attachmentStep":false},{"name":"cur_password","time":{"start":1738199023901,"stop":1738199023901,"duration":0},"status":"passed","steps":[],"attachments":[],"parameters":[],"shouldDisplayMessage":false,"stepsCount":0,"attachmentsCount":0,"hasContent":false,"attachmentStep":false}],"testStage":{"description":"\n        Check: Menu section [Markets] > Menu item [Market analysis] > Article \"Solana price prediction: Can SOL\n                rebound?\" > Click on the [Could Solana become a Cardano side-chain?] item in the \"Table of Contents\" >\n                Click on the [announced] link in the text\n        Language: EN\n        License: ASIC\n        Author: Kasila\n        ","status":"broken","statusMessage":"selenium.common.exceptions.NoSuchElementException: Message: no such element: Unable to locate element: {\"method\":\"css selector\",\"selector\":\"div#main-frame-error\"}\n  (Session info: chrome=132.0.6834.110); For documentation on this error, please visit: https://www.selenium.dev/documentation/webdriver/troubleshooting/errors#no-such-element-exception\nStacktrace:\n#0 0x55beb6f3f53a <unknown>\n#1 0x55beb6a3af00 <unknown>\n#2 0x55beb6a8ac0c <unknown>\n#3 0x55beb6a8ae31 <unknown>\n#4 0x55beb6ad0bd4 <unknown>\n#5 0x55beb6aaf5cd <unknown>\n#6 0x55beb6acdf84 <unknown>\n#7 0x55beb6aaf343 <unknown>\n#8 0x55beb6a7c78a <unknown>\n#9 0x55beb6a7d9de <unknown>\n#10 0x55beb6f092cb <unknown>\n#11 0x55beb6f0d242 <unknown>\n#12 0x55beb6ef67ac <unknown>\n#13 0x55beb6f0ddf7 <unknown>\n#14 0x55beb6edab2f <unknown>\n#15 0x55beb6f2e1a8 <unknown>\n#16 0x55beb6f2e370 <unknown>\n#17 0x55beb6f3e3b6 <unknown>\n#18 0x7fdb51c9ca94 <unknown>\n#19 0x7fdb51d29c3c <unknown>","statusTrace":"self = <US_55-tassobaccato_ReTestsManual_test.TestManualDetectedBugs object at 0x7f9bde4d1610>\nworker_id = 'master'\nd = <selenium.webdriver.chrome.webdriver.WebDriver (session=\"cad1022c25383f8e69c0ada96dd296a2\")>\ncur_language = '', cur_country = 'au', cur_role = 'NoReg'\ncur_login = 'test001.miketar+1@gmail.com', cur_password = 'Qwer1234-!@#$'\n\n    @allure.step('Start retest manual AT_55!514 The page with text \"Page Not Found ... doesnt exist or has been moved\" is displayed')\n    @pytest.mark.parametrize('cur_language', [''])\n    @pytest.mark.parametrize('cur_country', ['au'])\n    @pytest.mark.parametrize('cur_role', [\"NoReg\", \"Auth\", \"NoAuth\"])\n    @pytest.mark.bug_514\n    def test_514(self, worker_id, d, cur_language, cur_country, cur_role, cur_login, cur_password):\n        \"\"\"\n        Check: Menu section [Markets] > Menu item [Market analysis] > Article \"Solana price prediction: Can SOL\n                rebound?\" > Click on the [Could Solana become a Cardano side-chain?] item in the \"Table of Contents\" >\n                Click on the [announced] link in the text\n        Language: EN\n        License: ASIC\n        Author: Kasila\n        \"\"\"\n    \n        bid = build_dynamic_arg_for_us_55(\n            d, worker_id, cur_language, cur_country, cur_role,\n            \"55\", \"ReTests of Manual Detected Bugs\",\n            \"514\", 'The page with text \"Page Not Found ... doesnt exist or has been moved\" is opened '\n                   'after clicking on [announced] link in the article \"Solana price prediction: Can SOL rebound?\" when '\n                   'selected ASIC license'\n        )\n    \n        link = apply_preconditions_to_link(d, cur_language, cur_country, cur_role, cur_login, cur_password)\n        menu = from_markets_menu_open_market_analysis.MenuNew(d, link)\n        cur_item_link = menu.from_markets_menu_open_market_analysis(d, cur_language, cur_country, link)\n    \n        test_element = AnnouncedLink(d, cur_item_link, bid)\n        test_element.announced_link(d, cur_item_link, link)\n        test_element.element_click()\n>       test_element.assert_()\n\ntests/US_55_ReTestsManual/tassobaccato/US_55-tassobaccato_ReTestsManual_test.py:735: \n_ _ _ _ _ _ _ _ _ _ _ _ _ _ _ _ _ _ _ _ _ _ _ _ _ _ _ _ _ _ _ _ _ _ _ _ _ _ _ _ \npages/BugsManual/bug_514.py:99: in assert_\n    main_frame_error = self.driver.find_element(By.CSS_SELECTOR, 'div#main-frame-error')\n../../../.cache/pypoetry/virtualenvs/testcapitalcompyse-CcJ6hTD8-py3.12/lib/python3.12/site-packages/selenium/webdriver/remote/webdriver.py:766: in find_element\n    return self.execute(Command.FIND_ELEMENT, {\"using\": by, \"value\": value})[\"value\"]\n../../../.cache/pypoetry/virtualenvs/testcapitalcompyse-CcJ6hTD8-py3.12/lib/python3.12/site-packages/selenium/webdriver/remote/webdriver.py:380: in execute\n    self.error_handler.check_response(response)\n_ _ _ _ _ _ _ _ _ _ _ _ _ _ _ _ _ _ _ _ _ _ _ _ _ _ _ _ _ _ _ _ _ _ _ _ _ _ _ _ \n\nself = <selenium.webdriver.remote.errorhandler.ErrorHandler object at 0x7f9bded8d220>\nresponse = {'status': 404, 'value': '{\"value\":{\"error\":\"no such element\",\"message\":\"no such element: Unable to locate element: {\\...\\\\n#17 0x55beb6f3e3b6 \\\\u003Cunknown>\\\\n#18 0x7fdb51c9ca94 \\\\u003Cunknown>\\\\n#19 0x7fdb51d29c3c \\\\u003Cunknown>\\\\n\"}}'}\n\n    def check_response(self, response: Dict[str, Any]) -> None:\n        \"\"\"Checks that a JSON response from the WebDriver does not have an\n        error.\n    \n        :Args:\n         - response - The JSON response from the WebDriver server as a dictionary\n           object.\n    \n        :Raises: If the response contains an error message.\n        \"\"\"\n        status = response.get(\"status\", None)\n        if not status or status == ErrorCode.SUCCESS:\n            return\n        value = None\n        message = response.get(\"message\", \"\")\n        screen: str = response.get(\"screen\", \"\")\n        stacktrace = None\n        if isinstance(status, int):\n            value_json = response.get(\"value\", None)\n            if value_json and isinstance(value_json, str):\n                import json\n    \n                try:\n                    value = json.loads(value_json)\n                    if len(value) == 1:\n                        value = value[\"value\"]\n                    status = value.get(\"error\", None)\n                    if not status:\n                        status = value.get(\"status\", ErrorCode.UNKNOWN_ERROR)\n                        message = value.get(\"value\") or value.get(\"message\")\n                        if not isinstance(message, str):\n                            value = message\n                            message = message.get(\"message\")\n                    else:\n                        message = value.get(\"message\", None)\n                except ValueError:\n                    pass\n    \n        exception_class: Type[WebDriverException]\n        e = ErrorCode()\n        error_codes = [item for item in dir(e) if not item.startswith(\"__\")]\n        for error_code in error_codes:\n            error_info = getattr(ErrorCode, error_code)\n            if isinstance(error_info, list) and status in error_info:\n                exception_class = getattr(ExceptionMapping, error_code, WebDriverException)\n                break\n        else:\n            exception_class = WebDriverException\n    \n        if not value:\n            value = response[\"value\"]\n        if isinstance(value, str):\n            raise exception_class(value)\n        if message == \"\" and \"message\" in value:\n            message = value[\"message\"]\n    \n        screen = None  # type: ignore[assignment]\n        if \"screen\" in value:\n            screen = value[\"screen\"]\n    \n        stacktrace = None\n        st_value = value.get(\"stackTrace\") or value.get(\"stacktrace\")\n        if st_value:\n            if isinstance(st_value, str):\n                stacktrace = st_value.split(\"\\n\")\n            else:\n                stacktrace = []\n                try:\n                    for frame in st_value:\n                        line = frame.get(\"lineNumber\", \"\")\n                        file = frame.get(\"fileName\", \"<anonymous>\")\n                        if line:\n                            file = f\"{file}:{line}\"\n                        meth = frame.get(\"methodName\", \"<anonymous>\")\n                        if \"className\" in frame:\n                            meth = f\"{frame['className']}.{meth}\"\n                        msg = \"    at %s (%s)\"\n                        msg = msg % (meth, file)\n                        stacktrace.append(msg)\n                except TypeError:\n                    pass\n        if exception_class == UnexpectedAlertPresentException:\n            alert_text = None\n            if \"data\" in value:\n                alert_text = value[\"data\"].get(\"text\")\n            elif \"alert\" in value:\n                alert_text = value[\"alert\"].get(\"text\")\n            raise exception_class(message, screen, stacktrace, alert_text)  # type: ignore[call-arg]  # mypy is not smart enough here\n>       raise exception_class(message, screen, stacktrace)\nE       selenium.common.exceptions.NoSuchElementException: Message: no such element: Unable to locate element: {\"method\":\"css selector\",\"selector\":\"div#main-frame-error\"}\nE         (Session info: chrome=132.0.6834.110); For documentation on this error, please visit: https://www.selenium.dev/documentation/webdriver/troubleshooting/errors#no-such-element-exception\nE       Stacktrace:\nE       #0 0x55beb6f3f53a <unknown>\nE       #1 0x55beb6a3af00 <unknown>\nE       #2 0x55beb6a8ac0c <unknown>\nE       #3 0x55beb6a8ae31 <unknown>\nE       #4 0x55beb6ad0bd4 <unknown>\nE       #5 0x55beb6aaf5cd <unknown>\nE       #6 0x55beb6acdf84 <unknown>\nE       #7 0x55beb6aaf343 <unknown>\nE       #8 0x55beb6a7c78a <unknown>\nE       #9 0x55beb6a7d9de <unknown>\nE       #10 0x55beb6f092cb <unknown>\nE       #11 0x55beb6f0d242 <unknown>\nE       #12 0x55beb6ef67ac <unknown>\nE       #13 0x55beb6f0ddf7 <unknown>\nE       #14 0x55beb6edab2f <unknown>\nE       #15 0x55beb6f2e1a8 <unknown>\nE       #16 0x55beb6f2e370 <unknown>\nE       #17 0x55beb6f3e3b6 <unknown>\nE       #18 0x7fdb51c9ca94 <unknown>\nE       #19 0x7fdb51d29c3c <unknown>\n\n../../../.cache/pypoetry/virtualenvs/testcapitalcompyse-CcJ6hTD8-py3.12/lib/python3.12/site-packages/selenium/webdriver/remote/errorhandler.py:229: NoSuchElementException","steps":[{"name":"Start retest manual AT_55!514 The page with text \"Page Not Found ... doesnt exist or has been moved\" is displayed","time":{"start":1738201196125,"stop":1738201261292,"duration":65167},"status":"broken","statusMessage":"selenium.common.exceptions.NoSuchElementException: Message: no such element: Unable to locate element: {\"method\":\"css selector\",\"selector\":\"div#main-frame-error\"}\n  (Session info: chrome=132.0.6834.110); For documentation on this error, please visit: https://www.selenium.dev/documentation/webdriver/troubleshooting/errors#no-such-element-exception\nStacktrace:\n#0 0x55beb6f3f53a <unknown>\n#1 0x55beb6a3af00 <unknown>\n#2 0x55beb6a8ac0c <unknown>\n#3 0x55beb6a8ae31 <unknown>\n#4 0x55beb6ad0bd4 <unknown>\n#5 0x55beb6aaf5cd <unknown>\n#6 0x55beb6acdf84 <unknown>\n#7 0x55beb6aaf343 <unknown>\n#8 0x55beb6a7c78a <unknown>\n#9 0x55beb6a7d9de <unknown>\n#10 0x55beb6f092cb <unknown>\n#11 0x55beb6f0d242 <unknown>\n#12 0x55beb6ef67ac <unknown>\n#13 0x55beb6f0ddf7 <unknown>\n#14 0x55beb6edab2f <unknown>\n#15 0x55beb6f2e1a8 <unknown>\n#16 0x55beb6f2e370 <unknown>\n#17 0x55beb6f3e3b6 <unknown>\n#18 0x7fdb51c9ca94 <unknown>\n#19 0x7fdb51d29c3c <unknown>\n\n","statusTrace":"  File \"/home/runner/.cache/pypoetry/virtualenvs/testcapitalcompyse-CcJ6hTD8-py3.12/lib/python3.12/site-packages/allure_commons/_allure.py\", line 192, in impl\n    return func(*a, **kw)\n           ^^^^^^^^^^^^^^\n  File \"/home/runner/work/TestCapitalComPySe/TestCapitalComPySe/tests/US_55_ReTestsManual/tassobaccato/US_55-tassobaccato_ReTestsManual_test.py\", line 735, in test_514\n    test_element.assert_()\n  File \"/home/runner/.cache/pypoetry/virtualenvs/testcapitalcompyse-CcJ6hTD8-py3.12/lib/python3.12/site-packages/allure_commons/_allure.py\", line 192, in impl\n    return func(*a, **kw)\n           ^^^^^^^^^^^^^^\n  File \"/home/runner/work/TestCapitalComPySe/TestCapitalComPySe/pages/BugsManual/bug_514.py\", line 99, in assert_\n    main_frame_error = self.driver.find_element(By.CSS_SELECTOR, 'div#main-frame-error')\n                       ^^^^^^^^^^^^^^^^^^^^^^^^^^^^^^^^^^^^^^^^^^^^^^^^^^^^^^^^^^^^^^^^^\n  File \"/home/runner/.cache/pypoetry/virtualenvs/testcapitalcompyse-CcJ6hTD8-py3.12/lib/python3.12/site-packages/selenium/webdriver/remote/webdriver.py\", line 766, in find_element\n    return self.execute(Command.FIND_ELEMENT, {\"using\": by, \"value\": value})[\"value\"]\n           ^^^^^^^^^^^^^^^^^^^^^^^^^^^^^^^^^^^^^^^^^^^^^^^^^^^^^^^^^^^^^^^^^\n  File \"/home/runner/.cache/pypoetry/virtualenvs/testcapitalcompyse-CcJ6hTD8-py3.12/lib/python3.12/site-packages/selenium/webdriver/remote/webdriver.py\", line 380, in execute\n    self.error_handler.check_response(response)\n  File \"/home/runner/.cache/pypoetry/virtualenvs/testcapitalcompyse-CcJ6hTD8-py3.12/lib/python3.12/site-packages/selenium/webdriver/remote/errorhandler.py\", line 229, in check_response\n    raise exception_class(message, screen, stacktrace)\n","steps":[{"name":"Build dynamic argument for TCs of US_55","time":{"start":1738201196125,"stop":1738201196126,"duration":1},"status":"passed","steps":[],"attachments":[],"parameters":[{"name":"d","value":"<selenium.webdriver.chrome.webdriver.WebDriver (session=\"cad1022c25383f8e69c0ada96dd296a2\")>"},{"name":"worker_id","value":"'master'"},{"name":"cur_language","value":"''"},{"name":"cur_country","value":"'au'"},{"name":"cur_role","value":"'NoReg'"},{"name":"us","value":"'55'"},{"name":"desc_us","value":"'ReTests of Manual Detected Bugs'"},{"name":"num_tc","value":"'514'"},{"name":"desc_tc","value":"'The page with text \"Page Not Found ... doesnt exist or has been moved\" is opened after clicking on [announced] link in the article \"Solana price prediction: Can SOL rebound?\" when selected ASIC license'"},{"name":"manual","value":"False"},{"name":"new_layout","value":"False"}],"shouldDisplayMessage":false,"stepsCount":0,"attachmentsCount":0,"hasContent":true,"attachmentStep":false},{"name":"   Set New preconditions","time":{"start":1738201196126,"stop":1738201205740,"duration":9614},"status":"passed","steps":[{"name":"2025-01-30 01:03:42.907136   Set language and country","time":{"start":1738201203394,"stop":1738201205735,"duration":2341},"status":"passed","steps":[],"attachments":[],"parameters":[{"name":"d","value":"<selenium.webdriver.chrome.webdriver.WebDriver (session=\"cad1022c25383f8e69c0ada96dd296a2\")>"},{"name":"cur_language","value":"'en'"},{"name":"cur_country","value":"'au'"}],"shouldDisplayMessage":false,"stepsCount":0,"attachmentsCount":0,"hasContent":true,"attachmentStep":false}],"attachments":[],"parameters":[{"name":"d","value":"<selenium.webdriver.chrome.webdriver.WebDriver (session=\"cad1022c25383f8e69c0ada96dd296a2\")>"},{"name":"host","value":"'https://capital.com/en-gb'"},{"name":"end_point","value":"''"},{"name":"cur_language","value":"''"},{"name":"cur_country","value":"'au'"},{"name":"cur_role","value":"'NoReg'"},{"name":"cur_login","value":"'test001.miketar+1@gmail.com'"},{"name":"cur_password","value":"'Qwer1234-!@#$'"}],"shouldDisplayMessage":false,"stepsCount":1,"attachmentsCount":0,"hasContent":true,"attachmentStep":false},{"name":"Select \"Markets\" menu, \"Market analysis\" submenu","time":{"start":1738201205740,"stop":1738201214153,"duration":8413},"status":"passed","steps":[],"attachments":[],"parameters":[{"name":"d","value":"<selenium.webdriver.chrome.webdriver.WebDriver (session=\"cad1022c25383f8e69c0ada96dd296a2\")>"},{"name":"cur_language","value":"''"},{"name":"cur_country","value":"'au'"},{"name":"link","value":"'https://capital.com/en-au'"}],"shouldDisplayMessage":false,"stepsCount":0,"attachmentsCount":0,"hasContent":true,"attachmentStep":false},{"name":"2025-01-30 01:03:42.756899   Start testing that the page with 'Maple crypto-lending' content is opened‚Äù","time":{"start":1738201214153,"stop":1738201255865,"duration":41712},"status":"passed","steps":[],"attachments":[],"parameters":[{"name":"d","value":"<selenium.webdriver.chrome.webdriver.WebDriver (session=\"cad1022c25383f8e69c0ada96dd296a2\")>"},{"name":"cur_item_link","value":"'https://capital.com/en-au/analysis'"},{"name":"cur_link","value":"'https://capital.com/en-au'"}],"shouldDisplayMessage":false,"stepsCount":0,"attachmentsCount":0,"hasContent":true,"attachmentStep":false},{"name":"2025-01-30 01:03:42.756924   Assert","time":{"start":1738201256070,"stop":1738201261292,"duration":5222},"status":"broken","statusMessage":"selenium.common.exceptions.NoSuchElementException: Message: no such element: Unable to locate element: {\"method\":\"css selector\",\"selector\":\"div#main-frame-error\"}\n  (Session info: chrome=132.0.6834.110); For documentation on this error, please visit: https://www.selenium.dev/documentation/webdriver/troubleshooting/errors#no-such-element-exception\nStacktrace:\n#0 0x55beb6f3f53a <unknown>\n#1 0x55beb6a3af00 <unknown>\n#2 0x55beb6a8ac0c <unknown>\n#3 0x55beb6a8ae31 <unknown>\n#4 0x55beb6ad0bd4 <unknown>\n#5 0x55beb6aaf5cd <unknown>\n#6 0x55beb6acdf84 <unknown>\n#7 0x55beb6aaf343 <unknown>\n#8 0x55beb6a7c78a <unknown>\n#9 0x55beb6a7d9de <unknown>\n#10 0x55beb6f092cb <unknown>\n#11 0x55beb6f0d242 <unknown>\n#12 0x55beb6ef67ac <unknown>\n#13 0x55beb6f0ddf7 <unknown>\n#14 0x55beb6edab2f <unknown>\n#15 0x55beb6f2e1a8 <unknown>\n#16 0x55beb6f2e370 <unknown>\n#17 0x55beb6f3e3b6 <unknown>\n#18 0x7fdb51c9ca94 <unknown>\n#19 0x7fdb51d29c3c <unknown>\n\n","statusTrace":"  File \"/home/runner/.cache/pypoetry/virtualenvs/testcapitalcompyse-CcJ6hTD8-py3.12/lib/python3.12/site-packages/allure_commons/_allure.py\", line 192, in impl\n    return func(*a, **kw)\n           ^^^^^^^^^^^^^^\n  File \"/home/runner/work/TestCapitalComPySe/TestCapitalComPySe/pages/BugsManual/bug_514.py\", line 99, in assert_\n    main_frame_error = self.driver.find_element(By.CSS_SELECTOR, 'div#main-frame-error')\n                       ^^^^^^^^^^^^^^^^^^^^^^^^^^^^^^^^^^^^^^^^^^^^^^^^^^^^^^^^^^^^^^^^^\n  File \"/home/runner/.cache/pypoetry/virtualenvs/testcapitalcompyse-CcJ6hTD8-py3.12/lib/python3.12/site-packages/selenium/webdriver/remote/webdriver.py\", line 766, in find_element\n    return self.execute(Command.FIND_ELEMENT, {\"using\": by, \"value\": value})[\"value\"]\n           ^^^^^^^^^^^^^^^^^^^^^^^^^^^^^^^^^^^^^^^^^^^^^^^^^^^^^^^^^^^^^^^^^\n  File \"/home/runner/.cache/pypoetry/virtualenvs/testcapitalcompyse-CcJ6hTD8-py3.12/lib/python3.12/site-packages/selenium/webdriver/remote/webdriver.py\", line 380, in execute\n    self.error_handler.check_response(response)\n  File \"/home/runner/.cache/pypoetry/virtualenvs/testcapitalcompyse-CcJ6hTD8-py3.12/lib/python3.12/site-packages/selenium/webdriver/remote/errorhandler.py\", line 229, in check_response\n    raise exception_class(message, screen, stacktrace)\n","steps":[],"attachments":[{"uid":"9cde6b2554c781d6","name":"scr_qr","source":"9cde6b2554c781d6.png","type":"image/png","size":87481}],"parameters":[],"shouldDisplayMessage":true,"stepsCount":0,"attachmentsCount":1,"hasContent":true,"attachmentStep":false}],"attachments":[],"parameters":[{"name":"worker_id","value":"'master'"},{"name":"d","value":"<selenium.webdriver.chrome.webdriver.WebDriver (session=\"cad1022c25383f8e69c0ada96dd296a2\")>"},{"name":"cur_language","value":"''"},{"name":"cur_country","value":"'au'"},{"name":"cur_role","value":"'NoReg'"},{"name":"cur_login","value":"'test001.miketar+1@gmail.com'"},{"name":"cur_password","value":"'Qwer1234-!@#$'"}],"shouldDisplayMessage":false,"stepsCount":6,"attachmentsCount":1,"hasContent":true,"attachmentStep":false}],"attachments":[{"uid":"b9866c98907dcb97","name":"Screenshot","source":"b9866c98907dcb97.png","type":"image/png","size":87481},{"uid":"2cb12443877d9c87","name":"stdout","source":"2cb12443877d9c87.txt","type":"text/plain","size":5145}],"parameters":[],"shouldDisplayMessage":true,"stepsCount":7,"attachmentsCount":3,"hasContent":true,"attachmentStep":false},"afterStages":[{"name":"d::0","time":{"start":1738202350733,"stop":1738202351214,"duration":481},"status":"passed","steps":[],"attachments":[],"parameters":[],"shouldDisplayMessage":false,"stepsCount":0,"attachmentsCount":0,"hasContent":false,"attachmentStep":false}],"labels":[{"name":"epic","value":"TC_55!514 | The page with text \"Page Not Found ... doesnt exist or has been moved\" is opened after clicking on [announced] link in the article \"Solana price prediction: Can SOL rebound?\" when selected ASIC license"},{"name":"feature","value":"Role: NoReg"},{"name":"story","value":"Country: au"},{"name":"tag","value":"bug_514"},{"name":"tag","value":"us_55"},{"name":"parentSuite","value":"tests.US_55_ReTestsManual.tassobaccato"},{"name":"suite","value":"US_55-tassobaccato_ReTestsManual_test"},{"name":"subSuite","value":"TestManualDetectedBugs"},{"name":"host","value":"fv-az1939-240"},{"name":"thread","value":"26742-MainThread"},{"name":"framework","value":"pytest"},{"name":"language","value":"cpython3"},{"name":"package","value":"tests.US_55_ReTestsManual.tassobaccato.US_55-tassobaccato_ReTestsManual_test"},{"name":"resultFormat","value":"allure2"}],"parameters":[{"name":"cur_country","value":"'au'"},{"name":"cur_language","value":"''"},{"name":"cur_login","value":"'test001.miketar+1@gmail.com'"},{"name":"cur_password","value":"'Qwer1234-!@#$'"},{"name":"cur_role","value":"'NoReg'"},{"name":"d","value":"'Chrome'"}],"links":[],"hidden":false,"retry":false,"extra":{"severity":"normal","retries":[],"categories":[{"name":"Test defects","matchedStatuses":[],"flaky":false}],"history":{"statistic":{"failed":1,"broken":6,"skipped":21,"passed":30,"unknown":0,"total":58},"items":[{"uid":"90685185afb01842","reportUrl":"https://AlexTomAQA.github.io/TestCapitalComPySe/303//#testresult/90685185afb01842","status":"broken","statusDetails":"selenium.common.exceptions.NoSuchElementException: Message: no such element: Unable to locate element: {\"method\":\"css selector\",\"selector\":\"div#main-frame-error\"}\n  (Session info: chrome=132.0.6834.83); For documentation on this error, please visit: https://www.selenium.dev/documentation/webdriver/troubleshooting/errors#no-such-element-exception\nStacktrace:\n#0 0x562820cae53a <unknown>\n#1 0x5628207a9f00 <unknown>\n#2 0x5628207f9c0c <unknown>\n#3 0x5628207f9e31 <unknown>\n#4 0x56282083fbd4 <unknown>\n#5 0x56282081e5cd <unknown>\n#6 0x56282083cf84 <unknown>\n#7 0x56282081e343 <unknown>\n#8 0x5628207eb78a <unknown>\n#9 0x5628207ec9de <unknown>\n#10 0x562820c782cb <unknown>\n#11 0x562820c7c242 <unknown>\n#12 0x562820c657ac <unknown>\n#13 0x562820c7cdf7 <unknown>\n#14 0x562820c49b2f <unknown>\n#15 0x562820c9d1a8 <unknown>\n#16 0x562820c9d370 <unknown>\n#17 0x562820cad3b6 <unknown>\n#18 0x7f8b9629ca94 <unknown>\n#19 0x7f8b96329c3c <unknown>","time":{"start":1738114814188,"stop":1738114880568,"duration":66380}},{"uid":"525c9ad56d0baa79","reportUrl":"https://AlexTomAQA.github.io/TestCapitalComPySe/302//#testresult/525c9ad56d0baa79","status":"broken","statusDetails":"selenium.common.exceptions.NoSuchElementException: Message: no such element: Unable to locate element: {\"method\":\"css selector\",\"selector\":\"div#main-frame-error\"}\n  (Session info: chrome=132.0.6834.83); For documentation on this error, please visit: https://www.selenium.dev/documentation/webdriver/troubleshooting/errors#no-such-element-exception\nStacktrace:\n#0 0x557570f6adca <unknown>\n#1 0x557570a613f0 <unknown>\n#2 0x557570ab110c <unknown>\n#3 0x557570ab1331 <unknown>\n#4 0x557570af7154 <unknown>\n#5 0x557570ad5abd <unknown>\n#6 0x557570af44b3 <unknown>\n#7 0x557570ad5833 <unknown>\n#8 0x557570aa25a0 <unknown>\n#9 0x557570aa3ece <unknown>\n#10 0x557570f34bdb <unknown>\n#11 0x557570f38b67 <unknown>\n#12 0x557570f203bc <unknown>\n#13 0x557570f39727 <unknown>\n#14 0x557570f0474f <unknown>\n#15 0x557570f59938 <unknown>\n#16 0x557570f59b00 <unknown>\n#17 0x557570f69c46 <unknown>\n#18 0x7fae7049ca94 <unknown>\n#19 0x7fae70529c3c <unknown>","time":{"start":1738027532271,"stop":1738027595521,"duration":63250}},{"uid":"471223b4ae1a1f8f","reportUrl":"https://AlexTomAQA.github.io/TestCapitalComPySe/301//#testresult/471223b4ae1a1f8f","status":"broken","statusDetails":"selenium.common.exceptions.NoSuchElementException: Message: no such element: Unable to locate element: {\"method\":\"css selector\",\"selector\":\"div#main-frame-error\"}\n  (Session info: chrome=132.0.6834.83); For documentation on this error, please visit: https://www.selenium.dev/documentation/webdriver/troubleshooting/errors#no-such-element-exception\nStacktrace:\n#0 0x55f73c863dca <unknown>\n#1 0x55f73c35a3f0 <unknown>\n#2 0x55f73c3aa10c <unknown>\n#3 0x55f73c3aa331 <unknown>\n#4 0x55f73c3f0154 <unknown>\n#5 0x55f73c3ceabd <unknown>\n#6 0x55f73c3ed4b3 <unknown>\n#7 0x55f73c3ce833 <unknown>\n#8 0x55f73c39b5a0 <unknown>\n#9 0x55f73c39cece <unknown>\n#10 0x55f73c82dbdb <unknown>\n#11 0x55f73c831b67 <unknown>\n#12 0x55f73c8193bc <unknown>\n#13 0x55f73c832727 <unknown>\n#14 0x55f73c7fd74f <unknown>\n#15 0x55f73c852938 <unknown>\n#16 0x55f73c852b00 <unknown>\n#17 0x55f73c862c46 <unknown>\n#18 0x7f91e249ca94 <unknown>\n#19 0x7f91e2529c3c <unknown>","time":{"start":1737941724218,"stop":1737941790071,"duration":65853}},{"uid":"e80572c678dba7f2","reportUrl":"https://AlexTomAQA.github.io/TestCapitalComPySe/300//#testresult/e80572c678dba7f2","status":"passed","time":{"start":1737855986775,"stop":1737856047476,"duration":60701}},{"uid":"ba440534d2b36f05","reportUrl":"https://AlexTomAQA.github.io/TestCapitalComPySe/299//#testresult/ba440534d2b36f05","status":"broken","statusDetails":"selenium.common.exceptions.NoSuchElementException: Message: no such element: Unable to locate element: {\"method\":\"link text\",\"selector\":\"4\"}\n  (Session info: chrome=132.0.6834.83); For documentation on this error, please visit: https://www.selenium.dev/documentation/webdriver/troubleshooting/errors#no-such-element-exception\nStacktrace:\n#0 0x55a27c44bdca <unknown>\n#1 0x55a27bf423f0 <unknown>\n#2 0x55a27bf9210c <unknown>\n#3 0x55a27bf92331 <unknown>\n#4 0x55a27bfd8154 <unknown>\n#5 0x55a27bfb6abd <unknown>\n#6 0x55a27bfd54b3 <unknown>\n#7 0x55a27bfb6833 <unknown>\n#8 0x55a27bf835a0 <unknown>\n#9 0x55a27bf84ece <unknown>\n#10 0x55a27c415bdb <unknown>\n#11 0x55a27c419b67 <unknown>\n#12 0x55a27c4013bc <unknown>\n#13 0x55a27c41a727 <unknown>\n#14 0x55a27c3e574f <unknown>\n#15 0x55a27c43a938 <unknown>\n#16 0x55a27c43ab00 <unknown>\n#17 0x55a27c44ac46 <unknown>\n#18 0x7f786089ca94 <unknown>\n#19 0x7f7860929c3c <unknown>","time":{"start":1737768666319,"stop":1737768704340,"duration":38021}},{"uid":"119bc031c1694d99","reportUrl":"https://AlexTomAQA.github.io/TestCapitalComPySe/298//#testresult/119bc031c1694d99","status":"passed","time":{"start":1737683521462,"stop":1737683582014,"duration":60552}},{"uid":"bacc6924aad3b99d","reportUrl":"https://AlexTomAQA.github.io/TestCapitalComPySe/297//#testresult/bacc6924aad3b99d","status":"passed","time":{"start":1737596436277,"stop":1737596491742,"duration":55465}},{"uid":"795324f9fef45f59","reportUrl":"https://AlexTomAQA.github.io/TestCapitalComPySe/296//#testresult/795324f9fef45f59","status":"passed","time":{"start":1737510784113,"stop":1737510840208,"duration":56095}},{"uid":"1377597abe2a8e4a","reportUrl":"https://AlexTomAQA.github.io/TestCapitalComPySe/295//#testresult/1377597abe2a8e4a","status":"passed","time":{"start":1737423066316,"stop":1737423121455,"duration":55139}},{"uid":"150f57dc5969b178","reportUrl":"https://AlexTomAQA.github.io/TestCapitalComPySe/294//#testresult/150f57dc5969b178","status":"passed","time":{"start":1737337461786,"stop":1737337517256,"duration":55470}},{"uid":"daffd1c98964a4c3","reportUrl":"https://AlexTomAQA.github.io/TestCapitalComPySe/293//#testresult/daffd1c98964a4c3","status":"passed","time":{"start":1737250495575,"stop":1737250550579,"duration":55004}},{"uid":"3f96609cd9e04fb7","reportUrl":"https://AlexTomAQA.github.io/TestCapitalComPySe/292//#testresult/3f96609cd9e04fb7","status":"passed","time":{"start":1737164792889,"stop":1737164848627,"duration":55738}},{"uid":"29ec6cd6b2871738","reportUrl":"https://AlexTomAQA.github.io/TestCapitalComPySe/291//#testresult/29ec6cd6b2871738","status":"passed","time":{"start":1737078627254,"stop":1737078682500,"duration":55246}},{"uid":"1e033f22ec16a89b","reportUrl":"https://AlexTomAQA.github.io/TestCapitalComPySe/290//#testresult/1e033f22ec16a89b","status":"passed","time":{"start":1736991186232,"stop":1736991241522,"duration":55290}},{"uid":"ad916589e8667137","reportUrl":"https://AlexTomAQA.github.io/TestCapitalComPySe/289//#testresult/ad916589e8667137","status":"passed","time":{"start":1736904134352,"stop":1736904189977,"duration":55625}},{"uid":"874b2c5d4ca9169f","reportUrl":"https://AlexTomAQA.github.io/TestCapitalComPySe/288//#testresult/874b2c5d4ca9169f","status":"failed","statusDetails":"AssertionError: Button [Accept all cookies] is not visible after 30 sec.","time":{"start":1736816151279,"stop":1736816186425,"duration":35146}},{"uid":"4809c953c7d96552","reportUrl":"https://AlexTomAQA.github.io/TestCapitalComPySe/287//#testresult/4809c953c7d96552","status":"passed","time":{"start":1736732412053,"stop":1736732461968,"duration":49915}},{"uid":"dabd620b59a94ace","reportUrl":"https://AlexTomAQA.github.io/TestCapitalComPySe/286//#testresult/dabd620b59a94ace","status":"passed","time":{"start":1736645053455,"stop":1736645103984,"duration":50529}},{"uid":"b0af9acb96388f44","reportUrl":"https://AlexTomAQA.github.io/TestCapitalComPySe/285//#testresult/b0af9acb96388f44","status":"passed","time":{"start":1736558344327,"stop":1736558394583,"duration":50256}},{"uid":"a4e9ef9bfcbce036","reportUrl":"https://AlexTomAQA.github.io/TestCapitalComPySe/284//#testresult/a4e9ef9bfcbce036","status":"passed","time":{"start":1736471996331,"stop":1736472046898,"duration":50567}}]},"tags":["us_55","bug_514"]},"source":"7c622c4cb5c63a91.json","parameterValues":["'au'","''","'test001.miketar+1@gmail.com'","'Qwer1234-!@#$'","'NoReg'","'Chrome'"]}