{"uid":"d3381267be2e4933","name":"TC_00.00_008 | Start test of button [Download on the App Store] in 'Our Apps' block. Bid:00.00_008-fr.ae.NoAuth","fullName":"tests.US_00_Main_page.US_00-00_Main_page.us_00-00_main_page_test.TestMainPage#test_008_download_on_the_app_store_button_in_our_apps_block","historyId":"a0d1a43ac62f8424a158283dc0aad88a","time":{"start":1715977210292,"stop":1715977212882,"duration":2590},"description":"\n        Check: Button [Download on the App Store] in 'Our Apps' block\n        Language: ALL. License: Not FCA.\n        ","descriptionHtml":"<pre><code>    Check: Button [Download on the App Store] in 'Our Apps' block\n    Language: ALL. License: Not FCA.\n</code></pre>\n","status":"failed","statusMessage":"AssertionError","statusTrace":"self = <us_00-00_main_page_test.TestMainPage object at 0x000001E885785130>\nworker_id = 'master'\nd = <selenium.webdriver.chrome.webdriver.WebDriver (session=\"9c154291e1628088f415ce472d271978\")>\ncur_language = 'fr', cur_country = 'ae', cur_role = 'NoAuth'\ncur_login = 'test001.miketar+1@gmail.com', cur_password = 'Qwer1234-!@#$'\n\n    @allure.step(\"Start test of button [Download on the App Store] in 'Our Apps' block\")\n    @pytest.mark.test_008\n    def test_008_download_on_the_app_store_button_in_our_apps_block(\n            self, worker_id, d, cur_language, cur_country, cur_role, cur_login, cur_password):\n        \"\"\"\n        Check: Button [Download on the App Store] in 'Our Apps' block\n        Language: ALL. License: Not FCA.\n        \"\"\"\n    \n        bid = build_dynamic_arg_v4(\n            d, worker_id, cur_language, cur_country, cur_role,\n            \"00\", \"Main Page\",\n            \".00_008\",\n            \"Start test of button [Download on the App Store] in 'Our Apps' block\",\n            False, False\n        )\n    \n        Common().check_country_in_list_and_skip_if_not_present(\n            cur_country,\n            ['de', 'au', 'ae']\n        )\n    \n        page_conditions = Conditions(d, \"\")\n        main_page_link = page_conditions.preconditions(\n            d, CapitalComPageSrc.URL, \"\", cur_language, cur_country, cur_role, cur_login, cur_password)\n    \n        test_element = OurAppsBlockDownloadOnTheAppStoreButton(d, main_page_link, bid)\n>       test_element.full_test(d, cur_language, cur_country, cur_role, main_page_link)\n\ntests\\US_00_Main_page\\US_00-00_Main_page\\us_00-00_main_page_test.py:477: \n_ _ _ _ _ _ _ _ _ _ _ _ _ _ _ _ _ _ _ _ _ _ _ _ _ _ _ _ _ _ _ _ _ _ _ _ _ _ _ _\npages\\Elements\\OurAppsBlockDownloadOnTheAppStoreButton.py:38: in full_test\n    test_element.assert_app_store(d, cur_item_link)\npages\\Elements\\AssertClass.py:197: in assert_app_store\n    self.page_app_store.should_be_app_store_page(cur_link)\npages\\AppStore\\app_store.py:23: in should_be_app_store_page\n    self.should_be_app_store_specifies_provider(data[\"PROVIDER\"])\n_ _ _ _ _ _ _ _ _ _ _ _ _ _ _ _ _ _ _ _ _ _ _ _ _ _ _ _ _ _ _ _ _ _ _ _ _ _ _ _\n\nself = <pages.AppStore.app_store.AppStore object at 0x000001E88589FD10>\nprovider = 'Capital Com SV Investments Limited'\n\n    @allure.step(\"Checking that the App Store specifies provider\")\n    def should_be_app_store_specifies_provider(self, provider):\n        \"\"\"Check if the specifies provider\"\"\"\n        print(f\"{datetime.now()}   Checking that the App Store specifies provider\")\n>       assert self.get_text(0, *AppStoreLocators.PROVIDER) == provider\nE       AssertionError\n\npages\\AppStore\\app_store.py:64: AssertionError","flaky":false,"newFailed":false,"newBroken":false,"newPassed":false,"retriesCount":0,"retriesStatusChange":false,"beforeStages":[{"name":"d","time":{"start":1715977015452,"stop":1715977025666,"duration":10214},"status":"passed","steps":[],"attachments":[],"parameters":[],"shouldDisplayMessage":false,"stepsCount":0,"attachmentsCount":0,"hasContent":false,"attachmentStep":false},{"name":"cur_language","time":{"start":1715977025666,"stop":1715977025666,"duration":0},"status":"passed","steps":[],"attachments":[],"parameters":[],"shouldDisplayMessage":false,"stepsCount":0,"attachmentsCount":0,"hasContent":false,"attachmentStep":false},{"name":"worker_id","time":{"start":1715977025666,"stop":1715977025666,"duration":0},"status":"passed","steps":[],"attachments":[],"parameters":[],"shouldDisplayMessage":false,"stepsCount":0,"attachmentsCount":0,"hasContent":false,"attachmentStep":false},{"name":"cur_login","time":{"start":1715977025667,"stop":1715977025667,"duration":0},"status":"passed","steps":[],"attachments":[],"parameters":[],"shouldDisplayMessage":false,"stepsCount":0,"attachmentsCount":0,"hasContent":false,"attachmentStep":false},{"name":"cur_country","time":{"start":1715977025667,"stop":1715977025667,"duration":0},"status":"passed","steps":[],"attachments":[],"parameters":[],"shouldDisplayMessage":false,"stepsCount":0,"attachmentsCount":0,"hasContent":false,"attachmentStep":false},{"name":"cur_password","time":{"start":1715977025667,"stop":1715977025667,"duration":0},"status":"passed","steps":[],"attachments":[],"parameters":[],"shouldDisplayMessage":false,"stepsCount":0,"attachmentsCount":0,"hasContent":false,"attachmentStep":false},{"name":"cur_role","time":{"start":1715977151961,"stop":1715977151961,"duration":0},"status":"passed","steps":[],"attachments":[],"parameters":[],"shouldDisplayMessage":false,"stepsCount":0,"attachmentsCount":0,"hasContent":false,"attachmentStep":false}],"testStage":{"description":"\n        Check: Button [Download on the App Store] in 'Our Apps' block\n        Language: ALL. License: Not FCA.\n        ","status":"failed","statusMessage":"AssertionError","statusTrace":"self = <us_00-00_main_page_test.TestMainPage object at 0x000001E885785130>\nworker_id = 'master'\nd = <selenium.webdriver.chrome.webdriver.WebDriver (session=\"9c154291e1628088f415ce472d271978\")>\ncur_language = 'fr', cur_country = 'ae', cur_role = 'NoAuth'\ncur_login = 'test001.miketar+1@gmail.com', cur_password = 'Qwer1234-!@#$'\n\n    @allure.step(\"Start test of button [Download on the App Store] in 'Our Apps' block\")\n    @pytest.mark.test_008\n    def test_008_download_on_the_app_store_button_in_our_apps_block(\n            self, worker_id, d, cur_language, cur_country, cur_role, cur_login, cur_password):\n        \"\"\"\n        Check: Button [Download on the App Store] in 'Our Apps' block\n        Language: ALL. License: Not FCA.\n        \"\"\"\n    \n        bid = build_dynamic_arg_v4(\n            d, worker_id, cur_language, cur_country, cur_role,\n            \"00\", \"Main Page\",\n            \".00_008\",\n            \"Start test of button [Download on the App Store] in 'Our Apps' block\",\n            False, False\n        )\n    \n        Common().check_country_in_list_and_skip_if_not_present(\n            cur_country,\n            ['de', 'au', 'ae']\n        )\n    \n        page_conditions = Conditions(d, \"\")\n        main_page_link = page_conditions.preconditions(\n            d, CapitalComPageSrc.URL, \"\", cur_language, cur_country, cur_role, cur_login, cur_password)\n    \n        test_element = OurAppsBlockDownloadOnTheAppStoreButton(d, main_page_link, bid)\n>       test_element.full_test(d, cur_language, cur_country, cur_role, main_page_link)\n\ntests\\US_00_Main_page\\US_00-00_Main_page\\us_00-00_main_page_test.py:477: \n_ _ _ _ _ _ _ _ _ _ _ _ _ _ _ _ _ _ _ _ _ _ _ _ _ _ _ _ _ _ _ _ _ _ _ _ _ _ _ _\npages\\Elements\\OurAppsBlockDownloadOnTheAppStoreButton.py:38: in full_test\n    test_element.assert_app_store(d, cur_item_link)\npages\\Elements\\AssertClass.py:197: in assert_app_store\n    self.page_app_store.should_be_app_store_page(cur_link)\npages\\AppStore\\app_store.py:23: in should_be_app_store_page\n    self.should_be_app_store_specifies_provider(data[\"PROVIDER\"])\n_ _ _ _ _ _ _ _ _ _ _ _ _ _ _ _ _ _ _ _ _ _ _ _ _ _ _ _ _ _ _ _ _ _ _ _ _ _ _ _\n\nself = <pages.AppStore.app_store.AppStore object at 0x000001E88589FD10>\nprovider = 'Capital Com SV Investments Limited'\n\n    @allure.step(\"Checking that the App Store specifies provider\")\n    def should_be_app_store_specifies_provider(self, provider):\n        \"\"\"Check if the specifies provider\"\"\"\n        print(f\"{datetime.now()}   Checking that the App Store specifies provider\")\n>       assert self.get_text(0, *AppStoreLocators.PROVIDER) == provider\nE       AssertionError\n\npages\\AppStore\\app_store.py:64: AssertionError","steps":[{"name":"Start test of button [Download on the App Store] in 'Our Apps' block","time":{"start":1715977210292,"stop":1715977212881,"duration":2589},"status":"failed","statusMessage":"AssertionError\n","statusTrace":"  File \"C:\\Users\\runneradmin\\AppData\\Local\\pypoetry\\Cache\\virtualenvs\\testcapitalcompyse-ahTg7XpD-py3.12\\Lib\\site-packages\\allure_commons\\_allure.py\", line 192, in impl\n    return func(*a, **kw)\n           ^^^^^^^^^^^^^^\n  File \"D:\\a\\TestCapitalComPySe\\TestCapitalComPySe\\tests\\US_00_Main_page\\US_00-00_Main_page\\us_00-00_main_page_test.py\", line 477, in test_008_download_on_the_app_store_button_in_our_apps_block\n    test_element.full_test(d, cur_language, cur_country, cur_role, main_page_link)\n  File \"C:\\Users\\runneradmin\\AppData\\Local\\pypoetry\\Cache\\virtualenvs\\testcapitalcompyse-ahTg7XpD-py3.12\\Lib\\site-packages\\allure_commons\\_allure.py\", line 192, in impl\n    return func(*a, **kw)\n           ^^^^^^^^^^^^^^\n  File \"D:\\a\\TestCapitalComPySe\\TestCapitalComPySe\\pages\\Elements\\OurAppsBlockDownloadOnTheAppStoreButton.py\", line 38, in full_test\n    test_element.assert_app_store(d, cur_item_link)\n  File \"C:\\Users\\runneradmin\\AppData\\Local\\pypoetry\\Cache\\virtualenvs\\testcapitalcompyse-ahTg7XpD-py3.12\\Lib\\site-packages\\allure_commons\\_allure.py\", line 192, in impl\n    return func(*a, **kw)\n           ^^^^^^^^^^^^^^\n  File \"D:\\a\\TestCapitalComPySe\\TestCapitalComPySe\\pages\\Elements\\AssertClass.py\", line 197, in assert_app_store\n    self.page_app_store.should_be_app_store_page(cur_link)\n  File \"C:\\Users\\runneradmin\\AppData\\Local\\pypoetry\\Cache\\virtualenvs\\testcapitalcompyse-ahTg7XpD-py3.12\\Lib\\site-packages\\allure_commons\\_allure.py\", line 192, in impl\n    return func(*a, **kw)\n           ^^^^^^^^^^^^^^\n  File \"D:\\a\\TestCapitalComPySe\\TestCapitalComPySe\\pages\\AppStore\\app_store.py\", line 23, in should_be_app_store_page\n    self.should_be_app_store_specifies_provider(data[\"PROVIDER\"])\n  File \"C:\\Users\\runneradmin\\AppData\\Local\\pypoetry\\Cache\\virtualenvs\\testcapitalcompyse-ahTg7XpD-py3.12\\Lib\\site-packages\\allure_commons\\_allure.py\", line 192, in impl\n    return func(*a, **kw)\n           ^^^^^^^^^^^^^^\n  File \"D:\\a\\TestCapitalComPySe\\TestCapitalComPySe\\pages\\AppStore\\app_store.py\", line 64, in should_be_app_store_specifies_provider\n    assert self.get_text(0, *AppStoreLocators.PROVIDER) == provider\n           ^^^^^^^^^^^^^^^^^^^^^^^^^^^^^^^^^^^^^^^^^^^^^^^^^^^^^^^^\n","steps":[{"name":"Preconditions","time":{"start":1715977210295,"stop":1715977211337,"duration":1042},"status":"passed","steps":[{"name":"2024-05-17 20:16:55.343142   Start Checking Captcha","time":{"start":1715977210313,"stop":1715977211333,"duration":1020},"status":"passed","steps":[],"attachments":[],"parameters":[],"shouldDisplayMessage":false,"stepsCount":0,"attachmentsCount":0,"hasContent":false,"attachmentStep":false}],"attachments":[],"parameters":[{"name":"d","value":"<selenium.webdriver.chrome.webdriver.WebDriver (session=\"9c154291e1628088f415ce472d271978\")>"},{"name":"host","value":"'https://capital.com/'"},{"name":"end_point","value":"''"},{"name":"cur_language","value":"'fr'"},{"name":"cur_country","value":"'ae'"},{"name":"cur_role","value":"'NoAuth'"},{"name":"cur_login","value":"'test001.miketar+1@gmail.com'"},{"name":"cur_password","value":"'Qwer1234-!@#$'"}],"shouldDisplayMessage":false,"stepsCount":1,"attachmentsCount":0,"hasContent":true,"attachmentStep":false},{"name":"2024-05-17 20:16:55.265023   Start Full test for [Download on the App Store] button in \"Our Apps\" block","time":{"start":1715977211337,"stop":1715977212881,"duration":1544},"status":"failed","statusMessage":"AssertionError\n","statusTrace":"  File \"C:\\Users\\runneradmin\\AppData\\Local\\pypoetry\\Cache\\virtualenvs\\testcapitalcompyse-ahTg7XpD-py3.12\\Lib\\site-packages\\allure_commons\\_allure.py\", line 192, in impl\n    return func(*a, **kw)\n           ^^^^^^^^^^^^^^\n  File \"D:\\a\\TestCapitalComPySe\\TestCapitalComPySe\\pages\\Elements\\OurAppsBlockDownloadOnTheAppStoreButton.py\", line 38, in full_test\n    test_element.assert_app_store(d, cur_item_link)\n  File \"C:\\Users\\runneradmin\\AppData\\Local\\pypoetry\\Cache\\virtualenvs\\testcapitalcompyse-ahTg7XpD-py3.12\\Lib\\site-packages\\allure_commons\\_allure.py\", line 192, in impl\n    return func(*a, **kw)\n           ^^^^^^^^^^^^^^\n  File \"D:\\a\\TestCapitalComPySe\\TestCapitalComPySe\\pages\\Elements\\AssertClass.py\", line 197, in assert_app_store\n    self.page_app_store.should_be_app_store_page(cur_link)\n  File \"C:\\Users\\runneradmin\\AppData\\Local\\pypoetry\\Cache\\virtualenvs\\testcapitalcompyse-ahTg7XpD-py3.12\\Lib\\site-packages\\allure_commons\\_allure.py\", line 192, in impl\n    return func(*a, **kw)\n           ^^^^^^^^^^^^^^\n  File \"D:\\a\\TestCapitalComPySe\\TestCapitalComPySe\\pages\\AppStore\\app_store.py\", line 23, in should_be_app_store_page\n    self.should_be_app_store_specifies_provider(data[\"PROVIDER\"])\n  File \"C:\\Users\\runneradmin\\AppData\\Local\\pypoetry\\Cache\\virtualenvs\\testcapitalcompyse-ahTg7XpD-py3.12\\Lib\\site-packages\\allure_commons\\_allure.py\", line 192, in impl\n    return func(*a, **kw)\n           ^^^^^^^^^^^^^^\n  File \"D:\\a\\TestCapitalComPySe\\TestCapitalComPySe\\pages\\AppStore\\app_store.py\", line 64, in should_be_app_store_specifies_provider\n    assert self.get_text(0, *AppStoreLocators.PROVIDER) == provider\n           ^^^^^^^^^^^^^^^^^^^^^^^^^^^^^^^^^^^^^^^^^^^^^^^^^^^^^^^^\n","steps":[{"name":"Click button [Download on the App Store] on \"Our Apps\" block","time":{"start":1715977211479,"stop":1715977211559,"duration":80},"status":"passed","steps":[],"attachments":[],"parameters":[{"name":"d","value":"<selenium.webdriver.chrome.webdriver.WebDriver (session=\"9c154291e1628088f415ce472d271978\")>"}],"shouldDisplayMessage":false,"stepsCount":0,"attachmentsCount":0,"hasContent":true,"attachmentStep":false},{"name":"Checking that \"App Store\" page opened","time":{"start":1715977211559,"stop":1715977212880,"duration":1321},"status":"failed","statusMessage":"AssertionError\n","statusTrace":"  File \"C:\\Users\\runneradmin\\AppData\\Local\\pypoetry\\Cache\\virtualenvs\\testcapitalcompyse-ahTg7XpD-py3.12\\Lib\\site-packages\\allure_commons\\_allure.py\", line 192, in impl\n    return func(*a, **kw)\n           ^^^^^^^^^^^^^^\n  File \"D:\\a\\TestCapitalComPySe\\TestCapitalComPySe\\pages\\Elements\\AssertClass.py\", line 197, in assert_app_store\n    self.page_app_store.should_be_app_store_page(cur_link)\n  File \"C:\\Users\\runneradmin\\AppData\\Local\\pypoetry\\Cache\\virtualenvs\\testcapitalcompyse-ahTg7XpD-py3.12\\Lib\\site-packages\\allure_commons\\_allure.py\", line 192, in impl\n    return func(*a, **kw)\n           ^^^^^^^^^^^^^^\n  File \"D:\\a\\TestCapitalComPySe\\TestCapitalComPySe\\pages\\AppStore\\app_store.py\", line 23, in should_be_app_store_page\n    self.should_be_app_store_specifies_provider(data[\"PROVIDER\"])\n  File \"C:\\Users\\runneradmin\\AppData\\Local\\pypoetry\\Cache\\virtualenvs\\testcapitalcompyse-ahTg7XpD-py3.12\\Lib\\site-packages\\allure_commons\\_allure.py\", line 192, in impl\n    return func(*a, **kw)\n           ^^^^^^^^^^^^^^\n  File \"D:\\a\\TestCapitalComPySe\\TestCapitalComPySe\\pages\\AppStore\\app_store.py\", line 64, in should_be_app_store_specifies_provider\n    assert self.get_text(0, *AppStoreLocators.PROVIDER) == provider\n           ^^^^^^^^^^^^^^^^^^^^^^^^^^^^^^^^^^^^^^^^^^^^^^^^^^^^^^^^\n","steps":[{"name":"Checking that the App Store page has opened","time":{"start":1715977211559,"stop":1715977212880,"duration":1321},"status":"failed","statusMessage":"AssertionError\n","statusTrace":"  File \"C:\\Users\\runneradmin\\AppData\\Local\\pypoetry\\Cache\\virtualenvs\\testcapitalcompyse-ahTg7XpD-py3.12\\Lib\\site-packages\\allure_commons\\_allure.py\", line 192, in impl\n    return func(*a, **kw)\n           ^^^^^^^^^^^^^^\n  File \"D:\\a\\TestCapitalComPySe\\TestCapitalComPySe\\pages\\AppStore\\app_store.py\", line 23, in should_be_app_store_page\n    self.should_be_app_store_specifies_provider(data[\"PROVIDER\"])\n  File \"C:\\Users\\runneradmin\\AppData\\Local\\pypoetry\\Cache\\virtualenvs\\testcapitalcompyse-ahTg7XpD-py3.12\\Lib\\site-packages\\allure_commons\\_allure.py\", line 192, in impl\n    return func(*a, **kw)\n           ^^^^^^^^^^^^^^\n  File \"D:\\a\\TestCapitalComPySe\\TestCapitalComPySe\\pages\\AppStore\\app_store.py\", line 64, in should_be_app_store_specifies_provider\n    assert self.get_text(0, *AppStoreLocators.PROVIDER) == provider\n           ^^^^^^^^^^^^^^^^^^^^^^^^^^^^^^^^^^^^^^^^^^^^^^^^^^^^^^^^\n","steps":[{"name":"2024-05-17 20:16:54.342389   Check that the page has the expected title - ver 2","time":{"start":1715977212530,"stop":1715977212535,"duration":5},"status":"passed","steps":[],"attachments":[],"parameters":[{"name":"title","value":"'Capital.com: Trading & Finance on the AppÂ Store'"}],"shouldDisplayMessage":false,"stepsCount":0,"attachmentsCount":0,"hasContent":true,"attachmentStep":false},{"name":"Checking that the App Store app title","time":{"start":1715977212535,"stop":1715977212556,"duration":21},"status":"passed","steps":[],"attachments":[],"parameters":[{"name":"app_title","value":"'Capital.com: Trading & Finance 17+'"}],"shouldDisplayMessage":false,"stepsCount":0,"attachmentsCount":0,"hasContent":true,"attachmentStep":false},{"name":"Checking that the App Store specifies provider","time":{"start":1715977212557,"stop":1715977212880,"duration":323},"status":"failed","statusMessage":"AssertionError\n","statusTrace":"  File \"C:\\Users\\runneradmin\\AppData\\Local\\pypoetry\\Cache\\virtualenvs\\testcapitalcompyse-ahTg7XpD-py3.12\\Lib\\site-packages\\allure_commons\\_allure.py\", line 192, in impl\n    return func(*a, **kw)\n           ^^^^^^^^^^^^^^\n  File \"D:\\a\\TestCapitalComPySe\\TestCapitalComPySe\\pages\\AppStore\\app_store.py\", line 64, in should_be_app_store_specifies_provider\n    assert self.get_text(0, *AppStoreLocators.PROVIDER) == provider\n           ^^^^^^^^^^^^^^^^^^^^^^^^^^^^^^^^^^^^^^^^^^^^^^^^^^^^^^^^\n","steps":[],"attachments":[],"parameters":[{"name":"provider","value":"'Capital Com SV Investments Limited'"}],"shouldDisplayMessage":true,"stepsCount":0,"attachmentsCount":0,"hasContent":true,"attachmentStep":false}],"attachments":[],"parameters":[{"name":"cur_link","value":"'https://capital.com/fr'"}],"shouldDisplayMessage":false,"stepsCount":3,"attachmentsCount":0,"hasContent":true,"attachmentStep":false}],"attachments":[],"parameters":[{"name":"d","value":"<selenium.webdriver.chrome.webdriver.WebDriver (session=\"9c154291e1628088f415ce472d271978\")>"},{"name":"cur_link","value":"'https://capital.com/fr'"}],"shouldDisplayMessage":false,"stepsCount":4,"attachmentsCount":0,"hasContent":true,"attachmentStep":false}],"attachments":[],"parameters":[{"name":"d","value":"<selenium.webdriver.chrome.webdriver.WebDriver (session=\"9c154291e1628088f415ce472d271978\")>"},{"name":"cur_language","value":"'fr'"},{"name":"cur_country","value":"'ae'"},{"name":"cur_role","value":"'NoAuth'"},{"name":"cur_item_link","value":"'https://capital.com/fr'"}],"shouldDisplayMessage":false,"stepsCount":6,"attachmentsCount":0,"hasContent":true,"attachmentStep":false}],"attachments":[],"parameters":[{"name":"worker_id","value":"'master'"},{"name":"d","value":"<selenium.webdriver.chrome.webdriver.WebDriver (session=\"9c154291e1628088f415ce472d271978\")>"},{"name":"cur_language","value":"'fr'"},{"name":"cur_country","value":"'ae'"},{"name":"cur_role","value":"'NoAuth'"},{"name":"cur_login","value":"'test001.miketar+1@gmail.com'"},{"name":"cur_password","value":"'Qwer1234-!@#$'"}],"shouldDisplayMessage":false,"stepsCount":9,"attachmentsCount":0,"hasContent":true,"attachmentStep":false}],"attachments":[{"uid":"ca3edd47d3b9221d","name":"Screenshot","source":"ca3edd47d3b9221d.png","type":"image/png","size":204331},{"uid":"a1d2849276f52a38","name":"log","source":"a1d2849276f52a38.txt","type":"text/plain","size":3052},{"uid":"31e833944b7777b","name":"stdout","source":"31e833944b7777b.txt","type":"text/plain","size":3137}],"parameters":[],"shouldDisplayMessage":true,"stepsCount":10,"attachmentsCount":3,"hasContent":true,"attachmentStep":false},"afterStages":[{"name":"d::0","time":{"start":1715977400356,"stop":1715977402722,"duration":2366},"status":"passed","steps":[],"attachments":[],"parameters":[],"shouldDisplayMessage":false,"stepsCount":0,"attachmentsCount":0,"hasContent":false,"attachmentStep":false}],"labels":[{"name":"epic","value":"US_00 | Main Page"},{"name":"feature","value":"Language: fr"},{"name":"story","value":"Country: ae / Role: NoAuth"},{"name":"tag","value":"test_008"},{"name":"tag","value":"us_00_00"},{"name":"parentSuite","value":"tests.US_00_Main_page.US_00-00_Main_page"},{"name":"suite","value":"us_00-00_main_page_test"},{"name":"subSuite","value":"TestMainPage"},{"name":"host","value":"fv-az836-823"},{"name":"thread","value":"1524-MainThread"},{"name":"framework","value":"pytest"},{"name":"language","value":"cpython3"},{"name":"package","value":"tests.US_00_Main_page.US_00-00_Main_page.us_00-00_main_page_test"},{"name":"resultFormat","value":"allure2"}],"parameters":[{"name":"cur_country","value":"'ae'"},{"name":"cur_language","value":"'fr'"},{"name":"cur_login","value":"'test001.miketar+1@gmail.com'"},{"name":"cur_password","value":"'Qwer1234-!@#$'"},{"name":"cur_role","value":"'NoAuth'"},{"name":"d","value":"'Chrome'"}],"links":[],"hidden":false,"retry":false,"extra":{"severity":"normal","retries":[],"categories":[{"name":"Product defects","matchedStatuses":[],"flaky":false}],"tags":["us_00_00","test_008"]},"source":"d3381267be2e4933.json","parameterValues":["'ae'","'fr'","'test001.miketar+1@gmail.com'","'Qwer1234-!@#$'","'NoAuth'","'Chrome'"]}