{"uid":"e983a67c59911596","name":"TC_01.01.00_004 | open Trading instrument page. Bid:01.01.00_004-nl.de.Auth","fullName":"tests.US_01_Markets.US_01-01_All_markets.US_01-01-00_All_Markets_test.TestAllMarkets#test_004_trading_instrument","historyId":"bb19d7519605df47bcba7b08ddc12e7f","time":{"start":1719524007888,"stop":1719524017758,"duration":9870},"description":"\n        Check: open Trading instrument page\n        Language: All License: All (except FCA)\n        ","descriptionHtml":"<pre><code>    Check: open Trading instrument page\n    Language: All License: All (except FCA)\n</code></pre>\n","status":"broken","statusMessage":"selenium.common.exceptions.StaleElementReferenceException: Message: stale element reference: stale element not found in the current frame\n  (Session info: chrome=126.0.6478.127); For documentation on this error, please visit: https://www.selenium.dev/documentation/webdriver/troubleshooting/errors#stale-element-reference-exception\nStacktrace:\n\tGetHandleVerifier [0x005CC1C3+27395]\n\t(No symbol) [0x00563DC4]\n\t(No symbol) [0x00461B7F]\n\t(No symbol) [0x00466C7F]\n\t(No symbol) [0x00468B7F]\n\t(No symbol) [0x004DD51B]\n\t(No symbol) [0x004C399C]\n\t(No symbol) [0x004DCB24]\n\t(No symbol) [0x004C3736]\n\t(No symbol) [0x00497541]\n\t(No symbol) [0x004980BD]\n\tGetHandleVerifier [0x00883A93+2876371]\n\tGetHandleVerifier [0x008D7F5D+3221661]\n\tGetHandleVerifier [0x0064D634+556916]\n\tGetHandleVerifier [0x0065474C+585868]\n\t(No symbol) [0x0056CE04]\n\t(No symbol) [0x00569818]\n\t(No symbol) [0x005699B7]\n\t(No symbol) [0x0055BF0E]\n\tBaseThreadInitThunk [0x768467F9+25]\n\tRtlGetFullPathName_UEx [0x779A800D+173]\n\tRtlGetFullPathName_UEx [0x779A7FDB+123]","statusTrace":"self = <US_01-01-00_All_Markets_test.TestAllMarkets object at 0x0000020DA072AF30>\nworker_id = 'master'\nd = <selenium.webdriver.chrome.webdriver.WebDriver (session=\"f9b891b8274142fbe9023ffc6dfa29aa\")>\ncur_language = 'nl', cur_country = 'de', cur_role = 'Auth'\ncur_login = 'test001.miketar+1@gmail.com', cur_password = 'Qwer1234-!@#$'\ncur_market = 'All'\n\n    @allure.step(\"Start test open Trading instrument page\")\n    @pytest.mark.test_004\n    def test_004_trading_instrument(\n            self, worker_id, d, cur_language, cur_country, cur_role, cur_login, cur_password, cur_market):\n        \"\"\"\n        Check: open Trading instrument page\n        Language: All License: All (except FCA)\n        \"\"\"\n        bid = build_dynamic_arg_v4(\n            d, worker_id, cur_language, cur_country, cur_role,\n            \"01.01\", \"Markets > Menu item [All markets]\",\n            \".00_004\", \"open Trading instrument page\")\n    \n        Common().check_country_in_list_and_skip_if_present(cur_country, [\"gb\", \"ae\"])\n    \n        page_conditions = Conditions(d, \"\")\n        link = page_conditions.preconditions(\n            d, CapitalComPageSrc.URL, \"\", cur_language, cur_country, cur_role, cur_login, cur_password)\n    \n        menu = MenuSection(d, link)\n        cur_item_link = menu.open_market_menu_all_markets_submenu(d, cur_language, cur_country, link)\n    \n        test_element = TableTradingInstrumentsItemAllMarkets(d, cur_item_link, bid)\n>       test_element.full_test(d, cur_language, cur_country, cur_role, cur_item_link, cur_market)\n\ntests\\US_01_Markets\\US_01-01_All_markets\\US_01-01-00_All_Markets_test.py:128: \n_ _ _ _ _ _ _ _ _ _ _ _ _ _ _ _ _ _ _ _ _ _ _ _ _ _ _ _ _ _ _ _ _ _ _ _ _ _ _ _\npages\\Elements\\TableTradingInstrumentItiemAllMarkets.py:30: in full_test\n    self.element_click(d, cur_item_link)\npages\\Elements\\TableTradingInstrumentItiemAllMarkets.py:117: in element_click\n    self.driver.execute_script(\"arguments[0].click();\", instruments_list[value])\nC:\\Users\\runneradmin\\AppData\\Local\\pypoetry\\Cache\\virtualenvs\\testcapitalcompyse-ahTg7XpD-py3.12\\Lib\\site-packages\\selenium\\webdriver\\remote\\webdriver.py:407: in execute_script\n    return self.execute(command, {\"script\": script, \"args\": converted_args})[\"value\"]\nC:\\Users\\runneradmin\\AppData\\Local\\pypoetry\\Cache\\virtualenvs\\testcapitalcompyse-ahTg7XpD-py3.12\\Lib\\site-packages\\selenium\\webdriver\\remote\\webdriver.py:347: in execute\n    self.error_handler.check_response(response)\n_ _ _ _ _ _ _ _ _ _ _ _ _ _ _ _ _ _ _ _ _ _ _ _ _ _ _ _ _ _ _ _ _ _ _ _ _ _ _ _\n\nself = <selenium.webdriver.remote.errorhandler.ErrorHandler object at 0x0000020D9F2A86B0>\nresponse = {'status': 404, 'value': '{\"value\":{\"error\":\"stale element reference\",\"message\":\"stale element reference: stale elemen...Thunk [0x768467F9+25]\\\\n\\\\tRtlGetFullPathName_UEx [0x779A800D+173]\\\\n\\\\tRtlGetFullPathName_UEx [0x779A7FDB+123]\\\\n\"}}'}\n\n    def check_response(self, response: Dict[str, Any]) -> None:\n        \"\"\"Checks that a JSON response from the WebDriver does not have an\n        error.\n    \n        :Args:\n         - response - The JSON response from the WebDriver server as a dictionary\n           object.\n    \n        :Raises: If the response contains an error message.\n        \"\"\"\n        status = response.get(\"status\", None)\n        if not status or status == ErrorCode.SUCCESS:\n            return\n        value = None\n        message = response.get(\"message\", \"\")\n        screen: str = response.get(\"screen\", \"\")\n        stacktrace = None\n        if isinstance(status, int):\n            value_json = response.get(\"value\", None)\n            if value_json and isinstance(value_json, str):\n                import json\n    \n                try:\n                    value = json.loads(value_json)\n                    if len(value) == 1:\n                        value = value[\"value\"]\n                    status = value.get(\"error\", None)\n                    if not status:\n                        status = value.get(\"status\", ErrorCode.UNKNOWN_ERROR)\n                        message = value.get(\"value\") or value.get(\"message\")\n                        if not isinstance(message, str):\n                            value = message\n                            message = message.get(\"message\")\n                    else:\n                        message = value.get(\"message\", None)\n                except ValueError:\n                    pass\n    \n        exception_class: Type[WebDriverException]\n        e = ErrorCode()\n        error_codes = [item for item in dir(e) if not item.startswith(\"__\")]\n        for error_code in error_codes:\n            error_info = getattr(ErrorCode, error_code)\n            if isinstance(error_info, list) and status in error_info:\n                exception_class = getattr(ExceptionMapping, error_code, WebDriverException)\n                break\n        else:\n            exception_class = WebDriverException\n    \n        if not value:\n            value = response[\"value\"]\n        if isinstance(value, str):\n            raise exception_class(value)\n        if message == \"\" and \"message\" in value:\n            message = value[\"message\"]\n    \n        screen = None  # type: ignore[assignment]\n        if \"screen\" in value:\n            screen = value[\"screen\"]\n    \n        stacktrace = None\n        st_value = value.get(\"stackTrace\") or value.get(\"stacktrace\")\n        if st_value:\n            if isinstance(st_value, str):\n                stacktrace = st_value.split(\"\\n\")\n            else:\n                stacktrace = []\n                try:\n                    for frame in st_value:\n                        line = frame.get(\"lineNumber\", \"\")\n                        file = frame.get(\"fileName\", \"<anonymous>\")\n                        if line:\n                            file = f\"{file}:{line}\"\n                        meth = frame.get(\"methodName\", \"<anonymous>\")\n                        if \"className\" in frame:\n                            meth = f\"{frame['className']}.{meth}\"\n                        msg = \"    at %s (%s)\"\n                        msg = msg % (meth, file)\n                        stacktrace.append(msg)\n                except TypeError:\n                    pass\n        if exception_class == UnexpectedAlertPresentException:\n            alert_text = None\n            if \"data\" in value:\n                alert_text = value[\"data\"].get(\"text\")\n            elif \"alert\" in value:\n                alert_text = value[\"alert\"].get(\"text\")\n            raise exception_class(message, screen, stacktrace, alert_text)  # type: ignore[call-arg]  # mypy is not smart enough here\n>       raise exception_class(message, screen, stacktrace)\nE       selenium.common.exceptions.StaleElementReferenceException: Message: stale element reference: stale element not found in the current frame\nE         (Session info: chrome=126.0.6478.127); For documentation on this error, please visit: https://www.selenium.dev/documentation/webdriver/troubleshooting/errors#stale-element-reference-exception\nE       Stacktrace:\nE       \tGetHandleVerifier [0x005CC1C3+27395]\nE       \t(No symbol) [0x00563DC4]\nE       \t(No symbol) [0x00461B7F]\nE       \t(No symbol) [0x00466C7F]\nE       \t(No symbol) [0x00468B7F]\nE       \t(No symbol) [0x004DD51B]\nE       \t(No symbol) [0x004C399C]\nE       \t(No symbol) [0x004DCB24]\nE       \t(No symbol) [0x004C3736]\nE       \t(No symbol) [0x00497541]\nE       \t(No symbol) [0x004980BD]\nE       \tGetHandleVerifier [0x00883A93+2876371]\nE       \tGetHandleVerifier [0x008D7F5D+3221661]\nE       \tGetHandleVerifier [0x0064D634+556916]\nE       \tGetHandleVerifier [0x0065474C+585868]\nE       \t(No symbol) [0x0056CE04]\nE       \t(No symbol) [0x00569818]\nE       \t(No symbol) [0x005699B7]\nE       \t(No symbol) [0x0055BF0E]\nE       \tBaseThreadInitThunk [0x768467F9+25]\nE       \tRtlGetFullPathName_UEx [0x779A800D+173]\nE       \tRtlGetFullPathName_UEx [0x779A7FDB+123]\n\nC:\\Users\\runneradmin\\AppData\\Local\\pypoetry\\Cache\\virtualenvs\\testcapitalcompyse-ahTg7XpD-py3.12\\Lib\\site-packages\\selenium\\webdriver\\remote\\errorhandler.py:229: StaleElementReferenceException","flaky":false,"newFailed":false,"newBroken":false,"newPassed":false,"retriesCount":0,"retriesStatusChange":false,"beforeStages":[{"name":"d","time":{"start":1719523874589,"stop":1719523876266,"duration":1677},"status":"passed","steps":[],"attachments":[],"parameters":[],"shouldDisplayMessage":false,"stepsCount":0,"attachmentsCount":0,"hasContent":false,"attachmentStep":false},{"name":"cur_country","time":{"start":1719523876266,"stop":1719523876266,"duration":0},"status":"passed","steps":[],"attachments":[],"parameters":[],"shouldDisplayMessage":false,"stepsCount":0,"attachmentsCount":0,"hasContent":false,"attachmentStep":false},{"name":"cur_language","time":{"start":1719523876266,"stop":1719523876266,"duration":0},"status":"passed","steps":[],"attachments":[],"parameters":[],"shouldDisplayMessage":false,"stepsCount":0,"attachmentsCount":0,"hasContent":false,"attachmentStep":false},{"name":"cur_password","time":{"start":1719523876266,"stop":1719523876266,"duration":0},"status":"passed","steps":[],"attachments":[],"parameters":[],"shouldDisplayMessage":false,"stepsCount":0,"attachmentsCount":0,"hasContent":false,"attachmentStep":false},{"name":"worker_id","time":{"start":1719523876266,"stop":1719523876266,"duration":0},"status":"passed","steps":[],"attachments":[],"parameters":[],"shouldDisplayMessage":false,"stepsCount":0,"attachmentsCount":0,"hasContent":false,"attachmentStep":false},{"name":"cur_login","time":{"start":1719523876266,"stop":1719523876266,"duration":0},"status":"passed","steps":[],"attachments":[],"parameters":[],"shouldDisplayMessage":false,"stepsCount":0,"attachmentsCount":0,"hasContent":false,"attachmentStep":false},{"name":"cur_role","time":{"start":1719523978522,"stop":1719523978522,"duration":0},"status":"passed","steps":[],"attachments":[],"parameters":[],"shouldDisplayMessage":false,"stepsCount":0,"attachmentsCount":0,"hasContent":false,"attachmentStep":false},{"name":"cur_market","time":{"start":1719524007887,"stop":1719524007887,"duration":0},"status":"passed","steps":[],"attachments":[],"parameters":[],"shouldDisplayMessage":false,"stepsCount":0,"attachmentsCount":0,"hasContent":false,"attachmentStep":false}],"testStage":{"description":"\n        Check: open Trading instrument page\n        Language: All License: All (except FCA)\n        ","status":"broken","statusMessage":"selenium.common.exceptions.StaleElementReferenceException: Message: stale element reference: stale element not found in the current frame\n  (Session info: chrome=126.0.6478.127); For documentation on this error, please visit: https://www.selenium.dev/documentation/webdriver/troubleshooting/errors#stale-element-reference-exception\nStacktrace:\n\tGetHandleVerifier [0x005CC1C3+27395]\n\t(No symbol) [0x00563DC4]\n\t(No symbol) [0x00461B7F]\n\t(No symbol) [0x00466C7F]\n\t(No symbol) [0x00468B7F]\n\t(No symbol) [0x004DD51B]\n\t(No symbol) [0x004C399C]\n\t(No symbol) [0x004DCB24]\n\t(No symbol) [0x004C3736]\n\t(No symbol) [0x00497541]\n\t(No symbol) [0x004980BD]\n\tGetHandleVerifier [0x00883A93+2876371]\n\tGetHandleVerifier [0x008D7F5D+3221661]\n\tGetHandleVerifier [0x0064D634+556916]\n\tGetHandleVerifier [0x0065474C+585868]\n\t(No symbol) [0x0056CE04]\n\t(No symbol) [0x00569818]\n\t(No symbol) [0x005699B7]\n\t(No symbol) [0x0055BF0E]\n\tBaseThreadInitThunk [0x768467F9+25]\n\tRtlGetFullPathName_UEx [0x779A800D+173]\n\tRtlGetFullPathName_UEx [0x779A7FDB+123]","statusTrace":"self = <US_01-01-00_All_Markets_test.TestAllMarkets object at 0x0000020DA072AF30>\nworker_id = 'master'\nd = <selenium.webdriver.chrome.webdriver.WebDriver (session=\"f9b891b8274142fbe9023ffc6dfa29aa\")>\ncur_language = 'nl', cur_country = 'de', cur_role = 'Auth'\ncur_login = 'test001.miketar+1@gmail.com', cur_password = 'Qwer1234-!@#$'\ncur_market = 'All'\n\n    @allure.step(\"Start test open Trading instrument page\")\n    @pytest.mark.test_004\n    def test_004_trading_instrument(\n            self, worker_id, d, cur_language, cur_country, cur_role, cur_login, cur_password, cur_market):\n        \"\"\"\n        Check: open Trading instrument page\n        Language: All License: All (except FCA)\n        \"\"\"\n        bid = build_dynamic_arg_v4(\n            d, worker_id, cur_language, cur_country, cur_role,\n            \"01.01\", \"Markets > Menu item [All markets]\",\n            \".00_004\", \"open Trading instrument page\")\n    \n        Common().check_country_in_list_and_skip_if_present(cur_country, [\"gb\", \"ae\"])\n    \n        page_conditions = Conditions(d, \"\")\n        link = page_conditions.preconditions(\n            d, CapitalComPageSrc.URL, \"\", cur_language, cur_country, cur_role, cur_login, cur_password)\n    \n        menu = MenuSection(d, link)\n        cur_item_link = menu.open_market_menu_all_markets_submenu(d, cur_language, cur_country, link)\n    \n        test_element = TableTradingInstrumentsItemAllMarkets(d, cur_item_link, bid)\n>       test_element.full_test(d, cur_language, cur_country, cur_role, cur_item_link, cur_market)\n\ntests\\US_01_Markets\\US_01-01_All_markets\\US_01-01-00_All_Markets_test.py:128: \n_ _ _ _ _ _ _ _ _ _ _ _ _ _ _ _ _ _ _ _ _ _ _ _ _ _ _ _ _ _ _ _ _ _ _ _ _ _ _ _\npages\\Elements\\TableTradingInstrumentItiemAllMarkets.py:30: in full_test\n    self.element_click(d, cur_item_link)\npages\\Elements\\TableTradingInstrumentItiemAllMarkets.py:117: in element_click\n    self.driver.execute_script(\"arguments[0].click();\", instruments_list[value])\nC:\\Users\\runneradmin\\AppData\\Local\\pypoetry\\Cache\\virtualenvs\\testcapitalcompyse-ahTg7XpD-py3.12\\Lib\\site-packages\\selenium\\webdriver\\remote\\webdriver.py:407: in execute_script\n    return self.execute(command, {\"script\": script, \"args\": converted_args})[\"value\"]\nC:\\Users\\runneradmin\\AppData\\Local\\pypoetry\\Cache\\virtualenvs\\testcapitalcompyse-ahTg7XpD-py3.12\\Lib\\site-packages\\selenium\\webdriver\\remote\\webdriver.py:347: in execute\n    self.error_handler.check_response(response)\n_ _ _ _ _ _ _ _ _ _ _ _ _ _ _ _ _ _ _ _ _ _ _ _ _ _ _ _ _ _ _ _ _ _ _ _ _ _ _ _\n\nself = <selenium.webdriver.remote.errorhandler.ErrorHandler object at 0x0000020D9F2A86B0>\nresponse = {'status': 404, 'value': '{\"value\":{\"error\":\"stale element reference\",\"message\":\"stale element reference: stale elemen...Thunk [0x768467F9+25]\\\\n\\\\tRtlGetFullPathName_UEx [0x779A800D+173]\\\\n\\\\tRtlGetFullPathName_UEx [0x779A7FDB+123]\\\\n\"}}'}\n\n    def check_response(self, response: Dict[str, Any]) -> None:\n        \"\"\"Checks that a JSON response from the WebDriver does not have an\n        error.\n    \n        :Args:\n         - response - The JSON response from the WebDriver server as a dictionary\n           object.\n    \n        :Raises: If the response contains an error message.\n        \"\"\"\n        status = response.get(\"status\", None)\n        if not status or status == ErrorCode.SUCCESS:\n            return\n        value = None\n        message = response.get(\"message\", \"\")\n        screen: str = response.get(\"screen\", \"\")\n        stacktrace = None\n        if isinstance(status, int):\n            value_json = response.get(\"value\", None)\n            if value_json and isinstance(value_json, str):\n                import json\n    \n                try:\n                    value = json.loads(value_json)\n                    if len(value) == 1:\n                        value = value[\"value\"]\n                    status = value.get(\"error\", None)\n                    if not status:\n                        status = value.get(\"status\", ErrorCode.UNKNOWN_ERROR)\n                        message = value.get(\"value\") or value.get(\"message\")\n                        if not isinstance(message, str):\n                            value = message\n                            message = message.get(\"message\")\n                    else:\n                        message = value.get(\"message\", None)\n                except ValueError:\n                    pass\n    \n        exception_class: Type[WebDriverException]\n        e = ErrorCode()\n        error_codes = [item for item in dir(e) if not item.startswith(\"__\")]\n        for error_code in error_codes:\n            error_info = getattr(ErrorCode, error_code)\n            if isinstance(error_info, list) and status in error_info:\n                exception_class = getattr(ExceptionMapping, error_code, WebDriverException)\n                break\n        else:\n            exception_class = WebDriverException\n    \n        if not value:\n            value = response[\"value\"]\n        if isinstance(value, str):\n            raise exception_class(value)\n        if message == \"\" and \"message\" in value:\n            message = value[\"message\"]\n    \n        screen = None  # type: ignore[assignment]\n        if \"screen\" in value:\n            screen = value[\"screen\"]\n    \n        stacktrace = None\n        st_value = value.get(\"stackTrace\") or value.get(\"stacktrace\")\n        if st_value:\n            if isinstance(st_value, str):\n                stacktrace = st_value.split(\"\\n\")\n            else:\n                stacktrace = []\n                try:\n                    for frame in st_value:\n                        line = frame.get(\"lineNumber\", \"\")\n                        file = frame.get(\"fileName\", \"<anonymous>\")\n                        if line:\n                            file = f\"{file}:{line}\"\n                        meth = frame.get(\"methodName\", \"<anonymous>\")\n                        if \"className\" in frame:\n                            meth = f\"{frame['className']}.{meth}\"\n                        msg = \"    at %s (%s)\"\n                        msg = msg % (meth, file)\n                        stacktrace.append(msg)\n                except TypeError:\n                    pass\n        if exception_class == UnexpectedAlertPresentException:\n            alert_text = None\n            if \"data\" in value:\n                alert_text = value[\"data\"].get(\"text\")\n            elif \"alert\" in value:\n                alert_text = value[\"alert\"].get(\"text\")\n            raise exception_class(message, screen, stacktrace, alert_text)  # type: ignore[call-arg]  # mypy is not smart enough here\n>       raise exception_class(message, screen, stacktrace)\nE       selenium.common.exceptions.StaleElementReferenceException: Message: stale element reference: stale element not found in the current frame\nE         (Session info: chrome=126.0.6478.127); For documentation on this error, please visit: https://www.selenium.dev/documentation/webdriver/troubleshooting/errors#stale-element-reference-exception\nE       Stacktrace:\nE       \tGetHandleVerifier [0x005CC1C3+27395]\nE       \t(No symbol) [0x00563DC4]\nE       \t(No symbol) [0x00461B7F]\nE       \t(No symbol) [0x00466C7F]\nE       \t(No symbol) [0x00468B7F]\nE       \t(No symbol) [0x004DD51B]\nE       \t(No symbol) [0x004C399C]\nE       \t(No symbol) [0x004DCB24]\nE       \t(No symbol) [0x004C3736]\nE       \t(No symbol) [0x00497541]\nE       \t(No symbol) [0x004980BD]\nE       \tGetHandleVerifier [0x00883A93+2876371]\nE       \tGetHandleVerifier [0x008D7F5D+3221661]\nE       \tGetHandleVerifier [0x0064D634+556916]\nE       \tGetHandleVerifier [0x0065474C+585868]\nE       \t(No symbol) [0x0056CE04]\nE       \t(No symbol) [0x00569818]\nE       \t(No symbol) [0x005699B7]\nE       \t(No symbol) [0x0055BF0E]\nE       \tBaseThreadInitThunk [0x768467F9+25]\nE       \tRtlGetFullPathName_UEx [0x779A800D+173]\nE       \tRtlGetFullPathName_UEx [0x779A7FDB+123]\n\nC:\\Users\\runneradmin\\AppData\\Local\\pypoetry\\Cache\\virtualenvs\\testcapitalcompyse-ahTg7XpD-py3.12\\Lib\\site-packages\\selenium\\webdriver\\remote\\errorhandler.py:229: StaleElementReferenceException","steps":[{"name":"Start test open Trading instrument page","time":{"start":1719524007888,"stop":1719524017758,"duration":9870},"status":"broken","statusMessage":"selenium.common.exceptions.StaleElementReferenceException: Message: stale element reference: stale element not found in the current frame\n  (Session info: chrome=126.0.6478.127); For documentation on this error, please visit: https://www.selenium.dev/documentation/webdriver/troubleshooting/errors#stale-element-reference-exception\nStacktrace:\n\tGetHandleVerifier [0x005CC1C3+27395]\n\t(No symbol) [0x00563DC4]\n\t(No symbol) [0x00461B7F]\n\t(No symbol) [0x00466C7F]\n\t(No symbol) [0x00468B7F]\n\t(No symbol) [0x004DD51B]\n\t(No symbol) [0x004C399C]\n\t(No symbol) [0x004DCB24]\n\t(No symbol) [0x004C3736]\n\t(No symbol) [0x00497541]\n\t(No symbol) [0x004980BD]\n\tGetHandleVerifier [0x00883A93+2876371]\n\tGetHandleVerifier [0x008D7F5D+3221661]\n\tGetHandleVerifier [0x0064D634+556916]\n\tGetHandleVerifier [0x0065474C+585868]\n\t(No symbol) [0x0056CE04]\n\t(No symbol) [0x00569818]\n\t(No symbol) [0x005699B7]\n\t(No symbol) [0x0055BF0E]\n\tBaseThreadInitThunk [0x768467F9+25]\n\tRtlGetFullPathName_UEx [0x779A800D+173]\n\tRtlGetFullPathName_UEx [0x779A7FDB+123]\n\n","statusTrace":"  File \"C:\\Users\\runneradmin\\AppData\\Local\\pypoetry\\Cache\\virtualenvs\\testcapitalcompyse-ahTg7XpD-py3.12\\Lib\\site-packages\\allure_commons\\_allure.py\", line 192, in impl\n    return func(*a, **kw)\n           ^^^^^^^^^^^^^^\n  File \"D:\\a\\TestCapitalComPySe\\TestCapitalComPySe\\tests\\US_01_Markets\\US_01-01_All_markets\\US_01-01-00_All_Markets_test.py\", line 128, in test_004_trading_instrument\n    test_element.full_test(d, cur_language, cur_country, cur_role, cur_item_link, cur_market)\n  File \"D:\\a\\TestCapitalComPySe\\TestCapitalComPySe\\pages\\Elements\\TableTradingInstrumentItiemAllMarkets.py\", line 30, in full_test\n    self.element_click(d, cur_item_link)\n  File \"C:\\Users\\runneradmin\\AppData\\Local\\pypoetry\\Cache\\virtualenvs\\testcapitalcompyse-ahTg7XpD-py3.12\\Lib\\site-packages\\allure_commons\\_allure.py\", line 192, in impl\n    return func(*a, **kw)\n           ^^^^^^^^^^^^^^\n  File \"D:\\a\\TestCapitalComPySe\\TestCapitalComPySe\\pages\\Elements\\TableTradingInstrumentItiemAllMarkets.py\", line 117, in element_click\n    self.driver.execute_script(\"arguments[0].click();\", instruments_list[value])\n  File \"C:\\Users\\runneradmin\\AppData\\Local\\pypoetry\\Cache\\virtualenvs\\testcapitalcompyse-ahTg7XpD-py3.12\\Lib\\site-packages\\selenium\\webdriver\\remote\\webdriver.py\", line 407, in execute_script\n    return self.execute(command, {\"script\": script, \"args\": converted_args})[\"value\"]\n           ^^^^^^^^^^^^^^^^^^^^^^^^^^^^^^^^^^^^^^^^^^^^^^^^^^^^^^^^^^^^^^^^^\n  File \"C:\\Users\\runneradmin\\AppData\\Local\\pypoetry\\Cache\\virtualenvs\\testcapitalcompyse-ahTg7XpD-py3.12\\Lib\\site-packages\\selenium\\webdriver\\remote\\webdriver.py\", line 347, in execute\n    self.error_handler.check_response(response)\n  File \"C:\\Users\\runneradmin\\AppData\\Local\\pypoetry\\Cache\\virtualenvs\\testcapitalcompyse-ahTg7XpD-py3.12\\Lib\\site-packages\\selenium\\webdriver\\remote\\errorhandler.py\", line 229, in check_response\n    raise exception_class(message, screen, stacktrace)\n","steps":[{"name":"Preconditions","time":{"start":1719524007890,"stop":1719524013939,"duration":6049},"status":"passed","steps":[{"name":"2024-06-27 21:31:14.573017   Start Checking Captcha","time":{"start":1719524009778,"stop":1719524010827,"duration":1049},"status":"passed","steps":[],"attachments":[],"parameters":[],"shouldDisplayMessage":false,"stepsCount":0,"attachmentsCount":0,"hasContent":false,"attachmentStep":false},{"name":"2024-06-27 21:31:14.573017   Start Checking Captcha","time":{"start":1719524010827,"stop":1719524011861,"duration":1034},"status":"passed","steps":[],"attachments":[],"parameters":[],"shouldDisplayMessage":false,"stepsCount":0,"attachmentsCount":0,"hasContent":false,"attachmentStep":false},{"name":"2024-06-27 21:31:14.573017   Start Checking Captcha","time":{"start":1719524011862,"stop":1719524012905,"duration":1043},"status":"passed","steps":[],"attachments":[],"parameters":[],"shouldDisplayMessage":false,"stepsCount":0,"attachmentsCount":0,"hasContent":false,"attachmentStep":false},{"name":"2024-06-27 21:31:14.573017   Start Checking Captcha","time":{"start":1719524012906,"stop":1719524013929,"duration":1023},"status":"passed","steps":[],"attachments":[],"parameters":[],"shouldDisplayMessage":false,"stepsCount":0,"attachmentsCount":0,"hasContent":false,"attachmentStep":false}],"attachments":[],"parameters":[{"name":"d","value":"<selenium.webdriver.chrome.webdriver.WebDriver (session=\"f9b891b8274142fbe9023ffc6dfa29aa\")>"},{"name":"host","value":"'https://capital.com/'"},{"name":"end_point","value":"''"},{"name":"cur_language","value":"'nl'"},{"name":"cur_country","value":"'de'"},{"name":"cur_role","value":"'Auth'"},{"name":"cur_login","value":"'test001.miketar+1@gmail.com'"},{"name":"cur_password","value":"'Qwer1234-!@#$'"}],"shouldDisplayMessage":false,"stepsCount":4,"attachmentsCount":0,"hasContent":true,"attachmentStep":false},{"name":"Select \"Markets\" menu, \"All Markets\" submenu","time":{"start":1719524013939,"stop":1719524017557,"duration":3618},"status":"passed","steps":[{"name":"Focus moved to 'Markets' menu","time":{"start":1719524013949,"stop":1719524015750,"duration":1801},"status":"passed","steps":[],"attachments":[],"parameters":[{"name":"d","value":"<selenium.webdriver.chrome.webdriver.WebDriver (session=\"f9b891b8274142fbe9023ffc6dfa29aa\")>"},{"name":"test_language","value":"'nl'"},{"name":"test_country","value":"'de'"}],"shouldDisplayMessage":false,"stepsCount":0,"attachmentsCount":0,"hasContent":true,"attachmentStep":false},{"name":"Focus move to 'All Markets' submenu and click.","time":{"start":1719524015750,"stop":1719524017272,"duration":1522},"status":"passed","steps":[],"attachments":[],"parameters":[{"name":"d","value":"<selenium.webdriver.chrome.webdriver.WebDriver (session=\"f9b891b8274142fbe9023ffc6dfa29aa\")>"},{"name":"test_language","value":"'nl'"}],"shouldDisplayMessage":false,"stepsCount":0,"attachmentsCount":0,"hasContent":true,"attachmentStep":false}],"attachments":[],"parameters":[{"name":"d","value":"<selenium.webdriver.chrome.webdriver.WebDriver (session=\"f9b891b8274142fbe9023ffc6dfa29aa\")>"},{"name":"cur_language","value":"'nl'"},{"name":"cur_country","value":"'de'"},{"name":"link","value":"'https://capital.com/nl'"}],"shouldDisplayMessage":false,"stepsCount":2,"attachmentsCount":0,"hasContent":true,"attachmentStep":false},{"name":"Click line instrument","time":{"start":1719524017693,"stop":1719524017758,"duration":65},"status":"broken","statusMessage":"selenium.common.exceptions.StaleElementReferenceException: Message: stale element reference: stale element not found in the current frame\n  (Session info: chrome=126.0.6478.127); For documentation on this error, please visit: https://www.selenium.dev/documentation/webdriver/troubleshooting/errors#stale-element-reference-exception\nStacktrace:\n\tGetHandleVerifier [0x005CC1C3+27395]\n\t(No symbol) [0x00563DC4]\n\t(No symbol) [0x00461B7F]\n\t(No symbol) [0x00466C7F]\n\t(No symbol) [0x00468B7F]\n\t(No symbol) [0x004DD51B]\n\t(No symbol) [0x004C399C]\n\t(No symbol) [0x004DCB24]\n\t(No symbol) [0x004C3736]\n\t(No symbol) [0x00497541]\n\t(No symbol) [0x004980BD]\n\tGetHandleVerifier [0x00883A93+2876371]\n\tGetHandleVerifier [0x008D7F5D+3221661]\n\tGetHandleVerifier [0x0064D634+556916]\n\tGetHandleVerifier [0x0065474C+585868]\n\t(No symbol) [0x0056CE04]\n\t(No symbol) [0x00569818]\n\t(No symbol) [0x005699B7]\n\t(No symbol) [0x0055BF0E]\n\tBaseThreadInitThunk [0x768467F9+25]\n\tRtlGetFullPathName_UEx [0x779A800D+173]\n\tRtlGetFullPathName_UEx [0x779A7FDB+123]\n\n","statusTrace":"  File \"C:\\Users\\runneradmin\\AppData\\Local\\pypoetry\\Cache\\virtualenvs\\testcapitalcompyse-ahTg7XpD-py3.12\\Lib\\site-packages\\allure_commons\\_allure.py\", line 192, in impl\n    return func(*a, **kw)\n           ^^^^^^^^^^^^^^\n  File \"D:\\a\\TestCapitalComPySe\\TestCapitalComPySe\\pages\\Elements\\TableTradingInstrumentItiemAllMarkets.py\", line 117, in element_click\n    self.driver.execute_script(\"arguments[0].click();\", instruments_list[value])\n  File \"C:\\Users\\runneradmin\\AppData\\Local\\pypoetry\\Cache\\virtualenvs\\testcapitalcompyse-ahTg7XpD-py3.12\\Lib\\site-packages\\selenium\\webdriver\\remote\\webdriver.py\", line 407, in execute_script\n    return self.execute(command, {\"script\": script, \"args\": converted_args})[\"value\"]\n           ^^^^^^^^^^^^^^^^^^^^^^^^^^^^^^^^^^^^^^^^^^^^^^^^^^^^^^^^^^^^^^^^^\n  File \"C:\\Users\\runneradmin\\AppData\\Local\\pypoetry\\Cache\\virtualenvs\\testcapitalcompyse-ahTg7XpD-py3.12\\Lib\\site-packages\\selenium\\webdriver\\remote\\webdriver.py\", line 347, in execute\n    self.error_handler.check_response(response)\n  File \"C:\\Users\\runneradmin\\AppData\\Local\\pypoetry\\Cache\\virtualenvs\\testcapitalcompyse-ahTg7XpD-py3.12\\Lib\\site-packages\\selenium\\webdriver\\remote\\errorhandler.py\", line 229, in check_response\n    raise exception_class(message, screen, stacktrace)\n","steps":[],"attachments":[],"parameters":[{"name":"d","value":"<selenium.webdriver.chrome.webdriver.WebDriver (session=\"f9b891b8274142fbe9023ffc6dfa29aa\")>"},{"name":"cur_item_link","value":"'https://capital.com/nl/derivaat-financieel-instrument'"}],"shouldDisplayMessage":true,"stepsCount":0,"attachmentsCount":0,"hasContent":true,"attachmentStep":false}],"attachments":[],"parameters":[{"name":"worker_id","value":"'master'"},{"name":"d","value":"<selenium.webdriver.chrome.webdriver.WebDriver (session=\"f9b891b8274142fbe9023ffc6dfa29aa\")>"},{"name":"cur_language","value":"'nl'"},{"name":"cur_country","value":"'de'"},{"name":"cur_role","value":"'Auth'"},{"name":"cur_login","value":"'test001.miketar+1@gmail.com'"},{"name":"cur_password","value":"'Qwer1234-!@#$'"},{"name":"cur_market","value":"'All'"}],"shouldDisplayMessage":false,"stepsCount":9,"attachmentsCount":0,"hasContent":true,"attachmentStep":false}],"attachments":[{"uid":"a179b26337632ea6","name":"Screenshot","source":"a179b26337632ea6.png","type":"image/png","size":102028},{"uid":"f9f1782e9ce3963c","name":"stdout","source":"f9f1782e9ce3963c.txt","type":"text/plain","size":3831}],"parameters":[],"shouldDisplayMessage":true,"stepsCount":10,"attachmentsCount":2,"hasContent":true,"attachmentStep":false},"afterStages":[{"name":"d::0","time":{"start":1719524191454,"stop":1719524193804,"duration":2350},"status":"passed","steps":[],"attachments":[],"parameters":[],"shouldDisplayMessage":false,"stepsCount":0,"attachmentsCount":0,"hasContent":false,"attachmentStep":false}],"labels":[{"name":"epic","value":"US_01.01 | Markets > Menu item [All markets]"},{"name":"feature","value":"Role: Auth"},{"name":"story","value":"Country: de / Language: nl"},{"name":"tag","value":"test_004"},{"name":"tag","value":"us_01_01_00"},{"name":"parentSuite","value":"tests.US_01_Markets.US_01-01_All_markets"},{"name":"suite","value":"US_01-01-00_All_Markets_test"},{"name":"subSuite","value":"TestAllMarkets"},{"name":"host","value":"fv-az1111-456"},{"name":"thread","value":"3556-MainThread"},{"name":"framework","value":"pytest"},{"name":"language","value":"cpython3"},{"name":"package","value":"tests.US_01_Markets.US_01-01_All_markets.US_01-01-00_All_Markets_test"},{"name":"resultFormat","value":"allure2"}],"parameters":[{"name":"cur_country","value":"'de'"},{"name":"cur_language","value":"'nl'"},{"name":"cur_login","value":"'test001.miketar+1@gmail.com'"},{"name":"cur_market","value":"'All'"},{"name":"cur_password","value":"'Qwer1234-!@#$'"},{"name":"cur_role","value":"'Auth'"},{"name":"d","value":"'Chrome'"}],"links":[],"hidden":false,"retry":false,"extra":{"severity":"normal","retries":[],"categories":[{"name":"Test defects","matchedStatuses":[],"flaky":false}],"tags":["us_01_01_00","test_004"]},"source":"e983a67c59911596.json","parameterValues":["'de'","'nl'","'test001.miketar+1@gmail.com'","'All'","'Qwer1234-!@#$'","'Auth'","'Chrome'"]}