{"uid":"a28454597ad37518","name":"TC_00.00_008 | Start test of button [Download on the App Store] in 'Our Apps' block. Bid:00.00_008-cn.ae.NoReg","fullName":"tests.US_00_Main_page.US_00-00_Main_page.us_00-00_main_page_test.TestMainPage#test_008_download_on_the_app_store_button_in_our_apps_block","historyId":"7b6f3219253834285a213751df18a16d","time":{"start":1716469348016,"stop":1716469351531,"duration":3515},"description":"\n        Check: Button [Download on the App Store] in 'Our Apps' block\n        Language: ALL. License: Not FCA.\n        ","descriptionHtml":"<pre><code>    Check: Button [Download on the App Store] in 'Our Apps' block\n    Language: ALL. License: Not FCA.\n</code></pre>\n","status":"failed","statusMessage":"AssertionError","statusTrace":"self = <us_00-00_main_page_test.TestMainPage object at 0x0000021F2EAD1370>\nworker_id = 'master'\nd = <selenium.webdriver.chrome.webdriver.WebDriver (session=\"598d2f84a0dddfd54b7ac780ff87f36f\")>\ncur_language = 'cn', cur_country = 'ae', cur_role = 'NoReg'\ncur_login = 'test001.miketar+1@gmail.com', cur_password = 'Qwer1234-!@#$'\n\n    @allure.step(\"Start test of button [Download on the App Store] in 'Our Apps' block\")\n    @pytest.mark.test_008\n    def test_008_download_on_the_app_store_button_in_our_apps_block(\n            self, worker_id, d, cur_language, cur_country, cur_role, cur_login, cur_password):\n        \"\"\"\n        Check: Button [Download on the App Store] in 'Our Apps' block\n        Language: ALL. License: Not FCA.\n        \"\"\"\n    \n        bid = build_dynamic_arg_v4(\n            d, worker_id, cur_language, cur_country, cur_role,\n            \"00\", \"Main Page\",\n            \".00_008\",\n            \"Start test of button [Download on the App Store] in 'Our Apps' block\",\n            False, False\n        )\n    \n        Common().check_country_in_list_and_skip_if_not_present(\n            cur_country,\n            ['de', 'au', 'ae']\n        )\n    \n        page_conditions = Conditions(d, \"\")\n        main_page_link = page_conditions.preconditions(\n            d, CapitalComPageSrc.URL, \"\", cur_language, cur_country, cur_role, cur_login, cur_password)\n    \n        test_element = OurAppsBlockDownloadOnTheAppStoreButton(d, main_page_link, bid)\n>       test_element.full_test(d, cur_language, cur_country, cur_role, main_page_link)\n\ntests\\US_00_Main_page\\US_00-00_Main_page\\us_00-00_main_page_test.py:477: \n_ _ _ _ _ _ _ _ _ _ _ _ _ _ _ _ _ _ _ _ _ _ _ _ _ _ _ _ _ _ _ _ _ _ _ _ _ _ _ _\npages\\Elements\\OurAppsBlockDownloadOnTheAppStoreButton.py:38: in full_test\n    test_element.assert_app_store(d, cur_item_link)\npages\\Elements\\AssertClass.py:197: in assert_app_store\n    self.page_app_store.should_be_app_store_page(cur_link)\npages\\AppStore\\app_store.py:22: in should_be_app_store_page\n    self.should_be_app_store_app_title(data[\"APP_TITLE\"])\n_ _ _ _ _ _ _ _ _ _ _ _ _ _ _ _ _ _ _ _ _ _ _ _ _ _ _ _ _ _ _ _ _ _ _ _ _ _ _ _\n\nself = <pages.AppStore.app_store.AppStore object at 0x0000021F2EBEB6E0>\napp_title = 'Capital.com: Trading & Finance 17+'\n\n    @allure.step(\"Checking that the App Store app title\")\n    def should_be_app_store_app_title(self, app_title):\n        \"\"\"Check if the app title\"\"\"\n        print(f\"{datetime.now()}   Checking that the App Store app title\")\n>       assert self.get_text(0, *AppStoreLocators.APP_TITLE) == app_title\nE       AssertionError\n\npages\\AppStore\\app_store.py:58: AssertionError","flaky":false,"newFailed":false,"newBroken":false,"newPassed":false,"retriesCount":0,"retriesStatusChange":false,"beforeStages":[{"name":"d","time":{"start":1716469266029,"stop":1716469297455,"duration":31426},"status":"passed","steps":[],"attachments":[],"parameters":[],"shouldDisplayMessage":false,"stepsCount":0,"attachmentsCount":0,"hasContent":false,"attachmentStep":false},{"name":"worker_id","time":{"start":1716469297455,"stop":1716469297455,"duration":0},"status":"passed","steps":[],"attachments":[],"parameters":[],"shouldDisplayMessage":false,"stepsCount":0,"attachmentsCount":0,"hasContent":false,"attachmentStep":false},{"name":"cur_language","time":{"start":1716469297455,"stop":1716469297455,"duration":0},"status":"passed","steps":[],"attachments":[],"parameters":[],"shouldDisplayMessage":false,"stepsCount":0,"attachmentsCount":0,"hasContent":false,"attachmentStep":false},{"name":"cur_login","time":{"start":1716469297456,"stop":1716469297456,"duration":0},"status":"passed","steps":[],"attachments":[],"parameters":[],"shouldDisplayMessage":false,"stepsCount":0,"attachmentsCount":0,"hasContent":false,"attachmentStep":false},{"name":"cur_country","time":{"start":1716469297456,"stop":1716469297456,"duration":0},"status":"passed","steps":[],"attachments":[],"parameters":[],"shouldDisplayMessage":false,"stepsCount":0,"attachmentsCount":0,"hasContent":false,"attachmentStep":false},{"name":"cur_role","time":{"start":1716469297456,"stop":1716469297456,"duration":0},"status":"passed","steps":[],"attachments":[],"parameters":[],"shouldDisplayMessage":false,"stepsCount":0,"attachmentsCount":0,"hasContent":false,"attachmentStep":false},{"name":"cur_password","time":{"start":1716469297456,"stop":1716469297456,"duration":0},"status":"passed","steps":[],"attachments":[],"parameters":[],"shouldDisplayMessage":false,"stepsCount":0,"attachmentsCount":0,"hasContent":false,"attachmentStep":false}],"testStage":{"description":"\n        Check: Button [Download on the App Store] in 'Our Apps' block\n        Language: ALL. License: Not FCA.\n        ","status":"failed","statusMessage":"AssertionError","statusTrace":"self = <us_00-00_main_page_test.TestMainPage object at 0x0000021F2EAD1370>\nworker_id = 'master'\nd = <selenium.webdriver.chrome.webdriver.WebDriver (session=\"598d2f84a0dddfd54b7ac780ff87f36f\")>\ncur_language = 'cn', cur_country = 'ae', cur_role = 'NoReg'\ncur_login = 'test001.miketar+1@gmail.com', cur_password = 'Qwer1234-!@#$'\n\n    @allure.step(\"Start test of button [Download on the App Store] in 'Our Apps' block\")\n    @pytest.mark.test_008\n    def test_008_download_on_the_app_store_button_in_our_apps_block(\n            self, worker_id, d, cur_language, cur_country, cur_role, cur_login, cur_password):\n        \"\"\"\n        Check: Button [Download on the App Store] in 'Our Apps' block\n        Language: ALL. License: Not FCA.\n        \"\"\"\n    \n        bid = build_dynamic_arg_v4(\n            d, worker_id, cur_language, cur_country, cur_role,\n            \"00\", \"Main Page\",\n            \".00_008\",\n            \"Start test of button [Download on the App Store] in 'Our Apps' block\",\n            False, False\n        )\n    \n        Common().check_country_in_list_and_skip_if_not_present(\n            cur_country,\n            ['de', 'au', 'ae']\n        )\n    \n        page_conditions = Conditions(d, \"\")\n        main_page_link = page_conditions.preconditions(\n            d, CapitalComPageSrc.URL, \"\", cur_language, cur_country, cur_role, cur_login, cur_password)\n    \n        test_element = OurAppsBlockDownloadOnTheAppStoreButton(d, main_page_link, bid)\n>       test_element.full_test(d, cur_language, cur_country, cur_role, main_page_link)\n\ntests\\US_00_Main_page\\US_00-00_Main_page\\us_00-00_main_page_test.py:477: \n_ _ _ _ _ _ _ _ _ _ _ _ _ _ _ _ _ _ _ _ _ _ _ _ _ _ _ _ _ _ _ _ _ _ _ _ _ _ _ _\npages\\Elements\\OurAppsBlockDownloadOnTheAppStoreButton.py:38: in full_test\n    test_element.assert_app_store(d, cur_item_link)\npages\\Elements\\AssertClass.py:197: in assert_app_store\n    self.page_app_store.should_be_app_store_page(cur_link)\npages\\AppStore\\app_store.py:22: in should_be_app_store_page\n    self.should_be_app_store_app_title(data[\"APP_TITLE\"])\n_ _ _ _ _ _ _ _ _ _ _ _ _ _ _ _ _ _ _ _ _ _ _ _ _ _ _ _ _ _ _ _ _ _ _ _ _ _ _ _\n\nself = <pages.AppStore.app_store.AppStore object at 0x0000021F2EBEB6E0>\napp_title = 'Capital.com: Trading & Finance 17+'\n\n    @allure.step(\"Checking that the App Store app title\")\n    def should_be_app_store_app_title(self, app_title):\n        \"\"\"Check if the app title\"\"\"\n        print(f\"{datetime.now()}   Checking that the App Store app title\")\n>       assert self.get_text(0, *AppStoreLocators.APP_TITLE) == app_title\nE       AssertionError\n\npages\\AppStore\\app_store.py:58: AssertionError","steps":[{"name":"Start test of button [Download on the App Store] in 'Our Apps' block","time":{"start":1716469348016,"stop":1716469351530,"duration":3514},"status":"failed","statusMessage":"AssertionError\n","statusTrace":"  File \"C:\\Users\\runneradmin\\AppData\\Local\\pypoetry\\Cache\\virtualenvs\\testcapitalcompyse-ahTg7XpD-py3.12\\Lib\\site-packages\\allure_commons\\_allure.py\", line 192, in impl\n    return func(*a, **kw)\n           ^^^^^^^^^^^^^^\n  File \"D:\\a\\TestCapitalComPySe\\TestCapitalComPySe\\tests\\US_00_Main_page\\US_00-00_Main_page\\us_00-00_main_page_test.py\", line 477, in test_008_download_on_the_app_store_button_in_our_apps_block\n    test_element.full_test(d, cur_language, cur_country, cur_role, main_page_link)\n  File \"C:\\Users\\runneradmin\\AppData\\Local\\pypoetry\\Cache\\virtualenvs\\testcapitalcompyse-ahTg7XpD-py3.12\\Lib\\site-packages\\allure_commons\\_allure.py\", line 192, in impl\n    return func(*a, **kw)\n           ^^^^^^^^^^^^^^\n  File \"D:\\a\\TestCapitalComPySe\\TestCapitalComPySe\\pages\\Elements\\OurAppsBlockDownloadOnTheAppStoreButton.py\", line 38, in full_test\n    test_element.assert_app_store(d, cur_item_link)\n  File \"C:\\Users\\runneradmin\\AppData\\Local\\pypoetry\\Cache\\virtualenvs\\testcapitalcompyse-ahTg7XpD-py3.12\\Lib\\site-packages\\allure_commons\\_allure.py\", line 192, in impl\n    return func(*a, **kw)\n           ^^^^^^^^^^^^^^\n  File \"D:\\a\\TestCapitalComPySe\\TestCapitalComPySe\\pages\\Elements\\AssertClass.py\", line 197, in assert_app_store\n    self.page_app_store.should_be_app_store_page(cur_link)\n  File \"C:\\Users\\runneradmin\\AppData\\Local\\pypoetry\\Cache\\virtualenvs\\testcapitalcompyse-ahTg7XpD-py3.12\\Lib\\site-packages\\allure_commons\\_allure.py\", line 192, in impl\n    return func(*a, **kw)\n           ^^^^^^^^^^^^^^\n  File \"D:\\a\\TestCapitalComPySe\\TestCapitalComPySe\\pages\\AppStore\\app_store.py\", line 22, in should_be_app_store_page\n    self.should_be_app_store_app_title(data[\"APP_TITLE\"])\n  File \"C:\\Users\\runneradmin\\AppData\\Local\\pypoetry\\Cache\\virtualenvs\\testcapitalcompyse-ahTg7XpD-py3.12\\Lib\\site-packages\\allure_commons\\_allure.py\", line 192, in impl\n    return func(*a, **kw)\n           ^^^^^^^^^^^^^^\n  File \"D:\\a\\TestCapitalComPySe\\TestCapitalComPySe\\pages\\AppStore\\app_store.py\", line 58, in should_be_app_store_app_title\n    assert self.get_text(0, *AppStoreLocators.APP_TITLE) == app_title\n           ^^^^^^^^^^^^^^^^^^^^^^^^^^^^^^^^^^^^^^^^^^^^^^^^^^^^^^^^^^\n","steps":[{"name":"Preconditions","time":{"start":1716469348019,"stop":1716469349089,"duration":1070},"status":"passed","steps":[{"name":"2024-05-23 13:01:05.919899   Start Checking Captcha","time":{"start":1716469348039,"stop":1716469349085,"duration":1046},"status":"passed","steps":[],"attachments":[],"parameters":[],"shouldDisplayMessage":false,"stepsCount":0,"attachmentsCount":0,"hasContent":false,"attachmentStep":false}],"attachments":[],"parameters":[{"name":"d","value":"<selenium.webdriver.chrome.webdriver.WebDriver (session=\"598d2f84a0dddfd54b7ac780ff87f36f\")>"},{"name":"host","value":"'https://capital.com/'"},{"name":"end_point","value":"''"},{"name":"cur_language","value":"'cn'"},{"name":"cur_country","value":"'ae'"},{"name":"cur_role","value":"'NoReg'"},{"name":"cur_login","value":"'test001.miketar+1@gmail.com'"},{"name":"cur_password","value":"'Qwer1234-!@#$'"}],"shouldDisplayMessage":false,"stepsCount":1,"attachmentsCount":0,"hasContent":true,"attachmentStep":false},{"name":"2024-05-23 13:01:05.841782   Start Full test for [Download on the App Store] button in \"Our Apps\" block","time":{"start":1716469349089,"stop":1716469351529,"duration":2440},"status":"failed","statusMessage":"AssertionError\n","statusTrace":"  File \"C:\\Users\\runneradmin\\AppData\\Local\\pypoetry\\Cache\\virtualenvs\\testcapitalcompyse-ahTg7XpD-py3.12\\Lib\\site-packages\\allure_commons\\_allure.py\", line 192, in impl\n    return func(*a, **kw)\n           ^^^^^^^^^^^^^^\n  File \"D:\\a\\TestCapitalComPySe\\TestCapitalComPySe\\pages\\Elements\\OurAppsBlockDownloadOnTheAppStoreButton.py\", line 38, in full_test\n    test_element.assert_app_store(d, cur_item_link)\n  File \"C:\\Users\\runneradmin\\AppData\\Local\\pypoetry\\Cache\\virtualenvs\\testcapitalcompyse-ahTg7XpD-py3.12\\Lib\\site-packages\\allure_commons\\_allure.py\", line 192, in impl\n    return func(*a, **kw)\n           ^^^^^^^^^^^^^^\n  File \"D:\\a\\TestCapitalComPySe\\TestCapitalComPySe\\pages\\Elements\\AssertClass.py\", line 197, in assert_app_store\n    self.page_app_store.should_be_app_store_page(cur_link)\n  File \"C:\\Users\\runneradmin\\AppData\\Local\\pypoetry\\Cache\\virtualenvs\\testcapitalcompyse-ahTg7XpD-py3.12\\Lib\\site-packages\\allure_commons\\_allure.py\", line 192, in impl\n    return func(*a, **kw)\n           ^^^^^^^^^^^^^^\n  File \"D:\\a\\TestCapitalComPySe\\TestCapitalComPySe\\pages\\AppStore\\app_store.py\", line 22, in should_be_app_store_page\n    self.should_be_app_store_app_title(data[\"APP_TITLE\"])\n  File \"C:\\Users\\runneradmin\\AppData\\Local\\pypoetry\\Cache\\virtualenvs\\testcapitalcompyse-ahTg7XpD-py3.12\\Lib\\site-packages\\allure_commons\\_allure.py\", line 192, in impl\n    return func(*a, **kw)\n           ^^^^^^^^^^^^^^\n  File \"D:\\a\\TestCapitalComPySe\\TestCapitalComPySe\\pages\\AppStore\\app_store.py\", line 58, in should_be_app_store_app_title\n    assert self.get_text(0, *AppStoreLocators.APP_TITLE) == app_title\n           ^^^^^^^^^^^^^^^^^^^^^^^^^^^^^^^^^^^^^^^^^^^^^^^^^^^^^^^^^^\n","steps":[{"name":"Click button [Download on the App Store] on \"Our Apps\" block","time":{"start":1716469349505,"stop":1716469349602,"duration":97},"status":"passed","steps":[],"attachments":[],"parameters":[{"name":"d","value":"<selenium.webdriver.chrome.webdriver.WebDriver (session=\"598d2f84a0dddfd54b7ac780ff87f36f\")>"}],"shouldDisplayMessage":false,"stepsCount":0,"attachmentsCount":0,"hasContent":true,"attachmentStep":false},{"name":"Checking that \"App Store\" page opened","time":{"start":1716469349603,"stop":1716469351529,"duration":1926},"status":"failed","statusMessage":"AssertionError\n","statusTrace":"  File \"C:\\Users\\runneradmin\\AppData\\Local\\pypoetry\\Cache\\virtualenvs\\testcapitalcompyse-ahTg7XpD-py3.12\\Lib\\site-packages\\allure_commons\\_allure.py\", line 192, in impl\n    return func(*a, **kw)\n           ^^^^^^^^^^^^^^\n  File \"D:\\a\\TestCapitalComPySe\\TestCapitalComPySe\\pages\\Elements\\AssertClass.py\", line 197, in assert_app_store\n    self.page_app_store.should_be_app_store_page(cur_link)\n  File \"C:\\Users\\runneradmin\\AppData\\Local\\pypoetry\\Cache\\virtualenvs\\testcapitalcompyse-ahTg7XpD-py3.12\\Lib\\site-packages\\allure_commons\\_allure.py\", line 192, in impl\n    return func(*a, **kw)\n           ^^^^^^^^^^^^^^\n  File \"D:\\a\\TestCapitalComPySe\\TestCapitalComPySe\\pages\\AppStore\\app_store.py\", line 22, in should_be_app_store_page\n    self.should_be_app_store_app_title(data[\"APP_TITLE\"])\n  File \"C:\\Users\\runneradmin\\AppData\\Local\\pypoetry\\Cache\\virtualenvs\\testcapitalcompyse-ahTg7XpD-py3.12\\Lib\\site-packages\\allure_commons\\_allure.py\", line 192, in impl\n    return func(*a, **kw)\n           ^^^^^^^^^^^^^^\n  File \"D:\\a\\TestCapitalComPySe\\TestCapitalComPySe\\pages\\AppStore\\app_store.py\", line 58, in should_be_app_store_app_title\n    assert self.get_text(0, *AppStoreLocators.APP_TITLE) == app_title\n           ^^^^^^^^^^^^^^^^^^^^^^^^^^^^^^^^^^^^^^^^^^^^^^^^^^^^^^^^^^\n","steps":[{"name":"Checking that the App Store page has opened","time":{"start":1716469349603,"stop":1716469351528,"duration":1925},"status":"failed","statusMessage":"AssertionError\n","statusTrace":"  File \"C:\\Users\\runneradmin\\AppData\\Local\\pypoetry\\Cache\\virtualenvs\\testcapitalcompyse-ahTg7XpD-py3.12\\Lib\\site-packages\\allure_commons\\_allure.py\", line 192, in impl\n    return func(*a, **kw)\n           ^^^^^^^^^^^^^^\n  File \"D:\\a\\TestCapitalComPySe\\TestCapitalComPySe\\pages\\AppStore\\app_store.py\", line 22, in should_be_app_store_page\n    self.should_be_app_store_app_title(data[\"APP_TITLE\"])\n  File \"C:\\Users\\runneradmin\\AppData\\Local\\pypoetry\\Cache\\virtualenvs\\testcapitalcompyse-ahTg7XpD-py3.12\\Lib\\site-packages\\allure_commons\\_allure.py\", line 192, in impl\n    return func(*a, **kw)\n           ^^^^^^^^^^^^^^\n  File \"D:\\a\\TestCapitalComPySe\\TestCapitalComPySe\\pages\\AppStore\\app_store.py\", line 58, in should_be_app_store_app_title\n    assert self.get_text(0, *AppStoreLocators.APP_TITLE) == app_title\n           ^^^^^^^^^^^^^^^^^^^^^^^^^^^^^^^^^^^^^^^^^^^^^^^^^^^^^^^^^^\n","steps":[{"name":"2024-05-23 13:01:04.779080   Check that the page has the expected title - ver 2","time":{"start":1716469351142,"stop":1716469351148,"duration":6},"status":"passed","steps":[],"attachments":[],"parameters":[{"name":"title","value":"'Capital.com: Trading & Finance on the AppÂ Store'"}],"shouldDisplayMessage":false,"stepsCount":0,"attachmentsCount":0,"hasContent":true,"attachmentStep":false},{"name":"Checking that the App Store app title","time":{"start":1716469351148,"stop":1716469351528,"duration":380},"status":"failed","statusMessage":"AssertionError\n","statusTrace":"  File \"C:\\Users\\runneradmin\\AppData\\Local\\pypoetry\\Cache\\virtualenvs\\testcapitalcompyse-ahTg7XpD-py3.12\\Lib\\site-packages\\allure_commons\\_allure.py\", line 192, in impl\n    return func(*a, **kw)\n           ^^^^^^^^^^^^^^\n  File \"D:\\a\\TestCapitalComPySe\\TestCapitalComPySe\\pages\\AppStore\\app_store.py\", line 58, in should_be_app_store_app_title\n    assert self.get_text(0, *AppStoreLocators.APP_TITLE) == app_title\n           ^^^^^^^^^^^^^^^^^^^^^^^^^^^^^^^^^^^^^^^^^^^^^^^^^^^^^^^^^^\n","steps":[],"attachments":[],"parameters":[{"name":"app_title","value":"'Capital.com: Trading & Finance 17+'"}],"shouldDisplayMessage":true,"stepsCount":0,"attachmentsCount":0,"hasContent":true,"attachmentStep":false}],"attachments":[],"parameters":[{"name":"cur_link","value":"'https://capital.com/cn'"}],"shouldDisplayMessage":false,"stepsCount":2,"attachmentsCount":0,"hasContent":true,"attachmentStep":false}],"attachments":[],"parameters":[{"name":"d","value":"<selenium.webdriver.chrome.webdriver.WebDriver (session=\"598d2f84a0dddfd54b7ac780ff87f36f\")>"},{"name":"cur_link","value":"'https://capital.com/cn'"}],"shouldDisplayMessage":false,"stepsCount":3,"attachmentsCount":0,"hasContent":true,"attachmentStep":false}],"attachments":[],"parameters":[{"name":"d","value":"<selenium.webdriver.chrome.webdriver.WebDriver (session=\"598d2f84a0dddfd54b7ac780ff87f36f\")>"},{"name":"cur_language","value":"'cn'"},{"name":"cur_country","value":"'ae'"},{"name":"cur_role","value":"'NoReg'"},{"name":"cur_item_link","value":"'https://capital.com/cn'"}],"shouldDisplayMessage":false,"stepsCount":5,"attachmentsCount":0,"hasContent":true,"attachmentStep":false}],"attachments":[],"parameters":[{"name":"worker_id","value":"'master'"},{"name":"d","value":"<selenium.webdriver.chrome.webdriver.WebDriver (session=\"598d2f84a0dddfd54b7ac780ff87f36f\")>"},{"name":"cur_language","value":"'cn'"},{"name":"cur_country","value":"'ae'"},{"name":"cur_role","value":"'NoReg'"},{"name":"cur_login","value":"'test001.miketar+1@gmail.com'"},{"name":"cur_password","value":"'Qwer1234-!@#$'"}],"shouldDisplayMessage":false,"stepsCount":8,"attachmentsCount":0,"hasContent":true,"attachmentStep":false}],"attachments":[{"uid":"c8d969435dfd44b5","name":"Screenshot","source":"c8d969435dfd44b5.png","type":"image/png","size":204058},{"uid":"4f2c54146bc25df3","name":"log","source":"4f2c54146bc25df3.txt","type":"text/plain","size":3052},{"uid":"97a15f9666683bce","name":"stdout","source":"97a15f9666683bce.txt","type":"text/plain","size":3057}],"parameters":[],"shouldDisplayMessage":true,"stepsCount":9,"attachmentsCount":3,"hasContent":true,"attachmentStep":false},"afterStages":[{"name":"d::0","time":{"start":1716469667428,"stop":1716469669716,"duration":2288},"status":"passed","steps":[],"attachments":[],"parameters":[],"shouldDisplayMessage":false,"stepsCount":0,"attachmentsCount":0,"hasContent":false,"attachmentStep":false}],"labels":[{"name":"epic","value":"US_00 | Main Page"},{"name":"feature","value":"Language: cn"},{"name":"story","value":"Country: ae / Role: NoReg"},{"name":"tag","value":"test_008"},{"name":"tag","value":"us_00_00"},{"name":"parentSuite","value":"tests.US_00_Main_page.US_00-00_Main_page"},{"name":"suite","value":"us_00-00_main_page_test"},{"name":"subSuite","value":"TestMainPage"},{"name":"host","value":"fv-az653-785"},{"name":"thread","value":"4060-MainThread"},{"name":"framework","value":"pytest"},{"name":"language","value":"cpython3"},{"name":"package","value":"tests.US_00_Main_page.US_00-00_Main_page.us_00-00_main_page_test"},{"name":"resultFormat","value":"allure2"}],"parameters":[{"name":"cur_country","value":"'ae'"},{"name":"cur_language","value":"'cn'"},{"name":"cur_login","value":"'test001.miketar+1@gmail.com'"},{"name":"cur_password","value":"'Qwer1234-!@#$'"},{"name":"cur_role","value":"'NoReg'"},{"name":"d","value":"'Chrome'"}],"links":[],"hidden":false,"retry":false,"extra":{"severity":"normal","retries":[],"categories":[{"name":"Product defects","matchedStatuses":[],"flaky":false}],"tags":["us_00_00","test_008"]},"source":"a28454597ad37518.json","parameterValues":["'ae'","'cn'","'test001.miketar+1@gmail.com'","'Qwer1234-!@#$'","'NoReg'","'Chrome'"]}