2024-04-06 04:14:12 ERROR Elements not present after 0.5 seconds on page: https://capital.com/fr/intel-corporation-prix-d-une-action
2024-04-06 04:14:12 ERROR 
Traceback (most recent call last):
  File "/home/runner/work/TestCapitalComPySe/TestCapitalComPySe/pages/base_page.py", line 85, in inner_function
    return func(*args, **kwargs)
           ^^^^^^^^^^^^^^^^^^^^^
  File "/home/runner/work/TestCapitalComPySe/TestCapitalComPySe/pages/base_page.py", line 307, in element_is_visible
    return Wait(self.driver, timeout).until(
           ^^^^^^^^^^^^^^^^^^^^^^^^^^^^^^^^^
  File "/home/runner/.cache/pypoetry/virtualenvs/testcapitalcompyse-CcJ6hTD8-py3.12/lib/python3.12/site-packages/selenium/webdriver/support/wait.py", line 105, in until
    raise TimeoutException(message, screen, stacktrace)
selenium.common.exceptions.TimeoutException: Message: 
Stacktrace:
#0 0x559ef9ace873 <unknown>
#1 0x559ef97c48c6 <unknown>
#2 0x559ef980f618 <unknown>
#3 0x559ef980f6d1 <unknown>
#4 0x559ef9852744 <unknown>
#5 0x559ef98315cd <unknown>
#6 0x559ef984fc19 <unknown>
#7 0x559ef9831343 <unknown>
#8 0x559ef9802593 <unknown>
#9 0x559ef9802f5e <unknown>
#10 0x559ef9a9285b <unknown>
#11 0x559ef9a967b5 <unknown>
#12 0x559ef9a80581 <unknown>
#13 0x559ef9a97342 <unknown>
#14 0x559ef9a6588f <unknown>
#15 0x559ef9abd738 <unknown>
#16 0x559ef9abd90b <unknown>
#17 0x559ef9acd9c4 <unknown>
#18 0x7f0422c94ac3 <unknown>

2024-04-06 04:14:15 ERROR Elements not present after 0.5 seconds on page: https://capital.com/fr/intel-corporation-prix-d-une-action
2024-04-06 04:14:15 ERROR Can't click element by locator ('css selector', '#s_overlay button.s_cancel')
Traceback (most recent call last):
  File "/home/runner/work/TestCapitalComPySe/TestCapitalComPySe/pages/Elements/PageInstrumentNotificationButton.py", line 68, in element_click
    button_list[0].click()
  File "/home/runner/.cache/pypoetry/virtualenvs/testcapitalcompyse-CcJ6hTD8-py3.12/lib/python3.12/site-packages/selenium/webdriver/remote/webelement.py", line 94, in click
    self._execute(Command.CLICK_ELEMENT)
  File "/home/runner/.cache/pypoetry/virtualenvs/testcapitalcompyse-CcJ6hTD8-py3.12/lib/python3.12/site-packages/selenium/webdriver/remote/webelement.py", line 395, in _execute
    return self._parent.execute(command, params)
           ^^^^^^^^^^^^^^^^^^^^^^^^^^^^^^^^^^^^^
  File "/home/runner/.cache/pypoetry/virtualenvs/testcapitalcompyse-CcJ6hTD8-py3.12/lib/python3.12/site-packages/selenium/webdriver/remote/webdriver.py", line 347, in execute
    self.error_handler.check_response(response)
  File "/home/runner/.cache/pypoetry/virtualenvs/testcapitalcompyse-CcJ6hTD8-py3.12/lib/python3.12/site-packages/selenium/webdriver/remote/errorhandler.py", line 229, in check_response
    raise exception_class(message, screen, stacktrace)
selenium.common.exceptions.ElementClickInterceptedException: Message: element click intercepted: Element <a href="/fr/intel-corporation-prix-d-une-action#" data-link="uu" data-iid="10384900209333444" data-side="buy" data-platform="spotlight" class="btn btn--empty btn--round btn--sm js_signup_new js-analyticsVisible js-analyticsClick" data-type="market_alerts">...</a> is not clickable at point (387, 16). Other element would receive the click: <span>...</span>
  (Session info: chrome=123.0.6312.105)
Stacktrace:
#0 0x559ef9ace873 <unknown>
#1 0x559ef97c48c6 <unknown>
#2 0x559ef9816233 <unknown>
#3 0x559ef981414e <unknown>
#4 0x559ef9811b27 <unknown>
#5 0x559ef9810ed3 <unknown>
#6 0x559ef9804507 <unknown>
#7 0x559ef98315a2 <unknown>
#8 0x559ef9803e98 <unknown>
#9 0x559ef983176e <unknown>
#10 0x559ef984fc19 <unknown>
#11 0x559ef9831343 <unknown>
#12 0x559ef9802593 <unknown>
#13 0x559ef9802f5e <unknown>
#14 0x559ef9a9285b <unknown>
#15 0x559ef9a967b5 <unknown>
#16 0x559ef9a80581 <unknown>
#17 0x559ef9a97342 <unknown>
#18 0x559ef9a6588f <unknown>
#19 0x559ef9abd738 <unknown>
#20 0x559ef9abd90b <unknown>
#21 0x559ef9acd9c4 <unknown>
#22 0x7f0422c94ac3 <unknown>


During handling of the above exception, another exception occurred:

Traceback (most recent call last):
  File "/home/runner/work/TestCapitalComPySe/TestCapitalComPySe/pages/base_page.py", line 85, in inner_function
    return func(*args, **kwargs)
           ^^^^^^^^^^^^^^^^^^^^^
  File "/home/runner/work/TestCapitalComPySe/TestCapitalComPySe/pages/base_page.py", line 347, in element_is_clickable
    return Wait(self.driver, timeout).until(
           ^^^^^^^^^^^^^^^^^^^^^^^^^^^^^^^^^
  File "/home/runner/.cache/pypoetry/virtualenvs/testcapitalcompyse-CcJ6hTD8-py3.12/lib/python3.12/site-packages/selenium/webdriver/support/wait.py", line 105, in until
    raise TimeoutException(message, screen, stacktrace)
selenium.common.exceptions.TimeoutException: Message: Can't click element by locator ('css selector', '#s_overlay button.s_cancel')