{"uid":"7e04bd9b7976aa15","name":"TC_55!104 (Lang: en) | Bid:55!104-en.de.NoAuth","fullName":"tests.US_55_ReTestsManual.artemdashkov.US_55-artemdashkov_ReTestsManual_test.TestManualDetected#test_104_trading_calculator_collapse_after_setting_duration","historyId":"950eb3ba459733626496064bc5ed963f","time":{"start":1732835012637,"stop":1732835027783,"duration":15146},"description":"\n        Check: The trading calculator is collapsed in the menu section [Markets] --> [CFD calculator]\n        after setting the maximum duration on the Prof/Loss element and changing the asset\n        Language: En.\n        Country: CYSEC, SCB\n        Role: NoReg, Auth, NoAuth,\n        calc_1_and_calc_2:  (\"GBP/USD\", \"EUR/USD\"),\n                            (\"EUR/USD\", \"GBP/USD\"),\n                            (\"Gold\", \"Natural Gas\"),\n                            (\"Natural Gas\", \"Gold\"),\n                            (\"Germany 40\", \"US Tech 100\"),\n                            (\"US Tech 100\", \"Germany 40\")\n        Author: Artem Dashkov\n        ","descriptionHtml":"<pre><code>    Check: The trading calculator is collapsed in the menu section [Markets] --&gt; [CFD calculator]\n    after setting the maximum duration on the Prof/Loss element and changing the asset\n    Language: En.\n    Country: CYSEC, SCB\n    Role: NoReg, Auth, NoAuth,\n    calc_1_and_calc_2:  (&quot;GBP/USD&quot;, &quot;EUR/USD&quot;),\n                        (&quot;EUR/USD&quot;, &quot;GBP/USD&quot;),\n                        (&quot;Gold&quot;, &quot;Natural Gas&quot;),\n                        (&quot;Natural Gas&quot;, &quot;Gold&quot;),\n                        (&quot;Germany 40&quot;, &quot;US Tech 100&quot;),\n                        (&quot;US Tech 100&quot;, &quot;Germany 40&quot;)\n    Author: Artem Dashkov\n</code></pre>\n","status":"broken","statusMessage":"selenium.common.exceptions.NoSuchElementException: Message: no such element: Unable to locate element: {\"method\":\"css selector\",\"selector\":\"terms-and-conditions-popup em.iconex-close-small.ng-star-inserted\"}\n  (Session info: chrome=131.0.6778.85); For documentation on this error, please visit: https://www.selenium.dev/documentation/webdriver/troubleshooting/errors#no-such-element-exception\nStacktrace:\n#0 0x55b1034d531a <unknown>\n#1 0x55b102feb6e0 <unknown>\n#2 0x55b10303a3e6 <unknown>\n#3 0x55b10303a681 <unknown>\n#4 0x55b10307fb04 <unknown>\n#5 0x55b10305e48d <unknown>\n#6 0x55b10307ced7 <unknown>\n#7 0x55b10305e203 <unknown>\n#8 0x55b10302ccc0 <unknown>\n#9 0x55b10302dc9e <unknown>\n#10 0x55b1034a2d0b <unknown>\n#11 0x55b1034a6c92 <unknown>\n#12 0x55b10348fb3c <unknown>\n#13 0x55b1034a7807 <unknown>\n#14 0x55b1034750df <unknown>\n#15 0x55b1034c4578 <unknown>\n#16 0x55b1034c4740 <unknown>\n#17 0x55b1034d4196 <unknown>\n#18 0x7fb8e5e94ac3 <unknown>","statusTrace":"self = <US_55-artemdashkov_ReTestsManual_test.TestManualDetected object at 0x7f3eb62adb80>\nworker_id = 'master'\nd = <selenium.webdriver.chrome.webdriver.WebDriver (session=\"7222c12dd2c23804f3fda1c4d4ed8db2\")>\ncur_language = '', cur_country = 'de', cur_role = 'NoAuth'\ncur_login = 'test001.miketar+1@gmail.com', cur_password = 'Qwer1234-!@#$'\ncalc_1_and_calc_2 = ('EUR/USD', 'GBP/USD')\n\n    @allure.step(\"Start test of 'Trading calculator' widget in menu [CFD calculator]\")\n    @pytest.mark.parametrize('cur_language', [''])\n    @pytest.mark.parametrize('cur_country', random.sample([\"de\", \"ua\"], 1), )\n    @pytest.mark.parametrize('cur_role', [\"NoReg\", \"Auth\", \"NoAuth\"])\n    @pytest.mark.bug_104\n    def test_104_trading_calculator_collapse_after_setting_duration(\n            self, worker_id, d, cur_language, cur_country, cur_role,\n            cur_login, cur_password, calc_1_and_calc_2):\n        \"\"\"\n        Check: The trading calculator is collapsed in the menu section [Markets] --> [CFD calculator]\n        after setting the maximum duration on the Prof/Loss element and changing the asset\n        Language: En.\n        Country: CYSEC, SCB\n        Role: NoReg, Auth, NoAuth,\n        calc_1_and_calc_2:  (\"GBP/USD\", \"EUR/USD\"),\n                            (\"EUR/USD\", \"GBP/USD\"),\n                            (\"Gold\", \"Natural Gas\"),\n                            (\"Natural Gas\", \"Gold\"),\n                            (\"Germany 40\", \"US Tech 100\"),\n                            (\"US Tech 100\", \"Germany 40\")\n        Author: Artem Dashkov\n        \"\"\"\n    \n        bid = build_dynamic_arg_for_us_55(\n            d, worker_id, cur_language, cur_country, cur_role,\n            \"55\", \"ReTests of Manual Detected Bugs\",\n            \"104\",\n            \"Testing 'Trading calculator' widget in menu [CFD calculator]\",\n            False, False\n        )\n    \n        # Arrange\n>       cur_item_link = apply_preconditions_to_link(d, cur_language, cur_country,\n                                           cur_role, cur_login, cur_password)\n\ntests/US_55_ReTestsManual/artemdashkov/US_55-artemdashkov_ReTestsManual_test.py:384: \n_ _ _ _ _ _ _ _ _ _ _ _ _ _ _ _ _ _ _ _ _ _ _ _ _ _ _ _ _ _ _ _ _ _ _ _ _ _ _ _ \npages/conditions_v2.py:78: in apply_preconditions_to_link\n    return cond.preconditions(d, CapitalComPageSrc.URL_NEW, '', cur_language, cur_country, cur_role,\npages/conditions_v2.py:155: in preconditions\n    self.to_do_de_authorisation_new(d, host)\npages/conditions_v2.py:283: in to_do_de_authorisation_new\n    if not top_bar.trading_platform_top_bar_account_info_menu_logout():\npages/Trading_platform/Topbar/topbar.py:53: in trading_platform_top_bar_account_info_menu_logout\n    terms_and_policies = self.driver.find_element(By.CSS_SELECTOR,\n../../../.cache/pypoetry/virtualenvs/testcapitalcompyse-CcJ6hTD8-py3.12/lib/python3.12/site-packages/selenium/webdriver/remote/webdriver.py:766: in find_element\n    return self.execute(Command.FIND_ELEMENT, {\"using\": by, \"value\": value})[\"value\"]\n../../../.cache/pypoetry/virtualenvs/testcapitalcompyse-CcJ6hTD8-py3.12/lib/python3.12/site-packages/selenium/webdriver/remote/webdriver.py:380: in execute\n    self.error_handler.check_response(response)\n_ _ _ _ _ _ _ _ _ _ _ _ _ _ _ _ _ _ _ _ _ _ _ _ _ _ _ _ _ _ _ _ _ _ _ _ _ _ _ _ \n\nself = <selenium.webdriver.remote.errorhandler.ErrorHandler object at 0x7f3eb6916510>\nresponse = {'status': 404, 'value': '{\"value\":{\"error\":\"no such element\",\"message\":\"no such element: Unable to locate element: {\\...\\\\n#16 0x55b1034c4740 \\\\u003Cunknown>\\\\n#17 0x55b1034d4196 \\\\u003Cunknown>\\\\n#18 0x7fb8e5e94ac3 \\\\u003Cunknown>\\\\n\"}}'}\n\n    def check_response(self, response: Dict[str, Any]) -> None:\n        \"\"\"Checks that a JSON response from the WebDriver does not have an\n        error.\n    \n        :Args:\n         - response - The JSON response from the WebDriver server as a dictionary\n           object.\n    \n        :Raises: If the response contains an error message.\n        \"\"\"\n        status = response.get(\"status\", None)\n        if not status or status == ErrorCode.SUCCESS:\n            return\n        value = None\n        message = response.get(\"message\", \"\")\n        screen: str = response.get(\"screen\", \"\")\n        stacktrace = None\n        if isinstance(status, int):\n            value_json = response.get(\"value\", None)\n            if value_json and isinstance(value_json, str):\n                import json\n    \n                try:\n                    value = json.loads(value_json)\n                    if len(value) == 1:\n                        value = value[\"value\"]\n                    status = value.get(\"error\", None)\n                    if not status:\n                        status = value.get(\"status\", ErrorCode.UNKNOWN_ERROR)\n                        message = value.get(\"value\") or value.get(\"message\")\n                        if not isinstance(message, str):\n                            value = message\n                            message = message.get(\"message\")\n                    else:\n                        message = value.get(\"message\", None)\n                except ValueError:\n                    pass\n    \n        exception_class: Type[WebDriverException]\n        e = ErrorCode()\n        error_codes = [item for item in dir(e) if not item.startswith(\"__\")]\n        for error_code in error_codes:\n            error_info = getattr(ErrorCode, error_code)\n            if isinstance(error_info, list) and status in error_info:\n                exception_class = getattr(ExceptionMapping, error_code, WebDriverException)\n                break\n        else:\n            exception_class = WebDriverException\n    \n        if not value:\n            value = response[\"value\"]\n        if isinstance(value, str):\n            raise exception_class(value)\n        if message == \"\" and \"message\" in value:\n            message = value[\"message\"]\n    \n        screen = None  # type: ignore[assignment]\n        if \"screen\" in value:\n            screen = value[\"screen\"]\n    \n        stacktrace = None\n        st_value = value.get(\"stackTrace\") or value.get(\"stacktrace\")\n        if st_value:\n            if isinstance(st_value, str):\n                stacktrace = st_value.split(\"\\n\")\n            else:\n                stacktrace = []\n                try:\n                    for frame in st_value:\n                        line = frame.get(\"lineNumber\", \"\")\n                        file = frame.get(\"fileName\", \"<anonymous>\")\n                        if line:\n                            file = f\"{file}:{line}\"\n                        meth = frame.get(\"methodName\", \"<anonymous>\")\n                        if \"className\" in frame:\n                            meth = f\"{frame['className']}.{meth}\"\n                        msg = \"    at %s (%s)\"\n                        msg = msg % (meth, file)\n                        stacktrace.append(msg)\n                except TypeError:\n                    pass\n        if exception_class == UnexpectedAlertPresentException:\n            alert_text = None\n            if \"data\" in value:\n                alert_text = value[\"data\"].get(\"text\")\n            elif \"alert\" in value:\n                alert_text = value[\"alert\"].get(\"text\")\n            raise exception_class(message, screen, stacktrace, alert_text)  # type: ignore[call-arg]  # mypy is not smart enough here\n>       raise exception_class(message, screen, stacktrace)\nE       selenium.common.exceptions.NoSuchElementException: Message: no such element: Unable to locate element: {\"method\":\"css selector\",\"selector\":\"terms-and-conditions-popup em.iconex-close-small.ng-star-inserted\"}\nE         (Session info: chrome=131.0.6778.85); For documentation on this error, please visit: https://www.selenium.dev/documentation/webdriver/troubleshooting/errors#no-such-element-exception\nE       Stacktrace:\nE       #0 0x55b1034d531a <unknown>\nE       #1 0x55b102feb6e0 <unknown>\nE       #2 0x55b10303a3e6 <unknown>\nE       #3 0x55b10303a681 <unknown>\nE       #4 0x55b10307fb04 <unknown>\nE       #5 0x55b10305e48d <unknown>\nE       #6 0x55b10307ced7 <unknown>\nE       #7 0x55b10305e203 <unknown>\nE       #8 0x55b10302ccc0 <unknown>\nE       #9 0x55b10302dc9e <unknown>\nE       #10 0x55b1034a2d0b <unknown>\nE       #11 0x55b1034a6c92 <unknown>\nE       #12 0x55b10348fb3c <unknown>\nE       #13 0x55b1034a7807 <unknown>\nE       #14 0x55b1034750df <unknown>\nE       #15 0x55b1034c4578 <unknown>\nE       #16 0x55b1034c4740 <unknown>\nE       #17 0x55b1034d4196 <unknown>\nE       #18 0x7fb8e5e94ac3 <unknown>\n\n../../../.cache/pypoetry/virtualenvs/testcapitalcompyse-CcJ6hTD8-py3.12/lib/python3.12/site-packages/selenium/webdriver/remote/errorhandler.py:229: NoSuchElementException","flaky":false,"newFailed":false,"newBroken":true,"newPassed":false,"retriesCount":0,"retriesStatusChange":false,"beforeStages":[{"name":"d","time":{"start":1732833261655,"stop":1732833262017,"duration":362},"status":"passed","steps":[],"attachments":[],"parameters":[],"shouldDisplayMessage":false,"stepsCount":0,"attachmentsCount":0,"hasContent":false,"attachmentStep":false},{"name":"cur_password","time":{"start":1732833262017,"stop":1732833262017,"duration":0},"status":"passed","steps":[],"attachments":[],"parameters":[],"shouldDisplayMessage":false,"stepsCount":0,"attachmentsCount":0,"hasContent":false,"attachmentStep":false},{"name":"cur_login","time":{"start":1732833262017,"stop":1732833262017,"duration":0},"status":"passed","steps":[],"attachments":[],"parameters":[],"shouldDisplayMessage":false,"stepsCount":0,"attachmentsCount":0,"hasContent":false,"attachmentStep":false},{"name":"worker_id","time":{"start":1732833262017,"stop":1732833262017,"duration":0},"status":"passed","steps":[],"attachments":[],"parameters":[],"shouldDisplayMessage":false,"stepsCount":0,"attachmentsCount":0,"hasContent":false,"attachmentStep":false},{"name":"calc_1_and_calc_2","time":{"start":1732835012636,"stop":1732835012636,"duration":0},"status":"passed","steps":[],"attachments":[],"parameters":[],"shouldDisplayMessage":false,"stepsCount":0,"attachmentsCount":0,"hasContent":false,"attachmentStep":false}],"testStage":{"description":"\n        Check: The trading calculator is collapsed in the menu section [Markets] --> [CFD calculator]\n        after setting the maximum duration on the Prof/Loss element and changing the asset\n        Language: En.\n        Country: CYSEC, SCB\n        Role: NoReg, Auth, NoAuth,\n        calc_1_and_calc_2:  (\"GBP/USD\", \"EUR/USD\"),\n                            (\"EUR/USD\", \"GBP/USD\"),\n                            (\"Gold\", \"Natural Gas\"),\n                            (\"Natural Gas\", \"Gold\"),\n                            (\"Germany 40\", \"US Tech 100\"),\n                            (\"US Tech 100\", \"Germany 40\")\n        Author: Artem Dashkov\n        ","status":"broken","statusMessage":"selenium.common.exceptions.NoSuchElementException: Message: no such element: Unable to locate element: {\"method\":\"css selector\",\"selector\":\"terms-and-conditions-popup em.iconex-close-small.ng-star-inserted\"}\n  (Session info: chrome=131.0.6778.85); For documentation on this error, please visit: https://www.selenium.dev/documentation/webdriver/troubleshooting/errors#no-such-element-exception\nStacktrace:\n#0 0x55b1034d531a <unknown>\n#1 0x55b102feb6e0 <unknown>\n#2 0x55b10303a3e6 <unknown>\n#3 0x55b10303a681 <unknown>\n#4 0x55b10307fb04 <unknown>\n#5 0x55b10305e48d <unknown>\n#6 0x55b10307ced7 <unknown>\n#7 0x55b10305e203 <unknown>\n#8 0x55b10302ccc0 <unknown>\n#9 0x55b10302dc9e <unknown>\n#10 0x55b1034a2d0b <unknown>\n#11 0x55b1034a6c92 <unknown>\n#12 0x55b10348fb3c <unknown>\n#13 0x55b1034a7807 <unknown>\n#14 0x55b1034750df <unknown>\n#15 0x55b1034c4578 <unknown>\n#16 0x55b1034c4740 <unknown>\n#17 0x55b1034d4196 <unknown>\n#18 0x7fb8e5e94ac3 <unknown>","statusTrace":"self = <US_55-artemdashkov_ReTestsManual_test.TestManualDetected object at 0x7f3eb62adb80>\nworker_id = 'master'\nd = <selenium.webdriver.chrome.webdriver.WebDriver (session=\"7222c12dd2c23804f3fda1c4d4ed8db2\")>\ncur_language = '', cur_country = 'de', cur_role = 'NoAuth'\ncur_login = 'test001.miketar+1@gmail.com', cur_password = 'Qwer1234-!@#$'\ncalc_1_and_calc_2 = ('EUR/USD', 'GBP/USD')\n\n    @allure.step(\"Start test of 'Trading calculator' widget in menu [CFD calculator]\")\n    @pytest.mark.parametrize('cur_language', [''])\n    @pytest.mark.parametrize('cur_country', random.sample([\"de\", \"ua\"], 1), )\n    @pytest.mark.parametrize('cur_role', [\"NoReg\", \"Auth\", \"NoAuth\"])\n    @pytest.mark.bug_104\n    def test_104_trading_calculator_collapse_after_setting_duration(\n            self, worker_id, d, cur_language, cur_country, cur_role,\n            cur_login, cur_password, calc_1_and_calc_2):\n        \"\"\"\n        Check: The trading calculator is collapsed in the menu section [Markets] --> [CFD calculator]\n        after setting the maximum duration on the Prof/Loss element and changing the asset\n        Language: En.\n        Country: CYSEC, SCB\n        Role: NoReg, Auth, NoAuth,\n        calc_1_and_calc_2:  (\"GBP/USD\", \"EUR/USD\"),\n                            (\"EUR/USD\", \"GBP/USD\"),\n                            (\"Gold\", \"Natural Gas\"),\n                            (\"Natural Gas\", \"Gold\"),\n                            (\"Germany 40\", \"US Tech 100\"),\n                            (\"US Tech 100\", \"Germany 40\")\n        Author: Artem Dashkov\n        \"\"\"\n    \n        bid = build_dynamic_arg_for_us_55(\n            d, worker_id, cur_language, cur_country, cur_role,\n            \"55\", \"ReTests of Manual Detected Bugs\",\n            \"104\",\n            \"Testing 'Trading calculator' widget in menu [CFD calculator]\",\n            False, False\n        )\n    \n        # Arrange\n>       cur_item_link = apply_preconditions_to_link(d, cur_language, cur_country,\n                                           cur_role, cur_login, cur_password)\n\ntests/US_55_ReTestsManual/artemdashkov/US_55-artemdashkov_ReTestsManual_test.py:384: \n_ _ _ _ _ _ _ _ _ _ _ _ _ _ _ _ _ _ _ _ _ _ _ _ _ _ _ _ _ _ _ _ _ _ _ _ _ _ _ _ \npages/conditions_v2.py:78: in apply_preconditions_to_link\n    return cond.preconditions(d, CapitalComPageSrc.URL_NEW, '', cur_language, cur_country, cur_role,\npages/conditions_v2.py:155: in preconditions\n    self.to_do_de_authorisation_new(d, host)\npages/conditions_v2.py:283: in to_do_de_authorisation_new\n    if not top_bar.trading_platform_top_bar_account_info_menu_logout():\npages/Trading_platform/Topbar/topbar.py:53: in trading_platform_top_bar_account_info_menu_logout\n    terms_and_policies = self.driver.find_element(By.CSS_SELECTOR,\n../../../.cache/pypoetry/virtualenvs/testcapitalcompyse-CcJ6hTD8-py3.12/lib/python3.12/site-packages/selenium/webdriver/remote/webdriver.py:766: in find_element\n    return self.execute(Command.FIND_ELEMENT, {\"using\": by, \"value\": value})[\"value\"]\n../../../.cache/pypoetry/virtualenvs/testcapitalcompyse-CcJ6hTD8-py3.12/lib/python3.12/site-packages/selenium/webdriver/remote/webdriver.py:380: in execute\n    self.error_handler.check_response(response)\n_ _ _ _ _ _ _ _ _ _ _ _ _ _ _ _ _ _ _ _ _ _ _ _ _ _ _ _ _ _ _ _ _ _ _ _ _ _ _ _ \n\nself = <selenium.webdriver.remote.errorhandler.ErrorHandler object at 0x7f3eb6916510>\nresponse = {'status': 404, 'value': '{\"value\":{\"error\":\"no such element\",\"message\":\"no such element: Unable to locate element: {\\...\\\\n#16 0x55b1034c4740 \\\\u003Cunknown>\\\\n#17 0x55b1034d4196 \\\\u003Cunknown>\\\\n#18 0x7fb8e5e94ac3 \\\\u003Cunknown>\\\\n\"}}'}\n\n    def check_response(self, response: Dict[str, Any]) -> None:\n        \"\"\"Checks that a JSON response from the WebDriver does not have an\n        error.\n    \n        :Args:\n         - response - The JSON response from the WebDriver server as a dictionary\n           object.\n    \n        :Raises: If the response contains an error message.\n        \"\"\"\n        status = response.get(\"status\", None)\n        if not status or status == ErrorCode.SUCCESS:\n            return\n        value = None\n        message = response.get(\"message\", \"\")\n        screen: str = response.get(\"screen\", \"\")\n        stacktrace = None\n        if isinstance(status, int):\n            value_json = response.get(\"value\", None)\n            if value_json and isinstance(value_json, str):\n                import json\n    \n                try:\n                    value = json.loads(value_json)\n                    if len(value) == 1:\n                        value = value[\"value\"]\n                    status = value.get(\"error\", None)\n                    if not status:\n                        status = value.get(\"status\", ErrorCode.UNKNOWN_ERROR)\n                        message = value.get(\"value\") or value.get(\"message\")\n                        if not isinstance(message, str):\n                            value = message\n                            message = message.get(\"message\")\n                    else:\n                        message = value.get(\"message\", None)\n                except ValueError:\n                    pass\n    \n        exception_class: Type[WebDriverException]\n        e = ErrorCode()\n        error_codes = [item for item in dir(e) if not item.startswith(\"__\")]\n        for error_code in error_codes:\n            error_info = getattr(ErrorCode, error_code)\n            if isinstance(error_info, list) and status in error_info:\n                exception_class = getattr(ExceptionMapping, error_code, WebDriverException)\n                break\n        else:\n            exception_class = WebDriverException\n    \n        if not value:\n            value = response[\"value\"]\n        if isinstance(value, str):\n            raise exception_class(value)\n        if message == \"\" and \"message\" in value:\n            message = value[\"message\"]\n    \n        screen = None  # type: ignore[assignment]\n        if \"screen\" in value:\n            screen = value[\"screen\"]\n    \n        stacktrace = None\n        st_value = value.get(\"stackTrace\") or value.get(\"stacktrace\")\n        if st_value:\n            if isinstance(st_value, str):\n                stacktrace = st_value.split(\"\\n\")\n            else:\n                stacktrace = []\n                try:\n                    for frame in st_value:\n                        line = frame.get(\"lineNumber\", \"\")\n                        file = frame.get(\"fileName\", \"<anonymous>\")\n                        if line:\n                            file = f\"{file}:{line}\"\n                        meth = frame.get(\"methodName\", \"<anonymous>\")\n                        if \"className\" in frame:\n                            meth = f\"{frame['className']}.{meth}\"\n                        msg = \"    at %s (%s)\"\n                        msg = msg % (meth, file)\n                        stacktrace.append(msg)\n                except TypeError:\n                    pass\n        if exception_class == UnexpectedAlertPresentException:\n            alert_text = None\n            if \"data\" in value:\n                alert_text = value[\"data\"].get(\"text\")\n            elif \"alert\" in value:\n                alert_text = value[\"alert\"].get(\"text\")\n            raise exception_class(message, screen, stacktrace, alert_text)  # type: ignore[call-arg]  # mypy is not smart enough here\n>       raise exception_class(message, screen, stacktrace)\nE       selenium.common.exceptions.NoSuchElementException: Message: no such element: Unable to locate element: {\"method\":\"css selector\",\"selector\":\"terms-and-conditions-popup em.iconex-close-small.ng-star-inserted\"}\nE         (Session info: chrome=131.0.6778.85); For documentation on this error, please visit: https://www.selenium.dev/documentation/webdriver/troubleshooting/errors#no-such-element-exception\nE       Stacktrace:\nE       #0 0x55b1034d531a <unknown>\nE       #1 0x55b102feb6e0 <unknown>\nE       #2 0x55b10303a3e6 <unknown>\nE       #3 0x55b10303a681 <unknown>\nE       #4 0x55b10307fb04 <unknown>\nE       #5 0x55b10305e48d <unknown>\nE       #6 0x55b10307ced7 <unknown>\nE       #7 0x55b10305e203 <unknown>\nE       #8 0x55b10302ccc0 <unknown>\nE       #9 0x55b10302dc9e <unknown>\nE       #10 0x55b1034a2d0b <unknown>\nE       #11 0x55b1034a6c92 <unknown>\nE       #12 0x55b10348fb3c <unknown>\nE       #13 0x55b1034a7807 <unknown>\nE       #14 0x55b1034750df <unknown>\nE       #15 0x55b1034c4578 <unknown>\nE       #16 0x55b1034c4740 <unknown>\nE       #17 0x55b1034d4196 <unknown>\nE       #18 0x7fb8e5e94ac3 <unknown>\n\n../../../.cache/pypoetry/virtualenvs/testcapitalcompyse-CcJ6hTD8-py3.12/lib/python3.12/site-packages/selenium/webdriver/remote/errorhandler.py:229: NoSuchElementException","steps":[{"name":"Start test of 'Trading calculator' widget in menu [CFD calculator]","time":{"start":1732835012637,"stop":1732835027782,"duration":15145},"status":"broken","statusMessage":"selenium.common.exceptions.NoSuchElementException: Message: no such element: Unable to locate element: {\"method\":\"css selector\",\"selector\":\"terms-and-conditions-popup em.iconex-close-small.ng-star-inserted\"}\n  (Session info: chrome=131.0.6778.85); For documentation on this error, please visit: https://www.selenium.dev/documentation/webdriver/troubleshooting/errors#no-such-element-exception\nStacktrace:\n#0 0x55b1034d531a <unknown>\n#1 0x55b102feb6e0 <unknown>\n#2 0x55b10303a3e6 <unknown>\n#3 0x55b10303a681 <unknown>\n#4 0x55b10307fb04 <unknown>\n#5 0x55b10305e48d <unknown>\n#6 0x55b10307ced7 <unknown>\n#7 0x55b10305e203 <unknown>\n#8 0x55b10302ccc0 <unknown>\n#9 0x55b10302dc9e <unknown>\n#10 0x55b1034a2d0b <unknown>\n#11 0x55b1034a6c92 <unknown>\n#12 0x55b10348fb3c <unknown>\n#13 0x55b1034a7807 <unknown>\n#14 0x55b1034750df <unknown>\n#15 0x55b1034c4578 <unknown>\n#16 0x55b1034c4740 <unknown>\n#17 0x55b1034d4196 <unknown>\n#18 0x7fb8e5e94ac3 <unknown>\n\n","statusTrace":"  File \"/home/runner/.cache/pypoetry/virtualenvs/testcapitalcompyse-CcJ6hTD8-py3.12/lib/python3.12/site-packages/allure_commons/_allure.py\", line 192, in impl\n    return func(*a, **kw)\n           ^^^^^^^^^^^^^^\n  File \"/home/runner/work/TestCapitalComPySe/TestCapitalComPySe/tests/US_55_ReTestsManual/artemdashkov/US_55-artemdashkov_ReTestsManual_test.py\", line 384, in test_104_trading_calculator_collapse_after_setting_duration\n    cur_item_link = apply_preconditions_to_link(d, cur_language, cur_country,\n                    ^^^^^^^^^^^^^^^^^^^^^^^^^^^^^^^^^^^^^^^^^^^^^^^^^^^^^^^^^\n  File \"/home/runner/work/TestCapitalComPySe/TestCapitalComPySe/pages/conditions_v2.py\", line 78, in apply_preconditions_to_link\n    return cond.preconditions(d, CapitalComPageSrc.URL_NEW, '', cur_language, cur_country, cur_role,\n           ^^^^^^^^^^^^^^^^^^^^^^^^^^^^^^^^^^^^^^^^^^^^^^^^^^^^^^^^^^^^^^^^^^^^^^^^^^^^^^^^^^^^^^^^^\n  File \"/home/runner/.cache/pypoetry/virtualenvs/testcapitalcompyse-CcJ6hTD8-py3.12/lib/python3.12/site-packages/allure_commons/_allure.py\", line 192, in impl\n    return func(*a, **kw)\n           ^^^^^^^^^^^^^^\n  File \"/home/runner/work/TestCapitalComPySe/TestCapitalComPySe/pages/conditions_v2.py\", line 155, in preconditions\n    self.to_do_de_authorisation_new(d, host)\n  File \"/home/runner/.cache/pypoetry/virtualenvs/testcapitalcompyse-CcJ6hTD8-py3.12/lib/python3.12/site-packages/allure_commons/_allure.py\", line 192, in impl\n    return func(*a, **kw)\n           ^^^^^^^^^^^^^^\n  File \"/home/runner/work/TestCapitalComPySe/TestCapitalComPySe/pages/conditions_v2.py\", line 283, in to_do_de_authorisation_new\n    if not top_bar.trading_platform_top_bar_account_info_menu_logout():\n           ^^^^^^^^^^^^^^^^^^^^^^^^^^^^^^^^^^^^^^^^^^^^^^^^^^^^^^^^^^^\n  File \"/home/runner/.cache/pypoetry/virtualenvs/testcapitalcompyse-CcJ6hTD8-py3.12/lib/python3.12/site-packages/allure_commons/_allure.py\", line 192, in impl\n    return func(*a, **kw)\n           ^^^^^^^^^^^^^^\n  File \"/home/runner/work/TestCapitalComPySe/TestCapitalComPySe/pages/Trading_platform/Topbar/topbar.py\", line 53, in trading_platform_top_bar_account_info_menu_logout\n    terms_and_policies = self.driver.find_element(By.CSS_SELECTOR,\n                         ^^^^^^^^^^^^^^^^^^^^^^^^^^^^^^^^^^^^^^^^^\n  File \"/home/runner/.cache/pypoetry/virtualenvs/testcapitalcompyse-CcJ6hTD8-py3.12/lib/python3.12/site-packages/selenium/webdriver/remote/webdriver.py\", line 766, in find_element\n    return self.execute(Command.FIND_ELEMENT, {\"using\": by, \"value\": value})[\"value\"]\n           ^^^^^^^^^^^^^^^^^^^^^^^^^^^^^^^^^^^^^^^^^^^^^^^^^^^^^^^^^^^^^^^^^\n  File \"/home/runner/.cache/pypoetry/virtualenvs/testcapitalcompyse-CcJ6hTD8-py3.12/lib/python3.12/site-packages/selenium/webdriver/remote/webdriver.py\", line 380, in execute\n    self.error_handler.check_response(response)\n  File \"/home/runner/.cache/pypoetry/virtualenvs/testcapitalcompyse-CcJ6hTD8-py3.12/lib/python3.12/site-packages/selenium/webdriver/remote/errorhandler.py\", line 229, in check_response\n    raise exception_class(message, screen, stacktrace)\n","steps":[{"name":"Build dynamic argument for TCs of US_55","time":{"start":1732835012637,"stop":1732835012639,"duration":2},"status":"passed","steps":[],"attachments":[],"parameters":[{"name":"d","value":"<selenium.webdriver.chrome.webdriver.WebDriver (session=\"7222c12dd2c23804f3fda1c4d4ed8db2\")>"},{"name":"worker_id","value":"'master'"},{"name":"cur_language","value":"''"},{"name":"cur_country","value":"'de'"},{"name":"cur_role","value":"'NoAuth'"},{"name":"us","value":"'55'"},{"name":"desc_us","value":"'ReTests of Manual Detected Bugs'"},{"name":"num_tc","value":"'104'"},{"name":"desc_tc","value":"'Testing 'Trading calculator' widget in menu [CFD calculator]'"},{"name":"manual","value":"False"},{"name":"new_layout","value":"False"}],"shouldDisplayMessage":false,"stepsCount":0,"attachmentsCount":0,"hasContent":true,"attachmentStep":false},{"name":"   Set New preconditions","time":{"start":1732835012639,"stop":1732835027781,"duration":15142},"status":"broken","statusMessage":"selenium.common.exceptions.NoSuchElementException: Message: no such element: Unable to locate element: {\"method\":\"css selector\",\"selector\":\"terms-and-conditions-popup em.iconex-close-small.ng-star-inserted\"}\n  (Session info: chrome=131.0.6778.85); For documentation on this error, please visit: https://www.selenium.dev/documentation/webdriver/troubleshooting/errors#no-such-element-exception\nStacktrace:\n#0 0x55b1034d531a <unknown>\n#1 0x55b102feb6e0 <unknown>\n#2 0x55b10303a3e6 <unknown>\n#3 0x55b10303a681 <unknown>\n#4 0x55b10307fb04 <unknown>\n#5 0x55b10305e48d <unknown>\n#6 0x55b10307ced7 <unknown>\n#7 0x55b10305e203 <unknown>\n#8 0x55b10302ccc0 <unknown>\n#9 0x55b10302dc9e <unknown>\n#10 0x55b1034a2d0b <unknown>\n#11 0x55b1034a6c92 <unknown>\n#12 0x55b10348fb3c <unknown>\n#13 0x55b1034a7807 <unknown>\n#14 0x55b1034750df <unknown>\n#15 0x55b1034c4578 <unknown>\n#16 0x55b1034c4740 <unknown>\n#17 0x55b1034d4196 <unknown>\n#18 0x7fb8e5e94ac3 <unknown>\n\n","statusTrace":"  File \"/home/runner/.cache/pypoetry/virtualenvs/testcapitalcompyse-CcJ6hTD8-py3.12/lib/python3.12/site-packages/allure_commons/_allure.py\", line 192, in impl\n    return func(*a, **kw)\n           ^^^^^^^^^^^^^^\n  File \"/home/runner/work/TestCapitalComPySe/TestCapitalComPySe/pages/conditions_v2.py\", line 155, in preconditions\n    self.to_do_de_authorisation_new(d, host)\n  File \"/home/runner/.cache/pypoetry/virtualenvs/testcapitalcompyse-CcJ6hTD8-py3.12/lib/python3.12/site-packages/allure_commons/_allure.py\", line 192, in impl\n    return func(*a, **kw)\n           ^^^^^^^^^^^^^^\n  File \"/home/runner/work/TestCapitalComPySe/TestCapitalComPySe/pages/conditions_v2.py\", line 283, in to_do_de_authorisation_new\n    if not top_bar.trading_platform_top_bar_account_info_menu_logout():\n           ^^^^^^^^^^^^^^^^^^^^^^^^^^^^^^^^^^^^^^^^^^^^^^^^^^^^^^^^^^^\n  File \"/home/runner/.cache/pypoetry/virtualenvs/testcapitalcompyse-CcJ6hTD8-py3.12/lib/python3.12/site-packages/allure_commons/_allure.py\", line 192, in impl\n    return func(*a, **kw)\n           ^^^^^^^^^^^^^^\n  File \"/home/runner/work/TestCapitalComPySe/TestCapitalComPySe/pages/Trading_platform/Topbar/topbar.py\", line 53, in trading_platform_top_bar_account_info_menu_logout\n    terms_and_policies = self.driver.find_element(By.CSS_SELECTOR,\n                         ^^^^^^^^^^^^^^^^^^^^^^^^^^^^^^^^^^^^^^^^^\n  File \"/home/runner/.cache/pypoetry/virtualenvs/testcapitalcompyse-CcJ6hTD8-py3.12/lib/python3.12/site-packages/selenium/webdriver/remote/webdriver.py\", line 766, in find_element\n    return self.execute(Command.FIND_ELEMENT, {\"using\": by, \"value\": value})[\"value\"]\n           ^^^^^^^^^^^^^^^^^^^^^^^^^^^^^^^^^^^^^^^^^^^^^^^^^^^^^^^^^^^^^^^^^\n  File \"/home/runner/.cache/pypoetry/virtualenvs/testcapitalcompyse-CcJ6hTD8-py3.12/lib/python3.12/site-packages/selenium/webdriver/remote/webdriver.py\", line 380, in execute\n    self.error_handler.check_response(response)\n  File \"/home/runner/.cache/pypoetry/virtualenvs/testcapitalcompyse-CcJ6hTD8-py3.12/lib/python3.12/site-packages/selenium/webdriver/remote/errorhandler.py\", line 229, in check_response\n    raise exception_class(message, screen, stacktrace)\n","steps":[{"name":"2024-11-28 22:34:21.603839   Start Authorization","time":{"start":1732835020024,"stop":1732835022727,"duration":2703},"status":"passed","steps":[],"attachments":[],"parameters":[{"name":"d","value":"<selenium.webdriver.chrome.webdriver.WebDriver (session=\"7222c12dd2c23804f3fda1c4d4ed8db2\")>"},{"name":"link","value":"'https://capital.com/en-gb'"},{"name":"login","value":"'test001.miketar+1@gmail.com'"},{"name":"password","value":"'Qwer1234-!@#$'"},{"name":"cur_role","value":"'NoAuth'"}],"shouldDisplayMessage":false,"stepsCount":0,"attachmentsCount":0,"hasContent":true,"attachmentStep":false},{"name":"2024-11-28 22:34:21.603852   Start Deauthorization","time":{"start":1732835022727,"stop":1732835027781,"duration":5054},"status":"broken","statusMessage":"selenium.common.exceptions.NoSuchElementException: Message: no such element: Unable to locate element: {\"method\":\"css selector\",\"selector\":\"terms-and-conditions-popup em.iconex-close-small.ng-star-inserted\"}\n  (Session info: chrome=131.0.6778.85); For documentation on this error, please visit: https://www.selenium.dev/documentation/webdriver/troubleshooting/errors#no-such-element-exception\nStacktrace:\n#0 0x55b1034d531a <unknown>\n#1 0x55b102feb6e0 <unknown>\n#2 0x55b10303a3e6 <unknown>\n#3 0x55b10303a681 <unknown>\n#4 0x55b10307fb04 <unknown>\n#5 0x55b10305e48d <unknown>\n#6 0x55b10307ced7 <unknown>\n#7 0x55b10305e203 <unknown>\n#8 0x55b10302ccc0 <unknown>\n#9 0x55b10302dc9e <unknown>\n#10 0x55b1034a2d0b <unknown>\n#11 0x55b1034a6c92 <unknown>\n#12 0x55b10348fb3c <unknown>\n#13 0x55b1034a7807 <unknown>\n#14 0x55b1034750df <unknown>\n#15 0x55b1034c4578 <unknown>\n#16 0x55b1034c4740 <unknown>\n#17 0x55b1034d4196 <unknown>\n#18 0x7fb8e5e94ac3 <unknown>\n\n","statusTrace":"  File \"/home/runner/.cache/pypoetry/virtualenvs/testcapitalcompyse-CcJ6hTD8-py3.12/lib/python3.12/site-packages/allure_commons/_allure.py\", line 192, in impl\n    return func(*a, **kw)\n           ^^^^^^^^^^^^^^\n  File \"/home/runner/work/TestCapitalComPySe/TestCapitalComPySe/pages/conditions_v2.py\", line 283, in to_do_de_authorisation_new\n    if not top_bar.trading_platform_top_bar_account_info_menu_logout():\n           ^^^^^^^^^^^^^^^^^^^^^^^^^^^^^^^^^^^^^^^^^^^^^^^^^^^^^^^^^^^\n  File \"/home/runner/.cache/pypoetry/virtualenvs/testcapitalcompyse-CcJ6hTD8-py3.12/lib/python3.12/site-packages/allure_commons/_allure.py\", line 192, in impl\n    return func(*a, **kw)\n           ^^^^^^^^^^^^^^\n  File \"/home/runner/work/TestCapitalComPySe/TestCapitalComPySe/pages/Trading_platform/Topbar/topbar.py\", line 53, in trading_platform_top_bar_account_info_menu_logout\n    terms_and_policies = self.driver.find_element(By.CSS_SELECTOR,\n                         ^^^^^^^^^^^^^^^^^^^^^^^^^^^^^^^^^^^^^^^^^\n  File \"/home/runner/.cache/pypoetry/virtualenvs/testcapitalcompyse-CcJ6hTD8-py3.12/lib/python3.12/site-packages/selenium/webdriver/remote/webdriver.py\", line 766, in find_element\n    return self.execute(Command.FIND_ELEMENT, {\"using\": by, \"value\": value})[\"value\"]\n           ^^^^^^^^^^^^^^^^^^^^^^^^^^^^^^^^^^^^^^^^^^^^^^^^^^^^^^^^^^^^^^^^^\n  File \"/home/runner/.cache/pypoetry/virtualenvs/testcapitalcompyse-CcJ6hTD8-py3.12/lib/python3.12/site-packages/selenium/webdriver/remote/webdriver.py\", line 380, in execute\n    self.error_handler.check_response(response)\n  File \"/home/runner/.cache/pypoetry/virtualenvs/testcapitalcompyse-CcJ6hTD8-py3.12/lib/python3.12/site-packages/selenium/webdriver/remote/errorhandler.py\", line 229, in check_response\n    raise exception_class(message, screen, stacktrace)\n","steps":[{"name":"Start Logout from account info menu in top bar","time":{"start":1732835022727,"stop":1732835027781,"duration":5054},"status":"broken","statusMessage":"selenium.common.exceptions.NoSuchElementException: Message: no such element: Unable to locate element: {\"method\":\"css selector\",\"selector\":\"terms-and-conditions-popup em.iconex-close-small.ng-star-inserted\"}\n  (Session info: chrome=131.0.6778.85); For documentation on this error, please visit: https://www.selenium.dev/documentation/webdriver/troubleshooting/errors#no-such-element-exception\nStacktrace:\n#0 0x55b1034d531a <unknown>\n#1 0x55b102feb6e0 <unknown>\n#2 0x55b10303a3e6 <unknown>\n#3 0x55b10303a681 <unknown>\n#4 0x55b10307fb04 <unknown>\n#5 0x55b10305e48d <unknown>\n#6 0x55b10307ced7 <unknown>\n#7 0x55b10305e203 <unknown>\n#8 0x55b10302ccc0 <unknown>\n#9 0x55b10302dc9e <unknown>\n#10 0x55b1034a2d0b <unknown>\n#11 0x55b1034a6c92 <unknown>\n#12 0x55b10348fb3c <unknown>\n#13 0x55b1034a7807 <unknown>\n#14 0x55b1034750df <unknown>\n#15 0x55b1034c4578 <unknown>\n#16 0x55b1034c4740 <unknown>\n#17 0x55b1034d4196 <unknown>\n#18 0x7fb8e5e94ac3 <unknown>\n\n","statusTrace":"  File \"/home/runner/.cache/pypoetry/virtualenvs/testcapitalcompyse-CcJ6hTD8-py3.12/lib/python3.12/site-packages/allure_commons/_allure.py\", line 192, in impl\n    return func(*a, **kw)\n           ^^^^^^^^^^^^^^\n  File \"/home/runner/work/TestCapitalComPySe/TestCapitalComPySe/pages/Trading_platform/Topbar/topbar.py\", line 53, in trading_platform_top_bar_account_info_menu_logout\n    terms_and_policies = self.driver.find_element(By.CSS_SELECTOR,\n                         ^^^^^^^^^^^^^^^^^^^^^^^^^^^^^^^^^^^^^^^^^\n  File \"/home/runner/.cache/pypoetry/virtualenvs/testcapitalcompyse-CcJ6hTD8-py3.12/lib/python3.12/site-packages/selenium/webdriver/remote/webdriver.py\", line 766, in find_element\n    return self.execute(Command.FIND_ELEMENT, {\"using\": by, \"value\": value})[\"value\"]\n           ^^^^^^^^^^^^^^^^^^^^^^^^^^^^^^^^^^^^^^^^^^^^^^^^^^^^^^^^^^^^^^^^^\n  File \"/home/runner/.cache/pypoetry/virtualenvs/testcapitalcompyse-CcJ6hTD8-py3.12/lib/python3.12/site-packages/selenium/webdriver/remote/webdriver.py\", line 380, in execute\n    self.error_handler.check_response(response)\n  File \"/home/runner/.cache/pypoetry/virtualenvs/testcapitalcompyse-CcJ6hTD8-py3.12/lib/python3.12/site-packages/selenium/webdriver/remote/errorhandler.py\", line 229, in check_response\n    raise exception_class(message, screen, stacktrace)\n","steps":[],"attachments":[],"parameters":[],"shouldDisplayMessage":true,"stepsCount":0,"attachmentsCount":0,"hasContent":true,"attachmentStep":false}],"attachments":[],"parameters":[{"name":"d","value":"<selenium.webdriver.chrome.webdriver.WebDriver (session=\"7222c12dd2c23804f3fda1c4d4ed8db2\")>"},{"name":"link","value":"'https://capital.com/en-gb'"}],"shouldDisplayMessage":false,"stepsCount":1,"attachmentsCount":0,"hasContent":true,"attachmentStep":false}],"attachments":[],"parameters":[{"name":"d","value":"<selenium.webdriver.chrome.webdriver.WebDriver (session=\"7222c12dd2c23804f3fda1c4d4ed8db2\")>"},{"name":"host","value":"'https://capital.com/en-gb'"},{"name":"end_point","value":"''"},{"name":"cur_language","value":"''"},{"name":"cur_country","value":"'de'"},{"name":"cur_role","value":"'NoAuth'"},{"name":"cur_login","value":"'test001.miketar+1@gmail.com'"},{"name":"cur_password","value":"'Qwer1234-!@#$'"}],"shouldDisplayMessage":false,"stepsCount":3,"attachmentsCount":0,"hasContent":true,"attachmentStep":false}],"attachments":[],"parameters":[{"name":"worker_id","value":"'master'"},{"name":"d","value":"<selenium.webdriver.chrome.webdriver.WebDriver (session=\"7222c12dd2c23804f3fda1c4d4ed8db2\")>"},{"name":"cur_language","value":"''"},{"name":"cur_country","value":"'de'"},{"name":"cur_role","value":"'NoAuth'"},{"name":"cur_login","value":"'test001.miketar+1@gmail.com'"},{"name":"cur_password","value":"'Qwer1234-!@#$'"},{"name":"calc_1_and_calc_2","value":"('EUR/USD', 'GBP/USD')"}],"shouldDisplayMessage":false,"stepsCount":5,"attachmentsCount":0,"hasContent":true,"attachmentStep":false}],"attachments":[{"uid":"fe8639d528348524","name":"Screenshot","source":"fe8639d528348524.png","type":"image/png","size":168777},{"uid":"8b595cc89b83ae61","name":"stdout","source":"8b595cc89b83ae61.txt","type":"text/plain","size":3235}],"parameters":[],"shouldDisplayMessage":true,"stepsCount":6,"attachmentsCount":2,"hasContent":true,"attachmentStep":false},"afterStages":[{"name":"d::0","time":{"start":1732837414587,"stop":1732837414965,"duration":378},"status":"passed","steps":[],"attachments":[],"parameters":[],"shouldDisplayMessage":false,"stepsCount":0,"attachmentsCount":0,"hasContent":false,"attachmentStep":false}],"labels":[{"name":"epic","value":"TC_55!104 | Testing 'Trading calculator' widget in menu [CFD calculator]"},{"name":"feature","value":"Role: NoAuth"},{"name":"story","value":"Country: de"},{"name":"tag","value":"bug_104"},{"name":"tag","value":"us_55"},{"name":"parentSuite","value":"tests.US_55_ReTestsManual.artemdashkov"},{"name":"suite","value":"US_55-artemdashkov_ReTestsManual_test"},{"name":"subSuite","value":"TestManualDetected"},{"name":"host","value":"fv-az1980-633"},{"name":"thread","value":"4594-MainThread"},{"name":"framework","value":"pytest"},{"name":"language","value":"cpython3"},{"name":"package","value":"tests.US_55_ReTestsManual.artemdashkov.US_55-artemdashkov_ReTestsManual_test"},{"name":"resultFormat","value":"allure2"}],"parameters":[{"name":"calc_1_and_calc_2","value":"('EUR/USD', 'GBP/USD')"},{"name":"cur_country","value":"'de'"},{"name":"cur_language","value":"''"},{"name":"cur_login","value":"'test001.miketar+1@gmail.com'"},{"name":"cur_password","value":"'Qwer1234-!@#$'"},{"name":"cur_role","value":"'NoAuth'"},{"name":"d","value":"'Chrome'"}],"links":[],"hidden":false,"retry":false,"extra":{"severity":"normal","retries":[],"categories":[{"name":"Test defects","matchedStatuses":[],"flaky":false}],"history":{"statistic":{"failed":1,"broken":1,"skipped":0,"passed":0,"unknown":0,"total":2},"items":[{"uid":"873921c3946ee79c","reportUrl":"https://AlexTomAQA.github.io/TestCapitalComPySe/219//#testresult/873921c3946ee79c","status":"failed","statusDetails":"Failed: Bug â„– ??? 'Markets' menu not present for '' language","time":{"start":1731452467159,"stop":1731452486894,"duration":19735}}]},"tags":["us_55","bug_104"]},"source":"7e04bd9b7976aa15.json","parameterValues":["('EUR/USD', 'GBP/USD')","'de'","''","'test001.miketar+1@gmail.com'","'Qwer1234-!@#$'","'NoAuth'","'Chrome'"]}