{"uid":"dc66104cb6c7f6cf","name":"TC_11.03.04.00_04 | Test button [Download on the App Store] in Block \"Sign up and trade smart today!\". Bid:11.03.04.00_04-en.au.Auth","fullName":"tests.US_11_Education.US_11-03-04_Position_Trading.US_11-03-04_Position_Trading_test.TestPositionTrading#test_04_button_download_on_the_app_store","historyId":"b831c47cc86c1a4375fd4031d0893dc3","time":{"start":1704408706868,"stop":1704408713735,"duration":6867},"description":"\n        Check: Button [Download on the App Store] in Block \"Sign up and trade smart today!\"\n        Language: All. License: All.\n        ","descriptionHtml":"<pre><code>    Check: Button [Download on the App Store] in Block &quot;Sign up and trade smart today!&quot;\n    Language: All. License: All.\n</code></pre>\n","status":"failed","statusMessage":"AssertionError","statusTrace":"self = <US_11-03-04_Position_Trading_test.TestPositionTrading object at 0x7f006489f250>\nworker_id = 'master'\nd = <selenium.webdriver.chrome.webdriver.WebDriver (session=\"d18991bc08dae837f4a704ffb20717ab\")>\ncur_language = '', cur_country = 'au', cur_role = 'Auth'\ncur_login = 'aqa.tomelo.an@gmail.com', cur_password = 'iT9Vgqi6d$fiZ*Z'\n\n    @allure.step(\"Start test of button [Download on the App Store] in Block 'Sign up and trade smart today!'\")\n    @pytest.mark.test_04\n    def test_04_button_download_on_the_app_store(\n            self, worker_id, d, cur_language, cur_country, cur_role, cur_login, cur_password):\n        \"\"\"\n        Check: Button [Download on the App Store] in Block \"Sign up and trade smart today!\"\n        Language: All. License: All.\n        \"\"\"\n        bid = build_dynamic_arg_v4(\n            d, worker_id, cur_language, cur_country, cur_role,\n            \"11.03.04\", \"Education > Menu item [Position Trading]\",\n            \".00_04\", \"Test button [Download on the App Store] in Block \\\"Sign up and trade smart today!\\\"\")\n    \n        menu_link = self.us_link.get_us_link(d, cur_language, cur_country, cur_role, cur_login, cur_password)\n    \n        test_element = ButtonDownloadAppStore(d, menu_link)\n        test_element.arrange_(menu_link)\n        if not test_element.element_click():\n            pytest.fail(\"Testing element is not clicked\")\n        test_element = AssertClass(d, menu_link, bid)\n>       test_element.assert_app_store(d, menu_link)\n\ntests/US_11_Education/US_11-03-04_Position_Trading/US_11-03-04_Position_Trading_test.py:155: \n_ _ _ _ _ _ _ _ _ _ _ _ _ _ _ _ _ _ _ _ _ _ _ _ _ _ _ _ _ _ _ _ _ _ _ _ _ _ _ _ \npages/Elements/AssertClass.py:146: in assert_app_store\n    self.page_app_store.should_be_app_store_page(cur_link)\npages/AppStore/app_store.py:23: in should_be_app_store_page\n    self.should_be_app_store_specifies_provider(data[\"PROVIDER\"])\n_ _ _ _ _ _ _ _ _ _ _ _ _ _ _ _ _ _ _ _ _ _ _ _ _ _ _ _ _ _ _ _ _ _ _ _ _ _ _ _ \n\nself = <pages.AppStore.app_store.AppStore object at 0x7f00640a3110>\nprovider = 'Capital Com SV Investments Limited'\n\n    @allure.step(\"Checking that the App Store specifies provider\")\n    def should_be_app_store_specifies_provider(self, provider):\n        \"\"\"Check if the specifies provider\"\"\"\n        print(f\"{datetime.now()}   Checking that the App Store specifies provider\")\n>       assert self.get_text(0, *AppStoreLocators.PROVIDER) == provider\nE       AssertionError\n\npages/AppStore/app_store.py:64: AssertionError","flaky":false,"newFailed":false,"newBroken":false,"newPassed":false,"retriesCount":0,"retriesStatusChange":false,"beforeStages":[{"name":"worker_id","time":{"start":1704408625095,"stop":1704408625095,"duration":0},"status":"passed","steps":[],"attachments":[],"parameters":[],"shouldDisplayMessage":false,"stepsCount":0,"attachmentsCount":0,"hasContent":false,"attachmentStep":false},{"name":"d","time":{"start":1704408625096,"stop":1704408626225,"duration":1129},"status":"passed","steps":[],"attachments":[],"parameters":[],"shouldDisplayMessage":false,"stepsCount":0,"attachmentsCount":0,"hasContent":false,"attachmentStep":false},{"name":"cur_login","time":{"start":1704408626225,"stop":1704408626225,"duration":0},"status":"passed","steps":[],"attachments":[],"parameters":[],"shouldDisplayMessage":false,"stepsCount":0,"attachmentsCount":0,"hasContent":false,"attachmentStep":false},{"name":"cur_country","time":{"start":1704408626225,"stop":1704408626225,"duration":0},"status":"passed","steps":[],"attachments":[],"parameters":[],"shouldDisplayMessage":false,"stepsCount":0,"attachmentsCount":0,"hasContent":false,"attachmentStep":false},{"name":"cur_password","time":{"start":1704408626225,"stop":1704408626225,"duration":0},"status":"passed","steps":[],"attachments":[],"parameters":[],"shouldDisplayMessage":false,"stepsCount":0,"attachmentsCount":0,"hasContent":false,"attachmentStep":false},{"name":"go","time":{"start":1704408626225,"stop":1704408626225,"duration":0},"status":"passed","steps":[],"attachments":[],"parameters":[],"shouldDisplayMessage":false,"stepsCount":0,"attachmentsCount":0,"hasContent":false,"attachmentStep":false},{"name":"cur_role","time":{"start":1704408626225,"stop":1704408626225,"duration":0},"status":"passed","steps":[],"attachments":[],"parameters":[],"shouldDisplayMessage":false,"stepsCount":0,"attachmentsCount":0,"hasContent":false,"attachmentStep":false},{"name":"cur_language","time":{"start":1704408626225,"stop":1704408626225,"duration":0},"status":"passed","steps":[],"attachments":[],"parameters":[],"shouldDisplayMessage":false,"stepsCount":0,"attachmentsCount":0,"hasContent":false,"attachmentStep":false}],"testStage":{"description":"\n        Check: Button [Download on the App Store] in Block \"Sign up and trade smart today!\"\n        Language: All. License: All.\n        ","status":"failed","statusMessage":"AssertionError","statusTrace":"self = <US_11-03-04_Position_Trading_test.TestPositionTrading object at 0x7f006489f250>\nworker_id = 'master'\nd = <selenium.webdriver.chrome.webdriver.WebDriver (session=\"d18991bc08dae837f4a704ffb20717ab\")>\ncur_language = '', cur_country = 'au', cur_role = 'Auth'\ncur_login = 'aqa.tomelo.an@gmail.com', cur_password = 'iT9Vgqi6d$fiZ*Z'\n\n    @allure.step(\"Start test of button [Download on the App Store] in Block 'Sign up and trade smart today!'\")\n    @pytest.mark.test_04\n    def test_04_button_download_on_the_app_store(\n            self, worker_id, d, cur_language, cur_country, cur_role, cur_login, cur_password):\n        \"\"\"\n        Check: Button [Download on the App Store] in Block \"Sign up and trade smart today!\"\n        Language: All. License: All.\n        \"\"\"\n        bid = build_dynamic_arg_v4(\n            d, worker_id, cur_language, cur_country, cur_role,\n            \"11.03.04\", \"Education > Menu item [Position Trading]\",\n            \".00_04\", \"Test button [Download on the App Store] in Block \\\"Sign up and trade smart today!\\\"\")\n    \n        menu_link = self.us_link.get_us_link(d, cur_language, cur_country, cur_role, cur_login, cur_password)\n    \n        test_element = ButtonDownloadAppStore(d, menu_link)\n        test_element.arrange_(menu_link)\n        if not test_element.element_click():\n            pytest.fail(\"Testing element is not clicked\")\n        test_element = AssertClass(d, menu_link, bid)\n>       test_element.assert_app_store(d, menu_link)\n\ntests/US_11_Education/US_11-03-04_Position_Trading/US_11-03-04_Position_Trading_test.py:155: \n_ _ _ _ _ _ _ _ _ _ _ _ _ _ _ _ _ _ _ _ _ _ _ _ _ _ _ _ _ _ _ _ _ _ _ _ _ _ _ _ \npages/Elements/AssertClass.py:146: in assert_app_store\n    self.page_app_store.should_be_app_store_page(cur_link)\npages/AppStore/app_store.py:23: in should_be_app_store_page\n    self.should_be_app_store_specifies_provider(data[\"PROVIDER\"])\n_ _ _ _ _ _ _ _ _ _ _ _ _ _ _ _ _ _ _ _ _ _ _ _ _ _ _ _ _ _ _ _ _ _ _ _ _ _ _ _ \n\nself = <pages.AppStore.app_store.AppStore object at 0x7f00640a3110>\nprovider = 'Capital Com SV Investments Limited'\n\n    @allure.step(\"Checking that the App Store specifies provider\")\n    def should_be_app_store_specifies_provider(self, provider):\n        \"\"\"Check if the specifies provider\"\"\"\n        print(f\"{datetime.now()}   Checking that the App Store specifies provider\")\n>       assert self.get_text(0, *AppStoreLocators.PROVIDER) == provider\nE       AssertionError\n\npages/AppStore/app_store.py:64: AssertionError","steps":[{"name":"Start test of button [Download on the App Store] in Block 'Sign up and trade smart today!'","time":{"start":1704408706868,"stop":1704408713734,"duration":6866},"status":"failed","statusMessage":"AssertionError\n","statusTrace":"  File \"/home/runner/.cache/pypoetry/virtualenvs/testcapitalcom-CcJ6hTD8-py3.11/lib/python3.11/site-packages/allure_commons/_allure.py\", line 192, in impl\n    return func(*a, **kw)\n           ^^^^^^^^^^^^^^\n  File \"/home/runner/work/TestCapitalComPySe/TestCapitalComPySe/tests/US_11_Education/US_11-03-04_Position_Trading/US_11-03-04_Position_Trading_test.py\", line 155, in test_04_button_download_on_the_app_store\n    test_element.assert_app_store(d, menu_link)\n  File \"/home/runner/.cache/pypoetry/virtualenvs/testcapitalcom-CcJ6hTD8-py3.11/lib/python3.11/site-packages/allure_commons/_allure.py\", line 192, in impl\n    return func(*a, **kw)\n           ^^^^^^^^^^^^^^\n  File \"/home/runner/work/TestCapitalComPySe/TestCapitalComPySe/pages/Elements/AssertClass.py\", line 146, in assert_app_store\n    self.page_app_store.should_be_app_store_page(cur_link)\n  File \"/home/runner/.cache/pypoetry/virtualenvs/testcapitalcom-CcJ6hTD8-py3.11/lib/python3.11/site-packages/allure_commons/_allure.py\", line 192, in impl\n    return func(*a, **kw)\n           ^^^^^^^^^^^^^^\n  File \"/home/runner/work/TestCapitalComPySe/TestCapitalComPySe/pages/AppStore/app_store.py\", line 23, in should_be_app_store_page\n    self.should_be_app_store_specifies_provider(data[\"PROVIDER\"])\n  File \"/home/runner/.cache/pypoetry/virtualenvs/testcapitalcom-CcJ6hTD8-py3.11/lib/python3.11/site-packages/allure_commons/_allure.py\", line 192, in impl\n    return func(*a, **kw)\n           ^^^^^^^^^^^^^^\n  File \"/home/runner/work/TestCapitalComPySe/TestCapitalComPySe/pages/AppStore/app_store.py\", line 64, in should_be_app_store_specifies_provider\n    assert self.get_text(0, *AppStoreLocators.PROVIDER) == provider\n           ^^^^^^^^^^^^^^^^^^^^^^^^^^^^^^^^^^^^^^^^^^^^^^^^^^^^^^^^\n","steps":[{"name":"Set preconditions","time":{"start":1704408706870,"stop":1704408711122,"duration":4252},"status":"passed","steps":[],"attachments":[],"parameters":[{"name":"d","value":"<selenium.webdriver.chrome.webdriver.WebDriver (session=\"d18991bc08dae837f4a704ffb20717ab\")>"},{"name":"host","value":"'https://capital.com'"},{"name":"end_point","value":"''"},{"name":"cur_language","value":"''"},{"name":"cur_country","value":"'au'"},{"name":"cur_role","value":"'Auth'"},{"name":"cur_login","value":"'aqa.tomelo.an@gmail.com'"},{"name":"cur_password","value":"'iT9Vgqi6d$fiZ*Z'"}],"shouldDisplayMessage":false,"stepsCount":0,"attachmentsCount":0,"hasContent":true,"attachmentStep":false},{"name":"Click 'Button Download on the App Store' in Block 'Sign up and trade smart today!'","time":{"start":1704408712004,"stop":1704408712173,"duration":169},"status":"passed","steps":[],"attachments":[],"parameters":[],"shouldDisplayMessage":false,"stepsCount":0,"attachmentsCount":0,"hasContent":false,"attachmentStep":false},{"name":"Checking that \"App Store\" page opened","time":{"start":1704408712174,"stop":1704408713734,"duration":1560},"status":"failed","statusMessage":"AssertionError\n","statusTrace":"  File \"/home/runner/.cache/pypoetry/virtualenvs/testcapitalcom-CcJ6hTD8-py3.11/lib/python3.11/site-packages/allure_commons/_allure.py\", line 192, in impl\n    return func(*a, **kw)\n           ^^^^^^^^^^^^^^\n  File \"/home/runner/work/TestCapitalComPySe/TestCapitalComPySe/pages/Elements/AssertClass.py\", line 146, in assert_app_store\n    self.page_app_store.should_be_app_store_page(cur_link)\n  File \"/home/runner/.cache/pypoetry/virtualenvs/testcapitalcom-CcJ6hTD8-py3.11/lib/python3.11/site-packages/allure_commons/_allure.py\", line 192, in impl\n    return func(*a, **kw)\n           ^^^^^^^^^^^^^^\n  File \"/home/runner/work/TestCapitalComPySe/TestCapitalComPySe/pages/AppStore/app_store.py\", line 23, in should_be_app_store_page\n    self.should_be_app_store_specifies_provider(data[\"PROVIDER\"])\n  File \"/home/runner/.cache/pypoetry/virtualenvs/testcapitalcom-CcJ6hTD8-py3.11/lib/python3.11/site-packages/allure_commons/_allure.py\", line 192, in impl\n    return func(*a, **kw)\n           ^^^^^^^^^^^^^^\n  File \"/home/runner/work/TestCapitalComPySe/TestCapitalComPySe/pages/AppStore/app_store.py\", line 64, in should_be_app_store_specifies_provider\n    assert self.get_text(0, *AppStoreLocators.PROVIDER) == provider\n           ^^^^^^^^^^^^^^^^^^^^^^^^^^^^^^^^^^^^^^^^^^^^^^^^^^^^^^^^\n","steps":[{"name":"Checking that the App Store page has opened","time":{"start":1704408712174,"stop":1704408713734,"duration":1560},"status":"failed","statusMessage":"AssertionError\n","statusTrace":"  File \"/home/runner/.cache/pypoetry/virtualenvs/testcapitalcom-CcJ6hTD8-py3.11/lib/python3.11/site-packages/allure_commons/_allure.py\", line 192, in impl\n    return func(*a, **kw)\n           ^^^^^^^^^^^^^^\n  File \"/home/runner/work/TestCapitalComPySe/TestCapitalComPySe/pages/AppStore/app_store.py\", line 23, in should_be_app_store_page\n    self.should_be_app_store_specifies_provider(data[\"PROVIDER\"])\n  File \"/home/runner/.cache/pypoetry/virtualenvs/testcapitalcom-CcJ6hTD8-py3.11/lib/python3.11/site-packages/allure_commons/_allure.py\", line 192, in impl\n    return func(*a, **kw)\n           ^^^^^^^^^^^^^^\n  File \"/home/runner/work/TestCapitalComPySe/TestCapitalComPySe/pages/AppStore/app_store.py\", line 64, in should_be_app_store_specifies_provider\n    assert self.get_text(0, *AppStoreLocators.PROVIDER) == provider\n           ^^^^^^^^^^^^^^^^^^^^^^^^^^^^^^^^^^^^^^^^^^^^^^^^^^^^^^^^\n","steps":[{"name":"Check that the page has the expected title - ver 2","time":{"start":1704408713426,"stop":1704408713430,"duration":4},"status":"passed","steps":[],"attachments":[],"parameters":[{"name":"title","value":"'Capital.com: Trading & Finance on the AppÂ Store'"}],"shouldDisplayMessage":false,"stepsCount":0,"attachmentsCount":0,"hasContent":true,"attachmentStep":false},{"name":"Checking that the App Store app title","time":{"start":1704408713430,"stop":1704408713457,"duration":27},"status":"passed","steps":[],"attachments":[],"parameters":[{"name":"app_title","value":"'Capital.com: Trading & Finance 17+'"}],"shouldDisplayMessage":false,"stepsCount":0,"attachmentsCount":0,"hasContent":true,"attachmentStep":false},{"name":"Checking that the App Store specifies provider","time":{"start":1704408713457,"stop":1704408713733,"duration":276},"status":"failed","statusMessage":"AssertionError\n","statusTrace":"  File \"/home/runner/.cache/pypoetry/virtualenvs/testcapitalcom-CcJ6hTD8-py3.11/lib/python3.11/site-packages/allure_commons/_allure.py\", line 192, in impl\n    return func(*a, **kw)\n           ^^^^^^^^^^^^^^\n  File \"/home/runner/work/TestCapitalComPySe/TestCapitalComPySe/pages/AppStore/app_store.py\", line 64, in should_be_app_store_specifies_provider\n    assert self.get_text(0, *AppStoreLocators.PROVIDER) == provider\n           ^^^^^^^^^^^^^^^^^^^^^^^^^^^^^^^^^^^^^^^^^^^^^^^^^^^^^^^^\n","steps":[],"attachments":[],"parameters":[{"name":"provider","value":"'Capital Com SV Investments Limited'"}],"shouldDisplayMessage":true,"stepsCount":0,"attachmentsCount":0,"hasContent":true,"attachmentStep":false}],"attachments":[],"parameters":[{"name":"cur_link","value":"'https://capital.com/position-trading'"}],"shouldDisplayMessage":false,"stepsCount":3,"attachmentsCount":0,"hasContent":true,"attachmentStep":false}],"attachments":[],"parameters":[{"name":"d","value":"<selenium.webdriver.chrome.webdriver.WebDriver (session=\"d18991bc08dae837f4a704ffb20717ab\")>"},{"name":"cur_link","value":"'https://capital.com/position-trading'"}],"shouldDisplayMessage":false,"stepsCount":4,"attachmentsCount":0,"hasContent":true,"attachmentStep":false}],"attachments":[],"parameters":[{"name":"worker_id","value":"'master'"},{"name":"d","value":"<selenium.webdriver.chrome.webdriver.WebDriver (session=\"d18991bc08dae837f4a704ffb20717ab\")>"},{"name":"cur_language","value":"''"},{"name":"cur_country","value":"'au'"},{"name":"cur_role","value":"'Auth'"},{"name":"cur_login","value":"'aqa.tomelo.an@gmail.com'"},{"name":"cur_password","value":"'iT9Vgqi6d$fiZ*Z'"}],"shouldDisplayMessage":false,"stepsCount":7,"attachmentsCount":0,"hasContent":true,"attachmentStep":false}],"attachments":[{"uid":"41bf1adfcd23680e","name":"Screenshot","source":"41bf1adfcd23680e.png","type":"image/png","size":124433},{"uid":"321b191b9ef05e89","name":"log","source":"321b191b9ef05e89.txt","type":"text/plain","size":2851},{"uid":"3f650cf7be171ddb","name":"stdout","source":"3f650cf7be171ddb.txt","type":"text/plain","size":1726}],"parameters":[],"shouldDisplayMessage":true,"stepsCount":8,"attachmentsCount":3,"hasContent":true,"attachmentStep":false},"afterStages":[{"name":"go::0","time":{"start":1704408969927,"stop":1704408970101,"duration":174},"status":"passed","steps":[],"attachments":[],"parameters":[],"shouldDisplayMessage":false,"stepsCount":0,"attachmentsCount":0,"hasContent":false,"attachmentStep":false}],"labels":[{"name":"epic","value":"US_11.03.04 | Education > Menu item [Position Trading]"},{"name":"feature","value":"Language: en"},{"name":"story","value":"Country: au / Role: Auth"},{"name":"tag","value":"test_04"},{"name":"tag","value":"us_11_03_04"},{"name":"parentSuite","value":"tests.US_11_Education.US_11-03-04_Position_Trading"},{"name":"suite","value":"US_11-03-04_Position_Trading_test"},{"name":"subSuite","value":"TestPositionTrading"},{"name":"host","value":"fv-az1245-459"},{"name":"thread","value":"36322-MainThread"},{"name":"framework","value":"pytest"},{"name":"language","value":"cpython3"},{"name":"package","value":"tests.US_11_Education.US_11-03-04_Position_Trading.US_11-03-04_Position_Trading_test"},{"name":"resultFormat","value":"allure2"}],"parameters":[{"name":"cur_country","value":"'au'"},{"name":"cur_language","value":"''"},{"name":"cur_login","value":"'aqa.tomelo.an@gmail.com'"},{"name":"cur_password","value":"'iT9Vgqi6d$fiZ*Z'"},{"name":"cur_role","value":"'Auth'"},{"name":"go","value":"'Chrome'"}],"links":[],"hidden":false,"retry":false,"extra":{"severity":"normal","retries":[],"categories":[{"name":"Product defects","matchedStatuses":[],"flaky":false}],"tags":["test_04","us_11_03_04"]},"source":"dc66104cb6c7f6cf.json","parameterValues":["'au'","''","'aqa.tomelo.an@gmail.com'","'iT9Vgqi6d$fiZ*Z'","'Auth'","'Chrome'"]}