{"uid":"f9fac2a30f09fc0b","name":"TC_11.03.05.00_04 | Test button [Download on the App Store] in Block \"Sign up and trade smart today!\". Bid:11.03.05.00_04-en.au.NoReg","fullName":"tests.US_11_Education.US_11-03-05_Swing_Trading.US_11-03-05_Swing_Trading_test.TestSwingTrading#test_04_button_download_on_the_app_store","historyId":"0d39683b06c16511fc712ffc4c1a5738","time":{"start":1704409281732,"stop":1704409287406,"duration":5674},"description":"\n        Check: Button [Download on the App Store] in Block \"Sign up and trade smart today!\"\n        Language: All. License: All.\n        ","descriptionHtml":"<pre><code>    Check: Button [Download on the App Store] in Block &quot;Sign up and trade smart today!&quot;\n    Language: All. License: All.\n</code></pre>\n","status":"failed","statusMessage":"AssertionError","statusTrace":"self = <US_11-03-05_Swing_Trading_test.TestSwingTrading object at 0x7fe35128b790>\nworker_id = 'master'\nd = <selenium.webdriver.chrome.webdriver.WebDriver (session=\"3a6d8c45e68c8dd1baf9285dd0acec88\")>\ncur_language = '', cur_country = 'au', cur_role = 'NoReg'\ncur_login = 'aqa.tomelo.an@gmail.com', cur_password = 'iT9Vgqi6d$fiZ*Z'\n\n    @allure.step(\"Start test of button [Download on the App Store] in Block 'Sign up and trade smart today!'\")\n    @pytest.mark.test_04\n    def test_04_button_download_on_the_app_store(\n            self, worker_id, d, cur_language, cur_country, cur_role, cur_login, cur_password):\n        \"\"\"\n        Check: Button [Download on the App Store] in Block \"Sign up and trade smart today!\"\n        Language: All. License: All.\n        \"\"\"\n        bid = build_dynamic_arg_v4(\n            d, worker_id, cur_language, cur_country, cur_role,\n            \"11.03.05\", \"Education > Menu item [Swing Trading]\",\n            \".00_04\", \"Test button [Download on the App Store] in Block \\\"Sign up and trade smart today!\\\"\")\n    \n        link = self.us_link.get_us_link(d, cur_language, cur_country, cur_role, cur_login, cur_password)\n    \n        test_element = ButtonDownloadAppStore(d, link)\n        test_element.arrange_(link)\n        if not test_element.element_click():\n            pytest.fail(\"Testing element is not clicked\")\n        test_element = AssertClass(d, link, bid)\n>       test_element.assert_app_store(d, link)\n\ntests/US_11_Education/US_11-03-05_Swing_Trading/US_11-03-05_Swing_Trading_test.py:155: \n_ _ _ _ _ _ _ _ _ _ _ _ _ _ _ _ _ _ _ _ _ _ _ _ _ _ _ _ _ _ _ _ _ _ _ _ _ _ _ _ \npages/Elements/AssertClass.py:146: in assert_app_store\n    self.page_app_store.should_be_app_store_page(cur_link)\npages/AppStore/app_store.py:22: in should_be_app_store_page\n    self.should_be_app_store_app_title(data[\"APP_TITLE\"])\n_ _ _ _ _ _ _ _ _ _ _ _ _ _ _ _ _ _ _ _ _ _ _ _ _ _ _ _ _ _ _ _ _ _ _ _ _ _ _ _ \n\nself = <pages.AppStore.app_store.AppStore object at 0x7fe350eaaa50>\napp_title = 'Capital.com: Trading & Finance 17+'\n\n    @allure.step(\"Checking that the App Store app title\")\n    def should_be_app_store_app_title(self, app_title):\n        \"\"\"Check if the app title\"\"\"\n        print(f\"{datetime.now()}   Checking that the App Store app title\")\n>       assert self.get_text(0, *AppStoreLocators.APP_TITLE) == app_title\nE       AssertionError\n\npages/AppStore/app_store.py:58: AssertionError","flaky":false,"newFailed":false,"newBroken":false,"newPassed":false,"retriesCount":0,"retriesStatusChange":false,"beforeStages":[{"name":"d","time":{"start":1704408971028,"stop":1704408971953,"duration":925},"status":"passed","steps":[],"attachments":[],"parameters":[],"shouldDisplayMessage":false,"stepsCount":0,"attachmentsCount":0,"hasContent":false,"attachmentStep":false},{"name":"worker_id","time":{"start":1704408971028,"stop":1704408971028,"duration":0},"status":"passed","steps":[],"attachments":[],"parameters":[],"shouldDisplayMessage":false,"stepsCount":0,"attachmentsCount":0,"hasContent":false,"attachmentStep":false},{"name":"cur_language","time":{"start":1704408971954,"stop":1704408971954,"duration":0},"status":"passed","steps":[],"attachments":[],"parameters":[],"shouldDisplayMessage":false,"stepsCount":0,"attachmentsCount":0,"hasContent":false,"attachmentStep":false},{"name":"cur_country","time":{"start":1704408971954,"stop":1704408971954,"duration":0},"status":"passed","steps":[],"attachments":[],"parameters":[],"shouldDisplayMessage":false,"stepsCount":0,"attachmentsCount":0,"hasContent":false,"attachmentStep":false},{"name":"go","time":{"start":1704408971954,"stop":1704408971954,"duration":0},"status":"passed","steps":[],"attachments":[],"parameters":[],"shouldDisplayMessage":false,"stepsCount":0,"attachmentsCount":0,"hasContent":false,"attachmentStep":false},{"name":"cur_password","time":{"start":1704408971954,"stop":1704408971954,"duration":0},"status":"passed","steps":[],"attachments":[],"parameters":[],"shouldDisplayMessage":false,"stepsCount":0,"attachmentsCount":0,"hasContent":false,"attachmentStep":false},{"name":"cur_login","time":{"start":1704408971954,"stop":1704408971954,"duration":0},"status":"passed","steps":[],"attachments":[],"parameters":[],"shouldDisplayMessage":false,"stepsCount":0,"attachmentsCount":0,"hasContent":false,"attachmentStep":false},{"name":"cur_role","time":{"start":1704409248710,"stop":1704409248710,"duration":0},"status":"passed","steps":[],"attachments":[],"parameters":[],"shouldDisplayMessage":false,"stepsCount":0,"attachmentsCount":0,"hasContent":false,"attachmentStep":false}],"testStage":{"description":"\n        Check: Button [Download on the App Store] in Block \"Sign up and trade smart today!\"\n        Language: All. License: All.\n        ","status":"failed","statusMessage":"AssertionError","statusTrace":"self = <US_11-03-05_Swing_Trading_test.TestSwingTrading object at 0x7fe35128b790>\nworker_id = 'master'\nd = <selenium.webdriver.chrome.webdriver.WebDriver (session=\"3a6d8c45e68c8dd1baf9285dd0acec88\")>\ncur_language = '', cur_country = 'au', cur_role = 'NoReg'\ncur_login = 'aqa.tomelo.an@gmail.com', cur_password = 'iT9Vgqi6d$fiZ*Z'\n\n    @allure.step(\"Start test of button [Download on the App Store] in Block 'Sign up and trade smart today!'\")\n    @pytest.mark.test_04\n    def test_04_button_download_on_the_app_store(\n            self, worker_id, d, cur_language, cur_country, cur_role, cur_login, cur_password):\n        \"\"\"\n        Check: Button [Download on the App Store] in Block \"Sign up and trade smart today!\"\n        Language: All. License: All.\n        \"\"\"\n        bid = build_dynamic_arg_v4(\n            d, worker_id, cur_language, cur_country, cur_role,\n            \"11.03.05\", \"Education > Menu item [Swing Trading]\",\n            \".00_04\", \"Test button [Download on the App Store] in Block \\\"Sign up and trade smart today!\\\"\")\n    \n        link = self.us_link.get_us_link(d, cur_language, cur_country, cur_role, cur_login, cur_password)\n    \n        test_element = ButtonDownloadAppStore(d, link)\n        test_element.arrange_(link)\n        if not test_element.element_click():\n            pytest.fail(\"Testing element is not clicked\")\n        test_element = AssertClass(d, link, bid)\n>       test_element.assert_app_store(d, link)\n\ntests/US_11_Education/US_11-03-05_Swing_Trading/US_11-03-05_Swing_Trading_test.py:155: \n_ _ _ _ _ _ _ _ _ _ _ _ _ _ _ _ _ _ _ _ _ _ _ _ _ _ _ _ _ _ _ _ _ _ _ _ _ _ _ _ \npages/Elements/AssertClass.py:146: in assert_app_store\n    self.page_app_store.should_be_app_store_page(cur_link)\npages/AppStore/app_store.py:22: in should_be_app_store_page\n    self.should_be_app_store_app_title(data[\"APP_TITLE\"])\n_ _ _ _ _ _ _ _ _ _ _ _ _ _ _ _ _ _ _ _ _ _ _ _ _ _ _ _ _ _ _ _ _ _ _ _ _ _ _ _ \n\nself = <pages.AppStore.app_store.AppStore object at 0x7fe350eaaa50>\napp_title = 'Capital.com: Trading & Finance 17+'\n\n    @allure.step(\"Checking that the App Store app title\")\n    def should_be_app_store_app_title(self, app_title):\n        \"\"\"Check if the app title\"\"\"\n        print(f\"{datetime.now()}   Checking that the App Store app title\")\n>       assert self.get_text(0, *AppStoreLocators.APP_TITLE) == app_title\nE       AssertionError\n\npages/AppStore/app_store.py:58: AssertionError","steps":[{"name":"Start test of button [Download on the App Store] in Block 'Sign up and trade smart today!'","time":{"start":1704409281732,"stop":1704409287406,"duration":5674},"status":"failed","statusMessage":"AssertionError\n","statusTrace":"  File \"/home/runner/.cache/pypoetry/virtualenvs/testcapitalcom-CcJ6hTD8-py3.11/lib/python3.11/site-packages/allure_commons/_allure.py\", line 192, in impl\n    return func(*a, **kw)\n           ^^^^^^^^^^^^^^\n  File \"/home/runner/work/TestCapitalComPySe/TestCapitalComPySe/tests/US_11_Education/US_11-03-05_Swing_Trading/US_11-03-05_Swing_Trading_test.py\", line 155, in test_04_button_download_on_the_app_store\n    test_element.assert_app_store(d, link)\n  File \"/home/runner/.cache/pypoetry/virtualenvs/testcapitalcom-CcJ6hTD8-py3.11/lib/python3.11/site-packages/allure_commons/_allure.py\", line 192, in impl\n    return func(*a, **kw)\n           ^^^^^^^^^^^^^^\n  File \"/home/runner/work/TestCapitalComPySe/TestCapitalComPySe/pages/Elements/AssertClass.py\", line 146, in assert_app_store\n    self.page_app_store.should_be_app_store_page(cur_link)\n  File \"/home/runner/.cache/pypoetry/virtualenvs/testcapitalcom-CcJ6hTD8-py3.11/lib/python3.11/site-packages/allure_commons/_allure.py\", line 192, in impl\n    return func(*a, **kw)\n           ^^^^^^^^^^^^^^\n  File \"/home/runner/work/TestCapitalComPySe/TestCapitalComPySe/pages/AppStore/app_store.py\", line 22, in should_be_app_store_page\n    self.should_be_app_store_app_title(data[\"APP_TITLE\"])\n  File \"/home/runner/.cache/pypoetry/virtualenvs/testcapitalcom-CcJ6hTD8-py3.11/lib/python3.11/site-packages/allure_commons/_allure.py\", line 192, in impl\n    return func(*a, **kw)\n           ^^^^^^^^^^^^^^\n  File \"/home/runner/work/TestCapitalComPySe/TestCapitalComPySe/pages/AppStore/app_store.py\", line 58, in should_be_app_store_app_title\n    assert self.get_text(0, *AppStoreLocators.APP_TITLE) == app_title\n           ^^^^^^^^^^^^^^^^^^^^^^^^^^^^^^^^^^^^^^^^^^^^^^^^^^^^^^^^^^\n","steps":[{"name":"Set preconditions","time":{"start":1704409281751,"stop":1704409286001,"duration":4250},"status":"passed","steps":[],"attachments":[],"parameters":[{"name":"d","value":"<selenium.webdriver.chrome.webdriver.WebDriver (session=\"3a6d8c45e68c8dd1baf9285dd0acec88\")>"},{"name":"host","value":"'https://capital.com'"},{"name":"end_point","value":"''"},{"name":"cur_language","value":"''"},{"name":"cur_country","value":"'au'"},{"name":"cur_role","value":"'NoReg'"},{"name":"cur_login","value":"'aqa.tomelo.an@gmail.com'"},{"name":"cur_password","value":"'iT9Vgqi6d$fiZ*Z'"}],"shouldDisplayMessage":false,"stepsCount":0,"attachmentsCount":0,"hasContent":true,"attachmentStep":false},{"name":"Click 'Button Download on the App Store' in Block 'Sign up and trade smart today!'","time":{"start":1704409286024,"stop":1704409286216,"duration":192},"status":"passed","steps":[],"attachments":[],"parameters":[],"shouldDisplayMessage":false,"stepsCount":0,"attachmentsCount":0,"hasContent":false,"attachmentStep":false},{"name":"Checking that \"App Store\" page opened","time":{"start":1704409286216,"stop":1704409287405,"duration":1189},"status":"failed","statusMessage":"AssertionError\n","statusTrace":"  File \"/home/runner/.cache/pypoetry/virtualenvs/testcapitalcom-CcJ6hTD8-py3.11/lib/python3.11/site-packages/allure_commons/_allure.py\", line 192, in impl\n    return func(*a, **kw)\n           ^^^^^^^^^^^^^^\n  File \"/home/runner/work/TestCapitalComPySe/TestCapitalComPySe/pages/Elements/AssertClass.py\", line 146, in assert_app_store\n    self.page_app_store.should_be_app_store_page(cur_link)\n  File \"/home/runner/.cache/pypoetry/virtualenvs/testcapitalcom-CcJ6hTD8-py3.11/lib/python3.11/site-packages/allure_commons/_allure.py\", line 192, in impl\n    return func(*a, **kw)\n           ^^^^^^^^^^^^^^\n  File \"/home/runner/work/TestCapitalComPySe/TestCapitalComPySe/pages/AppStore/app_store.py\", line 22, in should_be_app_store_page\n    self.should_be_app_store_app_title(data[\"APP_TITLE\"])\n  File \"/home/runner/.cache/pypoetry/virtualenvs/testcapitalcom-CcJ6hTD8-py3.11/lib/python3.11/site-packages/allure_commons/_allure.py\", line 192, in impl\n    return func(*a, **kw)\n           ^^^^^^^^^^^^^^\n  File \"/home/runner/work/TestCapitalComPySe/TestCapitalComPySe/pages/AppStore/app_store.py\", line 58, in should_be_app_store_app_title\n    assert self.get_text(0, *AppStoreLocators.APP_TITLE) == app_title\n           ^^^^^^^^^^^^^^^^^^^^^^^^^^^^^^^^^^^^^^^^^^^^^^^^^^^^^^^^^^\n","steps":[{"name":"Checking that the App Store page has opened","time":{"start":1704409286216,"stop":1704409287405,"duration":1189},"status":"failed","statusMessage":"AssertionError\n","statusTrace":"  File \"/home/runner/.cache/pypoetry/virtualenvs/testcapitalcom-CcJ6hTD8-py3.11/lib/python3.11/site-packages/allure_commons/_allure.py\", line 192, in impl\n    return func(*a, **kw)\n           ^^^^^^^^^^^^^^\n  File \"/home/runner/work/TestCapitalComPySe/TestCapitalComPySe/pages/AppStore/app_store.py\", line 22, in should_be_app_store_page\n    self.should_be_app_store_app_title(data[\"APP_TITLE\"])\n  File \"/home/runner/.cache/pypoetry/virtualenvs/testcapitalcom-CcJ6hTD8-py3.11/lib/python3.11/site-packages/allure_commons/_allure.py\", line 192, in impl\n    return func(*a, **kw)\n           ^^^^^^^^^^^^^^\n  File \"/home/runner/work/TestCapitalComPySe/TestCapitalComPySe/pages/AppStore/app_store.py\", line 58, in should_be_app_store_app_title\n    assert self.get_text(0, *AppStoreLocators.APP_TITLE) == app_title\n           ^^^^^^^^^^^^^^^^^^^^^^^^^^^^^^^^^^^^^^^^^^^^^^^^^^^^^^^^^^\n","steps":[{"name":"Check that the page has the expected title - ver 2","time":{"start":1704409287133,"stop":1704409287137,"duration":4},"status":"passed","steps":[],"attachments":[],"parameters":[{"name":"title","value":"'Capital.com: Trading & Finance on the AppÂ Store'"}],"shouldDisplayMessage":false,"stepsCount":0,"attachmentsCount":0,"hasContent":true,"attachmentStep":false},{"name":"Checking that the App Store app title","time":{"start":1704409287137,"stop":1704409287404,"duration":267},"status":"failed","statusMessage":"AssertionError\n","statusTrace":"  File \"/home/runner/.cache/pypoetry/virtualenvs/testcapitalcom-CcJ6hTD8-py3.11/lib/python3.11/site-packages/allure_commons/_allure.py\", line 192, in impl\n    return func(*a, **kw)\n           ^^^^^^^^^^^^^^\n  File \"/home/runner/work/TestCapitalComPySe/TestCapitalComPySe/pages/AppStore/app_store.py\", line 58, in should_be_app_store_app_title\n    assert self.get_text(0, *AppStoreLocators.APP_TITLE) == app_title\n           ^^^^^^^^^^^^^^^^^^^^^^^^^^^^^^^^^^^^^^^^^^^^^^^^^^^^^^^^^^\n","steps":[],"attachments":[],"parameters":[{"name":"app_title","value":"'Capital.com: Trading & Finance 17+'"}],"shouldDisplayMessage":true,"stepsCount":0,"attachmentsCount":0,"hasContent":true,"attachmentStep":false}],"attachments":[],"parameters":[{"name":"cur_link","value":"'https://capital.com/swing-trading'"}],"shouldDisplayMessage":false,"stepsCount":2,"attachmentsCount":0,"hasContent":true,"attachmentStep":false}],"attachments":[],"parameters":[{"name":"d","value":"<selenium.webdriver.chrome.webdriver.WebDriver (session=\"3a6d8c45e68c8dd1baf9285dd0acec88\")>"},{"name":"cur_link","value":"'https://capital.com/swing-trading'"}],"shouldDisplayMessage":false,"stepsCount":3,"attachmentsCount":0,"hasContent":true,"attachmentStep":false}],"attachments":[],"parameters":[{"name":"worker_id","value":"'master'"},{"name":"d","value":"<selenium.webdriver.chrome.webdriver.WebDriver (session=\"3a6d8c45e68c8dd1baf9285dd0acec88\")>"},{"name":"cur_language","value":"''"},{"name":"cur_country","value":"'au'"},{"name":"cur_role","value":"'NoReg'"},{"name":"cur_login","value":"'aqa.tomelo.an@gmail.com'"},{"name":"cur_password","value":"'iT9Vgqi6d$fiZ*Z'"}],"shouldDisplayMessage":false,"stepsCount":6,"attachmentsCount":0,"hasContent":true,"attachmentStep":false}],"attachments":[{"uid":"c60630e9be7bfcb","name":"Screenshot","source":"c60630e9be7bfcb.png","type":"image/png","size":124433},{"uid":"a85153684d49a9ac","name":"log","source":"a85153684d49a9ac.txt","type":"text/plain","size":2851},{"uid":"465af87f2304f547","name":"stdout","source":"465af87f2304f547.txt","type":"text/plain","size":1576}],"parameters":[],"shouldDisplayMessage":true,"stepsCount":7,"attachmentsCount":3,"hasContent":true,"attachmentStep":false},"afterStages":[{"name":"go::0","time":{"start":1704409310546,"stop":1704409310721,"duration":175},"status":"passed","steps":[],"attachments":[],"parameters":[],"shouldDisplayMessage":false,"stepsCount":0,"attachmentsCount":0,"hasContent":false,"attachmentStep":false}],"labels":[{"name":"epic","value":"US_11.03.05 | Education > Menu item [Swing Trading]"},{"name":"feature","value":"Language: en"},{"name":"story","value":"Country: au / Role: NoReg"},{"name":"tag","value":"test_04"},{"name":"tag","value":"us_11_03_05"},{"name":"parentSuite","value":"tests.US_11_Education.US_11-03-05_Swing_Trading"},{"name":"suite","value":"US_11-03-05_Swing_Trading_test"},{"name":"subSuite","value":"TestSwingTrading"},{"name":"host","value":"fv-az1245-459"},{"name":"thread","value":"37981-MainThread"},{"name":"framework","value":"pytest"},{"name":"language","value":"cpython3"},{"name":"package","value":"tests.US_11_Education.US_11-03-05_Swing_Trading.US_11-03-05_Swing_Trading_test"},{"name":"resultFormat","value":"allure2"}],"parameters":[{"name":"cur_country","value":"'au'"},{"name":"cur_language","value":"''"},{"name":"cur_login","value":"'aqa.tomelo.an@gmail.com'"},{"name":"cur_password","value":"'iT9Vgqi6d$fiZ*Z'"},{"name":"cur_role","value":"'NoReg'"},{"name":"go","value":"'Chrome'"}],"links":[],"hidden":false,"retry":false,"extra":{"severity":"normal","retries":[],"categories":[{"name":"Product defects","matchedStatuses":[],"flaky":false}],"tags":["test_04","us_11_03_05"]},"source":"f9fac2a30f09fc0b.json","parameterValues":["'au'","''","'aqa.tomelo.an@gmail.com'","'iT9Vgqi6d$fiZ*Z'","'NoReg'","'Chrome'"]}