2024-05-15 14:00:15 ERROR Elements not present after 0.5 seconds on page: https://capital.com/ro/alte-instrumente?t=risers
2024-05-15 14:00:15 ERROR 
Traceback (most recent call last):
  File "/home/runner/work/TestCapitalComPySe/TestCapitalComPySe/pages/base_page.py", line 86, in inner_function
    return func(*args, **kwargs)
           ^^^^^^^^^^^^^^^^^^^^^
  File "/home/runner/work/TestCapitalComPySe/TestCapitalComPySe/pages/base_page.py", line 305, in element_is_visible
    return Wait(self.driver, timeout).until(
           ^^^^^^^^^^^^^^^^^^^^^^^^^^^^^^^^^
  File "/home/runner/.cache/pypoetry/virtualenvs/testcapitalcompyse-CcJ6hTD8-py3.12/lib/python3.12/site-packages/selenium/webdriver/support/wait.py", line 105, in until
    raise TimeoutException(message, screen, stacktrace)
selenium.common.exceptions.TimeoutException: Message: 
Stacktrace:
#0 0x555ba8302dc3 <unknown>
#1 0x555ba7ff14e7 <unknown>
#2 0x555ba803c35d <unknown>
#3 0x555ba803c411 <unknown>
#4 0x555ba807f774 <unknown>
#5 0x555ba805e47d <unknown>
#6 0x555ba807cc29 <unknown>
#7 0x555ba805e1f3 <unknown>
#8 0x555ba802f28a <unknown>
#9 0x555ba802fc5e <unknown>
#10 0x555ba82c70eb <unknown>
#11 0x555ba82cb03b <unknown>
#12 0x555ba82b3201 <unknown>
#13 0x555ba82cbba2 <unknown>
#14 0x555ba82980bf <unknown>
#15 0x555ba82f1f18 <unknown>
#16 0x555ba82f20f0 <unknown>
#17 0x555ba8301f14 <unknown>
#18 0x7f267da94ac3 <unknown>