{"uid":"e95ac130a1c748f7","name":"TC_55!322b (Lang: en) | Bid:55!322b-en.ae.NoAuth","fullName":"tests.US_55_ReTestsManual.tassobaccato.US_55-tassobaccato_ReTestsManual_test.TestManualDetectedBugs#test_322b","historyId":"6bb21093e5e602e29a1ec75a23f40565","time":{"start":1727656583773,"stop":1727656608013,"duration":24240},"description":"\n        Check: Clicking [numeric values] in the Buy column in Menu tittle Markets does not open the\n                Sign-Up /Login form or page of the corresponding trading instrument on the trading platform using\n                English or Arabic language.\n        Language: EN, AR\n        License: SCA\n        Author: Kasila\n        ","descriptionHtml":"<pre><code>    Check: Clicking [numeric values] in the Buy column in Menu tittle Markets does not open the\n            Sign-Up /Login form or page of the corresponding trading instrument on the trading platform using\n            English or Arabic language.\n    Language: EN, AR\n    License: SCA\n    Author: Kasila\n</code></pre>\n","status":"failed","statusMessage":"Failed: Bug # 55!322 \nExpected result: Login form is opened\nActual result: Login form is not opened","statusTrace":"self = <pages.BugsManual.bug_322.AssertTPI object at 0x7f0f27de1190>\nd = <selenium.webdriver.chrome.webdriver.WebDriver (session=\"779c7372bcdbf5455e05d875a2a5017a\")>\n\n    def assert_login(self, d):\n        print(f\"\\n{datetime.now()}   3. Assert\")\n    \n        try:\n>           login_form = self.driver.find_element(By.XPATH, '//strong/span[contains(text(), \"Login\")]')\n\npages/BugsManual/bug_322.py:123: \n_ _ _ _ _ _ _ _ _ _ _ _ _ _ _ _ _ _ _ _ _ _ _ _ _ _ _ _ _ _ _ _ _ _ _ _ _ _ _ _ \n../../../.cache/pypoetry/virtualenvs/testcapitalcompyse-CcJ6hTD8-py3.12/lib/python3.12/site-packages/selenium/webdriver/remote/webdriver.py:748: in find_element\n    return self.execute(Command.FIND_ELEMENT, {\"using\": by, \"value\": value})[\"value\"]\n../../../.cache/pypoetry/virtualenvs/testcapitalcompyse-CcJ6hTD8-py3.12/lib/python3.12/site-packages/selenium/webdriver/remote/webdriver.py:354: in execute\n    self.error_handler.check_response(response)\n_ _ _ _ _ _ _ _ _ _ _ _ _ _ _ _ _ _ _ _ _ _ _ _ _ _ _ _ _ _ _ _ _ _ _ _ _ _ _ _ \n\nself = <selenium.webdriver.remote.errorhandler.ErrorHandler object at 0x7f0f27d83830>\nresponse = {'status': 404, 'value': '{\"value\":{\"error\":\"no such element\",\"message\":\"no such element: Unable to locate element: {\\...\\\\n#16 0x559e032431d3 \\\\u003Cunknown>\\\\n#17 0x559e03252f5c \\\\u003Cunknown>\\\\n#18 0x7fea74e94ac3 \\\\u003Cunknown>\\\\n\"}}'}\n\n    def check_response(self, response: Dict[str, Any]) -> None:\n        \"\"\"Checks that a JSON response from the WebDriver does not have an\n        error.\n    \n        :Args:\n         - response - The JSON response from the WebDriver server as a dictionary\n           object.\n    \n        :Raises: If the response contains an error message.\n        \"\"\"\n        status = response.get(\"status\", None)\n        if not status or status == ErrorCode.SUCCESS:\n            return\n        value = None\n        message = response.get(\"message\", \"\")\n        screen: str = response.get(\"screen\", \"\")\n        stacktrace = None\n        if isinstance(status, int):\n            value_json = response.get(\"value\", None)\n            if value_json and isinstance(value_json, str):\n                import json\n    \n                try:\n                    value = json.loads(value_json)\n                    if len(value) == 1:\n                        value = value[\"value\"]\n                    status = value.get(\"error\", None)\n                    if not status:\n                        status = value.get(\"status\", ErrorCode.UNKNOWN_ERROR)\n                        message = value.get(\"value\") or value.get(\"message\")\n                        if not isinstance(message, str):\n                            value = message\n                            message = message.get(\"message\")\n                    else:\n                        message = value.get(\"message\", None)\n                except ValueError:\n                    pass\n    \n        exception_class: Type[WebDriverException]\n        e = ErrorCode()\n        error_codes = [item for item in dir(e) if not item.startswith(\"__\")]\n        for error_code in error_codes:\n            error_info = getattr(ErrorCode, error_code)\n            if isinstance(error_info, list) and status in error_info:\n                exception_class = getattr(ExceptionMapping, error_code, WebDriverException)\n                break\n        else:\n            exception_class = WebDriverException\n    \n        if not value:\n            value = response[\"value\"]\n        if isinstance(value, str):\n            raise exception_class(value)\n        if message == \"\" and \"message\" in value:\n            message = value[\"message\"]\n    \n        screen = None  # type: ignore[assignment]\n        if \"screen\" in value:\n            screen = value[\"screen\"]\n    \n        stacktrace = None\n        st_value = value.get(\"stackTrace\") or value.get(\"stacktrace\")\n        if st_value:\n            if isinstance(st_value, str):\n                stacktrace = st_value.split(\"\\n\")\n            else:\n                stacktrace = []\n                try:\n                    for frame in st_value:\n                        line = frame.get(\"lineNumber\", \"\")\n                        file = frame.get(\"fileName\", \"<anonymous>\")\n                        if line:\n                            file = f\"{file}:{line}\"\n                        meth = frame.get(\"methodName\", \"<anonymous>\")\n                        if \"className\" in frame:\n                            meth = f\"{frame['className']}.{meth}\"\n                        msg = \"    at %s (%s)\"\n                        msg = msg % (meth, file)\n                        stacktrace.append(msg)\n                except TypeError:\n                    pass\n        if exception_class == UnexpectedAlertPresentException:\n            alert_text = None\n            if \"data\" in value:\n                alert_text = value[\"data\"].get(\"text\")\n            elif \"alert\" in value:\n                alert_text = value[\"alert\"].get(\"text\")\n            raise exception_class(message, screen, stacktrace, alert_text)  # type: ignore[call-arg]  # mypy is not smart enough here\n>       raise exception_class(message, screen, stacktrace)\nE       selenium.common.exceptions.NoSuchElementException: Message: no such element: Unable to locate element: {\"method\":\"xpath\",\"selector\":\"//strong/span[contains(text(), \"Login\")]\"}\nE         (Session info: chrome=129.0.6668.58); For documentation on this error, please visit: https://www.selenium.dev/documentation/webdriver/troubleshooting/errors#no-such-element-exception\nE       Stacktrace:\nE       #0 0x559e0325410a <unknown>\nE       #1 0x559e02f3a5e0 <unknown>\nE       #2 0x559e02f89be8 <unknown>\nE       #3 0x559e02f89e81 <unknown>\nE       #4 0x559e02fd08c4 <unknown>\nE       #5 0x559e02faeb4d <unknown>\nE       #6 0x559e02fcdd7d <unknown>\nE       #7 0x559e02fae8c3 <unknown>\nE       #8 0x559e02f7c6b3 <unknown>\nE       #9 0x559e02f7d68e <unknown>\nE       #10 0x559e0321eb0b <unknown>\nE       #11 0x559e03222a91 <unknown>\nE       #12 0x559e0320b305 <unknown>\nE       #13 0x559e03223612 <unknown>\nE       #14 0x559e031f046f <unknown>\nE       #15 0x559e03243008 <unknown>\nE       #16 0x559e032431d3 <unknown>\nE       #17 0x559e03252f5c <unknown>\nE       #18 0x7fea74e94ac3 <unknown>\n\n../../../.cache/pypoetry/virtualenvs/testcapitalcompyse-CcJ6hTD8-py3.12/lib/python3.12/site-packages/selenium/webdriver/remote/errorhandler.py:229: NoSuchElementException\n\nDuring handling of the above exception, another exception occurred:\n\nself = <US_55-tassobaccato_ReTestsManual_test.TestManualDetectedBugs object at 0x7f0f2870b860>\nworker_id = 'master'\nd = <selenium.webdriver.chrome.webdriver.WebDriver (session=\"779c7372bcdbf5455e05d875a2a5017a\")>\ncur_language = '', cur_country = 'ae', cur_role = 'NoAuth'\ncur_login = 'test001.miketar+1@gmail.com', cur_password = 'Qwer1234-!@#$'\ntitle_instrument = ''\n\n    @allure.step(\n        'Start retest manual AT_55!322b that the Sign Up/Login/page of the corresponding trading instrument on '\n        'the trading platform is opened after clicking [numeric values] in the Buy column.')\n    @pytest.mark.parametrize('cur_language', ['', 'ar'])\n    @pytest.mark.parametrize('cur_country', ['ae'])\n    @pytest.mark.parametrize('cur_role', [\"NoReg\", \"Auth\", \"NoAuth\"])\n    @pytest.mark.parametrize('title_instrument', [''])\n    @pytest.mark.bug_322b\n    def test_322b(self, worker_id, d, cur_language, cur_country, cur_role, cur_login, cur_password, title_instrument):\n        \"\"\"\n        Check: Clicking [numeric values] in the Buy column in Menu tittle Markets does not open the\n                Sign-Up /Login form or page of the corresponding trading instrument on the trading platform using\n                English or Arabic language.\n        Language: EN, AR\n        License: SCA\n        Author: Kasila\n        \"\"\"\n    \n        bid = build_dynamic_arg_for_us_55(\n            d, worker_id, cur_language, cur_country, cur_role,\n            \"55\", \"ReTests of Manual Detected Bugs\",\n            \"322b\", 'The Sign Up/Login/page of the corresponding trading instrument on the trading platform'\n                   ' is not opened after clicking [numeric values] in the Buy column'\n        )\n    \n        match cur_language:\n            case '':\n                link = conditions_switch(d, cur_language, cur_country, cur_role, cur_login, cur_password)\n                menu = MenuNewMarkets(d, link)\n                cur_item_link = menu.from_markets_menu_open_markets(d, cur_language, cur_country, link)\n                test_element = TradingInstrumentsMarkets(d, cur_item_link, bid)\n                test_element.trading_instruments(d, cur_item_link)\n                test_element.click_button_buy(d)\n                test_element = AssertTPI(d, cur_item_link, title_instrument)\n                match cur_role:\n                    case 'NoReg':\n                        test_element.assert_signup(d)\n                    case 'NoAuth':\n>                       test_element.assert_login(d)\n\ntests/US_55_ReTestsManual/tassobaccato/US_55-tassobaccato_ReTestsManual_test.py:306: \n_ _ _ _ _ _ _ _ _ _ _ _ _ _ _ _ _ _ _ _ _ _ _ _ _ _ _ _ _ _ _ _ _ _ _ _ _ _ _ _ \npages/BugsManual/bug_322.py:129: in assert_login\n    Common.pytest_fail(\"Bug # 55!322 \"\n_ _ _ _ _ _ _ _ _ _ _ _ _ _ _ _ _ _ _ _ _ _ _ _ _ _ _ _ _ _ _ _ _ _ _ _ _ _ _ _ \n\nmsg = 'Bug # 55!322 \\nExpected result: Login form is opened\\nActual result: Login form is not opened'\n\n    @staticmethod\n    def pytest_fail(msg):\n    \tCommon.flag_of_bug = True\n>   \tpytest.fail(msg)\nE    Failed: Bug # 55!322 \nE    Expected result: Login form is opened\nE    Actual result: Login form is not opened\n\npages/common.py:235: Failed","flaky":false,"newFailed":false,"newBroken":false,"newPassed":false,"retriesCount":0,"retriesStatusChange":false,"beforeStages":[{"name":"d","time":{"start":1727655474223,"stop":1727655475033,"duration":810},"status":"passed","steps":[],"attachments":[],"parameters":[],"shouldDisplayMessage":false,"stepsCount":0,"attachmentsCount":0,"hasContent":false,"attachmentStep":false},{"name":"cur_password","time":{"start":1727655475034,"stop":1727655475034,"duration":0},"status":"passed","steps":[],"attachments":[],"parameters":[],"shouldDisplayMessage":false,"stepsCount":0,"attachmentsCount":0,"hasContent":false,"attachmentStep":false},{"name":"cur_login","time":{"start":1727655475034,"stop":1727655475034,"duration":0},"status":"passed","steps":[],"attachments":[],"parameters":[],"shouldDisplayMessage":false,"stepsCount":0,"attachmentsCount":0,"hasContent":false,"attachmentStep":false},{"name":"worker_id","time":{"start":1727655475034,"stop":1727655475034,"duration":0},"status":"passed","steps":[],"attachments":[],"parameters":[],"shouldDisplayMessage":false,"stepsCount":0,"attachmentsCount":0,"hasContent":false,"attachmentStep":false}],"testStage":{"description":"\n        Check: Clicking [numeric values] in the Buy column in Menu tittle Markets does not open the\n                Sign-Up /Login form or page of the corresponding trading instrument on the trading platform using\n                English or Arabic language.\n        Language: EN, AR\n        License: SCA\n        Author: Kasila\n        ","status":"failed","statusMessage":"Failed: Bug # 55!322 \nExpected result: Login form is opened\nActual result: Login form is not opened","statusTrace":"self = <pages.BugsManual.bug_322.AssertTPI object at 0x7f0f27de1190>\nd = <selenium.webdriver.chrome.webdriver.WebDriver (session=\"779c7372bcdbf5455e05d875a2a5017a\")>\n\n    def assert_login(self, d):\n        print(f\"\\n{datetime.now()}   3. Assert\")\n    \n        try:\n>           login_form = self.driver.find_element(By.XPATH, '//strong/span[contains(text(), \"Login\")]')\n\npages/BugsManual/bug_322.py:123: \n_ _ _ _ _ _ _ _ _ _ _ _ _ _ _ _ _ _ _ _ _ _ _ _ _ _ _ _ _ _ _ _ _ _ _ _ _ _ _ _ \n../../../.cache/pypoetry/virtualenvs/testcapitalcompyse-CcJ6hTD8-py3.12/lib/python3.12/site-packages/selenium/webdriver/remote/webdriver.py:748: in find_element\n    return self.execute(Command.FIND_ELEMENT, {\"using\": by, \"value\": value})[\"value\"]\n../../../.cache/pypoetry/virtualenvs/testcapitalcompyse-CcJ6hTD8-py3.12/lib/python3.12/site-packages/selenium/webdriver/remote/webdriver.py:354: in execute\n    self.error_handler.check_response(response)\n_ _ _ _ _ _ _ _ _ _ _ _ _ _ _ _ _ _ _ _ _ _ _ _ _ _ _ _ _ _ _ _ _ _ _ _ _ _ _ _ \n\nself = <selenium.webdriver.remote.errorhandler.ErrorHandler object at 0x7f0f27d83830>\nresponse = {'status': 404, 'value': '{\"value\":{\"error\":\"no such element\",\"message\":\"no such element: Unable to locate element: {\\...\\\\n#16 0x559e032431d3 \\\\u003Cunknown>\\\\n#17 0x559e03252f5c \\\\u003Cunknown>\\\\n#18 0x7fea74e94ac3 \\\\u003Cunknown>\\\\n\"}}'}\n\n    def check_response(self, response: Dict[str, Any]) -> None:\n        \"\"\"Checks that a JSON response from the WebDriver does not have an\n        error.\n    \n        :Args:\n         - response - The JSON response from the WebDriver server as a dictionary\n           object.\n    \n        :Raises: If the response contains an error message.\n        \"\"\"\n        status = response.get(\"status\", None)\n        if not status or status == ErrorCode.SUCCESS:\n            return\n        value = None\n        message = response.get(\"message\", \"\")\n        screen: str = response.get(\"screen\", \"\")\n        stacktrace = None\n        if isinstance(status, int):\n            value_json = response.get(\"value\", None)\n            if value_json and isinstance(value_json, str):\n                import json\n    \n                try:\n                    value = json.loads(value_json)\n                    if len(value) == 1:\n                        value = value[\"value\"]\n                    status = value.get(\"error\", None)\n                    if not status:\n                        status = value.get(\"status\", ErrorCode.UNKNOWN_ERROR)\n                        message = value.get(\"value\") or value.get(\"message\")\n                        if not isinstance(message, str):\n                            value = message\n                            message = message.get(\"message\")\n                    else:\n                        message = value.get(\"message\", None)\n                except ValueError:\n                    pass\n    \n        exception_class: Type[WebDriverException]\n        e = ErrorCode()\n        error_codes = [item for item in dir(e) if not item.startswith(\"__\")]\n        for error_code in error_codes:\n            error_info = getattr(ErrorCode, error_code)\n            if isinstance(error_info, list) and status in error_info:\n                exception_class = getattr(ExceptionMapping, error_code, WebDriverException)\n                break\n        else:\n            exception_class = WebDriverException\n    \n        if not value:\n            value = response[\"value\"]\n        if isinstance(value, str):\n            raise exception_class(value)\n        if message == \"\" and \"message\" in value:\n            message = value[\"message\"]\n    \n        screen = None  # type: ignore[assignment]\n        if \"screen\" in value:\n            screen = value[\"screen\"]\n    \n        stacktrace = None\n        st_value = value.get(\"stackTrace\") or value.get(\"stacktrace\")\n        if st_value:\n            if isinstance(st_value, str):\n                stacktrace = st_value.split(\"\\n\")\n            else:\n                stacktrace = []\n                try:\n                    for frame in st_value:\n                        line = frame.get(\"lineNumber\", \"\")\n                        file = frame.get(\"fileName\", \"<anonymous>\")\n                        if line:\n                            file = f\"{file}:{line}\"\n                        meth = frame.get(\"methodName\", \"<anonymous>\")\n                        if \"className\" in frame:\n                            meth = f\"{frame['className']}.{meth}\"\n                        msg = \"    at %s (%s)\"\n                        msg = msg % (meth, file)\n                        stacktrace.append(msg)\n                except TypeError:\n                    pass\n        if exception_class == UnexpectedAlertPresentException:\n            alert_text = None\n            if \"data\" in value:\n                alert_text = value[\"data\"].get(\"text\")\n            elif \"alert\" in value:\n                alert_text = value[\"alert\"].get(\"text\")\n            raise exception_class(message, screen, stacktrace, alert_text)  # type: ignore[call-arg]  # mypy is not smart enough here\n>       raise exception_class(message, screen, stacktrace)\nE       selenium.common.exceptions.NoSuchElementException: Message: no such element: Unable to locate element: {\"method\":\"xpath\",\"selector\":\"//strong/span[contains(text(), \"Login\")]\"}\nE         (Session info: chrome=129.0.6668.58); For documentation on this error, please visit: https://www.selenium.dev/documentation/webdriver/troubleshooting/errors#no-such-element-exception\nE       Stacktrace:\nE       #0 0x559e0325410a <unknown>\nE       #1 0x559e02f3a5e0 <unknown>\nE       #2 0x559e02f89be8 <unknown>\nE       #3 0x559e02f89e81 <unknown>\nE       #4 0x559e02fd08c4 <unknown>\nE       #5 0x559e02faeb4d <unknown>\nE       #6 0x559e02fcdd7d <unknown>\nE       #7 0x559e02fae8c3 <unknown>\nE       #8 0x559e02f7c6b3 <unknown>\nE       #9 0x559e02f7d68e <unknown>\nE       #10 0x559e0321eb0b <unknown>\nE       #11 0x559e03222a91 <unknown>\nE       #12 0x559e0320b305 <unknown>\nE       #13 0x559e03223612 <unknown>\nE       #14 0x559e031f046f <unknown>\nE       #15 0x559e03243008 <unknown>\nE       #16 0x559e032431d3 <unknown>\nE       #17 0x559e03252f5c <unknown>\nE       #18 0x7fea74e94ac3 <unknown>\n\n../../../.cache/pypoetry/virtualenvs/testcapitalcompyse-CcJ6hTD8-py3.12/lib/python3.12/site-packages/selenium/webdriver/remote/errorhandler.py:229: NoSuchElementException\n\nDuring handling of the above exception, another exception occurred:\n\nself = <US_55-tassobaccato_ReTestsManual_test.TestManualDetectedBugs object at 0x7f0f2870b860>\nworker_id = 'master'\nd = <selenium.webdriver.chrome.webdriver.WebDriver (session=\"779c7372bcdbf5455e05d875a2a5017a\")>\ncur_language = '', cur_country = 'ae', cur_role = 'NoAuth'\ncur_login = 'test001.miketar+1@gmail.com', cur_password = 'Qwer1234-!@#$'\ntitle_instrument = ''\n\n    @allure.step(\n        'Start retest manual AT_55!322b that the Sign Up/Login/page of the corresponding trading instrument on '\n        'the trading platform is opened after clicking [numeric values] in the Buy column.')\n    @pytest.mark.parametrize('cur_language', ['', 'ar'])\n    @pytest.mark.parametrize('cur_country', ['ae'])\n    @pytest.mark.parametrize('cur_role', [\"NoReg\", \"Auth\", \"NoAuth\"])\n    @pytest.mark.parametrize('title_instrument', [''])\n    @pytest.mark.bug_322b\n    def test_322b(self, worker_id, d, cur_language, cur_country, cur_role, cur_login, cur_password, title_instrument):\n        \"\"\"\n        Check: Clicking [numeric values] in the Buy column in Menu tittle Markets does not open the\n                Sign-Up /Login form or page of the corresponding trading instrument on the trading platform using\n                English or Arabic language.\n        Language: EN, AR\n        License: SCA\n        Author: Kasila\n        \"\"\"\n    \n        bid = build_dynamic_arg_for_us_55(\n            d, worker_id, cur_language, cur_country, cur_role,\n            \"55\", \"ReTests of Manual Detected Bugs\",\n            \"322b\", 'The Sign Up/Login/page of the corresponding trading instrument on the trading platform'\n                   ' is not opened after clicking [numeric values] in the Buy column'\n        )\n    \n        match cur_language:\n            case '':\n                link = conditions_switch(d, cur_language, cur_country, cur_role, cur_login, cur_password)\n                menu = MenuNewMarkets(d, link)\n                cur_item_link = menu.from_markets_menu_open_markets(d, cur_language, cur_country, link)\n                test_element = TradingInstrumentsMarkets(d, cur_item_link, bid)\n                test_element.trading_instruments(d, cur_item_link)\n                test_element.click_button_buy(d)\n                test_element = AssertTPI(d, cur_item_link, title_instrument)\n                match cur_role:\n                    case 'NoReg':\n                        test_element.assert_signup(d)\n                    case 'NoAuth':\n>                       test_element.assert_login(d)\n\ntests/US_55_ReTestsManual/tassobaccato/US_55-tassobaccato_ReTestsManual_test.py:306: \n_ _ _ _ _ _ _ _ _ _ _ _ _ _ _ _ _ _ _ _ _ _ _ _ _ _ _ _ _ _ _ _ _ _ _ _ _ _ _ _ \npages/BugsManual/bug_322.py:129: in assert_login\n    Common.pytest_fail(\"Bug # 55!322 \"\n_ _ _ _ _ _ _ _ _ _ _ _ _ _ _ _ _ _ _ _ _ _ _ _ _ _ _ _ _ _ _ _ _ _ _ _ _ _ _ _ \n\nmsg = 'Bug # 55!322 \\nExpected result: Login form is opened\\nActual result: Login form is not opened'\n\n    @staticmethod\n    def pytest_fail(msg):\n    \tCommon.flag_of_bug = True\n>   \tpytest.fail(msg)\nE    Failed: Bug # 55!322 \nE    Expected result: Login form is opened\nE    Actual result: Login form is not opened\n\npages/common.py:235: Failed","steps":[{"name":"Start retest manual AT_55!322b that the Sign Up/Login/page of the corresponding trading instrument on the trading platform is opened after clicking [numeric values] in the Buy column.","time":{"start":1727656583774,"stop":1727656608012,"duration":24238},"status":"failed","statusMessage":"Failed: Bug # 55!322 \nExpected result: Login form is opened\nActual result: Login form is not opened\n","statusTrace":"  File \"/home/runner/.cache/pypoetry/virtualenvs/testcapitalcompyse-CcJ6hTD8-py3.12/lib/python3.12/site-packages/allure_commons/_allure.py\", line 192, in impl\n    return func(*a, **kw)\n           ^^^^^^^^^^^^^^\n  File \"/home/runner/work/TestCapitalComPySe/TestCapitalComPySe/tests/US_55_ReTestsManual/tassobaccato/US_55-tassobaccato_ReTestsManual_test.py\", line 306, in test_322b\n    test_element.assert_login(d)\n  File \"/home/runner/work/TestCapitalComPySe/TestCapitalComPySe/pages/BugsManual/bug_322.py\", line 129, in assert_login\n    Common.pytest_fail(\"Bug # 55!322 \"\n  File \"/home/runner/work/TestCapitalComPySe/TestCapitalComPySe/pages/common.py\", line 235, in pytest_fail\n    pytest.fail(msg)\n  File \"/home/runner/.cache/pypoetry/virtualenvs/testcapitalcompyse-CcJ6hTD8-py3.12/lib/python3.12/site-packages/_pytest/outcomes.py\", line 178, in fail\n    raise Failed(msg=reason, pytrace=pytrace)\n","steps":[{"name":"Build dynamic argument for TCs of US_55","time":{"start":1727656583774,"stop":1727656583776,"duration":2},"status":"passed","steps":[],"attachments":[],"parameters":[{"name":"d","value":"<selenium.webdriver.chrome.webdriver.WebDriver (session=\"779c7372bcdbf5455e05d875a2a5017a\")>"},{"name":"worker_id","value":"'master'"},{"name":"cur_language","value":"''"},{"name":"cur_country","value":"'ae'"},{"name":"cur_role","value":"'NoAuth'"},{"name":"us","value":"'55'"},{"name":"desc_us","value":"'ReTests of Manual Detected Bugs'"},{"name":"num_tc","value":"'322b'"},{"name":"desc_tc","value":"'The Sign Up/Login/page of the corresponding trading instrument on the trading platform is not opened after clicking [numeric values] in the Buy column'"},{"name":"manual","value":"False"},{"name":"new_layout","value":"False"}],"shouldDisplayMessage":false,"stepsCount":0,"attachmentsCount":0,"hasContent":true,"attachmentStep":false},{"name":"   Set New preconditions","time":{"start":1727656583776,"stop":1727656594721,"duration":10945},"status":"passed","steps":[{"name":"2024-09-30 00:17:54.206776   Start Authorisation","time":{"start":1727656589037,"stop":1727656592646,"duration":3609},"status":"passed","steps":[],"attachments":[],"parameters":[{"name":"d","value":"<selenium.webdriver.chrome.webdriver.WebDriver (session=\"779c7372bcdbf5455e05d875a2a5017a\")>"},{"name":"link","value":"'https://capital.com/en-gb'"},{"name":"login","value":"'test001.miketar+1@gmail.com'"},{"name":"password","value":"'Qwer1234-!@#$'"},{"name":"cur_role","value":"'NoAuth'"}],"shouldDisplayMessage":false,"stepsCount":0,"attachmentsCount":0,"hasContent":true,"attachmentStep":false},{"name":"2024-09-30 00:17:54.206789   Start DeAuthorisation","time":{"start":1727656592646,"stop":1727656593307,"duration":661},"status":"passed","steps":[{"name":"Start Logout from account info menu in top bar","time":{"start":1727656592646,"stop":1727656593307,"duration":661},"status":"passed","steps":[],"attachments":[],"parameters":[],"shouldDisplayMessage":false,"stepsCount":0,"attachmentsCount":0,"hasContent":false,"attachmentStep":false}],"attachments":[],"parameters":[{"name":"d","value":"<selenium.webdriver.chrome.webdriver.WebDriver (session=\"779c7372bcdbf5455e05d875a2a5017a\")>"},{"name":"link","value":"'https://capital.com/en-gb'"}],"shouldDisplayMessage":false,"stepsCount":1,"attachmentsCount":0,"hasContent":true,"attachmentStep":false},{"name":"2024-09-30 00:17:54.206803   Set language and country","time":{"start":1727656593307,"stop":1727656594712,"duration":1405},"status":"passed","steps":[],"attachments":[],"parameters":[{"name":"d","value":"<selenium.webdriver.chrome.webdriver.WebDriver (session=\"779c7372bcdbf5455e05d875a2a5017a\")>"},{"name":"cur_language","value":"'en'"},{"name":"cur_country","value":"'ae'"}],"shouldDisplayMessage":false,"stepsCount":0,"attachmentsCount":0,"hasContent":true,"attachmentStep":false}],"attachments":[],"parameters":[{"name":"d","value":"<selenium.webdriver.chrome.webdriver.WebDriver (session=\"779c7372bcdbf5455e05d875a2a5017a\")>"},{"name":"host","value":"'https://capital.com/en-gb'"},{"name":"end_point","value":"''"},{"name":"cur_language","value":"''"},{"name":"cur_country","value":"'ae'"},{"name":"cur_role","value":"'NoAuth'"},{"name":"cur_login","value":"'test001.miketar+1@gmail.com'"},{"name":"cur_password","value":"'Qwer1234-!@#$'"}],"shouldDisplayMessage":false,"stepsCount":4,"attachmentsCount":0,"hasContent":true,"attachmentStep":false},{"name":"Select \"Trading\" menu, \"Trading\" submenu","time":{"start":1727656594721,"stop":1727656602840,"duration":8119},"status":"passed","steps":[],"attachments":[],"parameters":[{"name":"d","value":"<selenium.webdriver.chrome.webdriver.WebDriver (session=\"779c7372bcdbf5455e05d875a2a5017a\")>"},{"name":"cur_language","value":"''"},{"name":"cur_country","value":"'ae'"},{"name":"link","value":"'https://capital.com/en-ae'"}],"shouldDisplayMessage":false,"stepsCount":0,"attachmentsCount":0,"hasContent":true,"attachmentStep":false},{"name":"2024-09-30 00:17:54.034808   1. Start test that the Clicking [numeric values] in the Sell column in Menu tittle Markets opens the Sign-Up /Login form or page of the corresponding trading instrument on the trading platform.","time":{"start":1727656602841,"stop":1727656602860,"duration":19},"status":"passed","steps":[],"attachments":[],"parameters":[{"name":"d","value":"<selenium.webdriver.chrome.webdriver.WebDriver (session=\"779c7372bcdbf5455e05d875a2a5017a\")>"},{"name":"cur_item_link","value":"'https://capital.com/en-ae/markets'"}],"shouldDisplayMessage":false,"stepsCount":0,"attachmentsCount":0,"hasContent":true,"attachmentStep":false}],"attachments":[],"parameters":[{"name":"worker_id","value":"'master'"},{"name":"d","value":"<selenium.webdriver.chrome.webdriver.WebDriver (session=\"779c7372bcdbf5455e05d875a2a5017a\")>"},{"name":"cur_language","value":"''"},{"name":"cur_country","value":"'ae'"},{"name":"cur_role","value":"'NoAuth'"},{"name":"cur_login","value":"'test001.miketar+1@gmail.com'"},{"name":"cur_password","value":"'Qwer1234-!@#$'"},{"name":"title_instrument","value":"''"}],"shouldDisplayMessage":true,"stepsCount":8,"attachmentsCount":0,"hasContent":true,"attachmentStep":false}],"attachments":[{"uid":"63ade1b9c07a052e","name":"Screenshot","source":"63ade1b9c07a052e.png","type":"image/png","size":137493},{"uid":"c7af7ea427f0d72a","name":"stdout","source":"c7af7ea427f0d72a.txt","type":"text/plain","size":6453}],"parameters":[],"shouldDisplayMessage":true,"stepsCount":9,"attachmentsCount":2,"hasContent":true,"attachmentStep":false},"afterStages":[{"name":"d::0","time":{"start":1727656799024,"stop":1727656799267,"duration":243},"status":"passed","steps":[],"attachments":[],"parameters":[],"shouldDisplayMessage":false,"stepsCount":0,"attachmentsCount":0,"hasContent":false,"attachmentStep":false}],"labels":[{"name":"epic","value":"TC_55!322b | The Sign Up/Login/page of the corresponding trading instrument on the trading platform is not opened after clicking [numeric values] in the Buy column"},{"name":"feature","value":"Role: NoAuth"},{"name":"story","value":"Country: ae"},{"name":"tag","value":"bug_322b"},{"name":"tag","value":"us_55"},{"name":"parentSuite","value":"tests.US_55_ReTestsManual.tassobaccato"},{"name":"suite","value":"US_55-tassobaccato_ReTestsManual_test"},{"name":"subSuite","value":"TestManualDetectedBugs"},{"name":"host","value":"fv-az1456-664"},{"name":"thread","value":"30273-MainThread"},{"name":"framework","value":"pytest"},{"name":"language","value":"cpython3"},{"name":"package","value":"tests.US_55_ReTestsManual.tassobaccato.US_55-tassobaccato_ReTestsManual_test"},{"name":"resultFormat","value":"allure2"}],"parameters":[{"name":"cur_country","value":"'ae'"},{"name":"cur_language","value":"''"},{"name":"cur_login","value":"'test001.miketar+1@gmail.com'"},{"name":"cur_password","value":"'Qwer1234-!@#$'"},{"name":"cur_role","value":"'NoAuth'"},{"name":"d","value":"'Chrome'"},{"name":"title_instrument","value":"''"}],"links":[],"hidden":false,"retry":false,"extra":{"severity":"normal","retries":[],"categories":[{"name":"Product defects","matchedStatuses":[],"flaky":false}],"history":{"statistic":{"failed":4,"broken":0,"skipped":0,"passed":0,"unknown":0,"total":4},"items":[{"uid":"ef36b9a6f90639f4","reportUrl":"https://AlexTomAQA.github.io/TestCapitalComPySe/164//#testresult/ef36b9a6f90639f4","status":"failed","statusDetails":"Failed: Bug # 55!322 \nExpected result: Login form is opened\nActual result: Login form is not opened","time":{"start":1727569935403,"stop":1727569958655,"duration":23252}},{"uid":"3f56023ed122b368","reportUrl":"https://AlexTomAQA.github.io/TestCapitalComPySe/163//#testresult/3f56023ed122b368","status":"failed","statusDetails":"Failed: Bug # 55!322 \nExpected result: Login form is opened\nActual result: Login form is not opened","time":{"start":1727483725591,"stop":1727483748492,"duration":22901}},{"uid":"fc2823edfae1eb","reportUrl":"https://AlexTomAQA.github.io/TestCapitalComPySe/162//#testresult/fc2823edfae1eb","status":"failed","statusDetails":"Failed: Bug â„– ??? 'Markets' menu not present in DOM for 'ae' country '' language","time":{"start":1727407180204,"stop":1727407197458,"duration":17254}}]},"tags":["us_55","bug_322b"]},"source":"e95ac130a1c748f7.json","parameterValues":["'ae'","''","'test001.miketar+1@gmail.com'","'Qwer1234-!@#$'","'NoAuth'","'Chrome'","''"]}