2024-04-06 15:03:05 ERROR Elements not present after 0.5 seconds on page: https://capital.com/iron-ore-spot-commodity
2024-04-06 15:03:05 ERROR 
Traceback (most recent call last):
  File "/home/runner/work/TestCapitalComPySe/TestCapitalComPySe/pages/base_page.py", line 85, in inner_function
    return func(*args, **kwargs)
           ^^^^^^^^^^^^^^^^^^^^^
  File "/home/runner/work/TestCapitalComPySe/TestCapitalComPySe/pages/base_page.py", line 307, in element_is_visible
    return Wait(self.driver, timeout).until(
           ^^^^^^^^^^^^^^^^^^^^^^^^^^^^^^^^^
  File "/home/runner/.cache/pypoetry/virtualenvs/testcapitalcompyse-CcJ6hTD8-py3.12/lib/python3.12/site-packages/selenium/webdriver/support/wait.py", line 105, in until
    raise TimeoutException(message, screen, stacktrace)
selenium.common.exceptions.TimeoutException: Message: 
Stacktrace:
#0 0x557d97e79873 <unknown>
#1 0x557d97b6f8c6 <unknown>
#2 0x557d97bba618 <unknown>
#3 0x557d97bba6d1 <unknown>
#4 0x557d97bfd744 <unknown>
#5 0x557d97bdc5cd <unknown>
#6 0x557d97bfac19 <unknown>
#7 0x557d97bdc343 <unknown>
#8 0x557d97bad593 <unknown>
#9 0x557d97badf5e <unknown>
#10 0x557d97e3d85b <unknown>
#11 0x557d97e417b5 <unknown>
#12 0x557d97e2b581 <unknown>
#13 0x557d97e42342 <unknown>
#14 0x557d97e1088f <unknown>
#15 0x557d97e68738 <unknown>
#16 0x557d97e6890b <unknown>
#17 0x557d97e789c4 <unknown>
#18 0x7f0862c94ac3 <unknown>

2024-04-06 15:03:08 ERROR Elements not present after 0.5 seconds on page: https://capital.com/iron-ore-spot-commodity
2024-04-06 15:03:08 ERROR Can't click element by locator ('css selector', '#s_overlay button.s_cancel')
Traceback (most recent call last):
  File "/home/runner/work/TestCapitalComPySe/TestCapitalComPySe/pages/Elements/PageInstrumentNotificationButton.py", line 68, in element_click
    button_list[0].click()
  File "/home/runner/.cache/pypoetry/virtualenvs/testcapitalcompyse-CcJ6hTD8-py3.12/lib/python3.12/site-packages/selenium/webdriver/remote/webelement.py", line 94, in click
    self._execute(Command.CLICK_ELEMENT)
  File "/home/runner/.cache/pypoetry/virtualenvs/testcapitalcompyse-CcJ6hTD8-py3.12/lib/python3.12/site-packages/selenium/webdriver/remote/webelement.py", line 395, in _execute
    return self._parent.execute(command, params)
           ^^^^^^^^^^^^^^^^^^^^^^^^^^^^^^^^^^^^^
  File "/home/runner/.cache/pypoetry/virtualenvs/testcapitalcompyse-CcJ6hTD8-py3.12/lib/python3.12/site-packages/selenium/webdriver/remote/webdriver.py", line 347, in execute
    self.error_handler.check_response(response)
  File "/home/runner/.cache/pypoetry/virtualenvs/testcapitalcompyse-CcJ6hTD8-py3.12/lib/python3.12/site-packages/selenium/webdriver/remote/errorhandler.py", line 229, in check_response
    raise exception_class(message, screen, stacktrace)
selenium.common.exceptions.ElementClickInterceptedException: Message: element click intercepted: Element <a href="/iron-ore-spot-commodity#" data-link="uu" data-iid="357105055839112" data-side="buy" data-platform="spotlight" class="btn btn--empty btn--round btn--sm js_signup_new js-analyticsVisible js-analyticsClick" data-type="market_alerts">...</a> is not clickable at point (387, 16). Other element would receive the click: <div class="riskWarn__text">...</div>
  (Session info: chrome=123.0.6312.105)
Stacktrace:
#0 0x557d97e79873 <unknown>
#1 0x557d97b6f8c6 <unknown>
#2 0x557d97bc1233 <unknown>
#3 0x557d97bbf14e <unknown>
#4 0x557d97bbcb27 <unknown>
#5 0x557d97bbbed3 <unknown>
#6 0x557d97baf507 <unknown>
#7 0x557d97bdc5a2 <unknown>
#8 0x557d97baee98 <unknown>
#9 0x557d97bdc76e <unknown>
#10 0x557d97bfac19 <unknown>
#11 0x557d97bdc343 <unknown>
#12 0x557d97bad593 <unknown>
#13 0x557d97badf5e <unknown>
#14 0x557d97e3d85b <unknown>
#15 0x557d97e417b5 <unknown>
#16 0x557d97e2b581 <unknown>
#17 0x557d97e42342 <unknown>
#18 0x557d97e1088f <unknown>
#19 0x557d97e68738 <unknown>
#20 0x557d97e6890b <unknown>
#21 0x557d97e789c4 <unknown>
#22 0x7f0862c94ac3 <unknown>


During handling of the above exception, another exception occurred:

Traceback (most recent call last):
  File "/home/runner/work/TestCapitalComPySe/TestCapitalComPySe/pages/base_page.py", line 85, in inner_function
    return func(*args, **kwargs)
           ^^^^^^^^^^^^^^^^^^^^^
  File "/home/runner/work/TestCapitalComPySe/TestCapitalComPySe/pages/base_page.py", line 347, in element_is_clickable
    return Wait(self.driver, timeout).until(
           ^^^^^^^^^^^^^^^^^^^^^^^^^^^^^^^^^
  File "/home/runner/.cache/pypoetry/virtualenvs/testcapitalcompyse-CcJ6hTD8-py3.12/lib/python3.12/site-packages/selenium/webdriver/support/wait.py", line 105, in until
    raise TimeoutException(message, screen, stacktrace)
selenium.common.exceptions.TimeoutException: Message: Can't click element by locator ('css selector', '#s_overlay button.s_cancel')