2024-12-16 00:49:03 ERROR Elements not present after 0.5 seconds on page: https://capital.com/en-gb/ways-to-trade/fees-and-charges
2024-12-16 00:49:03 ERROR 
Traceback (most recent call last):
  File "/home/runner/work/TestCapitalComPySe/TestCapitalComPySe/pages/base_page.py", line 86, in inner_function
    return func(*args, **kwargs)
           ^^^^^^^^^^^^^^^^^^^^^
  File "/home/runner/work/TestCapitalComPySe/TestCapitalComPySe/pages/base_page.py", line 306, in element_is_visible
    return Wait(self.driver, timeout).until(
           ^^^^^^^^^^^^^^^^^^^^^^^^^^^^^^^^^
  File "/home/runner/.cache/pypoetry/virtualenvs/testcapitalcompyse-CcJ6hTD8-py3.12/lib/python3.12/site-packages/selenium/webdriver/support/wait.py", line 105, in until
    raise TimeoutException(message, screen, stacktrace)
selenium.common.exceptions.TimeoutException: Message: 
Stacktrace:
#0 0x55a21be3b31a <unknown>
#1 0x55a21b9516e0 <unknown>
#2 0x55a21b9a03e6 <unknown>
#3 0x55a21b9a0681 <unknown>
#4 0x55a21b9e5b04 <unknown>
#5 0x55a21b9c448d <unknown>
#6 0x55a21b9e2ed7 <unknown>
#7 0x55a21b9c4203 <unknown>
#8 0x55a21b992cc0 <unknown>
#9 0x55a21b993c9e <unknown>
#10 0x55a21be08d0b <unknown>
#11 0x55a21be0cc92 <unknown>
#12 0x55a21bdf5b3c <unknown>
#13 0x55a21be0d807 <unknown>
#14 0x55a21bddb0df <unknown>
#15 0x55a21be2a578 <unknown>
#16 0x55a21be2a740 <unknown>
#17 0x55a21be3a196 <unknown>
#18 0x7f2093294ac3 <unknown>