{"uid":"1c50f20e9d2fee41","name":"TC_55!514 (Lang: en) | Bid:55!514-en.au.Auth","fullName":"tests.US_55_ReTestsManual.tassobaccato.US_55-tassobaccato_ReTestsManual_test.TestManualDetectedBugs#test_514","historyId":"576f07ae1b5d3afc9d31fa8c2548579c","time":{"start":1737768704664,"stop":1737768777687,"duration":73023},"description":"\n        Check: Menu section [Markets] > Menu item [Market analysis] > Article \"Solana price prediction: Can SOL\n                rebound?\" > Click on the [Could Solana become a Cardano side-chain?] item in the \"Table of Contents\" >\n                Click on the [announced] link in the text\n        Language: EN\n        License: ASIC\n        Author: Kasila\n        ","descriptionHtml":"<pre><code>    Check: Menu section [Markets] &gt; Menu item [Market analysis] &gt; Article &quot;Solana price prediction: Can SOL\n            rebound?&quot; &gt; Click on the [Could Solana become a Cardano side-chain?] item in the &quot;Table of Contents&quot; &gt;\n            Click on the [announced] link in the text\n    Language: EN\n    License: ASIC\n    Author: Kasila\n</code></pre>\n","status":"broken","statusMessage":"selenium.common.exceptions.NoSuchElementException: Message: no such element: Unable to locate element: {\"method\":\"css selector\",\"selector\":\".tableOfContent_frame__1c2SI\"}\n  (Session info: chrome=132.0.6834.83); For documentation on this error, please visit: https://www.selenium.dev/documentation/webdriver/troubleshooting/errors#no-such-element-exception\nStacktrace:\n#0 0x55a27c44bdca <unknown>\n#1 0x55a27bf423f0 <unknown>\n#2 0x55a27bf9210c <unknown>\n#3 0x55a27bf92331 <unknown>\n#4 0x55a27bfd8154 <unknown>\n#5 0x55a27bfb6abd <unknown>\n#6 0x55a27bfd54b3 <unknown>\n#7 0x55a27bfb6833 <unknown>\n#8 0x55a27bf835a0 <unknown>\n#9 0x55a27bf84ece <unknown>\n#10 0x55a27c415bdb <unknown>\n#11 0x55a27c419b67 <unknown>\n#12 0x55a27c4013bc <unknown>\n#13 0x55a27c41a727 <unknown>\n#14 0x55a27c3e574f <unknown>\n#15 0x55a27c43a938 <unknown>\n#16 0x55a27c43ab00 <unknown>\n#17 0x55a27c44ac46 <unknown>\n#18 0x7f786089ca94 <unknown>\n#19 0x7f7860929c3c <unknown>","statusTrace":"self = <US_55-tassobaccato_ReTestsManual_test.TestManualDetectedBugs object at 0x7fc45b080aa0>\nworker_id = 'master'\nd = <selenium.webdriver.chrome.webdriver.WebDriver (session=\"d967c1a59f945599f6583d99614be513\")>\ncur_language = '', cur_country = 'au', cur_role = 'Auth'\ncur_login = 'test001.miketar+1@gmail.com', cur_password = 'Qwer1234-!@#$'\n\n    @allure.step('Start retest manual AT_55!514 The page with text \"Page Not Found ... doesnt exist or has been moved\" is displayed')\n    @pytest.mark.parametrize('cur_language', [''])\n    @pytest.mark.parametrize('cur_country', ['au'])\n    @pytest.mark.parametrize('cur_role', [\"NoReg\", \"Auth\", \"NoAuth\"])\n    @pytest.mark.bug_514\n    def test_514(self, worker_id, d, cur_language, cur_country, cur_role, cur_login, cur_password):\n        \"\"\"\n        Check: Menu section [Markets] > Menu item [Market analysis] > Article \"Solana price prediction: Can SOL\n                rebound?\" > Click on the [Could Solana become a Cardano side-chain?] item in the \"Table of Contents\" >\n                Click on the [announced] link in the text\n        Language: EN\n        License: ASIC\n        Author: Kasila\n        \"\"\"\n    \n        bid = build_dynamic_arg_for_us_55(\n            d, worker_id, cur_language, cur_country, cur_role,\n            \"55\", \"ReTests of Manual Detected Bugs\",\n            \"514\", 'The page with text \"Page Not Found ... doesnt exist or has been moved\" is opened '\n                   'after clicking on [announced] link in the article \"Solana price prediction: Can SOL rebound?\" when '\n                   'selected ASIC license'\n        )\n    \n        link = apply_preconditions_to_link(d, cur_language, cur_country, cur_role, cur_login, cur_password)\n        menu = from_markets_menu_open_market_analysis.MenuNew(d, link)\n        cur_item_link = menu.from_markets_menu_open_market_analysis(d, cur_language, cur_country, link)\n    \n        test_element = AnnouncedLink(d, cur_item_link, bid)\n>       test_element.announced_link(d, cur_item_link, link)\n\ntests/US_55_ReTestsManual/tassobaccato/US_55-tassobaccato_ReTestsManual_test.py:731: \n_ _ _ _ _ _ _ _ _ _ _ _ _ _ _ _ _ _ _ _ _ _ _ _ _ _ _ _ _ _ _ _ _ _ _ _ _ _ _ _ \npages/BugsManual/bug_514.py:52: in announced_link\n    table_of_contents = self.driver.find_element(By.CLASS_NAME, 'tableOfContent_frame__1c2SI')\n../../../.cache/pypoetry/virtualenvs/testcapitalcompyse-CcJ6hTD8-py3.12/lib/python3.12/site-packages/selenium/webdriver/remote/webdriver.py:766: in find_element\n    return self.execute(Command.FIND_ELEMENT, {\"using\": by, \"value\": value})[\"value\"]\n../../../.cache/pypoetry/virtualenvs/testcapitalcompyse-CcJ6hTD8-py3.12/lib/python3.12/site-packages/selenium/webdriver/remote/webdriver.py:380: in execute\n    self.error_handler.check_response(response)\n_ _ _ _ _ _ _ _ _ _ _ _ _ _ _ _ _ _ _ _ _ _ _ _ _ _ _ _ _ _ _ _ _ _ _ _ _ _ _ _ \n\nself = <selenium.webdriver.remote.errorhandler.ErrorHandler object at 0x7fc45a3e3110>\nresponse = {'status': 404, 'value': '{\"value\":{\"error\":\"no such element\",\"message\":\"no such element: Unable to locate element: {\\...\\\\n#17 0x55a27c44ac46 \\\\u003Cunknown>\\\\n#18 0x7f786089ca94 \\\\u003Cunknown>\\\\n#19 0x7f7860929c3c \\\\u003Cunknown>\\\\n\"}}'}\n\n    def check_response(self, response: Dict[str, Any]) -> None:\n        \"\"\"Checks that a JSON response from the WebDriver does not have an\n        error.\n    \n        :Args:\n         - response - The JSON response from the WebDriver server as a dictionary\n           object.\n    \n        :Raises: If the response contains an error message.\n        \"\"\"\n        status = response.get(\"status\", None)\n        if not status or status == ErrorCode.SUCCESS:\n            return\n        value = None\n        message = response.get(\"message\", \"\")\n        screen: str = response.get(\"screen\", \"\")\n        stacktrace = None\n        if isinstance(status, int):\n            value_json = response.get(\"value\", None)\n            if value_json and isinstance(value_json, str):\n                import json\n    \n                try:\n                    value = json.loads(value_json)\n                    if len(value) == 1:\n                        value = value[\"value\"]\n                    status = value.get(\"error\", None)\n                    if not status:\n                        status = value.get(\"status\", ErrorCode.UNKNOWN_ERROR)\n                        message = value.get(\"value\") or value.get(\"message\")\n                        if not isinstance(message, str):\n                            value = message\n                            message = message.get(\"message\")\n                    else:\n                        message = value.get(\"message\", None)\n                except ValueError:\n                    pass\n    \n        exception_class: Type[WebDriverException]\n        e = ErrorCode()\n        error_codes = [item for item in dir(e) if not item.startswith(\"__\")]\n        for error_code in error_codes:\n            error_info = getattr(ErrorCode, error_code)\n            if isinstance(error_info, list) and status in error_info:\n                exception_class = getattr(ExceptionMapping, error_code, WebDriverException)\n                break\n        else:\n            exception_class = WebDriverException\n    \n        if not value:\n            value = response[\"value\"]\n        if isinstance(value, str):\n            raise exception_class(value)\n        if message == \"\" and \"message\" in value:\n            message = value[\"message\"]\n    \n        screen = None  # type: ignore[assignment]\n        if \"screen\" in value:\n            screen = value[\"screen\"]\n    \n        stacktrace = None\n        st_value = value.get(\"stackTrace\") or value.get(\"stacktrace\")\n        if st_value:\n            if isinstance(st_value, str):\n                stacktrace = st_value.split(\"\\n\")\n            else:\n                stacktrace = []\n                try:\n                    for frame in st_value:\n                        line = frame.get(\"lineNumber\", \"\")\n                        file = frame.get(\"fileName\", \"<anonymous>\")\n                        if line:\n                            file = f\"{file}:{line}\"\n                        meth = frame.get(\"methodName\", \"<anonymous>\")\n                        if \"className\" in frame:\n                            meth = f\"{frame['className']}.{meth}\"\n                        msg = \"    at %s (%s)\"\n                        msg = msg % (meth, file)\n                        stacktrace.append(msg)\n                except TypeError:\n                    pass\n        if exception_class == UnexpectedAlertPresentException:\n            alert_text = None\n            if \"data\" in value:\n                alert_text = value[\"data\"].get(\"text\")\n            elif \"alert\" in value:\n                alert_text = value[\"alert\"].get(\"text\")\n            raise exception_class(message, screen, stacktrace, alert_text)  # type: ignore[call-arg]  # mypy is not smart enough here\n>       raise exception_class(message, screen, stacktrace)\nE       selenium.common.exceptions.NoSuchElementException: Message: no such element: Unable to locate element: {\"method\":\"css selector\",\"selector\":\".tableOfContent_frame__1c2SI\"}\nE         (Session info: chrome=132.0.6834.83); For documentation on this error, please visit: https://www.selenium.dev/documentation/webdriver/troubleshooting/errors#no-such-element-exception\nE       Stacktrace:\nE       #0 0x55a27c44bdca <unknown>\nE       #1 0x55a27bf423f0 <unknown>\nE       #2 0x55a27bf9210c <unknown>\nE       #3 0x55a27bf92331 <unknown>\nE       #4 0x55a27bfd8154 <unknown>\nE       #5 0x55a27bfb6abd <unknown>\nE       #6 0x55a27bfd54b3 <unknown>\nE       #7 0x55a27bfb6833 <unknown>\nE       #8 0x55a27bf835a0 <unknown>\nE       #9 0x55a27bf84ece <unknown>\nE       #10 0x55a27c415bdb <unknown>\nE       #11 0x55a27c419b67 <unknown>\nE       #12 0x55a27c4013bc <unknown>\nE       #13 0x55a27c41a727 <unknown>\nE       #14 0x55a27c3e574f <unknown>\nE       #15 0x55a27c43a938 <unknown>\nE       #16 0x55a27c43ab00 <unknown>\nE       #17 0x55a27c44ac46 <unknown>\nE       #18 0x7f786089ca94 <unknown>\nE       #19 0x7f7860929c3c <unknown>\n\n../../../.cache/pypoetry/virtualenvs/testcapitalcompyse-CcJ6hTD8-py3.12/lib/python3.12/site-packages/selenium/webdriver/remote/errorhandler.py:229: NoSuchElementException","flaky":false,"newFailed":false,"newBroken":true,"newPassed":false,"retriesCount":0,"retriesStatusChange":false,"beforeStages":[{"name":"d","time":{"start":1737766053834,"stop":1737766054752,"duration":918},"status":"passed","steps":[],"attachments":[],"parameters":[],"shouldDisplayMessage":false,"stepsCount":0,"attachmentsCount":0,"hasContent":false,"attachmentStep":false},{"name":"cur_login","time":{"start":1737766054752,"stop":1737766054752,"duration":0},"status":"passed","steps":[],"attachments":[],"parameters":[],"shouldDisplayMessage":false,"stepsCount":0,"attachmentsCount":0,"hasContent":false,"attachmentStep":false},{"name":"cur_password","time":{"start":1737766054752,"stop":1737766054753,"duration":1},"status":"passed","steps":[],"attachments":[],"parameters":[],"shouldDisplayMessage":false,"stepsCount":0,"attachmentsCount":0,"hasContent":false,"attachmentStep":false},{"name":"worker_id","time":{"start":1737766054752,"stop":1737766054752,"duration":0},"status":"passed","steps":[],"attachments":[],"parameters":[],"shouldDisplayMessage":false,"stepsCount":0,"attachmentsCount":0,"hasContent":false,"attachmentStep":false}],"testStage":{"description":"\n        Check: Menu section [Markets] > Menu item [Market analysis] > Article \"Solana price prediction: Can SOL\n                rebound?\" > Click on the [Could Solana become a Cardano side-chain?] item in the \"Table of Contents\" >\n                Click on the [announced] link in the text\n        Language: EN\n        License: ASIC\n        Author: Kasila\n        ","status":"broken","statusMessage":"selenium.common.exceptions.NoSuchElementException: Message: no such element: Unable to locate element: {\"method\":\"css selector\",\"selector\":\".tableOfContent_frame__1c2SI\"}\n  (Session info: chrome=132.0.6834.83); For documentation on this error, please visit: https://www.selenium.dev/documentation/webdriver/troubleshooting/errors#no-such-element-exception\nStacktrace:\n#0 0x55a27c44bdca <unknown>\n#1 0x55a27bf423f0 <unknown>\n#2 0x55a27bf9210c <unknown>\n#3 0x55a27bf92331 <unknown>\n#4 0x55a27bfd8154 <unknown>\n#5 0x55a27bfb6abd <unknown>\n#6 0x55a27bfd54b3 <unknown>\n#7 0x55a27bfb6833 <unknown>\n#8 0x55a27bf835a0 <unknown>\n#9 0x55a27bf84ece <unknown>\n#10 0x55a27c415bdb <unknown>\n#11 0x55a27c419b67 <unknown>\n#12 0x55a27c4013bc <unknown>\n#13 0x55a27c41a727 <unknown>\n#14 0x55a27c3e574f <unknown>\n#15 0x55a27c43a938 <unknown>\n#16 0x55a27c43ab00 <unknown>\n#17 0x55a27c44ac46 <unknown>\n#18 0x7f786089ca94 <unknown>\n#19 0x7f7860929c3c <unknown>","statusTrace":"self = <US_55-tassobaccato_ReTestsManual_test.TestManualDetectedBugs object at 0x7fc45b080aa0>\nworker_id = 'master'\nd = <selenium.webdriver.chrome.webdriver.WebDriver (session=\"d967c1a59f945599f6583d99614be513\")>\ncur_language = '', cur_country = 'au', cur_role = 'Auth'\ncur_login = 'test001.miketar+1@gmail.com', cur_password = 'Qwer1234-!@#$'\n\n    @allure.step('Start retest manual AT_55!514 The page with text \"Page Not Found ... doesnt exist or has been moved\" is displayed')\n    @pytest.mark.parametrize('cur_language', [''])\n    @pytest.mark.parametrize('cur_country', ['au'])\n    @pytest.mark.parametrize('cur_role', [\"NoReg\", \"Auth\", \"NoAuth\"])\n    @pytest.mark.bug_514\n    def test_514(self, worker_id, d, cur_language, cur_country, cur_role, cur_login, cur_password):\n        \"\"\"\n        Check: Menu section [Markets] > Menu item [Market analysis] > Article \"Solana price prediction: Can SOL\n                rebound?\" > Click on the [Could Solana become a Cardano side-chain?] item in the \"Table of Contents\" >\n                Click on the [announced] link in the text\n        Language: EN\n        License: ASIC\n        Author: Kasila\n        \"\"\"\n    \n        bid = build_dynamic_arg_for_us_55(\n            d, worker_id, cur_language, cur_country, cur_role,\n            \"55\", \"ReTests of Manual Detected Bugs\",\n            \"514\", 'The page with text \"Page Not Found ... doesnt exist or has been moved\" is opened '\n                   'after clicking on [announced] link in the article \"Solana price prediction: Can SOL rebound?\" when '\n                   'selected ASIC license'\n        )\n    \n        link = apply_preconditions_to_link(d, cur_language, cur_country, cur_role, cur_login, cur_password)\n        menu = from_markets_menu_open_market_analysis.MenuNew(d, link)\n        cur_item_link = menu.from_markets_menu_open_market_analysis(d, cur_language, cur_country, link)\n    \n        test_element = AnnouncedLink(d, cur_item_link, bid)\n>       test_element.announced_link(d, cur_item_link, link)\n\ntests/US_55_ReTestsManual/tassobaccato/US_55-tassobaccato_ReTestsManual_test.py:731: \n_ _ _ _ _ _ _ _ _ _ _ _ _ _ _ _ _ _ _ _ _ _ _ _ _ _ _ _ _ _ _ _ _ _ _ _ _ _ _ _ \npages/BugsManual/bug_514.py:52: in announced_link\n    table_of_contents = self.driver.find_element(By.CLASS_NAME, 'tableOfContent_frame__1c2SI')\n../../../.cache/pypoetry/virtualenvs/testcapitalcompyse-CcJ6hTD8-py3.12/lib/python3.12/site-packages/selenium/webdriver/remote/webdriver.py:766: in find_element\n    return self.execute(Command.FIND_ELEMENT, {\"using\": by, \"value\": value})[\"value\"]\n../../../.cache/pypoetry/virtualenvs/testcapitalcompyse-CcJ6hTD8-py3.12/lib/python3.12/site-packages/selenium/webdriver/remote/webdriver.py:380: in execute\n    self.error_handler.check_response(response)\n_ _ _ _ _ _ _ _ _ _ _ _ _ _ _ _ _ _ _ _ _ _ _ _ _ _ _ _ _ _ _ _ _ _ _ _ _ _ _ _ \n\nself = <selenium.webdriver.remote.errorhandler.ErrorHandler object at 0x7fc45a3e3110>\nresponse = {'status': 404, 'value': '{\"value\":{\"error\":\"no such element\",\"message\":\"no such element: Unable to locate element: {\\...\\\\n#17 0x55a27c44ac46 \\\\u003Cunknown>\\\\n#18 0x7f786089ca94 \\\\u003Cunknown>\\\\n#19 0x7f7860929c3c \\\\u003Cunknown>\\\\n\"}}'}\n\n    def check_response(self, response: Dict[str, Any]) -> None:\n        \"\"\"Checks that a JSON response from the WebDriver does not have an\n        error.\n    \n        :Args:\n         - response - The JSON response from the WebDriver server as a dictionary\n           object.\n    \n        :Raises: If the response contains an error message.\n        \"\"\"\n        status = response.get(\"status\", None)\n        if not status or status == ErrorCode.SUCCESS:\n            return\n        value = None\n        message = response.get(\"message\", \"\")\n        screen: str = response.get(\"screen\", \"\")\n        stacktrace = None\n        if isinstance(status, int):\n            value_json = response.get(\"value\", None)\n            if value_json and isinstance(value_json, str):\n                import json\n    \n                try:\n                    value = json.loads(value_json)\n                    if len(value) == 1:\n                        value = value[\"value\"]\n                    status = value.get(\"error\", None)\n                    if not status:\n                        status = value.get(\"status\", ErrorCode.UNKNOWN_ERROR)\n                        message = value.get(\"value\") or value.get(\"message\")\n                        if not isinstance(message, str):\n                            value = message\n                            message = message.get(\"message\")\n                    else:\n                        message = value.get(\"message\", None)\n                except ValueError:\n                    pass\n    \n        exception_class: Type[WebDriverException]\n        e = ErrorCode()\n        error_codes = [item for item in dir(e) if not item.startswith(\"__\")]\n        for error_code in error_codes:\n            error_info = getattr(ErrorCode, error_code)\n            if isinstance(error_info, list) and status in error_info:\n                exception_class = getattr(ExceptionMapping, error_code, WebDriverException)\n                break\n        else:\n            exception_class = WebDriverException\n    \n        if not value:\n            value = response[\"value\"]\n        if isinstance(value, str):\n            raise exception_class(value)\n        if message == \"\" and \"message\" in value:\n            message = value[\"message\"]\n    \n        screen = None  # type: ignore[assignment]\n        if \"screen\" in value:\n            screen = value[\"screen\"]\n    \n        stacktrace = None\n        st_value = value.get(\"stackTrace\") or value.get(\"stacktrace\")\n        if st_value:\n            if isinstance(st_value, str):\n                stacktrace = st_value.split(\"\\n\")\n            else:\n                stacktrace = []\n                try:\n                    for frame in st_value:\n                        line = frame.get(\"lineNumber\", \"\")\n                        file = frame.get(\"fileName\", \"<anonymous>\")\n                        if line:\n                            file = f\"{file}:{line}\"\n                        meth = frame.get(\"methodName\", \"<anonymous>\")\n                        if \"className\" in frame:\n                            meth = f\"{frame['className']}.{meth}\"\n                        msg = \"    at %s (%s)\"\n                        msg = msg % (meth, file)\n                        stacktrace.append(msg)\n                except TypeError:\n                    pass\n        if exception_class == UnexpectedAlertPresentException:\n            alert_text = None\n            if \"data\" in value:\n                alert_text = value[\"data\"].get(\"text\")\n            elif \"alert\" in value:\n                alert_text = value[\"alert\"].get(\"text\")\n            raise exception_class(message, screen, stacktrace, alert_text)  # type: ignore[call-arg]  # mypy is not smart enough here\n>       raise exception_class(message, screen, stacktrace)\nE       selenium.common.exceptions.NoSuchElementException: Message: no such element: Unable to locate element: {\"method\":\"css selector\",\"selector\":\".tableOfContent_frame__1c2SI\"}\nE         (Session info: chrome=132.0.6834.83); For documentation on this error, please visit: https://www.selenium.dev/documentation/webdriver/troubleshooting/errors#no-such-element-exception\nE       Stacktrace:\nE       #0 0x55a27c44bdca <unknown>\nE       #1 0x55a27bf423f0 <unknown>\nE       #2 0x55a27bf9210c <unknown>\nE       #3 0x55a27bf92331 <unknown>\nE       #4 0x55a27bfd8154 <unknown>\nE       #5 0x55a27bfb6abd <unknown>\nE       #6 0x55a27bfd54b3 <unknown>\nE       #7 0x55a27bfb6833 <unknown>\nE       #8 0x55a27bf835a0 <unknown>\nE       #9 0x55a27bf84ece <unknown>\nE       #10 0x55a27c415bdb <unknown>\nE       #11 0x55a27c419b67 <unknown>\nE       #12 0x55a27c4013bc <unknown>\nE       #13 0x55a27c41a727 <unknown>\nE       #14 0x55a27c3e574f <unknown>\nE       #15 0x55a27c43a938 <unknown>\nE       #16 0x55a27c43ab00 <unknown>\nE       #17 0x55a27c44ac46 <unknown>\nE       #18 0x7f786089ca94 <unknown>\nE       #19 0x7f7860929c3c <unknown>\n\n../../../.cache/pypoetry/virtualenvs/testcapitalcompyse-CcJ6hTD8-py3.12/lib/python3.12/site-packages/selenium/webdriver/remote/errorhandler.py:229: NoSuchElementException","steps":[{"name":"Start retest manual AT_55!514 The page with text \"Page Not Found ... doesnt exist or has been moved\" is displayed","time":{"start":1737768704664,"stop":1737768777687,"duration":73023},"status":"broken","statusMessage":"selenium.common.exceptions.NoSuchElementException: Message: no such element: Unable to locate element: {\"method\":\"css selector\",\"selector\":\".tableOfContent_frame__1c2SI\"}\n  (Session info: chrome=132.0.6834.83); For documentation on this error, please visit: https://www.selenium.dev/documentation/webdriver/troubleshooting/errors#no-such-element-exception\nStacktrace:\n#0 0x55a27c44bdca <unknown>\n#1 0x55a27bf423f0 <unknown>\n#2 0x55a27bf9210c <unknown>\n#3 0x55a27bf92331 <unknown>\n#4 0x55a27bfd8154 <unknown>\n#5 0x55a27bfb6abd <unknown>\n#6 0x55a27bfd54b3 <unknown>\n#7 0x55a27bfb6833 <unknown>\n#8 0x55a27bf835a0 <unknown>\n#9 0x55a27bf84ece <unknown>\n#10 0x55a27c415bdb <unknown>\n#11 0x55a27c419b67 <unknown>\n#12 0x55a27c4013bc <unknown>\n#13 0x55a27c41a727 <unknown>\n#14 0x55a27c3e574f <unknown>\n#15 0x55a27c43a938 <unknown>\n#16 0x55a27c43ab00 <unknown>\n#17 0x55a27c44ac46 <unknown>\n#18 0x7f786089ca94 <unknown>\n#19 0x7f7860929c3c <unknown>\n\n","statusTrace":"  File \"/home/runner/.cache/pypoetry/virtualenvs/testcapitalcompyse-CcJ6hTD8-py3.12/lib/python3.12/site-packages/allure_commons/_allure.py\", line 192, in impl\n    return func(*a, **kw)\n           ^^^^^^^^^^^^^^\n  File \"/home/runner/work/TestCapitalComPySe/TestCapitalComPySe/tests/US_55_ReTestsManual/tassobaccato/US_55-tassobaccato_ReTestsManual_test.py\", line 731, in test_514\n    test_element.announced_link(d, cur_item_link, link)\n  File \"/home/runner/.cache/pypoetry/virtualenvs/testcapitalcompyse-CcJ6hTD8-py3.12/lib/python3.12/site-packages/allure_commons/_allure.py\", line 192, in impl\n    return func(*a, **kw)\n           ^^^^^^^^^^^^^^\n  File \"/home/runner/work/TestCapitalComPySe/TestCapitalComPySe/pages/BugsManual/bug_514.py\", line 52, in announced_link\n    table_of_contents = self.driver.find_element(By.CLASS_NAME, 'tableOfContent_frame__1c2SI')\n                        ^^^^^^^^^^^^^^^^^^^^^^^^^^^^^^^^^^^^^^^^^^^^^^^^^^^^^^^^^^^^^^^^^^^^^^\n  File \"/home/runner/.cache/pypoetry/virtualenvs/testcapitalcompyse-CcJ6hTD8-py3.12/lib/python3.12/site-packages/selenium/webdriver/remote/webdriver.py\", line 766, in find_element\n    return self.execute(Command.FIND_ELEMENT, {\"using\": by, \"value\": value})[\"value\"]\n           ^^^^^^^^^^^^^^^^^^^^^^^^^^^^^^^^^^^^^^^^^^^^^^^^^^^^^^^^^^^^^^^^^\n  File \"/home/runner/.cache/pypoetry/virtualenvs/testcapitalcompyse-CcJ6hTD8-py3.12/lib/python3.12/site-packages/selenium/webdriver/remote/webdriver.py\", line 380, in execute\n    self.error_handler.check_response(response)\n  File \"/home/runner/.cache/pypoetry/virtualenvs/testcapitalcompyse-CcJ6hTD8-py3.12/lib/python3.12/site-packages/selenium/webdriver/remote/errorhandler.py\", line 229, in check_response\n    raise exception_class(message, screen, stacktrace)\n","steps":[{"name":"Build dynamic argument for TCs of US_55","time":{"start":1737768704664,"stop":1737768704666,"duration":2},"status":"passed","steps":[],"attachments":[],"parameters":[{"name":"d","value":"<selenium.webdriver.chrome.webdriver.WebDriver (session=\"d967c1a59f945599f6583d99614be513\")>"},{"name":"worker_id","value":"'master'"},{"name":"cur_language","value":"''"},{"name":"cur_country","value":"'au'"},{"name":"cur_role","value":"'Auth'"},{"name":"us","value":"'55'"},{"name":"desc_us","value":"'ReTests of Manual Detected Bugs'"},{"name":"num_tc","value":"'514'"},{"name":"desc_tc","value":"'The page with text \"Page Not Found ... doesnt exist or has been moved\" is opened after clicking on [announced] link in the article \"Solana price prediction: Can SOL rebound?\" when selected ASIC license'"},{"name":"manual","value":"False"},{"name":"new_layout","value":"False"}],"shouldDisplayMessage":false,"stepsCount":0,"attachmentsCount":0,"hasContent":true,"attachmentStep":false},{"name":"   Set New preconditions","time":{"start":1737768704666,"stop":1737768723294,"duration":18628},"status":"passed","steps":[{"name":"2025-01-25 00:47:33.798772   Start Authorization","time":{"start":1737768711933,"stop":1737768720918,"duration":8985},"status":"passed","steps":[],"attachments":[],"parameters":[{"name":"d","value":"<selenium.webdriver.chrome.webdriver.WebDriver (session=\"d967c1a59f945599f6583d99614be513\")>"},{"name":"link","value":"'https://capital.com/en-gb'"},{"name":"login","value":"'test001.miketar+1@gmail.com'"},{"name":"password","value":"'Qwer1234-!@#$'"},{"name":"cur_role","value":"'Auth'"}],"shouldDisplayMessage":false,"stepsCount":0,"attachmentsCount":0,"hasContent":true,"attachmentStep":false},{"name":"2025-01-25 00:47:33.798797   Set language and country","time":{"start":1737768720919,"stop":1737768723289,"duration":2370},"status":"passed","steps":[],"attachments":[],"parameters":[{"name":"d","value":"<selenium.webdriver.chrome.webdriver.WebDriver (session=\"d967c1a59f945599f6583d99614be513\")>"},{"name":"cur_language","value":"'en'"},{"name":"cur_country","value":"'au'"}],"shouldDisplayMessage":false,"stepsCount":0,"attachmentsCount":0,"hasContent":true,"attachmentStep":false}],"attachments":[],"parameters":[{"name":"d","value":"<selenium.webdriver.chrome.webdriver.WebDriver (session=\"d967c1a59f945599f6583d99614be513\")>"},{"name":"host","value":"'https://capital.com/en-gb'"},{"name":"end_point","value":"''"},{"name":"cur_language","value":"''"},{"name":"cur_country","value":"'au'"},{"name":"cur_role","value":"'Auth'"},{"name":"cur_login","value":"'test001.miketar+1@gmail.com'"},{"name":"cur_password","value":"'Qwer1234-!@#$'"}],"shouldDisplayMessage":false,"stepsCount":2,"attachmentsCount":0,"hasContent":true,"attachmentStep":false},{"name":"Select \"Markets\" menu, \"Market analysis\" submenu","time":{"start":1737768723294,"stop":1737768731311,"duration":8017},"status":"passed","steps":[],"attachments":[],"parameters":[{"name":"d","value":"<selenium.webdriver.chrome.webdriver.WebDriver (session=\"d967c1a59f945599f6583d99614be513\")>"},{"name":"cur_language","value":"''"},{"name":"cur_country","value":"'au'"},{"name":"link","value":"'https://capital.com/en-au'"}],"shouldDisplayMessage":false,"stepsCount":0,"attachmentsCount":0,"hasContent":true,"attachmentStep":false},{"name":"2025-01-25 00:47:33.639133   Start testing that the page with 'Maple crypto-lending' content is opened‚Äù","time":{"start":1737768731311,"stop":1737768777686,"duration":46375},"status":"broken","statusMessage":"selenium.common.exceptions.NoSuchElementException: Message: no such element: Unable to locate element: {\"method\":\"css selector\",\"selector\":\".tableOfContent_frame__1c2SI\"}\n  (Session info: chrome=132.0.6834.83); For documentation on this error, please visit: https://www.selenium.dev/documentation/webdriver/troubleshooting/errors#no-such-element-exception\nStacktrace:\n#0 0x55a27c44bdca <unknown>\n#1 0x55a27bf423f0 <unknown>\n#2 0x55a27bf9210c <unknown>\n#3 0x55a27bf92331 <unknown>\n#4 0x55a27bfd8154 <unknown>\n#5 0x55a27bfb6abd <unknown>\n#6 0x55a27bfd54b3 <unknown>\n#7 0x55a27bfb6833 <unknown>\n#8 0x55a27bf835a0 <unknown>\n#9 0x55a27bf84ece <unknown>\n#10 0x55a27c415bdb <unknown>\n#11 0x55a27c419b67 <unknown>\n#12 0x55a27c4013bc <unknown>\n#13 0x55a27c41a727 <unknown>\n#14 0x55a27c3e574f <unknown>\n#15 0x55a27c43a938 <unknown>\n#16 0x55a27c43ab00 <unknown>\n#17 0x55a27c44ac46 <unknown>\n#18 0x7f786089ca94 <unknown>\n#19 0x7f7860929c3c <unknown>\n\n","statusTrace":"  File \"/home/runner/.cache/pypoetry/virtualenvs/testcapitalcompyse-CcJ6hTD8-py3.12/lib/python3.12/site-packages/allure_commons/_allure.py\", line 192, in impl\n    return func(*a, **kw)\n           ^^^^^^^^^^^^^^\n  File \"/home/runner/work/TestCapitalComPySe/TestCapitalComPySe/pages/BugsManual/bug_514.py\", line 52, in announced_link\n    table_of_contents = self.driver.find_element(By.CLASS_NAME, 'tableOfContent_frame__1c2SI')\n                        ^^^^^^^^^^^^^^^^^^^^^^^^^^^^^^^^^^^^^^^^^^^^^^^^^^^^^^^^^^^^^^^^^^^^^^\n  File \"/home/runner/.cache/pypoetry/virtualenvs/testcapitalcompyse-CcJ6hTD8-py3.12/lib/python3.12/site-packages/selenium/webdriver/remote/webdriver.py\", line 766, in find_element\n    return self.execute(Command.FIND_ELEMENT, {\"using\": by, \"value\": value})[\"value\"]\n           ^^^^^^^^^^^^^^^^^^^^^^^^^^^^^^^^^^^^^^^^^^^^^^^^^^^^^^^^^^^^^^^^^\n  File \"/home/runner/.cache/pypoetry/virtualenvs/testcapitalcompyse-CcJ6hTD8-py3.12/lib/python3.12/site-packages/selenium/webdriver/remote/webdriver.py\", line 380, in execute\n    self.error_handler.check_response(response)\n  File \"/home/runner/.cache/pypoetry/virtualenvs/testcapitalcompyse-CcJ6hTD8-py3.12/lib/python3.12/site-packages/selenium/webdriver/remote/errorhandler.py\", line 229, in check_response\n    raise exception_class(message, screen, stacktrace)\n","steps":[],"attachments":[],"parameters":[{"name":"d","value":"<selenium.webdriver.chrome.webdriver.WebDriver (session=\"d967c1a59f945599f6583d99614be513\")>"},{"name":"cur_item_link","value":"'https://capital.com/en-au/analysis'"},{"name":"cur_link","value":"'https://capital.com/en-au'"}],"shouldDisplayMessage":true,"stepsCount":0,"attachmentsCount":0,"hasContent":true,"attachmentStep":false}],"attachments":[],"parameters":[{"name":"worker_id","value":"'master'"},{"name":"d","value":"<selenium.webdriver.chrome.webdriver.WebDriver (session=\"d967c1a59f945599f6583d99614be513\")>"},{"name":"cur_language","value":"''"},{"name":"cur_country","value":"'au'"},{"name":"cur_role","value":"'Auth'"},{"name":"cur_login","value":"'test001.miketar+1@gmail.com'"},{"name":"cur_password","value":"'Qwer1234-!@#$'"}],"shouldDisplayMessage":false,"stepsCount":6,"attachmentsCount":0,"hasContent":true,"attachmentStep":false}],"attachments":[{"uid":"9aa90332d80156c7","name":"Screenshot","source":"9aa90332d80156c7.png","type":"image/png","size":279319},{"uid":"74c7dbeae65fc6d9","name":"stdout","source":"74c7dbeae65fc6d9.txt","type":"text/plain","size":5254}],"parameters":[],"shouldDisplayMessage":true,"stepsCount":7,"attachmentsCount":2,"hasContent":true,"attachmentStep":false},"afterStages":[{"name":"d::0","time":{"start":1737769786125,"stop":1737769786603,"duration":478},"status":"passed","steps":[],"attachments":[],"parameters":[],"shouldDisplayMessage":false,"stepsCount":0,"attachmentsCount":0,"hasContent":false,"attachmentStep":false}],"labels":[{"name":"epic","value":"TC_55!514 | The page with text \"Page Not Found ... doesnt exist or has been moved\" is opened after clicking on [announced] link in the article \"Solana price prediction: Can SOL rebound?\" when selected ASIC license"},{"name":"feature","value":"Role: Auth"},{"name":"story","value":"Country: au"},{"name":"tag","value":"bug_514"},{"name":"tag","value":"us_55"},{"name":"parentSuite","value":"tests.US_55_ReTestsManual.tassobaccato"},{"name":"suite","value":"US_55-tassobaccato_ReTestsManual_test"},{"name":"subSuite","value":"TestManualDetectedBugs"},{"name":"host","value":"fv-az1276-356"},{"name":"thread","value":"25345-MainThread"},{"name":"framework","value":"pytest"},{"name":"language","value":"cpython3"},{"name":"package","value":"tests.US_55_ReTestsManual.tassobaccato.US_55-tassobaccato_ReTestsManual_test"},{"name":"resultFormat","value":"allure2"}],"parameters":[{"name":"cur_country","value":"'au'"},{"name":"cur_language","value":"''"},{"name":"cur_login","value":"'test001.miketar+1@gmail.com'"},{"name":"cur_password","value":"'Qwer1234-!@#$'"},{"name":"cur_role","value":"'Auth'"},{"name":"d","value":"'Chrome'"}],"links":[],"hidden":false,"retry":false,"extra":{"severity":"normal","retries":[],"categories":[{"name":"Test defects","matchedStatuses":[],"flaky":false}],"history":{"statistic":{"failed":9,"broken":2,"skipped":21,"passed":21,"unknown":0,"total":53},"items":[{"uid":"a9ee6f7fec3d64d","reportUrl":"https://AlexTomAQA.github.io/TestCapitalComPySe/298//#testresult/a9ee6f7fec3d64d","status":"passed","time":{"start":1737683582018,"stop":1737683646326,"duration":64308}},{"uid":"b24b2446e95d3a30","reportUrl":"https://AlexTomAQA.github.io/TestCapitalComPySe/297//#testresult/b24b2446e95d3a30","status":"passed","time":{"start":1737596491745,"stop":1737596551395,"duration":59650}},{"uid":"479202b4cc9e4fbe","reportUrl":"https://AlexTomAQA.github.io/TestCapitalComPySe/296//#testresult/479202b4cc9e4fbe","status":"passed","time":{"start":1737510840211,"stop":1737510899323,"duration":59112}},{"uid":"4e872b811cee24ab","reportUrl":"https://AlexTomAQA.github.io/TestCapitalComPySe/295//#testresult/4e872b811cee24ab","status":"passed","time":{"start":1737423121459,"stop":1737423179618,"duration":58159}},{"uid":"c035d77c9fe1e940","reportUrl":"https://AlexTomAQA.github.io/TestCapitalComPySe/294//#testresult/c035d77c9fe1e940","status":"passed","time":{"start":1737337517260,"stop":1737337577189,"duration":59929}},{"uid":"3d4e2b75a859636d","reportUrl":"https://AlexTomAQA.github.io/TestCapitalComPySe/293//#testresult/3d4e2b75a859636d","status":"passed","time":{"start":1737250550583,"stop":1737250609232,"duration":58649}},{"uid":"d591f49fe79c3c38","reportUrl":"https://AlexTomAQA.github.io/TestCapitalComPySe/292//#testresult/d591f49fe79c3c38","status":"passed","time":{"start":1737164848631,"stop":1737164907325,"duration":58694}},{"uid":"3b87047648e547c4","reportUrl":"https://AlexTomAQA.github.io/TestCapitalComPySe/291//#testresult/3b87047648e547c4","status":"passed","time":{"start":1737078682503,"stop":1737078741260,"duration":58757}},{"uid":"fc0e1da5b38ab54a","reportUrl":"https://AlexTomAQA.github.io/TestCapitalComPySe/290//#testresult/fc0e1da5b38ab54a","status":"passed","time":{"start":1736991241525,"stop":1736991300235,"duration":58710}},{"uid":"c70faa1bc14bcec0","reportUrl":"https://AlexTomAQA.github.io/TestCapitalComPySe/289//#testresult/c70faa1bc14bcec0","status":"passed","time":{"start":1736904189980,"stop":1736904248503,"duration":58523}},{"uid":"756fdd0eea92a377","reportUrl":"https://AlexTomAQA.github.io/TestCapitalComPySe/288//#testresult/756fdd0eea92a377","status":"failed","statusDetails":"AssertionError: Button [Accept all cookies] is not visible after 30 sec.","time":{"start":1736816186673,"stop":1736816221763,"duration":35090}},{"uid":"315b50408a4c7382","reportUrl":"https://AlexTomAQA.github.io/TestCapitalComPySe/287//#testresult/315b50408a4c7382","status":"passed","time":{"start":1736732461972,"stop":1736732515812,"duration":53840}},{"uid":"48b0a9a1de21b0e8","reportUrl":"https://AlexTomAQA.github.io/TestCapitalComPySe/286//#testresult/48b0a9a1de21b0e8","status":"passed","time":{"start":1736645103987,"stop":1736645157378,"duration":53391}},{"uid":"67501c2b836c0c61","reportUrl":"https://AlexTomAQA.github.io/TestCapitalComPySe/285//#testresult/67501c2b836c0c61","status":"passed","time":{"start":1736558394586,"stop":1736558447891,"duration":53305}},{"uid":"144c59c9eb5e845d","reportUrl":"https://AlexTomAQA.github.io/TestCapitalComPySe/284//#testresult/144c59c9eb5e845d","status":"passed","time":{"start":1736472046901,"stop":1736472101176,"duration":54275}},{"uid":"1beb78b602266e69","reportUrl":"https://AlexTomAQA.github.io/TestCapitalComPySe/283//#testresult/1beb78b602266e69","status":"passed","time":{"start":1736386117809,"stop":1736386171256,"duration":53447}},{"uid":"1ca0290f27390c82","reportUrl":"https://AlexTomAQA.github.io/TestCapitalComPySe/282//#testresult/1ca0290f27390c82","status":"passed","time":{"start":1736300857245,"stop":1736300911561,"duration":54316}},{"uid":"a2fe3f93051cebd8","reportUrl":"https://AlexTomAQA.github.io/TestCapitalComPySe/281//#testresult/a2fe3f93051cebd8","status":"passed","time":{"start":1736213094754,"stop":1736213148401,"duration":53647}},{"uid":"8cfba14f34ba8ca7","reportUrl":"https://AlexTomAQA.github.io/TestCapitalComPySe/280//#testresult/8cfba14f34ba8ca7","status":"passed","time":{"start":1736127067797,"stop":1736127122060,"duration":54263}},{"uid":"2335c1d5408cdb85","reportUrl":"https://AlexTomAQA.github.io/TestCapitalComPySe/279//#testresult/2335c1d5408cdb85","status":"passed","time":{"start":1736040560637,"stop":1736040614122,"duration":53485}}]},"tags":["us_55","bug_514"]},"source":"1c50f20e9d2fee41.json","parameterValues":["'au'","''","'test001.miketar+1@gmail.com'","'Qwer1234-!@#$'","'Auth'","'Chrome'"]}