{"uid":"bf26d8bc460de3ee","name":"TC_55!416 (Lang: en) | Bid:55!416-en.gb.NoAuth","fullName":"tests.US_55_ReTestsManual.saii-d3v.US_55-saii-d3v_ReTestsManual_test.TestManualDetectedBugs#test_416","historyId":"84c1d4c6a6ddb69205a1d6790e414f77","time":{"start":1732406942728,"stop":1732406954428,"duration":11700},"description":"\n         Check: The page with error is opened after clicking the link \"WhatsApp\" on the page [Client funds]\n         Language: EN.\n         License: FCA.\n         Author: Sergey Aiidzhanov\n         ","descriptionHtml":"<pre><code>     Check: The page with error is opened after clicking the link &quot;WhatsApp&quot; on the page [Client funds]\n     Language: EN.\n     License: FCA.\n     Author: Sergey Aiidzhanov\n</code></pre>\n","status":"broken","statusMessage":"selenium.common.exceptions.ElementClickInterceptedException: Message: element click intercepted: Element <iconex _ngcontent-ng-c3701643753=\"\" name=\"iconex-arrow-down-mini\" class=\"icon-square\" _nghost-ng-c3863089522=\"\">...</iconex> is not clickable at point (1904, 24). Other element would receive the click: <div class=\"cdk-overlay-backdrop modal-overlay2 cdk-overlay-backdrop-showing\"></div>\n  (Session info: chrome=131.0.6778.69)\nStacktrace:\n#0 0x5606e779731a <unknown>\n#1 0x5606e72ad6e0 <unknown>\n#2 0x5606e73030f6 <unknown>\n#3 0x5606e730105d <unknown>\n#4 0x5606e72fe775 <unknown>\n#5 0x5606e72fd92f <unknown>\n#6 0x5606e72f10d5 <unknown>\n#7 0x5606e7320462 <unknown>\n#8 0x5606e72f0a18 <unknown>\n#9 0x5606e732062e <unknown>\n#10 0x5606e733eed7 <unknown>\n#11 0x5606e7320203 <unknown>\n#12 0x5606e72eecc0 <unknown>\n#13 0x5606e72efc9e <unknown>\n#14 0x5606e7764d0b <unknown>\n#15 0x5606e7768c92 <unknown>\n#16 0x5606e7751b3c <unknown>\n#17 0x5606e7769807 <unknown>\n#18 0x5606e77370df <unknown>\n#19 0x5606e7786578 <unknown>\n#20 0x5606e7786740 <unknown>\n#21 0x5606e7796196 <unknown>\n#22 0x7f7b60e94ac3 <unknown>","statusTrace":"self = <US_55-saii-d3v_ReTestsManual_test.TestManualDetectedBugs object at 0x7fbf32dbdfa0>\nworker_id = 'master'\nd = <selenium.webdriver.chrome.webdriver.WebDriver (session=\"3649b0b77c0df4e4952f98db1ce0f501\")>\ncur_language = '', cur_country = 'gb', cur_role = 'NoAuth'\ncur_login = 'test001.miketar+1@gmail.com', cur_password = 'Qwer1234-!@#$'\n\n    @allure.step(\n        'Start retest manual TC_55!416 | The page with error is opened after clicking the link \"WhatsApp\" '\n        'on the page [Client funds]')\n    @pytest.mark.parametrize('cur_language', [''])\n    @pytest.mark.parametrize('cur_country', ['gb'])\n    @pytest.mark.parametrize('cur_role', ['Auth', 'NoAuth', 'NoReg'])\n    @pytest.mark.bug_416\n    def test_416(self, worker_id, d, cur_language, cur_country, cur_role,\n                 cur_login, cur_password):\n        \"\"\"\n         Check: The page with error is opened after clicking the link \"WhatsApp\" on the page [Client funds]\n         Language: EN.\n         License: FCA.\n         Author: Sergey Aiidzhanov\n         \"\"\"\n        bid = build_dynamic_arg_for_us_55(\n            d, worker_id, cur_language, cur_country, cur_role,\n            \"55\", \"ReTests of Manual Detected Bugs\",\n            \"416\",\n            'The page with error is opened after clicking the link \"WhatsApp\" on the page [Client funds]',\n            False,\n            False\n        )\n    \n        # Arrange\n>       link = apply_preconditions_to_link(d, cur_language, cur_country, cur_role, cur_login, cur_password)\n\ntests/US_55_ReTestsManual/saii-d3v/US_55-saii-d3v_ReTestsManual_test.py:1413: \n_ _ _ _ _ _ _ _ _ _ _ _ _ _ _ _ _ _ _ _ _ _ _ _ _ _ _ _ _ _ _ _ _ _ _ _ _ _ _ _ \npages/conditions_v2.py:48: in apply_preconditions_to_link\n    return cond.preconditions(d, CapitalComPageSrc.URL_NEW, '', cur_language, cur_country, cur_role,\npages/conditions_v2.py:125: in preconditions\n    self.to_do_de_authorisation_new(d, host)\npages/conditions_v2.py:253: in to_do_de_authorisation_new\n    if not top_bar.trading_platform_top_bar_account_info_menu_logout():\npages/Trading_platform/Topbar/topbar.py:57: in trading_platform_top_bar_account_info_menu_logout\n    button_list[0].click()\n../../../.cache/pypoetry/virtualenvs/testcapitalcompyse-CcJ6hTD8-py3.12/lib/python3.12/site-packages/selenium/webdriver/remote/webelement.py:94: in click\n    self._execute(Command.CLICK_ELEMENT)\n../../../.cache/pypoetry/virtualenvs/testcapitalcompyse-CcJ6hTD8-py3.12/lib/python3.12/site-packages/selenium/webdriver/remote/webelement.py:395: in _execute\n    return self._parent.execute(command, params)\n../../../.cache/pypoetry/virtualenvs/testcapitalcompyse-CcJ6hTD8-py3.12/lib/python3.12/site-packages/selenium/webdriver/remote/webdriver.py:380: in execute\n    self.error_handler.check_response(response)\n_ _ _ _ _ _ _ _ _ _ _ _ _ _ _ _ _ _ _ _ _ _ _ _ _ _ _ _ _ _ _ _ _ _ _ _ _ _ _ _ \n\nself = <selenium.webdriver.remote.errorhandler.ErrorHandler object at 0x7fbf32dbfd40>\nresponse = {'status': 400, 'value': '{\"value\":{\"error\":\"element click intercepted\",\"message\":\"element click intercepted: Element ...\\\\n#20 0x5606e7786740 \\\\u003Cunknown>\\\\n#21 0x5606e7796196 \\\\u003Cunknown>\\\\n#22 0x7f7b60e94ac3 \\\\u003Cunknown>\\\\n\"}}'}\n\n    def check_response(self, response: Dict[str, Any]) -> None:\n        \"\"\"Checks that a JSON response from the WebDriver does not have an\n        error.\n    \n        :Args:\n         - response - The JSON response from the WebDriver server as a dictionary\n           object.\n    \n        :Raises: If the response contains an error message.\n        \"\"\"\n        status = response.get(\"status\", None)\n        if not status or status == ErrorCode.SUCCESS:\n            return\n        value = None\n        message = response.get(\"message\", \"\")\n        screen: str = response.get(\"screen\", \"\")\n        stacktrace = None\n        if isinstance(status, int):\n            value_json = response.get(\"value\", None)\n            if value_json and isinstance(value_json, str):\n                import json\n    \n                try:\n                    value = json.loads(value_json)\n                    if len(value) == 1:\n                        value = value[\"value\"]\n                    status = value.get(\"error\", None)\n                    if not status:\n                        status = value.get(\"status\", ErrorCode.UNKNOWN_ERROR)\n                        message = value.get(\"value\") or value.get(\"message\")\n                        if not isinstance(message, str):\n                            value = message\n                            message = message.get(\"message\")\n                    else:\n                        message = value.get(\"message\", None)\n                except ValueError:\n                    pass\n    \n        exception_class: Type[WebDriverException]\n        e = ErrorCode()\n        error_codes = [item for item in dir(e) if not item.startswith(\"__\")]\n        for error_code in error_codes:\n            error_info = getattr(ErrorCode, error_code)\n            if isinstance(error_info, list) and status in error_info:\n                exception_class = getattr(ExceptionMapping, error_code, WebDriverException)\n                break\n        else:\n            exception_class = WebDriverException\n    \n        if not value:\n            value = response[\"value\"]\n        if isinstance(value, str):\n            raise exception_class(value)\n        if message == \"\" and \"message\" in value:\n            message = value[\"message\"]\n    \n        screen = None  # type: ignore[assignment]\n        if \"screen\" in value:\n            screen = value[\"screen\"]\n    \n        stacktrace = None\n        st_value = value.get(\"stackTrace\") or value.get(\"stacktrace\")\n        if st_value:\n            if isinstance(st_value, str):\n                stacktrace = st_value.split(\"\\n\")\n            else:\n                stacktrace = []\n                try:\n                    for frame in st_value:\n                        line = frame.get(\"lineNumber\", \"\")\n                        file = frame.get(\"fileName\", \"<anonymous>\")\n                        if line:\n                            file = f\"{file}:{line}\"\n                        meth = frame.get(\"methodName\", \"<anonymous>\")\n                        if \"className\" in frame:\n                            meth = f\"{frame['className']}.{meth}\"\n                        msg = \"    at %s (%s)\"\n                        msg = msg % (meth, file)\n                        stacktrace.append(msg)\n                except TypeError:\n                    pass\n        if exception_class == UnexpectedAlertPresentException:\n            alert_text = None\n            if \"data\" in value:\n                alert_text = value[\"data\"].get(\"text\")\n            elif \"alert\" in value:\n                alert_text = value[\"alert\"].get(\"text\")\n            raise exception_class(message, screen, stacktrace, alert_text)  # type: ignore[call-arg]  # mypy is not smart enough here\n>       raise exception_class(message, screen, stacktrace)\nE       selenium.common.exceptions.ElementClickInterceptedException: Message: element click intercepted: Element <iconex _ngcontent-ng-c3701643753=\"\" name=\"iconex-arrow-down-mini\" class=\"icon-square\" _nghost-ng-c3863089522=\"\">...</iconex> is not clickable at point (1904, 24). Other element would receive the click: <div class=\"cdk-overlay-backdrop modal-overlay2 cdk-overlay-backdrop-showing\"></div>\nE         (Session info: chrome=131.0.6778.69)\nE       Stacktrace:\nE       #0 0x5606e779731a <unknown>\nE       #1 0x5606e72ad6e0 <unknown>\nE       #2 0x5606e73030f6 <unknown>\nE       #3 0x5606e730105d <unknown>\nE       #4 0x5606e72fe775 <unknown>\nE       #5 0x5606e72fd92f <unknown>\nE       #6 0x5606e72f10d5 <unknown>\nE       #7 0x5606e7320462 <unknown>\nE       #8 0x5606e72f0a18 <unknown>\nE       #9 0x5606e732062e <unknown>\nE       #10 0x5606e733eed7 <unknown>\nE       #11 0x5606e7320203 <unknown>\nE       #12 0x5606e72eecc0 <unknown>\nE       #13 0x5606e72efc9e <unknown>\nE       #14 0x5606e7764d0b <unknown>\nE       #15 0x5606e7768c92 <unknown>\nE       #16 0x5606e7751b3c <unknown>\nE       #17 0x5606e7769807 <unknown>\nE       #18 0x5606e77370df <unknown>\nE       #19 0x5606e7786578 <unknown>\nE       #20 0x5606e7786740 <unknown>\nE       #21 0x5606e7796196 <unknown>\nE       #22 0x7f7b60e94ac3 <unknown>\n\n../../../.cache/pypoetry/virtualenvs/testcapitalcompyse-CcJ6hTD8-py3.12/lib/python3.12/site-packages/selenium/webdriver/remote/errorhandler.py:229: ElementClickInterceptedException","flaky":false,"newFailed":false,"newBroken":false,"newPassed":false,"retriesCount":0,"retriesStatusChange":false,"beforeStages":[{"name":"d","time":{"start":1732404196530,"stop":1732404196923,"duration":393},"status":"passed","steps":[],"attachments":[],"parameters":[],"shouldDisplayMessage":false,"stepsCount":0,"attachmentsCount":0,"hasContent":false,"attachmentStep":false},{"name":"cur_login","time":{"start":1732404196923,"stop":1732404196923,"duration":0},"status":"passed","steps":[],"attachments":[],"parameters":[],"shouldDisplayMessage":false,"stepsCount":0,"attachmentsCount":0,"hasContent":false,"attachmentStep":false},{"name":"worker_id","time":{"start":1732404196923,"stop":1732404196923,"duration":0},"status":"passed","steps":[],"attachments":[],"parameters":[],"shouldDisplayMessage":false,"stepsCount":0,"attachmentsCount":0,"hasContent":false,"attachmentStep":false},{"name":"cur_password","time":{"start":1732404196924,"stop":1732404196924,"duration":0},"status":"passed","steps":[],"attachments":[],"parameters":[],"shouldDisplayMessage":false,"stepsCount":0,"attachmentsCount":0,"hasContent":false,"attachmentStep":false}],"testStage":{"description":"\n         Check: The page with error is opened after clicking the link \"WhatsApp\" on the page [Client funds]\n         Language: EN.\n         License: FCA.\n         Author: Sergey Aiidzhanov\n         ","status":"broken","statusMessage":"selenium.common.exceptions.ElementClickInterceptedException: Message: element click intercepted: Element <iconex _ngcontent-ng-c3701643753=\"\" name=\"iconex-arrow-down-mini\" class=\"icon-square\" _nghost-ng-c3863089522=\"\">...</iconex> is not clickable at point (1904, 24). Other element would receive the click: <div class=\"cdk-overlay-backdrop modal-overlay2 cdk-overlay-backdrop-showing\"></div>\n  (Session info: chrome=131.0.6778.69)\nStacktrace:\n#0 0x5606e779731a <unknown>\n#1 0x5606e72ad6e0 <unknown>\n#2 0x5606e73030f6 <unknown>\n#3 0x5606e730105d <unknown>\n#4 0x5606e72fe775 <unknown>\n#5 0x5606e72fd92f <unknown>\n#6 0x5606e72f10d5 <unknown>\n#7 0x5606e7320462 <unknown>\n#8 0x5606e72f0a18 <unknown>\n#9 0x5606e732062e <unknown>\n#10 0x5606e733eed7 <unknown>\n#11 0x5606e7320203 <unknown>\n#12 0x5606e72eecc0 <unknown>\n#13 0x5606e72efc9e <unknown>\n#14 0x5606e7764d0b <unknown>\n#15 0x5606e7768c92 <unknown>\n#16 0x5606e7751b3c <unknown>\n#17 0x5606e7769807 <unknown>\n#18 0x5606e77370df <unknown>\n#19 0x5606e7786578 <unknown>\n#20 0x5606e7786740 <unknown>\n#21 0x5606e7796196 <unknown>\n#22 0x7f7b60e94ac3 <unknown>","statusTrace":"self = <US_55-saii-d3v_ReTestsManual_test.TestManualDetectedBugs object at 0x7fbf32dbdfa0>\nworker_id = 'master'\nd = <selenium.webdriver.chrome.webdriver.WebDriver (session=\"3649b0b77c0df4e4952f98db1ce0f501\")>\ncur_language = '', cur_country = 'gb', cur_role = 'NoAuth'\ncur_login = 'test001.miketar+1@gmail.com', cur_password = 'Qwer1234-!@#$'\n\n    @allure.step(\n        'Start retest manual TC_55!416 | The page with error is opened after clicking the link \"WhatsApp\" '\n        'on the page [Client funds]')\n    @pytest.mark.parametrize('cur_language', [''])\n    @pytest.mark.parametrize('cur_country', ['gb'])\n    @pytest.mark.parametrize('cur_role', ['Auth', 'NoAuth', 'NoReg'])\n    @pytest.mark.bug_416\n    def test_416(self, worker_id, d, cur_language, cur_country, cur_role,\n                 cur_login, cur_password):\n        \"\"\"\n         Check: The page with error is opened after clicking the link \"WhatsApp\" on the page [Client funds]\n         Language: EN.\n         License: FCA.\n         Author: Sergey Aiidzhanov\n         \"\"\"\n        bid = build_dynamic_arg_for_us_55(\n            d, worker_id, cur_language, cur_country, cur_role,\n            \"55\", \"ReTests of Manual Detected Bugs\",\n            \"416\",\n            'The page with error is opened after clicking the link \"WhatsApp\" on the page [Client funds]',\n            False,\n            False\n        )\n    \n        # Arrange\n>       link = apply_preconditions_to_link(d, cur_language, cur_country, cur_role, cur_login, cur_password)\n\ntests/US_55_ReTestsManual/saii-d3v/US_55-saii-d3v_ReTestsManual_test.py:1413: \n_ _ _ _ _ _ _ _ _ _ _ _ _ _ _ _ _ _ _ _ _ _ _ _ _ _ _ _ _ _ _ _ _ _ _ _ _ _ _ _ \npages/conditions_v2.py:48: in apply_preconditions_to_link\n    return cond.preconditions(d, CapitalComPageSrc.URL_NEW, '', cur_language, cur_country, cur_role,\npages/conditions_v2.py:125: in preconditions\n    self.to_do_de_authorisation_new(d, host)\npages/conditions_v2.py:253: in to_do_de_authorisation_new\n    if not top_bar.trading_platform_top_bar_account_info_menu_logout():\npages/Trading_platform/Topbar/topbar.py:57: in trading_platform_top_bar_account_info_menu_logout\n    button_list[0].click()\n../../../.cache/pypoetry/virtualenvs/testcapitalcompyse-CcJ6hTD8-py3.12/lib/python3.12/site-packages/selenium/webdriver/remote/webelement.py:94: in click\n    self._execute(Command.CLICK_ELEMENT)\n../../../.cache/pypoetry/virtualenvs/testcapitalcompyse-CcJ6hTD8-py3.12/lib/python3.12/site-packages/selenium/webdriver/remote/webelement.py:395: in _execute\n    return self._parent.execute(command, params)\n../../../.cache/pypoetry/virtualenvs/testcapitalcompyse-CcJ6hTD8-py3.12/lib/python3.12/site-packages/selenium/webdriver/remote/webdriver.py:380: in execute\n    self.error_handler.check_response(response)\n_ _ _ _ _ _ _ _ _ _ _ _ _ _ _ _ _ _ _ _ _ _ _ _ _ _ _ _ _ _ _ _ _ _ _ _ _ _ _ _ \n\nself = <selenium.webdriver.remote.errorhandler.ErrorHandler object at 0x7fbf32dbfd40>\nresponse = {'status': 400, 'value': '{\"value\":{\"error\":\"element click intercepted\",\"message\":\"element click intercepted: Element ...\\\\n#20 0x5606e7786740 \\\\u003Cunknown>\\\\n#21 0x5606e7796196 \\\\u003Cunknown>\\\\n#22 0x7f7b60e94ac3 \\\\u003Cunknown>\\\\n\"}}'}\n\n    def check_response(self, response: Dict[str, Any]) -> None:\n        \"\"\"Checks that a JSON response from the WebDriver does not have an\n        error.\n    \n        :Args:\n         - response - The JSON response from the WebDriver server as a dictionary\n           object.\n    \n        :Raises: If the response contains an error message.\n        \"\"\"\n        status = response.get(\"status\", None)\n        if not status or status == ErrorCode.SUCCESS:\n            return\n        value = None\n        message = response.get(\"message\", \"\")\n        screen: str = response.get(\"screen\", \"\")\n        stacktrace = None\n        if isinstance(status, int):\n            value_json = response.get(\"value\", None)\n            if value_json and isinstance(value_json, str):\n                import json\n    \n                try:\n                    value = json.loads(value_json)\n                    if len(value) == 1:\n                        value = value[\"value\"]\n                    status = value.get(\"error\", None)\n                    if not status:\n                        status = value.get(\"status\", ErrorCode.UNKNOWN_ERROR)\n                        message = value.get(\"value\") or value.get(\"message\")\n                        if not isinstance(message, str):\n                            value = message\n                            message = message.get(\"message\")\n                    else:\n                        message = value.get(\"message\", None)\n                except ValueError:\n                    pass\n    \n        exception_class: Type[WebDriverException]\n        e = ErrorCode()\n        error_codes = [item for item in dir(e) if not item.startswith(\"__\")]\n        for error_code in error_codes:\n            error_info = getattr(ErrorCode, error_code)\n            if isinstance(error_info, list) and status in error_info:\n                exception_class = getattr(ExceptionMapping, error_code, WebDriverException)\n                break\n        else:\n            exception_class = WebDriverException\n    \n        if not value:\n            value = response[\"value\"]\n        if isinstance(value, str):\n            raise exception_class(value)\n        if message == \"\" and \"message\" in value:\n            message = value[\"message\"]\n    \n        screen = None  # type: ignore[assignment]\n        if \"screen\" in value:\n            screen = value[\"screen\"]\n    \n        stacktrace = None\n        st_value = value.get(\"stackTrace\") or value.get(\"stacktrace\")\n        if st_value:\n            if isinstance(st_value, str):\n                stacktrace = st_value.split(\"\\n\")\n            else:\n                stacktrace = []\n                try:\n                    for frame in st_value:\n                        line = frame.get(\"lineNumber\", \"\")\n                        file = frame.get(\"fileName\", \"<anonymous>\")\n                        if line:\n                            file = f\"{file}:{line}\"\n                        meth = frame.get(\"methodName\", \"<anonymous>\")\n                        if \"className\" in frame:\n                            meth = f\"{frame['className']}.{meth}\"\n                        msg = \"    at %s (%s)\"\n                        msg = msg % (meth, file)\n                        stacktrace.append(msg)\n                except TypeError:\n                    pass\n        if exception_class == UnexpectedAlertPresentException:\n            alert_text = None\n            if \"data\" in value:\n                alert_text = value[\"data\"].get(\"text\")\n            elif \"alert\" in value:\n                alert_text = value[\"alert\"].get(\"text\")\n            raise exception_class(message, screen, stacktrace, alert_text)  # type: ignore[call-arg]  # mypy is not smart enough here\n>       raise exception_class(message, screen, stacktrace)\nE       selenium.common.exceptions.ElementClickInterceptedException: Message: element click intercepted: Element <iconex _ngcontent-ng-c3701643753=\"\" name=\"iconex-arrow-down-mini\" class=\"icon-square\" _nghost-ng-c3863089522=\"\">...</iconex> is not clickable at point (1904, 24). Other element would receive the click: <div class=\"cdk-overlay-backdrop modal-overlay2 cdk-overlay-backdrop-showing\"></div>\nE         (Session info: chrome=131.0.6778.69)\nE       Stacktrace:\nE       #0 0x5606e779731a <unknown>\nE       #1 0x5606e72ad6e0 <unknown>\nE       #2 0x5606e73030f6 <unknown>\nE       #3 0x5606e730105d <unknown>\nE       #4 0x5606e72fe775 <unknown>\nE       #5 0x5606e72fd92f <unknown>\nE       #6 0x5606e72f10d5 <unknown>\nE       #7 0x5606e7320462 <unknown>\nE       #8 0x5606e72f0a18 <unknown>\nE       #9 0x5606e732062e <unknown>\nE       #10 0x5606e733eed7 <unknown>\nE       #11 0x5606e7320203 <unknown>\nE       #12 0x5606e72eecc0 <unknown>\nE       #13 0x5606e72efc9e <unknown>\nE       #14 0x5606e7764d0b <unknown>\nE       #15 0x5606e7768c92 <unknown>\nE       #16 0x5606e7751b3c <unknown>\nE       #17 0x5606e7769807 <unknown>\nE       #18 0x5606e77370df <unknown>\nE       #19 0x5606e7786578 <unknown>\nE       #20 0x5606e7786740 <unknown>\nE       #21 0x5606e7796196 <unknown>\nE       #22 0x7f7b60e94ac3 <unknown>\n\n../../../.cache/pypoetry/virtualenvs/testcapitalcompyse-CcJ6hTD8-py3.12/lib/python3.12/site-packages/selenium/webdriver/remote/errorhandler.py:229: ElementClickInterceptedException","steps":[{"name":"Start retest manual TC_55!416 | The page with error is opened after clicking the link \"WhatsApp\" on the page [Client funds]","time":{"start":1732406942728,"stop":1732406954428,"duration":11700},"status":"broken","statusMessage":"selenium.common.exceptions.ElementClickInterceptedException: Message: element click intercepted: Element <iconex _ngcontent-ng-c3701643753=\"\" name=\"iconex-arrow-down-mini\" class=\"icon-square\" _nghost-ng-c3863089522=\"\">...</iconex> is not clickable at point (1904, 24). Other element would receive the click: <div class=\"cdk-overlay-backdrop modal-overlay2 cdk-overlay-backdrop-showing\"></div>\n  (Session info: chrome=131.0.6778.69)\nStacktrace:\n#0 0x5606e779731a <unknown>\n#1 0x5606e72ad6e0 <unknown>\n#2 0x5606e73030f6 <unknown>\n#3 0x5606e730105d <unknown>\n#4 0x5606e72fe775 <unknown>\n#5 0x5606e72fd92f <unknown>\n#6 0x5606e72f10d5 <unknown>\n#7 0x5606e7320462 <unknown>\n#8 0x5606e72f0a18 <unknown>\n#9 0x5606e732062e <unknown>\n#10 0x5606e733eed7 <unknown>\n#11 0x5606e7320203 <unknown>\n#12 0x5606e72eecc0 <unknown>\n#13 0x5606e72efc9e <unknown>\n#14 0x5606e7764d0b <unknown>\n#15 0x5606e7768c92 <unknown>\n#16 0x5606e7751b3c <unknown>\n#17 0x5606e7769807 <unknown>\n#18 0x5606e77370df <unknown>\n#19 0x5606e7786578 <unknown>\n#20 0x5606e7786740 <unknown>\n#21 0x5606e7796196 <unknown>\n#22 0x7f7b60e94ac3 <unknown>\n\n","statusTrace":"  File \"/home/runner/.cache/pypoetry/virtualenvs/testcapitalcompyse-CcJ6hTD8-py3.12/lib/python3.12/site-packages/allure_commons/_allure.py\", line 192, in impl\n    return func(*a, **kw)\n           ^^^^^^^^^^^^^^\n  File \"/home/runner/work/TestCapitalComPySe/TestCapitalComPySe/tests/US_55_ReTestsManual/saii-d3v/US_55-saii-d3v_ReTestsManual_test.py\", line 1413, in test_416\n    link = apply_preconditions_to_link(d, cur_language, cur_country, cur_role, cur_login, cur_password)\n           ^^^^^^^^^^^^^^^^^^^^^^^^^^^^^^^^^^^^^^^^^^^^^^^^^^^^^^^^^^^^^^^^^^^^^^^^^^^^^^^^^^^^^^^^^^^^\n  File \"/home/runner/work/TestCapitalComPySe/TestCapitalComPySe/pages/conditions_v2.py\", line 48, in apply_preconditions_to_link\n    return cond.preconditions(d, CapitalComPageSrc.URL_NEW, '', cur_language, cur_country, cur_role,\n           ^^^^^^^^^^^^^^^^^^^^^^^^^^^^^^^^^^^^^^^^^^^^^^^^^^^^^^^^^^^^^^^^^^^^^^^^^^^^^^^^^^^^^^^^^\n  File \"/home/runner/.cache/pypoetry/virtualenvs/testcapitalcompyse-CcJ6hTD8-py3.12/lib/python3.12/site-packages/allure_commons/_allure.py\", line 192, in impl\n    return func(*a, **kw)\n           ^^^^^^^^^^^^^^\n  File \"/home/runner/work/TestCapitalComPySe/TestCapitalComPySe/pages/conditions_v2.py\", line 125, in preconditions\n    self.to_do_de_authorisation_new(d, host)\n  File \"/home/runner/.cache/pypoetry/virtualenvs/testcapitalcompyse-CcJ6hTD8-py3.12/lib/python3.12/site-packages/allure_commons/_allure.py\", line 192, in impl\n    return func(*a, **kw)\n           ^^^^^^^^^^^^^^\n  File \"/home/runner/work/TestCapitalComPySe/TestCapitalComPySe/pages/conditions_v2.py\", line 253, in to_do_de_authorisation_new\n    if not top_bar.trading_platform_top_bar_account_info_menu_logout():\n           ^^^^^^^^^^^^^^^^^^^^^^^^^^^^^^^^^^^^^^^^^^^^^^^^^^^^^^^^^^^\n  File \"/home/runner/.cache/pypoetry/virtualenvs/testcapitalcompyse-CcJ6hTD8-py3.12/lib/python3.12/site-packages/allure_commons/_allure.py\", line 192, in impl\n    return func(*a, **kw)\n           ^^^^^^^^^^^^^^\n  File \"/home/runner/work/TestCapitalComPySe/TestCapitalComPySe/pages/Trading_platform/Topbar/topbar.py\", line 57, in trading_platform_top_bar_account_info_menu_logout\n    button_list[0].click()\n  File \"/home/runner/.cache/pypoetry/virtualenvs/testcapitalcompyse-CcJ6hTD8-py3.12/lib/python3.12/site-packages/selenium/webdriver/remote/webelement.py\", line 94, in click\n    self._execute(Command.CLICK_ELEMENT)\n  File \"/home/runner/.cache/pypoetry/virtualenvs/testcapitalcompyse-CcJ6hTD8-py3.12/lib/python3.12/site-packages/selenium/webdriver/remote/webelement.py\", line 395, in _execute\n    return self._parent.execute(command, params)\n           ^^^^^^^^^^^^^^^^^^^^^^^^^^^^^^^^^^^^^\n  File \"/home/runner/.cache/pypoetry/virtualenvs/testcapitalcompyse-CcJ6hTD8-py3.12/lib/python3.12/site-packages/selenium/webdriver/remote/webdriver.py\", line 380, in execute\n    self.error_handler.check_response(response)\n  File \"/home/runner/.cache/pypoetry/virtualenvs/testcapitalcompyse-CcJ6hTD8-py3.12/lib/python3.12/site-packages/selenium/webdriver/remote/errorhandler.py\", line 229, in check_response\n    raise exception_class(message, screen, stacktrace)\n","steps":[{"name":"Build dynamic argument for TCs of US_55","time":{"start":1732406942728,"stop":1732406942730,"duration":2},"status":"passed","steps":[],"attachments":[],"parameters":[{"name":"d","value":"<selenium.webdriver.chrome.webdriver.WebDriver (session=\"3649b0b77c0df4e4952f98db1ce0f501\")>"},{"name":"worker_id","value":"'master'"},{"name":"cur_language","value":"''"},{"name":"cur_country","value":"'gb'"},{"name":"cur_role","value":"'NoAuth'"},{"name":"us","value":"'55'"},{"name":"desc_us","value":"'ReTests of Manual Detected Bugs'"},{"name":"num_tc","value":"'416'"},{"name":"desc_tc","value":"'The page with error is opened after clicking the link \"WhatsApp\" on the page [Client funds]'"},{"name":"manual","value":"False"},{"name":"new_layout","value":"False"}],"shouldDisplayMessage":false,"stepsCount":0,"attachmentsCount":0,"hasContent":true,"attachmentStep":false},{"name":"   Set New preconditions","time":{"start":1732406942730,"stop":1732406954427,"duration":11697},"status":"broken","statusMessage":"selenium.common.exceptions.ElementClickInterceptedException: Message: element click intercepted: Element <iconex _ngcontent-ng-c3701643753=\"\" name=\"iconex-arrow-down-mini\" class=\"icon-square\" _nghost-ng-c3863089522=\"\">...</iconex> is not clickable at point (1904, 24). Other element would receive the click: <div class=\"cdk-overlay-backdrop modal-overlay2 cdk-overlay-backdrop-showing\"></div>\n  (Session info: chrome=131.0.6778.69)\nStacktrace:\n#0 0x5606e779731a <unknown>\n#1 0x5606e72ad6e0 <unknown>\n#2 0x5606e73030f6 <unknown>\n#3 0x5606e730105d <unknown>\n#4 0x5606e72fe775 <unknown>\n#5 0x5606e72fd92f <unknown>\n#6 0x5606e72f10d5 <unknown>\n#7 0x5606e7320462 <unknown>\n#8 0x5606e72f0a18 <unknown>\n#9 0x5606e732062e <unknown>\n#10 0x5606e733eed7 <unknown>\n#11 0x5606e7320203 <unknown>\n#12 0x5606e72eecc0 <unknown>\n#13 0x5606e72efc9e <unknown>\n#14 0x5606e7764d0b <unknown>\n#15 0x5606e7768c92 <unknown>\n#16 0x5606e7751b3c <unknown>\n#17 0x5606e7769807 <unknown>\n#18 0x5606e77370df <unknown>\n#19 0x5606e7786578 <unknown>\n#20 0x5606e7786740 <unknown>\n#21 0x5606e7796196 <unknown>\n#22 0x7f7b60e94ac3 <unknown>\n\n","statusTrace":"  File \"/home/runner/.cache/pypoetry/virtualenvs/testcapitalcompyse-CcJ6hTD8-py3.12/lib/python3.12/site-packages/allure_commons/_allure.py\", line 192, in impl\n    return func(*a, **kw)\n           ^^^^^^^^^^^^^^\n  File \"/home/runner/work/TestCapitalComPySe/TestCapitalComPySe/pages/conditions_v2.py\", line 125, in preconditions\n    self.to_do_de_authorisation_new(d, host)\n  File \"/home/runner/.cache/pypoetry/virtualenvs/testcapitalcompyse-CcJ6hTD8-py3.12/lib/python3.12/site-packages/allure_commons/_allure.py\", line 192, in impl\n    return func(*a, **kw)\n           ^^^^^^^^^^^^^^\n  File \"/home/runner/work/TestCapitalComPySe/TestCapitalComPySe/pages/conditions_v2.py\", line 253, in to_do_de_authorisation_new\n    if not top_bar.trading_platform_top_bar_account_info_menu_logout():\n           ^^^^^^^^^^^^^^^^^^^^^^^^^^^^^^^^^^^^^^^^^^^^^^^^^^^^^^^^^^^\n  File \"/home/runner/.cache/pypoetry/virtualenvs/testcapitalcompyse-CcJ6hTD8-py3.12/lib/python3.12/site-packages/allure_commons/_allure.py\", line 192, in impl\n    return func(*a, **kw)\n           ^^^^^^^^^^^^^^\n  File \"/home/runner/work/TestCapitalComPySe/TestCapitalComPySe/pages/Trading_platform/Topbar/topbar.py\", line 57, in trading_platform_top_bar_account_info_menu_logout\n    button_list[0].click()\n  File \"/home/runner/.cache/pypoetry/virtualenvs/testcapitalcompyse-CcJ6hTD8-py3.12/lib/python3.12/site-packages/selenium/webdriver/remote/webelement.py\", line 94, in click\n    self._execute(Command.CLICK_ELEMENT)\n  File \"/home/runner/.cache/pypoetry/virtualenvs/testcapitalcompyse-CcJ6hTD8-py3.12/lib/python3.12/site-packages/selenium/webdriver/remote/webelement.py\", line 395, in _execute\n    return self._parent.execute(command, params)\n           ^^^^^^^^^^^^^^^^^^^^^^^^^^^^^^^^^^^^^\n  File \"/home/runner/.cache/pypoetry/virtualenvs/testcapitalcompyse-CcJ6hTD8-py3.12/lib/python3.12/site-packages/selenium/webdriver/remote/webdriver.py\", line 380, in execute\n    self.error_handler.check_response(response)\n  File \"/home/runner/.cache/pypoetry/virtualenvs/testcapitalcompyse-CcJ6hTD8-py3.12/lib/python3.12/site-packages/selenium/webdriver/remote/errorhandler.py\", line 229, in check_response\n    raise exception_class(message, screen, stacktrace)\n","steps":[{"name":"2024-11-23 23:23:16.467507   Start Authorization","time":{"start":1732406950154,"stop":1732406953036,"duration":2882},"status":"passed","steps":[],"attachments":[],"parameters":[{"name":"d","value":"<selenium.webdriver.chrome.webdriver.WebDriver (session=\"3649b0b77c0df4e4952f98db1ce0f501\")>"},{"name":"link","value":"'https://capital.com/en-gb'"},{"name":"login","value":"'test001.miketar+1@gmail.com'"},{"name":"password","value":"'Qwer1234-!@#$'"},{"name":"cur_role","value":"'NoAuth'"}],"shouldDisplayMessage":false,"stepsCount":0,"attachmentsCount":0,"hasContent":true,"attachmentStep":false},{"name":"2024-11-23 23:23:16.467520   Start Deauthorization","time":{"start":1732406953036,"stop":1732406954426,"duration":1390},"status":"broken","statusMessage":"selenium.common.exceptions.ElementClickInterceptedException: Message: element click intercepted: Element <iconex _ngcontent-ng-c3701643753=\"\" name=\"iconex-arrow-down-mini\" class=\"icon-square\" _nghost-ng-c3863089522=\"\">...</iconex> is not clickable at point (1904, 24). Other element would receive the click: <div class=\"cdk-overlay-backdrop modal-overlay2 cdk-overlay-backdrop-showing\"></div>\n  (Session info: chrome=131.0.6778.69)\nStacktrace:\n#0 0x5606e779731a <unknown>\n#1 0x5606e72ad6e0 <unknown>\n#2 0x5606e73030f6 <unknown>\n#3 0x5606e730105d <unknown>\n#4 0x5606e72fe775 <unknown>\n#5 0x5606e72fd92f <unknown>\n#6 0x5606e72f10d5 <unknown>\n#7 0x5606e7320462 <unknown>\n#8 0x5606e72f0a18 <unknown>\n#9 0x5606e732062e <unknown>\n#10 0x5606e733eed7 <unknown>\n#11 0x5606e7320203 <unknown>\n#12 0x5606e72eecc0 <unknown>\n#13 0x5606e72efc9e <unknown>\n#14 0x5606e7764d0b <unknown>\n#15 0x5606e7768c92 <unknown>\n#16 0x5606e7751b3c <unknown>\n#17 0x5606e7769807 <unknown>\n#18 0x5606e77370df <unknown>\n#19 0x5606e7786578 <unknown>\n#20 0x5606e7786740 <unknown>\n#21 0x5606e7796196 <unknown>\n#22 0x7f7b60e94ac3 <unknown>\n\n","statusTrace":"  File \"/home/runner/.cache/pypoetry/virtualenvs/testcapitalcompyse-CcJ6hTD8-py3.12/lib/python3.12/site-packages/allure_commons/_allure.py\", line 192, in impl\n    return func(*a, **kw)\n           ^^^^^^^^^^^^^^\n  File \"/home/runner/work/TestCapitalComPySe/TestCapitalComPySe/pages/conditions_v2.py\", line 253, in to_do_de_authorisation_new\n    if not top_bar.trading_platform_top_bar_account_info_menu_logout():\n           ^^^^^^^^^^^^^^^^^^^^^^^^^^^^^^^^^^^^^^^^^^^^^^^^^^^^^^^^^^^\n  File \"/home/runner/.cache/pypoetry/virtualenvs/testcapitalcompyse-CcJ6hTD8-py3.12/lib/python3.12/site-packages/allure_commons/_allure.py\", line 192, in impl\n    return func(*a, **kw)\n           ^^^^^^^^^^^^^^\n  File \"/home/runner/work/TestCapitalComPySe/TestCapitalComPySe/pages/Trading_platform/Topbar/topbar.py\", line 57, in trading_platform_top_bar_account_info_menu_logout\n    button_list[0].click()\n  File \"/home/runner/.cache/pypoetry/virtualenvs/testcapitalcompyse-CcJ6hTD8-py3.12/lib/python3.12/site-packages/selenium/webdriver/remote/webelement.py\", line 94, in click\n    self._execute(Command.CLICK_ELEMENT)\n  File \"/home/runner/.cache/pypoetry/virtualenvs/testcapitalcompyse-CcJ6hTD8-py3.12/lib/python3.12/site-packages/selenium/webdriver/remote/webelement.py\", line 395, in _execute\n    return self._parent.execute(command, params)\n           ^^^^^^^^^^^^^^^^^^^^^^^^^^^^^^^^^^^^^\n  File \"/home/runner/.cache/pypoetry/virtualenvs/testcapitalcompyse-CcJ6hTD8-py3.12/lib/python3.12/site-packages/selenium/webdriver/remote/webdriver.py\", line 380, in execute\n    self.error_handler.check_response(response)\n  File \"/home/runner/.cache/pypoetry/virtualenvs/testcapitalcompyse-CcJ6hTD8-py3.12/lib/python3.12/site-packages/selenium/webdriver/remote/errorhandler.py\", line 229, in check_response\n    raise exception_class(message, screen, stacktrace)\n","steps":[{"name":"Start Logout from account info menu in top bar","time":{"start":1732406953036,"stop":1732406954426,"duration":1390},"status":"broken","statusMessage":"selenium.common.exceptions.ElementClickInterceptedException: Message: element click intercepted: Element <iconex _ngcontent-ng-c3701643753=\"\" name=\"iconex-arrow-down-mini\" class=\"icon-square\" _nghost-ng-c3863089522=\"\">...</iconex> is not clickable at point (1904, 24). Other element would receive the click: <div class=\"cdk-overlay-backdrop modal-overlay2 cdk-overlay-backdrop-showing\"></div>\n  (Session info: chrome=131.0.6778.69)\nStacktrace:\n#0 0x5606e779731a <unknown>\n#1 0x5606e72ad6e0 <unknown>\n#2 0x5606e73030f6 <unknown>\n#3 0x5606e730105d <unknown>\n#4 0x5606e72fe775 <unknown>\n#5 0x5606e72fd92f <unknown>\n#6 0x5606e72f10d5 <unknown>\n#7 0x5606e7320462 <unknown>\n#8 0x5606e72f0a18 <unknown>\n#9 0x5606e732062e <unknown>\n#10 0x5606e733eed7 <unknown>\n#11 0x5606e7320203 <unknown>\n#12 0x5606e72eecc0 <unknown>\n#13 0x5606e72efc9e <unknown>\n#14 0x5606e7764d0b <unknown>\n#15 0x5606e7768c92 <unknown>\n#16 0x5606e7751b3c <unknown>\n#17 0x5606e7769807 <unknown>\n#18 0x5606e77370df <unknown>\n#19 0x5606e7786578 <unknown>\n#20 0x5606e7786740 <unknown>\n#21 0x5606e7796196 <unknown>\n#22 0x7f7b60e94ac3 <unknown>\n\n","statusTrace":"  File \"/home/runner/.cache/pypoetry/virtualenvs/testcapitalcompyse-CcJ6hTD8-py3.12/lib/python3.12/site-packages/allure_commons/_allure.py\", line 192, in impl\n    return func(*a, **kw)\n           ^^^^^^^^^^^^^^\n  File \"/home/runner/work/TestCapitalComPySe/TestCapitalComPySe/pages/Trading_platform/Topbar/topbar.py\", line 57, in trading_platform_top_bar_account_info_menu_logout\n    button_list[0].click()\n  File \"/home/runner/.cache/pypoetry/virtualenvs/testcapitalcompyse-CcJ6hTD8-py3.12/lib/python3.12/site-packages/selenium/webdriver/remote/webelement.py\", line 94, in click\n    self._execute(Command.CLICK_ELEMENT)\n  File \"/home/runner/.cache/pypoetry/virtualenvs/testcapitalcompyse-CcJ6hTD8-py3.12/lib/python3.12/site-packages/selenium/webdriver/remote/webelement.py\", line 395, in _execute\n    return self._parent.execute(command, params)\n           ^^^^^^^^^^^^^^^^^^^^^^^^^^^^^^^^^^^^^\n  File \"/home/runner/.cache/pypoetry/virtualenvs/testcapitalcompyse-CcJ6hTD8-py3.12/lib/python3.12/site-packages/selenium/webdriver/remote/webdriver.py\", line 380, in execute\n    self.error_handler.check_response(response)\n  File \"/home/runner/.cache/pypoetry/virtualenvs/testcapitalcompyse-CcJ6hTD8-py3.12/lib/python3.12/site-packages/selenium/webdriver/remote/errorhandler.py\", line 229, in check_response\n    raise exception_class(message, screen, stacktrace)\n","steps":[],"attachments":[],"parameters":[],"shouldDisplayMessage":true,"stepsCount":0,"attachmentsCount":0,"hasContent":true,"attachmentStep":false}],"attachments":[],"parameters":[{"name":"d","value":"<selenium.webdriver.chrome.webdriver.WebDriver (session=\"3649b0b77c0df4e4952f98db1ce0f501\")>"},{"name":"link","value":"'https://capital.com/en-gb'"}],"shouldDisplayMessage":false,"stepsCount":1,"attachmentsCount":0,"hasContent":true,"attachmentStep":false}],"attachments":[],"parameters":[{"name":"d","value":"<selenium.webdriver.chrome.webdriver.WebDriver (session=\"3649b0b77c0df4e4952f98db1ce0f501\")>"},{"name":"host","value":"'https://capital.com/en-gb'"},{"name":"end_point","value":"''"},{"name":"cur_language","value":"''"},{"name":"cur_country","value":"'gb'"},{"name":"cur_role","value":"'NoAuth'"},{"name":"cur_login","value":"'test001.miketar+1@gmail.com'"},{"name":"cur_password","value":"'Qwer1234-!@#$'"}],"shouldDisplayMessage":false,"stepsCount":3,"attachmentsCount":0,"hasContent":true,"attachmentStep":false}],"attachments":[],"parameters":[{"name":"worker_id","value":"'master'"},{"name":"d","value":"<selenium.webdriver.chrome.webdriver.WebDriver (session=\"3649b0b77c0df4e4952f98db1ce0f501\")>"},{"name":"cur_language","value":"''"},{"name":"cur_country","value":"'gb'"},{"name":"cur_role","value":"'NoAuth'"},{"name":"cur_login","value":"'test001.miketar+1@gmail.com'"},{"name":"cur_password","value":"'Qwer1234-!@#$'"}],"shouldDisplayMessage":false,"stepsCount":5,"attachmentsCount":0,"hasContent":true,"attachmentStep":false}],"attachments":[{"uid":"b0574201acce9da4","name":"Screenshot","source":"b0574201acce9da4.png","type":"image/png","size":194100},{"uid":"75e71606b4c10ad","name":"stdout","source":"75e71606b4c10ad.txt","type":"text/plain","size":3154}],"parameters":[],"shouldDisplayMessage":true,"stepsCount":6,"attachmentsCount":2,"hasContent":true,"attachmentStep":false},"afterStages":[{"name":"d::0","time":{"start":1732407119336,"stop":1732407119711,"duration":375},"status":"passed","steps":[],"attachments":[],"parameters":[],"shouldDisplayMessage":false,"stepsCount":0,"attachmentsCount":0,"hasContent":false,"attachmentStep":false}],"labels":[{"name":"epic","value":"TC_55!416 | The page with error is opened after clicking the link \"WhatsApp\" on the page [Client funds]"},{"name":"feature","value":"Role: NoAuth"},{"name":"story","value":"Country: gb"},{"name":"tag","value":"bug_416"},{"name":"tag","value":"us_55"},{"name":"parentSuite","value":"tests.US_55_ReTestsManual.saii-d3v"},{"name":"suite","value":"US_55-saii-d3v_ReTestsManual_test"},{"name":"subSuite","value":"TestManualDetectedBugs"},{"name":"host","value":"fv-az1146-454"},{"name":"thread","value":"16705-MainThread"},{"name":"framework","value":"pytest"},{"name":"language","value":"cpython3"},{"name":"package","value":"tests.US_55_ReTestsManual.saii-d3v.US_55-saii-d3v_ReTestsManual_test"},{"name":"resultFormat","value":"allure2"}],"parameters":[{"name":"cur_country","value":"'gb'"},{"name":"cur_language","value":"''"},{"name":"cur_login","value":"'test001.miketar+1@gmail.com'"},{"name":"cur_password","value":"'Qwer1234-!@#$'"},{"name":"cur_role","value":"'NoAuth'"},{"name":"d","value":"'Chrome'"}],"links":[],"hidden":false,"retry":false,"extra":{"severity":"normal","retries":[],"categories":[{"name":"Test defects","matchedStatuses":[],"flaky":false}],"history":{"statistic":{"failed":10,"broken":2,"skipped":0,"passed":14,"unknown":0,"total":26},"items":[{"uid":"2faab8cda0e8e780","reportUrl":"https://AlexTomAQA.github.io/TestCapitalComPySe/233//#testresult/2faab8cda0e8e780","status":"broken","statusDetails":"selenium.common.exceptions.ElementClickInterceptedException: Message: element click intercepted: Element <iconex _ngcontent-ng-c3701643753=\"\" name=\"iconex-arrow-down-mini\" class=\"icon-square\" _nghost-ng-c3863089522=\"\">...</iconex> is not clickable at point (1904, 24). Other element would receive the click: <div class=\"cdk-overlay-backdrop modal-overlay2 cdk-overlay-backdrop-showing\"></div>\n  (Session info: chrome=131.0.6778.69)\nStacktrace:\n#0 0x5586d6ff131a <unknown>\n#1 0x5586d6b076e0 <unknown>\n#2 0x5586d6b5d0f6 <unknown>\n#3 0x5586d6b5b05d <unknown>\n#4 0x5586d6b58775 <unknown>\n#5 0x5586d6b5792f <unknown>\n#6 0x5586d6b4b0d5 <unknown>\n#7 0x5586d6b7a462 <unknown>\n#8 0x5586d6b4aa18 <unknown>\n#9 0x5586d6b7a62e <unknown>\n#10 0x5586d6b98ed7 <unknown>\n#11 0x5586d6b7a203 <unknown>\n#12 0x5586d6b48cc0 <unknown>\n#13 0x5586d6b49c9e <unknown>\n#14 0x5586d6fbed0b <unknown>\n#15 0x5586d6fc2c92 <unknown>\n#16 0x5586d6fabb3c <unknown>\n#17 0x5586d6fc3807 <unknown>\n#18 0x5586d6f910df <unknown>\n#19 0x5586d6fe0578 <unknown>\n#20 0x5586d6fe0740 <unknown>\n#21 0x5586d6ff0196 <unknown>\n#22 0x7fec39e94ac3 <unknown>","time":{"start":1732325582009,"stop":1732325593583,"duration":11574}},{"uid":"9a5c1e5cce0e4c6b","reportUrl":"https://AlexTomAQA.github.io/TestCapitalComPySe/232//#testresult/9a5c1e5cce0e4c6b","status":"passed","time":{"start":1732251802284,"stop":1732251826840,"duration":24556}},{"uid":"b5e85d72e6db0806","reportUrl":"https://AlexTomAQA.github.io/TestCapitalComPySe/231//#testresult/b5e85d72e6db0806","status":"passed","time":{"start":1732235954782,"stop":1732235977879,"duration":23097}},{"uid":"87be9230090f0f22","reportUrl":"https://AlexTomAQA.github.io/TestCapitalComPySe/230//#testresult/87be9230090f0f22","status":"passed","time":{"start":1732149438378,"stop":1732149463402,"duration":25024}},{"uid":"1c5840f920a93a3c","reportUrl":"https://AlexTomAQA.github.io/TestCapitalComPySe/229//#testresult/1c5840f920a93a3c","status":"passed","time":{"start":1732062745683,"stop":1732062769006,"duration":23323}},{"uid":"9f23a53165c9d1c5","reportUrl":"https://AlexTomAQA.github.io/TestCapitalComPySe/228//#testresult/9f23a53165c9d1c5","status":"passed","time":{"start":1731977069354,"stop":1731977093235,"duration":23881}},{"uid":"221040d1c0f5ca31","reportUrl":"https://AlexTomAQA.github.io/TestCapitalComPySe/227//#testresult/221040d1c0f5ca31","status":"passed","time":{"start":1731889160862,"stop":1731889183288,"duration":22426}},{"uid":"30eefeddb39ff80e","reportUrl":"https://AlexTomAQA.github.io/TestCapitalComPySe/226//#testresult/30eefeddb39ff80e","status":"passed","time":{"start":1731802245666,"stop":1731802268887,"duration":23221}},{"uid":"fd7a28bc5ab316e6","reportUrl":"https://AlexTomAQA.github.io/TestCapitalComPySe/225//#testresult/fd7a28bc5ab316e6","status":"passed","time":{"start":1731736648216,"stop":1731736671182,"duration":22966}},{"uid":"bd20b4a8ab5f1c71","reportUrl":"https://AlexTomAQA.github.io/TestCapitalComPySe/224//#testresult/bd20b4a8ab5f1c71","status":"passed","time":{"start":1731716800444,"stop":1731716824284,"duration":23840}},{"uid":"ea8f2176eb8cfce","reportUrl":"https://AlexTomAQA.github.io/TestCapitalComPySe/223//#testresult/ea8f2176eb8cfce","status":"passed","time":{"start":1731651265599,"stop":1731651288245,"duration":22646}},{"uid":"44df1e78e543dd87","reportUrl":"https://AlexTomAQA.github.io/TestCapitalComPySe/219//#testresult/44df1e78e543dd87","status":"passed","time":{"start":1731458760160,"stop":1731458784289,"duration":24129}},{"uid":"5e29e48780b16982","reportUrl":"https://AlexTomAQA.github.io/TestCapitalComPySe/218//#testresult/5e29e48780b16982","status":"passed","time":{"start":1731372362995,"stop":1731372384930,"duration":21935}},{"uid":"c39f4e32175c85c6","reportUrl":"https://AlexTomAQA.github.io/TestCapitalComPySe/217//#testresult/c39f4e32175c85c6","status":"passed","time":{"start":1731285318056,"stop":1731285340668,"duration":22612}},{"uid":"5c2af53e826f65d1","reportUrl":"https://AlexTomAQA.github.io/TestCapitalComPySe/216//#testresult/5c2af53e826f65d1","status":"passed","time":{"start":1731197841864,"stop":1731197865517,"duration":23653}},{"uid":"1472e3d99e2c30df","reportUrl":"https://AlexTomAQA.github.io/TestCapitalComPySe/215//#testresult/1472e3d99e2c30df","status":"failed","statusDetails":"Failed: Bug # 55!416 The page with the link redirecting to the WhatsApp chat is NOT opened","time":{"start":1731112142235,"stop":1731112169489,"duration":27254}},{"uid":"feb78f4b5df1d149","reportUrl":"https://AlexTomAQA.github.io/TestCapitalComPySe/214//#testresult/feb78f4b5df1d149","status":"failed","statusDetails":"Failed: Bug # 55!416 The page with the link redirecting to the WhatsApp chat is NOT opened","time":{"start":1731026148360,"stop":1731026176147,"duration":27787}},{"uid":"3b9427eb8b9f9696","reportUrl":"https://AlexTomAQA.github.io/TestCapitalComPySe/213//#testresult/3b9427eb8b9f9696","status":"failed","statusDetails":"Failed: Bug # 55!416 The page with the link redirecting to the WhatsApp chat is NOT opened","time":{"start":1730939984071,"stop":1730940012813,"duration":28742}},{"uid":"d834f8c9a54f8db1","reportUrl":"https://AlexTomAQA.github.io/TestCapitalComPySe/212//#testresult/d834f8c9a54f8db1","status":"failed","statusDetails":"Failed: Bug # 55!416 The page with the link redirecting to the WhatsApp chat is NOT opened","time":{"start":1730852198262,"stop":1730852226042,"duration":27780}},{"uid":"e3c6b68acfd1cdc5","reportUrl":"https://AlexTomAQA.github.io/TestCapitalComPySe/211//#testresult/e3c6b68acfd1cdc5","status":"failed","statusDetails":"Failed: Bug â„– ??? 'About us' menu not present in DOM for 'gb' country '' language","time":{"start":1730785307668,"stop":1730785325646,"duration":17978}}]},"tags":["us_55","bug_416"]},"source":"bf26d8bc460de3ee.json","parameterValues":["'gb'","''","'test001.miketar+1@gmail.com'","'Qwer1234-!@#$'","'NoAuth'","'Chrome'"]}