{"uid":"c9658b1cfc47d8c","name":"TC_55!322a (Lang: en) | Bid:55!322a-en.ae.NoAuth","fullName":"tests.US_55_ReTestsManual.tassobaccato.US_55-tassobaccato_ReTestsManual_test.TestManualDetectedBugs#test_322a","historyId":"da2997451bd2242aaa18a49ea305b544","time":{"start":1732408082239,"stop":1732408093730,"duration":11491},"description":"\n        Check: Clicking [numeric values] in the Sell column in Menu tittle Markets does not open the\n                Sign-Up /Login form or page of the corresponding trading instrument on the trading platform using\n                English or Arabic language.\n        Language: EN, AR\n        License: SCA\n        Author: Kasila\n        ","descriptionHtml":"<pre><code>    Check: Clicking [numeric values] in the Sell column in Menu tittle Markets does not open the\n            Sign-Up /Login form or page of the corresponding trading instrument on the trading platform using\n            English or Arabic language.\n    Language: EN, AR\n    License: SCA\n    Author: Kasila\n</code></pre>\n","status":"broken","statusMessage":"selenium.common.exceptions.ElementClickInterceptedException: Message: element click intercepted: Element <iconex _ngcontent-ng-c3701643753=\"\" name=\"iconex-arrow-down-mini\" class=\"icon-square\" _nghost-ng-c3863089522=\"\">...</iconex> is not clickable at point (1904, 24). Other element would receive the click: <div class=\"cdk-overlay-backdrop modal-overlay2 cdk-overlay-backdrop-showing\"></div>\n  (Session info: chrome=131.0.6778.69)\nStacktrace:\n#0 0x562667ccd31a <unknown>\n#1 0x5626677e36e0 <unknown>\n#2 0x5626678390f6 <unknown>\n#3 0x56266783705d <unknown>\n#4 0x562667834775 <unknown>\n#5 0x56266783392f <unknown>\n#6 0x5626678270d5 <unknown>\n#7 0x562667856462 <unknown>\n#8 0x562667826a18 <unknown>\n#9 0x56266785662e <unknown>\n#10 0x562667874ed7 <unknown>\n#11 0x562667856203 <unknown>\n#12 0x562667824cc0 <unknown>\n#13 0x562667825c9e <unknown>\n#14 0x562667c9ad0b <unknown>\n#15 0x562667c9ec92 <unknown>\n#16 0x562667c87b3c <unknown>\n#17 0x562667c9f807 <unknown>\n#18 0x562667c6d0df <unknown>\n#19 0x562667cbc578 <unknown>\n#20 0x562667cbc740 <unknown>\n#21 0x562667ccc196 <unknown>\n#22 0x7f3248e94ac3 <unknown>","statusTrace":"self = <US_55-tassobaccato_ReTestsManual_test.TestManualDetectedBugs object at 0x7f8ba0b47530>\nworker_id = 'master'\nd = <selenium.webdriver.chrome.webdriver.WebDriver (session=\"6ad272c41fd21612a5a04fac175f2e24\")>\ncur_language = '', cur_country = 'ae', cur_role = 'NoAuth'\ncur_login = 'test001.miketar+1@gmail.com', cur_password = 'Qwer1234-!@#$'\ntitle_instrument = ''\n\n    @allure.step(\n        'Start retest manual AT_55!322a that the Sign Up/Login/page of the corresponding trading instrument on '\n        'the trading platform is opened after clicking [numeric values] in the Sell column.')\n    @pytest.mark.parametrize('cur_language', ['', 'ar'])\n    @pytest.mark.parametrize('cur_country', ['ae'])\n    @pytest.mark.parametrize('cur_role', [\"NoReg\", \"Auth\", \"NoAuth\"])\n    @pytest.mark.parametrize('title_instrument', [''])\n    @pytest.mark.bug_322a\n    def test_322a(self, worker_id, d, cur_language, cur_country, cur_role, cur_login, cur_password, title_instrument):\n        \"\"\"\n        Check: Clicking [numeric values] in the Sell column in Menu tittle Markets does not open the\n                Sign-Up /Login form or page of the corresponding trading instrument on the trading platform using\n                English or Arabic language.\n        Language: EN, AR\n        License: SCA\n        Author: Kasila\n        \"\"\"\n    \n        bid = build_dynamic_arg_for_us_55(\n            d, worker_id, cur_language, cur_country, cur_role,\n            \"55\", \"ReTests of Manual Detected Bugs\",\n            \"322a\", 'The Sign Up/Login/page of the corresponding trading instrument on the trading platform'\n                   ' is not opened after clicking [numeric values] in the Sell column'\n        )\n    \n        match cur_language:\n            case '':\n>               link = conditions_switch(d, cur_language, cur_country, cur_role, cur_login, cur_password)\n\ntests/US_55_ReTestsManual/tassobaccato/US_55-tassobaccato_ReTestsManual_test.py:245: \n_ _ _ _ _ _ _ _ _ _ _ _ _ _ _ _ _ _ _ _ _ _ _ _ _ _ _ _ _ _ _ _ _ _ _ _ _ _ _ _ \npages/conditions_switch.py:20: in conditions_switch\n    return cond.preconditions(d, CapitalComPageSrc.URL_NEW, '', cur_language, cur_country, cur_role,\npages/conditions_new.py:110: in preconditions\n    self.to_do_de_authorisation_new(d, host)\npages/conditions_new.py:239: in to_do_de_authorisation_new\n    if not top_bar.trading_platform_top_bar_account_info_menu_logout():\npages/Trading_platform/Topbar/topbar.py:57: in trading_platform_top_bar_account_info_menu_logout\n    button_list[0].click()\n../../../.cache/pypoetry/virtualenvs/testcapitalcompyse-CcJ6hTD8-py3.12/lib/python3.12/site-packages/selenium/webdriver/remote/webelement.py:94: in click\n    self._execute(Command.CLICK_ELEMENT)\n../../../.cache/pypoetry/virtualenvs/testcapitalcompyse-CcJ6hTD8-py3.12/lib/python3.12/site-packages/selenium/webdriver/remote/webelement.py:395: in _execute\n    return self._parent.execute(command, params)\n../../../.cache/pypoetry/virtualenvs/testcapitalcompyse-CcJ6hTD8-py3.12/lib/python3.12/site-packages/selenium/webdriver/remote/webdriver.py:380: in execute\n    self.error_handler.check_response(response)\n_ _ _ _ _ _ _ _ _ _ _ _ _ _ _ _ _ _ _ _ _ _ _ _ _ _ _ _ _ _ _ _ _ _ _ _ _ _ _ _ \n\nself = <selenium.webdriver.remote.errorhandler.ErrorHandler object at 0x7f8ba099bc80>\nresponse = {'status': 400, 'value': '{\"value\":{\"error\":\"element click intercepted\",\"message\":\"element click intercepted: Element ...\\\\n#20 0x562667cbc740 \\\\u003Cunknown>\\\\n#21 0x562667ccc196 \\\\u003Cunknown>\\\\n#22 0x7f3248e94ac3 \\\\u003Cunknown>\\\\n\"}}'}\n\n    def check_response(self, response: Dict[str, Any]) -> None:\n        \"\"\"Checks that a JSON response from the WebDriver does not have an\n        error.\n    \n        :Args:\n         - response - The JSON response from the WebDriver server as a dictionary\n           object.\n    \n        :Raises: If the response contains an error message.\n        \"\"\"\n        status = response.get(\"status\", None)\n        if not status or status == ErrorCode.SUCCESS:\n            return\n        value = None\n        message = response.get(\"message\", \"\")\n        screen: str = response.get(\"screen\", \"\")\n        stacktrace = None\n        if isinstance(status, int):\n            value_json = response.get(\"value\", None)\n            if value_json and isinstance(value_json, str):\n                import json\n    \n                try:\n                    value = json.loads(value_json)\n                    if len(value) == 1:\n                        value = value[\"value\"]\n                    status = value.get(\"error\", None)\n                    if not status:\n                        status = value.get(\"status\", ErrorCode.UNKNOWN_ERROR)\n                        message = value.get(\"value\") or value.get(\"message\")\n                        if not isinstance(message, str):\n                            value = message\n                            message = message.get(\"message\")\n                    else:\n                        message = value.get(\"message\", None)\n                except ValueError:\n                    pass\n    \n        exception_class: Type[WebDriverException]\n        e = ErrorCode()\n        error_codes = [item for item in dir(e) if not item.startswith(\"__\")]\n        for error_code in error_codes:\n            error_info = getattr(ErrorCode, error_code)\n            if isinstance(error_info, list) and status in error_info:\n                exception_class = getattr(ExceptionMapping, error_code, WebDriverException)\n                break\n        else:\n            exception_class = WebDriverException\n    \n        if not value:\n            value = response[\"value\"]\n        if isinstance(value, str):\n            raise exception_class(value)\n        if message == \"\" and \"message\" in value:\n            message = value[\"message\"]\n    \n        screen = None  # type: ignore[assignment]\n        if \"screen\" in value:\n            screen = value[\"screen\"]\n    \n        stacktrace = None\n        st_value = value.get(\"stackTrace\") or value.get(\"stacktrace\")\n        if st_value:\n            if isinstance(st_value, str):\n                stacktrace = st_value.split(\"\\n\")\n            else:\n                stacktrace = []\n                try:\n                    for frame in st_value:\n                        line = frame.get(\"lineNumber\", \"\")\n                        file = frame.get(\"fileName\", \"<anonymous>\")\n                        if line:\n                            file = f\"{file}:{line}\"\n                        meth = frame.get(\"methodName\", \"<anonymous>\")\n                        if \"className\" in frame:\n                            meth = f\"{frame['className']}.{meth}\"\n                        msg = \"    at %s (%s)\"\n                        msg = msg % (meth, file)\n                        stacktrace.append(msg)\n                except TypeError:\n                    pass\n        if exception_class == UnexpectedAlertPresentException:\n            alert_text = None\n            if \"data\" in value:\n                alert_text = value[\"data\"].get(\"text\")\n            elif \"alert\" in value:\n                alert_text = value[\"alert\"].get(\"text\")\n            raise exception_class(message, screen, stacktrace, alert_text)  # type: ignore[call-arg]  # mypy is not smart enough here\n>       raise exception_class(message, screen, stacktrace)\nE       selenium.common.exceptions.ElementClickInterceptedException: Message: element click intercepted: Element <iconex _ngcontent-ng-c3701643753=\"\" name=\"iconex-arrow-down-mini\" class=\"icon-square\" _nghost-ng-c3863089522=\"\">...</iconex> is not clickable at point (1904, 24). Other element would receive the click: <div class=\"cdk-overlay-backdrop modal-overlay2 cdk-overlay-backdrop-showing\"></div>\nE         (Session info: chrome=131.0.6778.69)\nE       Stacktrace:\nE       #0 0x562667ccd31a <unknown>\nE       #1 0x5626677e36e0 <unknown>\nE       #2 0x5626678390f6 <unknown>\nE       #3 0x56266783705d <unknown>\nE       #4 0x562667834775 <unknown>\nE       #5 0x56266783392f <unknown>\nE       #6 0x5626678270d5 <unknown>\nE       #7 0x562667856462 <unknown>\nE       #8 0x562667826a18 <unknown>\nE       #9 0x56266785662e <unknown>\nE       #10 0x562667874ed7 <unknown>\nE       #11 0x562667856203 <unknown>\nE       #12 0x562667824cc0 <unknown>\nE       #13 0x562667825c9e <unknown>\nE       #14 0x562667c9ad0b <unknown>\nE       #15 0x562667c9ec92 <unknown>\nE       #16 0x562667c87b3c <unknown>\nE       #17 0x562667c9f807 <unknown>\nE       #18 0x562667c6d0df <unknown>\nE       #19 0x562667cbc578 <unknown>\nE       #20 0x562667cbc740 <unknown>\nE       #21 0x562667ccc196 <unknown>\nE       #22 0x7f3248e94ac3 <unknown>\n\n../../../.cache/pypoetry/virtualenvs/testcapitalcompyse-CcJ6hTD8-py3.12/lib/python3.12/site-packages/selenium/webdriver/remote/errorhandler.py:229: ElementClickInterceptedException","flaky":false,"newFailed":false,"newBroken":false,"newPassed":false,"retriesCount":0,"retriesStatusChange":false,"beforeStages":[{"name":"d","time":{"start":1732407121395,"stop":1732407122095,"duration":700},"status":"passed","steps":[],"attachments":[],"parameters":[],"shouldDisplayMessage":false,"stepsCount":0,"attachmentsCount":0,"hasContent":false,"attachmentStep":false},{"name":"cur_login","time":{"start":1732407122096,"stop":1732407122096,"duration":0},"status":"passed","steps":[],"attachments":[],"parameters":[],"shouldDisplayMessage":false,"stepsCount":0,"attachmentsCount":0,"hasContent":false,"attachmentStep":false},{"name":"worker_id","time":{"start":1732407122096,"stop":1732407122096,"duration":0},"status":"passed","steps":[],"attachments":[],"parameters":[],"shouldDisplayMessage":false,"stepsCount":0,"attachmentsCount":0,"hasContent":false,"attachmentStep":false},{"name":"cur_password","time":{"start":1732407122096,"stop":1732407122096,"duration":0},"status":"passed","steps":[],"attachments":[],"parameters":[],"shouldDisplayMessage":false,"stepsCount":0,"attachmentsCount":0,"hasContent":false,"attachmentStep":false}],"testStage":{"description":"\n        Check: Clicking [numeric values] in the Sell column in Menu tittle Markets does not open the\n                Sign-Up /Login form or page of the corresponding trading instrument on the trading platform using\n                English or Arabic language.\n        Language: EN, AR\n        License: SCA\n        Author: Kasila\n        ","status":"broken","statusMessage":"selenium.common.exceptions.ElementClickInterceptedException: Message: element click intercepted: Element <iconex _ngcontent-ng-c3701643753=\"\" name=\"iconex-arrow-down-mini\" class=\"icon-square\" _nghost-ng-c3863089522=\"\">...</iconex> is not clickable at point (1904, 24). Other element would receive the click: <div class=\"cdk-overlay-backdrop modal-overlay2 cdk-overlay-backdrop-showing\"></div>\n  (Session info: chrome=131.0.6778.69)\nStacktrace:\n#0 0x562667ccd31a <unknown>\n#1 0x5626677e36e0 <unknown>\n#2 0x5626678390f6 <unknown>\n#3 0x56266783705d <unknown>\n#4 0x562667834775 <unknown>\n#5 0x56266783392f <unknown>\n#6 0x5626678270d5 <unknown>\n#7 0x562667856462 <unknown>\n#8 0x562667826a18 <unknown>\n#9 0x56266785662e <unknown>\n#10 0x562667874ed7 <unknown>\n#11 0x562667856203 <unknown>\n#12 0x562667824cc0 <unknown>\n#13 0x562667825c9e <unknown>\n#14 0x562667c9ad0b <unknown>\n#15 0x562667c9ec92 <unknown>\n#16 0x562667c87b3c <unknown>\n#17 0x562667c9f807 <unknown>\n#18 0x562667c6d0df <unknown>\n#19 0x562667cbc578 <unknown>\n#20 0x562667cbc740 <unknown>\n#21 0x562667ccc196 <unknown>\n#22 0x7f3248e94ac3 <unknown>","statusTrace":"self = <US_55-tassobaccato_ReTestsManual_test.TestManualDetectedBugs object at 0x7f8ba0b47530>\nworker_id = 'master'\nd = <selenium.webdriver.chrome.webdriver.WebDriver (session=\"6ad272c41fd21612a5a04fac175f2e24\")>\ncur_language = '', cur_country = 'ae', cur_role = 'NoAuth'\ncur_login = 'test001.miketar+1@gmail.com', cur_password = 'Qwer1234-!@#$'\ntitle_instrument = ''\n\n    @allure.step(\n        'Start retest manual AT_55!322a that the Sign Up/Login/page of the corresponding trading instrument on '\n        'the trading platform is opened after clicking [numeric values] in the Sell column.')\n    @pytest.mark.parametrize('cur_language', ['', 'ar'])\n    @pytest.mark.parametrize('cur_country', ['ae'])\n    @pytest.mark.parametrize('cur_role', [\"NoReg\", \"Auth\", \"NoAuth\"])\n    @pytest.mark.parametrize('title_instrument', [''])\n    @pytest.mark.bug_322a\n    def test_322a(self, worker_id, d, cur_language, cur_country, cur_role, cur_login, cur_password, title_instrument):\n        \"\"\"\n        Check: Clicking [numeric values] in the Sell column in Menu tittle Markets does not open the\n                Sign-Up /Login form or page of the corresponding trading instrument on the trading platform using\n                English or Arabic language.\n        Language: EN, AR\n        License: SCA\n        Author: Kasila\n        \"\"\"\n    \n        bid = build_dynamic_arg_for_us_55(\n            d, worker_id, cur_language, cur_country, cur_role,\n            \"55\", \"ReTests of Manual Detected Bugs\",\n            \"322a\", 'The Sign Up/Login/page of the corresponding trading instrument on the trading platform'\n                   ' is not opened after clicking [numeric values] in the Sell column'\n        )\n    \n        match cur_language:\n            case '':\n>               link = conditions_switch(d, cur_language, cur_country, cur_role, cur_login, cur_password)\n\ntests/US_55_ReTestsManual/tassobaccato/US_55-tassobaccato_ReTestsManual_test.py:245: \n_ _ _ _ _ _ _ _ _ _ _ _ _ _ _ _ _ _ _ _ _ _ _ _ _ _ _ _ _ _ _ _ _ _ _ _ _ _ _ _ \npages/conditions_switch.py:20: in conditions_switch\n    return cond.preconditions(d, CapitalComPageSrc.URL_NEW, '', cur_language, cur_country, cur_role,\npages/conditions_new.py:110: in preconditions\n    self.to_do_de_authorisation_new(d, host)\npages/conditions_new.py:239: in to_do_de_authorisation_new\n    if not top_bar.trading_platform_top_bar_account_info_menu_logout():\npages/Trading_platform/Topbar/topbar.py:57: in trading_platform_top_bar_account_info_menu_logout\n    button_list[0].click()\n../../../.cache/pypoetry/virtualenvs/testcapitalcompyse-CcJ6hTD8-py3.12/lib/python3.12/site-packages/selenium/webdriver/remote/webelement.py:94: in click\n    self._execute(Command.CLICK_ELEMENT)\n../../../.cache/pypoetry/virtualenvs/testcapitalcompyse-CcJ6hTD8-py3.12/lib/python3.12/site-packages/selenium/webdriver/remote/webelement.py:395: in _execute\n    return self._parent.execute(command, params)\n../../../.cache/pypoetry/virtualenvs/testcapitalcompyse-CcJ6hTD8-py3.12/lib/python3.12/site-packages/selenium/webdriver/remote/webdriver.py:380: in execute\n    self.error_handler.check_response(response)\n_ _ _ _ _ _ _ _ _ _ _ _ _ _ _ _ _ _ _ _ _ _ _ _ _ _ _ _ _ _ _ _ _ _ _ _ _ _ _ _ \n\nself = <selenium.webdriver.remote.errorhandler.ErrorHandler object at 0x7f8ba099bc80>\nresponse = {'status': 400, 'value': '{\"value\":{\"error\":\"element click intercepted\",\"message\":\"element click intercepted: Element ...\\\\n#20 0x562667cbc740 \\\\u003Cunknown>\\\\n#21 0x562667ccc196 \\\\u003Cunknown>\\\\n#22 0x7f3248e94ac3 \\\\u003Cunknown>\\\\n\"}}'}\n\n    def check_response(self, response: Dict[str, Any]) -> None:\n        \"\"\"Checks that a JSON response from the WebDriver does not have an\n        error.\n    \n        :Args:\n         - response - The JSON response from the WebDriver server as a dictionary\n           object.\n    \n        :Raises: If the response contains an error message.\n        \"\"\"\n        status = response.get(\"status\", None)\n        if not status or status == ErrorCode.SUCCESS:\n            return\n        value = None\n        message = response.get(\"message\", \"\")\n        screen: str = response.get(\"screen\", \"\")\n        stacktrace = None\n        if isinstance(status, int):\n            value_json = response.get(\"value\", None)\n            if value_json and isinstance(value_json, str):\n                import json\n    \n                try:\n                    value = json.loads(value_json)\n                    if len(value) == 1:\n                        value = value[\"value\"]\n                    status = value.get(\"error\", None)\n                    if not status:\n                        status = value.get(\"status\", ErrorCode.UNKNOWN_ERROR)\n                        message = value.get(\"value\") or value.get(\"message\")\n                        if not isinstance(message, str):\n                            value = message\n                            message = message.get(\"message\")\n                    else:\n                        message = value.get(\"message\", None)\n                except ValueError:\n                    pass\n    \n        exception_class: Type[WebDriverException]\n        e = ErrorCode()\n        error_codes = [item for item in dir(e) if not item.startswith(\"__\")]\n        for error_code in error_codes:\n            error_info = getattr(ErrorCode, error_code)\n            if isinstance(error_info, list) and status in error_info:\n                exception_class = getattr(ExceptionMapping, error_code, WebDriverException)\n                break\n        else:\n            exception_class = WebDriverException\n    \n        if not value:\n            value = response[\"value\"]\n        if isinstance(value, str):\n            raise exception_class(value)\n        if message == \"\" and \"message\" in value:\n            message = value[\"message\"]\n    \n        screen = None  # type: ignore[assignment]\n        if \"screen\" in value:\n            screen = value[\"screen\"]\n    \n        stacktrace = None\n        st_value = value.get(\"stackTrace\") or value.get(\"stacktrace\")\n        if st_value:\n            if isinstance(st_value, str):\n                stacktrace = st_value.split(\"\\n\")\n            else:\n                stacktrace = []\n                try:\n                    for frame in st_value:\n                        line = frame.get(\"lineNumber\", \"\")\n                        file = frame.get(\"fileName\", \"<anonymous>\")\n                        if line:\n                            file = f\"{file}:{line}\"\n                        meth = frame.get(\"methodName\", \"<anonymous>\")\n                        if \"className\" in frame:\n                            meth = f\"{frame['className']}.{meth}\"\n                        msg = \"    at %s (%s)\"\n                        msg = msg % (meth, file)\n                        stacktrace.append(msg)\n                except TypeError:\n                    pass\n        if exception_class == UnexpectedAlertPresentException:\n            alert_text = None\n            if \"data\" in value:\n                alert_text = value[\"data\"].get(\"text\")\n            elif \"alert\" in value:\n                alert_text = value[\"alert\"].get(\"text\")\n            raise exception_class(message, screen, stacktrace, alert_text)  # type: ignore[call-arg]  # mypy is not smart enough here\n>       raise exception_class(message, screen, stacktrace)\nE       selenium.common.exceptions.ElementClickInterceptedException: Message: element click intercepted: Element <iconex _ngcontent-ng-c3701643753=\"\" name=\"iconex-arrow-down-mini\" class=\"icon-square\" _nghost-ng-c3863089522=\"\">...</iconex> is not clickable at point (1904, 24). Other element would receive the click: <div class=\"cdk-overlay-backdrop modal-overlay2 cdk-overlay-backdrop-showing\"></div>\nE         (Session info: chrome=131.0.6778.69)\nE       Stacktrace:\nE       #0 0x562667ccd31a <unknown>\nE       #1 0x5626677e36e0 <unknown>\nE       #2 0x5626678390f6 <unknown>\nE       #3 0x56266783705d <unknown>\nE       #4 0x562667834775 <unknown>\nE       #5 0x56266783392f <unknown>\nE       #6 0x5626678270d5 <unknown>\nE       #7 0x562667856462 <unknown>\nE       #8 0x562667826a18 <unknown>\nE       #9 0x56266785662e <unknown>\nE       #10 0x562667874ed7 <unknown>\nE       #11 0x562667856203 <unknown>\nE       #12 0x562667824cc0 <unknown>\nE       #13 0x562667825c9e <unknown>\nE       #14 0x562667c9ad0b <unknown>\nE       #15 0x562667c9ec92 <unknown>\nE       #16 0x562667c87b3c <unknown>\nE       #17 0x562667c9f807 <unknown>\nE       #18 0x562667c6d0df <unknown>\nE       #19 0x562667cbc578 <unknown>\nE       #20 0x562667cbc740 <unknown>\nE       #21 0x562667ccc196 <unknown>\nE       #22 0x7f3248e94ac3 <unknown>\n\n../../../.cache/pypoetry/virtualenvs/testcapitalcompyse-CcJ6hTD8-py3.12/lib/python3.12/site-packages/selenium/webdriver/remote/errorhandler.py:229: ElementClickInterceptedException","steps":[{"name":"Start retest manual AT_55!322a that the Sign Up/Login/page of the corresponding trading instrument on the trading platform is opened after clicking [numeric values] in the Sell column.","time":{"start":1732408082239,"stop":1732408093729,"duration":11490},"status":"broken","statusMessage":"selenium.common.exceptions.ElementClickInterceptedException: Message: element click intercepted: Element <iconex _ngcontent-ng-c3701643753=\"\" name=\"iconex-arrow-down-mini\" class=\"icon-square\" _nghost-ng-c3863089522=\"\">...</iconex> is not clickable at point (1904, 24). Other element would receive the click: <div class=\"cdk-overlay-backdrop modal-overlay2 cdk-overlay-backdrop-showing\"></div>\n  (Session info: chrome=131.0.6778.69)\nStacktrace:\n#0 0x562667ccd31a <unknown>\n#1 0x5626677e36e0 <unknown>\n#2 0x5626678390f6 <unknown>\n#3 0x56266783705d <unknown>\n#4 0x562667834775 <unknown>\n#5 0x56266783392f <unknown>\n#6 0x5626678270d5 <unknown>\n#7 0x562667856462 <unknown>\n#8 0x562667826a18 <unknown>\n#9 0x56266785662e <unknown>\n#10 0x562667874ed7 <unknown>\n#11 0x562667856203 <unknown>\n#12 0x562667824cc0 <unknown>\n#13 0x562667825c9e <unknown>\n#14 0x562667c9ad0b <unknown>\n#15 0x562667c9ec92 <unknown>\n#16 0x562667c87b3c <unknown>\n#17 0x562667c9f807 <unknown>\n#18 0x562667c6d0df <unknown>\n#19 0x562667cbc578 <unknown>\n#20 0x562667cbc740 <unknown>\n#21 0x562667ccc196 <unknown>\n#22 0x7f3248e94ac3 <unknown>\n\n","statusTrace":"  File \"/home/runner/.cache/pypoetry/virtualenvs/testcapitalcompyse-CcJ6hTD8-py3.12/lib/python3.12/site-packages/allure_commons/_allure.py\", line 192, in impl\n    return func(*a, **kw)\n           ^^^^^^^^^^^^^^\n  File \"/home/runner/work/TestCapitalComPySe/TestCapitalComPySe/tests/US_55_ReTestsManual/tassobaccato/US_55-tassobaccato_ReTestsManual_test.py\", line 245, in test_322a\n    link = conditions_switch(d, cur_language, cur_country, cur_role, cur_login, cur_password)\n           ^^^^^^^^^^^^^^^^^^^^^^^^^^^^^^^^^^^^^^^^^^^^^^^^^^^^^^^^^^^^^^^^^^^^^^^^^^^^^^^^^^\n  File \"/home/runner/work/TestCapitalComPySe/TestCapitalComPySe/pages/conditions_switch.py\", line 20, in conditions_switch\n    return cond.preconditions(d, CapitalComPageSrc.URL_NEW, '', cur_language, cur_country, cur_role,\n           ^^^^^^^^^^^^^^^^^^^^^^^^^^^^^^^^^^^^^^^^^^^^^^^^^^^^^^^^^^^^^^^^^^^^^^^^^^^^^^^^^^^^^^^^^\n  File \"/home/runner/.cache/pypoetry/virtualenvs/testcapitalcompyse-CcJ6hTD8-py3.12/lib/python3.12/site-packages/allure_commons/_allure.py\", line 192, in impl\n    return func(*a, **kw)\n           ^^^^^^^^^^^^^^\n  File \"/home/runner/work/TestCapitalComPySe/TestCapitalComPySe/pages/conditions_new.py\", line 110, in preconditions\n    self.to_do_de_authorisation_new(d, host)\n  File \"/home/runner/.cache/pypoetry/virtualenvs/testcapitalcompyse-CcJ6hTD8-py3.12/lib/python3.12/site-packages/allure_commons/_allure.py\", line 192, in impl\n    return func(*a, **kw)\n           ^^^^^^^^^^^^^^\n  File \"/home/runner/work/TestCapitalComPySe/TestCapitalComPySe/pages/conditions_new.py\", line 239, in to_do_de_authorisation_new\n    if not top_bar.trading_platform_top_bar_account_info_menu_logout():\n           ^^^^^^^^^^^^^^^^^^^^^^^^^^^^^^^^^^^^^^^^^^^^^^^^^^^^^^^^^^^\n  File \"/home/runner/.cache/pypoetry/virtualenvs/testcapitalcompyse-CcJ6hTD8-py3.12/lib/python3.12/site-packages/allure_commons/_allure.py\", line 192, in impl\n    return func(*a, **kw)\n           ^^^^^^^^^^^^^^\n  File \"/home/runner/work/TestCapitalComPySe/TestCapitalComPySe/pages/Trading_platform/Topbar/topbar.py\", line 57, in trading_platform_top_bar_account_info_menu_logout\n    button_list[0].click()\n  File \"/home/runner/.cache/pypoetry/virtualenvs/testcapitalcompyse-CcJ6hTD8-py3.12/lib/python3.12/site-packages/selenium/webdriver/remote/webelement.py\", line 94, in click\n    self._execute(Command.CLICK_ELEMENT)\n  File \"/home/runner/.cache/pypoetry/virtualenvs/testcapitalcompyse-CcJ6hTD8-py3.12/lib/python3.12/site-packages/selenium/webdriver/remote/webelement.py\", line 395, in _execute\n    return self._parent.execute(command, params)\n           ^^^^^^^^^^^^^^^^^^^^^^^^^^^^^^^^^^^^^\n  File \"/home/runner/.cache/pypoetry/virtualenvs/testcapitalcompyse-CcJ6hTD8-py3.12/lib/python3.12/site-packages/selenium/webdriver/remote/webdriver.py\", line 380, in execute\n    self.error_handler.check_response(response)\n  File \"/home/runner/.cache/pypoetry/virtualenvs/testcapitalcompyse-CcJ6hTD8-py3.12/lib/python3.12/site-packages/selenium/webdriver/remote/errorhandler.py\", line 229, in check_response\n    raise exception_class(message, screen, stacktrace)\n","steps":[{"name":"Build dynamic argument for TCs of US_55","time":{"start":1732408082239,"stop":1732408082241,"duration":2},"status":"passed","steps":[],"attachments":[],"parameters":[{"name":"d","value":"<selenium.webdriver.chrome.webdriver.WebDriver (session=\"6ad272c41fd21612a5a04fac175f2e24\")>"},{"name":"worker_id","value":"'master'"},{"name":"cur_language","value":"''"},{"name":"cur_country","value":"'ae'"},{"name":"cur_role","value":"'NoAuth'"},{"name":"us","value":"'55'"},{"name":"desc_us","value":"'ReTests of Manual Detected Bugs'"},{"name":"num_tc","value":"'322a'"},{"name":"desc_tc","value":"'The Sign Up/Login/page of the corresponding trading instrument on the trading platform is not opened after clicking [numeric values] in the Sell column'"},{"name":"manual","value":"False"},{"name":"new_layout","value":"False"}],"shouldDisplayMessage":false,"stepsCount":0,"attachmentsCount":0,"hasContent":true,"attachmentStep":false},{"name":"   Set New preconditions","time":{"start":1732408082241,"stop":1732408093729,"duration":11488},"status":"broken","statusMessage":"selenium.common.exceptions.ElementClickInterceptedException: Message: element click intercepted: Element <iconex _ngcontent-ng-c3701643753=\"\" name=\"iconex-arrow-down-mini\" class=\"icon-square\" _nghost-ng-c3863089522=\"\">...</iconex> is not clickable at point (1904, 24). Other element would receive the click: <div class=\"cdk-overlay-backdrop modal-overlay2 cdk-overlay-backdrop-showing\"></div>\n  (Session info: chrome=131.0.6778.69)\nStacktrace:\n#0 0x562667ccd31a <unknown>\n#1 0x5626677e36e0 <unknown>\n#2 0x5626678390f6 <unknown>\n#3 0x56266783705d <unknown>\n#4 0x562667834775 <unknown>\n#5 0x56266783392f <unknown>\n#6 0x5626678270d5 <unknown>\n#7 0x562667856462 <unknown>\n#8 0x562667826a18 <unknown>\n#9 0x56266785662e <unknown>\n#10 0x562667874ed7 <unknown>\n#11 0x562667856203 <unknown>\n#12 0x562667824cc0 <unknown>\n#13 0x562667825c9e <unknown>\n#14 0x562667c9ad0b <unknown>\n#15 0x562667c9ec92 <unknown>\n#16 0x562667c87b3c <unknown>\n#17 0x562667c9f807 <unknown>\n#18 0x562667c6d0df <unknown>\n#19 0x562667cbc578 <unknown>\n#20 0x562667cbc740 <unknown>\n#21 0x562667ccc196 <unknown>\n#22 0x7f3248e94ac3 <unknown>\n\n","statusTrace":"  File \"/home/runner/.cache/pypoetry/virtualenvs/testcapitalcompyse-CcJ6hTD8-py3.12/lib/python3.12/site-packages/allure_commons/_allure.py\", line 192, in impl\n    return func(*a, **kw)\n           ^^^^^^^^^^^^^^\n  File \"/home/runner/work/TestCapitalComPySe/TestCapitalComPySe/pages/conditions_new.py\", line 110, in preconditions\n    self.to_do_de_authorisation_new(d, host)\n  File \"/home/runner/.cache/pypoetry/virtualenvs/testcapitalcompyse-CcJ6hTD8-py3.12/lib/python3.12/site-packages/allure_commons/_allure.py\", line 192, in impl\n    return func(*a, **kw)\n           ^^^^^^^^^^^^^^\n  File \"/home/runner/work/TestCapitalComPySe/TestCapitalComPySe/pages/conditions_new.py\", line 239, in to_do_de_authorisation_new\n    if not top_bar.trading_platform_top_bar_account_info_menu_logout():\n           ^^^^^^^^^^^^^^^^^^^^^^^^^^^^^^^^^^^^^^^^^^^^^^^^^^^^^^^^^^^\n  File \"/home/runner/.cache/pypoetry/virtualenvs/testcapitalcompyse-CcJ6hTD8-py3.12/lib/python3.12/site-packages/allure_commons/_allure.py\", line 192, in impl\n    return func(*a, **kw)\n           ^^^^^^^^^^^^^^\n  File \"/home/runner/work/TestCapitalComPySe/TestCapitalComPySe/pages/Trading_platform/Topbar/topbar.py\", line 57, in trading_platform_top_bar_account_info_menu_logout\n    button_list[0].click()\n  File \"/home/runner/.cache/pypoetry/virtualenvs/testcapitalcompyse-CcJ6hTD8-py3.12/lib/python3.12/site-packages/selenium/webdriver/remote/webelement.py\", line 94, in click\n    self._execute(Command.CLICK_ELEMENT)\n  File \"/home/runner/.cache/pypoetry/virtualenvs/testcapitalcompyse-CcJ6hTD8-py3.12/lib/python3.12/site-packages/selenium/webdriver/remote/webelement.py\", line 395, in _execute\n    return self._parent.execute(command, params)\n           ^^^^^^^^^^^^^^^^^^^^^^^^^^^^^^^^^^^^^\n  File \"/home/runner/.cache/pypoetry/virtualenvs/testcapitalcompyse-CcJ6hTD8-py3.12/lib/python3.12/site-packages/selenium/webdriver/remote/webdriver.py\", line 380, in execute\n    self.error_handler.check_response(response)\n  File \"/home/runner/.cache/pypoetry/virtualenvs/testcapitalcompyse-CcJ6hTD8-py3.12/lib/python3.12/site-packages/selenium/webdriver/remote/errorhandler.py\", line 229, in check_response\n    raise exception_class(message, screen, stacktrace)\n","steps":[{"name":"2024-11-24 00:12:01.364755   Start Authorisation","time":{"start":1732408089550,"stop":1732408092338,"duration":2788},"status":"passed","steps":[],"attachments":[],"parameters":[{"name":"d","value":"<selenium.webdriver.chrome.webdriver.WebDriver (session=\"6ad272c41fd21612a5a04fac175f2e24\")>"},{"name":"link","value":"'https://capital.com/en-gb'"},{"name":"login","value":"'test001.miketar+1@gmail.com'"},{"name":"password","value":"'Qwer1234-!@#$'"},{"name":"cur_role","value":"'NoAuth'"}],"shouldDisplayMessage":false,"stepsCount":0,"attachmentsCount":0,"hasContent":true,"attachmentStep":false},{"name":"2024-11-24 00:12:01.364768   Start DeAuthorisation","time":{"start":1732408092338,"stop":1732408093728,"duration":1390},"status":"broken","statusMessage":"selenium.common.exceptions.ElementClickInterceptedException: Message: element click intercepted: Element <iconex _ngcontent-ng-c3701643753=\"\" name=\"iconex-arrow-down-mini\" class=\"icon-square\" _nghost-ng-c3863089522=\"\">...</iconex> is not clickable at point (1904, 24). Other element would receive the click: <div class=\"cdk-overlay-backdrop modal-overlay2 cdk-overlay-backdrop-showing\"></div>\n  (Session info: chrome=131.0.6778.69)\nStacktrace:\n#0 0x562667ccd31a <unknown>\n#1 0x5626677e36e0 <unknown>\n#2 0x5626678390f6 <unknown>\n#3 0x56266783705d <unknown>\n#4 0x562667834775 <unknown>\n#5 0x56266783392f <unknown>\n#6 0x5626678270d5 <unknown>\n#7 0x562667856462 <unknown>\n#8 0x562667826a18 <unknown>\n#9 0x56266785662e <unknown>\n#10 0x562667874ed7 <unknown>\n#11 0x562667856203 <unknown>\n#12 0x562667824cc0 <unknown>\n#13 0x562667825c9e <unknown>\n#14 0x562667c9ad0b <unknown>\n#15 0x562667c9ec92 <unknown>\n#16 0x562667c87b3c <unknown>\n#17 0x562667c9f807 <unknown>\n#18 0x562667c6d0df <unknown>\n#19 0x562667cbc578 <unknown>\n#20 0x562667cbc740 <unknown>\n#21 0x562667ccc196 <unknown>\n#22 0x7f3248e94ac3 <unknown>\n\n","statusTrace":"  File \"/home/runner/.cache/pypoetry/virtualenvs/testcapitalcompyse-CcJ6hTD8-py3.12/lib/python3.12/site-packages/allure_commons/_allure.py\", line 192, in impl\n    return func(*a, **kw)\n           ^^^^^^^^^^^^^^\n  File \"/home/runner/work/TestCapitalComPySe/TestCapitalComPySe/pages/conditions_new.py\", line 239, in to_do_de_authorisation_new\n    if not top_bar.trading_platform_top_bar_account_info_menu_logout():\n           ^^^^^^^^^^^^^^^^^^^^^^^^^^^^^^^^^^^^^^^^^^^^^^^^^^^^^^^^^^^\n  File \"/home/runner/.cache/pypoetry/virtualenvs/testcapitalcompyse-CcJ6hTD8-py3.12/lib/python3.12/site-packages/allure_commons/_allure.py\", line 192, in impl\n    return func(*a, **kw)\n           ^^^^^^^^^^^^^^\n  File \"/home/runner/work/TestCapitalComPySe/TestCapitalComPySe/pages/Trading_platform/Topbar/topbar.py\", line 57, in trading_platform_top_bar_account_info_menu_logout\n    button_list[0].click()\n  File \"/home/runner/.cache/pypoetry/virtualenvs/testcapitalcompyse-CcJ6hTD8-py3.12/lib/python3.12/site-packages/selenium/webdriver/remote/webelement.py\", line 94, in click\n    self._execute(Command.CLICK_ELEMENT)\n  File \"/home/runner/.cache/pypoetry/virtualenvs/testcapitalcompyse-CcJ6hTD8-py3.12/lib/python3.12/site-packages/selenium/webdriver/remote/webelement.py\", line 395, in _execute\n    return self._parent.execute(command, params)\n           ^^^^^^^^^^^^^^^^^^^^^^^^^^^^^^^^^^^^^\n  File \"/home/runner/.cache/pypoetry/virtualenvs/testcapitalcompyse-CcJ6hTD8-py3.12/lib/python3.12/site-packages/selenium/webdriver/remote/webdriver.py\", line 380, in execute\n    self.error_handler.check_response(response)\n  File \"/home/runner/.cache/pypoetry/virtualenvs/testcapitalcompyse-CcJ6hTD8-py3.12/lib/python3.12/site-packages/selenium/webdriver/remote/errorhandler.py\", line 229, in check_response\n    raise exception_class(message, screen, stacktrace)\n","steps":[{"name":"Start Logout from account info menu in top bar","time":{"start":1732408092338,"stop":1732408093727,"duration":1389},"status":"broken","statusMessage":"selenium.common.exceptions.ElementClickInterceptedException: Message: element click intercepted: Element <iconex _ngcontent-ng-c3701643753=\"\" name=\"iconex-arrow-down-mini\" class=\"icon-square\" _nghost-ng-c3863089522=\"\">...</iconex> is not clickable at point (1904, 24). Other element would receive the click: <div class=\"cdk-overlay-backdrop modal-overlay2 cdk-overlay-backdrop-showing\"></div>\n  (Session info: chrome=131.0.6778.69)\nStacktrace:\n#0 0x562667ccd31a <unknown>\n#1 0x5626677e36e0 <unknown>\n#2 0x5626678390f6 <unknown>\n#3 0x56266783705d <unknown>\n#4 0x562667834775 <unknown>\n#5 0x56266783392f <unknown>\n#6 0x5626678270d5 <unknown>\n#7 0x562667856462 <unknown>\n#8 0x562667826a18 <unknown>\n#9 0x56266785662e <unknown>\n#10 0x562667874ed7 <unknown>\n#11 0x562667856203 <unknown>\n#12 0x562667824cc0 <unknown>\n#13 0x562667825c9e <unknown>\n#14 0x562667c9ad0b <unknown>\n#15 0x562667c9ec92 <unknown>\n#16 0x562667c87b3c <unknown>\n#17 0x562667c9f807 <unknown>\n#18 0x562667c6d0df <unknown>\n#19 0x562667cbc578 <unknown>\n#20 0x562667cbc740 <unknown>\n#21 0x562667ccc196 <unknown>\n#22 0x7f3248e94ac3 <unknown>\n\n","statusTrace":"  File \"/home/runner/.cache/pypoetry/virtualenvs/testcapitalcompyse-CcJ6hTD8-py3.12/lib/python3.12/site-packages/allure_commons/_allure.py\", line 192, in impl\n    return func(*a, **kw)\n           ^^^^^^^^^^^^^^\n  File \"/home/runner/work/TestCapitalComPySe/TestCapitalComPySe/pages/Trading_platform/Topbar/topbar.py\", line 57, in trading_platform_top_bar_account_info_menu_logout\n    button_list[0].click()\n  File \"/home/runner/.cache/pypoetry/virtualenvs/testcapitalcompyse-CcJ6hTD8-py3.12/lib/python3.12/site-packages/selenium/webdriver/remote/webelement.py\", line 94, in click\n    self._execute(Command.CLICK_ELEMENT)\n  File \"/home/runner/.cache/pypoetry/virtualenvs/testcapitalcompyse-CcJ6hTD8-py3.12/lib/python3.12/site-packages/selenium/webdriver/remote/webelement.py\", line 395, in _execute\n    return self._parent.execute(command, params)\n           ^^^^^^^^^^^^^^^^^^^^^^^^^^^^^^^^^^^^^\n  File \"/home/runner/.cache/pypoetry/virtualenvs/testcapitalcompyse-CcJ6hTD8-py3.12/lib/python3.12/site-packages/selenium/webdriver/remote/webdriver.py\", line 380, in execute\n    self.error_handler.check_response(response)\n  File \"/home/runner/.cache/pypoetry/virtualenvs/testcapitalcompyse-CcJ6hTD8-py3.12/lib/python3.12/site-packages/selenium/webdriver/remote/errorhandler.py\", line 229, in check_response\n    raise exception_class(message, screen, stacktrace)\n","steps":[],"attachments":[],"parameters":[],"shouldDisplayMessage":true,"stepsCount":0,"attachmentsCount":0,"hasContent":true,"attachmentStep":false}],"attachments":[],"parameters":[{"name":"d","value":"<selenium.webdriver.chrome.webdriver.WebDriver (session=\"6ad272c41fd21612a5a04fac175f2e24\")>"},{"name":"link","value":"'https://capital.com/en-gb'"}],"shouldDisplayMessage":false,"stepsCount":1,"attachmentsCount":0,"hasContent":true,"attachmentStep":false}],"attachments":[],"parameters":[{"name":"d","value":"<selenium.webdriver.chrome.webdriver.WebDriver (session=\"6ad272c41fd21612a5a04fac175f2e24\")>"},{"name":"host","value":"'https://capital.com/en-gb'"},{"name":"end_point","value":"''"},{"name":"cur_language","value":"''"},{"name":"cur_country","value":"'ae'"},{"name":"cur_role","value":"'NoAuth'"},{"name":"cur_login","value":"'test001.miketar+1@gmail.com'"},{"name":"cur_password","value":"'Qwer1234-!@#$'"}],"shouldDisplayMessage":false,"stepsCount":3,"attachmentsCount":0,"hasContent":true,"attachmentStep":false}],"attachments":[],"parameters":[{"name":"worker_id","value":"'master'"},{"name":"d","value":"<selenium.webdriver.chrome.webdriver.WebDriver (session=\"6ad272c41fd21612a5a04fac175f2e24\")>"},{"name":"cur_language","value":"''"},{"name":"cur_country","value":"'ae'"},{"name":"cur_role","value":"'NoAuth'"},{"name":"cur_login","value":"'test001.miketar+1@gmail.com'"},{"name":"cur_password","value":"'Qwer1234-!@#$'"},{"name":"title_instrument","value":"''"}],"shouldDisplayMessage":false,"stepsCount":5,"attachmentsCount":0,"hasContent":true,"attachmentStep":false}],"attachments":[{"uid":"d371e41ae4929757","name":"Screenshot","source":"d371e41ae4929757.png","type":"image/png","size":184035},{"uid":"ccb6f239531eee26","name":"stdout","source":"ccb6f239531eee26.txt","type":"text/plain","size":3186}],"parameters":[],"shouldDisplayMessage":true,"stepsCount":6,"attachmentsCount":2,"hasContent":true,"attachmentStep":false},"afterStages":[{"name":"d::0","time":{"start":1732409035184,"stop":1732409035464,"duration":280},"status":"passed","steps":[],"attachments":[],"parameters":[],"shouldDisplayMessage":false,"stepsCount":0,"attachmentsCount":0,"hasContent":false,"attachmentStep":false}],"labels":[{"name":"epic","value":"TC_55!322a | The Sign Up/Login/page of the corresponding trading instrument on the trading platform is not opened after clicking [numeric values] in the Sell column"},{"name":"feature","value":"Role: NoAuth"},{"name":"story","value":"Country: ae"},{"name":"tag","value":"bug_322a"},{"name":"tag","value":"us_55"},{"name":"parentSuite","value":"tests.US_55_ReTestsManual.tassobaccato"},{"name":"suite","value":"US_55-tassobaccato_ReTestsManual_test"},{"name":"subSuite","value":"TestManualDetectedBugs"},{"name":"host","value":"fv-az1146-454"},{"name":"thread","value":"31952-MainThread"},{"name":"framework","value":"pytest"},{"name":"language","value":"cpython3"},{"name":"package","value":"tests.US_55_ReTestsManual.tassobaccato.US_55-tassobaccato_ReTestsManual_test"},{"name":"resultFormat","value":"allure2"}],"parameters":[{"name":"cur_country","value":"'ae'"},{"name":"cur_language","value":"''"},{"name":"cur_login","value":"'test001.miketar+1@gmail.com'"},{"name":"cur_password","value":"'Qwer1234-!@#$'"},{"name":"cur_role","value":"'NoAuth'"},{"name":"d","value":"'Chrome'"},{"name":"title_instrument","value":"''"}],"links":[],"hidden":false,"retry":false,"extra":{"severity":"normal","retries":[],"categories":[{"name":"Test defects","matchedStatuses":[],"flaky":false}],"history":{"statistic":{"failed":27,"broken":2,"skipped":0,"passed":0,"unknown":0,"total":29},"items":[{"uid":"a0d8a9bfa8ecb6a","reportUrl":"https://AlexTomAQA.github.io/TestCapitalComPySe/233//#testresult/a0d8a9bfa8ecb6a","status":"broken","statusDetails":"selenium.common.exceptions.ElementClickInterceptedException: Message: element click intercepted: Element <iconex _ngcontent-ng-c3701643753=\"\" name=\"iconex-arrow-down-mini\" class=\"icon-square\" _nghost-ng-c3863089522=\"\">...</iconex> is not clickable at point (1904, 24). Other element would receive the click: <div class=\"cdk-overlay-backdrop modal-overlay2 cdk-overlay-backdrop-showing\"></div>\n  (Session info: chrome=131.0.6778.69)\nStacktrace:\n#0 0x56193d61331a <unknown>\n#1 0x56193d1296e0 <unknown>\n#2 0x56193d17f0f6 <unknown>\n#3 0x56193d17d05d <unknown>\n#4 0x56193d17a775 <unknown>\n#5 0x56193d17992f <unknown>\n#6 0x56193d16d0d5 <unknown>\n#7 0x56193d19c462 <unknown>\n#8 0x56193d16ca18 <unknown>\n#9 0x56193d19c62e <unknown>\n#10 0x56193d1baed7 <unknown>\n#11 0x56193d19c203 <unknown>\n#12 0x56193d16acc0 <unknown>\n#13 0x56193d16bc9e <unknown>\n#14 0x56193d5e0d0b <unknown>\n#15 0x56193d5e4c92 <unknown>\n#16 0x56193d5cdb3c <unknown>\n#17 0x56193d5e5807 <unknown>\n#18 0x56193d5b30df <unknown>\n#19 0x56193d602578 <unknown>\n#20 0x56193d602740 <unknown>\n#21 0x56193d612196 <unknown>\n#22 0x7f9e7ce94ac3 <unknown>","time":{"start":1732326713546,"stop":1732326724900,"duration":11354}},{"uid":"a035322d6c3153fc","reportUrl":"https://AlexTomAQA.github.io/TestCapitalComPySe/232//#testresult/a035322d6c3153fc","status":"failed","statusDetails":"Failed: Bug # ??? For 'ae' country '' language the page \"Markets\" Menu > \"Markets\" Submenu doesn't exist in DOM","time":{"start":1732253064104,"stop":1732253085567,"duration":21463}},{"uid":"e32ecb37b511e87a","reportUrl":"https://AlexTomAQA.github.io/TestCapitalComPySe/231//#testresult/e32ecb37b511e87a","status":"failed","statusDetails":"Failed: Bug # ??? For 'ae' country '' language the page \"Markets\" Menu > \"Markets\" Submenu doesn't exist in DOM","time":{"start":1732237138973,"stop":1732237159837,"duration":20864}},{"uid":"fef53f09426da3cd","reportUrl":"https://AlexTomAQA.github.io/TestCapitalComPySe/230//#testresult/fef53f09426da3cd","status":"failed","statusDetails":"Failed: Bug # ??? For 'ae' country '' language the page \"Markets\" Menu > \"Markets\" Submenu doesn't exist in DOM","time":{"start":1732150711620,"stop":1732150733149,"duration":21529}},{"uid":"244808877ca9d8b3","reportUrl":"https://AlexTomAQA.github.io/TestCapitalComPySe/229//#testresult/244808877ca9d8b3","status":"failed","statusDetails":"Failed: Bug # ??? For 'ae' country '' language the page \"Markets\" Menu > \"Markets\" Submenu doesn't exist in DOM","time":{"start":1732063944822,"stop":1732063965078,"duration":20256}},{"uid":"8202db5b2f6c0e90","reportUrl":"https://AlexTomAQA.github.io/TestCapitalComPySe/228//#testresult/8202db5b2f6c0e90","status":"failed","statusDetails":"Failed: Bug # ??? For 'ae' country '' language the page \"Markets\" Menu > \"Markets\" Submenu doesn't exist in DOM","time":{"start":1731978335594,"stop":1731978357432,"duration":21838}},{"uid":"281fe996723ce0ed","reportUrl":"https://AlexTomAQA.github.io/TestCapitalComPySe/227//#testresult/281fe996723ce0ed","status":"failed","statusDetails":"Failed: Bug # ??? For 'ae' country '' language the page \"Markets\" Menu > \"Markets\" Submenu doesn't exist in DOM","time":{"start":1731890454193,"stop":1731890475735,"duration":21542}},{"uid":"1f7b8b7dc537ba9c","reportUrl":"https://AlexTomAQA.github.io/TestCapitalComPySe/226//#testresult/1f7b8b7dc537ba9c","status":"failed","statusDetails":"Failed: Bug # ??? For 'ae' country '' language the page \"Markets\" Menu > \"Markets\" Submenu doesn't exist in DOM","time":{"start":1731803501635,"stop":1731803522793,"duration":21158}},{"uid":"a5a243268e440ea5","reportUrl":"https://AlexTomAQA.github.io/TestCapitalComPySe/225//#testresult/a5a243268e440ea5","status":"failed","statusDetails":"Failed: Bug # ??? For 'ae' country '' language the page \"Markets\" Menu > \"Markets\" Submenu doesn't exist in DOM","time":{"start":1731737852073,"stop":1731737873283,"duration":21210}},{"uid":"90381aa7c294e080","reportUrl":"https://AlexTomAQA.github.io/TestCapitalComPySe/224//#testresult/90381aa7c294e080","status":"failed","statusDetails":"Failed: Bug # ??? For 'ae' country '' language the page \"Markets\" Menu > \"Markets\" Submenu doesn't exist in DOM","time":{"start":1731718027698,"stop":1731718049171,"duration":21473}},{"uid":"56e06c5c849c8e5d","reportUrl":"https://AlexTomAQA.github.io/TestCapitalComPySe/223//#testresult/56e06c5c849c8e5d","status":"failed","statusDetails":"Failed: Bug # ??? For 'ae' country '' language the page \"Markets\" Menu > \"Markets\" Submenu doesn't exist in DOM","time":{"start":1731652466824,"stop":1731652487088,"duration":20264}},{"uid":"27011c8031b71dc","reportUrl":"https://AlexTomAQA.github.io/TestCapitalComPySe/222//#testresult/27011c8031b71dc","status":"failed","statusDetails":"Failed: Bug # 55!322 \nExpected result: Login form is opened\nActual result: Login form is not opened","time":{"start":1731630723502,"stop":1731630750464,"duration":26962}},{"uid":"a34bb5255afecf9c","reportUrl":"https://AlexTomAQA.github.io/TestCapitalComPySe/221//#testresult/a34bb5255afecf9c","status":"failed","statusDetails":"Failed: Bug # 55!322 \nExpected result: Login form is opened\nActual result: Login form is not opened","time":{"start":1731544751460,"stop":1731544779217,"duration":27757}},{"uid":"353a728e42b64d98","reportUrl":"https://AlexTomAQA.github.io/TestCapitalComPySe/220//#testresult/353a728e42b64d98","status":"failed","statusDetails":"Failed: Bug # 55!322 \nExpected result: Login form is opened\nActual result: Login form is not opened","time":{"start":1731479216841,"stop":1731479244074,"duration":27233}},{"uid":"fb7b8b4bc9215274","reportUrl":"https://AlexTomAQA.github.io/TestCapitalComPySe/219//#testresult/fb7b8b4bc9215274","status":"failed","statusDetails":"Failed: Bug # ??? For 'ae' country '' language the page \"Markets\" Menu > \"Markets\" Submenu doesn't exist in DOM","time":{"start":1731459828339,"stop":1731459849796,"duration":21457}},{"uid":"ac34ce794fe7fb7e","reportUrl":"https://AlexTomAQA.github.io/TestCapitalComPySe/218//#testresult/ac34ce794fe7fb7e","status":"failed","statusDetails":"Failed: Bug # ??? For 'ae' country '' language the page \"Markets\" Menu > \"Markets\" Submenu doesn't exist in DOM","time":{"start":1731373395105,"stop":1731373415475,"duration":20370}},{"uid":"4c0f2322758abe75","reportUrl":"https://AlexTomAQA.github.io/TestCapitalComPySe/217//#testresult/4c0f2322758abe75","status":"failed","statusDetails":"Failed: Bug # ??? For 'ae' country '' language the page \"Markets\" Menu > \"Markets\" Submenu doesn't exist in DOM","time":{"start":1731286371699,"stop":1731286394395,"duration":22696}},{"uid":"5e7f85561e6c7248","reportUrl":"https://AlexTomAQA.github.io/TestCapitalComPySe/216//#testresult/5e7f85561e6c7248","status":"failed","statusDetails":"Failed: Bug â„– ??? 'Markets' menu not present in DOM for 'ae' country '' language","time":{"start":1731198957961,"stop":1731198980570,"duration":22609}},{"uid":"2fb3d6c94012b5b4","reportUrl":"https://AlexTomAQA.github.io/TestCapitalComPySe/215//#testresult/2fb3d6c94012b5b4","status":"failed","statusDetails":"Failed: Bug # ??? For 'ae' country '' language the page \"Markets\" Menu > \"Markets\" Submenu doesn't exist in DOM","time":{"start":1731113156468,"stop":1731113176615,"duration":20147}},{"uid":"9726b3979ec9f268","reportUrl":"https://AlexTomAQA.github.io/TestCapitalComPySe/214//#testresult/9726b3979ec9f268","status":"failed","statusDetails":"Failed: Bug # ??? For 'ae' country '' language the page \"Markets\" Menu > \"Markets\" Submenu doesn't exist in DOM","time":{"start":1731027187924,"stop":1731027207949,"duration":20025}}]},"tags":["us_55","bug_322a"]},"source":"c9658b1cfc47d8c.json","parameterValues":["'ae'","''","'test001.miketar+1@gmail.com'","'Qwer1234-!@#$'","'NoAuth'","'Chrome'","''"]}