{"uid":"c3fb0f717e840e03","name":"TC_00.00_009 | Start test of button [Get it on Google Play] in 'Our Apps' block. Bid:00.00_009-nl.au.NoAuth","fullName":"tests.US_00_Main_page.US_00-00_Main_page.us_00-00_main_page_test.TestMainPage#test_009_get_it_on_google_play_button_in_our_apps_block","historyId":"26612ca1ac6e5a4195613a8eeea04520","time":{"start":1719536572959,"stop":1719536596363,"duration":23404},"description":"\n        Check: Button [Get it on Google Play] in 'Our Apps' block\n        Language: ALL. License: Not FCA.\n        ","descriptionHtml":"<pre><code>    Check: Button [Get it on Google Play] in 'Our Apps' block\n    Language: ALL. License: Not FCA.\n</code></pre>\n","status":"failed","statusMessage":"AssertionError: Bug # 03. Loaded page https://play.google.com/store/apps/details?id=com.capital.etf.trade with not https://play.google.com/store/apps/details?id=com.capital.trading url","statusTrace":"self = <us_00-00_main_page_test.TestMainPage object at 0x0000019B7E8FEF60>\nworker_id = 'master'\nd = <selenium.webdriver.chrome.webdriver.WebDriver (session=\"67002bda3a5315e1611c460697b84cc8\")>\ncur_language = 'nl', cur_country = 'au', cur_role = 'NoAuth'\ncur_login = 'test001.miketar+1@gmail.com', cur_password = 'Qwer1234-!@#$'\n\n    @allure.step(\"Start test of button [Get it on Google Play] in 'Our Apps' block\")\n    @pytest.mark.test_009\n    def test_009_get_it_on_google_play_button_in_our_apps_block(\n            self, worker_id, d, cur_language, cur_country, cur_role, cur_login, cur_password):\n        \"\"\"\n        Check: Button [Get it on Google Play] in 'Our Apps' block\n        Language: ALL. License: Not FCA.\n        \"\"\"\n    \n        bid = build_dynamic_arg_v4(\n            d, worker_id, cur_language, cur_country, cur_role,\n            \"00\", \"Main Page\",\n            \".00_009\",\n            \"Start test of button [Get it on Google Play] in 'Our Apps' block\",\n            False, False\n        )\n    \n        Common().check_country_in_list_and_skip_if_not_present(\n            cur_country,\n            ['de', 'au', 'ae']\n        )\n    \n        page_conditions = Conditions(d, \"\")\n        main_page_link = page_conditions.preconditions(\n            d, CapitalComPageSrc.URL, \"\", cur_language, cur_country, cur_role, cur_login, cur_password)\n    \n        test_element = OurAppsBlockGetItOnGooglePlayButton(d, main_page_link, bid)\n>       test_element.full_test(d, cur_language, cur_country, cur_role, main_page_link)\n\ntests\\US_00_Main_page\\US_00-00_Main_page\\us_00-00_main_page_test.py:506: \n_ _ _ _ _ _ _ _ _ _ _ _ _ _ _ _ _ _ _ _ _ _ _ _ _ _ _ _ _ _ _ _ _ _ _ _ _ _ _ _\npages\\Elements\\OurAppsBlockGetItOnGooglePlayButton.py:38: in full_test\n    test_element.assert_google_play(d, cur_item_link)\npages\\Elements\\AssertClass.py:210: in assert_google_play\n    self.page_google_play.should_be_google_play_page(cur_link)\n_ _ _ _ _ _ _ _ _ _ _ _ _ _ _ _ _ _ _ _ _ _ _ _ _ _ _ _ _ _ _ _ _ _ _ _ _ _ _ _\n\nself = <pages.GooglePlay.google_play.GooglePlay object at 0x0000019B7EA226F0>\ncur_link = 'https://capital.com/nl'\n\n    @allure.step(\"Checking that the Google Play page has opened\")\n    def should_be_google_play_page(self, cur_link):\n        \"\"\"Check if the page is open\"\"\"\n        print(f\"{datetime.now()}   Checking that the Google Play page has opened\")\n        self.wait_for_change_url(cur_link, 10)\n        # Следующие две строки только для проверки работоспособности asserts, тк в данный момент баг в url кнопки\n        # self.link = \"https://play.google.com/store/apps/details?id=com.capital.trading\"\n        # self.open_page()\n        if self.current_page_url_contain_the(data[\"APP_URL\"]):\n            print(f\"{datetime.now()}   Current page URL contain expected URL\")\n            self.should_be_page_title_v2(data[\"PAGE_TITLE\"])\n            self.should_be_google_play_app_title(data[\"APP_TITLE\"])\n            self.should_be_google_play_specifies_provider(data[\"PROVIDER\"])\n            self.open_page()\n            assert True\n        else:\n            current_page = self.driver.current_url\n            # self.open_page()\n            # ==== new bug re-test checking =====\n            print(f'\\nBug: {self.bid}')\n            retest_table_fill(self.driver, self.bid, '03', self.link)\n            # ==================================\n>           assert False, f'Bug # 03. Loaded page {current_page} with not {data[\"APP_URL\"]} url'\nE           AssertionError: Bug # 03. Loaded page https://play.google.com/store/apps/details?id=com.capital.etf.trade with not https://play.google.com/store/apps/details?id=com.capital.trading url\n\npages\\GooglePlay\\google_play.py:41: AssertionError","flaky":false,"newFailed":false,"newBroken":false,"newPassed":false,"retriesCount":0,"retriesStatusChange":false,"beforeStages":[{"name":"d","time":{"start":1719536107342,"stop":1719536141462,"duration":34120},"status":"passed","steps":[],"attachments":[],"parameters":[],"shouldDisplayMessage":false,"stepsCount":0,"attachmentsCount":0,"hasContent":false,"attachmentStep":false},{"name":"cur_country","time":{"start":1719536141462,"stop":1719536141462,"duration":0},"status":"passed","steps":[],"attachments":[],"parameters":[],"shouldDisplayMessage":false,"stepsCount":0,"attachmentsCount":0,"hasContent":false,"attachmentStep":false},{"name":"cur_password","time":{"start":1719536141462,"stop":1719536141462,"duration":0},"status":"passed","steps":[],"attachments":[],"parameters":[],"shouldDisplayMessage":false,"stepsCount":0,"attachmentsCount":0,"hasContent":false,"attachmentStep":false},{"name":"worker_id","time":{"start":1719536141462,"stop":1719536141462,"duration":0},"status":"passed","steps":[],"attachments":[],"parameters":[],"shouldDisplayMessage":false,"stepsCount":0,"attachmentsCount":0,"hasContent":false,"attachmentStep":false},{"name":"cur_language","time":{"start":1719536141462,"stop":1719536141462,"duration":0},"status":"passed","steps":[],"attachments":[],"parameters":[],"shouldDisplayMessage":false,"stepsCount":0,"attachmentsCount":0,"hasContent":false,"attachmentStep":false},{"name":"cur_login","time":{"start":1719536141462,"stop":1719536141462,"duration":0},"status":"passed","steps":[],"attachments":[],"parameters":[],"shouldDisplayMessage":false,"stepsCount":0,"attachmentsCount":0,"hasContent":false,"attachmentStep":false},{"name":"cur_role","time":{"start":1719536470540,"stop":1719536470540,"duration":0},"status":"passed","steps":[],"attachments":[],"parameters":[],"shouldDisplayMessage":false,"stepsCount":0,"attachmentsCount":0,"hasContent":false,"attachmentStep":false}],"testStage":{"description":"\n        Check: Button [Get it on Google Play] in 'Our Apps' block\n        Language: ALL. License: Not FCA.\n        ","status":"failed","statusMessage":"AssertionError: Bug # 03. Loaded page https://play.google.com/store/apps/details?id=com.capital.etf.trade with not https://play.google.com/store/apps/details?id=com.capital.trading url","statusTrace":"self = <us_00-00_main_page_test.TestMainPage object at 0x0000019B7E8FEF60>\nworker_id = 'master'\nd = <selenium.webdriver.chrome.webdriver.WebDriver (session=\"67002bda3a5315e1611c460697b84cc8\")>\ncur_language = 'nl', cur_country = 'au', cur_role = 'NoAuth'\ncur_login = 'test001.miketar+1@gmail.com', cur_password = 'Qwer1234-!@#$'\n\n    @allure.step(\"Start test of button [Get it on Google Play] in 'Our Apps' block\")\n    @pytest.mark.test_009\n    def test_009_get_it_on_google_play_button_in_our_apps_block(\n            self, worker_id, d, cur_language, cur_country, cur_role, cur_login, cur_password):\n        \"\"\"\n        Check: Button [Get it on Google Play] in 'Our Apps' block\n        Language: ALL. License: Not FCA.\n        \"\"\"\n    \n        bid = build_dynamic_arg_v4(\n            d, worker_id, cur_language, cur_country, cur_role,\n            \"00\", \"Main Page\",\n            \".00_009\",\n            \"Start test of button [Get it on Google Play] in 'Our Apps' block\",\n            False, False\n        )\n    \n        Common().check_country_in_list_and_skip_if_not_present(\n            cur_country,\n            ['de', 'au', 'ae']\n        )\n    \n        page_conditions = Conditions(d, \"\")\n        main_page_link = page_conditions.preconditions(\n            d, CapitalComPageSrc.URL, \"\", cur_language, cur_country, cur_role, cur_login, cur_password)\n    \n        test_element = OurAppsBlockGetItOnGooglePlayButton(d, main_page_link, bid)\n>       test_element.full_test(d, cur_language, cur_country, cur_role, main_page_link)\n\ntests\\US_00_Main_page\\US_00-00_Main_page\\us_00-00_main_page_test.py:506: \n_ _ _ _ _ _ _ _ _ _ _ _ _ _ _ _ _ _ _ _ _ _ _ _ _ _ _ _ _ _ _ _ _ _ _ _ _ _ _ _\npages\\Elements\\OurAppsBlockGetItOnGooglePlayButton.py:38: in full_test\n    test_element.assert_google_play(d, cur_item_link)\npages\\Elements\\AssertClass.py:210: in assert_google_play\n    self.page_google_play.should_be_google_play_page(cur_link)\n_ _ _ _ _ _ _ _ _ _ _ _ _ _ _ _ _ _ _ _ _ _ _ _ _ _ _ _ _ _ _ _ _ _ _ _ _ _ _ _\n\nself = <pages.GooglePlay.google_play.GooglePlay object at 0x0000019B7EA226F0>\ncur_link = 'https://capital.com/nl'\n\n    @allure.step(\"Checking that the Google Play page has opened\")\n    def should_be_google_play_page(self, cur_link):\n        \"\"\"Check if the page is open\"\"\"\n        print(f\"{datetime.now()}   Checking that the Google Play page has opened\")\n        self.wait_for_change_url(cur_link, 10)\n        # Следующие две строки только для проверки работоспособности asserts, тк в данный момент баг в url кнопки\n        # self.link = \"https://play.google.com/store/apps/details?id=com.capital.trading\"\n        # self.open_page()\n        if self.current_page_url_contain_the(data[\"APP_URL\"]):\n            print(f\"{datetime.now()}   Current page URL contain expected URL\")\n            self.should_be_page_title_v2(data[\"PAGE_TITLE\"])\n            self.should_be_google_play_app_title(data[\"APP_TITLE\"])\n            self.should_be_google_play_specifies_provider(data[\"PROVIDER\"])\n            self.open_page()\n            assert True\n        else:\n            current_page = self.driver.current_url\n            # self.open_page()\n            # ==== new bug re-test checking =====\n            print(f'\\nBug: {self.bid}')\n            retest_table_fill(self.driver, self.bid, '03', self.link)\n            # ==================================\n>           assert False, f'Bug # 03. Loaded page {current_page} with not {data[\"APP_URL\"]} url'\nE           AssertionError: Bug # 03. Loaded page https://play.google.com/store/apps/details?id=com.capital.etf.trade with not https://play.google.com/store/apps/details?id=com.capital.trading url\n\npages\\GooglePlay\\google_play.py:41: AssertionError","steps":[{"name":"Start test of button [Get it on Google Play] in 'Our Apps' block","time":{"start":1719536572959,"stop":1719536596363,"duration":23404},"status":"failed","statusMessage":"AssertionError: Bug # 03. Loaded page https://play.google.com/store/apps/details?id=com.capital.etf.trade with not https://play.google.com/store/apps/details?id=com.capital.trading url\n","statusTrace":"  File \"C:\\Users\\runneradmin\\AppData\\Local\\pypoetry\\Cache\\virtualenvs\\testcapitalcompyse-ahTg7XpD-py3.12\\Lib\\site-packages\\allure_commons\\_allure.py\", line 192, in impl\n    return func(*a, **kw)\n           ^^^^^^^^^^^^^^\n  File \"D:\\a\\TestCapitalComPySe\\TestCapitalComPySe\\tests\\US_00_Main_page\\US_00-00_Main_page\\us_00-00_main_page_test.py\", line 506, in test_009_get_it_on_google_play_button_in_our_apps_block\n    test_element.full_test(d, cur_language, cur_country, cur_role, main_page_link)\n  File \"C:\\Users\\runneradmin\\AppData\\Local\\pypoetry\\Cache\\virtualenvs\\testcapitalcompyse-ahTg7XpD-py3.12\\Lib\\site-packages\\allure_commons\\_allure.py\", line 192, in impl\n    return func(*a, **kw)\n           ^^^^^^^^^^^^^^\n  File \"D:\\a\\TestCapitalComPySe\\TestCapitalComPySe\\pages\\Elements\\OurAppsBlockGetItOnGooglePlayButton.py\", line 38, in full_test\n    test_element.assert_google_play(d, cur_item_link)\n  File \"C:\\Users\\runneradmin\\AppData\\Local\\pypoetry\\Cache\\virtualenvs\\testcapitalcompyse-ahTg7XpD-py3.12\\Lib\\site-packages\\allure_commons\\_allure.py\", line 192, in impl\n    return func(*a, **kw)\n           ^^^^^^^^^^^^^^\n  File \"D:\\a\\TestCapitalComPySe\\TestCapitalComPySe\\pages\\Elements\\AssertClass.py\", line 210, in assert_google_play\n    self.page_google_play.should_be_google_play_page(cur_link)\n  File \"C:\\Users\\runneradmin\\AppData\\Local\\pypoetry\\Cache\\virtualenvs\\testcapitalcompyse-ahTg7XpD-py3.12\\Lib\\site-packages\\allure_commons\\_allure.py\", line 192, in impl\n    return func(*a, **kw)\n           ^^^^^^^^^^^^^^\n  File \"D:\\a\\TestCapitalComPySe\\TestCapitalComPySe\\pages\\GooglePlay\\google_play.py\", line 41, in should_be_google_play_page\n    assert False, f'Bug # 03. Loaded page {current_page} with not {data[\"APP_URL\"]} url'\n           ^^^^^\n","steps":[{"name":"Preconditions","time":{"start":1719536572961,"stop":1719536577143,"duration":4182},"status":"passed","steps":[{"name":"2024-06-28 00:55:07.279119   Start Checking Captcha","time":{"start":1719536572980,"stop":1719536574033,"duration":1053},"status":"passed","steps":[],"attachments":[],"parameters":[],"shouldDisplayMessage":false,"stepsCount":0,"attachmentsCount":0,"hasContent":false,"attachmentStep":false},{"name":"2024-06-28 00:55:07.279119   Start Checking Captcha","time":{"start":1719536574033,"stop":1719536575084,"duration":1051},"status":"passed","steps":[],"attachments":[],"parameters":[],"shouldDisplayMessage":false,"stepsCount":0,"attachmentsCount":0,"hasContent":false,"attachmentStep":false},{"name":"2024-06-28 00:55:07.279119   Start Checking Captcha","time":{"start":1719536575084,"stop":1719536576089,"duration":1005},"status":"passed","steps":[],"attachments":[],"parameters":[],"shouldDisplayMessage":false,"stepsCount":0,"attachmentsCount":0,"hasContent":false,"attachmentStep":false},{"name":"2024-06-28 00:55:07.279119   Start Checking Captcha","time":{"start":1719536576089,"stop":1719536577139,"duration":1050},"status":"passed","steps":[],"attachments":[],"parameters":[],"shouldDisplayMessage":false,"stepsCount":0,"attachmentsCount":0,"hasContent":false,"attachmentStep":false}],"attachments":[],"parameters":[{"name":"d","value":"<selenium.webdriver.chrome.webdriver.WebDriver (session=\"67002bda3a5315e1611c460697b84cc8\")>"},{"name":"host","value":"'https://capital.com/'"},{"name":"end_point","value":"''"},{"name":"cur_language","value":"'nl'"},{"name":"cur_country","value":"'au'"},{"name":"cur_role","value":"'NoAuth'"},{"name":"cur_login","value":"'test001.miketar+1@gmail.com'"},{"name":"cur_password","value":"'Qwer1234-!@#$'"}],"shouldDisplayMessage":false,"stepsCount":4,"attachmentsCount":0,"hasContent":true,"attachmentStep":false},{"name":"2024-06-28 00:55:07.201007   Start Full test for [Get it on Google Play] button in \"Our Apps\" block","time":{"start":1719536577143,"stop":1719536596363,"duration":19220},"status":"failed","statusMessage":"AssertionError: Bug # 03. Loaded page https://play.google.com/store/apps/details?id=com.capital.etf.trade with not https://play.google.com/store/apps/details?id=com.capital.trading url\n","statusTrace":"  File \"C:\\Users\\runneradmin\\AppData\\Local\\pypoetry\\Cache\\virtualenvs\\testcapitalcompyse-ahTg7XpD-py3.12\\Lib\\site-packages\\allure_commons\\_allure.py\", line 192, in impl\n    return func(*a, **kw)\n           ^^^^^^^^^^^^^^\n  File \"D:\\a\\TestCapitalComPySe\\TestCapitalComPySe\\pages\\Elements\\OurAppsBlockGetItOnGooglePlayButton.py\", line 38, in full_test\n    test_element.assert_google_play(d, cur_item_link)\n  File \"C:\\Users\\runneradmin\\AppData\\Local\\pypoetry\\Cache\\virtualenvs\\testcapitalcompyse-ahTg7XpD-py3.12\\Lib\\site-packages\\allure_commons\\_allure.py\", line 192, in impl\n    return func(*a, **kw)\n           ^^^^^^^^^^^^^^\n  File \"D:\\a\\TestCapitalComPySe\\TestCapitalComPySe\\pages\\Elements\\AssertClass.py\", line 210, in assert_google_play\n    self.page_google_play.should_be_google_play_page(cur_link)\n  File \"C:\\Users\\runneradmin\\AppData\\Local\\pypoetry\\Cache\\virtualenvs\\testcapitalcompyse-ahTg7XpD-py3.12\\Lib\\site-packages\\allure_commons\\_allure.py\", line 192, in impl\n    return func(*a, **kw)\n           ^^^^^^^^^^^^^^\n  File \"D:\\a\\TestCapitalComPySe\\TestCapitalComPySe\\pages\\GooglePlay\\google_play.py\", line 41, in should_be_google_play_page\n    assert False, f'Bug # 03. Loaded page {current_page} with not {data[\"APP_URL\"]} url'\n           ^^^^^\n","steps":[{"name":"Click button [Get it on Google Play] on \"Our Apps\" block","time":{"start":1719536577300,"stop":1719536577425,"duration":125},"status":"passed","steps":[],"attachments":[],"parameters":[{"name":"d","value":"<selenium.webdriver.chrome.webdriver.WebDriver (session=\"67002bda3a5315e1611c460697b84cc8\")>"}],"shouldDisplayMessage":false,"stepsCount":0,"attachmentsCount":0,"hasContent":true,"attachmentStep":false},{"name":"Checking that \"Google Play\" page opened","time":{"start":1719536577425,"stop":1719536596363,"duration":18938},"status":"failed","statusMessage":"AssertionError: Bug # 03. Loaded page https://play.google.com/store/apps/details?id=com.capital.etf.trade with not https://play.google.com/store/apps/details?id=com.capital.trading url\n","statusTrace":"  File \"C:\\Users\\runneradmin\\AppData\\Local\\pypoetry\\Cache\\virtualenvs\\testcapitalcompyse-ahTg7XpD-py3.12\\Lib\\site-packages\\allure_commons\\_allure.py\", line 192, in impl\n    return func(*a, **kw)\n           ^^^^^^^^^^^^^^\n  File \"D:\\a\\TestCapitalComPySe\\TestCapitalComPySe\\pages\\Elements\\AssertClass.py\", line 210, in assert_google_play\n    self.page_google_play.should_be_google_play_page(cur_link)\n  File \"C:\\Users\\runneradmin\\AppData\\Local\\pypoetry\\Cache\\virtualenvs\\testcapitalcompyse-ahTg7XpD-py3.12\\Lib\\site-packages\\allure_commons\\_allure.py\", line 192, in impl\n    return func(*a, **kw)\n           ^^^^^^^^^^^^^^\n  File \"D:\\a\\TestCapitalComPySe\\TestCapitalComPySe\\pages\\GooglePlay\\google_play.py\", line 41, in should_be_google_play_page\n    assert False, f'Bug # 03. Loaded page {current_page} with not {data[\"APP_URL\"]} url'\n           ^^^^^\n","steps":[{"name":"Checking that the Google Play page has opened","time":{"start":1719536577425,"stop":1719536596363,"duration":18938},"status":"failed","statusMessage":"AssertionError: Bug # 03. Loaded page https://play.google.com/store/apps/details?id=com.capital.etf.trade with not https://play.google.com/store/apps/details?id=com.capital.trading url\n","statusTrace":"  File \"C:\\Users\\runneradmin\\AppData\\Local\\pypoetry\\Cache\\virtualenvs\\testcapitalcompyse-ahTg7XpD-py3.12\\Lib\\site-packages\\allure_commons\\_allure.py\", line 192, in impl\n    return func(*a, **kw)\n           ^^^^^^^^^^^^^^\n  File \"D:\\a\\TestCapitalComPySe\\TestCapitalComPySe\\pages\\GooglePlay\\google_play.py\", line 41, in should_be_google_play_page\n    assert False, f'Bug # 03. Loaded page {current_page} with not {data[\"APP_URL\"]} url'\n           ^^^^^\n","steps":[{"name":"Fixing one row check results into Google Sheet Bugs Report","time":{"start":1719536580087,"stop":1719536580915,"duration":828},"status":"passed","steps":[],"attachments":[],"parameters":[{"name":"cell","value":"'B1'"},{"name":"values","value":"[['Busy']]"}],"shouldDisplayMessage":false,"stepsCount":0,"attachmentsCount":0,"hasContent":true,"attachmentStep":false},{"name":"Fixing one row check results into Google Sheet Bugs Report","time":{"start":1719536594777,"stop":1719536595282,"duration":505},"status":"passed","steps":[],"attachments":[],"parameters":[{"name":"cell","value":"'P1870'"},{"name":"values","value":"[[\"'03\"]]"}],"shouldDisplayMessage":false,"stepsCount":0,"attachmentsCount":0,"hasContent":true,"attachmentStep":false},{"name":"Fixing one row check results into Google Sheet Bugs Report","time":{"start":1719536595282,"stop":1719536595831,"duration":549},"status":"passed","steps":[],"attachments":[],"parameters":[{"name":"cell","value":"'U1870'"},{"name":"values","value":"[['28/06/2024 01:03:14']]"}],"shouldDisplayMessage":false,"stepsCount":0,"attachmentsCount":0,"hasContent":true,"attachmentStep":false},{"name":"Fixing one row check results into Google Sheet Bugs Report","time":{"start":1719536595831,"stop":1719536596363,"duration":532},"status":"passed","steps":[],"attachments":[],"parameters":[{"name":"cell","value":"'B1'"},{"name":"values","value":"[['Bugs Report']]"}],"shouldDisplayMessage":false,"stepsCount":0,"attachmentsCount":0,"hasContent":true,"attachmentStep":false}],"attachments":[],"parameters":[{"name":"cur_link","value":"'https://capital.com/nl'"}],"shouldDisplayMessage":true,"stepsCount":4,"attachmentsCount":0,"hasContent":true,"attachmentStep":false}],"attachments":[],"parameters":[{"name":"d","value":"<selenium.webdriver.chrome.webdriver.WebDriver (session=\"67002bda3a5315e1611c460697b84cc8\")>"},{"name":"cur_link","value":"'https://capital.com/nl'"}],"shouldDisplayMessage":false,"stepsCount":5,"attachmentsCount":0,"hasContent":true,"attachmentStep":false}],"attachments":[],"parameters":[{"name":"d","value":"<selenium.webdriver.chrome.webdriver.WebDriver (session=\"67002bda3a5315e1611c460697b84cc8\")>"},{"name":"cur_language","value":"'nl'"},{"name":"cur_country","value":"'au'"},{"name":"cur_role","value":"'NoAuth'"},{"name":"cur_item_link","value":"'https://capital.com/nl'"}],"shouldDisplayMessage":false,"stepsCount":7,"attachmentsCount":0,"hasContent":true,"attachmentStep":false}],"attachments":[],"parameters":[{"name":"worker_id","value":"'master'"},{"name":"d","value":"<selenium.webdriver.chrome.webdriver.WebDriver (session=\"67002bda3a5315e1611c460697b84cc8\")>"},{"name":"cur_language","value":"'nl'"},{"name":"cur_country","value":"'au'"},{"name":"cur_role","value":"'NoAuth'"},{"name":"cur_login","value":"'test001.miketar+1@gmail.com'"},{"name":"cur_password","value":"'Qwer1234-!@#$'"}],"shouldDisplayMessage":false,"stepsCount":13,"attachmentsCount":0,"hasContent":true,"attachmentStep":false}],"attachments":[{"uid":"edfdc408cb97bee2","name":"Screenshot","source":"edfdc408cb97bee2.png","type":"image/png","size":218313},{"uid":"140d80c4f509c43b","name":"stdout","source":"140d80c4f509c43b.txt","type":"text/plain","size":4196}],"parameters":[],"shouldDisplayMessage":true,"stepsCount":14,"attachmentsCount":2,"hasContent":true,"attachmentStep":false},"afterStages":[{"name":"d::0","time":{"start":1719536650462,"stop":1719536652863,"duration":2401},"status":"passed","steps":[],"attachments":[],"parameters":[],"shouldDisplayMessage":false,"stepsCount":0,"attachmentsCount":0,"hasContent":false,"attachmentStep":false}],"labels":[{"name":"epic","value":"US_00 | Main Page"},{"name":"feature","value":"Role: NoAuth"},{"name":"story","value":"Country: au / Language: nl"},{"name":"tag","value":"test_009"},{"name":"tag","value":"us_00_00"},{"name":"parentSuite","value":"tests.US_00_Main_page.US_00-00_Main_page"},{"name":"suite","value":"us_00-00_main_page_test"},{"name":"subSuite","value":"TestMainPage"},{"name":"host","value":"fv-az742-286"},{"name":"thread","value":"5828-MainThread"},{"name":"framework","value":"pytest"},{"name":"language","value":"cpython3"},{"name":"package","value":"tests.US_00_Main_page.US_00-00_Main_page.us_00-00_main_page_test"},{"name":"resultFormat","value":"allure2"}],"parameters":[{"name":"cur_country","value":"'au'"},{"name":"cur_language","value":"'nl'"},{"name":"cur_login","value":"'test001.miketar+1@gmail.com'"},{"name":"cur_password","value":"'Qwer1234-!@#$'"},{"name":"cur_role","value":"'NoAuth'"},{"name":"d","value":"'Chrome'"}],"links":[],"hidden":false,"retry":false,"extra":{"severity":"normal","retries":[],"categories":[{"name":"Product defects","matchedStatuses":[],"flaky":false}],"tags":["us_00_00","test_009"]},"source":"c3fb0f717e840e03.json","parameterValues":["'au'","'nl'","'test001.miketar+1@gmail.com'","'Qwer1234-!@#$'","'NoAuth'","'Chrome'"]}