{"uid":"2f1afd02ac2415c7","name":"TC_55!514 (Lang: en) | Bid:55!514-en.au.NoReg","fullName":"tests.US_55_ReTestsManual.tassobaccato.US_55-tassobaccato_ReTestsManual_test.TestManualDetectedBugs#test_514","historyId":"0d31f051dff0e73a24e54c3002e912cc","time":{"start":1741053542788,"stop":1741053623800,"duration":81012},"description":"\n        Check: Menu section [Markets] > Menu item [Market analysis] > Article \"Solana price prediction: Can SOL\n                rebound?\" > Click on the [Could Solana become a Cardano side-chain?] item in the \"Table of Contents\" >\n                Click on the [announced] link in the text\n        Language: EN\n        License: ASIC\n        Author: Kasila\n        ","descriptionHtml":"<pre><code>    Check: Menu section [Markets] &gt; Menu item [Market analysis] &gt; Article &quot;Solana price prediction: Can SOL\n            rebound?&quot; &gt; Click on the [Could Solana become a Cardano side-chain?] item in the &quot;Table of Contents&quot; &gt;\n            Click on the [announced] link in the text\n    Language: EN\n    License: ASIC\n    Author: Kasila\n</code></pre>\n","status":"broken","statusMessage":"selenium.common.exceptions.NoSuchElementException: Message: no such element: Unable to locate element: {\"method\":\"css selector\",\"selector\":\"div#main-frame-error\"}\n  (Session info: chrome=133.0.6943.126); For documentation on this error, please visit: https://www.selenium.dev/documentation/webdriver/troubleshooting/errors#no-such-element-exception\nStacktrace:\n#0 0x5625ede6a14a <unknown>\n#1 0x5625ed907b80 <unknown>\n#2 0x5625ed9590e9 <unknown>\n#3 0x5625ed959271 <unknown>\n#4 0x5625ed9a7de4 <unknown>\n#5 0x5625ed97eefd <unknown>\n#6 0x5625ed9a514a <unknown>\n#7 0x5625ed97eca3 <unknown>\n#8 0x5625ed94af08 <unknown>\n#9 0x5625ed94c071 <unknown>\n#10 0x5625ede33b5b <unknown>\n#11 0x5625ede37ae2 <unknown>\n#12 0x5625ede1f967 <unknown>\n#13 0x5625ede386d4 <unknown>\n#14 0x5625ede03c7f <unknown>\n#15 0x5625ede58cd8 <unknown>\n#16 0x5625ede58ea9 <unknown>\n#17 0x5625ede68fc6 <unknown>\n#18 0x7f579f09caa4 <unknown>\n#19 0x7f579f129c3c <unknown>","statusTrace":"self = <US_55-tassobaccato_ReTestsManual_test.TestManualDetectedBugs object at 0x7ffab9c2de80>\nworker_id = 'master'\nd = <selenium.webdriver.chrome.webdriver.WebDriver (session=\"21434ea04a93ddf437b1c20e2fdeac71\")>\ncur_language = '', cur_country = 'au', cur_role = 'NoReg'\ncur_login = 'test001.miketar+1@gmail.com', cur_password = 'Qwer1234-!@#$'\n\n    @allure.step('Start retest manual AT_55!514 The page with text \"Page Not Found ... doesnt exist or has been moved\" is displayed')\n    @pytest.mark.parametrize('cur_language', [''])\n    @pytest.mark.parametrize('cur_country', ['au'])\n    @pytest.mark.parametrize('cur_role', [\"NoReg\", \"Auth\", \"NoAuth\"])\n    @pytest.mark.bug_514\n    def test_514(self, worker_id, d, cur_language, cur_country, cur_role, cur_login, cur_password):\n        \"\"\"\n        Check: Menu section [Markets] > Menu item [Market analysis] > Article \"Solana price prediction: Can SOL\n                rebound?\" > Click on the [Could Solana become a Cardano side-chain?] item in the \"Table of Contents\" >\n                Click on the [announced] link in the text\n        Language: EN\n        License: ASIC\n        Author: Kasila\n        \"\"\"\n    \n        bid = build_dynamic_arg_for_us_55(\n            d, worker_id, cur_language, cur_country, cur_role,\n            \"55\", \"ReTests of Manual Detected Bugs\",\n            \"514\", 'The page with text \"Page Not Found ... doesnt exist or has been moved\" is opened '\n                   'after clicking on [announced] link in the article \"Solana price prediction: Can SOL rebound?\" when '\n                   'selected ASIC license'\n        )\n    \n        link = apply_preconditions_to_link(d, cur_language, cur_country, cur_role, cur_login, cur_password)\n        menu = from_markets_menu_open_market_analysis.MenuNew(d, link)\n        cur_item_link = menu.from_markets_menu_open_market_analysis(d, cur_language, cur_country, link)\n    \n        test_element = AnnouncedLink(d, cur_item_link, bid)\n        test_element.announced_link(d, cur_item_link, link)\n        test_element.element_click()\n>       test_element.assert_()\n\ntests/US_55_ReTestsManual/tassobaccato/US_55-tassobaccato_ReTestsManual_test.py:737: \n_ _ _ _ _ _ _ _ _ _ _ _ _ _ _ _ _ _ _ _ _ _ _ _ _ _ _ _ _ _ _ _ _ _ _ _ _ _ _ _ \npages/BugsManual/bug_514.py:99: in assert_\n    main_frame_error = self.driver.find_element(By.CSS_SELECTOR, 'div#main-frame-error')\n../../../.cache/pypoetry/virtualenvs/testcapitalcompyse-CcJ6hTD8-py3.12/lib/python3.12/site-packages/selenium/webdriver/remote/webdriver.py:766: in find_element\n    return self.execute(Command.FIND_ELEMENT, {\"using\": by, \"value\": value})[\"value\"]\n../../../.cache/pypoetry/virtualenvs/testcapitalcompyse-CcJ6hTD8-py3.12/lib/python3.12/site-packages/selenium/webdriver/remote/webdriver.py:380: in execute\n    self.error_handler.check_response(response)\n_ _ _ _ _ _ _ _ _ _ _ _ _ _ _ _ _ _ _ _ _ _ _ _ _ _ _ _ _ _ _ _ _ _ _ _ _ _ _ _ \n\nself = <selenium.webdriver.remote.errorhandler.ErrorHandler object at 0x7ffab9b189e0>\nresponse = {'status': 404, 'value': '{\"value\":{\"error\":\"no such element\",\"message\":\"no such element: Unable to locate element: {\\...\\\\n#17 0x5625ede68fc6 \\\\u003Cunknown>\\\\n#18 0x7f579f09caa4 \\\\u003Cunknown>\\\\n#19 0x7f579f129c3c \\\\u003Cunknown>\\\\n\"}}'}\n\n    def check_response(self, response: Dict[str, Any]) -> None:\n        \"\"\"Checks that a JSON response from the WebDriver does not have an\n        error.\n    \n        :Args:\n         - response - The JSON response from the WebDriver server as a dictionary\n           object.\n    \n        :Raises: If the response contains an error message.\n        \"\"\"\n        status = response.get(\"status\", None)\n        if not status or status == ErrorCode.SUCCESS:\n            return\n        value = None\n        message = response.get(\"message\", \"\")\n        screen: str = response.get(\"screen\", \"\")\n        stacktrace = None\n        if isinstance(status, int):\n            value_json = response.get(\"value\", None)\n            if value_json and isinstance(value_json, str):\n                import json\n    \n                try:\n                    value = json.loads(value_json)\n                    if len(value) == 1:\n                        value = value[\"value\"]\n                    status = value.get(\"error\", None)\n                    if not status:\n                        status = value.get(\"status\", ErrorCode.UNKNOWN_ERROR)\n                        message = value.get(\"value\") or value.get(\"message\")\n                        if not isinstance(message, str):\n                            value = message\n                            message = message.get(\"message\")\n                    else:\n                        message = value.get(\"message\", None)\n                except ValueError:\n                    pass\n    \n        exception_class: Type[WebDriverException]\n        e = ErrorCode()\n        error_codes = [item for item in dir(e) if not item.startswith(\"__\")]\n        for error_code in error_codes:\n            error_info = getattr(ErrorCode, error_code)\n            if isinstance(error_info, list) and status in error_info:\n                exception_class = getattr(ExceptionMapping, error_code, WebDriverException)\n                break\n        else:\n            exception_class = WebDriverException\n    \n        if not value:\n            value = response[\"value\"]\n        if isinstance(value, str):\n            raise exception_class(value)\n        if message == \"\" and \"message\" in value:\n            message = value[\"message\"]\n    \n        screen = None  # type: ignore[assignment]\n        if \"screen\" in value:\n            screen = value[\"screen\"]\n    \n        stacktrace = None\n        st_value = value.get(\"stackTrace\") or value.get(\"stacktrace\")\n        if st_value:\n            if isinstance(st_value, str):\n                stacktrace = st_value.split(\"\\n\")\n            else:\n                stacktrace = []\n                try:\n                    for frame in st_value:\n                        line = frame.get(\"lineNumber\", \"\")\n                        file = frame.get(\"fileName\", \"<anonymous>\")\n                        if line:\n                            file = f\"{file}:{line}\"\n                        meth = frame.get(\"methodName\", \"<anonymous>\")\n                        if \"className\" in frame:\n                            meth = f\"{frame['className']}.{meth}\"\n                        msg = \"    at %s (%s)\"\n                        msg = msg % (meth, file)\n                        stacktrace.append(msg)\n                except TypeError:\n                    pass\n        if exception_class == UnexpectedAlertPresentException:\n            alert_text = None\n            if \"data\" in value:\n                alert_text = value[\"data\"].get(\"text\")\n            elif \"alert\" in value:\n                alert_text = value[\"alert\"].get(\"text\")\n            raise exception_class(message, screen, stacktrace, alert_text)  # type: ignore[call-arg]  # mypy is not smart enough here\n>       raise exception_class(message, screen, stacktrace)\nE       selenium.common.exceptions.NoSuchElementException: Message: no such element: Unable to locate element: {\"method\":\"css selector\",\"selector\":\"div#main-frame-error\"}\nE         (Session info: chrome=133.0.6943.126); For documentation on this error, please visit: https://www.selenium.dev/documentation/webdriver/troubleshooting/errors#no-such-element-exception\nE       Stacktrace:\nE       #0 0x5625ede6a14a <unknown>\nE       #1 0x5625ed907b80 <unknown>\nE       #2 0x5625ed9590e9 <unknown>\nE       #3 0x5625ed959271 <unknown>\nE       #4 0x5625ed9a7de4 <unknown>\nE       #5 0x5625ed97eefd <unknown>\nE       #6 0x5625ed9a514a <unknown>\nE       #7 0x5625ed97eca3 <unknown>\nE       #8 0x5625ed94af08 <unknown>\nE       #9 0x5625ed94c071 <unknown>\nE       #10 0x5625ede33b5b <unknown>\nE       #11 0x5625ede37ae2 <unknown>\nE       #12 0x5625ede1f967 <unknown>\nE       #13 0x5625ede386d4 <unknown>\nE       #14 0x5625ede03c7f <unknown>\nE       #15 0x5625ede58cd8 <unknown>\nE       #16 0x5625ede58ea9 <unknown>\nE       #17 0x5625ede68fc6 <unknown>\nE       #18 0x7f579f09caa4 <unknown>\nE       #19 0x7f579f129c3c <unknown>\n\n../../../.cache/pypoetry/virtualenvs/testcapitalcompyse-CcJ6hTD8-py3.12/lib/python3.12/site-packages/selenium/webdriver/remote/errorhandler.py:229: NoSuchElementException","flaky":false,"newFailed":false,"newBroken":false,"newPassed":false,"retriesCount":0,"retriesStatusChange":false,"beforeStages":[{"name":"d","time":{"start":1741051313738,"stop":1741051314550,"duration":812},"status":"passed","steps":[],"attachments":[],"parameters":[],"shouldDisplayMessage":false,"stepsCount":0,"attachmentsCount":0,"hasContent":false,"attachmentStep":false},{"name":"worker_id","time":{"start":1741051314550,"stop":1741051314550,"duration":0},"status":"passed","steps":[],"attachments":[],"parameters":[],"shouldDisplayMessage":false,"stepsCount":0,"attachmentsCount":0,"hasContent":false,"attachmentStep":false},{"name":"cur_password","time":{"start":1741051314550,"stop":1741051314550,"duration":0},"status":"passed","steps":[],"attachments":[],"parameters":[],"shouldDisplayMessage":false,"stepsCount":0,"attachmentsCount":0,"hasContent":false,"attachmentStep":false},{"name":"cur_login","time":{"start":1741051314550,"stop":1741051314550,"duration":0},"status":"passed","steps":[],"attachments":[],"parameters":[],"shouldDisplayMessage":false,"stepsCount":0,"attachmentsCount":0,"hasContent":false,"attachmentStep":false}],"testStage":{"description":"\n        Check: Menu section [Markets] > Menu item [Market analysis] > Article \"Solana price prediction: Can SOL\n                rebound?\" > Click on the [Could Solana become a Cardano side-chain?] item in the \"Table of Contents\" >\n                Click on the [announced] link in the text\n        Language: EN\n        License: ASIC\n        Author: Kasila\n        ","status":"broken","statusMessage":"selenium.common.exceptions.NoSuchElementException: Message: no such element: Unable to locate element: {\"method\":\"css selector\",\"selector\":\"div#main-frame-error\"}\n  (Session info: chrome=133.0.6943.126); For documentation on this error, please visit: https://www.selenium.dev/documentation/webdriver/troubleshooting/errors#no-such-element-exception\nStacktrace:\n#0 0x5625ede6a14a <unknown>\n#1 0x5625ed907b80 <unknown>\n#2 0x5625ed9590e9 <unknown>\n#3 0x5625ed959271 <unknown>\n#4 0x5625ed9a7de4 <unknown>\n#5 0x5625ed97eefd <unknown>\n#6 0x5625ed9a514a <unknown>\n#7 0x5625ed97eca3 <unknown>\n#8 0x5625ed94af08 <unknown>\n#9 0x5625ed94c071 <unknown>\n#10 0x5625ede33b5b <unknown>\n#11 0x5625ede37ae2 <unknown>\n#12 0x5625ede1f967 <unknown>\n#13 0x5625ede386d4 <unknown>\n#14 0x5625ede03c7f <unknown>\n#15 0x5625ede58cd8 <unknown>\n#16 0x5625ede58ea9 <unknown>\n#17 0x5625ede68fc6 <unknown>\n#18 0x7f579f09caa4 <unknown>\n#19 0x7f579f129c3c <unknown>","statusTrace":"self = <US_55-tassobaccato_ReTestsManual_test.TestManualDetectedBugs object at 0x7ffab9c2de80>\nworker_id = 'master'\nd = <selenium.webdriver.chrome.webdriver.WebDriver (session=\"21434ea04a93ddf437b1c20e2fdeac71\")>\ncur_language = '', cur_country = 'au', cur_role = 'NoReg'\ncur_login = 'test001.miketar+1@gmail.com', cur_password = 'Qwer1234-!@#$'\n\n    @allure.step('Start retest manual AT_55!514 The page with text \"Page Not Found ... doesnt exist or has been moved\" is displayed')\n    @pytest.mark.parametrize('cur_language', [''])\n    @pytest.mark.parametrize('cur_country', ['au'])\n    @pytest.mark.parametrize('cur_role', [\"NoReg\", \"Auth\", \"NoAuth\"])\n    @pytest.mark.bug_514\n    def test_514(self, worker_id, d, cur_language, cur_country, cur_role, cur_login, cur_password):\n        \"\"\"\n        Check: Menu section [Markets] > Menu item [Market analysis] > Article \"Solana price prediction: Can SOL\n                rebound?\" > Click on the [Could Solana become a Cardano side-chain?] item in the \"Table of Contents\" >\n                Click on the [announced] link in the text\n        Language: EN\n        License: ASIC\n        Author: Kasila\n        \"\"\"\n    \n        bid = build_dynamic_arg_for_us_55(\n            d, worker_id, cur_language, cur_country, cur_role,\n            \"55\", \"ReTests of Manual Detected Bugs\",\n            \"514\", 'The page with text \"Page Not Found ... doesnt exist or has been moved\" is opened '\n                   'after clicking on [announced] link in the article \"Solana price prediction: Can SOL rebound?\" when '\n                   'selected ASIC license'\n        )\n    \n        link = apply_preconditions_to_link(d, cur_language, cur_country, cur_role, cur_login, cur_password)\n        menu = from_markets_menu_open_market_analysis.MenuNew(d, link)\n        cur_item_link = menu.from_markets_menu_open_market_analysis(d, cur_language, cur_country, link)\n    \n        test_element = AnnouncedLink(d, cur_item_link, bid)\n        test_element.announced_link(d, cur_item_link, link)\n        test_element.element_click()\n>       test_element.assert_()\n\ntests/US_55_ReTestsManual/tassobaccato/US_55-tassobaccato_ReTestsManual_test.py:737: \n_ _ _ _ _ _ _ _ _ _ _ _ _ _ _ _ _ _ _ _ _ _ _ _ _ _ _ _ _ _ _ _ _ _ _ _ _ _ _ _ \npages/BugsManual/bug_514.py:99: in assert_\n    main_frame_error = self.driver.find_element(By.CSS_SELECTOR, 'div#main-frame-error')\n../../../.cache/pypoetry/virtualenvs/testcapitalcompyse-CcJ6hTD8-py3.12/lib/python3.12/site-packages/selenium/webdriver/remote/webdriver.py:766: in find_element\n    return self.execute(Command.FIND_ELEMENT, {\"using\": by, \"value\": value})[\"value\"]\n../../../.cache/pypoetry/virtualenvs/testcapitalcompyse-CcJ6hTD8-py3.12/lib/python3.12/site-packages/selenium/webdriver/remote/webdriver.py:380: in execute\n    self.error_handler.check_response(response)\n_ _ _ _ _ _ _ _ _ _ _ _ _ _ _ _ _ _ _ _ _ _ _ _ _ _ _ _ _ _ _ _ _ _ _ _ _ _ _ _ \n\nself = <selenium.webdriver.remote.errorhandler.ErrorHandler object at 0x7ffab9b189e0>\nresponse = {'status': 404, 'value': '{\"value\":{\"error\":\"no such element\",\"message\":\"no such element: Unable to locate element: {\\...\\\\n#17 0x5625ede68fc6 \\\\u003Cunknown>\\\\n#18 0x7f579f09caa4 \\\\u003Cunknown>\\\\n#19 0x7f579f129c3c \\\\u003Cunknown>\\\\n\"}}'}\n\n    def check_response(self, response: Dict[str, Any]) -> None:\n        \"\"\"Checks that a JSON response from the WebDriver does not have an\n        error.\n    \n        :Args:\n         - response - The JSON response from the WebDriver server as a dictionary\n           object.\n    \n        :Raises: If the response contains an error message.\n        \"\"\"\n        status = response.get(\"status\", None)\n        if not status or status == ErrorCode.SUCCESS:\n            return\n        value = None\n        message = response.get(\"message\", \"\")\n        screen: str = response.get(\"screen\", \"\")\n        stacktrace = None\n        if isinstance(status, int):\n            value_json = response.get(\"value\", None)\n            if value_json and isinstance(value_json, str):\n                import json\n    \n                try:\n                    value = json.loads(value_json)\n                    if len(value) == 1:\n                        value = value[\"value\"]\n                    status = value.get(\"error\", None)\n                    if not status:\n                        status = value.get(\"status\", ErrorCode.UNKNOWN_ERROR)\n                        message = value.get(\"value\") or value.get(\"message\")\n                        if not isinstance(message, str):\n                            value = message\n                            message = message.get(\"message\")\n                    else:\n                        message = value.get(\"message\", None)\n                except ValueError:\n                    pass\n    \n        exception_class: Type[WebDriverException]\n        e = ErrorCode()\n        error_codes = [item for item in dir(e) if not item.startswith(\"__\")]\n        for error_code in error_codes:\n            error_info = getattr(ErrorCode, error_code)\n            if isinstance(error_info, list) and status in error_info:\n                exception_class = getattr(ExceptionMapping, error_code, WebDriverException)\n                break\n        else:\n            exception_class = WebDriverException\n    \n        if not value:\n            value = response[\"value\"]\n        if isinstance(value, str):\n            raise exception_class(value)\n        if message == \"\" and \"message\" in value:\n            message = value[\"message\"]\n    \n        screen = None  # type: ignore[assignment]\n        if \"screen\" in value:\n            screen = value[\"screen\"]\n    \n        stacktrace = None\n        st_value = value.get(\"stackTrace\") or value.get(\"stacktrace\")\n        if st_value:\n            if isinstance(st_value, str):\n                stacktrace = st_value.split(\"\\n\")\n            else:\n                stacktrace = []\n                try:\n                    for frame in st_value:\n                        line = frame.get(\"lineNumber\", \"\")\n                        file = frame.get(\"fileName\", \"<anonymous>\")\n                        if line:\n                            file = f\"{file}:{line}\"\n                        meth = frame.get(\"methodName\", \"<anonymous>\")\n                        if \"className\" in frame:\n                            meth = f\"{frame['className']}.{meth}\"\n                        msg = \"    at %s (%s)\"\n                        msg = msg % (meth, file)\n                        stacktrace.append(msg)\n                except TypeError:\n                    pass\n        if exception_class == UnexpectedAlertPresentException:\n            alert_text = None\n            if \"data\" in value:\n                alert_text = value[\"data\"].get(\"text\")\n            elif \"alert\" in value:\n                alert_text = value[\"alert\"].get(\"text\")\n            raise exception_class(message, screen, stacktrace, alert_text)  # type: ignore[call-arg]  # mypy is not smart enough here\n>       raise exception_class(message, screen, stacktrace)\nE       selenium.common.exceptions.NoSuchElementException: Message: no such element: Unable to locate element: {\"method\":\"css selector\",\"selector\":\"div#main-frame-error\"}\nE         (Session info: chrome=133.0.6943.126); For documentation on this error, please visit: https://www.selenium.dev/documentation/webdriver/troubleshooting/errors#no-such-element-exception\nE       Stacktrace:\nE       #0 0x5625ede6a14a <unknown>\nE       #1 0x5625ed907b80 <unknown>\nE       #2 0x5625ed9590e9 <unknown>\nE       #3 0x5625ed959271 <unknown>\nE       #4 0x5625ed9a7de4 <unknown>\nE       #5 0x5625ed97eefd <unknown>\nE       #6 0x5625ed9a514a <unknown>\nE       #7 0x5625ed97eca3 <unknown>\nE       #8 0x5625ed94af08 <unknown>\nE       #9 0x5625ed94c071 <unknown>\nE       #10 0x5625ede33b5b <unknown>\nE       #11 0x5625ede37ae2 <unknown>\nE       #12 0x5625ede1f967 <unknown>\nE       #13 0x5625ede386d4 <unknown>\nE       #14 0x5625ede03c7f <unknown>\nE       #15 0x5625ede58cd8 <unknown>\nE       #16 0x5625ede58ea9 <unknown>\nE       #17 0x5625ede68fc6 <unknown>\nE       #18 0x7f579f09caa4 <unknown>\nE       #19 0x7f579f129c3c <unknown>\n\n../../../.cache/pypoetry/virtualenvs/testcapitalcompyse-CcJ6hTD8-py3.12/lib/python3.12/site-packages/selenium/webdriver/remote/errorhandler.py:229: NoSuchElementException","steps":[{"name":"Start retest manual AT_55!514 The page with text \"Page Not Found ... doesnt exist or has been moved\" is displayed","time":{"start":1741053542788,"stop":1741053623800,"duration":81012},"status":"broken","statusMessage":"selenium.common.exceptions.NoSuchElementException: Message: no such element: Unable to locate element: {\"method\":\"css selector\",\"selector\":\"div#main-frame-error\"}\n  (Session info: chrome=133.0.6943.126); For documentation on this error, please visit: https://www.selenium.dev/documentation/webdriver/troubleshooting/errors#no-such-element-exception\nStacktrace:\n#0 0x5625ede6a14a <unknown>\n#1 0x5625ed907b80 <unknown>\n#2 0x5625ed9590e9 <unknown>\n#3 0x5625ed959271 <unknown>\n#4 0x5625ed9a7de4 <unknown>\n#5 0x5625ed97eefd <unknown>\n#6 0x5625ed9a514a <unknown>\n#7 0x5625ed97eca3 <unknown>\n#8 0x5625ed94af08 <unknown>\n#9 0x5625ed94c071 <unknown>\n#10 0x5625ede33b5b <unknown>\n#11 0x5625ede37ae2 <unknown>\n#12 0x5625ede1f967 <unknown>\n#13 0x5625ede386d4 <unknown>\n#14 0x5625ede03c7f <unknown>\n#15 0x5625ede58cd8 <unknown>\n#16 0x5625ede58ea9 <unknown>\n#17 0x5625ede68fc6 <unknown>\n#18 0x7f579f09caa4 <unknown>\n#19 0x7f579f129c3c <unknown>\n\n","statusTrace":"  File \"/home/runner/.cache/pypoetry/virtualenvs/testcapitalcompyse-CcJ6hTD8-py3.12/lib/python3.12/site-packages/allure_commons/_allure.py\", line 192, in impl\n    return func(*a, **kw)\n           ^^^^^^^^^^^^^^\n  File \"/home/runner/work/TestCapitalComPySe/TestCapitalComPySe/tests/US_55_ReTestsManual/tassobaccato/US_55-tassobaccato_ReTestsManual_test.py\", line 737, in test_514\n    test_element.assert_()\n  File \"/home/runner/.cache/pypoetry/virtualenvs/testcapitalcompyse-CcJ6hTD8-py3.12/lib/python3.12/site-packages/allure_commons/_allure.py\", line 192, in impl\n    return func(*a, **kw)\n           ^^^^^^^^^^^^^^\n  File \"/home/runner/work/TestCapitalComPySe/TestCapitalComPySe/pages/BugsManual/bug_514.py\", line 99, in assert_\n    main_frame_error = self.driver.find_element(By.CSS_SELECTOR, 'div#main-frame-error')\n                       ^^^^^^^^^^^^^^^^^^^^^^^^^^^^^^^^^^^^^^^^^^^^^^^^^^^^^^^^^^^^^^^^^\n  File \"/home/runner/.cache/pypoetry/virtualenvs/testcapitalcompyse-CcJ6hTD8-py3.12/lib/python3.12/site-packages/selenium/webdriver/remote/webdriver.py\", line 766, in find_element\n    return self.execute(Command.FIND_ELEMENT, {\"using\": by, \"value\": value})[\"value\"]\n           ^^^^^^^^^^^^^^^^^^^^^^^^^^^^^^^^^^^^^^^^^^^^^^^^^^^^^^^^^^^^^^^^^\n  File \"/home/runner/.cache/pypoetry/virtualenvs/testcapitalcompyse-CcJ6hTD8-py3.12/lib/python3.12/site-packages/selenium/webdriver/remote/webdriver.py\", line 380, in execute\n    self.error_handler.check_response(response)\n  File \"/home/runner/.cache/pypoetry/virtualenvs/testcapitalcompyse-CcJ6hTD8-py3.12/lib/python3.12/site-packages/selenium/webdriver/remote/errorhandler.py\", line 229, in check_response\n    raise exception_class(message, screen, stacktrace)\n","steps":[{"name":"Build dynamic argument for TCs of US_55","time":{"start":1741053542788,"stop":1741053542790,"duration":2},"status":"passed","steps":[],"attachments":[],"parameters":[{"name":"d","value":"<selenium.webdriver.chrome.webdriver.WebDriver (session=\"21434ea04a93ddf437b1c20e2fdeac71\")>"},{"name":"worker_id","value":"'master'"},{"name":"cur_language","value":"''"},{"name":"cur_country","value":"'au'"},{"name":"cur_role","value":"'NoReg'"},{"name":"us","value":"'55'"},{"name":"desc_us","value":"'ReTests of Manual Detected Bugs'"},{"name":"num_tc","value":"'514'"},{"name":"desc_tc","value":"'The page with text \"Page Not Found ... doesnt exist or has been moved\" is opened after clicking on [announced] link in the article \"Solana price prediction: Can SOL rebound?\" when selected ASIC license'"},{"name":"manual","value":"False"},{"name":"new_layout","value":"False"}],"shouldDisplayMessage":false,"stepsCount":0,"attachmentsCount":0,"hasContent":true,"attachmentStep":false},{"name":"   Set New preconditions","time":{"start":1741053542790,"stop":1741053552520,"duration":9730},"status":"passed","steps":[{"name":"2025-03-04 01:21:53.701018   Set language and country","time":{"start":1741053550178,"stop":1741053552515,"duration":2337},"status":"passed","steps":[],"attachments":[],"parameters":[{"name":"d","value":"<selenium.webdriver.chrome.webdriver.WebDriver (session=\"21434ea04a93ddf437b1c20e2fdeac71\")>"},{"name":"cur_language","value":"'en'"},{"name":"cur_country","value":"'au'"}],"shouldDisplayMessage":false,"stepsCount":0,"attachmentsCount":0,"hasContent":true,"attachmentStep":false}],"attachments":[],"parameters":[{"name":"d","value":"<selenium.webdriver.chrome.webdriver.WebDriver (session=\"21434ea04a93ddf437b1c20e2fdeac71\")>"},{"name":"host","value":"'https://capital.com/en-gb'"},{"name":"end_point","value":"''"},{"name":"cur_language","value":"''"},{"name":"cur_country","value":"'au'"},{"name":"cur_role","value":"'NoReg'"},{"name":"cur_login","value":"'test001.miketar+1@gmail.com'"},{"name":"cur_password","value":"'Qwer1234-!@#$'"}],"shouldDisplayMessage":false,"stepsCount":1,"attachmentsCount":0,"hasContent":true,"attachmentStep":false},{"name":"Select \"Markets\" menu, \"Market analysis\" submenu","time":{"start":1741053552520,"stop":1741053560966,"duration":8446},"status":"passed","steps":[],"attachments":[],"parameters":[{"name":"d","value":"<selenium.webdriver.chrome.webdriver.WebDriver (session=\"21434ea04a93ddf437b1c20e2fdeac71\")>"},{"name":"cur_language","value":"''"},{"name":"cur_country","value":"'au'"},{"name":"link","value":"'https://capital.com/en-au'"}],"shouldDisplayMessage":false,"stepsCount":0,"attachmentsCount":0,"hasContent":true,"attachmentStep":false},{"name":"2025-03-04 01:21:53.549932   Start testing that the page with 'Maple crypto-lending' content is opened‚Äù","time":{"start":1741053560966,"stop":1741053618159,"duration":57193},"status":"passed","steps":[],"attachments":[],"parameters":[{"name":"d","value":"<selenium.webdriver.chrome.webdriver.WebDriver (session=\"21434ea04a93ddf437b1c20e2fdeac71\")>"},{"name":"cur_item_link","value":"'https://capital.com/en-au/analysis'"},{"name":"cur_link","value":"'https://capital.com/en-au'"}],"shouldDisplayMessage":false,"stepsCount":0,"attachmentsCount":0,"hasContent":true,"attachmentStep":false},{"name":"2025-03-04 01:21:53.549957   Assert","time":{"start":1741053618464,"stop":1741053623799,"duration":5335},"status":"broken","statusMessage":"selenium.common.exceptions.NoSuchElementException: Message: no such element: Unable to locate element: {\"method\":\"css selector\",\"selector\":\"div#main-frame-error\"}\n  (Session info: chrome=133.0.6943.126); For documentation on this error, please visit: https://www.selenium.dev/documentation/webdriver/troubleshooting/errors#no-such-element-exception\nStacktrace:\n#0 0x5625ede6a14a <unknown>\n#1 0x5625ed907b80 <unknown>\n#2 0x5625ed9590e9 <unknown>\n#3 0x5625ed959271 <unknown>\n#4 0x5625ed9a7de4 <unknown>\n#5 0x5625ed97eefd <unknown>\n#6 0x5625ed9a514a <unknown>\n#7 0x5625ed97eca3 <unknown>\n#8 0x5625ed94af08 <unknown>\n#9 0x5625ed94c071 <unknown>\n#10 0x5625ede33b5b <unknown>\n#11 0x5625ede37ae2 <unknown>\n#12 0x5625ede1f967 <unknown>\n#13 0x5625ede386d4 <unknown>\n#14 0x5625ede03c7f <unknown>\n#15 0x5625ede58cd8 <unknown>\n#16 0x5625ede58ea9 <unknown>\n#17 0x5625ede68fc6 <unknown>\n#18 0x7f579f09caa4 <unknown>\n#19 0x7f579f129c3c <unknown>\n\n","statusTrace":"  File \"/home/runner/.cache/pypoetry/virtualenvs/testcapitalcompyse-CcJ6hTD8-py3.12/lib/python3.12/site-packages/allure_commons/_allure.py\", line 192, in impl\n    return func(*a, **kw)\n           ^^^^^^^^^^^^^^\n  File \"/home/runner/work/TestCapitalComPySe/TestCapitalComPySe/pages/BugsManual/bug_514.py\", line 99, in assert_\n    main_frame_error = self.driver.find_element(By.CSS_SELECTOR, 'div#main-frame-error')\n                       ^^^^^^^^^^^^^^^^^^^^^^^^^^^^^^^^^^^^^^^^^^^^^^^^^^^^^^^^^^^^^^^^^\n  File \"/home/runner/.cache/pypoetry/virtualenvs/testcapitalcompyse-CcJ6hTD8-py3.12/lib/python3.12/site-packages/selenium/webdriver/remote/webdriver.py\", line 766, in find_element\n    return self.execute(Command.FIND_ELEMENT, {\"using\": by, \"value\": value})[\"value\"]\n           ^^^^^^^^^^^^^^^^^^^^^^^^^^^^^^^^^^^^^^^^^^^^^^^^^^^^^^^^^^^^^^^^^\n  File \"/home/runner/.cache/pypoetry/virtualenvs/testcapitalcompyse-CcJ6hTD8-py3.12/lib/python3.12/site-packages/selenium/webdriver/remote/webdriver.py\", line 380, in execute\n    self.error_handler.check_response(response)\n  File \"/home/runner/.cache/pypoetry/virtualenvs/testcapitalcompyse-CcJ6hTD8-py3.12/lib/python3.12/site-packages/selenium/webdriver/remote/errorhandler.py\", line 229, in check_response\n    raise exception_class(message, screen, stacktrace)\n","steps":[],"attachments":[{"uid":"3577910863adcf33","name":"scr_qr","source":"3577910863adcf33.png","type":"image/png","size":89460}],"parameters":[],"shouldDisplayMessage":true,"stepsCount":0,"attachmentsCount":1,"hasContent":true,"attachmentStep":false}],"attachments":[],"parameters":[{"name":"worker_id","value":"'master'"},{"name":"d","value":"<selenium.webdriver.chrome.webdriver.WebDriver (session=\"21434ea04a93ddf437b1c20e2fdeac71\")>"},{"name":"cur_language","value":"''"},{"name":"cur_country","value":"'au'"},{"name":"cur_role","value":"'NoReg'"},{"name":"cur_login","value":"'test001.miketar+1@gmail.com'"},{"name":"cur_password","value":"'Qwer1234-!@#$'"}],"shouldDisplayMessage":false,"stepsCount":6,"attachmentsCount":1,"hasContent":true,"attachmentStep":false}],"attachments":[{"uid":"aa50051a7177427e","name":"Screenshot","source":"aa50051a7177427e.png","type":"image/png","size":89460},{"uid":"c746ef092cff58c1","name":"stdout","source":"c746ef092cff58c1.txt","type":"text/plain","size":5286}],"parameters":[],"shouldDisplayMessage":true,"stepsCount":7,"attachmentsCount":3,"hasContent":true,"attachmentStep":false},"afterStages":[{"name":"d::0","time":{"start":1741054835025,"stop":1741054835468,"duration":443},"status":"passed","steps":[],"attachments":[],"parameters":[],"shouldDisplayMessage":false,"stepsCount":0,"attachmentsCount":0,"hasContent":false,"attachmentStep":false}],"labels":[{"name":"epic","value":"TC_55!514 | The page with text \"Page Not Found ... doesnt exist or has been moved\" is opened after clicking on [announced] link in the article \"Solana price prediction: Can SOL rebound?\" when selected ASIC license"},{"name":"feature","value":"Role: NoReg"},{"name":"story","value":"Country: au"},{"name":"tag","value":"bug_514"},{"name":"tag","value":"us_55"},{"name":"parentSuite","value":"tests.US_55_ReTestsManual.tassobaccato"},{"name":"suite","value":"US_55-tassobaccato_ReTestsManual_test"},{"name":"subSuite","value":"TestManualDetectedBugs"},{"name":"host","value":"fv-az1782-330"},{"name":"thread","value":"30971-MainThread"},{"name":"framework","value":"pytest"},{"name":"language","value":"cpython3"},{"name":"package","value":"tests.US_55_ReTestsManual.tassobaccato.US_55-tassobaccato_ReTestsManual_test"},{"name":"resultFormat","value":"allure2"}],"parameters":[{"name":"cur_country","value":"'au'"},{"name":"cur_language","value":"''"},{"name":"cur_login","value":"'test001.miketar+1@gmail.com'"},{"name":"cur_password","value":"'Qwer1234-!@#$'"},{"name":"cur_role","value":"'NoReg'"},{"name":"d","value":"'Chrome'"}],"links":[],"hidden":false,"retry":false,"extra":{"severity":"normal","retries":[],"categories":[{"name":"Test defects","matchedStatuses":[],"flaky":false}],"history":{"statistic":{"failed":1,"broken":12,"skipped":21,"passed":30,"unknown":0,"total":64},"items":[{"uid":"77c37eb65cc6f25f","reportUrl":"https://AlexTomAQA.github.io/TestCapitalComPySe/336//#testresult/77c37eb65cc6f25f","status":"broken","statusDetails":"selenium.common.exceptions.NoSuchElementException: Message: no such element: Unable to locate element: {\"method\":\"css selector\",\"selector\":\"div#main-frame-error\"}\n  (Session info: chrome=133.0.6943.126); For documentation on this error, please visit: https://www.selenium.dev/documentation/webdriver/troubleshooting/errors#no-such-element-exception\nStacktrace:\n#0 0x561ce301914a <unknown>\n#1 0x561ce2ab6b80 <unknown>\n#2 0x561ce2b080e9 <unknown>\n#3 0x561ce2b08271 <unknown>\n#4 0x561ce2b56de4 <unknown>\n#5 0x561ce2b2defd <unknown>\n#6 0x561ce2b5414a <unknown>\n#7 0x561ce2b2dca3 <unknown>\n#8 0x561ce2af9f08 <unknown>\n#9 0x561ce2afb071 <unknown>\n#10 0x561ce2fe2b5b <unknown>\n#11 0x561ce2fe6ae2 <unknown>\n#12 0x561ce2fce967 <unknown>\n#13 0x561ce2fe76d4 <unknown>\n#14 0x561ce2fb2c7f <unknown>\n#15 0x561ce3007cd8 <unknown>\n#16 0x561ce3007ea9 <unknown>\n#17 0x561ce3017fc6 <unknown>\n#18 0x7f6299c9caa4 <unknown>\n#19 0x7f6299d29c3c <unknown>","time":{"start":1740966412058,"stop":1740966492665,"duration":80607}},{"uid":"c7bc828356e45992","reportUrl":"https://AlexTomAQA.github.io/TestCapitalComPySe/335//#testresult/c7bc828356e45992","status":"broken","statusDetails":"selenium.common.exceptions.NoSuchElementException: Message: no such element: Unable to locate element: {\"method\":\"css selector\",\"selector\":\"div#main-frame-error\"}\n  (Session info: chrome=133.0.6943.126); For documentation on this error, please visit: https://www.selenium.dev/documentation/webdriver/troubleshooting/errors#no-such-element-exception\nStacktrace:\n#0 0x55920e97b14a <unknown>\n#1 0x55920e418b80 <unknown>\n#2 0x55920e46a0e9 <unknown>\n#3 0x55920e46a271 <unknown>\n#4 0x55920e4b8de4 <unknown>\n#5 0x55920e48fefd <unknown>\n#6 0x55920e4b614a <unknown>\n#7 0x55920e48fca3 <unknown>\n#8 0x55920e45bf08 <unknown>\n#9 0x55920e45d071 <unknown>\n#10 0x55920e944b5b <unknown>\n#11 0x55920e948ae2 <unknown>\n#12 0x55920e930967 <unknown>\n#13 0x55920e9496d4 <unknown>\n#14 0x55920e914c7f <unknown>\n#15 0x55920e969cd8 <unknown>\n#16 0x55920e969ea9 <unknown>\n#17 0x55920e979fc6 <unknown>\n#18 0x7f11f289caa4 <unknown>\n#19 0x7f11f2929c3c <unknown>","time":{"start":1740878271447,"stop":1740878353015,"duration":81568}},{"uid":"31ab6b254a0df7df","reportUrl":"https://AlexTomAQA.github.io/TestCapitalComPySe/334//#testresult/31ab6b254a0df7df","status":"broken","statusDetails":"selenium.common.exceptions.NoSuchElementException: Message: no such element: Unable to locate element: {\"method\":\"css selector\",\"selector\":\"div#main-frame-error\"}\n  (Session info: chrome=133.0.6943.126); For documentation on this error, please visit: https://www.selenium.dev/documentation/webdriver/troubleshooting/errors#no-such-element-exception\nStacktrace:\n#0 0x5642977f614a <unknown>\n#1 0x564297293b80 <unknown>\n#2 0x5642972e50e9 <unknown>\n#3 0x5642972e5271 <unknown>\n#4 0x564297333de4 <unknown>\n#5 0x56429730aefd <unknown>\n#6 0x56429733114a <unknown>\n#7 0x56429730aca3 <unknown>\n#8 0x5642972d6f08 <unknown>\n#9 0x5642972d8071 <unknown>\n#10 0x5642977bfb5b <unknown>\n#11 0x5642977c3ae2 <unknown>\n#12 0x5642977ab967 <unknown>\n#13 0x5642977c46d4 <unknown>\n#14 0x56429778fc7f <unknown>\n#15 0x5642977e4cd8 <unknown>\n#16 0x5642977e4ea9 <unknown>\n#17 0x5642977f4fc6 <unknown>\n#18 0x7f465ae9caa4 <unknown>\n#19 0x7f465af29c3c <unknown>","time":{"start":1740792116483,"stop":1740792196938,"duration":80455}},{"uid":"b23807b6fbb62315","reportUrl":"https://AlexTomAQA.github.io/TestCapitalComPySe/333//#testresult/b23807b6fbb62315","status":"broken","statusDetails":"selenium.common.exceptions.NoSuchElementException: Message: no such element: Unable to locate element: {\"method\":\"css selector\",\"selector\":\"div#main-frame-error\"}\n  (Session info: chrome=133.0.6943.126); For documentation on this error, please visit: https://www.selenium.dev/documentation/webdriver/troubleshooting/errors#no-such-element-exception\nStacktrace:\n#0 0x55b75ee8414a <unknown>\n#1 0x55b75e921b80 <unknown>\n#2 0x55b75e9730e9 <unknown>\n#3 0x55b75e973271 <unknown>\n#4 0x55b75e9c1de4 <unknown>\n#5 0x55b75e998efd <unknown>\n#6 0x55b75e9bf14a <unknown>\n#7 0x55b75e998ca3 <unknown>\n#8 0x55b75e964f08 <unknown>\n#9 0x55b75e966071 <unknown>\n#10 0x55b75ee4db5b <unknown>\n#11 0x55b75ee51ae2 <unknown>\n#12 0x55b75ee39967 <unknown>\n#13 0x55b75ee526d4 <unknown>\n#14 0x55b75ee1dc7f <unknown>\n#15 0x55b75ee72cd8 <unknown>\n#16 0x55b75ee72ea9 <unknown>\n#17 0x55b75ee82fc6 <unknown>\n#18 0x7f485e29caa4 <unknown>\n#19 0x7f485e329c3c <unknown>","time":{"start":1740706936124,"stop":1740707016972,"duration":80848}},{"uid":"abd6cc0c79935524","reportUrl":"https://AlexTomAQA.github.io/TestCapitalComPySe/332//#testresult/abd6cc0c79935524","status":"broken","statusDetails":"selenium.common.exceptions.NoSuchElementException: Message: no such element: Unable to locate element: {\"method\":\"css selector\",\"selector\":\"div#main-frame-error\"}\n  (Session info: chrome=133.0.6943.126); For documentation on this error, please visit: https://www.selenium.dev/documentation/webdriver/troubleshooting/errors#no-such-element-exception\nStacktrace:\n#0 0x563f89a7914a <unknown>\n#1 0x563f89516b80 <unknown>\n#2 0x563f895680e9 <unknown>\n#3 0x563f89568271 <unknown>\n#4 0x563f895b6de4 <unknown>\n#5 0x563f8958defd <unknown>\n#6 0x563f895b414a <unknown>\n#7 0x563f8958dca3 <unknown>\n#8 0x563f89559f08 <unknown>\n#9 0x563f8955b071 <unknown>\n#10 0x563f89a42b5b <unknown>\n#11 0x563f89a46ae2 <unknown>\n#12 0x563f89a2e967 <unknown>\n#13 0x563f89a476d4 <unknown>\n#14 0x563f89a12c7f <unknown>\n#15 0x563f89a67cd8 <unknown>\n#16 0x563f89a67ea9 <unknown>\n#17 0x563f89a77fc6 <unknown>\n#18 0x7fd910c9caa4 <unknown>\n#19 0x7fd910d29c3c <unknown>","time":{"start":1740619904403,"stop":1740619984956,"duration":80553}},{"uid":"7c622c4cb5c63a91","reportUrl":"https://AlexTomAQA.github.io/TestCapitalComPySe/304//#testresult/7c622c4cb5c63a91","status":"broken","statusDetails":"selenium.common.exceptions.NoSuchElementException: Message: no such element: Unable to locate element: {\"method\":\"css selector\",\"selector\":\"div#main-frame-error\"}\n  (Session info: chrome=132.0.6834.110); For documentation on this error, please visit: https://www.selenium.dev/documentation/webdriver/troubleshooting/errors#no-such-element-exception\nStacktrace:\n#0 0x55beb6f3f53a <unknown>\n#1 0x55beb6a3af00 <unknown>\n#2 0x55beb6a8ac0c <unknown>\n#3 0x55beb6a8ae31 <unknown>\n#4 0x55beb6ad0bd4 <unknown>\n#5 0x55beb6aaf5cd <unknown>\n#6 0x55beb6acdf84 <unknown>\n#7 0x55beb6aaf343 <unknown>\n#8 0x55beb6a7c78a <unknown>\n#9 0x55beb6a7d9de <unknown>\n#10 0x55beb6f092cb <unknown>\n#11 0x55beb6f0d242 <unknown>\n#12 0x55beb6ef67ac <unknown>\n#13 0x55beb6f0ddf7 <unknown>\n#14 0x55beb6edab2f <unknown>\n#15 0x55beb6f2e1a8 <unknown>\n#16 0x55beb6f2e370 <unknown>\n#17 0x55beb6f3e3b6 <unknown>\n#18 0x7fdb51c9ca94 <unknown>\n#19 0x7fdb51d29c3c <unknown>","time":{"start":1738201196124,"stop":1738201261293,"duration":65169}},{"uid":"90685185afb01842","reportUrl":"https://AlexTomAQA.github.io/TestCapitalComPySe/303//#testresult/90685185afb01842","status":"broken","statusDetails":"selenium.common.exceptions.NoSuchElementException: Message: no such element: Unable to locate element: {\"method\":\"css selector\",\"selector\":\"div#main-frame-error\"}\n  (Session info: chrome=132.0.6834.83); For documentation on this error, please visit: https://www.selenium.dev/documentation/webdriver/troubleshooting/errors#no-such-element-exception\nStacktrace:\n#0 0x562820cae53a <unknown>\n#1 0x5628207a9f00 <unknown>\n#2 0x5628207f9c0c <unknown>\n#3 0x5628207f9e31 <unknown>\n#4 0x56282083fbd4 <unknown>\n#5 0x56282081e5cd <unknown>\n#6 0x56282083cf84 <unknown>\n#7 0x56282081e343 <unknown>\n#8 0x5628207eb78a <unknown>\n#9 0x5628207ec9de <unknown>\n#10 0x562820c782cb <unknown>\n#11 0x562820c7c242 <unknown>\n#12 0x562820c657ac <unknown>\n#13 0x562820c7cdf7 <unknown>\n#14 0x562820c49b2f <unknown>\n#15 0x562820c9d1a8 <unknown>\n#16 0x562820c9d370 <unknown>\n#17 0x562820cad3b6 <unknown>\n#18 0x7f8b9629ca94 <unknown>\n#19 0x7f8b96329c3c <unknown>","time":{"start":1738114814188,"stop":1738114880568,"duration":66380}},{"uid":"525c9ad56d0baa79","reportUrl":"https://AlexTomAQA.github.io/TestCapitalComPySe/302//#testresult/525c9ad56d0baa79","status":"broken","statusDetails":"selenium.common.exceptions.NoSuchElementException: Message: no such element: Unable to locate element: {\"method\":\"css selector\",\"selector\":\"div#main-frame-error\"}\n  (Session info: chrome=132.0.6834.83); For documentation on this error, please visit: https://www.selenium.dev/documentation/webdriver/troubleshooting/errors#no-such-element-exception\nStacktrace:\n#0 0x557570f6adca <unknown>\n#1 0x557570a613f0 <unknown>\n#2 0x557570ab110c <unknown>\n#3 0x557570ab1331 <unknown>\n#4 0x557570af7154 <unknown>\n#5 0x557570ad5abd <unknown>\n#6 0x557570af44b3 <unknown>\n#7 0x557570ad5833 <unknown>\n#8 0x557570aa25a0 <unknown>\n#9 0x557570aa3ece <unknown>\n#10 0x557570f34bdb <unknown>\n#11 0x557570f38b67 <unknown>\n#12 0x557570f203bc <unknown>\n#13 0x557570f39727 <unknown>\n#14 0x557570f0474f <unknown>\n#15 0x557570f59938 <unknown>\n#16 0x557570f59b00 <unknown>\n#17 0x557570f69c46 <unknown>\n#18 0x7fae7049ca94 <unknown>\n#19 0x7fae70529c3c <unknown>","time":{"start":1738027532271,"stop":1738027595521,"duration":63250}},{"uid":"471223b4ae1a1f8f","reportUrl":"https://AlexTomAQA.github.io/TestCapitalComPySe/301//#testresult/471223b4ae1a1f8f","status":"broken","statusDetails":"selenium.common.exceptions.NoSuchElementException: Message: no such element: Unable to locate element: {\"method\":\"css selector\",\"selector\":\"div#main-frame-error\"}\n  (Session info: chrome=132.0.6834.83); For documentation on this error, please visit: https://www.selenium.dev/documentation/webdriver/troubleshooting/errors#no-such-element-exception\nStacktrace:\n#0 0x55f73c863dca <unknown>\n#1 0x55f73c35a3f0 <unknown>\n#2 0x55f73c3aa10c <unknown>\n#3 0x55f73c3aa331 <unknown>\n#4 0x55f73c3f0154 <unknown>\n#5 0x55f73c3ceabd <unknown>\n#6 0x55f73c3ed4b3 <unknown>\n#7 0x55f73c3ce833 <unknown>\n#8 0x55f73c39b5a0 <unknown>\n#9 0x55f73c39cece <unknown>\n#10 0x55f73c82dbdb <unknown>\n#11 0x55f73c831b67 <unknown>\n#12 0x55f73c8193bc <unknown>\n#13 0x55f73c832727 <unknown>\n#14 0x55f73c7fd74f <unknown>\n#15 0x55f73c852938 <unknown>\n#16 0x55f73c852b00 <unknown>\n#17 0x55f73c862c46 <unknown>\n#18 0x7f91e249ca94 <unknown>\n#19 0x7f91e2529c3c <unknown>","time":{"start":1737941724218,"stop":1737941790071,"duration":65853}},{"uid":"e80572c678dba7f2","reportUrl":"https://AlexTomAQA.github.io/TestCapitalComPySe/300//#testresult/e80572c678dba7f2","status":"passed","time":{"start":1737855986775,"stop":1737856047476,"duration":60701}},{"uid":"ba440534d2b36f05","reportUrl":"https://AlexTomAQA.github.io/TestCapitalComPySe/299//#testresult/ba440534d2b36f05","status":"broken","statusDetails":"selenium.common.exceptions.NoSuchElementException: Message: no such element: Unable to locate element: {\"method\":\"link text\",\"selector\":\"4\"}\n  (Session info: chrome=132.0.6834.83); For documentation on this error, please visit: https://www.selenium.dev/documentation/webdriver/troubleshooting/errors#no-such-element-exception\nStacktrace:\n#0 0x55a27c44bdca <unknown>\n#1 0x55a27bf423f0 <unknown>\n#2 0x55a27bf9210c <unknown>\n#3 0x55a27bf92331 <unknown>\n#4 0x55a27bfd8154 <unknown>\n#5 0x55a27bfb6abd <unknown>\n#6 0x55a27bfd54b3 <unknown>\n#7 0x55a27bfb6833 <unknown>\n#8 0x55a27bf835a0 <unknown>\n#9 0x55a27bf84ece <unknown>\n#10 0x55a27c415bdb <unknown>\n#11 0x55a27c419b67 <unknown>\n#12 0x55a27c4013bc <unknown>\n#13 0x55a27c41a727 <unknown>\n#14 0x55a27c3e574f <unknown>\n#15 0x55a27c43a938 <unknown>\n#16 0x55a27c43ab00 <unknown>\n#17 0x55a27c44ac46 <unknown>\n#18 0x7f786089ca94 <unknown>\n#19 0x7f7860929c3c <unknown>","time":{"start":1737768666319,"stop":1737768704340,"duration":38021}},{"uid":"119bc031c1694d99","reportUrl":"https://AlexTomAQA.github.io/TestCapitalComPySe/298//#testresult/119bc031c1694d99","status":"passed","time":{"start":1737683521462,"stop":1737683582014,"duration":60552}},{"uid":"bacc6924aad3b99d","reportUrl":"https://AlexTomAQA.github.io/TestCapitalComPySe/297//#testresult/bacc6924aad3b99d","status":"passed","time":{"start":1737596436277,"stop":1737596491742,"duration":55465}},{"uid":"795324f9fef45f59","reportUrl":"https://AlexTomAQA.github.io/TestCapitalComPySe/296//#testresult/795324f9fef45f59","status":"passed","time":{"start":1737510784113,"stop":1737510840208,"duration":56095}},{"uid":"1377597abe2a8e4a","reportUrl":"https://AlexTomAQA.github.io/TestCapitalComPySe/295//#testresult/1377597abe2a8e4a","status":"passed","time":{"start":1737423066316,"stop":1737423121455,"duration":55139}},{"uid":"150f57dc5969b178","reportUrl":"https://AlexTomAQA.github.io/TestCapitalComPySe/294//#testresult/150f57dc5969b178","status":"passed","time":{"start":1737337461786,"stop":1737337517256,"duration":55470}},{"uid":"daffd1c98964a4c3","reportUrl":"https://AlexTomAQA.github.io/TestCapitalComPySe/293//#testresult/daffd1c98964a4c3","status":"passed","time":{"start":1737250495575,"stop":1737250550579,"duration":55004}},{"uid":"3f96609cd9e04fb7","reportUrl":"https://AlexTomAQA.github.io/TestCapitalComPySe/292//#testresult/3f96609cd9e04fb7","status":"passed","time":{"start":1737164792889,"stop":1737164848627,"duration":55738}},{"uid":"29ec6cd6b2871738","reportUrl":"https://AlexTomAQA.github.io/TestCapitalComPySe/291//#testresult/29ec6cd6b2871738","status":"passed","time":{"start":1737078627254,"stop":1737078682500,"duration":55246}},{"uid":"1e033f22ec16a89b","reportUrl":"https://AlexTomAQA.github.io/TestCapitalComPySe/290//#testresult/1e033f22ec16a89b","status":"passed","time":{"start":1736991186232,"stop":1736991241522,"duration":55290}}]},"tags":["us_55","bug_514"]},"source":"2f1afd02ac2415c7.json","parameterValues":["'au'","''","'test001.miketar+1@gmail.com'","'Qwer1234-!@#$'","'NoReg'","'Chrome'"]}