{"uid":"afb38deaa04f133f","name":"TC_55!514 (Lang: en) | Bid:55!514-en.au.NoReg","fullName":"tests.US_55_ReTestsManual.tassobaccato.US_55-tassobaccato_ReTestsManual_test.TestManualDetectedBugs#test_514","historyId":"0d31f051dff0e73a24e54c3002e912cc","time":{"start":1741749596689,"stop":1741749682969,"duration":86280},"description":"\n        Check: Menu section [Markets] > Menu item [Market analysis] > Article \"Solana price prediction: Can SOL\n                rebound?\" > Click on the [Could Solana become a Cardano side-chain?] item in the \"Table of Contents\" >\n                Click on the [announced] link in the text\n        Language: EN\n        License: ASIC\n        Author: Kasila\n        ","descriptionHtml":"<pre><code>    Check: Menu section [Markets] &gt; Menu item [Market analysis] &gt; Article &quot;Solana price prediction: Can SOL\n            rebound?&quot; &gt; Click on the [Could Solana become a Cardano side-chain?] item in the &quot;Table of Contents&quot; &gt;\n            Click on the [announced] link in the text\n    Language: EN\n    License: ASIC\n    Author: Kasila\n</code></pre>\n","status":"broken","statusMessage":"selenium.common.exceptions.NoSuchElementException: Message: no such element: Unable to locate element: {\"method\":\"css selector\",\"selector\":\"div#main-frame-error\"}\n  (Session info: chrome=133.0.6943.141); For documentation on this error, please visit: https://www.selenium.dev/documentation/webdriver/troubleshooting/errors#no-such-element-exception\nStacktrace:\n#0 0x555ec97b114a <unknown>\n#1 0x555ec924eb80 <unknown>\n#2 0x555ec92a00e9 <unknown>\n#3 0x555ec92a0271 <unknown>\n#4 0x555ec92eede4 <unknown>\n#5 0x555ec92c5efd <unknown>\n#6 0x555ec92ec14a <unknown>\n#7 0x555ec92c5ca3 <unknown>\n#8 0x555ec9291f08 <unknown>\n#9 0x555ec9293071 <unknown>\n#10 0x555ec977ab5b <unknown>\n#11 0x555ec977eae2 <unknown>\n#12 0x555ec9766967 <unknown>\n#13 0x555ec977f6d4 <unknown>\n#14 0x555ec974ac7f <unknown>\n#15 0x555ec979fcd8 <unknown>\n#16 0x555ec979fea9 <unknown>\n#17 0x555ec97affc6 <unknown>\n#18 0x7fa5fec9caa4 <unknown>\n#19 0x7fa5fed29c3c <unknown>","statusTrace":"self = <US_55-tassobaccato_ReTestsManual_test.TestManualDetectedBugs object at 0x7f5a695ddb50>\nworker_id = 'master'\nd = <selenium.webdriver.chrome.webdriver.WebDriver (session=\"cff605b9f0b5c4073fd3133535ff75da\")>\ncur_language = '', cur_country = 'au', cur_role = 'NoReg'\ncur_login = 'test001.miketar+1@gmail.com', cur_password = 'Qwer1234-!@#$'\n\n    @allure.step('Start retest manual AT_55!514 The page with text \"Page Not Found ... doesnt exist or has been moved\" is displayed')\n    @pytest.mark.parametrize('cur_language', [''])\n    @pytest.mark.parametrize('cur_country', ['au'])\n    @pytest.mark.parametrize('cur_role', [\"NoReg\", \"Auth\", \"NoAuth\"])\n    @pytest.mark.bug_514\n    def test_514(self, worker_id, d, cur_language, cur_country, cur_role, cur_login, cur_password):\n        \"\"\"\n        Check: Menu section [Markets] > Menu item [Market analysis] > Article \"Solana price prediction: Can SOL\n                rebound?\" > Click on the [Could Solana become a Cardano side-chain?] item in the \"Table of Contents\" >\n                Click on the [announced] link in the text\n        Language: EN\n        License: ASIC\n        Author: Kasila\n        \"\"\"\n    \n        bid = build_dynamic_arg_for_us_55(\n            d, worker_id, cur_language, cur_country, cur_role,\n            \"55\", \"ReTests of Manual Detected Bugs\",\n            \"514\", 'The page with text \"Page Not Found ... doesnt exist or has been moved\" is opened '\n                   'after clicking on [announced] link in the article \"Solana price prediction: Can SOL rebound?\" when '\n                   'selected ASIC license'\n        )\n    \n        link = apply_preconditions_to_link(d, cur_language, cur_country, cur_role, cur_login, cur_password)\n        menu = from_markets_menu_open_market_analysis.MenuNew(d, link)\n        cur_item_link = menu.from_markets_menu_open_market_analysis(d, cur_language, cur_country, link)\n    \n        test_element = AnnouncedLink(d, cur_item_link, bid)\n        test_element.announced_link(d, cur_item_link, link)\n        test_element.element_click()\n>       test_element.assert_()\n\ntests/US_55_ReTestsManual/tassobaccato/US_55-tassobaccato_ReTestsManual_test.py:737: \n_ _ _ _ _ _ _ _ _ _ _ _ _ _ _ _ _ _ _ _ _ _ _ _ _ _ _ _ _ _ _ _ _ _ _ _ _ _ _ _ \npages/BugsManual/bug_514.py:99: in assert_\n    main_frame_error = self.driver.find_element(By.CSS_SELECTOR, 'div#main-frame-error')\n../../../.cache/pypoetry/virtualenvs/testcapitalcompyse-CcJ6hTD8-py3.12/lib/python3.12/site-packages/selenium/webdriver/remote/webdriver.py:766: in find_element\n    return self.execute(Command.FIND_ELEMENT, {\"using\": by, \"value\": value})[\"value\"]\n../../../.cache/pypoetry/virtualenvs/testcapitalcompyse-CcJ6hTD8-py3.12/lib/python3.12/site-packages/selenium/webdriver/remote/webdriver.py:380: in execute\n    self.error_handler.check_response(response)\n_ _ _ _ _ _ _ _ _ _ _ _ _ _ _ _ _ _ _ _ _ _ _ _ _ _ _ _ _ _ _ _ _ _ _ _ _ _ _ _ \n\nself = <selenium.webdriver.remote.errorhandler.ErrorHandler object at 0x7f5a687bf2f0>\nresponse = {'status': 404, 'value': '{\"value\":{\"error\":\"no such element\",\"message\":\"no such element: Unable to locate element: {\\...\\\\n#17 0x555ec97affc6 \\\\u003Cunknown>\\\\n#18 0x7fa5fec9caa4 \\\\u003Cunknown>\\\\n#19 0x7fa5fed29c3c \\\\u003Cunknown>\\\\n\"}}'}\n\n    def check_response(self, response: Dict[str, Any]) -> None:\n        \"\"\"Checks that a JSON response from the WebDriver does not have an\n        error.\n    \n        :Args:\n         - response - The JSON response from the WebDriver server as a dictionary\n           object.\n    \n        :Raises: If the response contains an error message.\n        \"\"\"\n        status = response.get(\"status\", None)\n        if not status or status == ErrorCode.SUCCESS:\n            return\n        value = None\n        message = response.get(\"message\", \"\")\n        screen: str = response.get(\"screen\", \"\")\n        stacktrace = None\n        if isinstance(status, int):\n            value_json = response.get(\"value\", None)\n            if value_json and isinstance(value_json, str):\n                import json\n    \n                try:\n                    value = json.loads(value_json)\n                    if len(value) == 1:\n                        value = value[\"value\"]\n                    status = value.get(\"error\", None)\n                    if not status:\n                        status = value.get(\"status\", ErrorCode.UNKNOWN_ERROR)\n                        message = value.get(\"value\") or value.get(\"message\")\n                        if not isinstance(message, str):\n                            value = message\n                            message = message.get(\"message\")\n                    else:\n                        message = value.get(\"message\", None)\n                except ValueError:\n                    pass\n    \n        exception_class: Type[WebDriverException]\n        e = ErrorCode()\n        error_codes = [item for item in dir(e) if not item.startswith(\"__\")]\n        for error_code in error_codes:\n            error_info = getattr(ErrorCode, error_code)\n            if isinstance(error_info, list) and status in error_info:\n                exception_class = getattr(ExceptionMapping, error_code, WebDriverException)\n                break\n        else:\n            exception_class = WebDriverException\n    \n        if not value:\n            value = response[\"value\"]\n        if isinstance(value, str):\n            raise exception_class(value)\n        if message == \"\" and \"message\" in value:\n            message = value[\"message\"]\n    \n        screen = None  # type: ignore[assignment]\n        if \"screen\" in value:\n            screen = value[\"screen\"]\n    \n        stacktrace = None\n        st_value = value.get(\"stackTrace\") or value.get(\"stacktrace\")\n        if st_value:\n            if isinstance(st_value, str):\n                stacktrace = st_value.split(\"\\n\")\n            else:\n                stacktrace = []\n                try:\n                    for frame in st_value:\n                        line = frame.get(\"lineNumber\", \"\")\n                        file = frame.get(\"fileName\", \"<anonymous>\")\n                        if line:\n                            file = f\"{file}:{line}\"\n                        meth = frame.get(\"methodName\", \"<anonymous>\")\n                        if \"className\" in frame:\n                            meth = f\"{frame['className']}.{meth}\"\n                        msg = \"    at %s (%s)\"\n                        msg = msg % (meth, file)\n                        stacktrace.append(msg)\n                except TypeError:\n                    pass\n        if exception_class == UnexpectedAlertPresentException:\n            alert_text = None\n            if \"data\" in value:\n                alert_text = value[\"data\"].get(\"text\")\n            elif \"alert\" in value:\n                alert_text = value[\"alert\"].get(\"text\")\n            raise exception_class(message, screen, stacktrace, alert_text)  # type: ignore[call-arg]  # mypy is not smart enough here\n>       raise exception_class(message, screen, stacktrace)\nE       selenium.common.exceptions.NoSuchElementException: Message: no such element: Unable to locate element: {\"method\":\"css selector\",\"selector\":\"div#main-frame-error\"}\nE         (Session info: chrome=133.0.6943.141); For documentation on this error, please visit: https://www.selenium.dev/documentation/webdriver/troubleshooting/errors#no-such-element-exception\nE       Stacktrace:\nE       #0 0x555ec97b114a <unknown>\nE       #1 0x555ec924eb80 <unknown>\nE       #2 0x555ec92a00e9 <unknown>\nE       #3 0x555ec92a0271 <unknown>\nE       #4 0x555ec92eede4 <unknown>\nE       #5 0x555ec92c5efd <unknown>\nE       #6 0x555ec92ec14a <unknown>\nE       #7 0x555ec92c5ca3 <unknown>\nE       #8 0x555ec9291f08 <unknown>\nE       #9 0x555ec9293071 <unknown>\nE       #10 0x555ec977ab5b <unknown>\nE       #11 0x555ec977eae2 <unknown>\nE       #12 0x555ec9766967 <unknown>\nE       #13 0x555ec977f6d4 <unknown>\nE       #14 0x555ec974ac7f <unknown>\nE       #15 0x555ec979fcd8 <unknown>\nE       #16 0x555ec979fea9 <unknown>\nE       #17 0x555ec97affc6 <unknown>\nE       #18 0x7fa5fec9caa4 <unknown>\nE       #19 0x7fa5fed29c3c <unknown>\n\n../../../.cache/pypoetry/virtualenvs/testcapitalcompyse-CcJ6hTD8-py3.12/lib/python3.12/site-packages/selenium/webdriver/remote/errorhandler.py:229: NoSuchElementException","flaky":false,"newFailed":false,"newBroken":false,"newPassed":false,"retriesCount":0,"retriesStatusChange":false,"beforeStages":[{"name":"d","time":{"start":1741747401740,"stop":1741747402814,"duration":1074},"status":"passed","steps":[],"attachments":[],"parameters":[],"shouldDisplayMessage":false,"stepsCount":0,"attachmentsCount":0,"hasContent":false,"attachmentStep":false},{"name":"cur_password","time":{"start":1741747402814,"stop":1741747402814,"duration":0},"status":"passed","steps":[],"attachments":[],"parameters":[],"shouldDisplayMessage":false,"stepsCount":0,"attachmentsCount":0,"hasContent":false,"attachmentStep":false},{"name":"cur_login","time":{"start":1741747402814,"stop":1741747402814,"duration":0},"status":"passed","steps":[],"attachments":[],"parameters":[],"shouldDisplayMessage":false,"stepsCount":0,"attachmentsCount":0,"hasContent":false,"attachmentStep":false},{"name":"worker_id","time":{"start":1741747402814,"stop":1741747402814,"duration":0},"status":"passed","steps":[],"attachments":[],"parameters":[],"shouldDisplayMessage":false,"stepsCount":0,"attachmentsCount":0,"hasContent":false,"attachmentStep":false}],"testStage":{"description":"\n        Check: Menu section [Markets] > Menu item [Market analysis] > Article \"Solana price prediction: Can SOL\n                rebound?\" > Click on the [Could Solana become a Cardano side-chain?] item in the \"Table of Contents\" >\n                Click on the [announced] link in the text\n        Language: EN\n        License: ASIC\n        Author: Kasila\n        ","status":"broken","statusMessage":"selenium.common.exceptions.NoSuchElementException: Message: no such element: Unable to locate element: {\"method\":\"css selector\",\"selector\":\"div#main-frame-error\"}\n  (Session info: chrome=133.0.6943.141); For documentation on this error, please visit: https://www.selenium.dev/documentation/webdriver/troubleshooting/errors#no-such-element-exception\nStacktrace:\n#0 0x555ec97b114a <unknown>\n#1 0x555ec924eb80 <unknown>\n#2 0x555ec92a00e9 <unknown>\n#3 0x555ec92a0271 <unknown>\n#4 0x555ec92eede4 <unknown>\n#5 0x555ec92c5efd <unknown>\n#6 0x555ec92ec14a <unknown>\n#7 0x555ec92c5ca3 <unknown>\n#8 0x555ec9291f08 <unknown>\n#9 0x555ec9293071 <unknown>\n#10 0x555ec977ab5b <unknown>\n#11 0x555ec977eae2 <unknown>\n#12 0x555ec9766967 <unknown>\n#13 0x555ec977f6d4 <unknown>\n#14 0x555ec974ac7f <unknown>\n#15 0x555ec979fcd8 <unknown>\n#16 0x555ec979fea9 <unknown>\n#17 0x555ec97affc6 <unknown>\n#18 0x7fa5fec9caa4 <unknown>\n#19 0x7fa5fed29c3c <unknown>","statusTrace":"self = <US_55-tassobaccato_ReTestsManual_test.TestManualDetectedBugs object at 0x7f5a695ddb50>\nworker_id = 'master'\nd = <selenium.webdriver.chrome.webdriver.WebDriver (session=\"cff605b9f0b5c4073fd3133535ff75da\")>\ncur_language = '', cur_country = 'au', cur_role = 'NoReg'\ncur_login = 'test001.miketar+1@gmail.com', cur_password = 'Qwer1234-!@#$'\n\n    @allure.step('Start retest manual AT_55!514 The page with text \"Page Not Found ... doesnt exist or has been moved\" is displayed')\n    @pytest.mark.parametrize('cur_language', [''])\n    @pytest.mark.parametrize('cur_country', ['au'])\n    @pytest.mark.parametrize('cur_role', [\"NoReg\", \"Auth\", \"NoAuth\"])\n    @pytest.mark.bug_514\n    def test_514(self, worker_id, d, cur_language, cur_country, cur_role, cur_login, cur_password):\n        \"\"\"\n        Check: Menu section [Markets] > Menu item [Market analysis] > Article \"Solana price prediction: Can SOL\n                rebound?\" > Click on the [Could Solana become a Cardano side-chain?] item in the \"Table of Contents\" >\n                Click on the [announced] link in the text\n        Language: EN\n        License: ASIC\n        Author: Kasila\n        \"\"\"\n    \n        bid = build_dynamic_arg_for_us_55(\n            d, worker_id, cur_language, cur_country, cur_role,\n            \"55\", \"ReTests of Manual Detected Bugs\",\n            \"514\", 'The page with text \"Page Not Found ... doesnt exist or has been moved\" is opened '\n                   'after clicking on [announced] link in the article \"Solana price prediction: Can SOL rebound?\" when '\n                   'selected ASIC license'\n        )\n    \n        link = apply_preconditions_to_link(d, cur_language, cur_country, cur_role, cur_login, cur_password)\n        menu = from_markets_menu_open_market_analysis.MenuNew(d, link)\n        cur_item_link = menu.from_markets_menu_open_market_analysis(d, cur_language, cur_country, link)\n    \n        test_element = AnnouncedLink(d, cur_item_link, bid)\n        test_element.announced_link(d, cur_item_link, link)\n        test_element.element_click()\n>       test_element.assert_()\n\ntests/US_55_ReTestsManual/tassobaccato/US_55-tassobaccato_ReTestsManual_test.py:737: \n_ _ _ _ _ _ _ _ _ _ _ _ _ _ _ _ _ _ _ _ _ _ _ _ _ _ _ _ _ _ _ _ _ _ _ _ _ _ _ _ \npages/BugsManual/bug_514.py:99: in assert_\n    main_frame_error = self.driver.find_element(By.CSS_SELECTOR, 'div#main-frame-error')\n../../../.cache/pypoetry/virtualenvs/testcapitalcompyse-CcJ6hTD8-py3.12/lib/python3.12/site-packages/selenium/webdriver/remote/webdriver.py:766: in find_element\n    return self.execute(Command.FIND_ELEMENT, {\"using\": by, \"value\": value})[\"value\"]\n../../../.cache/pypoetry/virtualenvs/testcapitalcompyse-CcJ6hTD8-py3.12/lib/python3.12/site-packages/selenium/webdriver/remote/webdriver.py:380: in execute\n    self.error_handler.check_response(response)\n_ _ _ _ _ _ _ _ _ _ _ _ _ _ _ _ _ _ _ _ _ _ _ _ _ _ _ _ _ _ _ _ _ _ _ _ _ _ _ _ \n\nself = <selenium.webdriver.remote.errorhandler.ErrorHandler object at 0x7f5a687bf2f0>\nresponse = {'status': 404, 'value': '{\"value\":{\"error\":\"no such element\",\"message\":\"no such element: Unable to locate element: {\\...\\\\n#17 0x555ec97affc6 \\\\u003Cunknown>\\\\n#18 0x7fa5fec9caa4 \\\\u003Cunknown>\\\\n#19 0x7fa5fed29c3c \\\\u003Cunknown>\\\\n\"}}'}\n\n    def check_response(self, response: Dict[str, Any]) -> None:\n        \"\"\"Checks that a JSON response from the WebDriver does not have an\n        error.\n    \n        :Args:\n         - response - The JSON response from the WebDriver server as a dictionary\n           object.\n    \n        :Raises: If the response contains an error message.\n        \"\"\"\n        status = response.get(\"status\", None)\n        if not status or status == ErrorCode.SUCCESS:\n            return\n        value = None\n        message = response.get(\"message\", \"\")\n        screen: str = response.get(\"screen\", \"\")\n        stacktrace = None\n        if isinstance(status, int):\n            value_json = response.get(\"value\", None)\n            if value_json and isinstance(value_json, str):\n                import json\n    \n                try:\n                    value = json.loads(value_json)\n                    if len(value) == 1:\n                        value = value[\"value\"]\n                    status = value.get(\"error\", None)\n                    if not status:\n                        status = value.get(\"status\", ErrorCode.UNKNOWN_ERROR)\n                        message = value.get(\"value\") or value.get(\"message\")\n                        if not isinstance(message, str):\n                            value = message\n                            message = message.get(\"message\")\n                    else:\n                        message = value.get(\"message\", None)\n                except ValueError:\n                    pass\n    \n        exception_class: Type[WebDriverException]\n        e = ErrorCode()\n        error_codes = [item for item in dir(e) if not item.startswith(\"__\")]\n        for error_code in error_codes:\n            error_info = getattr(ErrorCode, error_code)\n            if isinstance(error_info, list) and status in error_info:\n                exception_class = getattr(ExceptionMapping, error_code, WebDriverException)\n                break\n        else:\n            exception_class = WebDriverException\n    \n        if not value:\n            value = response[\"value\"]\n        if isinstance(value, str):\n            raise exception_class(value)\n        if message == \"\" and \"message\" in value:\n            message = value[\"message\"]\n    \n        screen = None  # type: ignore[assignment]\n        if \"screen\" in value:\n            screen = value[\"screen\"]\n    \n        stacktrace = None\n        st_value = value.get(\"stackTrace\") or value.get(\"stacktrace\")\n        if st_value:\n            if isinstance(st_value, str):\n                stacktrace = st_value.split(\"\\n\")\n            else:\n                stacktrace = []\n                try:\n                    for frame in st_value:\n                        line = frame.get(\"lineNumber\", \"\")\n                        file = frame.get(\"fileName\", \"<anonymous>\")\n                        if line:\n                            file = f\"{file}:{line}\"\n                        meth = frame.get(\"methodName\", \"<anonymous>\")\n                        if \"className\" in frame:\n                            meth = f\"{frame['className']}.{meth}\"\n                        msg = \"    at %s (%s)\"\n                        msg = msg % (meth, file)\n                        stacktrace.append(msg)\n                except TypeError:\n                    pass\n        if exception_class == UnexpectedAlertPresentException:\n            alert_text = None\n            if \"data\" in value:\n                alert_text = value[\"data\"].get(\"text\")\n            elif \"alert\" in value:\n                alert_text = value[\"alert\"].get(\"text\")\n            raise exception_class(message, screen, stacktrace, alert_text)  # type: ignore[call-arg]  # mypy is not smart enough here\n>       raise exception_class(message, screen, stacktrace)\nE       selenium.common.exceptions.NoSuchElementException: Message: no such element: Unable to locate element: {\"method\":\"css selector\",\"selector\":\"div#main-frame-error\"}\nE         (Session info: chrome=133.0.6943.141); For documentation on this error, please visit: https://www.selenium.dev/documentation/webdriver/troubleshooting/errors#no-such-element-exception\nE       Stacktrace:\nE       #0 0x555ec97b114a <unknown>\nE       #1 0x555ec924eb80 <unknown>\nE       #2 0x555ec92a00e9 <unknown>\nE       #3 0x555ec92a0271 <unknown>\nE       #4 0x555ec92eede4 <unknown>\nE       #5 0x555ec92c5efd <unknown>\nE       #6 0x555ec92ec14a <unknown>\nE       #7 0x555ec92c5ca3 <unknown>\nE       #8 0x555ec9291f08 <unknown>\nE       #9 0x555ec9293071 <unknown>\nE       #10 0x555ec977ab5b <unknown>\nE       #11 0x555ec977eae2 <unknown>\nE       #12 0x555ec9766967 <unknown>\nE       #13 0x555ec977f6d4 <unknown>\nE       #14 0x555ec974ac7f <unknown>\nE       #15 0x555ec979fcd8 <unknown>\nE       #16 0x555ec979fea9 <unknown>\nE       #17 0x555ec97affc6 <unknown>\nE       #18 0x7fa5fec9caa4 <unknown>\nE       #19 0x7fa5fed29c3c <unknown>\n\n../../../.cache/pypoetry/virtualenvs/testcapitalcompyse-CcJ6hTD8-py3.12/lib/python3.12/site-packages/selenium/webdriver/remote/errorhandler.py:229: NoSuchElementException","steps":[{"name":"Start retest manual AT_55!514 The page with text \"Page Not Found ... doesnt exist or has been moved\" is displayed","time":{"start":1741749596689,"stop":1741749682968,"duration":86279},"status":"broken","statusMessage":"selenium.common.exceptions.NoSuchElementException: Message: no such element: Unable to locate element: {\"method\":\"css selector\",\"selector\":\"div#main-frame-error\"}\n  (Session info: chrome=133.0.6943.141); For documentation on this error, please visit: https://www.selenium.dev/documentation/webdriver/troubleshooting/errors#no-such-element-exception\nStacktrace:\n#0 0x555ec97b114a <unknown>\n#1 0x555ec924eb80 <unknown>\n#2 0x555ec92a00e9 <unknown>\n#3 0x555ec92a0271 <unknown>\n#4 0x555ec92eede4 <unknown>\n#5 0x555ec92c5efd <unknown>\n#6 0x555ec92ec14a <unknown>\n#7 0x555ec92c5ca3 <unknown>\n#8 0x555ec9291f08 <unknown>\n#9 0x555ec9293071 <unknown>\n#10 0x555ec977ab5b <unknown>\n#11 0x555ec977eae2 <unknown>\n#12 0x555ec9766967 <unknown>\n#13 0x555ec977f6d4 <unknown>\n#14 0x555ec974ac7f <unknown>\n#15 0x555ec979fcd8 <unknown>\n#16 0x555ec979fea9 <unknown>\n#17 0x555ec97affc6 <unknown>\n#18 0x7fa5fec9caa4 <unknown>\n#19 0x7fa5fed29c3c <unknown>\n\n","statusTrace":"  File \"/home/runner/.cache/pypoetry/virtualenvs/testcapitalcompyse-CcJ6hTD8-py3.12/lib/python3.12/site-packages/allure_commons/_allure.py\", line 192, in impl\n    return func(*a, **kw)\n           ^^^^^^^^^^^^^^\n  File \"/home/runner/work/TestCapitalComPySe/TestCapitalComPySe/tests/US_55_ReTestsManual/tassobaccato/US_55-tassobaccato_ReTestsManual_test.py\", line 737, in test_514\n    test_element.assert_()\n  File \"/home/runner/.cache/pypoetry/virtualenvs/testcapitalcompyse-CcJ6hTD8-py3.12/lib/python3.12/site-packages/allure_commons/_allure.py\", line 192, in impl\n    return func(*a, **kw)\n           ^^^^^^^^^^^^^^\n  File \"/home/runner/work/TestCapitalComPySe/TestCapitalComPySe/pages/BugsManual/bug_514.py\", line 99, in assert_\n    main_frame_error = self.driver.find_element(By.CSS_SELECTOR, 'div#main-frame-error')\n                       ^^^^^^^^^^^^^^^^^^^^^^^^^^^^^^^^^^^^^^^^^^^^^^^^^^^^^^^^^^^^^^^^^\n  File \"/home/runner/.cache/pypoetry/virtualenvs/testcapitalcompyse-CcJ6hTD8-py3.12/lib/python3.12/site-packages/selenium/webdriver/remote/webdriver.py\", line 766, in find_element\n    return self.execute(Command.FIND_ELEMENT, {\"using\": by, \"value\": value})[\"value\"]\n           ^^^^^^^^^^^^^^^^^^^^^^^^^^^^^^^^^^^^^^^^^^^^^^^^^^^^^^^^^^^^^^^^^\n  File \"/home/runner/.cache/pypoetry/virtualenvs/testcapitalcompyse-CcJ6hTD8-py3.12/lib/python3.12/site-packages/selenium/webdriver/remote/webdriver.py\", line 380, in execute\n    self.error_handler.check_response(response)\n  File \"/home/runner/.cache/pypoetry/virtualenvs/testcapitalcompyse-CcJ6hTD8-py3.12/lib/python3.12/site-packages/selenium/webdriver/remote/errorhandler.py\", line 229, in check_response\n    raise exception_class(message, screen, stacktrace)\n","steps":[{"name":"Build dynamic argument for TCs of US_55","time":{"start":1741749596689,"stop":1741749596691,"duration":2},"status":"passed","steps":[],"attachments":[],"parameters":[{"name":"d","value":"<selenium.webdriver.chrome.webdriver.WebDriver (session=\"cff605b9f0b5c4073fd3133535ff75da\")>"},{"name":"worker_id","value":"'master'"},{"name":"cur_language","value":"''"},{"name":"cur_country","value":"'au'"},{"name":"cur_role","value":"'NoReg'"},{"name":"us","value":"'55'"},{"name":"desc_us","value":"'ReTests of Manual Detected Bugs'"},{"name":"num_tc","value":"'514'"},{"name":"desc_tc","value":"'The page with text \"Page Not Found ... doesnt exist or has been moved\" is opened after clicking on [announced] link in the article \"Solana price prediction: Can SOL rebound?\" when selected ASIC license'"},{"name":"manual","value":"False"},{"name":"new_layout","value":"False"}],"shouldDisplayMessage":false,"stepsCount":0,"attachmentsCount":0,"hasContent":true,"attachmentStep":false},{"name":"   Set New preconditions","time":{"start":1741749596691,"stop":1741749606654,"duration":9963},"status":"passed","steps":[{"name":"2025-03-12 02:43:21.702814   Set language and country","time":{"start":1741749604251,"stop":1741749606648,"duration":2397},"status":"passed","steps":[],"attachments":[],"parameters":[{"name":"d","value":"<selenium.webdriver.chrome.webdriver.WebDriver (session=\"cff605b9f0b5c4073fd3133535ff75da\")>"},{"name":"cur_language","value":"'en'"},{"name":"cur_country","value":"'au'"}],"shouldDisplayMessage":false,"stepsCount":0,"attachmentsCount":0,"hasContent":true,"attachmentStep":false}],"attachments":[],"parameters":[{"name":"d","value":"<selenium.webdriver.chrome.webdriver.WebDriver (session=\"cff605b9f0b5c4073fd3133535ff75da\")>"},{"name":"host","value":"'https://capital.com/en-gb'"},{"name":"end_point","value":"''"},{"name":"cur_language","value":"''"},{"name":"cur_country","value":"'au'"},{"name":"cur_role","value":"'NoReg'"},{"name":"cur_login","value":"'test001.miketar+1@gmail.com'"},{"name":"cur_password","value":"'Qwer1234-!@#$'"}],"shouldDisplayMessage":false,"stepsCount":1,"attachmentsCount":0,"hasContent":true,"attachmentStep":false},{"name":"Select \"Markets\" menu, \"Market analysis\" submenu","time":{"start":1741749606654,"stop":1741749615104,"duration":8450},"status":"passed","steps":[],"attachments":[],"parameters":[{"name":"d","value":"<selenium.webdriver.chrome.webdriver.WebDriver (session=\"cff605b9f0b5c4073fd3133535ff75da\")>"},{"name":"cur_language","value":"''"},{"name":"cur_country","value":"'au'"},{"name":"link","value":"'https://capital.com/en-au'"}],"shouldDisplayMessage":false,"stepsCount":0,"attachmentsCount":0,"hasContent":true,"attachmentStep":false},{"name":"2025-03-12 02:43:21.548828   Start testing that the page with 'Maple crypto-lending' content is opened‚Äù","time":{"start":1741749615104,"stop":1741749677471,"duration":62367},"status":"passed","steps":[],"attachments":[],"parameters":[{"name":"d","value":"<selenium.webdriver.chrome.webdriver.WebDriver (session=\"cff605b9f0b5c4073fd3133535ff75da\")>"},{"name":"cur_item_link","value":"'https://capital.com/en-au/analysis'"},{"name":"cur_link","value":"'https://capital.com/en-au'"}],"shouldDisplayMessage":false,"stepsCount":0,"attachmentsCount":0,"hasContent":true,"attachmentStep":false},{"name":"2025-03-12 02:43:21.548853   Assert","time":{"start":1741749677722,"stop":1741749682968,"duration":5246},"status":"broken","statusMessage":"selenium.common.exceptions.NoSuchElementException: Message: no such element: Unable to locate element: {\"method\":\"css selector\",\"selector\":\"div#main-frame-error\"}\n  (Session info: chrome=133.0.6943.141); For documentation on this error, please visit: https://www.selenium.dev/documentation/webdriver/troubleshooting/errors#no-such-element-exception\nStacktrace:\n#0 0x555ec97b114a <unknown>\n#1 0x555ec924eb80 <unknown>\n#2 0x555ec92a00e9 <unknown>\n#3 0x555ec92a0271 <unknown>\n#4 0x555ec92eede4 <unknown>\n#5 0x555ec92c5efd <unknown>\n#6 0x555ec92ec14a <unknown>\n#7 0x555ec92c5ca3 <unknown>\n#8 0x555ec9291f08 <unknown>\n#9 0x555ec9293071 <unknown>\n#10 0x555ec977ab5b <unknown>\n#11 0x555ec977eae2 <unknown>\n#12 0x555ec9766967 <unknown>\n#13 0x555ec977f6d4 <unknown>\n#14 0x555ec974ac7f <unknown>\n#15 0x555ec979fcd8 <unknown>\n#16 0x555ec979fea9 <unknown>\n#17 0x555ec97affc6 <unknown>\n#18 0x7fa5fec9caa4 <unknown>\n#19 0x7fa5fed29c3c <unknown>\n\n","statusTrace":"  File \"/home/runner/.cache/pypoetry/virtualenvs/testcapitalcompyse-CcJ6hTD8-py3.12/lib/python3.12/site-packages/allure_commons/_allure.py\", line 192, in impl\n    return func(*a, **kw)\n           ^^^^^^^^^^^^^^\n  File \"/home/runner/work/TestCapitalComPySe/TestCapitalComPySe/pages/BugsManual/bug_514.py\", line 99, in assert_\n    main_frame_error = self.driver.find_element(By.CSS_SELECTOR, 'div#main-frame-error')\n                       ^^^^^^^^^^^^^^^^^^^^^^^^^^^^^^^^^^^^^^^^^^^^^^^^^^^^^^^^^^^^^^^^^\n  File \"/home/runner/.cache/pypoetry/virtualenvs/testcapitalcompyse-CcJ6hTD8-py3.12/lib/python3.12/site-packages/selenium/webdriver/remote/webdriver.py\", line 766, in find_element\n    return self.execute(Command.FIND_ELEMENT, {\"using\": by, \"value\": value})[\"value\"]\n           ^^^^^^^^^^^^^^^^^^^^^^^^^^^^^^^^^^^^^^^^^^^^^^^^^^^^^^^^^^^^^^^^^\n  File \"/home/runner/.cache/pypoetry/virtualenvs/testcapitalcompyse-CcJ6hTD8-py3.12/lib/python3.12/site-packages/selenium/webdriver/remote/webdriver.py\", line 380, in execute\n    self.error_handler.check_response(response)\n  File \"/home/runner/.cache/pypoetry/virtualenvs/testcapitalcompyse-CcJ6hTD8-py3.12/lib/python3.12/site-packages/selenium/webdriver/remote/errorhandler.py\", line 229, in check_response\n    raise exception_class(message, screen, stacktrace)\n","steps":[],"attachments":[{"uid":"8b438f3c392cbdc3","name":"scr_qr","source":"8b438f3c392cbdc3.png","type":"image/png","size":102181}],"parameters":[],"shouldDisplayMessage":true,"stepsCount":0,"attachmentsCount":1,"hasContent":true,"attachmentStep":false}],"attachments":[],"parameters":[{"name":"worker_id","value":"'master'"},{"name":"d","value":"<selenium.webdriver.chrome.webdriver.WebDriver (session=\"cff605b9f0b5c4073fd3133535ff75da\")>"},{"name":"cur_language","value":"''"},{"name":"cur_country","value":"'au'"},{"name":"cur_role","value":"'NoReg'"},{"name":"cur_login","value":"'test001.miketar+1@gmail.com'"},{"name":"cur_password","value":"'Qwer1234-!@#$'"}],"shouldDisplayMessage":false,"stepsCount":6,"attachmentsCount":1,"hasContent":true,"attachmentStep":false}],"attachments":[{"uid":"f50f4d6e1d096c14","name":"Screenshot","source":"f50f4d6e1d096c14.png","type":"image/png","size":102181},{"uid":"52b033567bb281a5","name":"stdout","source":"52b033567bb281a5.txt","type":"text/plain","size":5339}],"parameters":[],"shouldDisplayMessage":true,"stepsCount":7,"attachmentsCount":3,"hasContent":true,"attachmentStep":false},"afterStages":[{"name":"d::0","time":{"start":1741750926341,"stop":1741750926800,"duration":459},"status":"passed","steps":[],"attachments":[],"parameters":[],"shouldDisplayMessage":false,"stepsCount":0,"attachmentsCount":0,"hasContent":false,"attachmentStep":false}],"labels":[{"name":"epic","value":"TC_55!514 | The page with text \"Page Not Found ... doesnt exist or has been moved\" is opened after clicking on [announced] link in the article \"Solana price prediction: Can SOL rebound?\" when selected ASIC license"},{"name":"feature","value":"Role: NoReg"},{"name":"story","value":"Country: au"},{"name":"tag","value":"bug_514"},{"name":"tag","value":"us_55"},{"name":"parentSuite","value":"tests.US_55_ReTestsManual.tassobaccato"},{"name":"suite","value":"US_55-tassobaccato_ReTestsManual_test"},{"name":"subSuite","value":"TestManualDetectedBugs"},{"name":"host","value":"fv-az1770-715"},{"name":"thread","value":"25829-MainThread"},{"name":"framework","value":"pytest"},{"name":"language","value":"cpython3"},{"name":"package","value":"tests.US_55_ReTestsManual.tassobaccato.US_55-tassobaccato_ReTestsManual_test"},{"name":"resultFormat","value":"allure2"}],"parameters":[{"name":"cur_country","value":"'au'"},{"name":"cur_language","value":"''"},{"name":"cur_login","value":"'test001.miketar+1@gmail.com'"},{"name":"cur_password","value":"'Qwer1234-!@#$'"},{"name":"cur_role","value":"'NoReg'"},{"name":"d","value":"'Chrome'"}],"links":[],"hidden":false,"retry":false,"extra":{"severity":"normal","retries":[],"categories":[{"name":"Test defects","matchedStatuses":[],"flaky":false}],"history":{"statistic":{"failed":0,"broken":4,"skipped":0,"passed":0,"unknown":0,"total":4},"items":[{"uid":"8082c3ae145d2cdf","reportUrl":"https://AlexTomAQA.github.io/TestCapitalComPySe/344//#testresult/8082c3ae145d2cdf","status":"broken","statusDetails":"selenium.common.exceptions.NoSuchElementException: Message: no such element: Unable to locate element: {\"method\":\"css selector\",\"selector\":\"div#main-frame-error\"}\n  (Session info: chrome=133.0.6943.141); For documentation on this error, please visit: https://www.selenium.dev/documentation/webdriver/troubleshooting/errors#no-such-element-exception\nStacktrace:\n#0 0x56025960e14a <unknown>\n#1 0x5602590abb80 <unknown>\n#2 0x5602590fd0e9 <unknown>\n#3 0x5602590fd271 <unknown>\n#4 0x56025914bde4 <unknown>\n#5 0x560259122efd <unknown>\n#6 0x56025914914a <unknown>\n#7 0x560259122ca3 <unknown>\n#8 0x5602590eef08 <unknown>\n#9 0x5602590f0071 <unknown>\n#10 0x5602595d7b5b <unknown>\n#11 0x5602595dbae2 <unknown>\n#12 0x5602595c3967 <unknown>\n#13 0x5602595dc6d4 <unknown>\n#14 0x5602595a7c7f <unknown>\n#15 0x5602595fccd8 <unknown>\n#16 0x5602595fcea9 <unknown>\n#17 0x56025960cfc6 <unknown>\n#18 0x7f44af29caa4 <unknown>\n#19 0x7f44af329c3c <unknown>","time":{"start":1741663506716,"stop":1741663588503,"duration":81787}},{"uid":"495513b13a81f102","reportUrl":"https://AlexTomAQA.github.io/TestCapitalComPySe/343//#testresult/495513b13a81f102","status":"broken","statusDetails":"selenium.common.exceptions.NoSuchElementException: Message: no such element: Unable to locate element: {\"method\":\"css selector\",\"selector\":\"div#main-frame-error\"}\n  (Session info: chrome=133.0.6943.141); For documentation on this error, please visit: https://www.selenium.dev/documentation/webdriver/troubleshooting/errors#no-such-element-exception\nStacktrace:\n#0 0x563dd1ccc14a <unknown>\n#1 0x563dd1769b80 <unknown>\n#2 0x563dd17bb0e9 <unknown>\n#3 0x563dd17bb271 <unknown>\n#4 0x563dd1809de4 <unknown>\n#5 0x563dd17e0efd <unknown>\n#6 0x563dd180714a <unknown>\n#7 0x563dd17e0ca3 <unknown>\n#8 0x563dd17acf08 <unknown>\n#9 0x563dd17ae071 <unknown>\n#10 0x563dd1c95b5b <unknown>\n#11 0x563dd1c99ae2 <unknown>\n#12 0x563dd1c81967 <unknown>\n#13 0x563dd1c9a6d4 <unknown>\n#14 0x563dd1c65c7f <unknown>\n#15 0x563dd1cbacd8 <unknown>\n#16 0x563dd1cbaea9 <unknown>\n#17 0x563dd1ccafc6 <unknown>\n#18 0x7f3d1e29caa4 <unknown>\n#19 0x7f3d1e329c3c <unknown>","time":{"start":1741570330586,"stop":1741570411145,"duration":80559}},{"uid":"3da16e1c20a9f5d0","reportUrl":"https://AlexTomAQA.github.io/TestCapitalComPySe/342//#testresult/3da16e1c20a9f5d0","status":"broken","statusDetails":"selenium.common.exceptions.NoSuchElementException: Message: no such element: Unable to locate element: {\"method\":\"css selector\",\"selector\":\"div#main-frame-error\"}\n  (Session info: chrome=133.0.6943.141); For documentation on this error, please visit: https://www.selenium.dev/documentation/webdriver/troubleshooting/errors#no-such-element-exception\nStacktrace:\n#0 0x555ebaf9714a <unknown>\n#1 0x555ebaa34b80 <unknown>\n#2 0x555ebaa860e9 <unknown>\n#3 0x555ebaa86271 <unknown>\n#4 0x555ebaad4de4 <unknown>\n#5 0x555ebaaabefd <unknown>\n#6 0x555ebaad214a <unknown>\n#7 0x555ebaaabca3 <unknown>\n#8 0x555ebaa77f08 <unknown>\n#9 0x555ebaa79071 <unknown>\n#10 0x555ebaf60b5b <unknown>\n#11 0x555ebaf64ae2 <unknown>\n#12 0x555ebaf4c967 <unknown>\n#13 0x555ebaf656d4 <unknown>\n#14 0x555ebaf30c7f <unknown>\n#15 0x555ebaf85cd8 <unknown>\n#16 0x555ebaf85ea9 <unknown>\n#17 0x555ebaf95fc6 <unknown>\n#18 0x7f368ca9caa4 <unknown>\n#19 0x7f368cb29c3c <unknown>","time":{"start":1741483397398,"stop":1741483477876,"duration":80478}}]},"tags":["us_55","bug_514"]},"source":"afb38deaa04f133f.json","parameterValues":["'au'","''","'test001.miketar+1@gmail.com'","'Qwer1234-!@#$'","'NoReg'","'Chrome'"]}