{"uid":"8818dd2a6af2157f","name":"TC_55!322a (Lang: en) | Bid:55!322a-en.ae.NoAuth","fullName":"tests.US_55_ReTestsManual.tassobaccato.US_55-tassobaccato_ReTestsManual_test.TestManualDetectedBugs#test_322a","historyId":"da2997451bd2242aaa18a49ea305b544","time":{"start":1726725368133,"stop":1726725390735,"duration":22602},"description":"\n        Check: Clicking [numeric values] in the Sell column in Menu tittle Markets does not open the\n                Sign-Up /Login form or page of the corresponding trading instrument on the trading platform using\n                English or Arabic language.\n        Language: EN, AR\n        License: SCA\n        Author: Kasila\n        ","descriptionHtml":"<pre><code>    Check: Clicking [numeric values] in the Sell column in Menu tittle Markets does not open the\n            Sign-Up /Login form or page of the corresponding trading instrument on the trading platform using\n            English or Arabic language.\n    Language: EN, AR\n    License: SCA\n    Author: Kasila\n</code></pre>\n","status":"failed","statusMessage":"Failed: Bug # 55!322 f\nExpected result: Login form is openedf\nActual result: Login form is not opened","statusTrace":"self = <pages.BugsManual.bug_322.AssertTPI object at 0x7fb93607a300>\nd = <selenium.webdriver.chrome.webdriver.WebDriver (session=\"75b59a4a05e213407e78d2bc2de90dfe\")>\n\n    def assert_login(self, d):\n        print(f\"\\n{datetime.now()}   3. Assert\")\n    \n        try:\n>           login_form = self.driver.find_element(By.XPATH, '//strong/span[contains(text(), \"Login\")]')\n\npages/BugsManual/bug_322.py:123: \n_ _ _ _ _ _ _ _ _ _ _ _ _ _ _ _ _ _ _ _ _ _ _ _ _ _ _ _ _ _ _ _ _ _ _ _ _ _ _ _ \n../../../.cache/pypoetry/virtualenvs/testcapitalcompyse-CcJ6hTD8-py3.12/lib/python3.12/site-packages/selenium/webdriver/remote/webdriver.py:748: in find_element\n    return self.execute(Command.FIND_ELEMENT, {\"using\": by, \"value\": value})[\"value\"]\n../../../.cache/pypoetry/virtualenvs/testcapitalcompyse-CcJ6hTD8-py3.12/lib/python3.12/site-packages/selenium/webdriver/remote/webdriver.py:354: in execute\n    self.error_handler.check_response(response)\n_ _ _ _ _ _ _ _ _ _ _ _ _ _ _ _ _ _ _ _ _ _ _ _ _ _ _ _ _ _ _ _ _ _ _ _ _ _ _ _ \n\nself = <selenium.webdriver.remote.errorhandler.ErrorHandler object at 0x7fb9359473b0>\nresponse = {'status': 404, 'value': '{\"value\":{\"error\":\"no such element\",\"message\":\"no such element: Unable to locate element: {\\...\\\\n#16 0x5564c4d2a417 \\\\u003Cunknown>\\\\n#17 0x5564c4d3a0cc \\\\u003Cunknown>\\\\n#18 0x7f886ae94ac3 \\\\u003Cunknown>\\\\n\"}}'}\n\n    def check_response(self, response: Dict[str, Any]) -> None:\n        \"\"\"Checks that a JSON response from the WebDriver does not have an\n        error.\n    \n        :Args:\n         - response - The JSON response from the WebDriver server as a dictionary\n           object.\n    \n        :Raises: If the response contains an error message.\n        \"\"\"\n        status = response.get(\"status\", None)\n        if not status or status == ErrorCode.SUCCESS:\n            return\n        value = None\n        message = response.get(\"message\", \"\")\n        screen: str = response.get(\"screen\", \"\")\n        stacktrace = None\n        if isinstance(status, int):\n            value_json = response.get(\"value\", None)\n            if value_json and isinstance(value_json, str):\n                import json\n    \n                try:\n                    value = json.loads(value_json)\n                    if len(value) == 1:\n                        value = value[\"value\"]\n                    status = value.get(\"error\", None)\n                    if not status:\n                        status = value.get(\"status\", ErrorCode.UNKNOWN_ERROR)\n                        message = value.get(\"value\") or value.get(\"message\")\n                        if not isinstance(message, str):\n                            value = message\n                            message = message.get(\"message\")\n                    else:\n                        message = value.get(\"message\", None)\n                except ValueError:\n                    pass\n    \n        exception_class: Type[WebDriverException]\n        e = ErrorCode()\n        error_codes = [item for item in dir(e) if not item.startswith(\"__\")]\n        for error_code in error_codes:\n            error_info = getattr(ErrorCode, error_code)\n            if isinstance(error_info, list) and status in error_info:\n                exception_class = getattr(ExceptionMapping, error_code, WebDriverException)\n                break\n        else:\n            exception_class = WebDriverException\n    \n        if not value:\n            value = response[\"value\"]\n        if isinstance(value, str):\n            raise exception_class(value)\n        if message == \"\" and \"message\" in value:\n            message = value[\"message\"]\n    \n        screen = None  # type: ignore[assignment]\n        if \"screen\" in value:\n            screen = value[\"screen\"]\n    \n        stacktrace = None\n        st_value = value.get(\"stackTrace\") or value.get(\"stacktrace\")\n        if st_value:\n            if isinstance(st_value, str):\n                stacktrace = st_value.split(\"\\n\")\n            else:\n                stacktrace = []\n                try:\n                    for frame in st_value:\n                        line = frame.get(\"lineNumber\", \"\")\n                        file = frame.get(\"fileName\", \"<anonymous>\")\n                        if line:\n                            file = f\"{file}:{line}\"\n                        meth = frame.get(\"methodName\", \"<anonymous>\")\n                        if \"className\" in frame:\n                            meth = f\"{frame['className']}.{meth}\"\n                        msg = \"    at %s (%s)\"\n                        msg = msg % (meth, file)\n                        stacktrace.append(msg)\n                except TypeError:\n                    pass\n        if exception_class == UnexpectedAlertPresentException:\n            alert_text = None\n            if \"data\" in value:\n                alert_text = value[\"data\"].get(\"text\")\n            elif \"alert\" in value:\n                alert_text = value[\"alert\"].get(\"text\")\n            raise exception_class(message, screen, stacktrace, alert_text)  # type: ignore[call-arg]  # mypy is not smart enough here\n>       raise exception_class(message, screen, stacktrace)\nE       selenium.common.exceptions.NoSuchElementException: Message: no such element: Unable to locate element: {\"method\":\"xpath\",\"selector\":\"//strong/span[contains(text(), \"Login\")]\"}\nE         (Session info: chrome=128.0.6613.137); For documentation on this error, please visit: https://www.selenium.dev/documentation/webdriver/troubleshooting/errors#no-such-element-exception\nE       Stacktrace:\nE       #0 0x5564c4d3b2da <unknown>\nE       #1 0x5564c4a09200 <unknown>\nE       #2 0x5564c4a58aa2 <unknown>\nE       #3 0x5564c4a58d41 <unknown>\nE       #4 0x5564c4a9e964 <unknown>\nE       #5 0x5564c4a7d8fd <unknown>\nE       #6 0x5564c4a9bdfd <unknown>\nE       #7 0x5564c4a7d673 <unknown>\nE       #8 0x5564c4a4b473 <unknown>\nE       #9 0x5564c4a4c47e <unknown>\nE       #10 0x5564c4d020db <unknown>\nE       #11 0x5564c4d06071 <unknown>\nE       #12 0x5564c4cee9d5 <unknown>\nE       #13 0x5564c4d06bf2 <unknown>\nE       #14 0x5564c4cd3b6f <unknown>\nE       #15 0x5564c4d2a248 <unknown>\nE       #16 0x5564c4d2a417 <unknown>\nE       #17 0x5564c4d3a0cc <unknown>\nE       #18 0x7f886ae94ac3 <unknown>\n\n../../../.cache/pypoetry/virtualenvs/testcapitalcompyse-CcJ6hTD8-py3.12/lib/python3.12/site-packages/selenium/webdriver/remote/errorhandler.py:229: NoSuchElementException\n\nDuring handling of the above exception, another exception occurred:\n\nself = <US_55-tassobaccato_ReTestsManual_test.TestManualDetectedBugs object at 0x7fb9359440e0>\nworker_id = 'master'\nd = <selenium.webdriver.chrome.webdriver.WebDriver (session=\"75b59a4a05e213407e78d2bc2de90dfe\")>\ncur_language = '', cur_country = 'ae', cur_role = 'NoAuth'\ncur_login = 'test001.miketar+1@gmail.com', cur_password = 'Qwer1234-!@#$'\ntitle_instrument = ''\n\n    @allure.step(\n        'Start retest manual AT_55!322a that the Sign Up/Login/page of the corresponding trading instrument on '\n        'the trading platform is opened after clicking [numeric values] in the Sell column.')\n    @pytest.mark.parametrize('cur_language', ['', 'ar'])\n    @pytest.mark.parametrize('cur_country', ['ae'])\n    @pytest.mark.parametrize('cur_role', [\"NoReg\", \"Auth\", \"NoAuth\"])\n    @pytest.mark.parametrize('title_instrument', [''])\n    @pytest.mark.bug_322a\n    def test_322a(self, worker_id, d, cur_language, cur_country, cur_role, cur_login, cur_password, title_instrument):\n        \"\"\"\n        Check: Clicking [numeric values] in the Sell column in Menu tittle Markets does not open the\n                Sign-Up /Login form or page of the corresponding trading instrument on the trading platform using\n                English or Arabic language.\n        Language: EN, AR\n        License: SCA\n        Author: Kasila\n        \"\"\"\n    \n        bid = build_dynamic_arg_for_us_55(\n            d, worker_id, cur_language, cur_country, cur_role,\n            \"55\", \"ReTests of Manual Detected Bugs\",\n            \"322a\", 'The Sign Up/Login/page of the corresponding trading instrument on the trading platform'\n                   ' is not opened after clicking [numeric values] in the Sell column'\n        )\n    \n        page_conditions = NewConditions(d, \"\")\n    \n        match cur_language:\n            case '':\n                link = page_conditions.preconditions(\n                    d, CapitalComPageSrc.URL_NEW_EN_AE, \"\", cur_language, cur_country, cur_role, cur_login,\n                    cur_password)\n                menu = MenuNewMarkets(d, link)\n                cur_item_link = menu.from_markets_menu_open_markets(d, cur_language, cur_country, link)\n                test_element = TradingInstrumentsMarkets(d, cur_item_link, bid)\n                test_element.trading_instruments(d, cur_item_link)\n                test_element.click_button_sell(d)\n                test_element = AssertTPI(d, cur_item_link, title_instrument)\n                match cur_role:\n                    case 'NoReg':\n                        test_element.assert_signup(d)\n                    case 'NoAuth':\n>                       test_element.assert_login(d)\n\ntests/US_55_ReTestsManual/tassobaccato/US_55-tassobaccato_ReTestsManual_test.py:271: \n_ _ _ _ _ _ _ _ _ _ _ _ _ _ _ _ _ _ _ _ _ _ _ _ _ _ _ _ _ _ _ _ _ _ _ _ _ _ _ _ \npages/BugsManual/bug_322.py:129: in assert_login\n    Common.pytest_fail(f\"Bug # 55!322 \"\n_ _ _ _ _ _ _ _ _ _ _ _ _ _ _ _ _ _ _ _ _ _ _ _ _ _ _ _ _ _ _ _ _ _ _ _ _ _ _ _ \n\nmsg = 'Bug # 55!322 f\\nExpected result: Login form is openedf\\nActual result: Login form is not opened'\n\n    @staticmethod\n    def pytest_fail(msg):\n    \tCommon.flag_of_bug = True\n>   \tpytest.fail(msg)\nE    Failed: Bug # 55!322 f\nE    Expected result: Login form is openedf\nE    Actual result: Login form is not opened\n\npages/common.py:235: Failed","flaky":false,"newFailed":false,"newBroken":false,"newPassed":false,"retriesCount":0,"retriesStatusChange":false,"beforeStages":[{"name":"d","time":{"start":1726724423400,"stop":1726724423787,"duration":387},"status":"passed","steps":[],"attachments":[],"parameters":[],"shouldDisplayMessage":false,"stepsCount":0,"attachmentsCount":0,"hasContent":false,"attachmentStep":false},{"name":"cur_login","time":{"start":1726724423787,"stop":1726724423787,"duration":0},"status":"passed","steps":[],"attachments":[],"parameters":[],"shouldDisplayMessage":false,"stepsCount":0,"attachmentsCount":0,"hasContent":false,"attachmentStep":false},{"name":"cur_password","time":{"start":1726724423787,"stop":1726724423787,"duration":0},"status":"passed","steps":[],"attachments":[],"parameters":[],"shouldDisplayMessage":false,"stepsCount":0,"attachmentsCount":0,"hasContent":false,"attachmentStep":false},{"name":"worker_id","time":{"start":1726724423787,"stop":1726724423787,"duration":0},"status":"passed","steps":[],"attachments":[],"parameters":[],"shouldDisplayMessage":false,"stepsCount":0,"attachmentsCount":0,"hasContent":false,"attachmentStep":false}],"testStage":{"description":"\n        Check: Clicking [numeric values] in the Sell column in Menu tittle Markets does not open the\n                Sign-Up /Login form or page of the corresponding trading instrument on the trading platform using\n                English or Arabic language.\n        Language: EN, AR\n        License: SCA\n        Author: Kasila\n        ","status":"failed","statusMessage":"Failed: Bug # 55!322 f\nExpected result: Login form is openedf\nActual result: Login form is not opened","statusTrace":"self = <pages.BugsManual.bug_322.AssertTPI object at 0x7fb93607a300>\nd = <selenium.webdriver.chrome.webdriver.WebDriver (session=\"75b59a4a05e213407e78d2bc2de90dfe\")>\n\n    def assert_login(self, d):\n        print(f\"\\n{datetime.now()}   3. Assert\")\n    \n        try:\n>           login_form = self.driver.find_element(By.XPATH, '//strong/span[contains(text(), \"Login\")]')\n\npages/BugsManual/bug_322.py:123: \n_ _ _ _ _ _ _ _ _ _ _ _ _ _ _ _ _ _ _ _ _ _ _ _ _ _ _ _ _ _ _ _ _ _ _ _ _ _ _ _ \n../../../.cache/pypoetry/virtualenvs/testcapitalcompyse-CcJ6hTD8-py3.12/lib/python3.12/site-packages/selenium/webdriver/remote/webdriver.py:748: in find_element\n    return self.execute(Command.FIND_ELEMENT, {\"using\": by, \"value\": value})[\"value\"]\n../../../.cache/pypoetry/virtualenvs/testcapitalcompyse-CcJ6hTD8-py3.12/lib/python3.12/site-packages/selenium/webdriver/remote/webdriver.py:354: in execute\n    self.error_handler.check_response(response)\n_ _ _ _ _ _ _ _ _ _ _ _ _ _ _ _ _ _ _ _ _ _ _ _ _ _ _ _ _ _ _ _ _ _ _ _ _ _ _ _ \n\nself = <selenium.webdriver.remote.errorhandler.ErrorHandler object at 0x7fb9359473b0>\nresponse = {'status': 404, 'value': '{\"value\":{\"error\":\"no such element\",\"message\":\"no such element: Unable to locate element: {\\...\\\\n#16 0x5564c4d2a417 \\\\u003Cunknown>\\\\n#17 0x5564c4d3a0cc \\\\u003Cunknown>\\\\n#18 0x7f886ae94ac3 \\\\u003Cunknown>\\\\n\"}}'}\n\n    def check_response(self, response: Dict[str, Any]) -> None:\n        \"\"\"Checks that a JSON response from the WebDriver does not have an\n        error.\n    \n        :Args:\n         - response - The JSON response from the WebDriver server as a dictionary\n           object.\n    \n        :Raises: If the response contains an error message.\n        \"\"\"\n        status = response.get(\"status\", None)\n        if not status or status == ErrorCode.SUCCESS:\n            return\n        value = None\n        message = response.get(\"message\", \"\")\n        screen: str = response.get(\"screen\", \"\")\n        stacktrace = None\n        if isinstance(status, int):\n            value_json = response.get(\"value\", None)\n            if value_json and isinstance(value_json, str):\n                import json\n    \n                try:\n                    value = json.loads(value_json)\n                    if len(value) == 1:\n                        value = value[\"value\"]\n                    status = value.get(\"error\", None)\n                    if not status:\n                        status = value.get(\"status\", ErrorCode.UNKNOWN_ERROR)\n                        message = value.get(\"value\") or value.get(\"message\")\n                        if not isinstance(message, str):\n                            value = message\n                            message = message.get(\"message\")\n                    else:\n                        message = value.get(\"message\", None)\n                except ValueError:\n                    pass\n    \n        exception_class: Type[WebDriverException]\n        e = ErrorCode()\n        error_codes = [item for item in dir(e) if not item.startswith(\"__\")]\n        for error_code in error_codes:\n            error_info = getattr(ErrorCode, error_code)\n            if isinstance(error_info, list) and status in error_info:\n                exception_class = getattr(ExceptionMapping, error_code, WebDriverException)\n                break\n        else:\n            exception_class = WebDriverException\n    \n        if not value:\n            value = response[\"value\"]\n        if isinstance(value, str):\n            raise exception_class(value)\n        if message == \"\" and \"message\" in value:\n            message = value[\"message\"]\n    \n        screen = None  # type: ignore[assignment]\n        if \"screen\" in value:\n            screen = value[\"screen\"]\n    \n        stacktrace = None\n        st_value = value.get(\"stackTrace\") or value.get(\"stacktrace\")\n        if st_value:\n            if isinstance(st_value, str):\n                stacktrace = st_value.split(\"\\n\")\n            else:\n                stacktrace = []\n                try:\n                    for frame in st_value:\n                        line = frame.get(\"lineNumber\", \"\")\n                        file = frame.get(\"fileName\", \"<anonymous>\")\n                        if line:\n                            file = f\"{file}:{line}\"\n                        meth = frame.get(\"methodName\", \"<anonymous>\")\n                        if \"className\" in frame:\n                            meth = f\"{frame['className']}.{meth}\"\n                        msg = \"    at %s (%s)\"\n                        msg = msg % (meth, file)\n                        stacktrace.append(msg)\n                except TypeError:\n                    pass\n        if exception_class == UnexpectedAlertPresentException:\n            alert_text = None\n            if \"data\" in value:\n                alert_text = value[\"data\"].get(\"text\")\n            elif \"alert\" in value:\n                alert_text = value[\"alert\"].get(\"text\")\n            raise exception_class(message, screen, stacktrace, alert_text)  # type: ignore[call-arg]  # mypy is not smart enough here\n>       raise exception_class(message, screen, stacktrace)\nE       selenium.common.exceptions.NoSuchElementException: Message: no such element: Unable to locate element: {\"method\":\"xpath\",\"selector\":\"//strong/span[contains(text(), \"Login\")]\"}\nE         (Session info: chrome=128.0.6613.137); For documentation on this error, please visit: https://www.selenium.dev/documentation/webdriver/troubleshooting/errors#no-such-element-exception\nE       Stacktrace:\nE       #0 0x5564c4d3b2da <unknown>\nE       #1 0x5564c4a09200 <unknown>\nE       #2 0x5564c4a58aa2 <unknown>\nE       #3 0x5564c4a58d41 <unknown>\nE       #4 0x5564c4a9e964 <unknown>\nE       #5 0x5564c4a7d8fd <unknown>\nE       #6 0x5564c4a9bdfd <unknown>\nE       #7 0x5564c4a7d673 <unknown>\nE       #8 0x5564c4a4b473 <unknown>\nE       #9 0x5564c4a4c47e <unknown>\nE       #10 0x5564c4d020db <unknown>\nE       #11 0x5564c4d06071 <unknown>\nE       #12 0x5564c4cee9d5 <unknown>\nE       #13 0x5564c4d06bf2 <unknown>\nE       #14 0x5564c4cd3b6f <unknown>\nE       #15 0x5564c4d2a248 <unknown>\nE       #16 0x5564c4d2a417 <unknown>\nE       #17 0x5564c4d3a0cc <unknown>\nE       #18 0x7f886ae94ac3 <unknown>\n\n../../../.cache/pypoetry/virtualenvs/testcapitalcompyse-CcJ6hTD8-py3.12/lib/python3.12/site-packages/selenium/webdriver/remote/errorhandler.py:229: NoSuchElementException\n\nDuring handling of the above exception, another exception occurred:\n\nself = <US_55-tassobaccato_ReTestsManual_test.TestManualDetectedBugs object at 0x7fb9359440e0>\nworker_id = 'master'\nd = <selenium.webdriver.chrome.webdriver.WebDriver (session=\"75b59a4a05e213407e78d2bc2de90dfe\")>\ncur_language = '', cur_country = 'ae', cur_role = 'NoAuth'\ncur_login = 'test001.miketar+1@gmail.com', cur_password = 'Qwer1234-!@#$'\ntitle_instrument = ''\n\n    @allure.step(\n        'Start retest manual AT_55!322a that the Sign Up/Login/page of the corresponding trading instrument on '\n        'the trading platform is opened after clicking [numeric values] in the Sell column.')\n    @pytest.mark.parametrize('cur_language', ['', 'ar'])\n    @pytest.mark.parametrize('cur_country', ['ae'])\n    @pytest.mark.parametrize('cur_role', [\"NoReg\", \"Auth\", \"NoAuth\"])\n    @pytest.mark.parametrize('title_instrument', [''])\n    @pytest.mark.bug_322a\n    def test_322a(self, worker_id, d, cur_language, cur_country, cur_role, cur_login, cur_password, title_instrument):\n        \"\"\"\n        Check: Clicking [numeric values] in the Sell column in Menu tittle Markets does not open the\n                Sign-Up /Login form or page of the corresponding trading instrument on the trading platform using\n                English or Arabic language.\n        Language: EN, AR\n        License: SCA\n        Author: Kasila\n        \"\"\"\n    \n        bid = build_dynamic_arg_for_us_55(\n            d, worker_id, cur_language, cur_country, cur_role,\n            \"55\", \"ReTests of Manual Detected Bugs\",\n            \"322a\", 'The Sign Up/Login/page of the corresponding trading instrument on the trading platform'\n                   ' is not opened after clicking [numeric values] in the Sell column'\n        )\n    \n        page_conditions = NewConditions(d, \"\")\n    \n        match cur_language:\n            case '':\n                link = page_conditions.preconditions(\n                    d, CapitalComPageSrc.URL_NEW_EN_AE, \"\", cur_language, cur_country, cur_role, cur_login,\n                    cur_password)\n                menu = MenuNewMarkets(d, link)\n                cur_item_link = menu.from_markets_menu_open_markets(d, cur_language, cur_country, link)\n                test_element = TradingInstrumentsMarkets(d, cur_item_link, bid)\n                test_element.trading_instruments(d, cur_item_link)\n                test_element.click_button_sell(d)\n                test_element = AssertTPI(d, cur_item_link, title_instrument)\n                match cur_role:\n                    case 'NoReg':\n                        test_element.assert_signup(d)\n                    case 'NoAuth':\n>                       test_element.assert_login(d)\n\ntests/US_55_ReTestsManual/tassobaccato/US_55-tassobaccato_ReTestsManual_test.py:271: \n_ _ _ _ _ _ _ _ _ _ _ _ _ _ _ _ _ _ _ _ _ _ _ _ _ _ _ _ _ _ _ _ _ _ _ _ _ _ _ _ \npages/BugsManual/bug_322.py:129: in assert_login\n    Common.pytest_fail(f\"Bug # 55!322 \"\n_ _ _ _ _ _ _ _ _ _ _ _ _ _ _ _ _ _ _ _ _ _ _ _ _ _ _ _ _ _ _ _ _ _ _ _ _ _ _ _ \n\nmsg = 'Bug # 55!322 f\\nExpected result: Login form is openedf\\nActual result: Login form is not opened'\n\n    @staticmethod\n    def pytest_fail(msg):\n    \tCommon.flag_of_bug = True\n>   \tpytest.fail(msg)\nE    Failed: Bug # 55!322 f\nE    Expected result: Login form is openedf\nE    Actual result: Login form is not opened\n\npages/common.py:235: Failed","steps":[{"name":"Start retest manual AT_55!322a that the Sign Up/Login/page of the corresponding trading instrument on the trading platform is opened after clicking [numeric values] in the Sell column.","time":{"start":1726725368133,"stop":1726725390734,"duration":22601},"status":"failed","statusMessage":"Failed: Bug # 55!322 f\nExpected result: Login form is openedf\nActual result: Login form is not opened\n","statusTrace":"  File \"/home/runner/.cache/pypoetry/virtualenvs/testcapitalcompyse-CcJ6hTD8-py3.12/lib/python3.12/site-packages/allure_commons/_allure.py\", line 192, in impl\n    return func(*a, **kw)\n           ^^^^^^^^^^^^^^\n  File \"/home/runner/work/TestCapitalComPySe/TestCapitalComPySe/tests/US_55_ReTestsManual/tassobaccato/US_55-tassobaccato_ReTestsManual_test.py\", line 271, in test_322a\n    test_element.assert_login(d)\n  File \"/home/runner/work/TestCapitalComPySe/TestCapitalComPySe/pages/BugsManual/bug_322.py\", line 129, in assert_login\n    Common.pytest_fail(f\"Bug # 55!322 \"\n  File \"/home/runner/work/TestCapitalComPySe/TestCapitalComPySe/pages/common.py\", line 235, in pytest_fail\n    pytest.fail(msg)\n  File \"/home/runner/.cache/pypoetry/virtualenvs/testcapitalcompyse-CcJ6hTD8-py3.12/lib/python3.12/site-packages/_pytest/outcomes.py\", line 178, in fail\n    raise Failed(msg=reason, pytrace=pytrace)\n","steps":[{"name":"Build dynamic argument for TCs of US_55","time":{"start":1726725368133,"stop":1726725368136,"duration":3},"status":"passed","steps":[],"attachments":[],"parameters":[{"name":"d","value":"<selenium.webdriver.chrome.webdriver.WebDriver (session=\"75b59a4a05e213407e78d2bc2de90dfe\")>"},{"name":"worker_id","value":"'master'"},{"name":"cur_language","value":"''"},{"name":"cur_country","value":"'ae'"},{"name":"cur_role","value":"'NoAuth'"},{"name":"us","value":"'55'"},{"name":"desc_us","value":"'ReTests of Manual Detected Bugs'"},{"name":"num_tc","value":"'322a'"},{"name":"desc_tc","value":"'The Sign Up/Login/page of the corresponding trading instrument on the trading platform is not opened after clicking [numeric values] in the Sell column'"},{"name":"manual","value":"False"},{"name":"new_layout","value":"False"}],"shouldDisplayMessage":false,"stepsCount":0,"attachmentsCount":0,"hasContent":true,"attachmentStep":false},{"name":"   Set New preconditions","time":{"start":1726725368136,"stop":1726725377427,"duration":9291},"status":"passed","steps":[{"name":"2024-09-19 05:40:23.386850   Start Authorisation","time":{"start":1726725373225,"stop":1726725375405,"duration":2180},"status":"passed","steps":[],"attachments":[],"parameters":[{"name":"d","value":"<selenium.webdriver.chrome.webdriver.WebDriver (session=\"75b59a4a05e213407e78d2bc2de90dfe\")>"},{"name":"link","value":"'https://capital.com/en-ae'"},{"name":"login","value":"'test001.miketar+1@gmail.com'"},{"name":"password","value":"'Qwer1234-!@#$'"},{"name":"cur_role","value":"'NoAuth'"}],"shouldDisplayMessage":false,"stepsCount":0,"attachmentsCount":0,"hasContent":true,"attachmentStep":false},{"name":"2024-09-19 05:40:23.386862   Start DeAuthorisation","time":{"start":1726725375405,"stop":1726725376092,"duration":687},"status":"passed","steps":[{"name":"Start Logout from account info menu in top bar","time":{"start":1726725375405,"stop":1726725376092,"duration":687},"status":"passed","steps":[],"attachments":[],"parameters":[],"shouldDisplayMessage":false,"stepsCount":0,"attachmentsCount":0,"hasContent":false,"attachmentStep":false}],"attachments":[],"parameters":[{"name":"d","value":"<selenium.webdriver.chrome.webdriver.WebDriver (session=\"75b59a4a05e213407e78d2bc2de90dfe\")>"},{"name":"link","value":"'https://capital.com/en-ae'"}],"shouldDisplayMessage":false,"stepsCount":1,"attachmentsCount":0,"hasContent":true,"attachmentStep":false},{"name":"2024-09-19 05:40:23.386873   Set language and country","time":{"start":1726725376092,"stop":1726725377421,"duration":1329},"status":"passed","steps":[],"attachments":[],"parameters":[{"name":"d","value":"<selenium.webdriver.chrome.webdriver.WebDriver (session=\"75b59a4a05e213407e78d2bc2de90dfe\")>"},{"name":"cur_language","value":"'en'"},{"name":"cur_country","value":"'ae'"}],"shouldDisplayMessage":false,"stepsCount":0,"attachmentsCount":0,"hasContent":true,"attachmentStep":false}],"attachments":[],"parameters":[{"name":"d","value":"<selenium.webdriver.chrome.webdriver.WebDriver (session=\"75b59a4a05e213407e78d2bc2de90dfe\")>"},{"name":"host","value":"'https://capital.com/en-ae'"},{"name":"end_point","value":"''"},{"name":"cur_language","value":"''"},{"name":"cur_country","value":"'ae'"},{"name":"cur_role","value":"'NoAuth'"},{"name":"cur_login","value":"'test001.miketar+1@gmail.com'"},{"name":"cur_password","value":"'Qwer1234-!@#$'"}],"shouldDisplayMessage":false,"stepsCount":4,"attachmentsCount":0,"hasContent":true,"attachmentStep":false},{"name":"Select \"Trading\" menu, \"Trading\" submenu","time":{"start":1726725377427,"stop":1726725385591,"duration":8164},"status":"passed","steps":[],"attachments":[],"parameters":[{"name":"d","value":"<selenium.webdriver.chrome.webdriver.WebDriver (session=\"75b59a4a05e213407e78d2bc2de90dfe\")>"},{"name":"cur_language","value":"''"},{"name":"cur_country","value":"'ae'"},{"name":"link","value":"'https://capital.com/en-ae'"}],"shouldDisplayMessage":false,"stepsCount":0,"attachmentsCount":0,"hasContent":true,"attachmentStep":false},{"name":"2024-09-19 05:40:23.221298   1. Start test that the Clicking [numeric values] in the Sell column in Menu tittle Markets opens the Sign-Up /Login form or page of the corresponding trading instrument on the trading platform.","time":{"start":1726725385591,"stop":1726725385610,"duration":19},"status":"passed","steps":[],"attachments":[],"parameters":[{"name":"d","value":"<selenium.webdriver.chrome.webdriver.WebDriver (session=\"75b59a4a05e213407e78d2bc2de90dfe\")>"},{"name":"cur_item_link","value":"'https://capital.com/en-ae/markets'"}],"shouldDisplayMessage":false,"stepsCount":0,"attachmentsCount":0,"hasContent":true,"attachmentStep":false}],"attachments":[],"parameters":[{"name":"worker_id","value":"'master'"},{"name":"d","value":"<selenium.webdriver.chrome.webdriver.WebDriver (session=\"75b59a4a05e213407e78d2bc2de90dfe\")>"},{"name":"cur_language","value":"''"},{"name":"cur_country","value":"'ae'"},{"name":"cur_role","value":"'NoAuth'"},{"name":"cur_login","value":"'test001.miketar+1@gmail.com'"},{"name":"cur_password","value":"'Qwer1234-!@#$'"},{"name":"title_instrument","value":"''"}],"shouldDisplayMessage":true,"stepsCount":8,"attachmentsCount":0,"hasContent":true,"attachmentStep":false}],"attachments":[{"uid":"88c764381365afa6","name":"Screenshot","source":"88c764381365afa6.png","type":"image/png","size":127018},{"uid":"4c3465ac4a051a5e","name":"stdout","source":"4c3465ac4a051a5e.txt","type":"text/plain","size":6440}],"parameters":[],"shouldDisplayMessage":true,"stepsCount":9,"attachmentsCount":2,"hasContent":true,"attachmentStep":false},"afterStages":[{"name":"d::0","time":{"start":1726725573231,"stop":1726725573462,"duration":231},"status":"passed","steps":[],"attachments":[],"parameters":[],"shouldDisplayMessage":false,"stepsCount":0,"attachmentsCount":0,"hasContent":false,"attachmentStep":false}],"labels":[{"name":"epic","value":"TC_55!322a | The Sign Up/Login/page of the corresponding trading instrument on the trading platform is not opened after clicking [numeric values] in the Sell column"},{"name":"feature","value":"Role: NoAuth"},{"name":"story","value":"Country: ae"},{"name":"tag","value":"bug_322a"},{"name":"tag","value":"us_55"},{"name":"parentSuite","value":"tests.US_55_ReTestsManual.tassobaccato"},{"name":"suite","value":"US_55-tassobaccato_ReTestsManual_test"},{"name":"subSuite","value":"TestManualDetectedBugs"},{"name":"host","value":"fv-az1788-987"},{"name":"thread","value":"30344-MainThread"},{"name":"framework","value":"pytest"},{"name":"language","value":"cpython3"},{"name":"package","value":"tests.US_55_ReTestsManual.tassobaccato.US_55-tassobaccato_ReTestsManual_test"},{"name":"resultFormat","value":"allure2"}],"parameters":[{"name":"cur_country","value":"'ae'"},{"name":"cur_language","value":"''"},{"name":"cur_login","value":"'test001.miketar+1@gmail.com'"},{"name":"cur_password","value":"'Qwer1234-!@#$'"},{"name":"cur_role","value":"'NoAuth'"},{"name":"d","value":"'Chrome'"},{"name":"title_instrument","value":"''"}],"links":[],"hidden":false,"retry":false,"extra":{"severity":"normal","retries":[],"categories":[{"name":"Product defects","matchedStatuses":[],"flaky":false}],"history":{"statistic":{"failed":31,"broken":1,"skipped":0,"passed":0,"unknown":0,"total":32},"items":[{"uid":"dd4df9b00831deae","reportUrl":"https://AlexTomAQA.github.io/TestCapitalComPySe/150//#testresult/dd4df9b00831deae","status":"failed","statusDetails":"Failed: Bug # 55!322 f\nExpected result: Login form is openedf\nActual result: Login form is not opened","time":{"start":1726706072989,"stop":1726706095603,"duration":22614}},{"uid":"746e5dc1fa1d36d6","reportUrl":"https://AlexTomAQA.github.io/TestCapitalComPySe/149//#testresult/746e5dc1fa1d36d6","status":"failed","statusDetails":"Failed: Bug # 55!322 f\nExpected result: Login form is openedf\nActual result: Login form is not opened","time":{"start":1726619667638,"stop":1726619690965,"duration":23327}},{"uid":"d017642e5bcd7a7d","reportUrl":"https://AlexTomAQA.github.io/TestCapitalComPySe/148//#testresult/d017642e5bcd7a7d","status":"failed","statusDetails":"Failed: Bug â„– ??? 'Markets' menu not present in DOM for 'ae' country '' language","time":{"start":1726575607189,"stop":1726575625429,"duration":18240}},{"uid":"25b4f50b6bbb0d13","reportUrl":"https://AlexTomAQA.github.io/TestCapitalComPySe/147//#testresult/25b4f50b6bbb0d13","status":"failed","statusDetails":"Failed: Bug # 55!322 f\nExpected result: Login form is openedf\nActual result: Login form is not opened","time":{"start":1726532861584,"stop":1726532885425,"duration":23841}},{"uid":"345b5c0077ac571f","reportUrl":"https://AlexTomAQA.github.io/TestCapitalComPySe/146//#testresult/345b5c0077ac571f","status":"failed","statusDetails":"Failed: Bug # 55!322 f\nExpected result: Login form is openedf\nActual result: Login form is not opened","time":{"start":1726446640227,"stop":1726446663626,"duration":23399}},{"uid":"e96a295d69dbfff9","reportUrl":"https://AlexTomAQA.github.io/TestCapitalComPySe/145//#testresult/e96a295d69dbfff9","status":"failed","statusDetails":"Failed: Bug # 55!322 f\nExpected result: Login form is openedf\nActual result: Login form is not opened","time":{"start":1726384518740,"stop":1726384544435,"duration":25695}},{"uid":"a873c3b6fa5f32d7","reportUrl":"https://AlexTomAQA.github.io/TestCapitalComPySe/144//#testresult/a873c3b6fa5f32d7","status":"failed","statusDetails":"Failed: Bug # 55!322 f\nExpected result: Login form is openedf\nActual result: Login form is not opened","time":{"start":1726359379432,"stop":1726359403873,"duration":24441}},{"uid":"5c3b2fbe583c075f","reportUrl":"https://AlexTomAQA.github.io/TestCapitalComPySe/143//#testresult/5c3b2fbe583c075f","status":"failed","statusDetails":"Failed: Bug # 55!322 f\nExpected result: Login form is openedf\nActual result: Login form is not opened","time":{"start":1726287347771,"stop":1726287370303,"duration":22532}},{"uid":"9b8833b741c2e8fc","reportUrl":"https://AlexTomAQA.github.io/TestCapitalComPySe/142//#testresult/9b8833b741c2e8fc","status":"failed","statusDetails":"Failed: Bug!   De authorisation failed","time":{"start":1726273233710,"stop":1726273257776,"duration":24066}},{"uid":"9d1014f24d63575b","reportUrl":"https://AlexTomAQA.github.io/TestCapitalComPySe/141//#testresult/9d1014f24d63575b","status":"failed","statusDetails":"Failed: Bug!   De authorisation failed","time":{"start":1726186891894,"stop":1726186915293,"duration":23399}},{"uid":"45a60549d67178fd","reportUrl":"https://AlexTomAQA.github.io/TestCapitalComPySe/127//#testresult/45a60549d67178fd","status":"failed","statusDetails":"Failed: Bug!   De authorisation failed","time":{"start":1725408885589,"stop":1725408909239,"duration":23650}},{"uid":"960d04c5925a319d","reportUrl":"https://AlexTomAQA.github.io/TestCapitalComPySe/126//#testresult/960d04c5925a319d","status":"failed","statusDetails":"Failed: Bug!   De authorisation failed","time":{"start":1725322516308,"stop":1725322540731,"duration":24423}},{"uid":"b347d45d4122552d","reportUrl":"https://AlexTomAQA.github.io/TestCapitalComPySe/125//#testresult/b347d45d4122552d","status":"failed","statusDetails":"Failed: Bug!   De authorisation failed","time":{"start":1725236188023,"stop":1725236210993,"duration":22970}},{"uid":"b98cbae465da175","reportUrl":"https://AlexTomAQA.github.io/TestCapitalComPySe/124//#testresult/b98cbae465da175","status":"failed","statusDetails":"Failed: Bug!   De authorisation failed","time":{"start":1725150409124,"stop":1725150432993,"duration":23869}},{"uid":"2193cca2905e246e","reportUrl":"https://AlexTomAQA.github.io/TestCapitalComPySe/123//#testresult/2193cca2905e246e","status":"failed","statusDetails":"Failed: Bug!   De authorisation failed","time":{"start":1725079455895,"stop":1725079479326,"duration":23431}},{"uid":"964ee8c35b73f953","reportUrl":"https://AlexTomAQA.github.io/TestCapitalComPySe/122//#testresult/964ee8c35b73f953","status":"failed","statusDetails":"Failed: Bug!   De authorisation failed","time":{"start":1725063993207,"stop":1725064017343,"duration":24136}},{"uid":"bea150cef08dc9b7","reportUrl":"https://AlexTomAQA.github.io/TestCapitalComPySe/121//#testresult/bea150cef08dc9b7","status":"failed","statusDetails":"Failed: Bug!   De authorisation failed","time":{"start":1724999168911,"stop":1724999192245,"duration":23334}},{"uid":"3ec086b4f63d9a25","reportUrl":"https://AlexTomAQA.github.io/TestCapitalComPySe/120//#testresult/3ec086b4f63d9a25","status":"failed","statusDetails":"Failed: Bug!   De authorisation failed","time":{"start":1724977381700,"stop":1724977405573,"duration":23873}},{"uid":"4a55485cf1d4b349","reportUrl":"https://AlexTomAQA.github.io/TestCapitalComPySe/119//#testresult/4a55485cf1d4b349","status":"failed","statusDetails":"Failed: Bug!   De authorisation failed","time":{"start":1724892155662,"stop":1724892179426,"duration":23764}},{"uid":"7d62a13a87e9fc1b","reportUrl":"https://AlexTomAQA.github.io/TestCapitalComPySe/118//#testresult/7d62a13a87e9fc1b","status":"failed","statusDetails":"Failed: Bug!   De authorisation failed","time":{"start":1724862693472,"stop":1724862716994,"duration":23522}}]},"tags":["us_55","bug_322a"]},"source":"8818dd2a6af2157f.json","parameterValues":["'ae'","''","'test001.miketar+1@gmail.com'","'Qwer1234-!@#$'","'NoAuth'","'Chrome'","''"]}