2024-12-01 23:50:42 ERROR Elements not present after 0.5 seconds on page: https://capital.com/ru/search
2024-12-01 23:50:42 ERROR 
Traceback (most recent call last):
  File "/home/runner/work/TestCapitalComPySe/TestCapitalComPySe/pages/base_page.py", line 86, in inner_function
    return func(*args, **kwargs)
           ^^^^^^^^^^^^^^^^^^^^^
  File "/home/runner/work/TestCapitalComPySe/TestCapitalComPySe/pages/base_page.py", line 306, in element_is_visible
    return Wait(self.driver, timeout).until(
           ^^^^^^^^^^^^^^^^^^^^^^^^^^^^^^^^^
  File "/home/runner/.cache/pypoetry/virtualenvs/testcapitalcompyse-CcJ6hTD8-py3.12/lib/python3.12/site-packages/selenium/webdriver/support/wait.py", line 105, in until
    raise TimeoutException(message, screen, stacktrace)
selenium.common.exceptions.TimeoutException: Message: 
Stacktrace:
#0 0x5561375f031a <unknown>
#1 0x5561371066e0 <unknown>
#2 0x5561371553e6 <unknown>
#3 0x556137155681 <unknown>
#4 0x55613719ab04 <unknown>
#5 0x55613717948d <unknown>
#6 0x556137197ed7 <unknown>
#7 0x556137179203 <unknown>
#8 0x556137147cc0 <unknown>
#9 0x556137148c9e <unknown>
#10 0x5561375bdd0b <unknown>
#11 0x5561375c1c92 <unknown>
#12 0x5561375aab3c <unknown>
#13 0x5561375c2807 <unknown>
#14 0x5561375900df <unknown>
#15 0x5561375df578 <unknown>
#16 0x5561375df740 <unknown>
#17 0x5561375ef196 <unknown>
#18 0x7f9570694ac3 <unknown>