{"uid":"dfe0aa535ef3cfcd","name":"TC_55!514 (Lang: en) | Bid:55!514-en.au.NoAuth","fullName":"tests.US_55_ReTestsManual.tassobaccato.US_55-tassobaccato_ReTestsManual_test.TestManualDetectedBugs#test_514","historyId":"388fbce121b519f74afdc77a684617d2","time":{"start":1747188537831,"stop":1747188674084,"duration":136253},"description":"\n        Check: Menu section [Markets] > Menu item [Market analysis] > Article \"Solana price prediction: Can SOL\n                rebound?\" > Click on the [Could Solana become a Cardano side-chain?] item in the \"Table of Contents\" >\n                Click on the [announced] link in the text\n        Language: EN\n        License: ASIC\n        Author: Kasila\n        ","descriptionHtml":"<pre><code>    Check: Menu section [Markets] &gt; Menu item [Market analysis] &gt; Article &quot;Solana price prediction: Can SOL\n            rebound?&quot; &gt; Click on the [Could Solana become a Cardano side-chain?] item in the &quot;Table of Contents&quot; &gt;\n            Click on the [announced] link in the text\n    Language: EN\n    License: ASIC\n    Author: Kasila\n</code></pre>\n","status":"broken","statusMessage":"selenium.common.exceptions.NoSuchElementException: Message: no such element: Unable to locate element: {\"method\":\"css selector\",\"selector\":\"div#main-frame-error\"}\n  (Session info: chrome=136.0.7103.59); For documentation on this error, please visit: https://www.selenium.dev/documentation/webdriver/troubleshooting/errors#no-such-element-exception\nStacktrace:\n#0 0x556f9ff1c78a <unknown>\n#1 0x556f9f9bf0a0 <unknown>\n#2 0x556f9fa109b0 <unknown>\n#3 0x556f9fa10ba1 <unknown>\n#4 0x556f9fa5eea4 <unknown>\n#5 0x556f9fa363cd <unknown>\n#6 0x556f9fa5c2a0 <unknown>\n#7 0x556f9fa36173 <unknown>\n#8 0x556f9fa02d4b <unknown>\n#9 0x556f9fa039b1 <unknown>\n#10 0x556f9fee193b <unknown>\n#11 0x556f9fee583a <unknown>\n#12 0x556f9fec9692 <unknown>\n#13 0x556f9fee63c4 <unknown>\n#14 0x556f9feae4cf <unknown>\n#15 0x556f9ff0a568 <unknown>\n#16 0x556f9ff0a746 <unknown>\n#17 0x556f9ff1b5f6 <unknown>\n#18 0x7fa8a069caa4 <unknown>\n#19 0x7fa8a0729c3c <unknown>","statusTrace":"self = <US_55-tassobaccato_ReTestsManual_test.TestManualDetectedBugs object at 0x7f004f18dd30>\nworker_id = 'master'\nd = <selenium.webdriver.chrome.webdriver.WebDriver (session=\"efe1d6a86f4d7dace149c4ec3d37f901\")>\ncur_language = '', cur_country = 'au', cur_role = 'NoAuth'\ncur_login = 'test001.miketar+1@gmail.com', cur_password = 'Qwer1234-!@#$'\n\n    @allure.step('Start retest manual AT_55!514 The page with text \"Page Not Found ... doesnt exist or has been moved\" is displayed')\n    @pytest.mark.parametrize('cur_language', [''])\n    @pytest.mark.parametrize('cur_country', ['au'])\n    @pytest.mark.parametrize('cur_role', [\"NoReg\", \"Auth\", \"NoAuth\"])\n    @pytest.mark.bug_514\n    def test_514(self, worker_id, d, cur_language, cur_country, cur_role, cur_login, cur_password):\n        \"\"\"\n        Check: Menu section [Markets] > Menu item [Market analysis] > Article \"Solana price prediction: Can SOL\n                rebound?\" > Click on the [Could Solana become a Cardano side-chain?] item in the \"Table of Contents\" >\n                Click on the [announced] link in the text\n        Language: EN\n        License: ASIC\n        Author: Kasila\n        \"\"\"\n    \n        bid = build_dynamic_arg_for_us_55(\n            d, worker_id, cur_language, cur_country, cur_role,\n            \"55\", \"ReTests of Manual Detected Bugs\",\n            \"514\", 'The page with text \"Page Not Found ... doesnt exist or has been moved\" is opened '\n                   'after clicking on [announced] link in the article \"Solana price prediction: Can SOL rebound?\" when '\n                   'selected ASIC license'\n        )\n    \n        link = apply_preconditions_to_link(d, cur_language, cur_country, cur_role, cur_login, cur_password)\n        menu = from_markets_menu_open_market_analysis.MenuNew(d, link)\n        cur_item_link = menu.from_markets_menu_open_market_analysis(d, cur_language, cur_country, link)\n    \n        test_element = AnnouncedLink(d, cur_item_link, bid)\n        test_element.announced_link(d, cur_item_link, link)\n        test_element.element_click()\n>       test_element.assert_()\n\ntests/US_55_ReTestsManual/tassobaccato/US_55-tassobaccato_ReTestsManual_test.py:737: \n_ _ _ _ _ _ _ _ _ _ _ _ _ _ _ _ _ _ _ _ _ _ _ _ _ _ _ _ _ _ _ _ _ _ _ _ _ _ _ _ \npages/BugsManual/bug_514.py:99: in assert_\n    main_frame_error = self.driver.find_element(By.CSS_SELECTOR, 'div#main-frame-error')\n../../../.cache/pypoetry/virtualenvs/testcapitalcompyse-CcJ6hTD8-py3.12/lib/python3.12/site-packages/selenium/webdriver/remote/webdriver.py:766: in find_element\n    return self.execute(Command.FIND_ELEMENT, {\"using\": by, \"value\": value})[\"value\"]\n../../../.cache/pypoetry/virtualenvs/testcapitalcompyse-CcJ6hTD8-py3.12/lib/python3.12/site-packages/selenium/webdriver/remote/webdriver.py:380: in execute\n    self.error_handler.check_response(response)\n_ _ _ _ _ _ _ _ _ _ _ _ _ _ _ _ _ _ _ _ _ _ _ _ _ _ _ _ _ _ _ _ _ _ _ _ _ _ _ _ \n\nself = <selenium.webdriver.remote.errorhandler.ErrorHandler object at 0x7f004f228620>\nresponse = {'status': 404, 'value': '{\"value\":{\"error\":\"no such element\",\"message\":\"no such element: Unable to locate element: {\\...\\\\n#17 0x556f9ff1b5f6 \\\\u003Cunknown>\\\\n#18 0x7fa8a069caa4 \\\\u003Cunknown>\\\\n#19 0x7fa8a0729c3c \\\\u003Cunknown>\\\\n\"}}'}\n\n    def check_response(self, response: Dict[str, Any]) -> None:\n        \"\"\"Checks that a JSON response from the WebDriver does not have an\n        error.\n    \n        :Args:\n         - response - The JSON response from the WebDriver server as a dictionary\n           object.\n    \n        :Raises: If the response contains an error message.\n        \"\"\"\n        status = response.get(\"status\", None)\n        if not status or status == ErrorCode.SUCCESS:\n            return\n        value = None\n        message = response.get(\"message\", \"\")\n        screen: str = response.get(\"screen\", \"\")\n        stacktrace = None\n        if isinstance(status, int):\n            value_json = response.get(\"value\", None)\n            if value_json and isinstance(value_json, str):\n                import json\n    \n                try:\n                    value = json.loads(value_json)\n                    if len(value) == 1:\n                        value = value[\"value\"]\n                    status = value.get(\"error\", None)\n                    if not status:\n                        status = value.get(\"status\", ErrorCode.UNKNOWN_ERROR)\n                        message = value.get(\"value\") or value.get(\"message\")\n                        if not isinstance(message, str):\n                            value = message\n                            message = message.get(\"message\")\n                    else:\n                        message = value.get(\"message\", None)\n                except ValueError:\n                    pass\n    \n        exception_class: Type[WebDriverException]\n        e = ErrorCode()\n        error_codes = [item for item in dir(e) if not item.startswith(\"__\")]\n        for error_code in error_codes:\n            error_info = getattr(ErrorCode, error_code)\n            if isinstance(error_info, list) and status in error_info:\n                exception_class = getattr(ExceptionMapping, error_code, WebDriverException)\n                break\n        else:\n            exception_class = WebDriverException\n    \n        if not value:\n            value = response[\"value\"]\n        if isinstance(value, str):\n            raise exception_class(value)\n        if message == \"\" and \"message\" in value:\n            message = value[\"message\"]\n    \n        screen = None  # type: ignore[assignment]\n        if \"screen\" in value:\n            screen = value[\"screen\"]\n    \n        stacktrace = None\n        st_value = value.get(\"stackTrace\") or value.get(\"stacktrace\")\n        if st_value:\n            if isinstance(st_value, str):\n                stacktrace = st_value.split(\"\\n\")\n            else:\n                stacktrace = []\n                try:\n                    for frame in st_value:\n                        line = frame.get(\"lineNumber\", \"\")\n                        file = frame.get(\"fileName\", \"<anonymous>\")\n                        if line:\n                            file = f\"{file}:{line}\"\n                        meth = frame.get(\"methodName\", \"<anonymous>\")\n                        if \"className\" in frame:\n                            meth = f\"{frame['className']}.{meth}\"\n                        msg = \"    at %s (%s)\"\n                        msg = msg % (meth, file)\n                        stacktrace.append(msg)\n                except TypeError:\n                    pass\n        if exception_class == UnexpectedAlertPresentException:\n            alert_text = None\n            if \"data\" in value:\n                alert_text = value[\"data\"].get(\"text\")\n            elif \"alert\" in value:\n                alert_text = value[\"alert\"].get(\"text\")\n            raise exception_class(message, screen, stacktrace, alert_text)  # type: ignore[call-arg]  # mypy is not smart enough here\n>       raise exception_class(message, screen, stacktrace)\nE       selenium.common.exceptions.NoSuchElementException: Message: no such element: Unable to locate element: {\"method\":\"css selector\",\"selector\":\"div#main-frame-error\"}\nE         (Session info: chrome=136.0.7103.59); For documentation on this error, please visit: https://www.selenium.dev/documentation/webdriver/troubleshooting/errors#no-such-element-exception\nE       Stacktrace:\nE       #0 0x556f9ff1c78a <unknown>\nE       #1 0x556f9f9bf0a0 <unknown>\nE       #2 0x556f9fa109b0 <unknown>\nE       #3 0x556f9fa10ba1 <unknown>\nE       #4 0x556f9fa5eea4 <unknown>\nE       #5 0x556f9fa363cd <unknown>\nE       #6 0x556f9fa5c2a0 <unknown>\nE       #7 0x556f9fa36173 <unknown>\nE       #8 0x556f9fa02d4b <unknown>\nE       #9 0x556f9fa039b1 <unknown>\nE       #10 0x556f9fee193b <unknown>\nE       #11 0x556f9fee583a <unknown>\nE       #12 0x556f9fec9692 <unknown>\nE       #13 0x556f9fee63c4 <unknown>\nE       #14 0x556f9feae4cf <unknown>\nE       #15 0x556f9ff0a568 <unknown>\nE       #16 0x556f9ff0a746 <unknown>\nE       #17 0x556f9ff1b5f6 <unknown>\nE       #18 0x7fa8a069caa4 <unknown>\nE       #19 0x7fa8a0729c3c <unknown>\n\n../../../.cache/pypoetry/virtualenvs/testcapitalcompyse-CcJ6hTD8-py3.12/lib/python3.12/site-packages/selenium/webdriver/remote/errorhandler.py:229: NoSuchElementException","flaky":false,"newFailed":false,"newBroken":false,"newPassed":false,"retriesCount":0,"retriesStatusChange":false,"beforeStages":[{"name":"d","time":{"start":1747185833076,"stop":1747185833895,"duration":819},"status":"passed","steps":[],"attachments":[],"parameters":[],"shouldDisplayMessage":false,"stepsCount":0,"attachmentsCount":0,"hasContent":false,"attachmentStep":false},{"name":"worker_id","time":{"start":1747185833895,"stop":1747185833895,"duration":0},"status":"passed","steps":[],"attachments":[],"parameters":[],"shouldDisplayMessage":false,"stepsCount":0,"attachmentsCount":0,"hasContent":false,"attachmentStep":false},{"name":"cur_login","time":{"start":1747185833895,"stop":1747185833895,"duration":0},"status":"passed","steps":[],"attachments":[],"parameters":[],"shouldDisplayMessage":false,"stepsCount":0,"attachmentsCount":0,"hasContent":false,"attachmentStep":false},{"name":"cur_password","time":{"start":1747185833896,"stop":1747185833896,"duration":0},"status":"passed","steps":[],"attachments":[],"parameters":[],"shouldDisplayMessage":false,"stepsCount":0,"attachmentsCount":0,"hasContent":false,"attachmentStep":false}],"testStage":{"description":"\n        Check: Menu section [Markets] > Menu item [Market analysis] > Article \"Solana price prediction: Can SOL\n                rebound?\" > Click on the [Could Solana become a Cardano side-chain?] item in the \"Table of Contents\" >\n                Click on the [announced] link in the text\n        Language: EN\n        License: ASIC\n        Author: Kasila\n        ","status":"broken","statusMessage":"selenium.common.exceptions.NoSuchElementException: Message: no such element: Unable to locate element: {\"method\":\"css selector\",\"selector\":\"div#main-frame-error\"}\n  (Session info: chrome=136.0.7103.59); For documentation on this error, please visit: https://www.selenium.dev/documentation/webdriver/troubleshooting/errors#no-such-element-exception\nStacktrace:\n#0 0x556f9ff1c78a <unknown>\n#1 0x556f9f9bf0a0 <unknown>\n#2 0x556f9fa109b0 <unknown>\n#3 0x556f9fa10ba1 <unknown>\n#4 0x556f9fa5eea4 <unknown>\n#5 0x556f9fa363cd <unknown>\n#6 0x556f9fa5c2a0 <unknown>\n#7 0x556f9fa36173 <unknown>\n#8 0x556f9fa02d4b <unknown>\n#9 0x556f9fa039b1 <unknown>\n#10 0x556f9fee193b <unknown>\n#11 0x556f9fee583a <unknown>\n#12 0x556f9fec9692 <unknown>\n#13 0x556f9fee63c4 <unknown>\n#14 0x556f9feae4cf <unknown>\n#15 0x556f9ff0a568 <unknown>\n#16 0x556f9ff0a746 <unknown>\n#17 0x556f9ff1b5f6 <unknown>\n#18 0x7fa8a069caa4 <unknown>\n#19 0x7fa8a0729c3c <unknown>","statusTrace":"self = <US_55-tassobaccato_ReTestsManual_test.TestManualDetectedBugs object at 0x7f004f18dd30>\nworker_id = 'master'\nd = <selenium.webdriver.chrome.webdriver.WebDriver (session=\"efe1d6a86f4d7dace149c4ec3d37f901\")>\ncur_language = '', cur_country = 'au', cur_role = 'NoAuth'\ncur_login = 'test001.miketar+1@gmail.com', cur_password = 'Qwer1234-!@#$'\n\n    @allure.step('Start retest manual AT_55!514 The page with text \"Page Not Found ... doesnt exist or has been moved\" is displayed')\n    @pytest.mark.parametrize('cur_language', [''])\n    @pytest.mark.parametrize('cur_country', ['au'])\n    @pytest.mark.parametrize('cur_role', [\"NoReg\", \"Auth\", \"NoAuth\"])\n    @pytest.mark.bug_514\n    def test_514(self, worker_id, d, cur_language, cur_country, cur_role, cur_login, cur_password):\n        \"\"\"\n        Check: Menu section [Markets] > Menu item [Market analysis] > Article \"Solana price prediction: Can SOL\n                rebound?\" > Click on the [Could Solana become a Cardano side-chain?] item in the \"Table of Contents\" >\n                Click on the [announced] link in the text\n        Language: EN\n        License: ASIC\n        Author: Kasila\n        \"\"\"\n    \n        bid = build_dynamic_arg_for_us_55(\n            d, worker_id, cur_language, cur_country, cur_role,\n            \"55\", \"ReTests of Manual Detected Bugs\",\n            \"514\", 'The page with text \"Page Not Found ... doesnt exist or has been moved\" is opened '\n                   'after clicking on [announced] link in the article \"Solana price prediction: Can SOL rebound?\" when '\n                   'selected ASIC license'\n        )\n    \n        link = apply_preconditions_to_link(d, cur_language, cur_country, cur_role, cur_login, cur_password)\n        menu = from_markets_menu_open_market_analysis.MenuNew(d, link)\n        cur_item_link = menu.from_markets_menu_open_market_analysis(d, cur_language, cur_country, link)\n    \n        test_element = AnnouncedLink(d, cur_item_link, bid)\n        test_element.announced_link(d, cur_item_link, link)\n        test_element.element_click()\n>       test_element.assert_()\n\ntests/US_55_ReTestsManual/tassobaccato/US_55-tassobaccato_ReTestsManual_test.py:737: \n_ _ _ _ _ _ _ _ _ _ _ _ _ _ _ _ _ _ _ _ _ _ _ _ _ _ _ _ _ _ _ _ _ _ _ _ _ _ _ _ \npages/BugsManual/bug_514.py:99: in assert_\n    main_frame_error = self.driver.find_element(By.CSS_SELECTOR, 'div#main-frame-error')\n../../../.cache/pypoetry/virtualenvs/testcapitalcompyse-CcJ6hTD8-py3.12/lib/python3.12/site-packages/selenium/webdriver/remote/webdriver.py:766: in find_element\n    return self.execute(Command.FIND_ELEMENT, {\"using\": by, \"value\": value})[\"value\"]\n../../../.cache/pypoetry/virtualenvs/testcapitalcompyse-CcJ6hTD8-py3.12/lib/python3.12/site-packages/selenium/webdriver/remote/webdriver.py:380: in execute\n    self.error_handler.check_response(response)\n_ _ _ _ _ _ _ _ _ _ _ _ _ _ _ _ _ _ _ _ _ _ _ _ _ _ _ _ _ _ _ _ _ _ _ _ _ _ _ _ \n\nself = <selenium.webdriver.remote.errorhandler.ErrorHandler object at 0x7f004f228620>\nresponse = {'status': 404, 'value': '{\"value\":{\"error\":\"no such element\",\"message\":\"no such element: Unable to locate element: {\\...\\\\n#17 0x556f9ff1b5f6 \\\\u003Cunknown>\\\\n#18 0x7fa8a069caa4 \\\\u003Cunknown>\\\\n#19 0x7fa8a0729c3c \\\\u003Cunknown>\\\\n\"}}'}\n\n    def check_response(self, response: Dict[str, Any]) -> None:\n        \"\"\"Checks that a JSON response from the WebDriver does not have an\n        error.\n    \n        :Args:\n         - response - The JSON response from the WebDriver server as a dictionary\n           object.\n    \n        :Raises: If the response contains an error message.\n        \"\"\"\n        status = response.get(\"status\", None)\n        if not status or status == ErrorCode.SUCCESS:\n            return\n        value = None\n        message = response.get(\"message\", \"\")\n        screen: str = response.get(\"screen\", \"\")\n        stacktrace = None\n        if isinstance(status, int):\n            value_json = response.get(\"value\", None)\n            if value_json and isinstance(value_json, str):\n                import json\n    \n                try:\n                    value = json.loads(value_json)\n                    if len(value) == 1:\n                        value = value[\"value\"]\n                    status = value.get(\"error\", None)\n                    if not status:\n                        status = value.get(\"status\", ErrorCode.UNKNOWN_ERROR)\n                        message = value.get(\"value\") or value.get(\"message\")\n                        if not isinstance(message, str):\n                            value = message\n                            message = message.get(\"message\")\n                    else:\n                        message = value.get(\"message\", None)\n                except ValueError:\n                    pass\n    \n        exception_class: Type[WebDriverException]\n        e = ErrorCode()\n        error_codes = [item for item in dir(e) if not item.startswith(\"__\")]\n        for error_code in error_codes:\n            error_info = getattr(ErrorCode, error_code)\n            if isinstance(error_info, list) and status in error_info:\n                exception_class = getattr(ExceptionMapping, error_code, WebDriverException)\n                break\n        else:\n            exception_class = WebDriverException\n    \n        if not value:\n            value = response[\"value\"]\n        if isinstance(value, str):\n            raise exception_class(value)\n        if message == \"\" and \"message\" in value:\n            message = value[\"message\"]\n    \n        screen = None  # type: ignore[assignment]\n        if \"screen\" in value:\n            screen = value[\"screen\"]\n    \n        stacktrace = None\n        st_value = value.get(\"stackTrace\") or value.get(\"stacktrace\")\n        if st_value:\n            if isinstance(st_value, str):\n                stacktrace = st_value.split(\"\\n\")\n            else:\n                stacktrace = []\n                try:\n                    for frame in st_value:\n                        line = frame.get(\"lineNumber\", \"\")\n                        file = frame.get(\"fileName\", \"<anonymous>\")\n                        if line:\n                            file = f\"{file}:{line}\"\n                        meth = frame.get(\"methodName\", \"<anonymous>\")\n                        if \"className\" in frame:\n                            meth = f\"{frame['className']}.{meth}\"\n                        msg = \"    at %s (%s)\"\n                        msg = msg % (meth, file)\n                        stacktrace.append(msg)\n                except TypeError:\n                    pass\n        if exception_class == UnexpectedAlertPresentException:\n            alert_text = None\n            if \"data\" in value:\n                alert_text = value[\"data\"].get(\"text\")\n            elif \"alert\" in value:\n                alert_text = value[\"alert\"].get(\"text\")\n            raise exception_class(message, screen, stacktrace, alert_text)  # type: ignore[call-arg]  # mypy is not smart enough here\n>       raise exception_class(message, screen, stacktrace)\nE       selenium.common.exceptions.NoSuchElementException: Message: no such element: Unable to locate element: {\"method\":\"css selector\",\"selector\":\"div#main-frame-error\"}\nE         (Session info: chrome=136.0.7103.59); For documentation on this error, please visit: https://www.selenium.dev/documentation/webdriver/troubleshooting/errors#no-such-element-exception\nE       Stacktrace:\nE       #0 0x556f9ff1c78a <unknown>\nE       #1 0x556f9f9bf0a0 <unknown>\nE       #2 0x556f9fa109b0 <unknown>\nE       #3 0x556f9fa10ba1 <unknown>\nE       #4 0x556f9fa5eea4 <unknown>\nE       #5 0x556f9fa363cd <unknown>\nE       #6 0x556f9fa5c2a0 <unknown>\nE       #7 0x556f9fa36173 <unknown>\nE       #8 0x556f9fa02d4b <unknown>\nE       #9 0x556f9fa039b1 <unknown>\nE       #10 0x556f9fee193b <unknown>\nE       #11 0x556f9fee583a <unknown>\nE       #12 0x556f9fec9692 <unknown>\nE       #13 0x556f9fee63c4 <unknown>\nE       #14 0x556f9feae4cf <unknown>\nE       #15 0x556f9ff0a568 <unknown>\nE       #16 0x556f9ff0a746 <unknown>\nE       #17 0x556f9ff1b5f6 <unknown>\nE       #18 0x7fa8a069caa4 <unknown>\nE       #19 0x7fa8a0729c3c <unknown>\n\n../../../.cache/pypoetry/virtualenvs/testcapitalcompyse-CcJ6hTD8-py3.12/lib/python3.12/site-packages/selenium/webdriver/remote/errorhandler.py:229: NoSuchElementException","steps":[{"name":"Start retest manual AT_55!514 The page with text \"Page Not Found ... doesnt exist or has been moved\" is displayed","time":{"start":1747188537832,"stop":1747188674083,"duration":136251},"status":"broken","statusMessage":"selenium.common.exceptions.NoSuchElementException: Message: no such element: Unable to locate element: {\"method\":\"css selector\",\"selector\":\"div#main-frame-error\"}\n  (Session info: chrome=136.0.7103.59); For documentation on this error, please visit: https://www.selenium.dev/documentation/webdriver/troubleshooting/errors#no-such-element-exception\nStacktrace:\n#0 0x556f9ff1c78a <unknown>\n#1 0x556f9f9bf0a0 <unknown>\n#2 0x556f9fa109b0 <unknown>\n#3 0x556f9fa10ba1 <unknown>\n#4 0x556f9fa5eea4 <unknown>\n#5 0x556f9fa363cd <unknown>\n#6 0x556f9fa5c2a0 <unknown>\n#7 0x556f9fa36173 <unknown>\n#8 0x556f9fa02d4b <unknown>\n#9 0x556f9fa039b1 <unknown>\n#10 0x556f9fee193b <unknown>\n#11 0x556f9fee583a <unknown>\n#12 0x556f9fec9692 <unknown>\n#13 0x556f9fee63c4 <unknown>\n#14 0x556f9feae4cf <unknown>\n#15 0x556f9ff0a568 <unknown>\n#16 0x556f9ff0a746 <unknown>\n#17 0x556f9ff1b5f6 <unknown>\n#18 0x7fa8a069caa4 <unknown>\n#19 0x7fa8a0729c3c <unknown>\n\n","statusTrace":"  File \"/home/runner/.cache/pypoetry/virtualenvs/testcapitalcompyse-CcJ6hTD8-py3.12/lib/python3.12/site-packages/allure_commons/_allure.py\", line 192, in impl\n    return func(*a, **kw)\n           ^^^^^^^^^^^^^^\n  File \"/home/runner/work/TestCapitalComPySe/TestCapitalComPySe/tests/US_55_ReTestsManual/tassobaccato/US_55-tassobaccato_ReTestsManual_test.py\", line 737, in test_514\n    test_element.assert_()\n  File \"/home/runner/.cache/pypoetry/virtualenvs/testcapitalcompyse-CcJ6hTD8-py3.12/lib/python3.12/site-packages/allure_commons/_allure.py\", line 192, in impl\n    return func(*a, **kw)\n           ^^^^^^^^^^^^^^\n  File \"/home/runner/work/TestCapitalComPySe/TestCapitalComPySe/pages/BugsManual/bug_514.py\", line 99, in assert_\n    main_frame_error = self.driver.find_element(By.CSS_SELECTOR, 'div#main-frame-error')\n                       ^^^^^^^^^^^^^^^^^^^^^^^^^^^^^^^^^^^^^^^^^^^^^^^^^^^^^^^^^^^^^^^^^\n  File \"/home/runner/.cache/pypoetry/virtualenvs/testcapitalcompyse-CcJ6hTD8-py3.12/lib/python3.12/site-packages/selenium/webdriver/remote/webdriver.py\", line 766, in find_element\n    return self.execute(Command.FIND_ELEMENT, {\"using\": by, \"value\": value})[\"value\"]\n           ^^^^^^^^^^^^^^^^^^^^^^^^^^^^^^^^^^^^^^^^^^^^^^^^^^^^^^^^^^^^^^^^^\n  File \"/home/runner/.cache/pypoetry/virtualenvs/testcapitalcompyse-CcJ6hTD8-py3.12/lib/python3.12/site-packages/selenium/webdriver/remote/webdriver.py\", line 380, in execute\n    self.error_handler.check_response(response)\n  File \"/home/runner/.cache/pypoetry/virtualenvs/testcapitalcompyse-CcJ6hTD8-py3.12/lib/python3.12/site-packages/selenium/webdriver/remote/errorhandler.py\", line 229, in check_response\n    raise exception_class(message, screen, stacktrace)\n","steps":[{"name":"Build dynamic argument for TCs of US_55","time":{"start":1747188537832,"stop":1747188537836,"duration":4},"status":"passed","steps":[],"attachments":[],"parameters":[{"name":"d","value":"<selenium.webdriver.chrome.webdriver.WebDriver (session=\"efe1d6a86f4d7dace149c4ec3d37f901\")>"},{"name":"worker_id","value":"'master'"},{"name":"cur_language","value":"''"},{"name":"cur_country","value":"'au'"},{"name":"cur_role","value":"'NoAuth'"},{"name":"us","value":"'55'"},{"name":"desc_us","value":"'ReTests of Manual Detected Bugs'"},{"name":"num_tc","value":"'514'"},{"name":"desc_tc","value":"'The page with text \"Page Not Found ... doesnt exist or has been moved\" is opened after clicking on [announced] link in the article \"Solana price prediction: Can SOL rebound?\" when selected ASIC license'"},{"name":"manual","value":"False"},{"name":"new_layout","value":"False"}],"shouldDisplayMessage":false,"stepsCount":0,"attachmentsCount":0,"hasContent":true,"attachmentStep":false},{"name":"   Set New preconditions","time":{"start":1747188537836,"stop":1747188562654,"duration":24818},"status":"passed","steps":[{"name":"2025-05-14 01:23:53.037542   Start Authorization","time":{"start":1747188550592,"stop":1747188554092,"duration":3500},"status":"passed","steps":[],"attachments":[],"parameters":[{"name":"d","value":"<selenium.webdriver.chrome.webdriver.WebDriver (session=\"efe1d6a86f4d7dace149c4ec3d37f901\")>"},{"name":"link","value":"'https://capital.com/en-gb'"},{"name":"login","value":"'test001.miketar+1@gmail.com'"},{"name":"password","value":"'Qwer1234-!@#$'"},{"name":"cur_role","value":"'NoAuth'"}],"shouldDisplayMessage":false,"stepsCount":0,"attachmentsCount":0,"hasContent":true,"attachmentStep":false},{"name":"2025-05-14 01:23:53.037554   Start Deauthorization","time":{"start":1747188554093,"stop":1747188555147,"duration":1054},"status":"passed","steps":[{"name":"Start Logout from account info menu in top bar","time":{"start":1747188554093,"stop":1747188555147,"duration":1054},"status":"passed","steps":[],"attachments":[],"parameters":[],"shouldDisplayMessage":false,"stepsCount":0,"attachmentsCount":0,"hasContent":false,"attachmentStep":false}],"attachments":[],"parameters":[{"name":"d","value":"<selenium.webdriver.chrome.webdriver.WebDriver (session=\"efe1d6a86f4d7dace149c4ec3d37f901\")>"},{"name":"link","value":"'https://capital.com/en-gb'"}],"shouldDisplayMessage":false,"stepsCount":1,"attachmentsCount":0,"hasContent":true,"attachmentStep":false},{"name":"2025-05-14 01:23:53.037564   Set language and country","time":{"start":1747188555147,"stop":1747188557616,"duration":2469},"status":"passed","steps":[],"attachments":[],"parameters":[{"name":"d","value":"<selenium.webdriver.chrome.webdriver.WebDriver (session=\"efe1d6a86f4d7dace149c4ec3d37f901\")>"},{"name":"cur_language","value":"'en'"},{"name":"cur_country","value":"'au'"}],"shouldDisplayMessage":false,"stepsCount":0,"attachmentsCount":0,"hasContent":true,"attachmentStep":false}],"attachments":[],"parameters":[{"name":"d","value":"<selenium.webdriver.chrome.webdriver.WebDriver (session=\"efe1d6a86f4d7dace149c4ec3d37f901\")>"},{"name":"host","value":"'https://capital.com/en-gb'"},{"name":"end_point","value":"''"},{"name":"cur_language","value":"''"},{"name":"cur_country","value":"'au'"},{"name":"cur_role","value":"'NoAuth'"},{"name":"cur_login","value":"'test001.miketar+1@gmail.com'"},{"name":"cur_password","value":"'Qwer1234-!@#$'"}],"shouldDisplayMessage":false,"stepsCount":4,"attachmentsCount":0,"hasContent":true,"attachmentStep":false},{"name":"Select \"Markets\" menu, \"Market analysis\" submenu","time":{"start":1747188562654,"stop":1747188570670,"duration":8016},"status":"passed","steps":[],"attachments":[],"parameters":[{"name":"d","value":"<selenium.webdriver.chrome.webdriver.WebDriver (session=\"efe1d6a86f4d7dace149c4ec3d37f901\")>"},{"name":"cur_language","value":"''"},{"name":"cur_country","value":"'au'"},{"name":"link","value":"'https://capital.com/en-au'"}],"shouldDisplayMessage":false,"stepsCount":0,"attachmentsCount":0,"hasContent":true,"attachmentStep":false},{"name":"2025-05-14 01:23:52.870867   Start testing that the page with 'Maple crypto-lending' content is opened‚Äù","time":{"start":1747188570670,"stop":1747188668579,"duration":97909},"status":"passed","steps":[],"attachments":[],"parameters":[{"name":"d","value":"<selenium.webdriver.chrome.webdriver.WebDriver (session=\"efe1d6a86f4d7dace149c4ec3d37f901\")>"},{"name":"cur_item_link","value":"'https://capital.com/en-au/analysis'"},{"name":"cur_link","value":"'https://capital.com/en-au'"}],"shouldDisplayMessage":false,"stepsCount":0,"attachmentsCount":0,"hasContent":true,"attachmentStep":false},{"name":"2025-05-14 01:23:52.870896   Assert","time":{"start":1747188668805,"stop":1747188674083,"duration":5278},"status":"broken","statusMessage":"selenium.common.exceptions.NoSuchElementException: Message: no such element: Unable to locate element: {\"method\":\"css selector\",\"selector\":\"div#main-frame-error\"}\n  (Session info: chrome=136.0.7103.59); For documentation on this error, please visit: https://www.selenium.dev/documentation/webdriver/troubleshooting/errors#no-such-element-exception\nStacktrace:\n#0 0x556f9ff1c78a <unknown>\n#1 0x556f9f9bf0a0 <unknown>\n#2 0x556f9fa109b0 <unknown>\n#3 0x556f9fa10ba1 <unknown>\n#4 0x556f9fa5eea4 <unknown>\n#5 0x556f9fa363cd <unknown>\n#6 0x556f9fa5c2a0 <unknown>\n#7 0x556f9fa36173 <unknown>\n#8 0x556f9fa02d4b <unknown>\n#9 0x556f9fa039b1 <unknown>\n#10 0x556f9fee193b <unknown>\n#11 0x556f9fee583a <unknown>\n#12 0x556f9fec9692 <unknown>\n#13 0x556f9fee63c4 <unknown>\n#14 0x556f9feae4cf <unknown>\n#15 0x556f9ff0a568 <unknown>\n#16 0x556f9ff0a746 <unknown>\n#17 0x556f9ff1b5f6 <unknown>\n#18 0x7fa8a069caa4 <unknown>\n#19 0x7fa8a0729c3c <unknown>\n\n","statusTrace":"  File \"/home/runner/.cache/pypoetry/virtualenvs/testcapitalcompyse-CcJ6hTD8-py3.12/lib/python3.12/site-packages/allure_commons/_allure.py\", line 192, in impl\n    return func(*a, **kw)\n           ^^^^^^^^^^^^^^\n  File \"/home/runner/work/TestCapitalComPySe/TestCapitalComPySe/pages/BugsManual/bug_514.py\", line 99, in assert_\n    main_frame_error = self.driver.find_element(By.CSS_SELECTOR, 'div#main-frame-error')\n                       ^^^^^^^^^^^^^^^^^^^^^^^^^^^^^^^^^^^^^^^^^^^^^^^^^^^^^^^^^^^^^^^^^\n  File \"/home/runner/.cache/pypoetry/virtualenvs/testcapitalcompyse-CcJ6hTD8-py3.12/lib/python3.12/site-packages/selenium/webdriver/remote/webdriver.py\", line 766, in find_element\n    return self.execute(Command.FIND_ELEMENT, {\"using\": by, \"value\": value})[\"value\"]\n           ^^^^^^^^^^^^^^^^^^^^^^^^^^^^^^^^^^^^^^^^^^^^^^^^^^^^^^^^^^^^^^^^^\n  File \"/home/runner/.cache/pypoetry/virtualenvs/testcapitalcompyse-CcJ6hTD8-py3.12/lib/python3.12/site-packages/selenium/webdriver/remote/webdriver.py\", line 380, in execute\n    self.error_handler.check_response(response)\n  File \"/home/runner/.cache/pypoetry/virtualenvs/testcapitalcompyse-CcJ6hTD8-py3.12/lib/python3.12/site-packages/selenium/webdriver/remote/errorhandler.py\", line 229, in check_response\n    raise exception_class(message, screen, stacktrace)\n","steps":[],"attachments":[{"uid":"46db195a08e6534c","name":"scr_qr","source":"46db195a08e6534c.png","type":"image/png","size":18293}],"parameters":[],"shouldDisplayMessage":true,"stepsCount":0,"attachmentsCount":1,"hasContent":true,"attachmentStep":false}],"attachments":[],"parameters":[{"name":"worker_id","value":"'master'"},{"name":"d","value":"<selenium.webdriver.chrome.webdriver.WebDriver (session=\"efe1d6a86f4d7dace149c4ec3d37f901\")>"},{"name":"cur_language","value":"''"},{"name":"cur_country","value":"'au'"},{"name":"cur_role","value":"'NoAuth'"},{"name":"cur_login","value":"'test001.miketar+1@gmail.com'"},{"name":"cur_password","value":"'Qwer1234-!@#$'"}],"shouldDisplayMessage":false,"stepsCount":9,"attachmentsCount":1,"hasContent":true,"attachmentStep":false}],"attachments":[{"uid":"231f7300554ba37d","name":"Screenshot","source":"231f7300554ba37d.png","type":"image/png","size":18293},{"uid":"30c6c8f7f357a267","name":"log","source":"30c6c8f7f357a267.txt","type":"text/plain","size":2818},{"uid":"690a7f2a8a3e57b4","name":"stdout","source":"690a7f2a8a3e57b4.txt","type":"text/plain","size":7773}],"parameters":[],"shouldDisplayMessage":true,"stepsCount":10,"attachmentsCount":4,"hasContent":true,"attachmentStep":false},"afterStages":[{"name":"d::0","time":{"start":1747190065305,"stop":1747190065718,"duration":413},"status":"passed","steps":[],"attachments":[],"parameters":[],"shouldDisplayMessage":false,"stepsCount":0,"attachmentsCount":0,"hasContent":false,"attachmentStep":false}],"labels":[{"name":"epic","value":"TC_55!514 | The page with text \"Page Not Found ... doesnt exist or has been moved\" is opened after clicking on [announced] link in the article \"Solana price prediction: Can SOL rebound?\" when selected ASIC license"},{"name":"feature","value":"Role: NoAuth"},{"name":"story","value":"Country: au"},{"name":"tag","value":"bug_514"},{"name":"tag","value":"us_55"},{"name":"parentSuite","value":"tests.US_55_ReTestsManual.tassobaccato"},{"name":"suite","value":"US_55-tassobaccato_ReTestsManual_test"},{"name":"subSuite","value":"TestManualDetectedBugs"},{"name":"host","value":"fv-az1694-935"},{"name":"thread","value":"19825-MainThread"},{"name":"framework","value":"pytest"},{"name":"language","value":"cpython3"},{"name":"package","value":"tests.US_55_ReTestsManual.tassobaccato.US_55-tassobaccato_ReTestsManual_test"},{"name":"resultFormat","value":"allure2"}],"parameters":[{"name":"cur_country","value":"'au'"},{"name":"cur_language","value":"''"},{"name":"cur_login","value":"'test001.miketar+1@gmail.com'"},{"name":"cur_password","value":"'Qwer1234-!@#$'"},{"name":"cur_role","value":"'NoAuth'"},{"name":"d","value":"'Chrome'"}],"links":[],"hidden":false,"retry":false,"extra":{"severity":"normal","retries":[],"categories":[{"name":"Test defects","matchedStatuses":[],"flaky":false}],"history":{"statistic":{"failed":0,"broken":17,"skipped":0,"passed":0,"unknown":0,"total":17},"items":[{"uid":"1f39d5c756e8dcb9","reportUrl":"https://AlexTomAQA.github.io/TestCapitalComPySe/407//#testresult/1f39d5c756e8dcb9","status":"broken","statusDetails":"selenium.common.exceptions.NoSuchElementException: Message: no such element: Unable to locate element: {\"method\":\"css selector\",\"selector\":\"div#main-frame-error\"}\n  (Session info: chrome=136.0.7103.59); For documentation on this error, please visit: https://www.selenium.dev/documentation/webdriver/troubleshooting/errors#no-such-element-exception\nStacktrace:\n#0 0x555f4a8ad78a <unknown>\n#1 0x555f4a3500a0 <unknown>\n#2 0x555f4a3a19b0 <unknown>\n#3 0x555f4a3a1ba1 <unknown>\n#4 0x555f4a3efea4 <unknown>\n#5 0x555f4a3c73cd <unknown>\n#6 0x555f4a3ed2a0 <unknown>\n#7 0x555f4a3c7173 <unknown>\n#8 0x555f4a393d4b <unknown>\n#9 0x555f4a3949b1 <unknown>\n#10 0x555f4a87293b <unknown>\n#11 0x555f4a87683a <unknown>\n#12 0x555f4a85a692 <unknown>\n#13 0x555f4a8773c4 <unknown>\n#14 0x555f4a83f4cf <unknown>\n#15 0x555f4a89b568 <unknown>\n#16 0x555f4a89b746 <unknown>\n#17 0x555f4a8ac5f6 <unknown>\n#18 0x7f6586c9caa4 <unknown>\n#19 0x7f6586d29c3c <unknown>","time":{"start":1747101627853,"stop":1747101761947,"duration":134094}},{"uid":"76686b06258457d9","reportUrl":"https://AlexTomAQA.github.io/TestCapitalComPySe/406//#testresult/76686b06258457d9","status":"broken","statusDetails":"selenium.common.exceptions.NoSuchElementException: Message: no such element: Unable to locate element: {\"method\":\"css selector\",\"selector\":\"div#main-frame-error\"}\n  (Session info: chrome=136.0.7103.59); For documentation on this error, please visit: https://www.selenium.dev/documentation/webdriver/troubleshooting/errors#no-such-element-exception\nStacktrace:\n#0 0x557884b6278a <unknown>\n#1 0x5578846050a0 <unknown>\n#2 0x5578846569b0 <unknown>\n#3 0x557884656ba1 <unknown>\n#4 0x5578846a4ea4 <unknown>\n#5 0x55788467c3cd <unknown>\n#6 0x5578846a22a0 <unknown>\n#7 0x55788467c173 <unknown>\n#8 0x557884648d4b <unknown>\n#9 0x5578846499b1 <unknown>\n#10 0x557884b2793b <unknown>\n#11 0x557884b2b83a <unknown>\n#12 0x557884b0f692 <unknown>\n#13 0x557884b2c3c4 <unknown>\n#14 0x557884af44cf <unknown>\n#15 0x557884b50568 <unknown>\n#16 0x557884b50746 <unknown>\n#17 0x557884b615f6 <unknown>\n#18 0x7fe45689caa4 <unknown>\n#19 0x7fe456929c3c <unknown>","time":{"start":1747016191379,"stop":1747016325997,"duration":134618}},{"uid":"1234df7e6b3ef923","reportUrl":"https://AlexTomAQA.github.io/TestCapitalComPySe/405//#testresult/1234df7e6b3ef923","status":"broken","statusDetails":"selenium.common.exceptions.NoSuchElementException: Message: no such element: Unable to locate element: {\"method\":\"css selector\",\"selector\":\"div#main-frame-error\"}\n  (Session info: chrome=136.0.7103.59); For documentation on this error, please visit: https://www.selenium.dev/documentation/webdriver/troubleshooting/errors#no-such-element-exception\nStacktrace:\n#0 0x5575a199e78a <unknown>\n#1 0x5575a14410a0 <unknown>\n#2 0x5575a14929b0 <unknown>\n#3 0x5575a1492ba1 <unknown>\n#4 0x5575a14e0ea4 <unknown>\n#5 0x5575a14b83cd <unknown>\n#6 0x5575a14de2a0 <unknown>\n#7 0x5575a14b8173 <unknown>\n#8 0x5575a1484d4b <unknown>\n#9 0x5575a14859b1 <unknown>\n#10 0x5575a196393b <unknown>\n#11 0x5575a196783a <unknown>\n#12 0x5575a194b692 <unknown>\n#13 0x5575a19683c4 <unknown>\n#14 0x5575a19304cf <unknown>\n#15 0x5575a198c568 <unknown>\n#16 0x5575a198c746 <unknown>\n#17 0x5575a199d5f6 <unknown>\n#18 0x7f048729caa4 <unknown>\n#19 0x7f0487329c3c <unknown>","time":{"start":1746929708948,"stop":1746929843357,"duration":134409}},{"uid":"7a557d6b8d6e6bdc","reportUrl":"https://AlexTomAQA.github.io/TestCapitalComPySe/404//#testresult/7a557d6b8d6e6bdc","status":"broken","statusDetails":"selenium.common.exceptions.NoSuchElementException: Message: no such element: Unable to locate element: {\"method\":\"css selector\",\"selector\":\"div#main-frame-error\"}\n  (Session info: chrome=136.0.7103.59); For documentation on this error, please visit: https://www.selenium.dev/documentation/webdriver/troubleshooting/errors#no-such-element-exception\nStacktrace:\n#0 0x55926d4e678a <unknown>\n#1 0x55926cf890a0 <unknown>\n#2 0x55926cfda9b0 <unknown>\n#3 0x55926cfdaba1 <unknown>\n#4 0x55926d028ea4 <unknown>\n#5 0x55926d0003cd <unknown>\n#6 0x55926d0262a0 <unknown>\n#7 0x55926d000173 <unknown>\n#8 0x55926cfccd4b <unknown>\n#9 0x55926cfcd9b1 <unknown>\n#10 0x55926d4ab93b <unknown>\n#11 0x55926d4af83a <unknown>\n#12 0x55926d493692 <unknown>\n#13 0x55926d4b03c4 <unknown>\n#14 0x55926d4784cf <unknown>\n#15 0x55926d4d4568 <unknown>\n#16 0x55926d4d4746 <unknown>\n#17 0x55926d4e55f6 <unknown>\n#18 0x7fb0fe09caa4 <unknown>\n#19 0x7fb0fe129c3c <unknown>","time":{"start":1746842359609,"stop":1746842493956,"duration":134347}},{"uid":"b2c4ed71870cbee5","reportUrl":"https://AlexTomAQA.github.io/TestCapitalComPySe/403//#testresult/b2c4ed71870cbee5","status":"broken","statusDetails":"selenium.common.exceptions.NoSuchElementException: Message: no such element: Unable to locate element: {\"method\":\"css selector\",\"selector\":\"div#main-frame-error\"}\n  (Session info: chrome=136.0.7103.59); For documentation on this error, please visit: https://www.selenium.dev/documentation/webdriver/troubleshooting/errors#no-such-element-exception\nStacktrace:\n#0 0x55d8e060978a <unknown>\n#1 0x55d8e00ac0a0 <unknown>\n#2 0x55d8e00fd9b0 <unknown>\n#3 0x55d8e00fdba1 <unknown>\n#4 0x55d8e014bea4 <unknown>\n#5 0x55d8e01233cd <unknown>\n#6 0x55d8e01492a0 <unknown>\n#7 0x55d8e0123173 <unknown>\n#8 0x55d8e00efd4b <unknown>\n#9 0x55d8e00f09b1 <unknown>\n#10 0x55d8e05ce93b <unknown>\n#11 0x55d8e05d283a <unknown>\n#12 0x55d8e05b6692 <unknown>\n#13 0x55d8e05d33c4 <unknown>\n#14 0x55d8e059b4cf <unknown>\n#15 0x55d8e05f7568 <unknown>\n#16 0x55d8e05f7746 <unknown>\n#17 0x55d8e06085f6 <unknown>\n#18 0x7f7b5349caa4 <unknown>\n#19 0x7f7b53529c3c <unknown>","time":{"start":1746755941448,"stop":1746756077616,"duration":136168}},{"uid":"af7b275a8eab543f","reportUrl":"https://AlexTomAQA.github.io/TestCapitalComPySe/402//#testresult/af7b275a8eab543f","status":"broken","statusDetails":"selenium.common.exceptions.NoSuchElementException: Message: no such element: Unable to locate element: {\"method\":\"css selector\",\"selector\":\"div#main-frame-error\"}\n  (Session info: chrome=136.0.7103.59); For documentation on this error, please visit: https://www.selenium.dev/documentation/webdriver/troubleshooting/errors#no-such-element-exception\nStacktrace:\n#0 0x5605c9bd878a <unknown>\n#1 0x5605c967b0a0 <unknown>\n#2 0x5605c96cc9b0 <unknown>\n#3 0x5605c96ccba1 <unknown>\n#4 0x5605c971aea4 <unknown>\n#5 0x5605c96f23cd <unknown>\n#6 0x5605c97182a0 <unknown>\n#7 0x5605c96f2173 <unknown>\n#8 0x5605c96bed4b <unknown>\n#9 0x5605c96bf9b1 <unknown>\n#10 0x5605c9b9d93b <unknown>\n#11 0x5605c9ba183a <unknown>\n#12 0x5605c9b85692 <unknown>\n#13 0x5605c9ba23c4 <unknown>\n#14 0x5605c9b6a4cf <unknown>\n#15 0x5605c9bc6568 <unknown>\n#16 0x5605c9bc6746 <unknown>\n#17 0x5605c9bd75f6 <unknown>\n#18 0x7ff797a9caa4 <unknown>\n#19 0x7ff797b29c3c <unknown>","time":{"start":1746669565356,"stop":1746669699371,"duration":134015}},{"uid":"78a36d65c479f02b","reportUrl":"https://AlexTomAQA.github.io/TestCapitalComPySe/401//#testresult/78a36d65c479f02b","status":"broken","statusDetails":"selenium.common.exceptions.NoSuchElementException: Message: no such element: Unable to locate element: {\"method\":\"css selector\",\"selector\":\"div#main-frame-error\"}\n  (Session info: chrome=135.0.7049.114); For documentation on this error, please visit: https://www.selenium.dev/documentation/webdriver/troubleshooting/errors#no-such-element-exception\nStacktrace:\n#0 0x55e49777f75a <unknown>\n#1 0x55e4972324b0 <unknown>\n#2 0x55e4972839b3 <unknown>\n#3 0x55e497283ba1 <unknown>\n#4 0x55e4972d21f4 <unknown>\n#5 0x55e4972a95bd <unknown>\n#6 0x55e4972cf5e0 <unknown>\n#7 0x55e4972a9363 <unknown>\n#8 0x55e497275d63 <unknown>\n#9 0x55e4972769c1 <unknown>\n#10 0x55e497744a6b <unknown>\n#11 0x55e497748951 <unknown>\n#12 0x55e49772cb62 <unknown>\n#13 0x55e4977494c4 <unknown>\n#14 0x55e49771113f <unknown>\n#15 0x55e49776d6f8 <unknown>\n#16 0x55e49776d8d6 <unknown>\n#17 0x55e49777e5a6 <unknown>\n#18 0x7f859549caa4 <unknown>\n#19 0x7f8595529c3c <unknown>","time":{"start":1746583257916,"stop":1746583393010,"duration":135094}},{"uid":"d9a888903891e2a6","reportUrl":"https://AlexTomAQA.github.io/TestCapitalComPySe/400//#testresult/d9a888903891e2a6","status":"broken","statusDetails":"selenium.common.exceptions.NoSuchElementException: Message: no such element: Unable to locate element: {\"method\":\"css selector\",\"selector\":\"div#main-frame-error\"}\n  (Session info: chrome=135.0.7049.114); For documentation on this error, please visit: https://www.selenium.dev/documentation/webdriver/troubleshooting/errors#no-such-element-exception\nStacktrace:\n#0 0x55af76dcf75a <unknown>\n#1 0x55af768824b0 <unknown>\n#2 0x55af768d39b3 <unknown>\n#3 0x55af768d3ba1 <unknown>\n#4 0x55af769221f4 <unknown>\n#5 0x55af768f95bd <unknown>\n#6 0x55af7691f5e0 <unknown>\n#7 0x55af768f9363 <unknown>\n#8 0x55af768c5d63 <unknown>\n#9 0x55af768c69c1 <unknown>\n#10 0x55af76d94a6b <unknown>\n#11 0x55af76d98951 <unknown>\n#12 0x55af76d7cb62 <unknown>\n#13 0x55af76d994c4 <unknown>\n#14 0x55af76d6113f <unknown>\n#15 0x55af76dbd6f8 <unknown>\n#16 0x55af76dbd8d6 <unknown>\n#17 0x55af76dce5a6 <unknown>\n#18 0x7ff69aa9caa4 <unknown>\n#19 0x7ff69ab29c3c <unknown>","time":{"start":1746498224987,"stop":1746498360537,"duration":135550}},{"uid":"9a4ae24af28d856b","reportUrl":"https://AlexTomAQA.github.io/TestCapitalComPySe/399//#testresult/9a4ae24af28d856b","status":"broken","statusDetails":"selenium.common.exceptions.NoSuchElementException: Message: no such element: Unable to locate element: {\"method\":\"css selector\",\"selector\":\"div#main-frame-error\"}\n  (Session info: chrome=135.0.7049.114); For documentation on this error, please visit: https://www.selenium.dev/documentation/webdriver/troubleshooting/errors#no-such-element-exception\nStacktrace:\n#0 0x56201c86d75a <unknown>\n#1 0x56201c3204b0 <unknown>\n#2 0x56201c3719b3 <unknown>\n#3 0x56201c371ba1 <unknown>\n#4 0x56201c3c01f4 <unknown>\n#5 0x56201c3975bd <unknown>\n#6 0x56201c3bd5e0 <unknown>\n#7 0x56201c397363 <unknown>\n#8 0x56201c363d63 <unknown>\n#9 0x56201c3649c1 <unknown>\n#10 0x56201c832a6b <unknown>\n#11 0x56201c836951 <unknown>\n#12 0x56201c81ab62 <unknown>\n#13 0x56201c8374c4 <unknown>\n#14 0x56201c7ff13f <unknown>\n#15 0x56201c85b6f8 <unknown>\n#16 0x56201c85b8d6 <unknown>\n#17 0x56201c86c5a6 <unknown>\n#18 0x7f151d89caa4 <unknown>\n#19 0x7f151d929c3c <unknown>","time":{"start":1746412365155,"stop":1746412500635,"duration":135480}},{"uid":"b0e400eda000325f","reportUrl":"https://AlexTomAQA.github.io/TestCapitalComPySe/398//#testresult/b0e400eda000325f","status":"broken","statusDetails":"selenium.common.exceptions.NoSuchElementException: Message: no such element: Unable to locate element: {\"method\":\"css selector\",\"selector\":\"div#main-frame-error\"}\n  (Session info: chrome=135.0.7049.114); For documentation on this error, please visit: https://www.selenium.dev/documentation/webdriver/troubleshooting/errors#no-such-element-exception\nStacktrace:\n#0 0x5625f493575a <unknown>\n#1 0x5625f43e84b0 <unknown>\n#2 0x5625f44399b3 <unknown>\n#3 0x5625f4439ba1 <unknown>\n#4 0x5625f44881f4 <unknown>\n#5 0x5625f445f5bd <unknown>\n#6 0x5625f44855e0 <unknown>\n#7 0x5625f445f363 <unknown>\n#8 0x5625f442bd63 <unknown>\n#9 0x5625f442c9c1 <unknown>\n#10 0x5625f48faa6b <unknown>\n#11 0x5625f48fe951 <unknown>\n#12 0x5625f48e2b62 <unknown>\n#13 0x5625f48ff4c4 <unknown>\n#14 0x5625f48c713f <unknown>\n#15 0x5625f49236f8 <unknown>\n#16 0x5625f49238d6 <unknown>\n#17 0x5625f49345a6 <unknown>\n#18 0x7f741889caa4 <unknown>\n#19 0x7f7418929c3c <unknown>","time":{"start":1746325465573,"stop":1746325596843,"duration":131270}},{"uid":"7a8a3348995b5d8","reportUrl":"https://AlexTomAQA.github.io/TestCapitalComPySe/397//#testresult/7a8a3348995b5d8","status":"broken","statusDetails":"selenium.common.exceptions.NoSuchElementException: Message: no such element: Unable to locate element: {\"method\":\"css selector\",\"selector\":\".tableOfContent_frame__1c2SI\"}\n  (Session info: chrome=135.0.7049.114); For documentation on this error, please visit: https://www.selenium.dev/documentation/webdriver/troubleshooting/errors#no-such-element-exception\nStacktrace:\n#0 0x561361bda75a <unknown>\n#1 0x56136168d4b0 <unknown>\n#2 0x5613616de9b3 <unknown>\n#3 0x5613616deba1 <unknown>\n#4 0x56136172d1f4 <unknown>\n#5 0x5613617045bd <unknown>\n#6 0x56136172a5e0 <unknown>\n#7 0x561361704363 <unknown>\n#8 0x5613616d0d63 <unknown>\n#9 0x5613616d19c1 <unknown>\n#10 0x561361b9fa6b <unknown>\n#11 0x561361ba3951 <unknown>\n#12 0x561361b87b62 <unknown>\n#13 0x561361ba44c4 <unknown>\n#14 0x561361b6c13f <unknown>\n#15 0x561361bc86f8 <unknown>\n#16 0x561361bc88d6 <unknown>\n#17 0x561361bd95a6 <unknown>\n#18 0x7efddf69caa4 <unknown>\n#19 0x7efddf729c3c <unknown>","time":{"start":1746239927446,"stop":1746240087287,"duration":159841}},{"uid":"810b09fdb7eef9d2","reportUrl":"https://AlexTomAQA.github.io/TestCapitalComPySe/396//#testresult/810b09fdb7eef9d2","status":"broken","statusDetails":"selenium.common.exceptions.NoSuchElementException: Message: no such element: Unable to locate element: {\"method\":\"css selector\",\"selector\":\"div#main-frame-error\"}\n  (Session info: chrome=135.0.7049.114); For documentation on this error, please visit: https://www.selenium.dev/documentation/webdriver/troubleshooting/errors#no-such-element-exception\nStacktrace:\n#0 0x55e2f67de75a <unknown>\n#1 0x55e2f62914b0 <unknown>\n#2 0x55e2f62e29b3 <unknown>\n#3 0x55e2f62e2ba1 <unknown>\n#4 0x55e2f63311f4 <unknown>\n#5 0x55e2f63085bd <unknown>\n#6 0x55e2f632e5e0 <unknown>\n#7 0x55e2f6308363 <unknown>\n#8 0x55e2f62d4d63 <unknown>\n#9 0x55e2f62d59c1 <unknown>\n#10 0x55e2f67a3a6b <unknown>\n#11 0x55e2f67a7951 <unknown>\n#12 0x55e2f678bb62 <unknown>\n#13 0x55e2f67a84c4 <unknown>\n#14 0x55e2f677013f <unknown>\n#15 0x55e2f67cc6f8 <unknown>\n#16 0x55e2f67cc8d6 <unknown>\n#17 0x55e2f67dd5a6 <unknown>\n#18 0x7fb78349caa4 <unknown>\n#19 0x7fb783529c3c <unknown>","time":{"start":1746152436564,"stop":1746152566007,"duration":129443}},{"uid":"88f43ae951a8246f","reportUrl":"https://AlexTomAQA.github.io/TestCapitalComPySe/395//#testresult/88f43ae951a8246f","status":"broken","statusDetails":"selenium.common.exceptions.NoSuchElementException: Message: no such element: Unable to locate element: {\"method\":\"css selector\",\"selector\":\"div#main-frame-error\"}\n  (Session info: chrome=135.0.7049.114); For documentation on this error, please visit: https://www.selenium.dev/documentation/webdriver/troubleshooting/errors#no-such-element-exception\nStacktrace:\n#0 0x562957a1c75a <unknown>\n#1 0x5629574cf4b0 <unknown>\n#2 0x5629575209b3 <unknown>\n#3 0x562957520ba1 <unknown>\n#4 0x56295756f1f4 <unknown>\n#5 0x5629575465bd <unknown>\n#6 0x56295756c5e0 <unknown>\n#7 0x562957546363 <unknown>\n#8 0x562957512d63 <unknown>\n#9 0x5629575139c1 <unknown>\n#10 0x5629579e1a6b <unknown>\n#11 0x5629579e5951 <unknown>\n#12 0x5629579c9b62 <unknown>\n#13 0x5629579e64c4 <unknown>\n#14 0x5629579ae13f <unknown>\n#15 0x562957a0a6f8 <unknown>\n#16 0x562957a0a8d6 <unknown>\n#17 0x562957a1b5a6 <unknown>\n#18 0x7f9b65a9caa4 <unknown>\n#19 0x7f9b65b29c3c <unknown>","time":{"start":1746065880931,"stop":1746066010632,"duration":129701}},{"uid":"ec0756fea11d363a","reportUrl":"https://AlexTomAQA.github.io/TestCapitalComPySe/394//#testresult/ec0756fea11d363a","status":"broken","statusDetails":"selenium.common.exceptions.NoSuchElementException: Message: no such element: Unable to locate element: {\"method\":\"css selector\",\"selector\":\".tableOfContent_frame__1c2SI\"}\n  (Session info: chrome=135.0.7049.114); For documentation on this error, please visit: https://www.selenium.dev/documentation/webdriver/troubleshooting/errors#no-such-element-exception\nStacktrace:\n#0 0x5605a0d8775a <unknown>\n#1 0x5605a083a4b0 <unknown>\n#2 0x5605a088b9b3 <unknown>\n#3 0x5605a088bba1 <unknown>\n#4 0x5605a08da1f4 <unknown>\n#5 0x5605a08b15bd <unknown>\n#6 0x5605a08d75e0 <unknown>\n#7 0x5605a08b1363 <unknown>\n#8 0x5605a087dd63 <unknown>\n#9 0x5605a087e9c1 <unknown>\n#10 0x5605a0d4ca6b <unknown>\n#11 0x5605a0d50951 <unknown>\n#12 0x5605a0d34b62 <unknown>\n#13 0x5605a0d514c4 <unknown>\n#14 0x5605a0d1913f <unknown>\n#15 0x5605a0d756f8 <unknown>\n#16 0x5605a0d758d6 <unknown>\n#17 0x5605a0d865a6 <unknown>\n#18 0x7f544c49caa4 <unknown>\n#19 0x7f544c529c3c <unknown>","time":{"start":1745980721289,"stop":1745980880874,"duration":159585}},{"uid":"15e425cbb7fd88be","reportUrl":"https://AlexTomAQA.github.io/TestCapitalComPySe/393//#testresult/15e425cbb7fd88be","status":"broken","statusDetails":"selenium.common.exceptions.NoSuchElementException: Message: no such element: Unable to locate element: {\"method\":\"css selector\",\"selector\":\"div#main-frame-error\"}\n  (Session info: chrome=135.0.7049.95); For documentation on this error, please visit: https://www.selenium.dev/documentation/webdriver/troubleshooting/errors#no-such-element-exception\nStacktrace:\n#0 0x55c378c5b75a <unknown>\n#1 0x55c37870e4b0 <unknown>\n#2 0x55c37875f9b3 <unknown>\n#3 0x55c37875fba1 <unknown>\n#4 0x55c3787ae1f4 <unknown>\n#5 0x55c3787855bd <unknown>\n#6 0x55c3787ab5e0 <unknown>\n#7 0x55c378785363 <unknown>\n#8 0x55c378751d63 <unknown>\n#9 0x55c3787529c1 <unknown>\n#10 0x55c378c20a6b <unknown>\n#11 0x55c378c24951 <unknown>\n#12 0x55c378c08b62 <unknown>\n#13 0x55c378c254c4 <unknown>\n#14 0x55c378bed13f <unknown>\n#15 0x55c378c496f8 <unknown>\n#16 0x55c378c498d6 <unknown>\n#17 0x55c378c5a5a6 <unknown>\n#18 0x7f6599c9caa4 <unknown>\n#19 0x7f6599d29c3c <unknown>","time":{"start":1745894563703,"stop":1745894690079,"duration":126376}},{"uid":"2db72650e2c8301a","reportUrl":"https://AlexTomAQA.github.io/TestCapitalComPySe/392//#testresult/2db72650e2c8301a","status":"broken","statusDetails":"selenium.common.exceptions.NoSuchElementException: Message: no such element: Unable to locate element: {\"method\":\"css selector\",\"selector\":\"div#main-frame-error\"}\n  (Session info: chrome=135.0.7049.95); For documentation on this error, please visit: https://www.selenium.dev/documentation/webdriver/troubleshooting/errors#no-such-element-exception\nStacktrace:\n#0 0x56356004175a <unknown>\n#1 0x56355faf44b0 <unknown>\n#2 0x56355fb459b3 <unknown>\n#3 0x56355fb45ba1 <unknown>\n#4 0x56355fb941f4 <unknown>\n#5 0x56355fb6b5bd <unknown>\n#6 0x56355fb915e0 <unknown>\n#7 0x56355fb6b363 <unknown>\n#8 0x56355fb37d63 <unknown>\n#9 0x56355fb389c1 <unknown>\n#10 0x563560006a6b <unknown>\n#11 0x56356000a951 <unknown>\n#12 0x56355ffeeb62 <unknown>\n#13 0x56356000b4c4 <unknown>\n#14 0x56355ffd313f <unknown>\n#15 0x56356002f6f8 <unknown>\n#16 0x56356002f8d6 <unknown>\n#17 0x5635600405a6 <unknown>\n#18 0x7f532f49caa4 <unknown>\n#19 0x7f532f529c3c <unknown>","time":{"start":1745808302846,"stop":1745808428207,"duration":125361}}]},"tags":["us_55","bug_514"]},"source":"dfe0aa535ef3cfcd.json","parameterValues":["'au'","''","'test001.miketar+1@gmail.com'","'Qwer1234-!@#$'","'NoAuth'","'Chrome'"]}