2024-09-16 23:39:01 ERROR Elements not present after 0.5 seconds on page: https://capital.com/cn/professional-clients
2024-09-16 23:39:01 ERROR 
Traceback (most recent call last):
  File "/home/runner/work/TestCapitalComPySe/TestCapitalComPySe/pages/base_page.py", line 86, in inner_function
    return func(*args, **kwargs)
           ^^^^^^^^^^^^^^^^^^^^^
  File "/home/runner/work/TestCapitalComPySe/TestCapitalComPySe/pages/base_page.py", line 305, in element_is_visible
    return Wait(self.driver, timeout).until(
           ^^^^^^^^^^^^^^^^^^^^^^^^^^^^^^^^^
  File "/home/runner/.cache/pypoetry/virtualenvs/testcapitalcompyse-CcJ6hTD8-py3.12/lib/python3.12/site-packages/selenium/webdriver/support/wait.py", line 105, in until
    raise TimeoutException(message, screen, stacktrace)
selenium.common.exceptions.TimeoutException: Message: 
Stacktrace:
#0 0x55a3e3d1d2da <unknown>
#1 0x55a3e39eb200 <unknown>
#2 0x55a3e3a3aaa2 <unknown>
#3 0x55a3e3a3ad41 <unknown>
#4 0x55a3e3a80964 <unknown>
#5 0x55a3e3a5f8fd <unknown>
#6 0x55a3e3a7ddfd <unknown>
#7 0x55a3e3a5f673 <unknown>
#8 0x55a3e3a2d473 <unknown>
#9 0x55a3e3a2e47e <unknown>
#10 0x55a3e3ce40db <unknown>
#11 0x55a3e3ce8071 <unknown>
#12 0x55a3e3cd09d5 <unknown>
#13 0x55a3e3ce8bf2 <unknown>
#14 0x55a3e3cb5b6f <unknown>
#15 0x55a3e3d0c248 <unknown>
#16 0x55a3e3d0c417 <unknown>
#17 0x55a3e3d1c0cc <unknown>
#18 0x7f9267e94ac3 <unknown>