{"uid":"a6cffdde0cdef634","name":"TC_00.00_008 | Start test of button [Download on the App Store] in 'Our Apps' block. Bid:00.00_008-en.de.Auth","fullName":"tests.US_00_Main_page.US_00-00_Main_page.us_00-00_main_page_test.TestMainPage#test_008_download_on_the_app_store_button_in_our_apps_block","historyId":"7893a9be2eeb2d5c0befd2aab9718a4f","time":{"start":1714128987449,"stop":1714128990178,"duration":2729},"description":"\n        Check: Button [Download on the App Store] in 'Our Apps' block\n        Language: ALL. License: Not FCA.\n        ","descriptionHtml":"<pre><code>    Check: Button [Download on the App Store] in 'Our Apps' block\n    Language: ALL. License: Not FCA.\n</code></pre>\n","status":"failed","statusMessage":"AssertionError","statusTrace":"self = <us_00-00_main_page_test.TestMainPage object at 0x7f40f9e2cef0>\nworker_id = 'master'\nd = <selenium.webdriver.chrome.webdriver.WebDriver (session=\"d8790904ecc34cb75bbca1d1402966e7\")>\ncur_language = '', cur_country = 'de', cur_role = 'Auth'\ncur_login = 'test001.miketar+1@gmail.com', cur_password = 'Qwer1234-!@#$'\n\n    @allure.step(\"Start test of button [Download on the App Store] in 'Our Apps' block\")\n    @pytest.mark.test_008\n    def test_008_download_on_the_app_store_button_in_our_apps_block(\n            self, worker_id, d, cur_language, cur_country, cur_role, cur_login, cur_password):\n        \"\"\"\n        Check: Button [Download on the App Store] in 'Our Apps' block\n        Language: ALL. License: Not FCA.\n        \"\"\"\n    \n        bid = build_dynamic_arg_v4(\n            d, worker_id, cur_language, cur_country, cur_role,\n            \"00\", \"Main Page\",\n            \".00_008\",\n            \"Start test of button [Download on the App Store] in 'Our Apps' block\",\n            False, False\n        )\n    \n        Common().check_country_in_list_and_skip_if_not_present(\n            cur_country,\n            ['de', 'au', 'ae']\n        )\n    \n        page_conditions = Conditions(d, \"\")\n        main_page_link = page_conditions.preconditions(\n            d, CapitalComPageSrc.URL, \"\", cur_language, cur_country, cur_role, cur_login, cur_password)\n    \n        test_element = OurAppsBlockDownloadOnTheAppStoreButton(d, main_page_link, bid)\n>       test_element.full_test(d, cur_language, cur_country, cur_role, main_page_link)\n\ntests/US_00_Main_page/US_00-00_Main_page/us_00-00_main_page_test.py:470: \n_ _ _ _ _ _ _ _ _ _ _ _ _ _ _ _ _ _ _ _ _ _ _ _ _ _ _ _ _ _ _ _ _ _ _ _ _ _ _ _ \npages/Elements/OurAppsBlockDownloadOnTheAppStoreButton.py:38: in full_test\n    test_element.assert_app_store(d, cur_item_link)\npages/Elements/AssertClass.py:197: in assert_app_store\n    self.page_app_store.should_be_app_store_page(cur_link)\npages/AppStore/app_store.py:23: in should_be_app_store_page\n    self.should_be_app_store_specifies_provider(data[\"PROVIDER\"])\n_ _ _ _ _ _ _ _ _ _ _ _ _ _ _ _ _ _ _ _ _ _ _ _ _ _ _ _ _ _ _ _ _ _ _ _ _ _ _ _ \n\nself = <pages.AppStore.app_store.AppStore object at 0x7f40f8fe8110>\nprovider = 'Capital Com SV Investments Limited'\n\n    @allure.step(\"Checking that the App Store specifies provider\")\n    def should_be_app_store_specifies_provider(self, provider):\n        \"\"\"Check if the specifies provider\"\"\"\n        print(f\"{datetime.now()}   Checking that the App Store specifies provider\")\n>       assert self.get_text(0, *AppStoreLocators.PROVIDER) == provider\nE       AssertionError\n\npages/AppStore/app_store.py:64: AssertionError","flaky":false,"newFailed":false,"newBroken":false,"newPassed":false,"retriesCount":0,"retriesStatusChange":false,"beforeStages":[{"name":"d","time":{"start":1714128905533,"stop":1714128913265,"duration":7732},"status":"passed","steps":[],"attachments":[],"parameters":[],"shouldDisplayMessage":false,"stepsCount":0,"attachmentsCount":0,"hasContent":false,"attachmentStep":false},{"name":"worker_id","time":{"start":1714128913265,"stop":1714128913265,"duration":0},"status":"passed","steps":[],"attachments":[],"parameters":[],"shouldDisplayMessage":false,"stepsCount":0,"attachmentsCount":0,"hasContent":false,"attachmentStep":false},{"name":"cur_country","time":{"start":1714128913265,"stop":1714128913265,"duration":0},"status":"passed","steps":[],"attachments":[],"parameters":[],"shouldDisplayMessage":false,"stepsCount":0,"attachmentsCount":0,"hasContent":false,"attachmentStep":false},{"name":"cur_role","time":{"start":1714128913265,"stop":1714128913265,"duration":0},"status":"passed","steps":[],"attachments":[],"parameters":[],"shouldDisplayMessage":false,"stepsCount":0,"attachmentsCount":0,"hasContent":false,"attachmentStep":false},{"name":"cur_language","time":{"start":1714128913265,"stop":1714128913265,"duration":0},"status":"passed","steps":[],"attachments":[],"parameters":[],"shouldDisplayMessage":false,"stepsCount":0,"attachmentsCount":0,"hasContent":false,"attachmentStep":false},{"name":"cur_login","time":{"start":1714128913266,"stop":1714128913266,"duration":0},"status":"passed","steps":[],"attachments":[],"parameters":[],"shouldDisplayMessage":false,"stepsCount":0,"attachmentsCount":0,"hasContent":false,"attachmentStep":false},{"name":"cur_password","time":{"start":1714128913266,"stop":1714128913266,"duration":0},"status":"passed","steps":[],"attachments":[],"parameters":[],"shouldDisplayMessage":false,"stepsCount":0,"attachmentsCount":0,"hasContent":false,"attachmentStep":false}],"testStage":{"description":"\n        Check: Button [Download on the App Store] in 'Our Apps' block\n        Language: ALL. License: Not FCA.\n        ","status":"failed","statusMessage":"AssertionError","statusTrace":"self = <us_00-00_main_page_test.TestMainPage object at 0x7f40f9e2cef0>\nworker_id = 'master'\nd = <selenium.webdriver.chrome.webdriver.WebDriver (session=\"d8790904ecc34cb75bbca1d1402966e7\")>\ncur_language = '', cur_country = 'de', cur_role = 'Auth'\ncur_login = 'test001.miketar+1@gmail.com', cur_password = 'Qwer1234-!@#$'\n\n    @allure.step(\"Start test of button [Download on the App Store] in 'Our Apps' block\")\n    @pytest.mark.test_008\n    def test_008_download_on_the_app_store_button_in_our_apps_block(\n            self, worker_id, d, cur_language, cur_country, cur_role, cur_login, cur_password):\n        \"\"\"\n        Check: Button [Download on the App Store] in 'Our Apps' block\n        Language: ALL. License: Not FCA.\n        \"\"\"\n    \n        bid = build_dynamic_arg_v4(\n            d, worker_id, cur_language, cur_country, cur_role,\n            \"00\", \"Main Page\",\n            \".00_008\",\n            \"Start test of button [Download on the App Store] in 'Our Apps' block\",\n            False, False\n        )\n    \n        Common().check_country_in_list_and_skip_if_not_present(\n            cur_country,\n            ['de', 'au', 'ae']\n        )\n    \n        page_conditions = Conditions(d, \"\")\n        main_page_link = page_conditions.preconditions(\n            d, CapitalComPageSrc.URL, \"\", cur_language, cur_country, cur_role, cur_login, cur_password)\n    \n        test_element = OurAppsBlockDownloadOnTheAppStoreButton(d, main_page_link, bid)\n>       test_element.full_test(d, cur_language, cur_country, cur_role, main_page_link)\n\ntests/US_00_Main_page/US_00-00_Main_page/us_00-00_main_page_test.py:470: \n_ _ _ _ _ _ _ _ _ _ _ _ _ _ _ _ _ _ _ _ _ _ _ _ _ _ _ _ _ _ _ _ _ _ _ _ _ _ _ _ \npages/Elements/OurAppsBlockDownloadOnTheAppStoreButton.py:38: in full_test\n    test_element.assert_app_store(d, cur_item_link)\npages/Elements/AssertClass.py:197: in assert_app_store\n    self.page_app_store.should_be_app_store_page(cur_link)\npages/AppStore/app_store.py:23: in should_be_app_store_page\n    self.should_be_app_store_specifies_provider(data[\"PROVIDER\"])\n_ _ _ _ _ _ _ _ _ _ _ _ _ _ _ _ _ _ _ _ _ _ _ _ _ _ _ _ _ _ _ _ _ _ _ _ _ _ _ _ \n\nself = <pages.AppStore.app_store.AppStore object at 0x7f40f8fe8110>\nprovider = 'Capital Com SV Investments Limited'\n\n    @allure.step(\"Checking that the App Store specifies provider\")\n    def should_be_app_store_specifies_provider(self, provider):\n        \"\"\"Check if the specifies provider\"\"\"\n        print(f\"{datetime.now()}   Checking that the App Store specifies provider\")\n>       assert self.get_text(0, *AppStoreLocators.PROVIDER) == provider\nE       AssertionError\n\npages/AppStore/app_store.py:64: AssertionError","steps":[{"name":"Start test of button [Download on the App Store] in 'Our Apps' block","time":{"start":1714128987449,"stop":1714128990177,"duration":2728},"status":"failed","statusMessage":"AssertionError\n","statusTrace":"  File \"/home/runner/.cache/pypoetry/virtualenvs/testcapitalcompyse-CcJ6hTD8-py3.12/lib/python3.12/site-packages/allure_commons/_allure.py\", line 192, in impl\n    return func(*a, **kw)\n           ^^^^^^^^^^^^^^\n  File \"/home/runner/work/TestCapitalComPySe/TestCapitalComPySe/tests/US_00_Main_page/US_00-00_Main_page/us_00-00_main_page_test.py\", line 470, in test_008_download_on_the_app_store_button_in_our_apps_block\n    test_element.full_test(d, cur_language, cur_country, cur_role, main_page_link)\n  File \"/home/runner/.cache/pypoetry/virtualenvs/testcapitalcompyse-CcJ6hTD8-py3.12/lib/python3.12/site-packages/allure_commons/_allure.py\", line 192, in impl\n    return func(*a, **kw)\n           ^^^^^^^^^^^^^^\n  File \"/home/runner/work/TestCapitalComPySe/TestCapitalComPySe/pages/Elements/OurAppsBlockDownloadOnTheAppStoreButton.py\", line 38, in full_test\n    test_element.assert_app_store(d, cur_item_link)\n  File \"/home/runner/.cache/pypoetry/virtualenvs/testcapitalcompyse-CcJ6hTD8-py3.12/lib/python3.12/site-packages/allure_commons/_allure.py\", line 192, in impl\n    return func(*a, **kw)\n           ^^^^^^^^^^^^^^\n  File \"/home/runner/work/TestCapitalComPySe/TestCapitalComPySe/pages/Elements/AssertClass.py\", line 197, in assert_app_store\n    self.page_app_store.should_be_app_store_page(cur_link)\n  File \"/home/runner/.cache/pypoetry/virtualenvs/testcapitalcompyse-CcJ6hTD8-py3.12/lib/python3.12/site-packages/allure_commons/_allure.py\", line 192, in impl\n    return func(*a, **kw)\n           ^^^^^^^^^^^^^^\n  File \"/home/runner/work/TestCapitalComPySe/TestCapitalComPySe/pages/AppStore/app_store.py\", line 23, in should_be_app_store_page\n    self.should_be_app_store_specifies_provider(data[\"PROVIDER\"])\n  File \"/home/runner/.cache/pypoetry/virtualenvs/testcapitalcompyse-CcJ6hTD8-py3.12/lib/python3.12/site-packages/allure_commons/_allure.py\", line 192, in impl\n    return func(*a, **kw)\n           ^^^^^^^^^^^^^^\n  File \"/home/runner/work/TestCapitalComPySe/TestCapitalComPySe/pages/AppStore/app_store.py\", line 64, in should_be_app_store_specifies_provider\n    assert self.get_text(0, *AppStoreLocators.PROVIDER) == provider\n","steps":[{"name":"Preconditions","time":{"start":1714128987451,"stop":1714128988485,"duration":1034},"status":"passed","steps":[{"name":"2024-04-26 10:55:05.407293   Start Checking Captcha","time":{"start":1714128987472,"stop":1714128988482,"duration":1010},"status":"passed","steps":[],"attachments":[],"parameters":[],"shouldDisplayMessage":false,"stepsCount":0,"attachmentsCount":0,"hasContent":false,"attachmentStep":false}],"attachments":[],"parameters":[{"name":"d","value":"<selenium.webdriver.chrome.webdriver.WebDriver (session=\"d8790904ecc34cb75bbca1d1402966e7\")>"},{"name":"host","value":"'https://capital.com/'"},{"name":"end_point","value":"''"},{"name":"cur_language","value":"''"},{"name":"cur_country","value":"'de'"},{"name":"cur_role","value":"'Auth'"},{"name":"cur_login","value":"'test001.miketar+1@gmail.com'"},{"name":"cur_password","value":"'Qwer1234-!@#$'"}],"shouldDisplayMessage":false,"stepsCount":1,"attachmentsCount":0,"hasContent":true,"attachmentStep":false},{"name":"2024-04-26 10:55:05.354978   Start Full test for [Download on the App Store] button in \"Our Apps\" block","time":{"start":1714128988485,"stop":1714128990176,"duration":1691},"status":"failed","statusMessage":"AssertionError\n","statusTrace":"  File \"/home/runner/.cache/pypoetry/virtualenvs/testcapitalcompyse-CcJ6hTD8-py3.12/lib/python3.12/site-packages/allure_commons/_allure.py\", line 192, in impl\n    return func(*a, **kw)\n           ^^^^^^^^^^^^^^\n  File \"/home/runner/work/TestCapitalComPySe/TestCapitalComPySe/pages/Elements/OurAppsBlockDownloadOnTheAppStoreButton.py\", line 38, in full_test\n    test_element.assert_app_store(d, cur_item_link)\n  File \"/home/runner/.cache/pypoetry/virtualenvs/testcapitalcompyse-CcJ6hTD8-py3.12/lib/python3.12/site-packages/allure_commons/_allure.py\", line 192, in impl\n    return func(*a, **kw)\n           ^^^^^^^^^^^^^^\n  File \"/home/runner/work/TestCapitalComPySe/TestCapitalComPySe/pages/Elements/AssertClass.py\", line 197, in assert_app_store\n    self.page_app_store.should_be_app_store_page(cur_link)\n  File \"/home/runner/.cache/pypoetry/virtualenvs/testcapitalcompyse-CcJ6hTD8-py3.12/lib/python3.12/site-packages/allure_commons/_allure.py\", line 192, in impl\n    return func(*a, **kw)\n           ^^^^^^^^^^^^^^\n  File \"/home/runner/work/TestCapitalComPySe/TestCapitalComPySe/pages/AppStore/app_store.py\", line 23, in should_be_app_store_page\n    self.should_be_app_store_specifies_provider(data[\"PROVIDER\"])\n  File \"/home/runner/.cache/pypoetry/virtualenvs/testcapitalcompyse-CcJ6hTD8-py3.12/lib/python3.12/site-packages/allure_commons/_allure.py\", line 192, in impl\n    return func(*a, **kw)\n           ^^^^^^^^^^^^^^\n  File \"/home/runner/work/TestCapitalComPySe/TestCapitalComPySe/pages/AppStore/app_store.py\", line 64, in should_be_app_store_specifies_provider\n    assert self.get_text(0, *AppStoreLocators.PROVIDER) == provider\n","steps":[{"name":"Click button [Download on the App Store] on \"Our Apps\" block","time":{"start":1714128988573,"stop":1714128988631,"duration":58},"status":"passed","steps":[],"attachments":[],"parameters":[{"name":"d","value":"<selenium.webdriver.chrome.webdriver.WebDriver (session=\"d8790904ecc34cb75bbca1d1402966e7\")>"}],"shouldDisplayMessage":false,"stepsCount":0,"attachmentsCount":0,"hasContent":true,"attachmentStep":false},{"name":"Checking that \"App Store\" page opened","time":{"start":1714128988631,"stop":1714128990176,"duration":1545},"status":"failed","statusMessage":"AssertionError\n","statusTrace":"  File \"/home/runner/.cache/pypoetry/virtualenvs/testcapitalcompyse-CcJ6hTD8-py3.12/lib/python3.12/site-packages/allure_commons/_allure.py\", line 192, in impl\n    return func(*a, **kw)\n           ^^^^^^^^^^^^^^\n  File \"/home/runner/work/TestCapitalComPySe/TestCapitalComPySe/pages/Elements/AssertClass.py\", line 197, in assert_app_store\n    self.page_app_store.should_be_app_store_page(cur_link)\n  File \"/home/runner/.cache/pypoetry/virtualenvs/testcapitalcompyse-CcJ6hTD8-py3.12/lib/python3.12/site-packages/allure_commons/_allure.py\", line 192, in impl\n    return func(*a, **kw)\n           ^^^^^^^^^^^^^^\n  File \"/home/runner/work/TestCapitalComPySe/TestCapitalComPySe/pages/AppStore/app_store.py\", line 23, in should_be_app_store_page\n    self.should_be_app_store_specifies_provider(data[\"PROVIDER\"])\n  File \"/home/runner/.cache/pypoetry/virtualenvs/testcapitalcompyse-CcJ6hTD8-py3.12/lib/python3.12/site-packages/allure_commons/_allure.py\", line 192, in impl\n    return func(*a, **kw)\n           ^^^^^^^^^^^^^^\n  File \"/home/runner/work/TestCapitalComPySe/TestCapitalComPySe/pages/AppStore/app_store.py\", line 64, in should_be_app_store_specifies_provider\n    assert self.get_text(0, *AppStoreLocators.PROVIDER) == provider\n","steps":[{"name":"Checking that the App Store page has opened","time":{"start":1714128988631,"stop":1714128990176,"duration":1545},"status":"failed","statusMessage":"AssertionError\n","statusTrace":"  File \"/home/runner/.cache/pypoetry/virtualenvs/testcapitalcompyse-CcJ6hTD8-py3.12/lib/python3.12/site-packages/allure_commons/_allure.py\", line 192, in impl\n    return func(*a, **kw)\n           ^^^^^^^^^^^^^^\n  File \"/home/runner/work/TestCapitalComPySe/TestCapitalComPySe/pages/AppStore/app_store.py\", line 23, in should_be_app_store_page\n    self.should_be_app_store_specifies_provider(data[\"PROVIDER\"])\n  File \"/home/runner/.cache/pypoetry/virtualenvs/testcapitalcompyse-CcJ6hTD8-py3.12/lib/python3.12/site-packages/allure_commons/_allure.py\", line 192, in impl\n    return func(*a, **kw)\n           ^^^^^^^^^^^^^^\n  File \"/home/runner/work/TestCapitalComPySe/TestCapitalComPySe/pages/AppStore/app_store.py\", line 64, in should_be_app_store_specifies_provider\n    assert self.get_text(0, *AppStoreLocators.PROVIDER) == provider\n","steps":[{"name":"2024-04-26 10:55:04.882136   Check that the page has the expected title - ver 2","time":{"start":1714128989877,"stop":1714128989880,"duration":3},"status":"passed","steps":[],"attachments":[],"parameters":[{"name":"title","value":"'Capital.com: Trading & Finance on the AppÂ Store'"}],"shouldDisplayMessage":false,"stepsCount":0,"attachmentsCount":0,"hasContent":true,"attachmentStep":false},{"name":"Checking that the App Store app title","time":{"start":1714128989880,"stop":1714128989902,"duration":22},"status":"passed","steps":[],"attachments":[],"parameters":[{"name":"app_title","value":"'Capital.com: Trading & Finance 17+'"}],"shouldDisplayMessage":false,"stepsCount":0,"attachmentsCount":0,"hasContent":true,"attachmentStep":false},{"name":"Checking that the App Store specifies provider","time":{"start":1714128989902,"stop":1714128990176,"duration":274},"status":"failed","statusMessage":"AssertionError\n","statusTrace":"  File \"/home/runner/.cache/pypoetry/virtualenvs/testcapitalcompyse-CcJ6hTD8-py3.12/lib/python3.12/site-packages/allure_commons/_allure.py\", line 192, in impl\n    return func(*a, **kw)\n           ^^^^^^^^^^^^^^\n  File \"/home/runner/work/TestCapitalComPySe/TestCapitalComPySe/pages/AppStore/app_store.py\", line 64, in should_be_app_store_specifies_provider\n    assert self.get_text(0, *AppStoreLocators.PROVIDER) == provider\n","steps":[],"attachments":[],"parameters":[{"name":"provider","value":"'Capital Com SV Investments Limited'"}],"shouldDisplayMessage":true,"stepsCount":0,"attachmentsCount":0,"hasContent":true,"attachmentStep":false}],"attachments":[],"parameters":[{"name":"cur_link","value":"'https://capital.com/'"}],"shouldDisplayMessage":false,"stepsCount":3,"attachmentsCount":0,"hasContent":true,"attachmentStep":false}],"attachments":[],"parameters":[{"name":"d","value":"<selenium.webdriver.chrome.webdriver.WebDriver (session=\"d8790904ecc34cb75bbca1d1402966e7\")>"},{"name":"cur_link","value":"'https://capital.com/'"}],"shouldDisplayMessage":false,"stepsCount":4,"attachmentsCount":0,"hasContent":true,"attachmentStep":false}],"attachments":[],"parameters":[{"name":"d","value":"<selenium.webdriver.chrome.webdriver.WebDriver (session=\"d8790904ecc34cb75bbca1d1402966e7\")>"},{"name":"cur_language","value":"''"},{"name":"cur_country","value":"'de'"},{"name":"cur_role","value":"'Auth'"},{"name":"cur_item_link","value":"'https://capital.com/'"}],"shouldDisplayMessage":false,"stepsCount":6,"attachmentsCount":0,"hasContent":true,"attachmentStep":false}],"attachments":[],"parameters":[{"name":"worker_id","value":"'master'"},{"name":"d","value":"<selenium.webdriver.chrome.webdriver.WebDriver (session=\"d8790904ecc34cb75bbca1d1402966e7\")>"},{"name":"cur_language","value":"''"},{"name":"cur_country","value":"'de'"},{"name":"cur_role","value":"'Auth'"},{"name":"cur_login","value":"'test001.miketar+1@gmail.com'"},{"name":"cur_password","value":"'Qwer1234-!@#$'"}],"shouldDisplayMessage":false,"stepsCount":9,"attachmentsCount":0,"hasContent":true,"attachmentStep":false}],"attachments":[{"uid":"2e91b95e568cadf2","name":"Screenshot","source":"2e91b95e568cadf2.png","type":"image/png","size":206090},{"uid":"fd3a5439c083542f","name":"log","source":"fd3a5439c083542f.txt","type":"text/plain","size":2907},{"uid":"aa14c0083c2d156b","name":"stdout","source":"aa14c0083c2d156b.txt","type":"text/plain","size":3121}],"parameters":[],"shouldDisplayMessage":true,"stepsCount":10,"attachmentsCount":3,"hasContent":true,"attachmentStep":false},"afterStages":[{"name":"d::0","time":{"start":1714129169713,"stop":1714129169853,"duration":140},"status":"passed","steps":[],"attachments":[],"parameters":[],"shouldDisplayMessage":false,"stepsCount":0,"attachmentsCount":0,"hasContent":false,"attachmentStep":false}],"labels":[{"name":"epic","value":"US_00 | Main Page"},{"name":"feature","value":"Language: en"},{"name":"story","value":"Country: de / Role: Auth"},{"name":"tag","value":"test_008"},{"name":"tag","value":"us_00_00"},{"name":"parentSuite","value":"tests.US_00_Main_page.US_00-00_Main_page"},{"name":"suite","value":"us_00-00_main_page_test"},{"name":"subSuite","value":"TestMainPage"},{"name":"host","value":"fv-az698-631"},{"name":"thread","value":"3478-MainThread"},{"name":"framework","value":"pytest"},{"name":"language","value":"cpython3"},{"name":"package","value":"tests.US_00_Main_page.US_00-00_Main_page.us_00-00_main_page_test"},{"name":"resultFormat","value":"allure2"}],"parameters":[{"name":"cur_country","value":"'de'"},{"name":"cur_language","value":"''"},{"name":"cur_login","value":"'test001.miketar+1@gmail.com'"},{"name":"cur_password","value":"'Qwer1234-!@#$'"},{"name":"cur_role","value":"'Auth'"},{"name":"d","value":"'Chrome'"}],"links":[],"hidden":false,"retry":false,"extra":{"severity":"normal","retries":[],"categories":[{"name":"Product defects","matchedStatuses":[],"flaky":false}],"tags":["us_00_00","test_008"]},"source":"a6cffdde0cdef634.json","parameterValues":["'de'","''","'test001.miketar+1@gmail.com'","'Qwer1234-!@#$'","'Auth'","'Chrome'"]}