2024-06-24 13:42:25 ERROR Elements not present after 0.5 seconds on page: https://capital.com/cn
2024-06-24 13:42:25 ERROR 
Traceback (most recent call last):
  File "D:\a\TestCapitalComPySe\TestCapitalComPySe\pages\base_page.py", line 86, in inner_function
    return func(*args, **kwargs)
           ^^^^^^^^^^^^^^^^^^^^^
  File "D:\a\TestCapitalComPySe\TestCapitalComPySe\pages\base_page.py", line 305, in element_is_visible
    return Wait(self.driver, timeout).until(
           ^^^^^^^^^^^^^^^^^^^^^^^^^^^^^^^^^
  File "C:\Users\runneradmin\AppData\Local\pypoetry\Cache\virtualenvs\testcapitalcompyse-ahTg7XpD-py3.12\Lib\site-packages\selenium\webdriver\support\wait.py", line 105, in until
    raise TimeoutException(message, screen, stacktrace)
selenium.common.exceptions.TimeoutException: Message: