{"uid":"4345740005d14d3","name":"TC_00.00_010 | Start test of button [Try now] in 'Why choose Capital.com?' block. Bid:00.00_010-fr.au.NoAuth","fullName":"tests.US_00_Main_page.US_00-00_Main_page.us_00-00_main_page_test.TestMainPage#test_010_why_choose_block_try_now_button","historyId":"92df639e3b9e1d7f4347beb6ceed5889","time":{"start":1718814808692,"stop":1718814830812,"duration":22120},"description":"\n        Check: Button [Try now] in 'Why choose Capital.com?' block\n        Language: ALL. License: Not FCA.\n        ","descriptionHtml":"<pre><code>    Check: Button [Try now] in 'Why choose Capital.com?' block\n    Language: ALL. License: Not FCA.\n</code></pre>\n","status":"failed","statusMessage":"AssertionError: Bug # 05. Opened a 'Sign up' form instead of a 'Login'","statusTrace":"self = <us_00-00_main_page_test.TestMainPage object at 0x000002C4376EE630>\nworker_id = 'master'\nd = <selenium.webdriver.chrome.webdriver.WebDriver (session=\"d33de4bd40da5b4e73fc1bed18d1fbbd\")>\ncur_language = 'fr', cur_country = 'au', cur_role = 'NoAuth'\ncur_login = 'test001.miketar+1@gmail.com', cur_password = 'Qwer1234-!@#$'\n\n    @allure.step(\"Start test of button [Try now] in 'Why choose Capital.com?' block\")\n    @pytest.mark.test_010\n    def test_010_why_choose_block_try_now_button(\n            self, worker_id, d, cur_language, cur_country, cur_role, cur_login, cur_password):\n        \"\"\"\n        Check: Button [Try now] in 'Why choose Capital.com?' block\n        Language: ALL. License: Not FCA.\n        \"\"\"\n    \n        bid = build_dynamic_arg_v4(\n            d, worker_id, cur_language, cur_country, cur_role,\n            \"00\", \"Main Page\",\n            \".00_010\", \"Start test of button [Try now] in 'Why choose Capital.com?' block\",\n            False, False\n        )\n    \n        Common().check_country_in_list_and_skip_if_not_present(cur_country, ['de', 'au', 'ae'])\n    \n        page_conditions = Conditions(d, \"\")\n        main_page_link = page_conditions.preconditions(\n            d, CapitalComPageSrc.URL, \"\", cur_language, cur_country, cur_role, cur_login, cur_password)\n    \n        test_element = WhyChooseBlockTryNowButton(d, main_page_link, bid)\n>       test_element.full_test_with_tpi(d, cur_language, cur_country, cur_role, main_page_link)\n\ntests\\US_00_Main_page\\US_00-00_Main_page\\us_00-00_main_page_test.py:531: \n_ _ _ _ _ _ _ _ _ _ _ _ _ _ _ _ _ _ _ _ _ _ _ _ _ _ _ _ _ _ _ _ _ _ _ _ _ _ _ _\npages\\Elements\\WhyChooseBlockTryNowButton.py:42: in full_test_with_tpi\n    test_element.assert_login(d, cur_language, cur_item_link)\npages\\Elements\\AssertClass.py:94: in assert_login\n    Common().assert_true_false(False,\n_ _ _ _ _ _ _ _ _ _ _ _ _ _ _ _ _ _ _ _ _ _ _ _ _ _ _ _ _ _ _ _ _ _ _ _ _ _ _ _\n\ncondition = False\nmsg = \"Bug # 05. Opened a 'Sign up' form instead of a 'Login'\"\n\n    @staticmethod\n    def assert_true_false(condition=False, msg=\"\"):\n    \tif condition:\n    \t\tCommon.flag_of_bug = False\n    \t\tassert True, msg\n    \telse:\n    \t\tCommon.flag_of_bug = True\n>   \t\tassert False, msg\nE     AssertionError: Bug # 05. Opened a 'Sign up' form instead of a 'Login'\n\npages\\common.py:213: AssertionError","flaky":false,"newFailed":false,"newBroken":false,"newPassed":false,"retriesCount":0,"retriesStatusChange":false,"beforeStages":[{"name":"d","time":{"start":1718814317964,"stop":1718814355040,"duration":37076},"status":"passed","steps":[],"attachments":[],"parameters":[],"shouldDisplayMessage":false,"stepsCount":0,"attachmentsCount":0,"hasContent":false,"attachmentStep":false},{"name":"cur_language","time":{"start":1718814355040,"stop":1718814355040,"duration":0},"status":"passed","steps":[],"attachments":[],"parameters":[],"shouldDisplayMessage":false,"stepsCount":0,"attachmentsCount":0,"hasContent":false,"attachmentStep":false},{"name":"worker_id","time":{"start":1718814355040,"stop":1718814355040,"duration":0},"status":"passed","steps":[],"attachments":[],"parameters":[],"shouldDisplayMessage":false,"stepsCount":0,"attachmentsCount":0,"hasContent":false,"attachmentStep":false},{"name":"cur_country","time":{"start":1718814355040,"stop":1718814355040,"duration":0},"status":"passed","steps":[],"attachments":[],"parameters":[],"shouldDisplayMessage":false,"stepsCount":0,"attachmentsCount":0,"hasContent":false,"attachmentStep":false},{"name":"cur_password","time":{"start":1718814355041,"stop":1718814355041,"duration":0},"status":"passed","steps":[],"attachments":[],"parameters":[],"shouldDisplayMessage":false,"stepsCount":0,"attachmentsCount":0,"hasContent":false,"attachmentStep":false},{"name":"cur_login","time":{"start":1718814355041,"stop":1718814355041,"duration":0},"status":"passed","steps":[],"attachments":[],"parameters":[],"shouldDisplayMessage":false,"stepsCount":0,"attachmentsCount":0,"hasContent":false,"attachmentStep":false},{"name":"cur_role","time":{"start":1718814711770,"stop":1718814711770,"duration":0},"status":"passed","steps":[],"attachments":[],"parameters":[],"shouldDisplayMessage":false,"stepsCount":0,"attachmentsCount":0,"hasContent":false,"attachmentStep":false}],"testStage":{"description":"\n        Check: Button [Try now] in 'Why choose Capital.com?' block\n        Language: ALL. License: Not FCA.\n        ","status":"failed","statusMessage":"AssertionError: Bug # 05. Opened a 'Sign up' form instead of a 'Login'","statusTrace":"self = <us_00-00_main_page_test.TestMainPage object at 0x000002C4376EE630>\nworker_id = 'master'\nd = <selenium.webdriver.chrome.webdriver.WebDriver (session=\"d33de4bd40da5b4e73fc1bed18d1fbbd\")>\ncur_language = 'fr', cur_country = 'au', cur_role = 'NoAuth'\ncur_login = 'test001.miketar+1@gmail.com', cur_password = 'Qwer1234-!@#$'\n\n    @allure.step(\"Start test of button [Try now] in 'Why choose Capital.com?' block\")\n    @pytest.mark.test_010\n    def test_010_why_choose_block_try_now_button(\n            self, worker_id, d, cur_language, cur_country, cur_role, cur_login, cur_password):\n        \"\"\"\n        Check: Button [Try now] in 'Why choose Capital.com?' block\n        Language: ALL. License: Not FCA.\n        \"\"\"\n    \n        bid = build_dynamic_arg_v4(\n            d, worker_id, cur_language, cur_country, cur_role,\n            \"00\", \"Main Page\",\n            \".00_010\", \"Start test of button [Try now] in 'Why choose Capital.com?' block\",\n            False, False\n        )\n    \n        Common().check_country_in_list_and_skip_if_not_present(cur_country, ['de', 'au', 'ae'])\n    \n        page_conditions = Conditions(d, \"\")\n        main_page_link = page_conditions.preconditions(\n            d, CapitalComPageSrc.URL, \"\", cur_language, cur_country, cur_role, cur_login, cur_password)\n    \n        test_element = WhyChooseBlockTryNowButton(d, main_page_link, bid)\n>       test_element.full_test_with_tpi(d, cur_language, cur_country, cur_role, main_page_link)\n\ntests\\US_00_Main_page\\US_00-00_Main_page\\us_00-00_main_page_test.py:531: \n_ _ _ _ _ _ _ _ _ _ _ _ _ _ _ _ _ _ _ _ _ _ _ _ _ _ _ _ _ _ _ _ _ _ _ _ _ _ _ _\npages\\Elements\\WhyChooseBlockTryNowButton.py:42: in full_test_with_tpi\n    test_element.assert_login(d, cur_language, cur_item_link)\npages\\Elements\\AssertClass.py:94: in assert_login\n    Common().assert_true_false(False,\n_ _ _ _ _ _ _ _ _ _ _ _ _ _ _ _ _ _ _ _ _ _ _ _ _ _ _ _ _ _ _ _ _ _ _ _ _ _ _ _\n\ncondition = False\nmsg = \"Bug # 05. Opened a 'Sign up' form instead of a 'Login'\"\n\n    @staticmethod\n    def assert_true_false(condition=False, msg=\"\"):\n    \tif condition:\n    \t\tCommon.flag_of_bug = False\n    \t\tassert True, msg\n    \telse:\n    \t\tCommon.flag_of_bug = True\n>   \t\tassert False, msg\nE     AssertionError: Bug # 05. Opened a 'Sign up' form instead of a 'Login'\n\npages\\common.py:213: AssertionError","steps":[{"name":"Start test of button [Try now] in 'Why choose Capital.com?' block","time":{"start":1718814808692,"stop":1718814830810,"duration":22118},"status":"failed","statusMessage":"AssertionError: Bug # 05. Opened a 'Sign up' form instead of a 'Login'\n","statusTrace":"  File \"C:\\Users\\runneradmin\\AppData\\Local\\pypoetry\\Cache\\virtualenvs\\testcapitalcompyse-ahTg7XpD-py3.12\\Lib\\site-packages\\allure_commons\\_allure.py\", line 192, in impl\n    return func(*a, **kw)\n           ^^^^^^^^^^^^^^\n  File \"D:\\a\\TestCapitalComPySe\\TestCapitalComPySe\\tests\\US_00_Main_page\\US_00-00_Main_page\\us_00-00_main_page_test.py\", line 531, in test_010_why_choose_block_try_now_button\n    test_element.full_test_with_tpi(d, cur_language, cur_country, cur_role, main_page_link)\n  File \"C:\\Users\\runneradmin\\AppData\\Local\\pypoetry\\Cache\\virtualenvs\\testcapitalcompyse-ahTg7XpD-py3.12\\Lib\\site-packages\\allure_commons\\_allure.py\", line 192, in impl\n    return func(*a, **kw)\n           ^^^^^^^^^^^^^^\n  File \"D:\\a\\TestCapitalComPySe\\TestCapitalComPySe\\pages\\Elements\\WhyChooseBlockTryNowButton.py\", line 42, in full_test_with_tpi\n    test_element.assert_login(d, cur_language, cur_item_link)\n  File \"C:\\Users\\runneradmin\\AppData\\Local\\pypoetry\\Cache\\virtualenvs\\testcapitalcompyse-ahTg7XpD-py3.12\\Lib\\site-packages\\allure_commons\\_allure.py\", line 192, in impl\n    return func(*a, **kw)\n           ^^^^^^^^^^^^^^\n  File \"D:\\a\\TestCapitalComPySe\\TestCapitalComPySe\\pages\\Elements\\AssertClass.py\", line 94, in assert_login\n    Common().assert_true_false(False,\n  File \"D:\\a\\TestCapitalComPySe\\TestCapitalComPySe\\pages\\common.py\", line 213, in assert_true_false\n    assert False, msg\n           ^^^^^\n","steps":[{"name":"Preconditions","time":{"start":1718814808692,"stop":1718814814818,"duration":6126},"status":"passed","steps":[{"name":"2024-06-19 16:25:17.916742   Start Checking Captcha","time":{"start":1718814810705,"stop":1718814811746,"duration":1041},"status":"passed","steps":[],"attachments":[],"parameters":[],"shouldDisplayMessage":false,"stepsCount":0,"attachmentsCount":0,"hasContent":false,"attachmentStep":false},{"name":"2024-06-19 16:25:17.916742   Start Checking Captcha","time":{"start":1718814811746,"stop":1718814812752,"duration":1006},"status":"passed","steps":[],"attachments":[],"parameters":[],"shouldDisplayMessage":false,"stepsCount":0,"attachmentsCount":0,"hasContent":false,"attachmentStep":false},{"name":"2024-06-19 16:25:17.916742   Start Checking Captcha","time":{"start":1718814812752,"stop":1718814813772,"duration":1020},"status":"passed","steps":[],"attachments":[],"parameters":[],"shouldDisplayMessage":false,"stepsCount":0,"attachmentsCount":0,"hasContent":false,"attachmentStep":false},{"name":"2024-06-19 16:25:17.916742   Start Checking Captcha","time":{"start":1718814813772,"stop":1718814814815,"duration":1043},"status":"passed","steps":[],"attachments":[],"parameters":[],"shouldDisplayMessage":false,"stepsCount":0,"attachmentsCount":0,"hasContent":false,"attachmentStep":false}],"attachments":[],"parameters":[{"name":"d","value":"<selenium.webdriver.chrome.webdriver.WebDriver (session=\"d33de4bd40da5b4e73fc1bed18d1fbbd\")>"},{"name":"host","value":"'https://capital.com/'"},{"name":"end_point","value":"''"},{"name":"cur_language","value":"'fr'"},{"name":"cur_country","value":"'au'"},{"name":"cur_role","value":"'NoAuth'"},{"name":"cur_login","value":"'test001.miketar+1@gmail.com'"},{"name":"cur_password","value":"'Qwer1234-!@#$'"}],"shouldDisplayMessage":false,"stepsCount":4,"attachmentsCount":0,"hasContent":true,"attachmentStep":false},{"name":"2024-06-19 16:25:17.869866   Start Full test for [Try now] button in \"Why choose Capital.com?\" block","time":{"start":1718814814819,"stop":1718814830809,"duration":15990},"status":"failed","statusMessage":"AssertionError: Bug # 05. Opened a 'Sign up' form instead of a 'Login'\n","statusTrace":"  File \"C:\\Users\\runneradmin\\AppData\\Local\\pypoetry\\Cache\\virtualenvs\\testcapitalcompyse-ahTg7XpD-py3.12\\Lib\\site-packages\\allure_commons\\_allure.py\", line 192, in impl\n    return func(*a, **kw)\n           ^^^^^^^^^^^^^^\n  File \"D:\\a\\TestCapitalComPySe\\TestCapitalComPySe\\pages\\Elements\\WhyChooseBlockTryNowButton.py\", line 42, in full_test_with_tpi\n    test_element.assert_login(d, cur_language, cur_item_link)\n  File \"C:\\Users\\runneradmin\\AppData\\Local\\pypoetry\\Cache\\virtualenvs\\testcapitalcompyse-ahTg7XpD-py3.12\\Lib\\site-packages\\allure_commons\\_allure.py\", line 192, in impl\n    return func(*a, **kw)\n           ^^^^^^^^^^^^^^\n  File \"D:\\a\\TestCapitalComPySe\\TestCapitalComPySe\\pages\\Elements\\AssertClass.py\", line 94, in assert_login\n    Common().assert_true_false(False,\n  File \"D:\\a\\TestCapitalComPySe\\TestCapitalComPySe\\pages\\common.py\", line 213, in assert_true_false\n    assert False, msg\n           ^^^^^\n","steps":[{"name":"Click button [Try now] on \"Why choose Capital.com?\" block","time":{"start":1718814814932,"stop":1718814815004,"duration":72},"status":"passed","steps":[],"attachments":[],"parameters":[{"name":"d","value":"<selenium.webdriver.chrome.webdriver.WebDriver (session=\"d33de4bd40da5b4e73fc1bed18d1fbbd\")>"}],"shouldDisplayMessage":false,"stepsCount":0,"attachmentsCount":0,"hasContent":true,"attachmentStep":false},{"name":"Checking that \"Login\" form or page opened","time":{"start":1718814815005,"stop":1718814830809,"duration":15804},"status":"failed","statusMessage":"AssertionError: Bug # 05. Opened a 'Sign up' form instead of a 'Login'\n","statusTrace":"  File \"C:\\Users\\runneradmin\\AppData\\Local\\pypoetry\\Cache\\virtualenvs\\testcapitalcompyse-ahTg7XpD-py3.12\\Lib\\site-packages\\allure_commons\\_allure.py\", line 192, in impl\n    return func(*a, **kw)\n           ^^^^^^^^^^^^^^\n  File \"D:\\a\\TestCapitalComPySe\\TestCapitalComPySe\\pages\\Elements\\AssertClass.py\", line 94, in assert_login\n    Common().assert_true_false(False,\n  File \"D:\\a\\TestCapitalComPySe\\TestCapitalComPySe\\pages\\common.py\", line 213, in assert_true_false\n    assert False, msg\n           ^^^^^\n","steps":[{"name":"Check that form [Login] is opened","time":{"start":1718814815005,"stop":1718814821125,"duration":6120},"status":"passed","steps":[],"attachments":[],"parameters":[],"shouldDisplayMessage":false,"stepsCount":0,"attachmentsCount":0,"hasContent":false,"attachmentStep":false},{"name":"Check that new form [Login] is opened","time":{"start":1718814821125,"stop":1718814824186,"duration":3061},"status":"passed","steps":[],"attachments":[],"parameters":[],"shouldDisplayMessage":false,"stepsCount":0,"attachmentsCount":0,"hasContent":false,"attachmentStep":false},{"name":"Check that page [Login] is opened","time":{"start":1718814824186,"stop":1718814824189,"duration":3},"status":"passed","steps":[],"attachments":[],"parameters":[],"shouldDisplayMessage":false,"stepsCount":0,"attachmentsCount":0,"hasContent":false,"attachmentStep":false},{"name":"Check that [Login] form on trading platform page opened","time":{"start":1718814824189,"stop":1718814827210,"duration":3021},"status":"passed","steps":[],"attachments":[],"parameters":[{"name":"cur_language","value":"'fr'"}],"shouldDisplayMessage":false,"stepsCount":0,"attachmentsCount":0,"hasContent":true,"attachmentStep":false},{"name":"Check that \"Sign up\" form opened","time":{"start":1718814827210,"stop":1718814827278,"duration":68},"status":"passed","steps":[],"attachments":[],"parameters":[{"name":"cur_language","value":"'fr'"}],"shouldDisplayMessage":false,"stepsCount":0,"attachmentsCount":0,"hasContent":true,"attachmentStep":false},{"name":"Fixing one row check results into Google Sheet Bugs Report","time":{"start":1718814828024,"stop":1718814828366,"duration":342},"status":"passed","steps":[],"attachments":[],"parameters":[{"name":"cell","value":"'B1'"},{"name":"values","value":"[['Busy']]"}],"shouldDisplayMessage":false,"stepsCount":0,"attachmentsCount":0,"hasContent":true,"attachmentStep":false},{"name":"Fixing one row check results into Google Sheet Bugs Report","time":{"start":1718814829817,"stop":1718814830127,"duration":310},"status":"passed","steps":[],"attachments":[],"parameters":[{"name":"cell","value":"'P1963'"},{"name":"values","value":"[[\"'05\"]]"}],"shouldDisplayMessage":false,"stepsCount":0,"attachmentsCount":0,"hasContent":true,"attachmentStep":false},{"name":"Fixing one row check results into Google Sheet Bugs Report","time":{"start":1718814830127,"stop":1718814830471,"duration":344},"status":"passed","steps":[],"attachments":[],"parameters":[{"name":"cell","value":"'U1963'"},{"name":"values","value":"[['19/06/2024 16:33:49']]"}],"shouldDisplayMessage":false,"stepsCount":0,"attachmentsCount":0,"hasContent":true,"attachmentStep":false},{"name":"Fixing one row check results into Google Sheet Bugs Report","time":{"start":1718814830472,"stop":1718814830807,"duration":335},"status":"passed","steps":[],"attachments":[],"parameters":[{"name":"cell","value":"'B1'"},{"name":"values","value":"[['Bugs Report']]"}],"shouldDisplayMessage":false,"stepsCount":0,"attachmentsCount":0,"hasContent":true,"attachmentStep":false}],"attachments":[],"parameters":[{"name":"d","value":"<selenium.webdriver.chrome.webdriver.WebDriver (session=\"d33de4bd40da5b4e73fc1bed18d1fbbd\")>"},{"name":"cur_language","value":"'fr'"},{"name":"cur_link","value":"'https://capital.com/fr'"}],"shouldDisplayMessage":true,"stepsCount":9,"attachmentsCount":0,"hasContent":true,"attachmentStep":false}],"attachments":[],"parameters":[{"name":"d","value":"<selenium.webdriver.chrome.webdriver.WebDriver (session=\"d33de4bd40da5b4e73fc1bed18d1fbbd\")>"},{"name":"cur_language","value":"'fr'"},{"name":"cur_country","value":"'au'"},{"name":"cur_role","value":"'NoAuth'"},{"name":"cur_item_link","value":"'https://capital.com/fr'"}],"shouldDisplayMessage":false,"stepsCount":11,"attachmentsCount":0,"hasContent":true,"attachmentStep":false}],"attachments":[],"parameters":[{"name":"worker_id","value":"'master'"},{"name":"d","value":"<selenium.webdriver.chrome.webdriver.WebDriver (session=\"d33de4bd40da5b4e73fc1bed18d1fbbd\")>"},{"name":"cur_language","value":"'fr'"},{"name":"cur_country","value":"'au'"},{"name":"cur_role","value":"'NoAuth'"},{"name":"cur_login","value":"'test001.miketar+1@gmail.com'"},{"name":"cur_password","value":"'Qwer1234-!@#$'"}],"shouldDisplayMessage":false,"stepsCount":17,"attachmentsCount":0,"hasContent":true,"attachmentStep":false}],"attachments":[{"uid":"7538d0dc16d5810b","name":"Screenshot","source":"7538d0dc16d5810b.png","type":"image/png","size":88213},{"uid":"2f304c41cd59a86a","name":"log","source":"2f304c41cd59a86a.txt","type":"text/plain","size":4498},{"uid":"a60a832b3d37d3f9","name":"stdout","source":"a60a832b3d37d3f9.txt","type":"text/plain","size":5221}],"parameters":[],"shouldDisplayMessage":true,"stepsCount":18,"attachmentsCount":3,"hasContent":true,"attachmentStep":false},"afterStages":[{"name":"d::0","time":{"start":1718814939332,"stop":1718814941698,"duration":2366},"status":"passed","steps":[],"attachments":[],"parameters":[],"shouldDisplayMessage":false,"stepsCount":0,"attachmentsCount":0,"hasContent":false,"attachmentStep":false}],"labels":[{"name":"epic","value":"US_00 | Main Page"},{"name":"feature","value":"Language: fr"},{"name":"story","value":"Country: au / Role: NoAuth"},{"name":"tag","value":"test_010"},{"name":"tag","value":"us_00_00"},{"name":"parentSuite","value":"tests.US_00_Main_page.US_00-00_Main_page"},{"name":"suite","value":"us_00-00_main_page_test"},{"name":"subSuite","value":"TestMainPage"},{"name":"host","value":"fv-az534-931"},{"name":"thread","value":"5188-MainThread"},{"name":"framework","value":"pytest"},{"name":"language","value":"cpython3"},{"name":"package","value":"tests.US_00_Main_page.US_00-00_Main_page.us_00-00_main_page_test"},{"name":"resultFormat","value":"allure2"}],"parameters":[{"name":"cur_country","value":"'au'"},{"name":"cur_language","value":"'fr'"},{"name":"cur_login","value":"'test001.miketar+1@gmail.com'"},{"name":"cur_password","value":"'Qwer1234-!@#$'"},{"name":"cur_role","value":"'NoAuth'"},{"name":"d","value":"'Chrome'"}],"links":[],"hidden":false,"retry":false,"extra":{"severity":"normal","retries":[],"categories":[{"name":"Product defects","matchedStatuses":[],"flaky":false}],"tags":["us_00_00","test_010"]},"source":"4345740005d14d3.json","parameterValues":["'au'","'fr'","'test001.miketar+1@gmail.com'","'Qwer1234-!@#$'","'NoAuth'","'Chrome'"]}