{"uid":"bb84fb70a1569052","name":"TC_11.02.02.00_02 | Testing button [Try demo] on Main banner. Bid:11.02.02.00_02-fr.au.NoAuth","fullName":"tests.US_11_Education.US_11-02-02_Shares_trading.US_11-02-02-00_Shares_trading_test.TestSharesTrading#test_02_main_banner_try_demo_button","historyId":"3b35ba64637f9e01b14f125d9817b5b1","time":{"start":1718822758037,"stop":1718822783760,"duration":25723},"description":"\n        Check: Button [Try demo] on Main banner\n        Language: All (Except: EL, HU, NL). License: All.\n        ","descriptionHtml":"<pre><code>    Check: Button [Try demo] on Main banner\n    Language: All (Except: EL, HU, NL). License: All.\n</code></pre>\n","status":"failed","statusMessage":"AssertionError: Bug # 05. Opened a 'Sign up' form instead of a 'Login'","statusTrace":"self = <US_11-02-02-00_Shares_trading_test.TestSharesTrading object at 0x00000206E7343980>\nworker_id = 'master'\nd = <selenium.webdriver.chrome.webdriver.WebDriver (session=\"2cdf578bd02f44905242702891a1ee84\")>\ncur_language = 'fr', cur_country = 'au', cur_role = 'NoAuth'\ncur_login = 'test001.miketar+1@gmail.com', cur_password = 'Qwer1234-!@#$'\n\n    @allure.step(\"Start test of button [Try demo] on Main banner\")\n    # @pytest.mark.skip(reason=\"Skipped for debugging\")\n    @pytest.mark.test_02\n    def test_02_main_banner_try_demo_button(\n            self, worker_id, d, cur_language, cur_country, cur_role, cur_login, cur_password):\n        \"\"\"\n        Check: Button [Try demo] on Main banner\n        Language: All (Except: EL, HU, NL). License: All.\n        \"\"\"\n        bid = build_dynamic_arg_v4(\n            d, worker_id, cur_language, cur_country, cur_role,\n            \"11.02.02\", \"Education > Menu item [Shares trading]\",\n            \".00_02\", \"Testing button [Try demo] on Main banner\")\n    \n        Common().check_country_in_list_and_skip_if_present(cur_country, [\"gb\"])\n        Common().skip_if_eng_lang_and_fca_license(cur_language, cur_country)\n        check_language(cur_language)\n    \n        page_conditions = Conditions(d, \"\")\n        main_page_link = page_conditions.preconditions(\n            d, CapitalComPageSrc.URL, \"\", cur_language, cur_country, cur_role, cur_login, cur_password)\n    \n        page_menu = MenuSection(d, main_page_link)\n        cur_menu_link = page_menu.open_education_shares_trading_menu(d, cur_language, cur_country, main_page_link)\n    \n        test_element = MainBannerTryDemo(d, cur_menu_link, bid)\n>       test_element.full_test_with_tpi(d, cur_language, cur_country, cur_role, cur_menu_link)\n\ntests\\US_11_Education\\US_11-02-02_Shares_trading\\US_11-02-02-00_Shares_trading_test.py:106: \n_ _ _ _ _ _ _ _ _ _ _ _ _ _ _ _ _ _ _ _ _ _ _ _ _ _ _ _ _ _ _ _ _ _ _ _ _ _ _ _\npages\\Elements\\MainBannerTryDemoButton.py:29: in full_test_with_tpi\n    test_element.assert_login(d, cur_language, cur_item_link)\npages\\Elements\\AssertClass.py:94: in assert_login\n    Common().assert_true_false(False,\n_ _ _ _ _ _ _ _ _ _ _ _ _ _ _ _ _ _ _ _ _ _ _ _ _ _ _ _ _ _ _ _ _ _ _ _ _ _ _ _\n\ncondition = False\nmsg = \"Bug # 05. Opened a 'Sign up' form instead of a 'Login'\"\n\n    @staticmethod\n    def assert_true_false(condition=False, msg=\"\"):\n    \tif condition:\n    \t\tCommon.flag_of_bug = False\n    \t\tassert True, msg\n    \telse:\n    \t\tCommon.flag_of_bug = True\n>   \t\tassert False, msg\nE     AssertionError: Bug # 05. Opened a 'Sign up' form instead of a 'Login'\n\npages\\common.py:213: AssertionError","flaky":false,"newFailed":false,"newBroken":false,"newPassed":false,"retriesCount":0,"retriesStatusChange":false,"beforeStages":[{"name":"d","time":{"start":1718822405732,"stop":1718822407392,"duration":1660},"status":"passed","steps":[],"attachments":[],"parameters":[],"shouldDisplayMessage":false,"stepsCount":0,"attachmentsCount":0,"hasContent":false,"attachmentStep":false},{"name":"cur_language","time":{"start":1718822407392,"stop":1718822407392,"duration":0},"status":"passed","steps":[],"attachments":[],"parameters":[],"shouldDisplayMessage":false,"stepsCount":0,"attachmentsCount":0,"hasContent":false,"attachmentStep":false},{"name":"cur_country","time":{"start":1718822407392,"stop":1718822407393,"duration":1},"status":"passed","steps":[],"attachments":[],"parameters":[],"shouldDisplayMessage":false,"stepsCount":0,"attachmentsCount":0,"hasContent":false,"attachmentStep":false},{"name":"worker_id","time":{"start":1718822407392,"stop":1718822407392,"duration":0},"status":"passed","steps":[],"attachments":[],"parameters":[],"shouldDisplayMessage":false,"stepsCount":0,"attachmentsCount":0,"hasContent":false,"attachmentStep":false},{"name":"cur_password","time":{"start":1718822407393,"stop":1718822407393,"duration":0},"status":"passed","steps":[],"attachments":[],"parameters":[],"shouldDisplayMessage":false,"stepsCount":0,"attachmentsCount":0,"hasContent":false,"attachmentStep":false},{"name":"cur_login","time":{"start":1718822407393,"stop":1718822407393,"duration":0},"status":"passed","steps":[],"attachments":[],"parameters":[],"shouldDisplayMessage":false,"stepsCount":0,"attachmentsCount":0,"hasContent":false,"attachmentStep":false},{"name":"cur_role","time":{"start":1718822708333,"stop":1718822708333,"duration":0},"status":"passed","steps":[],"attachments":[],"parameters":[],"shouldDisplayMessage":false,"stepsCount":0,"attachmentsCount":0,"hasContent":false,"attachmentStep":false}],"testStage":{"description":"\n        Check: Button [Try demo] on Main banner\n        Language: All (Except: EL, HU, NL). License: All.\n        ","status":"failed","statusMessage":"AssertionError: Bug # 05. Opened a 'Sign up' form instead of a 'Login'","statusTrace":"self = <US_11-02-02-00_Shares_trading_test.TestSharesTrading object at 0x00000206E7343980>\nworker_id = 'master'\nd = <selenium.webdriver.chrome.webdriver.WebDriver (session=\"2cdf578bd02f44905242702891a1ee84\")>\ncur_language = 'fr', cur_country = 'au', cur_role = 'NoAuth'\ncur_login = 'test001.miketar+1@gmail.com', cur_password = 'Qwer1234-!@#$'\n\n    @allure.step(\"Start test of button [Try demo] on Main banner\")\n    # @pytest.mark.skip(reason=\"Skipped for debugging\")\n    @pytest.mark.test_02\n    def test_02_main_banner_try_demo_button(\n            self, worker_id, d, cur_language, cur_country, cur_role, cur_login, cur_password):\n        \"\"\"\n        Check: Button [Try demo] on Main banner\n        Language: All (Except: EL, HU, NL). License: All.\n        \"\"\"\n        bid = build_dynamic_arg_v4(\n            d, worker_id, cur_language, cur_country, cur_role,\n            \"11.02.02\", \"Education > Menu item [Shares trading]\",\n            \".00_02\", \"Testing button [Try demo] on Main banner\")\n    \n        Common().check_country_in_list_and_skip_if_present(cur_country, [\"gb\"])\n        Common().skip_if_eng_lang_and_fca_license(cur_language, cur_country)\n        check_language(cur_language)\n    \n        page_conditions = Conditions(d, \"\")\n        main_page_link = page_conditions.preconditions(\n            d, CapitalComPageSrc.URL, \"\", cur_language, cur_country, cur_role, cur_login, cur_password)\n    \n        page_menu = MenuSection(d, main_page_link)\n        cur_menu_link = page_menu.open_education_shares_trading_menu(d, cur_language, cur_country, main_page_link)\n    \n        test_element = MainBannerTryDemo(d, cur_menu_link, bid)\n>       test_element.full_test_with_tpi(d, cur_language, cur_country, cur_role, cur_menu_link)\n\ntests\\US_11_Education\\US_11-02-02_Shares_trading\\US_11-02-02-00_Shares_trading_test.py:106: \n_ _ _ _ _ _ _ _ _ _ _ _ _ _ _ _ _ _ _ _ _ _ _ _ _ _ _ _ _ _ _ _ _ _ _ _ _ _ _ _\npages\\Elements\\MainBannerTryDemoButton.py:29: in full_test_with_tpi\n    test_element.assert_login(d, cur_language, cur_item_link)\npages\\Elements\\AssertClass.py:94: in assert_login\n    Common().assert_true_false(False,\n_ _ _ _ _ _ _ _ _ _ _ _ _ _ _ _ _ _ _ _ _ _ _ _ _ _ _ _ _ _ _ _ _ _ _ _ _ _ _ _\n\ncondition = False\nmsg = \"Bug # 05. Opened a 'Sign up' form instead of a 'Login'\"\n\n    @staticmethod\n    def assert_true_false(condition=False, msg=\"\"):\n    \tif condition:\n    \t\tCommon.flag_of_bug = False\n    \t\tassert True, msg\n    \telse:\n    \t\tCommon.flag_of_bug = True\n>   \t\tassert False, msg\nE     AssertionError: Bug # 05. Opened a 'Sign up' form instead of a 'Login'\n\npages\\common.py:213: AssertionError","steps":[{"name":"Start test of button [Try demo] on Main banner","time":{"start":1718822758037,"stop":1718822783760,"duration":25723},"status":"failed","statusMessage":"AssertionError: Bug # 05. Opened a 'Sign up' form instead of a 'Login'\n","statusTrace":"  File \"C:\\Users\\runneradmin\\AppData\\Local\\pypoetry\\Cache\\virtualenvs\\testcapitalcompyse-ahTg7XpD-py3.12\\Lib\\site-packages\\allure_commons\\_allure.py\", line 192, in impl\n    return func(*a, **kw)\n           ^^^^^^^^^^^^^^\n  File \"D:\\a\\TestCapitalComPySe\\TestCapitalComPySe\\tests\\US_11_Education\\US_11-02-02_Shares_trading\\US_11-02-02-00_Shares_trading_test.py\", line 106, in test_02_main_banner_try_demo_button\n    test_element.full_test_with_tpi(d, cur_language, cur_country, cur_role, cur_menu_link)\n  File \"C:\\Users\\runneradmin\\AppData\\Local\\pypoetry\\Cache\\virtualenvs\\testcapitalcompyse-ahTg7XpD-py3.12\\Lib\\site-packages\\allure_commons\\_allure.py\", line 192, in impl\n    return func(*a, **kw)\n           ^^^^^^^^^^^^^^\n  File \"D:\\a\\TestCapitalComPySe\\TestCapitalComPySe\\pages\\Elements\\MainBannerTryDemoButton.py\", line 29, in full_test_with_tpi\n    test_element.assert_login(d, cur_language, cur_item_link)\n  File \"C:\\Users\\runneradmin\\AppData\\Local\\pypoetry\\Cache\\virtualenvs\\testcapitalcompyse-ahTg7XpD-py3.12\\Lib\\site-packages\\allure_commons\\_allure.py\", line 192, in impl\n    return func(*a, **kw)\n           ^^^^^^^^^^^^^^\n  File \"D:\\a\\TestCapitalComPySe\\TestCapitalComPySe\\pages\\Elements\\AssertClass.py\", line 94, in assert_login\n    Common().assert_true_false(False,\n  File \"D:\\a\\TestCapitalComPySe\\TestCapitalComPySe\\pages\\common.py\", line 213, in assert_true_false\n    assert False, msg\n           ^^^^^\n","steps":[{"name":"Preconditions","time":{"start":1718822758039,"stop":1718822764348,"duration":6309},"status":"passed","steps":[{"name":"2024-06-19 18:40:05.716820   Start Checking Captcha","time":{"start":1718822760206,"stop":1718822761242,"duration":1036},"status":"passed","steps":[],"attachments":[],"parameters":[],"shouldDisplayMessage":false,"stepsCount":0,"attachmentsCount":0,"hasContent":false,"attachmentStep":false},{"name":"2024-06-19 18:40:05.716820   Start Checking Captcha","time":{"start":1718822761242,"stop":1718822762288,"duration":1046},"status":"passed","steps":[],"attachments":[],"parameters":[],"shouldDisplayMessage":false,"stepsCount":0,"attachmentsCount":0,"hasContent":false,"attachmentStep":false},{"name":"2024-06-19 18:40:05.716820   Start Checking Captcha","time":{"start":1718822762288,"stop":1718822763339,"duration":1051},"status":"passed","steps":[],"attachments":[],"parameters":[],"shouldDisplayMessage":false,"stepsCount":0,"attachmentsCount":0,"hasContent":false,"attachmentStep":false},{"name":"2024-06-19 18:40:05.716820   Start Checking Captcha","time":{"start":1718822763339,"stop":1718822764348,"duration":1009},"status":"passed","steps":[],"attachments":[],"parameters":[],"shouldDisplayMessage":false,"stepsCount":0,"attachmentsCount":0,"hasContent":false,"attachmentStep":false}],"attachments":[],"parameters":[{"name":"d","value":"<selenium.webdriver.chrome.webdriver.WebDriver (session=\"2cdf578bd02f44905242702891a1ee84\")>"},{"name":"host","value":"'https://capital.com/'"},{"name":"end_point","value":"''"},{"name":"cur_language","value":"'fr'"},{"name":"cur_country","value":"'au'"},{"name":"cur_role","value":"'NoAuth'"},{"name":"cur_login","value":"'test001.miketar+1@gmail.com'"},{"name":"cur_password","value":"'Qwer1234-!@#$'"}],"shouldDisplayMessage":false,"stepsCount":4,"attachmentsCount":0,"hasContent":true,"attachmentStep":false},{"name":"Select \"Education\" menu, \"Shares trading\" submenu","time":{"start":1718822764348,"stop":1718822768060,"duration":3712},"status":"passed","steps":[{"name":"Focus moved to 'Education' menu","time":{"start":1718822764363,"stop":1718822766154,"duration":1791},"status":"passed","steps":[],"attachments":[],"parameters":[{"name":"d","value":"<selenium.webdriver.chrome.webdriver.WebDriver (session=\"2cdf578bd02f44905242702891a1ee84\")>"},{"name":"test_language","value":"'fr'"},{"name":"test_country","value":"'au'"}],"shouldDisplayMessage":false,"stepsCount":0,"attachmentsCount":0,"hasContent":true,"attachmentStep":false},{"name":"Focus move to 'Shares trading' submenu item and click","time":{"start":1718822766154,"stop":1718822767771,"duration":1617},"status":"passed","steps":[],"attachments":[],"parameters":[{"name":"d","value":"<selenium.webdriver.chrome.webdriver.WebDriver (session=\"2cdf578bd02f44905242702891a1ee84\")>"},{"name":"test_language","value":"'fr'"}],"shouldDisplayMessage":false,"stepsCount":0,"attachmentsCount":0,"hasContent":true,"attachmentStep":false}],"attachments":[],"parameters":[{"name":"d","value":"<selenium.webdriver.chrome.webdriver.WebDriver (session=\"2cdf578bd02f44905242702891a1ee84\")>"},{"name":"cur_language","value":"'fr'"},{"name":"cur_country","value":"'au'"},{"name":"link","value":"'https://capital.com/fr'"}],"shouldDisplayMessage":false,"stepsCount":2,"attachmentsCount":0,"hasContent":true,"attachmentStep":false},{"name":"2024-06-19 18:40:05.716820   Start Full test for Try demo button of Main banner","time":{"start":1718822768060,"stop":1718822783760,"duration":15700},"status":"failed","statusMessage":"AssertionError: Bug # 05. Opened a 'Sign up' form instead of a 'Login'\n","statusTrace":"  File \"C:\\Users\\runneradmin\\AppData\\Local\\pypoetry\\Cache\\virtualenvs\\testcapitalcompyse-ahTg7XpD-py3.12\\Lib\\site-packages\\allure_commons\\_allure.py\", line 192, in impl\n    return func(*a, **kw)\n           ^^^^^^^^^^^^^^\n  File \"D:\\a\\TestCapitalComPySe\\TestCapitalComPySe\\pages\\Elements\\MainBannerTryDemoButton.py\", line 29, in full_test_with_tpi\n    test_element.assert_login(d, cur_language, cur_item_link)\n  File \"C:\\Users\\runneradmin\\AppData\\Local\\pypoetry\\Cache\\virtualenvs\\testcapitalcompyse-ahTg7XpD-py3.12\\Lib\\site-packages\\allure_commons\\_allure.py\", line 192, in impl\n    return func(*a, **kw)\n           ^^^^^^^^^^^^^^\n  File \"D:\\a\\TestCapitalComPySe\\TestCapitalComPySe\\pages\\Elements\\AssertClass.py\", line 94, in assert_login\n    Common().assert_true_false(False,\n  File \"D:\\a\\TestCapitalComPySe\\TestCapitalComPySe\\pages\\common.py\", line 213, in assert_true_false\n    assert False, msg\n           ^^^^^\n","steps":[{"name":"Click button [Try demo] on Main banner","time":{"start":1718822768097,"stop":1718822768136,"duration":39},"status":"passed","steps":[],"attachments":[],"parameters":[],"shouldDisplayMessage":false,"stepsCount":0,"attachmentsCount":0,"hasContent":false,"attachmentStep":false},{"name":"Checking that \"Login\" form or page opened","time":{"start":1718822768136,"stop":1718822783760,"duration":15624},"status":"failed","statusMessage":"AssertionError: Bug # 05. Opened a 'Sign up' form instead of a 'Login'\n","statusTrace":"  File \"C:\\Users\\runneradmin\\AppData\\Local\\pypoetry\\Cache\\virtualenvs\\testcapitalcompyse-ahTg7XpD-py3.12\\Lib\\site-packages\\allure_commons\\_allure.py\", line 192, in impl\n    return func(*a, **kw)\n           ^^^^^^^^^^^^^^\n  File \"D:\\a\\TestCapitalComPySe\\TestCapitalComPySe\\pages\\Elements\\AssertClass.py\", line 94, in assert_login\n    Common().assert_true_false(False,\n  File \"D:\\a\\TestCapitalComPySe\\TestCapitalComPySe\\pages\\common.py\", line 213, in assert_true_false\n    assert False, msg\n           ^^^^^\n","steps":[{"name":"Check that form [Login] is opened","time":{"start":1718822768136,"stop":1718822774330,"duration":6194},"status":"passed","steps":[],"attachments":[],"parameters":[],"shouldDisplayMessage":false,"stepsCount":0,"attachmentsCount":0,"hasContent":false,"attachmentStep":false},{"name":"Check that new form [Login] is opened","time":{"start":1718822774330,"stop":1718822777382,"duration":3052},"status":"passed","steps":[],"attachments":[],"parameters":[],"shouldDisplayMessage":false,"stepsCount":0,"attachmentsCount":0,"hasContent":false,"attachmentStep":false},{"name":"Check that page [Login] is opened","time":{"start":1718822777382,"stop":1718822777382,"duration":0},"status":"passed","steps":[],"attachments":[],"parameters":[],"shouldDisplayMessage":false,"stepsCount":0,"attachmentsCount":0,"hasContent":false,"attachmentStep":false},{"name":"Check that [Login] form on trading platform page opened","time":{"start":1718822777382,"stop":1718822780425,"duration":3043},"status":"passed","steps":[],"attachments":[],"parameters":[{"name":"cur_language","value":"'fr'"}],"shouldDisplayMessage":false,"stepsCount":0,"attachmentsCount":0,"hasContent":true,"attachmentStep":false},{"name":"Check that \"Sign up\" form opened","time":{"start":1718822780425,"stop":1718822780472,"duration":47},"status":"passed","steps":[],"attachments":[],"parameters":[{"name":"cur_language","value":"'fr'"}],"shouldDisplayMessage":false,"stepsCount":0,"attachmentsCount":0,"hasContent":true,"attachmentStep":false},{"name":"Fixing one row check results into Google Sheet Bugs Report","time":{"start":1718822781081,"stop":1718822781440,"duration":359},"status":"passed","steps":[],"attachments":[],"parameters":[{"name":"cell","value":"'B1'"},{"name":"values","value":"[['Busy']]"}],"shouldDisplayMessage":false,"stepsCount":0,"attachmentsCount":0,"hasContent":true,"attachmentStep":false},{"name":"Fixing one row check results into Google Sheet Bugs Report","time":{"start":1718822783011,"stop":1718822783760,"duration":749},"status":"passed","steps":[],"attachments":[],"parameters":[{"name":"cell","value":"'B1'"},{"name":"values","value":"[['Bugs Report']]"}],"shouldDisplayMessage":false,"stepsCount":0,"attachmentsCount":0,"hasContent":true,"attachmentStep":false}],"attachments":[],"parameters":[{"name":"d","value":"<selenium.webdriver.chrome.webdriver.WebDriver (session=\"2cdf578bd02f44905242702891a1ee84\")>"},{"name":"cur_language","value":"'fr'"},{"name":"cur_link","value":"'https://capital.com/fr/trade-stocks'"}],"shouldDisplayMessage":true,"stepsCount":7,"attachmentsCount":0,"hasContent":true,"attachmentStep":false}],"attachments":[],"parameters":[{"name":"d","value":"<selenium.webdriver.chrome.webdriver.WebDriver (session=\"2cdf578bd02f44905242702891a1ee84\")>"},{"name":"cur_language","value":"'fr'"},{"name":"cur_country","value":"'au'"},{"name":"cur_role","value":"'NoAuth'"},{"name":"cur_item_link","value":"'https://capital.com/fr/trade-stocks'"}],"shouldDisplayMessage":false,"stepsCount":9,"attachmentsCount":0,"hasContent":true,"attachmentStep":false}],"attachments":[],"parameters":[{"name":"worker_id","value":"'master'"},{"name":"d","value":"<selenium.webdriver.chrome.webdriver.WebDriver (session=\"2cdf578bd02f44905242702891a1ee84\")>"},{"name":"cur_language","value":"'fr'"},{"name":"cur_country","value":"'au'"},{"name":"cur_role","value":"'NoAuth'"},{"name":"cur_login","value":"'test001.miketar+1@gmail.com'"},{"name":"cur_password","value":"'Qwer1234-!@#$'"}],"shouldDisplayMessage":false,"stepsCount":18,"attachmentsCount":0,"hasContent":true,"attachmentStep":false}],"attachments":[{"uid":"2fa311917bb99053","name":"Screenshot","source":"2fa311917bb99053.png","type":"image/png","size":97036},{"uid":"4c925b0e8343744f","name":"log","source":"4c925b0e8343744f.txt","type":"text/plain","size":4537},{"uid":"66308718a918d421","name":"stdout","source":"66308718a918d421.txt","type":"text/plain","size":4772}],"parameters":[],"shouldDisplayMessage":true,"stepsCount":19,"attachmentsCount":3,"hasContent":true,"attachmentStep":false},"afterStages":[{"name":"d::0","time":{"start":1718822874556,"stop":1718822876923,"duration":2367},"status":"passed","steps":[],"attachments":[],"parameters":[],"shouldDisplayMessage":false,"stepsCount":0,"attachmentsCount":0,"hasContent":false,"attachmentStep":false}],"labels":[{"name":"epic","value":"US_11.02.02 | Education > Menu item [Shares trading]"},{"name":"feature","value":"Language: fr"},{"name":"story","value":"Country: au / Role: NoAuth"},{"name":"tag","value":"test_02"},{"name":"tag","value":"us_11_02_02"},{"name":"parentSuite","value":"tests.US_11_Education.US_11-02-02_Shares_trading"},{"name":"suite","value":"US_11-02-02-00_Shares_trading_test"},{"name":"subSuite","value":"TestSharesTrading"},{"name":"host","value":"fv-az534-931"},{"name":"thread","value":"4776-MainThread"},{"name":"framework","value":"pytest"},{"name":"language","value":"cpython3"},{"name":"package","value":"tests.US_11_Education.US_11-02-02_Shares_trading.US_11-02-02-00_Shares_trading_test"},{"name":"resultFormat","value":"allure2"}],"parameters":[{"name":"cur_country","value":"'au'"},{"name":"cur_language","value":"'fr'"},{"name":"cur_login","value":"'test001.miketar+1@gmail.com'"},{"name":"cur_password","value":"'Qwer1234-!@#$'"},{"name":"cur_role","value":"'NoAuth'"},{"name":"d","value":"'Chrome'"}],"links":[],"hidden":false,"retry":false,"extra":{"severity":"normal","retries":[],"categories":[{"name":"Product defects","matchedStatuses":[],"flaky":false}],"tags":["test_02","us_11_02_02"]},"source":"bb84fb70a1569052.json","parameterValues":["'au'","'fr'","'test001.miketar+1@gmail.com'","'Qwer1234-!@#$'","'NoAuth'","'Chrome'"]}