{"uid":"f4bbf7f2495a3013","name":"TC_00.00_012 | Start test of link [easy-to-use] in 'Explore our platform' block. Bid:00.00_012-fr.au.NoReg","fullName":"tests.US_00_Main_page.US_00-00_Main_page.us_00-00_main_page_test.TestMainPage#test_012_explore_our_platform_block_easy_to_use_link","historyId":"ee17dc3b2f6c18b41ae830fb63b1e341","time":{"start":1718814454361,"stop":1718814480140,"duration":25779},"description":"\n        Check: Link [easy-to-use] in 'Explore our platform' block\n        Language: Not EN, NL. License: Not FCA.\n        ","descriptionHtml":"<pre><code>    Check: Link [easy-to-use] in 'Explore our platform' block\n    Language: Not EN, NL. License: Not FCA.\n</code></pre>\n","status":"failed","statusMessage":"AssertionError: Bug # 04. Unknown situation instead 'Sign Up' form opened","statusTrace":"self = <us_00-00_main_page_test.TestMainPage object at 0x000002C4376EF7D0>\nworker_id = 'master'\nd = <selenium.webdriver.chrome.webdriver.WebDriver (session=\"d33de4bd40da5b4e73fc1bed18d1fbbd\")>\ncur_language = 'fr', cur_country = 'au', cur_role = 'NoReg'\ncur_login = 'test001.miketar+1@gmail.com', cur_password = 'Qwer1234-!@#$'\n\n    @allure.step(\"Start test of link [easy-to-use] in 'Explore our platform' block\")\n    @pytest.mark.test_012\n    def test_012_explore_our_platform_block_easy_to_use_link(\n            self, worker_id, d, cur_language, cur_country, cur_role, cur_login, cur_password):\n        \"\"\"\n        Check: Link [easy-to-use] in 'Explore our platform' block\n        Language: Not EN, NL. License: Not FCA.\n        \"\"\"\n    \n        bid = build_dynamic_arg_v4(\n            d, worker_id, cur_language, cur_country, cur_role,\n            \"00\", \"Main Page\",\n            \".00_012\", \"Start test of link [easy-to-use] in 'Explore our platform' block\",\n            False, False\n        )\n    \n        Common().check_market_in_list_and_skip_if_present(cur_language, ['', 'nl'])\n        Common().check_country_in_list_and_skip_if_not_present(cur_country, ['de', 'au', 'ae'])\n    \n        page_conditions = Conditions(d, \"\")\n        main_page_link = page_conditions.preconditions(\n            d, CapitalComPageSrc.URL, \"\", cur_language, cur_country, cur_role, cur_login, cur_password)\n    \n        test_element = ExploreOurPlatformBlockEasyToUseLink(d, main_page_link, bid)\n>       test_element.full_test_with_tpi(d, cur_language, cur_country, cur_role, main_page_link)\n\ntests\\US_00_Main_page\\US_00-00_Main_page\\us_00-00_main_page_test.py:583: \n_ _ _ _ _ _ _ _ _ _ _ _ _ _ _ _ _ _ _ _ _ _ _ _ _ _ _ _ _ _ _ _ _ _ _ _ _ _ _ _\npages\\Elements\\ExploreOurPlatformBlockEasyToUseLink.py:40: in full_test_with_tpi\n    test_element.assert_signup(d, cur_language, cur_item_link)\npages\\Elements\\AssertClass.py:54: in assert_signup\n    Common().assert_true_false(False, \"Bug # 04. Unknown situation instead 'Sign Up' form opened\")\n_ _ _ _ _ _ _ _ _ _ _ _ _ _ _ _ _ _ _ _ _ _ _ _ _ _ _ _ _ _ _ _ _ _ _ _ _ _ _ _\n\ncondition = False\nmsg = \"Bug # 04. Unknown situation instead 'Sign Up' form opened\"\n\n    @staticmethod\n    def assert_true_false(condition=False, msg=\"\"):\n    \tif condition:\n    \t\tCommon.flag_of_bug = False\n    \t\tassert True, msg\n    \telse:\n    \t\tCommon.flag_of_bug = True\n>   \t\tassert False, msg\nE     AssertionError: Bug # 04. Unknown situation instead 'Sign Up' form opened\n\npages\\common.py:213: AssertionError","flaky":false,"newFailed":false,"newBroken":false,"newPassed":false,"retriesCount":0,"retriesStatusChange":false,"beforeStages":[{"name":"d","time":{"start":1718814317964,"stop":1718814355040,"duration":37076},"status":"passed","steps":[],"attachments":[],"parameters":[],"shouldDisplayMessage":false,"stepsCount":0,"attachmentsCount":0,"hasContent":false,"attachmentStep":false},{"name":"cur_role","time":{"start":1718814355040,"stop":1718814355040,"duration":0},"status":"passed","steps":[],"attachments":[],"parameters":[],"shouldDisplayMessage":false,"stepsCount":0,"attachmentsCount":0,"hasContent":false,"attachmentStep":false},{"name":"cur_language","time":{"start":1718814355040,"stop":1718814355040,"duration":0},"status":"passed","steps":[],"attachments":[],"parameters":[],"shouldDisplayMessage":false,"stepsCount":0,"attachmentsCount":0,"hasContent":false,"attachmentStep":false},{"name":"worker_id","time":{"start":1718814355040,"stop":1718814355040,"duration":0},"status":"passed","steps":[],"attachments":[],"parameters":[],"shouldDisplayMessage":false,"stepsCount":0,"attachmentsCount":0,"hasContent":false,"attachmentStep":false},{"name":"cur_country","time":{"start":1718814355040,"stop":1718814355040,"duration":0},"status":"passed","steps":[],"attachments":[],"parameters":[],"shouldDisplayMessage":false,"stepsCount":0,"attachmentsCount":0,"hasContent":false,"attachmentStep":false},{"name":"cur_password","time":{"start":1718814355041,"stop":1718814355041,"duration":0},"status":"passed","steps":[],"attachments":[],"parameters":[],"shouldDisplayMessage":false,"stepsCount":0,"attachmentsCount":0,"hasContent":false,"attachmentStep":false},{"name":"cur_login","time":{"start":1718814355041,"stop":1718814355041,"duration":0},"status":"passed","steps":[],"attachments":[],"parameters":[],"shouldDisplayMessage":false,"stepsCount":0,"attachmentsCount":0,"hasContent":false,"attachmentStep":false}],"testStage":{"description":"\n        Check: Link [easy-to-use] in 'Explore our platform' block\n        Language: Not EN, NL. License: Not FCA.\n        ","status":"failed","statusMessage":"AssertionError: Bug # 04. Unknown situation instead 'Sign Up' form opened","statusTrace":"self = <us_00-00_main_page_test.TestMainPage object at 0x000002C4376EF7D0>\nworker_id = 'master'\nd = <selenium.webdriver.chrome.webdriver.WebDriver (session=\"d33de4bd40da5b4e73fc1bed18d1fbbd\")>\ncur_language = 'fr', cur_country = 'au', cur_role = 'NoReg'\ncur_login = 'test001.miketar+1@gmail.com', cur_password = 'Qwer1234-!@#$'\n\n    @allure.step(\"Start test of link [easy-to-use] in 'Explore our platform' block\")\n    @pytest.mark.test_012\n    def test_012_explore_our_platform_block_easy_to_use_link(\n            self, worker_id, d, cur_language, cur_country, cur_role, cur_login, cur_password):\n        \"\"\"\n        Check: Link [easy-to-use] in 'Explore our platform' block\n        Language: Not EN, NL. License: Not FCA.\n        \"\"\"\n    \n        bid = build_dynamic_arg_v4(\n            d, worker_id, cur_language, cur_country, cur_role,\n            \"00\", \"Main Page\",\n            \".00_012\", \"Start test of link [easy-to-use] in 'Explore our platform' block\",\n            False, False\n        )\n    \n        Common().check_market_in_list_and_skip_if_present(cur_language, ['', 'nl'])\n        Common().check_country_in_list_and_skip_if_not_present(cur_country, ['de', 'au', 'ae'])\n    \n        page_conditions = Conditions(d, \"\")\n        main_page_link = page_conditions.preconditions(\n            d, CapitalComPageSrc.URL, \"\", cur_language, cur_country, cur_role, cur_login, cur_password)\n    \n        test_element = ExploreOurPlatformBlockEasyToUseLink(d, main_page_link, bid)\n>       test_element.full_test_with_tpi(d, cur_language, cur_country, cur_role, main_page_link)\n\ntests\\US_00_Main_page\\US_00-00_Main_page\\us_00-00_main_page_test.py:583: \n_ _ _ _ _ _ _ _ _ _ _ _ _ _ _ _ _ _ _ _ _ _ _ _ _ _ _ _ _ _ _ _ _ _ _ _ _ _ _ _\npages\\Elements\\ExploreOurPlatformBlockEasyToUseLink.py:40: in full_test_with_tpi\n    test_element.assert_signup(d, cur_language, cur_item_link)\npages\\Elements\\AssertClass.py:54: in assert_signup\n    Common().assert_true_false(False, \"Bug # 04. Unknown situation instead 'Sign Up' form opened\")\n_ _ _ _ _ _ _ _ _ _ _ _ _ _ _ _ _ _ _ _ _ _ _ _ _ _ _ _ _ _ _ _ _ _ _ _ _ _ _ _\n\ncondition = False\nmsg = \"Bug # 04. Unknown situation instead 'Sign Up' form opened\"\n\n    @staticmethod\n    def assert_true_false(condition=False, msg=\"\"):\n    \tif condition:\n    \t\tCommon.flag_of_bug = False\n    \t\tassert True, msg\n    \telse:\n    \t\tCommon.flag_of_bug = True\n>   \t\tassert False, msg\nE     AssertionError: Bug # 04. Unknown situation instead 'Sign Up' form opened\n\npages\\common.py:213: AssertionError","steps":[{"name":"Start test of link [easy-to-use] in 'Explore our platform' block","time":{"start":1718814454361,"stop":1718814480140,"duration":25779},"status":"failed","statusMessage":"AssertionError: Bug # 04. Unknown situation instead 'Sign Up' form opened\n","statusTrace":"  File \"C:\\Users\\runneradmin\\AppData\\Local\\pypoetry\\Cache\\virtualenvs\\testcapitalcompyse-ahTg7XpD-py3.12\\Lib\\site-packages\\allure_commons\\_allure.py\", line 192, in impl\n    return func(*a, **kw)\n           ^^^^^^^^^^^^^^\n  File \"D:\\a\\TestCapitalComPySe\\TestCapitalComPySe\\tests\\US_00_Main_page\\US_00-00_Main_page\\us_00-00_main_page_test.py\", line 583, in test_012_explore_our_platform_block_easy_to_use_link\n    test_element.full_test_with_tpi(d, cur_language, cur_country, cur_role, main_page_link)\n  File \"C:\\Users\\runneradmin\\AppData\\Local\\pypoetry\\Cache\\virtualenvs\\testcapitalcompyse-ahTg7XpD-py3.12\\Lib\\site-packages\\allure_commons\\_allure.py\", line 192, in impl\n    return func(*a, **kw)\n           ^^^^^^^^^^^^^^\n  File \"D:\\a\\TestCapitalComPySe\\TestCapitalComPySe\\pages\\Elements\\ExploreOurPlatformBlockEasyToUseLink.py\", line 40, in full_test_with_tpi\n    test_element.assert_signup(d, cur_language, cur_item_link)\n  File \"C:\\Users\\runneradmin\\AppData\\Local\\pypoetry\\Cache\\virtualenvs\\testcapitalcompyse-ahTg7XpD-py3.12\\Lib\\site-packages\\allure_commons\\_allure.py\", line 192, in impl\n    return func(*a, **kw)\n           ^^^^^^^^^^^^^^\n  File \"D:\\a\\TestCapitalComPySe\\TestCapitalComPySe\\pages\\Elements\\AssertClass.py\", line 54, in assert_signup\n    Common().assert_true_false(False, \"Bug # 04. Unknown situation instead 'Sign Up' form opened\")\n  File \"D:\\a\\TestCapitalComPySe\\TestCapitalComPySe\\pages\\common.py\", line 213, in assert_true_false\n    assert False, msg\n           ^^^^^\n","steps":[{"name":"Preconditions","time":{"start":1718814454364,"stop":1718814458480,"duration":4116},"status":"passed","steps":[{"name":"2024-06-19 16:25:17.916742   Start Checking Captcha","time":{"start":1718814454380,"stop":1718814455435,"duration":1055},"status":"passed","steps":[],"attachments":[],"parameters":[],"shouldDisplayMessage":false,"stepsCount":0,"attachmentsCount":0,"hasContent":false,"attachmentStep":false},{"name":"2024-06-19 16:25:17.916742   Start Checking Captcha","time":{"start":1718814455436,"stop":1718814456444,"duration":1008},"status":"passed","steps":[],"attachments":[],"parameters":[],"shouldDisplayMessage":false,"stepsCount":0,"attachmentsCount":0,"hasContent":false,"attachmentStep":false},{"name":"2024-06-19 16:25:17.916742   Start Checking Captcha","time":{"start":1718814456445,"stop":1718814457449,"duration":1004},"status":"passed","steps":[],"attachments":[],"parameters":[],"shouldDisplayMessage":false,"stepsCount":0,"attachmentsCount":0,"hasContent":false,"attachmentStep":false},{"name":"2024-06-19 16:25:17.916742   Start Checking Captcha","time":{"start":1718814457449,"stop":1718814458476,"duration":1027},"status":"passed","steps":[],"attachments":[],"parameters":[],"shouldDisplayMessage":false,"stepsCount":0,"attachmentsCount":0,"hasContent":false,"attachmentStep":false}],"attachments":[],"parameters":[{"name":"d","value":"<selenium.webdriver.chrome.webdriver.WebDriver (session=\"d33de4bd40da5b4e73fc1bed18d1fbbd\")>"},{"name":"host","value":"'https://capital.com/'"},{"name":"end_point","value":"''"},{"name":"cur_language","value":"'fr'"},{"name":"cur_country","value":"'au'"},{"name":"cur_role","value":"'NoReg'"},{"name":"cur_login","value":"'test001.miketar+1@gmail.com'"},{"name":"cur_password","value":"'Qwer1234-!@#$'"}],"shouldDisplayMessage":false,"stepsCount":4,"attachmentsCount":0,"hasContent":true,"attachmentStep":false},{"name":"2024-06-19 16:25:17.807370   Start Full test for [easy-to-use] link in \"Explore our platform\" block","time":{"start":1718814458480,"stop":1718814480139,"duration":21659},"status":"failed","statusMessage":"AssertionError: Bug # 04. Unknown situation instead 'Sign Up' form opened\n","statusTrace":"  File \"C:\\Users\\runneradmin\\AppData\\Local\\pypoetry\\Cache\\virtualenvs\\testcapitalcompyse-ahTg7XpD-py3.12\\Lib\\site-packages\\allure_commons\\_allure.py\", line 192, in impl\n    return func(*a, **kw)\n           ^^^^^^^^^^^^^^\n  File \"D:\\a\\TestCapitalComPySe\\TestCapitalComPySe\\pages\\Elements\\ExploreOurPlatformBlockEasyToUseLink.py\", line 40, in full_test_with_tpi\n    test_element.assert_signup(d, cur_language, cur_item_link)\n  File \"C:\\Users\\runneradmin\\AppData\\Local\\pypoetry\\Cache\\virtualenvs\\testcapitalcompyse-ahTg7XpD-py3.12\\Lib\\site-packages\\allure_commons\\_allure.py\", line 192, in impl\n    return func(*a, **kw)\n           ^^^^^^^^^^^^^^\n  File \"D:\\a\\TestCapitalComPySe\\TestCapitalComPySe\\pages\\Elements\\AssertClass.py\", line 54, in assert_signup\n    Common().assert_true_false(False, \"Bug # 04. Unknown situation instead 'Sign Up' form opened\")\n  File \"D:\\a\\TestCapitalComPySe\\TestCapitalComPySe\\pages\\common.py\", line 213, in assert_true_false\n    assert False, msg\n           ^^^^^\n","steps":[{"name":"Click link [easy-to-use] on \"Explore our platform\" block","time":{"start":1718814458593,"stop":1718814459794,"duration":1201},"status":"passed","steps":[],"attachments":[],"parameters":[{"name":"d","value":"<selenium.webdriver.chrome.webdriver.WebDriver (session=\"d33de4bd40da5b4e73fc1bed18d1fbbd\")>"}],"shouldDisplayMessage":false,"stepsCount":0,"attachmentsCount":0,"hasContent":true,"attachmentStep":false},{"name":"Checking that \"Signup\" opened (old layout)","time":{"start":1718814459794,"stop":1718814480139,"duration":20345},"status":"failed","statusMessage":"AssertionError: Bug # 04. Unknown situation instead 'Sign Up' form opened\n","statusTrace":"  File \"C:\\Users\\runneradmin\\AppData\\Local\\pypoetry\\Cache\\virtualenvs\\testcapitalcompyse-ahTg7XpD-py3.12\\Lib\\site-packages\\allure_commons\\_allure.py\", line 192, in impl\n    return func(*a, **kw)\n           ^^^^^^^^^^^^^^\n  File \"D:\\a\\TestCapitalComPySe\\TestCapitalComPySe\\pages\\Elements\\AssertClass.py\", line 54, in assert_signup\n    Common().assert_true_false(False, \"Bug # 04. Unknown situation instead 'Sign Up' form opened\")\n  File \"D:\\a\\TestCapitalComPySe\\TestCapitalComPySe\\pages\\common.py\", line 213, in assert_true_false\n    assert False, msg\n           ^^^^^\n","steps":[{"name":"Check that \"Sign up\" form opened","time":{"start":1718814459794,"stop":1718814462834,"duration":3040},"status":"passed","steps":[],"attachments":[],"parameters":[{"name":"cur_language","value":"'fr'"}],"shouldDisplayMessage":false,"stepsCount":0,"attachmentsCount":0,"hasContent":true,"attachmentStep":false},{"name":"Check that \"Sign up\" form opened","time":{"start":1718814462835,"stop":1718814465949,"duration":3114},"status":"passed","steps":[],"attachments":[],"parameters":[{"name":"cur_language","value":"'fr'"}],"shouldDisplayMessage":false,"stepsCount":0,"attachmentsCount":0,"hasContent":true,"attachmentStep":false},{"name":"Check that page [Sign up] opened","time":{"start":1718814465949,"stop":1718814466955,"duration":1006},"status":"passed","steps":[],"attachments":[],"parameters":[{"name":"cur_language","value":"'fr'"}],"shouldDisplayMessage":false,"stepsCount":0,"attachmentsCount":0,"hasContent":true,"attachmentStep":false},{"name":"Check that [Sign up] form on trading platform page opened","time":{"start":1718814466955,"stop":1718814469977,"duration":3022},"status":"passed","steps":[],"attachments":[],"parameters":[{"name":"cur_language","value":"'fr'"}],"shouldDisplayMessage":false,"stepsCount":0,"attachmentsCount":0,"hasContent":true,"attachmentStep":false},{"name":"Fixing one row check results into Google Sheet Bugs Report","time":{"start":1718814470673,"stop":1718814471031,"duration":358},"status":"passed","steps":[],"attachments":[],"parameters":[{"name":"cell","value":"'B1'"},{"name":"values","value":"[['Busy']]"}],"shouldDisplayMessage":false,"stepsCount":0,"attachmentsCount":0,"hasContent":true,"attachmentStep":false},{"name":"Fixing one row check results into Google Sheet Bugs Report","time":{"start":1718814472567,"stop":1718814472915,"duration":348},"status":"passed","steps":[],"attachments":[],"parameters":[{"name":"cell","value":"'B1'"},{"name":"values","value":"[['Bugs Report']]"}],"shouldDisplayMessage":false,"stepsCount":0,"attachmentsCount":0,"hasContent":true,"attachmentStep":false},{"name":"Fixing one row check results into Google Sheet Bugs Report","time":{"start":1718814474300,"stop":1718814474653,"duration":353},"status":"passed","steps":[],"attachments":[],"parameters":[{"name":"cell","value":"'B1'"},{"name":"values","value":"[['Busy']]"}],"shouldDisplayMessage":false,"stepsCount":0,"attachmentsCount":0,"hasContent":true,"attachmentStep":false},{"name":"Fixing one row check results into Google Sheet Bugs Report","time":{"start":1718814477754,"stop":1718814478387,"duration":633},"status":"passed","steps":[],"attachments":[],"parameters":[{"name":"cell","value":"'U5'"},{"name":"values","value":"[['19/06/2024 16:27:54']]"}],"shouldDisplayMessage":false,"stepsCount":0,"attachmentsCount":0,"hasContent":true,"attachmentStep":false},{"name":"Fixing one row check results into Google Sheet Bugs Report","time":{"start":1718814478387,"stop":1718814479100,"duration":713},"status":"passed","steps":[],"attachments":[],"parameters":[{"name":"cell","value":"'A5'"},{"name":"values","value":"[['Bid:00.00_012-fr.au.NoReg', 'Ubuntu 22.04', 'Chrome', \"'00.00\", \"'_012\", 'fr', 'au']]"}],"shouldDisplayMessage":false,"stepsCount":0,"attachmentsCount":0,"hasContent":true,"attachmentStep":false},{"name":"Fixing one row check results into Google Sheet Bugs Report","time":{"start":1718814479100,"stop":1718814479435,"duration":335},"status":"passed","steps":[],"attachments":[],"parameters":[{"name":"cell","value":"'I5'"},{"name":"values","value":"[['NoReg', '']]"}],"shouldDisplayMessage":false,"stepsCount":0,"attachmentsCount":0,"hasContent":true,"attachmentStep":false},{"name":"Fixing one row check results into Google Sheet Bugs Report","time":{"start":1718814479435,"stop":1718814479802,"duration":367},"status":"passed","steps":[],"attachments":[],"parameters":[{"name":"cell","value":"'P5'"},{"name":"values","value":"[[\"'04\"]]"}],"shouldDisplayMessage":false,"stepsCount":0,"attachmentsCount":0,"hasContent":true,"attachmentStep":false},{"name":"Fixing one row check results into Google Sheet Bugs Report","time":{"start":1718814479802,"stop":1718814480139,"duration":337},"status":"passed","steps":[],"attachments":[],"parameters":[{"name":"cell","value":"'B1'"},{"name":"values","value":"[['Bugs Report']]"}],"shouldDisplayMessage":false,"stepsCount":0,"attachmentsCount":0,"hasContent":true,"attachmentStep":false}],"attachments":[],"parameters":[{"name":"d","value":"<selenium.webdriver.chrome.webdriver.WebDriver (session=\"d33de4bd40da5b4e73fc1bed18d1fbbd\")>"},{"name":"cur_language","value":"'fr'"},{"name":"cur_link","value":"'https://capital.com/fr'"}],"shouldDisplayMessage":true,"stepsCount":12,"attachmentsCount":0,"hasContent":true,"attachmentStep":false}],"attachments":[],"parameters":[{"name":"d","value":"<selenium.webdriver.chrome.webdriver.WebDriver (session=\"d33de4bd40da5b4e73fc1bed18d1fbbd\")>"},{"name":"cur_language","value":"'fr'"},{"name":"cur_country","value":"'au'"},{"name":"cur_role","value":"'NoReg'"},{"name":"cur_item_link","value":"'https://capital.com/fr'"}],"shouldDisplayMessage":false,"stepsCount":14,"attachmentsCount":0,"hasContent":true,"attachmentStep":false}],"attachments":[],"parameters":[{"name":"worker_id","value":"'master'"},{"name":"d","value":"<selenium.webdriver.chrome.webdriver.WebDriver (session=\"d33de4bd40da5b4e73fc1bed18d1fbbd\")>"},{"name":"cur_language","value":"'fr'"},{"name":"cur_country","value":"'au'"},{"name":"cur_role","value":"'NoReg'"},{"name":"cur_login","value":"'test001.miketar+1@gmail.com'"},{"name":"cur_password","value":"'Qwer1234-!@#$'"}],"shouldDisplayMessage":false,"stepsCount":20,"attachmentsCount":0,"hasContent":true,"attachmentStep":false}],"attachments":[{"uid":"c5598beaaaa395e9","name":"Screenshot","source":"c5598beaaaa395e9.png","type":"image/png","size":143237},{"uid":"7957b5478dadc264","name":"log","source":"7957b5478dadc264.txt","type":"text/plain","size":4543},{"uid":"58034fd13afad53b","name":"stdout","source":"58034fd13afad53b.txt","type":"text/plain","size":5471}],"parameters":[],"shouldDisplayMessage":true,"stepsCount":21,"attachmentsCount":3,"hasContent":true,"attachmentStep":false},"afterStages":[{"name":"d::0","time":{"start":1718814939332,"stop":1718814941698,"duration":2366},"status":"passed","steps":[],"attachments":[],"parameters":[],"shouldDisplayMessage":false,"stepsCount":0,"attachmentsCount":0,"hasContent":false,"attachmentStep":false}],"labels":[{"name":"epic","value":"US_00 | Main Page"},{"name":"feature","value":"Language: fr"},{"name":"story","value":"Country: au / Role: NoReg"},{"name":"tag","value":"test_012"},{"name":"tag","value":"us_00_00"},{"name":"parentSuite","value":"tests.US_00_Main_page.US_00-00_Main_page"},{"name":"suite","value":"us_00-00_main_page_test"},{"name":"subSuite","value":"TestMainPage"},{"name":"host","value":"fv-az534-931"},{"name":"thread","value":"5188-MainThread"},{"name":"framework","value":"pytest"},{"name":"language","value":"cpython3"},{"name":"package","value":"tests.US_00_Main_page.US_00-00_Main_page.us_00-00_main_page_test"},{"name":"resultFormat","value":"allure2"}],"parameters":[{"name":"cur_country","value":"'au'"},{"name":"cur_language","value":"'fr'"},{"name":"cur_login","value":"'test001.miketar+1@gmail.com'"},{"name":"cur_password","value":"'Qwer1234-!@#$'"},{"name":"cur_role","value":"'NoReg'"},{"name":"d","value":"'Chrome'"}],"links":[],"hidden":false,"retry":false,"extra":{"severity":"normal","retries":[],"categories":[{"name":"Product defects","matchedStatuses":[],"flaky":false}],"tags":["us_00_00","test_012"]},"source":"f4bbf7f2495a3013.json","parameterValues":["'au'","'fr'","'test001.miketar+1@gmail.com'","'Qwer1234-!@#$'","'NoReg'","'Chrome'"]}