2025-05-20 03:02:05 ERROR Elements not present after 0.5 seconds on page: https://capital.com/en-ae
2025-05-20 03:02:05 ERROR 
Traceback (most recent call last):
  File "/home/runner/work/TestCapitalComPySe/TestCapitalComPySe/pages/base_page.py", line 86, in inner_function
    return func(*args, **kwargs)
           ^^^^^^^^^^^^^^^^^^^^^
  File "/home/runner/work/TestCapitalComPySe/TestCapitalComPySe/pages/base_page.py", line 340, in element_is_visible
    return Wait(self.driver, timeout).until(
           ^^^^^^^^^^^^^^^^^^^^^^^^^^^^^^^^^
  File "/home/runner/.cache/pypoetry/virtualenvs/testcapitalcompyse-CcJ6hTD8-py3.12/lib/python3.12/site-packages/selenium/webdriver/support/wait.py", line 105, in until
    raise TimeoutException(message, screen, stacktrace)
selenium.common.exceptions.TimeoutException: Message: 
Stacktrace:
#0 0x55a5ee91375a <unknown>
#1 0x55a5ee3b60a0 <unknown>
#2 0x55a5ee4079b0 <unknown>
#3 0x55a5ee407ba1 <unknown>
#4 0x55a5ee455ea4 <unknown>
#5 0x55a5ee42d3cd <unknown>
#6 0x55a5ee4532a0 <unknown>
#7 0x55a5ee42d173 <unknown>
#8 0x55a5ee3f9d4b <unknown>
#9 0x55a5ee3fa9b1 <unknown>
#10 0x55a5ee8d890b <unknown>
#11 0x55a5ee8dc80a <unknown>
#12 0x55a5ee8c0662 <unknown>
#13 0x55a5ee8dd394 <unknown>
#14 0x55a5ee8a549f <unknown>
#15 0x55a5ee901538 <unknown>
#16 0x55a5ee901716 <unknown>
#17 0x55a5ee9125c6 <unknown>
#18 0x7fcf0349caa4 <unknown>
#19 0x7fcf03529c3c <unknown>