2024-09-13 22:40:25 ERROR Elements not present after 0.5 seconds on page: https://capital.com/it/mobile-apps#
2024-09-13 22:40:25 ERROR 
Traceback (most recent call last):
  File "/home/runner/work/TestCapitalComPySe/TestCapitalComPySe/pages/base_page.py", line 86, in inner_function
    return func(*args, **kwargs)
           ^^^^^^^^^^^^^^^^^^^^^
  File "/home/runner/work/TestCapitalComPySe/TestCapitalComPySe/pages/base_page.py", line 305, in element_is_visible
    return Wait(self.driver, timeout).until(
           ^^^^^^^^^^^^^^^^^^^^^^^^^^^^^^^^^
  File "/home/runner/.cache/pypoetry/virtualenvs/testcapitalcompyse-CcJ6hTD8-py3.12/lib/python3.12/site-packages/selenium/webdriver/support/wait.py", line 105, in until
    raise TimeoutException(message, screen, stacktrace)
selenium.common.exceptions.TimeoutException: Message: 
Stacktrace:
#0 0x5648bd0f72da <unknown>
#1 0x5648bcdc5200 <unknown>
#2 0x5648bce14aa2 <unknown>
#3 0x5648bce14d41 <unknown>
#4 0x5648bce5a964 <unknown>
#5 0x5648bce398fd <unknown>
#6 0x5648bce57dfd <unknown>
#7 0x5648bce39673 <unknown>
#8 0x5648bce07473 <unknown>
#9 0x5648bce0847e <unknown>
#10 0x5648bd0be0db <unknown>
#11 0x5648bd0c2071 <unknown>
#12 0x5648bd0aa9d5 <unknown>
#13 0x5648bd0c2bf2 <unknown>
#14 0x5648bd08fb6f <unknown>
#15 0x5648bd0e6248 <unknown>
#16 0x5648bd0e6417 <unknown>
#17 0x5648bd0f60cc <unknown>
#18 0x7fa288494ac3 <unknown>

2024-09-13 22:40:31 ERROR Elements not present after 0.5 seconds on page: https://capital.com/it/mobile-apps#
2024-09-13 22:40:31 ERROR 
Traceback (most recent call last):
  File "/home/runner/work/TestCapitalComPySe/TestCapitalComPySe/pages/base_page.py", line 86, in inner_function
    return func(*args, **kwargs)
           ^^^^^^^^^^^^^^^^^^^^^
  File "/home/runner/work/TestCapitalComPySe/TestCapitalComPySe/pages/base_page.py", line 305, in element_is_visible
    return Wait(self.driver, timeout).until(
           ^^^^^^^^^^^^^^^^^^^^^^^^^^^^^^^^^
  File "/home/runner/.cache/pypoetry/virtualenvs/testcapitalcompyse-CcJ6hTD8-py3.12/lib/python3.12/site-packages/selenium/webdriver/support/wait.py", line 105, in until
    raise TimeoutException(message, screen, stacktrace)
selenium.common.exceptions.TimeoutException: Message: 
Stacktrace:
#0 0x5648bd0f72da <unknown>
#1 0x5648bcdc5200 <unknown>
#2 0x5648bce14aa2 <unknown>
#3 0x5648bce14d41 <unknown>
#4 0x5648bce5a964 <unknown>
#5 0x5648bce398fd <unknown>
#6 0x5648bce57dfd <unknown>
#7 0x5648bce39673 <unknown>
#8 0x5648bce07473 <unknown>
#9 0x5648bce0847e <unknown>
#10 0x5648bd0be0db <unknown>
#11 0x5648bd0c2071 <unknown>
#12 0x5648bd0aa9d5 <unknown>
#13 0x5648bd0c2bf2 <unknown>
#14 0x5648bd08fb6f <unknown>
#15 0x5648bd0e6248 <unknown>
#16 0x5648bd0e6417 <unknown>
#17 0x5648bd0f60cc <unknown>
#18 0x7fa288494ac3 <unknown>

2024-09-13 22:40:37 ERROR Elements not present after 0.5 seconds on page: https://capital.com/it/mobile-apps#
2024-09-13 22:40:37 ERROR 
Traceback (most recent call last):
  File "/home/runner/work/TestCapitalComPySe/TestCapitalComPySe/pages/base_page.py", line 86, in inner_function
    return func(*args, **kwargs)
           ^^^^^^^^^^^^^^^^^^^^^
  File "/home/runner/work/TestCapitalComPySe/TestCapitalComPySe/pages/base_page.py", line 305, in element_is_visible
    return Wait(self.driver, timeout).until(
           ^^^^^^^^^^^^^^^^^^^^^^^^^^^^^^^^^
  File "/home/runner/.cache/pypoetry/virtualenvs/testcapitalcompyse-CcJ6hTD8-py3.12/lib/python3.12/site-packages/selenium/webdriver/support/wait.py", line 105, in until
    raise TimeoutException(message, screen, stacktrace)
selenium.common.exceptions.TimeoutException: Message: 
Stacktrace:
#0 0x5648bd0f72da <unknown>
#1 0x5648bcdc5200 <unknown>
#2 0x5648bce14aa2 <unknown>
#3 0x5648bce14d41 <unknown>
#4 0x5648bce5a964 <unknown>
#5 0x5648bce398fd <unknown>
#6 0x5648bce57dfd <unknown>
#7 0x5648bce39673 <unknown>
#8 0x5648bce07473 <unknown>
#9 0x5648bce0847e <unknown>
#10 0x5648bd0be0db <unknown>
#11 0x5648bd0c2071 <unknown>
#12 0x5648bd0aa9d5 <unknown>
#13 0x5648bd0c2bf2 <unknown>
#14 0x5648bd08fb6f <unknown>
#15 0x5648bd0e6248 <unknown>
#16 0x5648bd0e6417 <unknown>
#17 0x5648bd0f60cc <unknown>
#18 0x7fa288494ac3 <unknown>