{"uid":"a98043389bea02cc","name":"TC_55!360 (Lang: en) | Bid:55!360-en.ae.NoReg","fullName":"tests.US_55_ReTestsManual.tassobaccato.US_55-tassobaccato_ReTestsManual_test.TestManualDetectedBugs#test_360","historyId":"c18a89c5b8ccf250cd2dbf13a6826e56","time":{"start":1731113283797,"stop":1731113318676,"duration":34879},"description":"\n        Check: Web pages with URLs of the FCA license are opened after clicking any of 5 links in the block “Italy 40”\n            on the page “Italy 40” when SCA license and EN language is selected.\n        Language: EN\n        License: SCA\n        Author: Kasila\n        ","descriptionHtml":"<pre><code>    Check: Web pages with URLs of the FCA license are opened after clicking any of 5 links in the block “Italy 40”\n        on the page “Italy 40” when SCA license and EN language is selected.\n    Language: EN\n    License: SCA\n    Author: Kasila\n</code></pre>\n","status":"broken","statusMessage":"selenium.common.exceptions.NoSuchElementException: Message: no such element: Unable to locate element: {\"method\":\"css selector\",\"selector\":\"div:nth-child(1) > span.localization_btn__9zIyt\"}\n  (Session info: chrome=130.0.6723.91); For documentation on this error, please visit: https://www.selenium.dev/documentation/webdriver/troubleshooting/errors#no-such-element-exception\nStacktrace:\n#0 0x563d4df026da <unknown>\n#1 0x563d4da16f80 <unknown>\n#2 0x563d4da63b46 <unknown>\n#3 0x563d4da63de1 <unknown>\n#4 0x563d4daa9174 <unknown>\n#5 0x563d4da87bdd <unknown>\n#6 0x563d4daa669d <unknown>\n#7 0x563d4da87953 <unknown>\n#8 0x563d4da5672e <unknown>\n#9 0x563d4da5779e <unknown>\n#10 0x563d4decdf1b <unknown>\n#11 0x563d4ded1eb8 <unknown>\n#12 0x563d4debb42c <unknown>\n#13 0x563d4ded2a37 <unknown>\n#14 0x563d4de9ffef <unknown>\n#15 0x563d4def0ad8 <unknown>\n#16 0x563d4def0ca0 <unknown>\n#17 0x563d4df01556 <unknown>\n#18 0x7f6327494ac3 <unknown>","statusTrace":"self = <US_55-tassobaccato_ReTestsManual_test.TestManualDetectedBugs object at 0x7f6e0ad4f200>\nworker_id = 'master'\nd = <selenium.webdriver.chrome.webdriver.WebDriver (session=\"60a1c7cedda720e038a691ce73493f71\")>\ncur_language = 'en', cur_country = 'ae', cur_role = 'NoReg'\ncur_login = 'test001.miketar+1@gmail.com', cur_password = 'Qwer1234-!@#$'\n\n    @allure.step('Start retest manual AT_55!360 that the same license remains after clicking any of 5 links in the block'\n        ' “Italy 40” on the page “Italy 40” when SCA license and EN language is selected')\n    @pytest.mark.parametrize('cur_language', ['en'])\n    @pytest.mark.parametrize('cur_country', ['ae'])\n    @pytest.mark.parametrize('cur_role', [\"NoReg\", \"Auth\", \"NoAuth\"])\n    @pytest.mark.bug_360\n    def test_360(self, worker_id, d, cur_language, cur_country, cur_role, cur_login, cur_password):\n        \"\"\"\n        Check: Web pages with URLs of the FCA license are opened after clicking any of 5 links in the block “Italy 40”\n            on the page “Italy 40” when SCA license and EN language is selected.\n        Language: EN\n        License: SCA\n        Author: Kasila\n        \"\"\"\n    \n        bid = build_dynamic_arg_for_us_55(\n            d, worker_id, cur_language, cur_country, cur_role,\n            \"55\", \"ReTests of Manual Detected Bugs\",\n            \"360\", 'The same license, SCA (AE country), remains after clicking any of 5 links in the block'\n                   ' “Italy 40”'\n        )\n    \n        link = conditions_switch(d, cur_language, cur_country, cur_role, cur_login, cur_password)\n    \n        menu = MenuNewIndices(d, link)\n        cur_item_link = menu.from_markets_menu_open_indices(d, cur_language, cur_country, link)\n    \n        test_element = IndicesItaly40(d, cur_item_link, bid)\n        test_element.arrange_v2(d, cur_item_link, link)\n        test_element.element_click(d, link)\n>       test_element.assert_()\n\ntests/US_55_ReTestsManual/tassobaccato/US_55-tassobaccato_ReTestsManual_test.py:360: \n_ _ _ _ _ _ _ _ _ _ _ _ _ _ _ _ _ _ _ _ _ _ _ _ _ _ _ _ _ _ _ _ _ _ _ _ _ _ _ _ \npages/BugsManual/bug_360.py:105: in assert_\n    actual = self.driver.find_element(By.CSS_SELECTOR,\n../../../.cache/pypoetry/virtualenvs/testcapitalcompyse-CcJ6hTD8-py3.12/lib/python3.12/site-packages/selenium/webdriver/remote/webdriver.py:766: in find_element\n    return self.execute(Command.FIND_ELEMENT, {\"using\": by, \"value\": value})[\"value\"]\n../../../.cache/pypoetry/virtualenvs/testcapitalcompyse-CcJ6hTD8-py3.12/lib/python3.12/site-packages/selenium/webdriver/remote/webdriver.py:380: in execute\n    self.error_handler.check_response(response)\n_ _ _ _ _ _ _ _ _ _ _ _ _ _ _ _ _ _ _ _ _ _ _ _ _ _ _ _ _ _ _ _ _ _ _ _ _ _ _ _ \n\nself = <selenium.webdriver.remote.errorhandler.ErrorHandler object at 0x7f6e0a20f710>\nresponse = {'status': 404, 'value': '{\"value\":{\"error\":\"no such element\",\"message\":\"no such element: Unable to locate element: {\\...\\\\n#16 0x563d4def0ca0 \\\\u003Cunknown>\\\\n#17 0x563d4df01556 \\\\u003Cunknown>\\\\n#18 0x7f6327494ac3 \\\\u003Cunknown>\\\\n\"}}'}\n\n    def check_response(self, response: Dict[str, Any]) -> None:\n        \"\"\"Checks that a JSON response from the WebDriver does not have an\n        error.\n    \n        :Args:\n         - response - The JSON response from the WebDriver server as a dictionary\n           object.\n    \n        :Raises: If the response contains an error message.\n        \"\"\"\n        status = response.get(\"status\", None)\n        if not status or status == ErrorCode.SUCCESS:\n            return\n        value = None\n        message = response.get(\"message\", \"\")\n        screen: str = response.get(\"screen\", \"\")\n        stacktrace = None\n        if isinstance(status, int):\n            value_json = response.get(\"value\", None)\n            if value_json and isinstance(value_json, str):\n                import json\n    \n                try:\n                    value = json.loads(value_json)\n                    if len(value) == 1:\n                        value = value[\"value\"]\n                    status = value.get(\"error\", None)\n                    if not status:\n                        status = value.get(\"status\", ErrorCode.UNKNOWN_ERROR)\n                        message = value.get(\"value\") or value.get(\"message\")\n                        if not isinstance(message, str):\n                            value = message\n                            message = message.get(\"message\")\n                    else:\n                        message = value.get(\"message\", None)\n                except ValueError:\n                    pass\n    \n        exception_class: Type[WebDriverException]\n        e = ErrorCode()\n        error_codes = [item for item in dir(e) if not item.startswith(\"__\")]\n        for error_code in error_codes:\n            error_info = getattr(ErrorCode, error_code)\n            if isinstance(error_info, list) and status in error_info:\n                exception_class = getattr(ExceptionMapping, error_code, WebDriverException)\n                break\n        else:\n            exception_class = WebDriverException\n    \n        if not value:\n            value = response[\"value\"]\n        if isinstance(value, str):\n            raise exception_class(value)\n        if message == \"\" and \"message\" in value:\n            message = value[\"message\"]\n    \n        screen = None  # type: ignore[assignment]\n        if \"screen\" in value:\n            screen = value[\"screen\"]\n    \n        stacktrace = None\n        st_value = value.get(\"stackTrace\") or value.get(\"stacktrace\")\n        if st_value:\n            if isinstance(st_value, str):\n                stacktrace = st_value.split(\"\\n\")\n            else:\n                stacktrace = []\n                try:\n                    for frame in st_value:\n                        line = frame.get(\"lineNumber\", \"\")\n                        file = frame.get(\"fileName\", \"<anonymous>\")\n                        if line:\n                            file = f\"{file}:{line}\"\n                        meth = frame.get(\"methodName\", \"<anonymous>\")\n                        if \"className\" in frame:\n                            meth = f\"{frame['className']}.{meth}\"\n                        msg = \"    at %s (%s)\"\n                        msg = msg % (meth, file)\n                        stacktrace.append(msg)\n                except TypeError:\n                    pass\n        if exception_class == UnexpectedAlertPresentException:\n            alert_text = None\n            if \"data\" in value:\n                alert_text = value[\"data\"].get(\"text\")\n            elif \"alert\" in value:\n                alert_text = value[\"alert\"].get(\"text\")\n            raise exception_class(message, screen, stacktrace, alert_text)  # type: ignore[call-arg]  # mypy is not smart enough here\n>       raise exception_class(message, screen, stacktrace)\nE       selenium.common.exceptions.NoSuchElementException: Message: no such element: Unable to locate element: {\"method\":\"css selector\",\"selector\":\"div:nth-child(1) > span.localization_btn__9zIyt\"}\nE         (Session info: chrome=130.0.6723.91); For documentation on this error, please visit: https://www.selenium.dev/documentation/webdriver/troubleshooting/errors#no-such-element-exception\nE       Stacktrace:\nE       #0 0x563d4df026da <unknown>\nE       #1 0x563d4da16f80 <unknown>\nE       #2 0x563d4da63b46 <unknown>\nE       #3 0x563d4da63de1 <unknown>\nE       #4 0x563d4daa9174 <unknown>\nE       #5 0x563d4da87bdd <unknown>\nE       #6 0x563d4daa669d <unknown>\nE       #7 0x563d4da87953 <unknown>\nE       #8 0x563d4da5672e <unknown>\nE       #9 0x563d4da5779e <unknown>\nE       #10 0x563d4decdf1b <unknown>\nE       #11 0x563d4ded1eb8 <unknown>\nE       #12 0x563d4debb42c <unknown>\nE       #13 0x563d4ded2a37 <unknown>\nE       #14 0x563d4de9ffef <unknown>\nE       #15 0x563d4def0ad8 <unknown>\nE       #16 0x563d4def0ca0 <unknown>\nE       #17 0x563d4df01556 <unknown>\nE       #18 0x7f6327494ac3 <unknown>\n\n../../../.cache/pypoetry/virtualenvs/testcapitalcompyse-CcJ6hTD8-py3.12/lib/python3.12/site-packages/selenium/webdriver/remote/errorhandler.py:229: NoSuchElementException","flaky":false,"newFailed":false,"newBroken":false,"newPassed":false,"retriesCount":0,"retriesStatusChange":false,"beforeStages":[{"name":"d","time":{"start":1731112194892,"stop":1731112195537,"duration":645},"status":"passed","steps":[],"attachments":[],"parameters":[],"shouldDisplayMessage":false,"stepsCount":0,"attachmentsCount":0,"hasContent":false,"attachmentStep":false},{"name":"worker_id","time":{"start":1731112195538,"stop":1731112195538,"duration":0},"status":"passed","steps":[],"attachments":[],"parameters":[],"shouldDisplayMessage":false,"stepsCount":0,"attachmentsCount":0,"hasContent":false,"attachmentStep":false},{"name":"cur_login","time":{"start":1731112195538,"stop":1731112195538,"duration":0},"status":"passed","steps":[],"attachments":[],"parameters":[],"shouldDisplayMessage":false,"stepsCount":0,"attachmentsCount":0,"hasContent":false,"attachmentStep":false},{"name":"cur_password","time":{"start":1731112195538,"stop":1731112195538,"duration":0},"status":"passed","steps":[],"attachments":[],"parameters":[],"shouldDisplayMessage":false,"stepsCount":0,"attachmentsCount":0,"hasContent":false,"attachmentStep":false}],"testStage":{"description":"\n        Check: Web pages with URLs of the FCA license are opened after clicking any of 5 links in the block “Italy 40”\n            on the page “Italy 40” when SCA license and EN language is selected.\n        Language: EN\n        License: SCA\n        Author: Kasila\n        ","status":"broken","statusMessage":"selenium.common.exceptions.NoSuchElementException: Message: no such element: Unable to locate element: {\"method\":\"css selector\",\"selector\":\"div:nth-child(1) > span.localization_btn__9zIyt\"}\n  (Session info: chrome=130.0.6723.91); For documentation on this error, please visit: https://www.selenium.dev/documentation/webdriver/troubleshooting/errors#no-such-element-exception\nStacktrace:\n#0 0x563d4df026da <unknown>\n#1 0x563d4da16f80 <unknown>\n#2 0x563d4da63b46 <unknown>\n#3 0x563d4da63de1 <unknown>\n#4 0x563d4daa9174 <unknown>\n#5 0x563d4da87bdd <unknown>\n#6 0x563d4daa669d <unknown>\n#7 0x563d4da87953 <unknown>\n#8 0x563d4da5672e <unknown>\n#9 0x563d4da5779e <unknown>\n#10 0x563d4decdf1b <unknown>\n#11 0x563d4ded1eb8 <unknown>\n#12 0x563d4debb42c <unknown>\n#13 0x563d4ded2a37 <unknown>\n#14 0x563d4de9ffef <unknown>\n#15 0x563d4def0ad8 <unknown>\n#16 0x563d4def0ca0 <unknown>\n#17 0x563d4df01556 <unknown>\n#18 0x7f6327494ac3 <unknown>","statusTrace":"self = <US_55-tassobaccato_ReTestsManual_test.TestManualDetectedBugs object at 0x7f6e0ad4f200>\nworker_id = 'master'\nd = <selenium.webdriver.chrome.webdriver.WebDriver (session=\"60a1c7cedda720e038a691ce73493f71\")>\ncur_language = 'en', cur_country = 'ae', cur_role = 'NoReg'\ncur_login = 'test001.miketar+1@gmail.com', cur_password = 'Qwer1234-!@#$'\n\n    @allure.step('Start retest manual AT_55!360 that the same license remains after clicking any of 5 links in the block'\n        ' “Italy 40” on the page “Italy 40” when SCA license and EN language is selected')\n    @pytest.mark.parametrize('cur_language', ['en'])\n    @pytest.mark.parametrize('cur_country', ['ae'])\n    @pytest.mark.parametrize('cur_role', [\"NoReg\", \"Auth\", \"NoAuth\"])\n    @pytest.mark.bug_360\n    def test_360(self, worker_id, d, cur_language, cur_country, cur_role, cur_login, cur_password):\n        \"\"\"\n        Check: Web pages with URLs of the FCA license are opened after clicking any of 5 links in the block “Italy 40”\n            on the page “Italy 40” when SCA license and EN language is selected.\n        Language: EN\n        License: SCA\n        Author: Kasila\n        \"\"\"\n    \n        bid = build_dynamic_arg_for_us_55(\n            d, worker_id, cur_language, cur_country, cur_role,\n            \"55\", \"ReTests of Manual Detected Bugs\",\n            \"360\", 'The same license, SCA (AE country), remains after clicking any of 5 links in the block'\n                   ' “Italy 40”'\n        )\n    \n        link = conditions_switch(d, cur_language, cur_country, cur_role, cur_login, cur_password)\n    \n        menu = MenuNewIndices(d, link)\n        cur_item_link = menu.from_markets_menu_open_indices(d, cur_language, cur_country, link)\n    \n        test_element = IndicesItaly40(d, cur_item_link, bid)\n        test_element.arrange_v2(d, cur_item_link, link)\n        test_element.element_click(d, link)\n>       test_element.assert_()\n\ntests/US_55_ReTestsManual/tassobaccato/US_55-tassobaccato_ReTestsManual_test.py:360: \n_ _ _ _ _ _ _ _ _ _ _ _ _ _ _ _ _ _ _ _ _ _ _ _ _ _ _ _ _ _ _ _ _ _ _ _ _ _ _ _ \npages/BugsManual/bug_360.py:105: in assert_\n    actual = self.driver.find_element(By.CSS_SELECTOR,\n../../../.cache/pypoetry/virtualenvs/testcapitalcompyse-CcJ6hTD8-py3.12/lib/python3.12/site-packages/selenium/webdriver/remote/webdriver.py:766: in find_element\n    return self.execute(Command.FIND_ELEMENT, {\"using\": by, \"value\": value})[\"value\"]\n../../../.cache/pypoetry/virtualenvs/testcapitalcompyse-CcJ6hTD8-py3.12/lib/python3.12/site-packages/selenium/webdriver/remote/webdriver.py:380: in execute\n    self.error_handler.check_response(response)\n_ _ _ _ _ _ _ _ _ _ _ _ _ _ _ _ _ _ _ _ _ _ _ _ _ _ _ _ _ _ _ _ _ _ _ _ _ _ _ _ \n\nself = <selenium.webdriver.remote.errorhandler.ErrorHandler object at 0x7f6e0a20f710>\nresponse = {'status': 404, 'value': '{\"value\":{\"error\":\"no such element\",\"message\":\"no such element: Unable to locate element: {\\...\\\\n#16 0x563d4def0ca0 \\\\u003Cunknown>\\\\n#17 0x563d4df01556 \\\\u003Cunknown>\\\\n#18 0x7f6327494ac3 \\\\u003Cunknown>\\\\n\"}}'}\n\n    def check_response(self, response: Dict[str, Any]) -> None:\n        \"\"\"Checks that a JSON response from the WebDriver does not have an\n        error.\n    \n        :Args:\n         - response - The JSON response from the WebDriver server as a dictionary\n           object.\n    \n        :Raises: If the response contains an error message.\n        \"\"\"\n        status = response.get(\"status\", None)\n        if not status or status == ErrorCode.SUCCESS:\n            return\n        value = None\n        message = response.get(\"message\", \"\")\n        screen: str = response.get(\"screen\", \"\")\n        stacktrace = None\n        if isinstance(status, int):\n            value_json = response.get(\"value\", None)\n            if value_json and isinstance(value_json, str):\n                import json\n    \n                try:\n                    value = json.loads(value_json)\n                    if len(value) == 1:\n                        value = value[\"value\"]\n                    status = value.get(\"error\", None)\n                    if not status:\n                        status = value.get(\"status\", ErrorCode.UNKNOWN_ERROR)\n                        message = value.get(\"value\") or value.get(\"message\")\n                        if not isinstance(message, str):\n                            value = message\n                            message = message.get(\"message\")\n                    else:\n                        message = value.get(\"message\", None)\n                except ValueError:\n                    pass\n    \n        exception_class: Type[WebDriverException]\n        e = ErrorCode()\n        error_codes = [item for item in dir(e) if not item.startswith(\"__\")]\n        for error_code in error_codes:\n            error_info = getattr(ErrorCode, error_code)\n            if isinstance(error_info, list) and status in error_info:\n                exception_class = getattr(ExceptionMapping, error_code, WebDriverException)\n                break\n        else:\n            exception_class = WebDriverException\n    \n        if not value:\n            value = response[\"value\"]\n        if isinstance(value, str):\n            raise exception_class(value)\n        if message == \"\" and \"message\" in value:\n            message = value[\"message\"]\n    \n        screen = None  # type: ignore[assignment]\n        if \"screen\" in value:\n            screen = value[\"screen\"]\n    \n        stacktrace = None\n        st_value = value.get(\"stackTrace\") or value.get(\"stacktrace\")\n        if st_value:\n            if isinstance(st_value, str):\n                stacktrace = st_value.split(\"\\n\")\n            else:\n                stacktrace = []\n                try:\n                    for frame in st_value:\n                        line = frame.get(\"lineNumber\", \"\")\n                        file = frame.get(\"fileName\", \"<anonymous>\")\n                        if line:\n                            file = f\"{file}:{line}\"\n                        meth = frame.get(\"methodName\", \"<anonymous>\")\n                        if \"className\" in frame:\n                            meth = f\"{frame['className']}.{meth}\"\n                        msg = \"    at %s (%s)\"\n                        msg = msg % (meth, file)\n                        stacktrace.append(msg)\n                except TypeError:\n                    pass\n        if exception_class == UnexpectedAlertPresentException:\n            alert_text = None\n            if \"data\" in value:\n                alert_text = value[\"data\"].get(\"text\")\n            elif \"alert\" in value:\n                alert_text = value[\"alert\"].get(\"text\")\n            raise exception_class(message, screen, stacktrace, alert_text)  # type: ignore[call-arg]  # mypy is not smart enough here\n>       raise exception_class(message, screen, stacktrace)\nE       selenium.common.exceptions.NoSuchElementException: Message: no such element: Unable to locate element: {\"method\":\"css selector\",\"selector\":\"div:nth-child(1) > span.localization_btn__9zIyt\"}\nE         (Session info: chrome=130.0.6723.91); For documentation on this error, please visit: https://www.selenium.dev/documentation/webdriver/troubleshooting/errors#no-such-element-exception\nE       Stacktrace:\nE       #0 0x563d4df026da <unknown>\nE       #1 0x563d4da16f80 <unknown>\nE       #2 0x563d4da63b46 <unknown>\nE       #3 0x563d4da63de1 <unknown>\nE       #4 0x563d4daa9174 <unknown>\nE       #5 0x563d4da87bdd <unknown>\nE       #6 0x563d4daa669d <unknown>\nE       #7 0x563d4da87953 <unknown>\nE       #8 0x563d4da5672e <unknown>\nE       #9 0x563d4da5779e <unknown>\nE       #10 0x563d4decdf1b <unknown>\nE       #11 0x563d4ded1eb8 <unknown>\nE       #12 0x563d4debb42c <unknown>\nE       #13 0x563d4ded2a37 <unknown>\nE       #14 0x563d4de9ffef <unknown>\nE       #15 0x563d4def0ad8 <unknown>\nE       #16 0x563d4def0ca0 <unknown>\nE       #17 0x563d4df01556 <unknown>\nE       #18 0x7f6327494ac3 <unknown>\n\n../../../.cache/pypoetry/virtualenvs/testcapitalcompyse-CcJ6hTD8-py3.12/lib/python3.12/site-packages/selenium/webdriver/remote/errorhandler.py:229: NoSuchElementException","steps":[{"name":"Start retest manual AT_55!360 that the same license remains after clicking any of 5 links in the block “Italy 40” on the page “Italy 40” when SCA license and EN language is selected","time":{"start":1731113283797,"stop":1731113318675,"duration":34878},"status":"broken","statusMessage":"selenium.common.exceptions.NoSuchElementException: Message: no such element: Unable to locate element: {\"method\":\"css selector\",\"selector\":\"div:nth-child(1) > span.localization_btn__9zIyt\"}\n  (Session info: chrome=130.0.6723.91); For documentation on this error, please visit: https://www.selenium.dev/documentation/webdriver/troubleshooting/errors#no-such-element-exception\nStacktrace:\n#0 0x563d4df026da <unknown>\n#1 0x563d4da16f80 <unknown>\n#2 0x563d4da63b46 <unknown>\n#3 0x563d4da63de1 <unknown>\n#4 0x563d4daa9174 <unknown>\n#5 0x563d4da87bdd <unknown>\n#6 0x563d4daa669d <unknown>\n#7 0x563d4da87953 <unknown>\n#8 0x563d4da5672e <unknown>\n#9 0x563d4da5779e <unknown>\n#10 0x563d4decdf1b <unknown>\n#11 0x563d4ded1eb8 <unknown>\n#12 0x563d4debb42c <unknown>\n#13 0x563d4ded2a37 <unknown>\n#14 0x563d4de9ffef <unknown>\n#15 0x563d4def0ad8 <unknown>\n#16 0x563d4def0ca0 <unknown>\n#17 0x563d4df01556 <unknown>\n#18 0x7f6327494ac3 <unknown>\n\n","statusTrace":"  File \"/home/runner/.cache/pypoetry/virtualenvs/testcapitalcompyse-CcJ6hTD8-py3.12/lib/python3.12/site-packages/allure_commons/_allure.py\", line 192, in impl\n    return func(*a, **kw)\n           ^^^^^^^^^^^^^^\n  File \"/home/runner/work/TestCapitalComPySe/TestCapitalComPySe/tests/US_55_ReTestsManual/tassobaccato/US_55-tassobaccato_ReTestsManual_test.py\", line 360, in test_360\n    test_element.assert_()\n  File \"/home/runner/.cache/pypoetry/virtualenvs/testcapitalcompyse-CcJ6hTD8-py3.12/lib/python3.12/site-packages/allure_commons/_allure.py\", line 192, in impl\n    return func(*a, **kw)\n           ^^^^^^^^^^^^^^\n  File \"/home/runner/work/TestCapitalComPySe/TestCapitalComPySe/pages/BugsManual/bug_360.py\", line 105, in assert_\n    actual = self.driver.find_element(By.CSS_SELECTOR,\n             ^^^^^^^^^^^^^^^^^^^^^^^^^^^^^^^^^^^^^^^^^\n  File \"/home/runner/.cache/pypoetry/virtualenvs/testcapitalcompyse-CcJ6hTD8-py3.12/lib/python3.12/site-packages/selenium/webdriver/remote/webdriver.py\", line 766, in find_element\n    return self.execute(Command.FIND_ELEMENT, {\"using\": by, \"value\": value})[\"value\"]\n           ^^^^^^^^^^^^^^^^^^^^^^^^^^^^^^^^^^^^^^^^^^^^^^^^^^^^^^^^^^^^^^^^^\n  File \"/home/runner/.cache/pypoetry/virtualenvs/testcapitalcompyse-CcJ6hTD8-py3.12/lib/python3.12/site-packages/selenium/webdriver/remote/webdriver.py\", line 380, in execute\n    self.error_handler.check_response(response)\n  File \"/home/runner/.cache/pypoetry/virtualenvs/testcapitalcompyse-CcJ6hTD8-py3.12/lib/python3.12/site-packages/selenium/webdriver/remote/errorhandler.py\", line 229, in check_response\n    raise exception_class(message, screen, stacktrace)\n","steps":[{"name":"Build dynamic argument for TCs of US_55","time":{"start":1731113283797,"stop":1731113283799,"duration":2},"status":"passed","steps":[],"attachments":[],"parameters":[{"name":"d","value":"<selenium.webdriver.chrome.webdriver.WebDriver (session=\"60a1c7cedda720e038a691ce73493f71\")>"},{"name":"worker_id","value":"'master'"},{"name":"cur_language","value":"'en'"},{"name":"cur_country","value":"'ae'"},{"name":"cur_role","value":"'NoReg'"},{"name":"us","value":"'55'"},{"name":"desc_us","value":"'ReTests of Manual Detected Bugs'"},{"name":"num_tc","value":"'360'"},{"name":"desc_tc","value":"'The same license, SCA (AE country), remains after clicking any of 5 links in the block “Italy 40”'"},{"name":"manual","value":"False"},{"name":"new_layout","value":"False"}],"shouldDisplayMessage":false,"stepsCount":0,"attachmentsCount":0,"hasContent":true,"attachmentStep":false},{"name":"   Set New preconditions","time":{"start":1731113283799,"stop":1731113293389,"duration":9590},"status":"passed","steps":[{"name":"2024-11-09 00:29:54.868918   Set language and country","time":{"start":1731113291033,"stop":1731113293380,"duration":2347},"status":"passed","steps":[],"attachments":[],"parameters":[{"name":"d","value":"<selenium.webdriver.chrome.webdriver.WebDriver (session=\"60a1c7cedda720e038a691ce73493f71\")>"},{"name":"cur_language","value":"'en'"},{"name":"cur_country","value":"'ae'"}],"shouldDisplayMessage":false,"stepsCount":0,"attachmentsCount":0,"hasContent":true,"attachmentStep":false}],"attachments":[],"parameters":[{"name":"d","value":"<selenium.webdriver.chrome.webdriver.WebDriver (session=\"60a1c7cedda720e038a691ce73493f71\")>"},{"name":"host","value":"'https://capital.com/en-gb'"},{"name":"end_point","value":"''"},{"name":"cur_language","value":"'en'"},{"name":"cur_country","value":"'ae'"},{"name":"cur_role","value":"'NoReg'"},{"name":"cur_login","value":"'test001.miketar+1@gmail.com'"},{"name":"cur_password","value":"'Qwer1234-!@#$'"}],"shouldDisplayMessage":false,"stepsCount":1,"attachmentsCount":0,"hasContent":true,"attachmentStep":false},{"name":"Select \"Markets\" menu, \"Indices\" submenu","time":{"start":1731113293390,"stop":1731113301559,"duration":8169},"status":"passed","steps":[],"attachments":[],"parameters":[{"name":"d","value":"<selenium.webdriver.chrome.webdriver.WebDriver (session=\"60a1c7cedda720e038a691ce73493f71\")>"},{"name":"cur_language","value":"'en'"},{"name":"cur_country","value":"'ae'"},{"name":"link","value":"'https://capital.com/en-ae'"}],"shouldDisplayMessage":false,"stepsCount":0,"attachmentsCount":0,"hasContent":true,"attachmentStep":false},{"name":"2024-11-09 00:29:54.704111   Assert","time":{"start":1731113313634,"stop":1731113318674,"duration":5040},"status":"broken","statusMessage":"selenium.common.exceptions.NoSuchElementException: Message: no such element: Unable to locate element: {\"method\":\"css selector\",\"selector\":\"div:nth-child(1) > span.localization_btn__9zIyt\"}\n  (Session info: chrome=130.0.6723.91); For documentation on this error, please visit: https://www.selenium.dev/documentation/webdriver/troubleshooting/errors#no-such-element-exception\nStacktrace:\n#0 0x563d4df026da <unknown>\n#1 0x563d4da16f80 <unknown>\n#2 0x563d4da63b46 <unknown>\n#3 0x563d4da63de1 <unknown>\n#4 0x563d4daa9174 <unknown>\n#5 0x563d4da87bdd <unknown>\n#6 0x563d4daa669d <unknown>\n#7 0x563d4da87953 <unknown>\n#8 0x563d4da5672e <unknown>\n#9 0x563d4da5779e <unknown>\n#10 0x563d4decdf1b <unknown>\n#11 0x563d4ded1eb8 <unknown>\n#12 0x563d4debb42c <unknown>\n#13 0x563d4ded2a37 <unknown>\n#14 0x563d4de9ffef <unknown>\n#15 0x563d4def0ad8 <unknown>\n#16 0x563d4def0ca0 <unknown>\n#17 0x563d4df01556 <unknown>\n#18 0x7f6327494ac3 <unknown>\n\n","statusTrace":"  File \"/home/runner/.cache/pypoetry/virtualenvs/testcapitalcompyse-CcJ6hTD8-py3.12/lib/python3.12/site-packages/allure_commons/_allure.py\", line 192, in impl\n    return func(*a, **kw)\n           ^^^^^^^^^^^^^^\n  File \"/home/runner/work/TestCapitalComPySe/TestCapitalComPySe/pages/BugsManual/bug_360.py\", line 105, in assert_\n    actual = self.driver.find_element(By.CSS_SELECTOR,\n             ^^^^^^^^^^^^^^^^^^^^^^^^^^^^^^^^^^^^^^^^^\n  File \"/home/runner/.cache/pypoetry/virtualenvs/testcapitalcompyse-CcJ6hTD8-py3.12/lib/python3.12/site-packages/selenium/webdriver/remote/webdriver.py\", line 766, in find_element\n    return self.execute(Command.FIND_ELEMENT, {\"using\": by, \"value\": value})[\"value\"]\n           ^^^^^^^^^^^^^^^^^^^^^^^^^^^^^^^^^^^^^^^^^^^^^^^^^^^^^^^^^^^^^^^^^\n  File \"/home/runner/.cache/pypoetry/virtualenvs/testcapitalcompyse-CcJ6hTD8-py3.12/lib/python3.12/site-packages/selenium/webdriver/remote/webdriver.py\", line 380, in execute\n    self.error_handler.check_response(response)\n  File \"/home/runner/.cache/pypoetry/virtualenvs/testcapitalcompyse-CcJ6hTD8-py3.12/lib/python3.12/site-packages/selenium/webdriver/remote/errorhandler.py\", line 229, in check_response\n    raise exception_class(message, screen, stacktrace)\n","steps":[],"attachments":[],"parameters":[],"shouldDisplayMessage":true,"stepsCount":0,"attachmentsCount":0,"hasContent":true,"attachmentStep":false}],"attachments":[],"parameters":[{"name":"worker_id","value":"'master'"},{"name":"d","value":"<selenium.webdriver.chrome.webdriver.WebDriver (session=\"60a1c7cedda720e038a691ce73493f71\")>"},{"name":"cur_language","value":"'en'"},{"name":"cur_country","value":"'ae'"},{"name":"cur_role","value":"'NoReg'"},{"name":"cur_login","value":"'test001.miketar+1@gmail.com'"},{"name":"cur_password","value":"'Qwer1234-!@#$'"}],"shouldDisplayMessage":false,"stepsCount":5,"attachmentsCount":0,"hasContent":true,"attachmentStep":false}],"attachments":[{"uid":"635116a32f56b6b5","name":"Screenshot","source":"635116a32f56b6b5.png","type":"image/png","size":163158},{"uid":"b874f1d88ebb5467","name":"stdout","source":"b874f1d88ebb5467.txt","type":"text/plain","size":4561}],"parameters":[],"shouldDisplayMessage":true,"stepsCount":6,"attachmentsCount":2,"hasContent":true,"attachmentStep":false},"afterStages":[{"name":"d::0","time":{"start":1731113990677,"stop":1731113990998,"duration":321},"status":"passed","steps":[],"attachments":[],"parameters":[],"shouldDisplayMessage":false,"stepsCount":0,"attachmentsCount":0,"hasContent":false,"attachmentStep":false}],"labels":[{"name":"epic","value":"TC_55!360 | The same license, SCA (AE country), remains after clicking any of 5 links in the block “Italy 40”"},{"name":"feature","value":"Role: NoReg"},{"name":"story","value":"Country: ae"},{"name":"tag","value":"bug_360"},{"name":"tag","value":"us_55"},{"name":"parentSuite","value":"tests.US_55_ReTestsManual.tassobaccato"},{"name":"suite","value":"US_55-tassobaccato_ReTestsManual_test"},{"name":"subSuite","value":"TestManualDetectedBugs"},{"name":"host","value":"fv-az2028-183"},{"name":"thread","value":"39367-MainThread"},{"name":"framework","value":"pytest"},{"name":"language","value":"cpython3"},{"name":"package","value":"tests.US_55_ReTestsManual.tassobaccato.US_55-tassobaccato_ReTestsManual_test"},{"name":"resultFormat","value":"allure2"}],"parameters":[{"name":"cur_country","value":"'ae'"},{"name":"cur_language","value":"'en'"},{"name":"cur_login","value":"'test001.miketar+1@gmail.com'"},{"name":"cur_password","value":"'Qwer1234-!@#$'"},{"name":"cur_role","value":"'NoReg'"},{"name":"d","value":"'Chrome'"}],"links":[],"hidden":false,"retry":false,"extra":{"severity":"normal","retries":[],"categories":[{"name":"Test defects","matchedStatuses":[],"flaky":false}],"history":{"statistic":{"failed":8,"broken":2,"skipped":0,"passed":0,"unknown":0,"total":10},"items":[{"uid":"5d2a93fbcb76917f","reportUrl":"https://AlexTomAQA.github.io/TestCapitalComPySe/214//#testresult/5d2a93fbcb76917f","status":"broken","statusDetails":"selenium.common.exceptions.NoSuchElementException: Message: no such element: Unable to locate element: {\"method\":\"css selector\",\"selector\":\"div:nth-child(1) > span.localization_btn__9zIyt\"}\n  (Session info: chrome=130.0.6723.91); For documentation on this error, please visit: https://www.selenium.dev/documentation/webdriver/troubleshooting/errors#no-such-element-exception\nStacktrace:\n#0 0x55b97c45b6da <unknown>\n#1 0x55b97bf6ff80 <unknown>\n#2 0x55b97bfbcb46 <unknown>\n#3 0x55b97bfbcde1 <unknown>\n#4 0x55b97c002174 <unknown>\n#5 0x55b97bfe0bdd <unknown>\n#6 0x55b97bfff69d <unknown>\n#7 0x55b97bfe0953 <unknown>\n#8 0x55b97bfaf72e <unknown>\n#9 0x55b97bfb079e <unknown>\n#10 0x55b97c426f1b <unknown>\n#11 0x55b97c42aeb8 <unknown>\n#12 0x55b97c41442c <unknown>\n#13 0x55b97c42ba37 <unknown>\n#14 0x55b97c3f8fef <unknown>\n#15 0x55b97c449ad8 <unknown>\n#16 0x55b97c449ca0 <unknown>\n#17 0x55b97c45a556 <unknown>\n#18 0x7f6c1b294ac3 <unknown>","time":{"start":1731027317589,"stop":1731027352076,"duration":34487}},{"uid":"a7f08e505bed2076","reportUrl":"https://AlexTomAQA.github.io/TestCapitalComPySe/213//#testresult/a7f08e505bed2076","status":"failed","statusDetails":"Failed: #Bug # 55!360 \nExpected result: The page with the selected country (United Arab Emirates) is opened\nActual result: The page with a country () other than the selected one (United Arab Emirates) is opened","time":{"start":1730941267499,"stop":1730941297829,"duration":30330}},{"uid":"62f55bd5b72b5137","reportUrl":"https://AlexTomAQA.github.io/TestCapitalComPySe/212//#testresult/62f55bd5b72b5137","status":"failed","statusDetails":"Failed: #Bug # 55!360 \nExpected result: The page with the selected country (United Arab Emirates) is opened\nActual result: The page with a country () other than the selected one (United Arab Emirates) is opened","time":{"start":1730853450735,"stop":1730853480477,"duration":29742}},{"uid":"c9a255e021cff63a","reportUrl":"https://AlexTomAQA.github.io/TestCapitalComPySe/211//#testresult/c9a255e021cff63a","status":"failed","statusDetails":"Failed: #Bug # 55!360 \nExpected result: The page with the selected country (United Arab Emirates) is opened\nActual result: The page with a country () other than the selected one (United Arab Emirates) is opened","time":{"start":1730786557444,"stop":1730786589334,"duration":31890}},{"uid":"cff802cb4c356889","reportUrl":"https://AlexTomAQA.github.io/TestCapitalComPySe/210//#testresult/cff802cb4c356889","status":"failed","statusDetails":"Failed: #Bug # 55!360 \nExpected result: The page with the selected country (United Arab Emirates) is opened\nActual result: The page with a country () other than the selected one (United Arab Emirates) is opened","time":{"start":1730766889190,"stop":1730766915627,"duration":26437}},{"uid":"224045a573a3c05c","reportUrl":"https://AlexTomAQA.github.io/TestCapitalComPySe/209//#testresult/224045a573a3c05c","status":"failed","statusDetails":"Failed: #Bug # 55!360 \nExpected result: The page with the selected country (United Arab Emirates) is opened\nActual result: The page with a country () other than the selected one (United Arab Emirates) is opened","time":{"start":1730679551376,"stop":1730679578129,"duration":26753}},{"uid":"384dd088787fc263","reportUrl":"https://AlexTomAQA.github.io/TestCapitalComPySe/208//#testresult/384dd088787fc263","status":"failed","statusDetails":"Failed: #Bug # 55!360 \nExpected result: The page with the selected country (United Arab Emirates) is opened\nActual result: The page with a country () other than the selected one (United Arab Emirates) is opened","time":{"start":1730593368453,"stop":1730593395440,"duration":26987}},{"uid":"bcfff2e9e21e42cd","reportUrl":"https://AlexTomAQA.github.io/TestCapitalComPySe/207//#testresult/bcfff2e9e21e42cd","status":"failed","statusDetails":"Failed: #Bug # 55!360 \nExpected result: The page with the selected country (United Arab Emirates) is opened\nActual result: The page with a country () other than the selected one (United Arab Emirates) is opened","time":{"start":1730524096186,"stop":1730524122263,"duration":26077}},{"uid":"4625a0ce21a369f4","reportUrl":"https://AlexTomAQA.github.io/TestCapitalComPySe/206//#testresult/4625a0ce21a369f4","status":"failed","statusDetails":"Failed: #Bug # 55!360 \nExpected result: The page with the selected country (United Arab Emirates) is opened\nActual result: The page with a country () other than the selected one (United Arab Emirates) is opened","time":{"start":1730506657484,"stop":1730506684483,"duration":26999}}]},"tags":["bug_360","us_55"]},"source":"a98043389bea02cc.json","parameterValues":["'ae'","'en'","'test001.miketar+1@gmail.com'","'Qwer1234-!@#$'","'NoReg'","'Chrome'"]}