{"uid":"a7331676469f67fc","name":"TC_00.00_012 | Start test of link [easy-to-use] in 'Explore our platform' block. Bid:00.00_012-fr.ae.NoReg","fullName":"tests.US_00_Main_page.US_00-00_Main_page.us_00-00_main_page_test.TestMainPage#test_012_explore_our_platform_block_easy_to_use_link","historyId":"4416e4b9195449e70df78b4ecc5341f9","time":{"start":1718826658799,"stop":1718826687978,"duration":29179},"description":"\n        Check: Link [easy-to-use] in 'Explore our platform' block\n        Language: Not EN, NL. License: Not FCA.\n        ","descriptionHtml":"<pre><code>    Check: Link [easy-to-use] in 'Explore our platform' block\n    Language: Not EN, NL. License: Not FCA.\n</code></pre>\n","status":"failed","statusMessage":"AssertionError: Bug # 04. Unknown situation instead 'Sign Up' form opened","statusTrace":"self = <us_00-00_main_page_test.TestMainPage object at 0x000002178DE1F5C0>\nworker_id = 'master'\nd = <selenium.webdriver.chrome.webdriver.WebDriver (session=\"0db17013b2b1c1d88eab1773a8c5f9e9\")>\ncur_language = 'fr', cur_country = 'ae', cur_role = 'NoReg'\ncur_login = 'test001.miketar+1@gmail.com', cur_password = 'Qwer1234-!@#$'\n\n    @allure.step(\"Start test of link [easy-to-use] in 'Explore our platform' block\")\n    @pytest.mark.test_012\n    def test_012_explore_our_platform_block_easy_to_use_link(\n            self, worker_id, d, cur_language, cur_country, cur_role, cur_login, cur_password):\n        \"\"\"\n        Check: Link [easy-to-use] in 'Explore our platform' block\n        Language: Not EN, NL. License: Not FCA.\n        \"\"\"\n    \n        bid = build_dynamic_arg_v4(\n            d, worker_id, cur_language, cur_country, cur_role,\n            \"00\", \"Main Page\",\n            \".00_012\", \"Start test of link [easy-to-use] in 'Explore our platform' block\",\n            False, False\n        )\n    \n        Common().check_market_in_list_and_skip_if_present(cur_language, ['', 'nl'])\n        Common().check_country_in_list_and_skip_if_not_present(cur_country, ['de', 'au', 'ae'])\n    \n        page_conditions = Conditions(d, \"\")\n        main_page_link = page_conditions.preconditions(\n            d, CapitalComPageSrc.URL, \"\", cur_language, cur_country, cur_role, cur_login, cur_password)\n    \n        test_element = ExploreOurPlatformBlockEasyToUseLink(d, main_page_link, bid)\n>       test_element.full_test_with_tpi(d, cur_language, cur_country, cur_role, main_page_link)\n\ntests\\US_00_Main_page\\US_00-00_Main_page\\us_00-00_main_page_test.py:583: \n_ _ _ _ _ _ _ _ _ _ _ _ _ _ _ _ _ _ _ _ _ _ _ _ _ _ _ _ _ _ _ _ _ _ _ _ _ _ _ _\npages\\Elements\\ExploreOurPlatformBlockEasyToUseLink.py:40: in full_test_with_tpi\n    test_element.assert_signup(d, cur_language, cur_item_link)\npages\\Elements\\AssertClass.py:54: in assert_signup\n    Common().assert_true_false(False, \"Bug # 04. Unknown situation instead 'Sign Up' form opened\")\n_ _ _ _ _ _ _ _ _ _ _ _ _ _ _ _ _ _ _ _ _ _ _ _ _ _ _ _ _ _ _ _ _ _ _ _ _ _ _ _\n\ncondition = False\nmsg = \"Bug # 04. Unknown situation instead 'Sign Up' form opened\"\n\n    @staticmethod\n    def assert_true_false(condition=False, msg=\"\"):\n    \tif condition:\n    \t\tCommon.flag_of_bug = False\n    \t\tassert True, msg\n    \telse:\n    \t\tCommon.flag_of_bug = True\n>   \t\tassert False, msg\nE     AssertionError: Bug # 04. Unknown situation instead 'Sign Up' form opened\n\npages\\common.py:213: AssertionError","flaky":false,"newFailed":false,"newBroken":false,"newPassed":false,"retriesCount":0,"retriesStatusChange":false,"beforeStages":[{"name":"d","time":{"start":1718826482555,"stop":1718826558507,"duration":75952},"status":"passed","steps":[],"attachments":[],"parameters":[],"shouldDisplayMessage":false,"stepsCount":0,"attachmentsCount":0,"hasContent":false,"attachmentStep":false},{"name":"cur_language","time":{"start":1718826558507,"stop":1718826558507,"duration":0},"status":"passed","steps":[],"attachments":[],"parameters":[],"shouldDisplayMessage":false,"stepsCount":0,"attachmentsCount":0,"hasContent":false,"attachmentStep":false},{"name":"worker_id","time":{"start":1718826558507,"stop":1718826558507,"duration":0},"status":"passed","steps":[],"attachments":[],"parameters":[],"shouldDisplayMessage":false,"stepsCount":0,"attachmentsCount":0,"hasContent":false,"attachmentStep":false},{"name":"cur_role","time":{"start":1718826558507,"stop":1718826558507,"duration":0},"status":"passed","steps":[],"attachments":[],"parameters":[],"shouldDisplayMessage":false,"stepsCount":0,"attachmentsCount":0,"hasContent":false,"attachmentStep":false},{"name":"cur_password","time":{"start":1718826558507,"stop":1718826558507,"duration":0},"status":"passed","steps":[],"attachments":[],"parameters":[],"shouldDisplayMessage":false,"stepsCount":0,"attachmentsCount":0,"hasContent":false,"attachmentStep":false},{"name":"cur_country","time":{"start":1718826558507,"stop":1718826558507,"duration":0},"status":"passed","steps":[],"attachments":[],"parameters":[],"shouldDisplayMessage":false,"stepsCount":0,"attachmentsCount":0,"hasContent":false,"attachmentStep":false},{"name":"cur_login","time":{"start":1718826558507,"stop":1718826558507,"duration":0},"status":"passed","steps":[],"attachments":[],"parameters":[],"shouldDisplayMessage":false,"stepsCount":0,"attachmentsCount":0,"hasContent":false,"attachmentStep":false}],"testStage":{"description":"\n        Check: Link [easy-to-use] in 'Explore our platform' block\n        Language: Not EN, NL. License: Not FCA.\n        ","status":"failed","statusMessage":"AssertionError: Bug # 04. Unknown situation instead 'Sign Up' form opened","statusTrace":"self = <us_00-00_main_page_test.TestMainPage object at 0x000002178DE1F5C0>\nworker_id = 'master'\nd = <selenium.webdriver.chrome.webdriver.WebDriver (session=\"0db17013b2b1c1d88eab1773a8c5f9e9\")>\ncur_language = 'fr', cur_country = 'ae', cur_role = 'NoReg'\ncur_login = 'test001.miketar+1@gmail.com', cur_password = 'Qwer1234-!@#$'\n\n    @allure.step(\"Start test of link [easy-to-use] in 'Explore our platform' block\")\n    @pytest.mark.test_012\n    def test_012_explore_our_platform_block_easy_to_use_link(\n            self, worker_id, d, cur_language, cur_country, cur_role, cur_login, cur_password):\n        \"\"\"\n        Check: Link [easy-to-use] in 'Explore our platform' block\n        Language: Not EN, NL. License: Not FCA.\n        \"\"\"\n    \n        bid = build_dynamic_arg_v4(\n            d, worker_id, cur_language, cur_country, cur_role,\n            \"00\", \"Main Page\",\n            \".00_012\", \"Start test of link [easy-to-use] in 'Explore our platform' block\",\n            False, False\n        )\n    \n        Common().check_market_in_list_and_skip_if_present(cur_language, ['', 'nl'])\n        Common().check_country_in_list_and_skip_if_not_present(cur_country, ['de', 'au', 'ae'])\n    \n        page_conditions = Conditions(d, \"\")\n        main_page_link = page_conditions.preconditions(\n            d, CapitalComPageSrc.URL, \"\", cur_language, cur_country, cur_role, cur_login, cur_password)\n    \n        test_element = ExploreOurPlatformBlockEasyToUseLink(d, main_page_link, bid)\n>       test_element.full_test_with_tpi(d, cur_language, cur_country, cur_role, main_page_link)\n\ntests\\US_00_Main_page\\US_00-00_Main_page\\us_00-00_main_page_test.py:583: \n_ _ _ _ _ _ _ _ _ _ _ _ _ _ _ _ _ _ _ _ _ _ _ _ _ _ _ _ _ _ _ _ _ _ _ _ _ _ _ _\npages\\Elements\\ExploreOurPlatformBlockEasyToUseLink.py:40: in full_test_with_tpi\n    test_element.assert_signup(d, cur_language, cur_item_link)\npages\\Elements\\AssertClass.py:54: in assert_signup\n    Common().assert_true_false(False, \"Bug # 04. Unknown situation instead 'Sign Up' form opened\")\n_ _ _ _ _ _ _ _ _ _ _ _ _ _ _ _ _ _ _ _ _ _ _ _ _ _ _ _ _ _ _ _ _ _ _ _ _ _ _ _\n\ncondition = False\nmsg = \"Bug # 04. Unknown situation instead 'Sign Up' form opened\"\n\n    @staticmethod\n    def assert_true_false(condition=False, msg=\"\"):\n    \tif condition:\n    \t\tCommon.flag_of_bug = False\n    \t\tassert True, msg\n    \telse:\n    \t\tCommon.flag_of_bug = True\n>   \t\tassert False, msg\nE     AssertionError: Bug # 04. Unknown situation instead 'Sign Up' form opened\n\npages\\common.py:213: AssertionError","steps":[{"name":"Start test of link [easy-to-use] in 'Explore our platform' block","time":{"start":1718826658799,"stop":1718826687977,"duration":29178},"status":"failed","statusMessage":"AssertionError: Bug # 04. Unknown situation instead 'Sign Up' form opened\n","statusTrace":"  File \"C:\\Users\\runneradmin\\AppData\\Local\\pypoetry\\Cache\\virtualenvs\\testcapitalcompyse-ahTg7XpD-py3.12\\Lib\\site-packages\\allure_commons\\_allure.py\", line 192, in impl\n    return func(*a, **kw)\n           ^^^^^^^^^^^^^^\n  File \"D:\\a\\TestCapitalComPySe\\TestCapitalComPySe\\tests\\US_00_Main_page\\US_00-00_Main_page\\us_00-00_main_page_test.py\", line 583, in test_012_explore_our_platform_block_easy_to_use_link\n    test_element.full_test_with_tpi(d, cur_language, cur_country, cur_role, main_page_link)\n  File \"C:\\Users\\runneradmin\\AppData\\Local\\pypoetry\\Cache\\virtualenvs\\testcapitalcompyse-ahTg7XpD-py3.12\\Lib\\site-packages\\allure_commons\\_allure.py\", line 192, in impl\n    return func(*a, **kw)\n           ^^^^^^^^^^^^^^\n  File \"D:\\a\\TestCapitalComPySe\\TestCapitalComPySe\\pages\\Elements\\ExploreOurPlatformBlockEasyToUseLink.py\", line 40, in full_test_with_tpi\n    test_element.assert_signup(d, cur_language, cur_item_link)\n  File \"C:\\Users\\runneradmin\\AppData\\Local\\pypoetry\\Cache\\virtualenvs\\testcapitalcompyse-ahTg7XpD-py3.12\\Lib\\site-packages\\allure_commons\\_allure.py\", line 192, in impl\n    return func(*a, **kw)\n           ^^^^^^^^^^^^^^\n  File \"D:\\a\\TestCapitalComPySe\\TestCapitalComPySe\\pages\\Elements\\AssertClass.py\", line 54, in assert_signup\n    Common().assert_true_false(False, \"Bug # 04. Unknown situation instead 'Sign Up' form opened\")\n  File \"D:\\a\\TestCapitalComPySe\\TestCapitalComPySe\\pages\\common.py\", line 213, in assert_true_false\n    assert False, msg\n           ^^^^^\n","steps":[{"name":"Preconditions","time":{"start":1718826658799,"stop":1718826662968,"duration":4169},"status":"passed","steps":[{"name":"2024-06-19 19:48:02.492388   Start Checking Captcha","time":{"start":1718826658821,"stop":1718826659866,"duration":1045},"status":"passed","steps":[],"attachments":[],"parameters":[],"shouldDisplayMessage":false,"stepsCount":0,"attachmentsCount":0,"hasContent":false,"attachmentStep":false},{"name":"2024-06-19 19:48:02.492388   Start Checking Captcha","time":{"start":1718826659866,"stop":1718826660901,"duration":1035},"status":"passed","steps":[],"attachments":[],"parameters":[],"shouldDisplayMessage":false,"stepsCount":0,"attachmentsCount":0,"hasContent":false,"attachmentStep":false},{"name":"2024-06-19 19:48:02.492388   Start Checking Captcha","time":{"start":1718826660901,"stop":1718826661923,"duration":1022},"status":"passed","steps":[],"attachments":[],"parameters":[],"shouldDisplayMessage":false,"stepsCount":0,"attachmentsCount":0,"hasContent":false,"attachmentStep":false},{"name":"2024-06-19 19:48:02.492388   Start Checking Captcha","time":{"start":1718826661923,"stop":1718826662964,"duration":1041},"status":"passed","steps":[],"attachments":[],"parameters":[],"shouldDisplayMessage":false,"stepsCount":0,"attachmentsCount":0,"hasContent":false,"attachmentStep":false}],"attachments":[],"parameters":[{"name":"d","value":"<selenium.webdriver.chrome.webdriver.WebDriver (session=\"0db17013b2b1c1d88eab1773a8c5f9e9\")>"},{"name":"host","value":"'https://capital.com/'"},{"name":"end_point","value":"''"},{"name":"cur_language","value":"'fr'"},{"name":"cur_country","value":"'ae'"},{"name":"cur_role","value":"'NoReg'"},{"name":"cur_login","value":"'test001.miketar+1@gmail.com'"},{"name":"cur_password","value":"'Qwer1234-!@#$'"}],"shouldDisplayMessage":false,"stepsCount":4,"attachmentsCount":0,"hasContent":true,"attachmentStep":false},{"name":"2024-06-19 19:48:02.414269   Start Full test for [easy-to-use] link in \"Explore our platform\" block","time":{"start":1718826662968,"stop":1718826687976,"duration":25008},"status":"failed","statusMessage":"AssertionError: Bug # 04. Unknown situation instead 'Sign Up' form opened\n","statusTrace":"  File \"C:\\Users\\runneradmin\\AppData\\Local\\pypoetry\\Cache\\virtualenvs\\testcapitalcompyse-ahTg7XpD-py3.12\\Lib\\site-packages\\allure_commons\\_allure.py\", line 192, in impl\n    return func(*a, **kw)\n           ^^^^^^^^^^^^^^\n  File \"D:\\a\\TestCapitalComPySe\\TestCapitalComPySe\\pages\\Elements\\ExploreOurPlatformBlockEasyToUseLink.py\", line 40, in full_test_with_tpi\n    test_element.assert_signup(d, cur_language, cur_item_link)\n  File \"C:\\Users\\runneradmin\\AppData\\Local\\pypoetry\\Cache\\virtualenvs\\testcapitalcompyse-ahTg7XpD-py3.12\\Lib\\site-packages\\allure_commons\\_allure.py\", line 192, in impl\n    return func(*a, **kw)\n           ^^^^^^^^^^^^^^\n  File \"D:\\a\\TestCapitalComPySe\\TestCapitalComPySe\\pages\\Elements\\AssertClass.py\", line 54, in assert_signup\n    Common().assert_true_false(False, \"Bug # 04. Unknown situation instead 'Sign Up' form opened\")\n  File \"D:\\a\\TestCapitalComPySe\\TestCapitalComPySe\\pages\\common.py\", line 213, in assert_true_false\n    assert False, msg\n           ^^^^^\n","steps":[{"name":"Click link [easy-to-use] on \"Explore our platform\" block","time":{"start":1718826663053,"stop":1718826664228,"duration":1175},"status":"passed","steps":[],"attachments":[],"parameters":[{"name":"d","value":"<selenium.webdriver.chrome.webdriver.WebDriver (session=\"0db17013b2b1c1d88eab1773a8c5f9e9\")>"}],"shouldDisplayMessage":false,"stepsCount":0,"attachmentsCount":0,"hasContent":true,"attachmentStep":false},{"name":"Checking that \"Signup\" opened (old layout)","time":{"start":1718826664228,"stop":1718826687975,"duration":23747},"status":"failed","statusMessage":"AssertionError: Bug # 04. Unknown situation instead 'Sign Up' form opened\n","statusTrace":"  File \"C:\\Users\\runneradmin\\AppData\\Local\\pypoetry\\Cache\\virtualenvs\\testcapitalcompyse-ahTg7XpD-py3.12\\Lib\\site-packages\\allure_commons\\_allure.py\", line 192, in impl\n    return func(*a, **kw)\n           ^^^^^^^^^^^^^^\n  File \"D:\\a\\TestCapitalComPySe\\TestCapitalComPySe\\pages\\Elements\\AssertClass.py\", line 54, in assert_signup\n    Common().assert_true_false(False, \"Bug # 04. Unknown situation instead 'Sign Up' form opened\")\n  File \"D:\\a\\TestCapitalComPySe\\TestCapitalComPySe\\pages\\common.py\", line 213, in assert_true_false\n    assert False, msg\n           ^^^^^\n","steps":[{"name":"Check that \"Sign up\" form opened","time":{"start":1718826664228,"stop":1718826667316,"duration":3088},"status":"passed","steps":[],"attachments":[],"parameters":[{"name":"cur_language","value":"'fr'"}],"shouldDisplayMessage":false,"stepsCount":0,"attachmentsCount":0,"hasContent":true,"attachmentStep":false},{"name":"Check that \"Sign up\" form opened","time":{"start":1718826667316,"stop":1718826670355,"duration":3039},"status":"passed","steps":[],"attachments":[],"parameters":[{"name":"cur_language","value":"'fr'"}],"shouldDisplayMessage":false,"stepsCount":0,"attachmentsCount":0,"hasContent":true,"attachmentStep":false},{"name":"Check that page [Sign up] opened","time":{"start":1718826670355,"stop":1718826671360,"duration":1005},"status":"passed","steps":[],"attachments":[],"parameters":[{"name":"cur_language","value":"'fr'"}],"shouldDisplayMessage":false,"stepsCount":0,"attachmentsCount":0,"hasContent":true,"attachmentStep":false},{"name":"Check that [Sign up] form on trading platform page opened","time":{"start":1718826671360,"stop":1718826674478,"duration":3118},"status":"passed","steps":[],"attachments":[],"parameters":[{"name":"cur_language","value":"'fr'"}],"shouldDisplayMessage":false,"stepsCount":0,"attachmentsCount":0,"hasContent":true,"attachmentStep":false},{"name":"Fixing one row check results into Google Sheet Bugs Report","time":{"start":1718826678465,"stop":1718826678892,"duration":427},"status":"passed","steps":[],"attachments":[],"parameters":[{"name":"cell","value":"'B1'"},{"name":"values","value":"[['Busy']]"}],"shouldDisplayMessage":false,"stepsCount":0,"attachmentsCount":0,"hasContent":true,"attachmentStep":false},{"name":"Fixing one row check results into Google Sheet Bugs Report","time":{"start":1718826680640,"stop":1718826681520,"duration":880},"status":"passed","steps":[],"attachments":[],"parameters":[{"name":"cell","value":"'B1'"},{"name":"values","value":"[['Bugs Report']]"}],"shouldDisplayMessage":false,"stepsCount":0,"attachmentsCount":0,"hasContent":true,"attachmentStep":false},{"name":"Fixing one row check results into Google Sheet Bugs Report","time":{"start":1718826683057,"stop":1718826683283,"duration":226},"status":"passed","steps":[],"attachments":[],"parameters":[{"name":"cell","value":"'B1'"},{"name":"values","value":"[['Busy']]"}],"shouldDisplayMessage":false,"stepsCount":0,"attachmentsCount":0,"hasContent":true,"attachmentStep":false},{"name":"Fixing one row check results into Google Sheet Bugs Report","time":{"start":1718826686332,"stop":1718826686583,"duration":251},"status":"passed","steps":[],"attachments":[],"parameters":[{"name":"cell","value":"'U5'"},{"name":"values","value":"[['19/06/2024 19:51:23']]"}],"shouldDisplayMessage":false,"stepsCount":0,"attachmentsCount":0,"hasContent":true,"attachmentStep":false},{"name":"Fixing one row check results into Google Sheet Bugs Report","time":{"start":1718826686583,"stop":1718826687178,"duration":595},"status":"passed","steps":[],"attachments":[],"parameters":[{"name":"cell","value":"'A5'"},{"name":"values","value":"[['Bid:00.00_012-fr.ae.NoReg', 'Ubuntu 22.04', 'Chrome', \"'00.00\", \"'_012\", 'fr', 'ae']]"}],"shouldDisplayMessage":false,"stepsCount":0,"attachmentsCount":0,"hasContent":true,"attachmentStep":false},{"name":"Fixing one row check results into Google Sheet Bugs Report","time":{"start":1718826687178,"stop":1718826687413,"duration":235},"status":"passed","steps":[],"attachments":[],"parameters":[{"name":"cell","value":"'I5'"},{"name":"values","value":"[['NoReg', '']]"}],"shouldDisplayMessage":false,"stepsCount":0,"attachmentsCount":0,"hasContent":true,"attachmentStep":false},{"name":"Fixing one row check results into Google Sheet Bugs Report","time":{"start":1718826687413,"stop":1718826687648,"duration":235},"status":"passed","steps":[],"attachments":[],"parameters":[{"name":"cell","value":"'P5'"},{"name":"values","value":"[[\"'04\"]]"}],"shouldDisplayMessage":false,"stepsCount":0,"attachmentsCount":0,"hasContent":true,"attachmentStep":false},{"name":"Fixing one row check results into Google Sheet Bugs Report","time":{"start":1718826687648,"stop":1718826687975,"duration":327},"status":"passed","steps":[],"attachments":[],"parameters":[{"name":"cell","value":"'B1'"},{"name":"values","value":"[['Bugs Report']]"}],"shouldDisplayMessage":false,"stepsCount":0,"attachmentsCount":0,"hasContent":true,"attachmentStep":false}],"attachments":[],"parameters":[{"name":"d","value":"<selenium.webdriver.chrome.webdriver.WebDriver (session=\"0db17013b2b1c1d88eab1773a8c5f9e9\")>"},{"name":"cur_language","value":"'fr'"},{"name":"cur_link","value":"'https://capital.com/fr'"}],"shouldDisplayMessage":true,"stepsCount":12,"attachmentsCount":0,"hasContent":true,"attachmentStep":false}],"attachments":[],"parameters":[{"name":"d","value":"<selenium.webdriver.chrome.webdriver.WebDriver (session=\"0db17013b2b1c1d88eab1773a8c5f9e9\")>"},{"name":"cur_language","value":"'fr'"},{"name":"cur_country","value":"'ae'"},{"name":"cur_role","value":"'NoReg'"},{"name":"cur_item_link","value":"'https://capital.com/fr'"}],"shouldDisplayMessage":false,"stepsCount":14,"attachmentsCount":0,"hasContent":true,"attachmentStep":false}],"attachments":[],"parameters":[{"name":"worker_id","value":"'master'"},{"name":"d","value":"<selenium.webdriver.chrome.webdriver.WebDriver (session=\"0db17013b2b1c1d88eab1773a8c5f9e9\")>"},{"name":"cur_language","value":"'fr'"},{"name":"cur_country","value":"'ae'"},{"name":"cur_role","value":"'NoReg'"},{"name":"cur_login","value":"'test001.miketar+1@gmail.com'"},{"name":"cur_password","value":"'Qwer1234-!@#$'"}],"shouldDisplayMessage":false,"stepsCount":20,"attachmentsCount":0,"hasContent":true,"attachmentStep":false}],"attachments":[{"uid":"e21ddc39c4dba9bf","name":"Screenshot","source":"e21ddc39c4dba9bf.png","type":"image/png","size":143817},{"uid":"313220fbc2412cc3","name":"log","source":"313220fbc2412cc3.txt","type":"text/plain","size":4543},{"uid":"ea94335e1ef5c05f","name":"stdout","source":"ea94335e1ef5c05f.txt","type":"text/plain","size":5471}],"parameters":[],"shouldDisplayMessage":true,"stepsCount":21,"attachmentsCount":3,"hasContent":true,"attachmentStep":false},"afterStages":[{"name":"d::0","time":{"start":1718827120652,"stop":1718827123029,"duration":2377},"status":"passed","steps":[],"attachments":[],"parameters":[],"shouldDisplayMessage":false,"stepsCount":0,"attachmentsCount":0,"hasContent":false,"attachmentStep":false}],"labels":[{"name":"epic","value":"US_00 | Main Page"},{"name":"feature","value":"Language: fr"},{"name":"story","value":"Country: ae / Role: NoReg"},{"name":"tag","value":"test_012"},{"name":"tag","value":"us_00_00"},{"name":"parentSuite","value":"tests.US_00_Main_page.US_00-00_Main_page"},{"name":"suite","value":"us_00-00_main_page_test"},{"name":"subSuite","value":"TestMainPage"},{"name":"host","value":"fv-az1495-50"},{"name":"thread","value":"1788-MainThread"},{"name":"framework","value":"pytest"},{"name":"language","value":"cpython3"},{"name":"package","value":"tests.US_00_Main_page.US_00-00_Main_page.us_00-00_main_page_test"},{"name":"resultFormat","value":"allure2"}],"parameters":[{"name":"cur_country","value":"'ae'"},{"name":"cur_language","value":"'fr'"},{"name":"cur_login","value":"'test001.miketar+1@gmail.com'"},{"name":"cur_password","value":"'Qwer1234-!@#$'"},{"name":"cur_role","value":"'NoReg'"},{"name":"d","value":"'Chrome'"}],"links":[],"hidden":false,"retry":false,"extra":{"severity":"normal","retries":[],"categories":[{"name":"Product defects","matchedStatuses":[],"flaky":false}],"tags":["us_00_00","test_012"]},"source":"a7331676469f67fc.json","parameterValues":["'ae'","'fr'","'test001.miketar+1@gmail.com'","'Qwer1234-!@#$'","'NoReg'","'Chrome'"]}