{"uid":"d716777340c44654","name":"TC_01.01.00_004 | open Trading instrument page. Bid:01.01.00_004-fr.ae.NoAuth","fullName":"tests.US_01_Markets.US_01-01_All_markets.US_01-01-00_All_Markets_test.TestAllMarkets#test_004_trading_instrument","historyId":"b463d06de45e82937e6e27c4ff7b3f66","time":{"start":1718827437877,"stop":1718827448570,"duration":10693},"description":"\n        Check: open Trading instrument page\n        Language: All License: All (except FCA)\n        ","descriptionHtml":"<pre><code>    Check: open Trading instrument page\n    Language: All License: All (except FCA)\n</code></pre>\n","status":"broken","statusMessage":"selenium.common.exceptions.StaleElementReferenceException: Message: stale element reference: stale element not found in the current frame\n  (Session info: chrome=125.0.6422.142); For documentation on this error, please visit: https://www.selenium.dev/documentation/webdriver/troubleshooting/errors#stale-element-reference-exception\nStacktrace:\n\tGetHandleVerifier [0x00CEB8E3+45827]\n\t(No symbol) [0x00C7DCC4]\n\t(No symbol) [0x00B7150F]\n\t(No symbol) [0x00B7660F]\n\t(No symbol) [0x00B78298]\n\t(No symbol) [0x00B78310]\n\t(No symbol) [0x00BB5BA5]\n\t(No symbol) [0x00BB425B]\n\t(No symbol) [0x00BB3823]\n\t(No symbol) [0x00BA85EF]\n\t(No symbol) [0x00BD2DFC]\n\t(No symbol) [0x00BA8075]\n\t(No symbol) [0x00BD3094]\n\t(No symbol) [0x00BEC034]\n\t(No symbol) [0x00BD2B96]\n\t(No symbol) [0x00BA6998]\n\t(No symbol) [0x00BA751D]\n\tGetHandleVerifier [0x00FA4513+2899763]\n\tGetHandleVerifier [0x00FF793D+3240797]\n\tGetHandleVerifier [0x00D713B4+593364]\n\tGetHandleVerifier [0x00D782DC+621820]\n\t(No symbol) [0x00C870A4]\n\t(No symbol) [0x00C837A8]\n\t(No symbol) [0x00C83947]\n\t(No symbol) [0x00C759FE]\n\tBaseThreadInitThunk [0x758567F9+25]\n\tRtlGetFullPathName_UEx [0x77887F4D+173]\n\tRtlGetFullPathName_UEx [0x77887F1B+123]","statusTrace":"self = <US_01-01-00_All_Markets_test.TestAllMarkets object at 0x000001E7D15DEB10>\nworker_id = 'master'\nd = <selenium.webdriver.chrome.webdriver.WebDriver (session=\"f061065fdbcf5ae5388519153030e08b\")>\ncur_language = 'fr', cur_country = 'ae', cur_role = 'NoAuth'\ncur_login = 'test001.miketar+1@gmail.com', cur_password = 'Qwer1234-!@#$'\ncur_market = 'Forex'\n\n    @allure.step(\"Start test open Trading instrument page\")\n    @pytest.mark.test_004\n    def test_004_trading_instrument(\n            self, worker_id, d, cur_language, cur_country, cur_role, cur_login, cur_password, cur_market):\n        \"\"\"\n        Check: open Trading instrument page\n        Language: All License: All (except FCA)\n        \"\"\"\n        bid = build_dynamic_arg_v4(\n            d, worker_id, cur_language, cur_country, cur_role,\n            \"01.01\", \"Markets > Menu item [All markets]\",\n            \".00_004\", \"open Trading instrument page\")\n    \n        Common().check_country_in_list_and_skip_if_present(cur_country, [\"gb\"])\n    \n        page_conditions = Conditions(d, \"\")\n        link = page_conditions.preconditions(\n            d, CapitalComPageSrc.URL, \"\", cur_language, cur_country, cur_role, cur_login, cur_password)\n    \n        menu = MenuSection(d, link)\n        cur_item_link = menu.open_market_menu_all_markets_submenu(d, cur_language, cur_country, link)\n    \n        test_element = TableTradingInstrumentsItemAllMarkets(d, cur_item_link, bid)\n>       test_element.full_test(d, cur_language, cur_country, cur_role, cur_item_link, cur_market)\n\ntests\\US_01_Markets\\US_01-01_All_markets\\US_01-01-00_All_Markets_test.py:128: \n_ _ _ _ _ _ _ _ _ _ _ _ _ _ _ _ _ _ _ _ _ _ _ _ _ _ _ _ _ _ _ _ _ _ _ _ _ _ _ _\npages\\Elements\\TableTradingInstrumentItiemAllMarkets.py:30: in full_test\n    self.element_click(d, cur_item_link)\npages\\Elements\\TableTradingInstrumentItiemAllMarkets.py:125: in element_click\n    instruments_list[value].click()\nC:\\Users\\runneradmin\\AppData\\Local\\pypoetry\\Cache\\virtualenvs\\testcapitalcompyse-ahTg7XpD-py3.12\\Lib\\site-packages\\selenium\\webdriver\\remote\\webelement.py:94: in click\n    self._execute(Command.CLICK_ELEMENT)\nC:\\Users\\runneradmin\\AppData\\Local\\pypoetry\\Cache\\virtualenvs\\testcapitalcompyse-ahTg7XpD-py3.12\\Lib\\site-packages\\selenium\\webdriver\\remote\\webelement.py:395: in _execute\n    return self._parent.execute(command, params)\nC:\\Users\\runneradmin\\AppData\\Local\\pypoetry\\Cache\\virtualenvs\\testcapitalcompyse-ahTg7XpD-py3.12\\Lib\\site-packages\\selenium\\webdriver\\remote\\webdriver.py:347: in execute\n    self.error_handler.check_response(response)\n_ _ _ _ _ _ _ _ _ _ _ _ _ _ _ _ _ _ _ _ _ _ _ _ _ _ _ _ _ _ _ _ _ _ _ _ _ _ _ _\n\nself = <selenium.webdriver.remote.errorhandler.ErrorHandler object at 0x000001E7D05339E0>\nresponse = {'status': 404, 'value': '{\"value\":{\"error\":\"stale element reference\",\"message\":\"stale element reference: stale elemen...Thunk [0x758567F9+25]\\\\n\\\\tRtlGetFullPathName_UEx [0x77887F4D+173]\\\\n\\\\tRtlGetFullPathName_UEx [0x77887F1B+123]\\\\n\"}}'}\n\n    def check_response(self, response: Dict[str, Any]) -> None:\n        \"\"\"Checks that a JSON response from the WebDriver does not have an\n        error.\n    \n        :Args:\n         - response - The JSON response from the WebDriver server as a dictionary\n           object.\n    \n        :Raises: If the response contains an error message.\n        \"\"\"\n        status = response.get(\"status\", None)\n        if not status or status == ErrorCode.SUCCESS:\n            return\n        value = None\n        message = response.get(\"message\", \"\")\n        screen: str = response.get(\"screen\", \"\")\n        stacktrace = None\n        if isinstance(status, int):\n            value_json = response.get(\"value\", None)\n            if value_json and isinstance(value_json, str):\n                import json\n    \n                try:\n                    value = json.loads(value_json)\n                    if len(value) == 1:\n                        value = value[\"value\"]\n                    status = value.get(\"error\", None)\n                    if not status:\n                        status = value.get(\"status\", ErrorCode.UNKNOWN_ERROR)\n                        message = value.get(\"value\") or value.get(\"message\")\n                        if not isinstance(message, str):\n                            value = message\n                            message = message.get(\"message\")\n                    else:\n                        message = value.get(\"message\", None)\n                except ValueError:\n                    pass\n    \n        exception_class: Type[WebDriverException]\n        e = ErrorCode()\n        error_codes = [item for item in dir(e) if not item.startswith(\"__\")]\n        for error_code in error_codes:\n            error_info = getattr(ErrorCode, error_code)\n            if isinstance(error_info, list) and status in error_info:\n                exception_class = getattr(ExceptionMapping, error_code, WebDriverException)\n                break\n        else:\n            exception_class = WebDriverException\n    \n        if not value:\n            value = response[\"value\"]\n        if isinstance(value, str):\n            raise exception_class(value)\n        if message == \"\" and \"message\" in value:\n            message = value[\"message\"]\n    \n        screen = None  # type: ignore[assignment]\n        if \"screen\" in value:\n            screen = value[\"screen\"]\n    \n        stacktrace = None\n        st_value = value.get(\"stackTrace\") or value.get(\"stacktrace\")\n        if st_value:\n            if isinstance(st_value, str):\n                stacktrace = st_value.split(\"\\n\")\n            else:\n                stacktrace = []\n                try:\n                    for frame in st_value:\n                        line = frame.get(\"lineNumber\", \"\")\n                        file = frame.get(\"fileName\", \"<anonymous>\")\n                        if line:\n                            file = f\"{file}:{line}\"\n                        meth = frame.get(\"methodName\", \"<anonymous>\")\n                        if \"className\" in frame:\n                            meth = f\"{frame['className']}.{meth}\"\n                        msg = \"    at %s (%s)\"\n                        msg = msg % (meth, file)\n                        stacktrace.append(msg)\n                except TypeError:\n                    pass\n        if exception_class == UnexpectedAlertPresentException:\n            alert_text = None\n            if \"data\" in value:\n                alert_text = value[\"data\"].get(\"text\")\n            elif \"alert\" in value:\n                alert_text = value[\"alert\"].get(\"text\")\n            raise exception_class(message, screen, stacktrace, alert_text)  # type: ignore[call-arg]  # mypy is not smart enough here\n>       raise exception_class(message, screen, stacktrace)\nE       selenium.common.exceptions.StaleElementReferenceException: Message: stale element reference: stale element not found in the current frame\nE         (Session info: chrome=125.0.6422.142); For documentation on this error, please visit: https://www.selenium.dev/documentation/webdriver/troubleshooting/errors#stale-element-reference-exception\nE       Stacktrace:\nE       \tGetHandleVerifier [0x00CEB8E3+45827]\nE       \t(No symbol) [0x00C7DCC4]\nE       \t(No symbol) [0x00B7150F]\nE       \t(No symbol) [0x00B7660F]\nE       \t(No symbol) [0x00B78298]\nE       \t(No symbol) [0x00B78310]\nE       \t(No symbol) [0x00BB5BA5]\nE       \t(No symbol) [0x00BB425B]\nE       \t(No symbol) [0x00BB3823]\nE       \t(No symbol) [0x00BA85EF]\nE       \t(No symbol) [0x00BD2DFC]\nE       \t(No symbol) [0x00BA8075]\nE       \t(No symbol) [0x00BD3094]\nE       \t(No symbol) [0x00BEC034]\nE       \t(No symbol) [0x00BD2B96]\nE       \t(No symbol) [0x00BA6998]\nE       \t(No symbol) [0x00BA751D]\nE       \tGetHandleVerifier [0x00FA4513+2899763]\nE       \tGetHandleVerifier [0x00FF793D+3240797]\nE       \tGetHandleVerifier [0x00D713B4+593364]\nE       \tGetHandleVerifier [0x00D782DC+621820]\nE       \t(No symbol) [0x00C870A4]\nE       \t(No symbol) [0x00C837A8]\nE       \t(No symbol) [0x00C83947]\nE       \t(No symbol) [0x00C759FE]\nE       \tBaseThreadInitThunk [0x758567F9+25]\nE       \tRtlGetFullPathName_UEx [0x77887F4D+173]\nE       \tRtlGetFullPathName_UEx [0x77887F1B+123]\n\nC:\\Users\\runneradmin\\AppData\\Local\\pypoetry\\Cache\\virtualenvs\\testcapitalcompyse-ahTg7XpD-py3.12\\Lib\\site-packages\\selenium\\webdriver\\remote\\errorhandler.py:229: StaleElementReferenceException","flaky":false,"newFailed":false,"newBroken":false,"newPassed":false,"retriesCount":0,"retriesStatusChange":false,"beforeStages":[{"name":"d","time":{"start":1718827129369,"stop":1718827131035,"duration":1666},"status":"passed","steps":[],"attachments":[],"parameters":[],"shouldDisplayMessage":false,"stepsCount":0,"attachmentsCount":0,"hasContent":false,"attachmentStep":false},{"name":"cur_login","time":{"start":1718827131035,"stop":1718827131035,"duration":0},"status":"passed","steps":[],"attachments":[],"parameters":[],"shouldDisplayMessage":false,"stepsCount":0,"attachmentsCount":0,"hasContent":false,"attachmentStep":false},{"name":"cur_country","time":{"start":1718827131035,"stop":1718827131035,"duration":0},"status":"passed","steps":[],"attachments":[],"parameters":[],"shouldDisplayMessage":false,"stepsCount":0,"attachmentsCount":0,"hasContent":false,"attachmentStep":false},{"name":"worker_id","time":{"start":1718827131035,"stop":1718827131035,"duration":0},"status":"passed","steps":[],"attachments":[],"parameters":[],"shouldDisplayMessage":false,"stepsCount":0,"attachmentsCount":0,"hasContent":false,"attachmentStep":false},{"name":"cur_language","time":{"start":1718827131035,"stop":1718827131035,"duration":0},"status":"passed","steps":[],"attachments":[],"parameters":[],"shouldDisplayMessage":false,"stepsCount":0,"attachmentsCount":0,"hasContent":false,"attachmentStep":false},{"name":"cur_password","time":{"start":1718827131035,"stop":1718827131035,"duration":0},"status":"passed","steps":[],"attachments":[],"parameters":[],"shouldDisplayMessage":false,"stepsCount":0,"attachmentsCount":0,"hasContent":false,"attachmentStep":false},{"name":"cur_role","time":{"start":1718827345395,"stop":1718827345396,"duration":1},"status":"passed","steps":[],"attachments":[],"parameters":[],"shouldDisplayMessage":false,"stepsCount":0,"attachmentsCount":0,"hasContent":false,"attachmentStep":false},{"name":"cur_market","time":{"start":1718827437877,"stop":1718827437877,"duration":0},"status":"passed","steps":[],"attachments":[],"parameters":[],"shouldDisplayMessage":false,"stepsCount":0,"attachmentsCount":0,"hasContent":false,"attachmentStep":false}],"testStage":{"description":"\n        Check: open Trading instrument page\n        Language: All License: All (except FCA)\n        ","status":"broken","statusMessage":"selenium.common.exceptions.StaleElementReferenceException: Message: stale element reference: stale element not found in the current frame\n  (Session info: chrome=125.0.6422.142); For documentation on this error, please visit: https://www.selenium.dev/documentation/webdriver/troubleshooting/errors#stale-element-reference-exception\nStacktrace:\n\tGetHandleVerifier [0x00CEB8E3+45827]\n\t(No symbol) [0x00C7DCC4]\n\t(No symbol) [0x00B7150F]\n\t(No symbol) [0x00B7660F]\n\t(No symbol) [0x00B78298]\n\t(No symbol) [0x00B78310]\n\t(No symbol) [0x00BB5BA5]\n\t(No symbol) [0x00BB425B]\n\t(No symbol) [0x00BB3823]\n\t(No symbol) [0x00BA85EF]\n\t(No symbol) [0x00BD2DFC]\n\t(No symbol) [0x00BA8075]\n\t(No symbol) [0x00BD3094]\n\t(No symbol) [0x00BEC034]\n\t(No symbol) [0x00BD2B96]\n\t(No symbol) [0x00BA6998]\n\t(No symbol) [0x00BA751D]\n\tGetHandleVerifier [0x00FA4513+2899763]\n\tGetHandleVerifier [0x00FF793D+3240797]\n\tGetHandleVerifier [0x00D713B4+593364]\n\tGetHandleVerifier [0x00D782DC+621820]\n\t(No symbol) [0x00C870A4]\n\t(No symbol) [0x00C837A8]\n\t(No symbol) [0x00C83947]\n\t(No symbol) [0x00C759FE]\n\tBaseThreadInitThunk [0x758567F9+25]\n\tRtlGetFullPathName_UEx [0x77887F4D+173]\n\tRtlGetFullPathName_UEx [0x77887F1B+123]","statusTrace":"self = <US_01-01-00_All_Markets_test.TestAllMarkets object at 0x000001E7D15DEB10>\nworker_id = 'master'\nd = <selenium.webdriver.chrome.webdriver.WebDriver (session=\"f061065fdbcf5ae5388519153030e08b\")>\ncur_language = 'fr', cur_country = 'ae', cur_role = 'NoAuth'\ncur_login = 'test001.miketar+1@gmail.com', cur_password = 'Qwer1234-!@#$'\ncur_market = 'Forex'\n\n    @allure.step(\"Start test open Trading instrument page\")\n    @pytest.mark.test_004\n    def test_004_trading_instrument(\n            self, worker_id, d, cur_language, cur_country, cur_role, cur_login, cur_password, cur_market):\n        \"\"\"\n        Check: open Trading instrument page\n        Language: All License: All (except FCA)\n        \"\"\"\n        bid = build_dynamic_arg_v4(\n            d, worker_id, cur_language, cur_country, cur_role,\n            \"01.01\", \"Markets > Menu item [All markets]\",\n            \".00_004\", \"open Trading instrument page\")\n    \n        Common().check_country_in_list_and_skip_if_present(cur_country, [\"gb\"])\n    \n        page_conditions = Conditions(d, \"\")\n        link = page_conditions.preconditions(\n            d, CapitalComPageSrc.URL, \"\", cur_language, cur_country, cur_role, cur_login, cur_password)\n    \n        menu = MenuSection(d, link)\n        cur_item_link = menu.open_market_menu_all_markets_submenu(d, cur_language, cur_country, link)\n    \n        test_element = TableTradingInstrumentsItemAllMarkets(d, cur_item_link, bid)\n>       test_element.full_test(d, cur_language, cur_country, cur_role, cur_item_link, cur_market)\n\ntests\\US_01_Markets\\US_01-01_All_markets\\US_01-01-00_All_Markets_test.py:128: \n_ _ _ _ _ _ _ _ _ _ _ _ _ _ _ _ _ _ _ _ _ _ _ _ _ _ _ _ _ _ _ _ _ _ _ _ _ _ _ _\npages\\Elements\\TableTradingInstrumentItiemAllMarkets.py:30: in full_test\n    self.element_click(d, cur_item_link)\npages\\Elements\\TableTradingInstrumentItiemAllMarkets.py:125: in element_click\n    instruments_list[value].click()\nC:\\Users\\runneradmin\\AppData\\Local\\pypoetry\\Cache\\virtualenvs\\testcapitalcompyse-ahTg7XpD-py3.12\\Lib\\site-packages\\selenium\\webdriver\\remote\\webelement.py:94: in click\n    self._execute(Command.CLICK_ELEMENT)\nC:\\Users\\runneradmin\\AppData\\Local\\pypoetry\\Cache\\virtualenvs\\testcapitalcompyse-ahTg7XpD-py3.12\\Lib\\site-packages\\selenium\\webdriver\\remote\\webelement.py:395: in _execute\n    return self._parent.execute(command, params)\nC:\\Users\\runneradmin\\AppData\\Local\\pypoetry\\Cache\\virtualenvs\\testcapitalcompyse-ahTg7XpD-py3.12\\Lib\\site-packages\\selenium\\webdriver\\remote\\webdriver.py:347: in execute\n    self.error_handler.check_response(response)\n_ _ _ _ _ _ _ _ _ _ _ _ _ _ _ _ _ _ _ _ _ _ _ _ _ _ _ _ _ _ _ _ _ _ _ _ _ _ _ _\n\nself = <selenium.webdriver.remote.errorhandler.ErrorHandler object at 0x000001E7D05339E0>\nresponse = {'status': 404, 'value': '{\"value\":{\"error\":\"stale element reference\",\"message\":\"stale element reference: stale elemen...Thunk [0x758567F9+25]\\\\n\\\\tRtlGetFullPathName_UEx [0x77887F4D+173]\\\\n\\\\tRtlGetFullPathName_UEx [0x77887F1B+123]\\\\n\"}}'}\n\n    def check_response(self, response: Dict[str, Any]) -> None:\n        \"\"\"Checks that a JSON response from the WebDriver does not have an\n        error.\n    \n        :Args:\n         - response - The JSON response from the WebDriver server as a dictionary\n           object.\n    \n        :Raises: If the response contains an error message.\n        \"\"\"\n        status = response.get(\"status\", None)\n        if not status or status == ErrorCode.SUCCESS:\n            return\n        value = None\n        message = response.get(\"message\", \"\")\n        screen: str = response.get(\"screen\", \"\")\n        stacktrace = None\n        if isinstance(status, int):\n            value_json = response.get(\"value\", None)\n            if value_json and isinstance(value_json, str):\n                import json\n    \n                try:\n                    value = json.loads(value_json)\n                    if len(value) == 1:\n                        value = value[\"value\"]\n                    status = value.get(\"error\", None)\n                    if not status:\n                        status = value.get(\"status\", ErrorCode.UNKNOWN_ERROR)\n                        message = value.get(\"value\") or value.get(\"message\")\n                        if not isinstance(message, str):\n                            value = message\n                            message = message.get(\"message\")\n                    else:\n                        message = value.get(\"message\", None)\n                except ValueError:\n                    pass\n    \n        exception_class: Type[WebDriverException]\n        e = ErrorCode()\n        error_codes = [item for item in dir(e) if not item.startswith(\"__\")]\n        for error_code in error_codes:\n            error_info = getattr(ErrorCode, error_code)\n            if isinstance(error_info, list) and status in error_info:\n                exception_class = getattr(ExceptionMapping, error_code, WebDriverException)\n                break\n        else:\n            exception_class = WebDriverException\n    \n        if not value:\n            value = response[\"value\"]\n        if isinstance(value, str):\n            raise exception_class(value)\n        if message == \"\" and \"message\" in value:\n            message = value[\"message\"]\n    \n        screen = None  # type: ignore[assignment]\n        if \"screen\" in value:\n            screen = value[\"screen\"]\n    \n        stacktrace = None\n        st_value = value.get(\"stackTrace\") or value.get(\"stacktrace\")\n        if st_value:\n            if isinstance(st_value, str):\n                stacktrace = st_value.split(\"\\n\")\n            else:\n                stacktrace = []\n                try:\n                    for frame in st_value:\n                        line = frame.get(\"lineNumber\", \"\")\n                        file = frame.get(\"fileName\", \"<anonymous>\")\n                        if line:\n                            file = f\"{file}:{line}\"\n                        meth = frame.get(\"methodName\", \"<anonymous>\")\n                        if \"className\" in frame:\n                            meth = f\"{frame['className']}.{meth}\"\n                        msg = \"    at %s (%s)\"\n                        msg = msg % (meth, file)\n                        stacktrace.append(msg)\n                except TypeError:\n                    pass\n        if exception_class == UnexpectedAlertPresentException:\n            alert_text = None\n            if \"data\" in value:\n                alert_text = value[\"data\"].get(\"text\")\n            elif \"alert\" in value:\n                alert_text = value[\"alert\"].get(\"text\")\n            raise exception_class(message, screen, stacktrace, alert_text)  # type: ignore[call-arg]  # mypy is not smart enough here\n>       raise exception_class(message, screen, stacktrace)\nE       selenium.common.exceptions.StaleElementReferenceException: Message: stale element reference: stale element not found in the current frame\nE         (Session info: chrome=125.0.6422.142); For documentation on this error, please visit: https://www.selenium.dev/documentation/webdriver/troubleshooting/errors#stale-element-reference-exception\nE       Stacktrace:\nE       \tGetHandleVerifier [0x00CEB8E3+45827]\nE       \t(No symbol) [0x00C7DCC4]\nE       \t(No symbol) [0x00B7150F]\nE       \t(No symbol) [0x00B7660F]\nE       \t(No symbol) [0x00B78298]\nE       \t(No symbol) [0x00B78310]\nE       \t(No symbol) [0x00BB5BA5]\nE       \t(No symbol) [0x00BB425B]\nE       \t(No symbol) [0x00BB3823]\nE       \t(No symbol) [0x00BA85EF]\nE       \t(No symbol) [0x00BD2DFC]\nE       \t(No symbol) [0x00BA8075]\nE       \t(No symbol) [0x00BD3094]\nE       \t(No symbol) [0x00BEC034]\nE       \t(No symbol) [0x00BD2B96]\nE       \t(No symbol) [0x00BA6998]\nE       \t(No symbol) [0x00BA751D]\nE       \tGetHandleVerifier [0x00FA4513+2899763]\nE       \tGetHandleVerifier [0x00FF793D+3240797]\nE       \tGetHandleVerifier [0x00D713B4+593364]\nE       \tGetHandleVerifier [0x00D782DC+621820]\nE       \t(No symbol) [0x00C870A4]\nE       \t(No symbol) [0x00C837A8]\nE       \t(No symbol) [0x00C83947]\nE       \t(No symbol) [0x00C759FE]\nE       \tBaseThreadInitThunk [0x758567F9+25]\nE       \tRtlGetFullPathName_UEx [0x77887F4D+173]\nE       \tRtlGetFullPathName_UEx [0x77887F1B+123]\n\nC:\\Users\\runneradmin\\AppData\\Local\\pypoetry\\Cache\\virtualenvs\\testcapitalcompyse-ahTg7XpD-py3.12\\Lib\\site-packages\\selenium\\webdriver\\remote\\errorhandler.py:229: StaleElementReferenceException","steps":[{"name":"Start test open Trading instrument page","time":{"start":1718827437877,"stop":1718827448569,"duration":10692},"status":"broken","statusMessage":"selenium.common.exceptions.StaleElementReferenceException: Message: stale element reference: stale element not found in the current frame\n  (Session info: chrome=125.0.6422.142); For documentation on this error, please visit: https://www.selenium.dev/documentation/webdriver/troubleshooting/errors#stale-element-reference-exception\nStacktrace:\n\tGetHandleVerifier [0x00CEB8E3+45827]\n\t(No symbol) [0x00C7DCC4]\n\t(No symbol) [0x00B7150F]\n\t(No symbol) [0x00B7660F]\n\t(No symbol) [0x00B78298]\n\t(No symbol) [0x00B78310]\n\t(No symbol) [0x00BB5BA5]\n\t(No symbol) [0x00BB425B]\n\t(No symbol) [0x00BB3823]\n\t(No symbol) [0x00BA85EF]\n\t(No symbol) [0x00BD2DFC]\n\t(No symbol) [0x00BA8075]\n\t(No symbol) [0x00BD3094]\n\t(No symbol) [0x00BEC034]\n\t(No symbol) [0x00BD2B96]\n\t(No symbol) [0x00BA6998]\n\t(No symbol) [0x00BA751D]\n\tGetHandleVerifier [0x00FA4513+2899763]\n\tGetHandleVerifier [0x00FF793D+3240797]\n\tGetHandleVerifier [0x00D713B4+593364]\n\tGetHandleVerifier [0x00D782DC+621820]\n\t(No symbol) [0x00C870A4]\n\t(No symbol) [0x00C837A8]\n\t(No symbol) [0x00C83947]\n\t(No symbol) [0x00C759FE]\n\tBaseThreadInitThunk [0x758567F9+25]\n\tRtlGetFullPathName_UEx [0x77887F4D+173]\n\tRtlGetFullPathName_UEx [0x77887F1B+123]\n\n","statusTrace":"  File \"C:\\Users\\runneradmin\\AppData\\Local\\pypoetry\\Cache\\virtualenvs\\testcapitalcompyse-ahTg7XpD-py3.12\\Lib\\site-packages\\allure_commons\\_allure.py\", line 192, in impl\n    return func(*a, **kw)\n           ^^^^^^^^^^^^^^\n  File \"D:\\a\\TestCapitalComPySe\\TestCapitalComPySe\\tests\\US_01_Markets\\US_01-01_All_markets\\US_01-01-00_All_Markets_test.py\", line 128, in test_004_trading_instrument\n    test_element.full_test(d, cur_language, cur_country, cur_role, cur_item_link, cur_market)\n  File \"D:\\a\\TestCapitalComPySe\\TestCapitalComPySe\\pages\\Elements\\TableTradingInstrumentItiemAllMarkets.py\", line 30, in full_test\n    self.element_click(d, cur_item_link)\n  File \"C:\\Users\\runneradmin\\AppData\\Local\\pypoetry\\Cache\\virtualenvs\\testcapitalcompyse-ahTg7XpD-py3.12\\Lib\\site-packages\\allure_commons\\_allure.py\", line 192, in impl\n    return func(*a, **kw)\n           ^^^^^^^^^^^^^^\n  File \"D:\\a\\TestCapitalComPySe\\TestCapitalComPySe\\pages\\Elements\\TableTradingInstrumentItiemAllMarkets.py\", line 125, in element_click\n    instruments_list[value].click()\n  File \"C:\\Users\\runneradmin\\AppData\\Local\\pypoetry\\Cache\\virtualenvs\\testcapitalcompyse-ahTg7XpD-py3.12\\Lib\\site-packages\\selenium\\webdriver\\remote\\webelement.py\", line 94, in click\n    self._execute(Command.CLICK_ELEMENT)\n  File \"C:\\Users\\runneradmin\\AppData\\Local\\pypoetry\\Cache\\virtualenvs\\testcapitalcompyse-ahTg7XpD-py3.12\\Lib\\site-packages\\selenium\\webdriver\\remote\\webelement.py\", line 395, in _execute\n    return self._parent.execute(command, params)\n           ^^^^^^^^^^^^^^^^^^^^^^^^^^^^^^^^^^^^^\n  File \"C:\\Users\\runneradmin\\AppData\\Local\\pypoetry\\Cache\\virtualenvs\\testcapitalcompyse-ahTg7XpD-py3.12\\Lib\\site-packages\\selenium\\webdriver\\remote\\webdriver.py\", line 347, in execute\n    self.error_handler.check_response(response)\n  File \"C:\\Users\\runneradmin\\AppData\\Local\\pypoetry\\Cache\\virtualenvs\\testcapitalcompyse-ahTg7XpD-py3.12\\Lib\\site-packages\\selenium\\webdriver\\remote\\errorhandler.py\", line 229, in check_response\n    raise exception_class(message, screen, stacktrace)\n","steps":[{"name":"Preconditions","time":{"start":1718827437877,"stop":1718827444642,"duration":6765},"status":"passed","steps":[{"name":"2024-06-19 19:58:49.368896   Start Checking Captcha","time":{"start":1718827440551,"stop":1718827441559,"duration":1008},"status":"passed","steps":[],"attachments":[],"parameters":[],"shouldDisplayMessage":false,"stepsCount":0,"attachmentsCount":0,"hasContent":false,"attachmentStep":false},{"name":"2024-06-19 19:58:49.368896   Start Checking Captcha","time":{"start":1718827441559,"stop":1718827442596,"duration":1037},"status":"passed","steps":[],"attachments":[],"parameters":[],"shouldDisplayMessage":false,"stepsCount":0,"attachmentsCount":0,"hasContent":false,"attachmentStep":false},{"name":"2024-06-19 19:58:49.368896   Start Checking Captcha","time":{"start":1718827442596,"stop":1718827443638,"duration":1042},"status":"passed","steps":[],"attachments":[],"parameters":[],"shouldDisplayMessage":false,"stepsCount":0,"attachmentsCount":0,"hasContent":false,"attachmentStep":false},{"name":"2024-06-19 19:58:49.368896   Start Checking Captcha","time":{"start":1718827443638,"stop":1718827444642,"duration":1004},"status":"passed","steps":[],"attachments":[],"parameters":[],"shouldDisplayMessage":false,"stepsCount":0,"attachmentsCount":0,"hasContent":false,"attachmentStep":false}],"attachments":[],"parameters":[{"name":"d","value":"<selenium.webdriver.chrome.webdriver.WebDriver (session=\"f061065fdbcf5ae5388519153030e08b\")>"},{"name":"host","value":"'https://capital.com/'"},{"name":"end_point","value":"''"},{"name":"cur_language","value":"'fr'"},{"name":"cur_country","value":"'ae'"},{"name":"cur_role","value":"'NoAuth'"},{"name":"cur_login","value":"'test001.miketar+1@gmail.com'"},{"name":"cur_password","value":"'Qwer1234-!@#$'"}],"shouldDisplayMessage":false,"stepsCount":4,"attachmentsCount":0,"hasContent":true,"attachmentStep":false},{"name":"Select \"Markets\" menu, \"All Markets\" submenu","time":{"start":1718827444642,"stop":1718827448353,"duration":3711},"status":"passed","steps":[{"name":"Focus moved to 'Markets' menu","time":{"start":1718827444657,"stop":1718827446465,"duration":1808},"status":"passed","steps":[],"attachments":[],"parameters":[{"name":"d","value":"<selenium.webdriver.chrome.webdriver.WebDriver (session=\"f061065fdbcf5ae5388519153030e08b\")>"},{"name":"test_language","value":"'fr'"},{"name":"test_country","value":"'ae'"}],"shouldDisplayMessage":false,"stepsCount":0,"attachmentsCount":0,"hasContent":true,"attachmentStep":false},{"name":"Focus move to 'All Markets' submenu and click.","time":{"start":1718827446465,"stop":1718827448080,"duration":1615},"status":"passed","steps":[],"attachments":[],"parameters":[{"name":"d","value":"<selenium.webdriver.chrome.webdriver.WebDriver (session=\"f061065fdbcf5ae5388519153030e08b\")>"},{"name":"test_language","value":"'fr'"}],"shouldDisplayMessage":false,"stepsCount":0,"attachmentsCount":0,"hasContent":true,"attachmentStep":false}],"attachments":[],"parameters":[{"name":"d","value":"<selenium.webdriver.chrome.webdriver.WebDriver (session=\"f061065fdbcf5ae5388519153030e08b\")>"},{"name":"cur_language","value":"'fr'"},{"name":"cur_country","value":"'ae'"},{"name":"link","value":"'https://capital.com/fr'"}],"shouldDisplayMessage":false,"stepsCount":2,"attachmentsCount":0,"hasContent":true,"attachmentStep":false},{"name":"Click line instrument","time":{"start":1718827448478,"stop":1718827448565,"duration":87},"status":"broken","statusMessage":"selenium.common.exceptions.StaleElementReferenceException: Message: stale element reference: stale element not found in the current frame\n  (Session info: chrome=125.0.6422.142); For documentation on this error, please visit: https://www.selenium.dev/documentation/webdriver/troubleshooting/errors#stale-element-reference-exception\nStacktrace:\n\tGetHandleVerifier [0x00CEB8E3+45827]\n\t(No symbol) [0x00C7DCC4]\n\t(No symbol) [0x00B7150F]\n\t(No symbol) [0x00B7660F]\n\t(No symbol) [0x00B78298]\n\t(No symbol) [0x00B78310]\n\t(No symbol) [0x00BB5BA5]\n\t(No symbol) [0x00BB425B]\n\t(No symbol) [0x00BB3823]\n\t(No symbol) [0x00BA85EF]\n\t(No symbol) [0x00BD2DFC]\n\t(No symbol) [0x00BA8075]\n\t(No symbol) [0x00BD3094]\n\t(No symbol) [0x00BEC034]\n\t(No symbol) [0x00BD2B96]\n\t(No symbol) [0x00BA6998]\n\t(No symbol) [0x00BA751D]\n\tGetHandleVerifier [0x00FA4513+2899763]\n\tGetHandleVerifier [0x00FF793D+3240797]\n\tGetHandleVerifier [0x00D713B4+593364]\n\tGetHandleVerifier [0x00D782DC+621820]\n\t(No symbol) [0x00C870A4]\n\t(No symbol) [0x00C837A8]\n\t(No symbol) [0x00C83947]\n\t(No symbol) [0x00C759FE]\n\tBaseThreadInitThunk [0x758567F9+25]\n\tRtlGetFullPathName_UEx [0x77887F4D+173]\n\tRtlGetFullPathName_UEx [0x77887F1B+123]\n\n","statusTrace":"  File \"C:\\Users\\runneradmin\\AppData\\Local\\pypoetry\\Cache\\virtualenvs\\testcapitalcompyse-ahTg7XpD-py3.12\\Lib\\site-packages\\allure_commons\\_allure.py\", line 192, in impl\n    return func(*a, **kw)\n           ^^^^^^^^^^^^^^\n  File \"D:\\a\\TestCapitalComPySe\\TestCapitalComPySe\\pages\\Elements\\TableTradingInstrumentItiemAllMarkets.py\", line 125, in element_click\n    instruments_list[value].click()\n  File \"C:\\Users\\runneradmin\\AppData\\Local\\pypoetry\\Cache\\virtualenvs\\testcapitalcompyse-ahTg7XpD-py3.12\\Lib\\site-packages\\selenium\\webdriver\\remote\\webelement.py\", line 94, in click\n    self._execute(Command.CLICK_ELEMENT)\n  File \"C:\\Users\\runneradmin\\AppData\\Local\\pypoetry\\Cache\\virtualenvs\\testcapitalcompyse-ahTg7XpD-py3.12\\Lib\\site-packages\\selenium\\webdriver\\remote\\webelement.py\", line 395, in _execute\n    return self._parent.execute(command, params)\n           ^^^^^^^^^^^^^^^^^^^^^^^^^^^^^^^^^^^^^\n  File \"C:\\Users\\runneradmin\\AppData\\Local\\pypoetry\\Cache\\virtualenvs\\testcapitalcompyse-ahTg7XpD-py3.12\\Lib\\site-packages\\selenium\\webdriver\\remote\\webdriver.py\", line 347, in execute\n    self.error_handler.check_response(response)\n  File \"C:\\Users\\runneradmin\\AppData\\Local\\pypoetry\\Cache\\virtualenvs\\testcapitalcompyse-ahTg7XpD-py3.12\\Lib\\site-packages\\selenium\\webdriver\\remote\\errorhandler.py\", line 229, in check_response\n    raise exception_class(message, screen, stacktrace)\n","steps":[],"attachments":[],"parameters":[{"name":"d","value":"<selenium.webdriver.chrome.webdriver.WebDriver (session=\"f061065fdbcf5ae5388519153030e08b\")>"},{"name":"cur_item_link","value":"'https://capital.com/fr/instruments-financiers-derives'"}],"shouldDisplayMessage":true,"stepsCount":0,"attachmentsCount":0,"hasContent":true,"attachmentStep":false}],"attachments":[],"parameters":[{"name":"worker_id","value":"'master'"},{"name":"d","value":"<selenium.webdriver.chrome.webdriver.WebDriver (session=\"f061065fdbcf5ae5388519153030e08b\")>"},{"name":"cur_language","value":"'fr'"},{"name":"cur_country","value":"'ae'"},{"name":"cur_role","value":"'NoAuth'"},{"name":"cur_login","value":"'test001.miketar+1@gmail.com'"},{"name":"cur_password","value":"'Qwer1234-!@#$'"},{"name":"cur_market","value":"'Forex'"}],"shouldDisplayMessage":false,"stepsCount":9,"attachmentsCount":0,"hasContent":true,"attachmentStep":false}],"attachments":[{"uid":"ad1f7008e7c5e7ff","name":"Screenshot","source":"ad1f7008e7c5e7ff.png","type":"image/png","size":81164},{"uid":"d82247ef6014b72a","name":"stdout","source":"d82247ef6014b72a.txt","type":"text/plain","size":3831}],"parameters":[],"shouldDisplayMessage":true,"stepsCount":10,"attachmentsCount":2,"hasContent":true,"attachmentStep":false},"afterStages":[{"name":"d::0","time":{"start":1718827449410,"stop":1718827451800,"duration":2390},"status":"passed","steps":[],"attachments":[],"parameters":[],"shouldDisplayMessage":false,"stepsCount":0,"attachmentsCount":0,"hasContent":false,"attachmentStep":false}],"labels":[{"name":"epic","value":"US_01.01 | Markets > Menu item [All markets]"},{"name":"feature","value":"Language: fr"},{"name":"story","value":"Country: ae / Role: NoAuth"},{"name":"tag","value":"test_004"},{"name":"tag","value":"us_01_01_00"},{"name":"parentSuite","value":"tests.US_01_Markets.US_01-01_All_markets"},{"name":"suite","value":"US_01-01-00_All_Markets_test"},{"name":"subSuite","value":"TestAllMarkets"},{"name":"host","value":"fv-az1495-50"},{"name":"thread","value":"2180-MainThread"},{"name":"framework","value":"pytest"},{"name":"language","value":"cpython3"},{"name":"package","value":"tests.US_01_Markets.US_01-01_All_markets.US_01-01-00_All_Markets_test"},{"name":"resultFormat","value":"allure2"}],"parameters":[{"name":"cur_country","value":"'ae'"},{"name":"cur_language","value":"'fr'"},{"name":"cur_login","value":"'test001.miketar+1@gmail.com'"},{"name":"cur_market","value":"'Forex'"},{"name":"cur_password","value":"'Qwer1234-!@#$'"},{"name":"cur_role","value":"'NoAuth'"},{"name":"d","value":"'Chrome'"}],"links":[],"hidden":false,"retry":false,"extra":{"severity":"normal","retries":[],"categories":[{"name":"Test defects","matchedStatuses":[],"flaky":false}],"tags":["us_01_01_00","test_004"]},"source":"d716777340c44654.json","parameterValues":["'ae'","'fr'","'test001.miketar+1@gmail.com'","'Forex'","'Qwer1234-!@#$'","'NoAuth'","'Chrome'"]}