{"uid":"407e64af0a1d8c3b","name":"TC_55!039 (Lang: en) | Bid:55!039-en.au.NoReg","fullName":"tests.US_55_ReTestsManual.tassobaccato.US_55-tassobaccato_ReTestsManual_test.TestManualDetectedBugs#test_039","historyId":"5e9703c2ab378c17b75dd128b784f367","time":{"start":1719948387639,"stop":1719948406144,"duration":18505},"description":"\n        Check: Filters application in the 'Live shares prices' widget\n        Language: All\n        License: CYSEC, SCB, ASIC\n        Author: Kasila\n        ","descriptionHtml":"<pre><code>    Check: Filters application in the 'Live shares prices' widget\n    Language: All\n    License: CYSEC, SCB, ASIC\n    Author: Kasila\n</code></pre>\n","status":"broken","statusMessage":"selenium.common.exceptions.NoSuchElementException: Message: no such element: Unable to locate element: {\"method\":\"css selector\",\"selector\":\"#flt_labels\"}\n  (Session info: chrome=126.0.6478.126); For documentation on this error, please visit: https://www.selenium.dev/documentation/webdriver/troubleshooting/errors#no-such-element-exception\nStacktrace:\n#0 0x55da625e9c7a <unknown>\n#1 0x55da622cce2c <unknown>\n#2 0x55da62319661 <unknown>\n#3 0x55da62319751 <unknown>\n#4 0x55da6235df64 <unknown>\n#5 0x55da6233c5ed <unknown>\n#6 0x55da6235b303 <unknown>\n#7 0x55da6233c363 <unknown>\n#8 0x55da6230c247 <unknown>\n#9 0x55da6230cb9e <unknown>\n#10 0x55da625b024b <unknown>\n#11 0x55da625b42f1 <unknown>\n#12 0x55da6259bafe <unknown>\n#13 0x55da625b4e52 <unknown>\n#14 0x55da6258079f <unknown>\n#15 0x55da625d9638 <unknown>\n#16 0x55da625d9810 <unknown>\n#17 0x55da625e8dac <unknown>\n#18 0x7f817f094ac3 <unknown>","statusTrace":"self = <US_55-tassobaccato_ReTestsManual_test.TestManualDetectedBugs object at 0x7fb7e0601700>\nworker_id = 'master'\nd = <selenium.webdriver.chrome.webdriver.WebDriver (session=\"c3166718c47b7151887d37abc766fa5c\")>\ncur_language = '', cur_country = 'au', cur_role = 'NoReg'\ncur_login = 'test001.miketar+1@gmail.com', cur_password = 'Qwer1234-!@#$'\n\n    @allure.step(\"Start retest manual TC_55!00_039 of filters application in the 'Live shares prices' widget\")\n    @pytest.mark.parametrize('cur_country', ['es', 'ua', 'au'])\n    @pytest.mark.parametrize('cur_role', [\"NoReg\", \"Auth\", \"NoAuth\"])\n    @pytest.mark.test_039\n    def test_039(self, worker_id, d, cur_language, cur_country, cur_role, cur_login, cur_password):\n        \"\"\"\n        Check: Filters application in the 'Live shares prices' widget\n        Language: All\n        License: CYSEC, SCB, ASIC\n        Author: Kasila\n        \"\"\"\n    \n        bid = build_dynamic_arg_for_us_55(\n            d, worker_id, cur_language, cur_country, cur_role,\n            \"55\", \"ReTests of Manual Detected Bugs\",\n            \"039\", \"Applied filters 'Region/Sectors' are not displayed after selecting an item from the \"\n                   \"'Most traded' dropdown in the 'Live shares prices'  widget on the 'Shares' page\"\n            )\n    \n        page_conditions = Conditions(d, \"\")\n        link = page_conditions.preconditions(\n            d, CapitalComPageSrc.URL, \"\", cur_language, cur_country, cur_role, cur_login, cur_password)\n    \n        menu = MenuSection(d, link)\n        cur_item_link = menu.open_shares_market_menu(d, cur_language, cur_country, link)\n    \n        test_element = AppliedFilters(d, cur_item_link, bid)\n>       test_element.full_test(d, cur_language, cur_country,cur_role, cur_item_link)\n\ntests/US_55_ReTestsManual/tassobaccato/US_55-tassobaccato_ReTestsManual_test.py:78: \n_ _ _ _ _ _ _ _ _ _ _ _ _ _ _ _ _ _ _ _ _ _ _ _ _ _ _ _ _ _ _ _ _ _ _ _ _ _ _ _ \npages/BugsManual/bug_039.py:33: in full_test\n    test_element.assert_filters(d, cur_item_link, self.selected_filters_text_list)\npages/Elements/AssertClass.py:270: in assert_filters\n    filters_labels = self.driver.find_element(By.CSS_SELECTOR, '#flt_labels')\n../../../.cache/pypoetry/virtualenvs/testcapitalcompyse-CcJ6hTD8-py3.12/lib/python3.12/site-packages/selenium/webdriver/remote/webdriver.py:741: in find_element\n    return self.execute(Command.FIND_ELEMENT, {\"using\": by, \"value\": value})[\"value\"]\n../../../.cache/pypoetry/virtualenvs/testcapitalcompyse-CcJ6hTD8-py3.12/lib/python3.12/site-packages/selenium/webdriver/remote/webdriver.py:347: in execute\n    self.error_handler.check_response(response)\n_ _ _ _ _ _ _ _ _ _ _ _ _ _ _ _ _ _ _ _ _ _ _ _ _ _ _ _ _ _ _ _ _ _ _ _ _ _ _ _ \n\nself = <selenium.webdriver.remote.errorhandler.ErrorHandler object at 0x7fb7e058b110>\nresponse = {'status': 404, 'value': '{\"value\":{\"error\":\"no such element\",\"message\":\"no such element: Unable to locate element: {\\...\\\\n#16 0x55da625d9810 \\\\u003Cunknown>\\\\n#17 0x55da625e8dac \\\\u003Cunknown>\\\\n#18 0x7f817f094ac3 \\\\u003Cunknown>\\\\n\"}}'}\n\n    def check_response(self, response: Dict[str, Any]) -> None:\n        \"\"\"Checks that a JSON response from the WebDriver does not have an\n        error.\n    \n        :Args:\n         - response - The JSON response from the WebDriver server as a dictionary\n           object.\n    \n        :Raises: If the response contains an error message.\n        \"\"\"\n        status = response.get(\"status\", None)\n        if not status or status == ErrorCode.SUCCESS:\n            return\n        value = None\n        message = response.get(\"message\", \"\")\n        screen: str = response.get(\"screen\", \"\")\n        stacktrace = None\n        if isinstance(status, int):\n            value_json = response.get(\"value\", None)\n            if value_json and isinstance(value_json, str):\n                import json\n    \n                try:\n                    value = json.loads(value_json)\n                    if len(value) == 1:\n                        value = value[\"value\"]\n                    status = value.get(\"error\", None)\n                    if not status:\n                        status = value.get(\"status\", ErrorCode.UNKNOWN_ERROR)\n                        message = value.get(\"value\") or value.get(\"message\")\n                        if not isinstance(message, str):\n                            value = message\n                            message = message.get(\"message\")\n                    else:\n                        message = value.get(\"message\", None)\n                except ValueError:\n                    pass\n    \n        exception_class: Type[WebDriverException]\n        e = ErrorCode()\n        error_codes = [item for item in dir(e) if not item.startswith(\"__\")]\n        for error_code in error_codes:\n            error_info = getattr(ErrorCode, error_code)\n            if isinstance(error_info, list) and status in error_info:\n                exception_class = getattr(ExceptionMapping, error_code, WebDriverException)\n                break\n        else:\n            exception_class = WebDriverException\n    \n        if not value:\n            value = response[\"value\"]\n        if isinstance(value, str):\n            raise exception_class(value)\n        if message == \"\" and \"message\" in value:\n            message = value[\"message\"]\n    \n        screen = None  # type: ignore[assignment]\n        if \"screen\" in value:\n            screen = value[\"screen\"]\n    \n        stacktrace = None\n        st_value = value.get(\"stackTrace\") or value.get(\"stacktrace\")\n        if st_value:\n            if isinstance(st_value, str):\n                stacktrace = st_value.split(\"\\n\")\n            else:\n                stacktrace = []\n                try:\n                    for frame in st_value:\n                        line = frame.get(\"lineNumber\", \"\")\n                        file = frame.get(\"fileName\", \"<anonymous>\")\n                        if line:\n                            file = f\"{file}:{line}\"\n                        meth = frame.get(\"methodName\", \"<anonymous>\")\n                        if \"className\" in frame:\n                            meth = f\"{frame['className']}.{meth}\"\n                        msg = \"    at %s (%s)\"\n                        msg = msg % (meth, file)\n                        stacktrace.append(msg)\n                except TypeError:\n                    pass\n        if exception_class == UnexpectedAlertPresentException:\n            alert_text = None\n            if \"data\" in value:\n                alert_text = value[\"data\"].get(\"text\")\n            elif \"alert\" in value:\n                alert_text = value[\"alert\"].get(\"text\")\n            raise exception_class(message, screen, stacktrace, alert_text)  # type: ignore[call-arg]  # mypy is not smart enough here\n>       raise exception_class(message, screen, stacktrace)\nE       selenium.common.exceptions.NoSuchElementException: Message: no such element: Unable to locate element: {\"method\":\"css selector\",\"selector\":\"#flt_labels\"}\nE         (Session info: chrome=126.0.6478.126); For documentation on this error, please visit: https://www.selenium.dev/documentation/webdriver/troubleshooting/errors#no-such-element-exception\nE       Stacktrace:\nE       #0 0x55da625e9c7a <unknown>\nE       #1 0x55da622cce2c <unknown>\nE       #2 0x55da62319661 <unknown>\nE       #3 0x55da62319751 <unknown>\nE       #4 0x55da6235df64 <unknown>\nE       #5 0x55da6233c5ed <unknown>\nE       #6 0x55da6235b303 <unknown>\nE       #7 0x55da6233c363 <unknown>\nE       #8 0x55da6230c247 <unknown>\nE       #9 0x55da6230cb9e <unknown>\nE       #10 0x55da625b024b <unknown>\nE       #11 0x55da625b42f1 <unknown>\nE       #12 0x55da6259bafe <unknown>\nE       #13 0x55da625b4e52 <unknown>\nE       #14 0x55da6258079f <unknown>\nE       #15 0x55da625d9638 <unknown>\nE       #16 0x55da625d9810 <unknown>\nE       #17 0x55da625e8dac <unknown>\nE       #18 0x7f817f094ac3 <unknown>\n\n../../../.cache/pypoetry/virtualenvs/testcapitalcompyse-CcJ6hTD8-py3.12/lib/python3.12/site-packages/selenium/webdriver/remote/errorhandler.py:229: NoSuchElementException","flaky":false,"newFailed":false,"newBroken":true,"newPassed":false,"retriesCount":0,"retriesStatusChange":false,"beforeStages":[{"name":"d","time":{"start":1719948320657,"stop":1719948321694,"duration":1037},"status":"passed","steps":[],"attachments":[],"parameters":[],"shouldDisplayMessage":false,"stepsCount":0,"attachmentsCount":0,"hasContent":false,"attachmentStep":false},{"name":"cur_password","time":{"start":1719948321694,"stop":1719948321695,"duration":1},"status":"passed","steps":[],"attachments":[],"parameters":[],"shouldDisplayMessage":false,"stepsCount":0,"attachmentsCount":0,"hasContent":false,"attachmentStep":false},{"name":"worker_id","time":{"start":1719948321694,"stop":1719948321694,"duration":0},"status":"passed","steps":[],"attachments":[],"parameters":[],"shouldDisplayMessage":false,"stepsCount":0,"attachmentsCount":0,"hasContent":false,"attachmentStep":false},{"name":"cur_login","time":{"start":1719948321694,"stop":1719948321694,"duration":0},"status":"passed","steps":[],"attachments":[],"parameters":[],"shouldDisplayMessage":false,"stepsCount":0,"attachmentsCount":0,"hasContent":false,"attachmentStep":false},{"name":"cur_language","time":{"start":1719948338186,"stop":1719948338186,"duration":0},"status":"passed","steps":[],"attachments":[],"parameters":[],"shouldDisplayMessage":false,"stepsCount":0,"attachmentsCount":0,"hasContent":false,"attachmentStep":false}],"testStage":{"description":"\n        Check: Filters application in the 'Live shares prices' widget\n        Language: All\n        License: CYSEC, SCB, ASIC\n        Author: Kasila\n        ","status":"broken","statusMessage":"selenium.common.exceptions.NoSuchElementException: Message: no such element: Unable to locate element: {\"method\":\"css selector\",\"selector\":\"#flt_labels\"}\n  (Session info: chrome=126.0.6478.126); For documentation on this error, please visit: https://www.selenium.dev/documentation/webdriver/troubleshooting/errors#no-such-element-exception\nStacktrace:\n#0 0x55da625e9c7a <unknown>\n#1 0x55da622cce2c <unknown>\n#2 0x55da62319661 <unknown>\n#3 0x55da62319751 <unknown>\n#4 0x55da6235df64 <unknown>\n#5 0x55da6233c5ed <unknown>\n#6 0x55da6235b303 <unknown>\n#7 0x55da6233c363 <unknown>\n#8 0x55da6230c247 <unknown>\n#9 0x55da6230cb9e <unknown>\n#10 0x55da625b024b <unknown>\n#11 0x55da625b42f1 <unknown>\n#12 0x55da6259bafe <unknown>\n#13 0x55da625b4e52 <unknown>\n#14 0x55da6258079f <unknown>\n#15 0x55da625d9638 <unknown>\n#16 0x55da625d9810 <unknown>\n#17 0x55da625e8dac <unknown>\n#18 0x7f817f094ac3 <unknown>","statusTrace":"self = <US_55-tassobaccato_ReTestsManual_test.TestManualDetectedBugs object at 0x7fb7e0601700>\nworker_id = 'master'\nd = <selenium.webdriver.chrome.webdriver.WebDriver (session=\"c3166718c47b7151887d37abc766fa5c\")>\ncur_language = '', cur_country = 'au', cur_role = 'NoReg'\ncur_login = 'test001.miketar+1@gmail.com', cur_password = 'Qwer1234-!@#$'\n\n    @allure.step(\"Start retest manual TC_55!00_039 of filters application in the 'Live shares prices' widget\")\n    @pytest.mark.parametrize('cur_country', ['es', 'ua', 'au'])\n    @pytest.mark.parametrize('cur_role', [\"NoReg\", \"Auth\", \"NoAuth\"])\n    @pytest.mark.test_039\n    def test_039(self, worker_id, d, cur_language, cur_country, cur_role, cur_login, cur_password):\n        \"\"\"\n        Check: Filters application in the 'Live shares prices' widget\n        Language: All\n        License: CYSEC, SCB, ASIC\n        Author: Kasila\n        \"\"\"\n    \n        bid = build_dynamic_arg_for_us_55(\n            d, worker_id, cur_language, cur_country, cur_role,\n            \"55\", \"ReTests of Manual Detected Bugs\",\n            \"039\", \"Applied filters 'Region/Sectors' are not displayed after selecting an item from the \"\n                   \"'Most traded' dropdown in the 'Live shares prices'  widget on the 'Shares' page\"\n            )\n    \n        page_conditions = Conditions(d, \"\")\n        link = page_conditions.preconditions(\n            d, CapitalComPageSrc.URL, \"\", cur_language, cur_country, cur_role, cur_login, cur_password)\n    \n        menu = MenuSection(d, link)\n        cur_item_link = menu.open_shares_market_menu(d, cur_language, cur_country, link)\n    \n        test_element = AppliedFilters(d, cur_item_link, bid)\n>       test_element.full_test(d, cur_language, cur_country,cur_role, cur_item_link)\n\ntests/US_55_ReTestsManual/tassobaccato/US_55-tassobaccato_ReTestsManual_test.py:78: \n_ _ _ _ _ _ _ _ _ _ _ _ _ _ _ _ _ _ _ _ _ _ _ _ _ _ _ _ _ _ _ _ _ _ _ _ _ _ _ _ \npages/BugsManual/bug_039.py:33: in full_test\n    test_element.assert_filters(d, cur_item_link, self.selected_filters_text_list)\npages/Elements/AssertClass.py:270: in assert_filters\n    filters_labels = self.driver.find_element(By.CSS_SELECTOR, '#flt_labels')\n../../../.cache/pypoetry/virtualenvs/testcapitalcompyse-CcJ6hTD8-py3.12/lib/python3.12/site-packages/selenium/webdriver/remote/webdriver.py:741: in find_element\n    return self.execute(Command.FIND_ELEMENT, {\"using\": by, \"value\": value})[\"value\"]\n../../../.cache/pypoetry/virtualenvs/testcapitalcompyse-CcJ6hTD8-py3.12/lib/python3.12/site-packages/selenium/webdriver/remote/webdriver.py:347: in execute\n    self.error_handler.check_response(response)\n_ _ _ _ _ _ _ _ _ _ _ _ _ _ _ _ _ _ _ _ _ _ _ _ _ _ _ _ _ _ _ _ _ _ _ _ _ _ _ _ \n\nself = <selenium.webdriver.remote.errorhandler.ErrorHandler object at 0x7fb7e058b110>\nresponse = {'status': 404, 'value': '{\"value\":{\"error\":\"no such element\",\"message\":\"no such element: Unable to locate element: {\\...\\\\n#16 0x55da625d9810 \\\\u003Cunknown>\\\\n#17 0x55da625e8dac \\\\u003Cunknown>\\\\n#18 0x7f817f094ac3 \\\\u003Cunknown>\\\\n\"}}'}\n\n    def check_response(self, response: Dict[str, Any]) -> None:\n        \"\"\"Checks that a JSON response from the WebDriver does not have an\n        error.\n    \n        :Args:\n         - response - The JSON response from the WebDriver server as a dictionary\n           object.\n    \n        :Raises: If the response contains an error message.\n        \"\"\"\n        status = response.get(\"status\", None)\n        if not status or status == ErrorCode.SUCCESS:\n            return\n        value = None\n        message = response.get(\"message\", \"\")\n        screen: str = response.get(\"screen\", \"\")\n        stacktrace = None\n        if isinstance(status, int):\n            value_json = response.get(\"value\", None)\n            if value_json and isinstance(value_json, str):\n                import json\n    \n                try:\n                    value = json.loads(value_json)\n                    if len(value) == 1:\n                        value = value[\"value\"]\n                    status = value.get(\"error\", None)\n                    if not status:\n                        status = value.get(\"status\", ErrorCode.UNKNOWN_ERROR)\n                        message = value.get(\"value\") or value.get(\"message\")\n                        if not isinstance(message, str):\n                            value = message\n                            message = message.get(\"message\")\n                    else:\n                        message = value.get(\"message\", None)\n                except ValueError:\n                    pass\n    \n        exception_class: Type[WebDriverException]\n        e = ErrorCode()\n        error_codes = [item for item in dir(e) if not item.startswith(\"__\")]\n        for error_code in error_codes:\n            error_info = getattr(ErrorCode, error_code)\n            if isinstance(error_info, list) and status in error_info:\n                exception_class = getattr(ExceptionMapping, error_code, WebDriverException)\n                break\n        else:\n            exception_class = WebDriverException\n    \n        if not value:\n            value = response[\"value\"]\n        if isinstance(value, str):\n            raise exception_class(value)\n        if message == \"\" and \"message\" in value:\n            message = value[\"message\"]\n    \n        screen = None  # type: ignore[assignment]\n        if \"screen\" in value:\n            screen = value[\"screen\"]\n    \n        stacktrace = None\n        st_value = value.get(\"stackTrace\") or value.get(\"stacktrace\")\n        if st_value:\n            if isinstance(st_value, str):\n                stacktrace = st_value.split(\"\\n\")\n            else:\n                stacktrace = []\n                try:\n                    for frame in st_value:\n                        line = frame.get(\"lineNumber\", \"\")\n                        file = frame.get(\"fileName\", \"<anonymous>\")\n                        if line:\n                            file = f\"{file}:{line}\"\n                        meth = frame.get(\"methodName\", \"<anonymous>\")\n                        if \"className\" in frame:\n                            meth = f\"{frame['className']}.{meth}\"\n                        msg = \"    at %s (%s)\"\n                        msg = msg % (meth, file)\n                        stacktrace.append(msg)\n                except TypeError:\n                    pass\n        if exception_class == UnexpectedAlertPresentException:\n            alert_text = None\n            if \"data\" in value:\n                alert_text = value[\"data\"].get(\"text\")\n            elif \"alert\" in value:\n                alert_text = value[\"alert\"].get(\"text\")\n            raise exception_class(message, screen, stacktrace, alert_text)  # type: ignore[call-arg]  # mypy is not smart enough here\n>       raise exception_class(message, screen, stacktrace)\nE       selenium.common.exceptions.NoSuchElementException: Message: no such element: Unable to locate element: {\"method\":\"css selector\",\"selector\":\"#flt_labels\"}\nE         (Session info: chrome=126.0.6478.126); For documentation on this error, please visit: https://www.selenium.dev/documentation/webdriver/troubleshooting/errors#no-such-element-exception\nE       Stacktrace:\nE       #0 0x55da625e9c7a <unknown>\nE       #1 0x55da622cce2c <unknown>\nE       #2 0x55da62319661 <unknown>\nE       #3 0x55da62319751 <unknown>\nE       #4 0x55da6235df64 <unknown>\nE       #5 0x55da6233c5ed <unknown>\nE       #6 0x55da6235b303 <unknown>\nE       #7 0x55da6233c363 <unknown>\nE       #8 0x55da6230c247 <unknown>\nE       #9 0x55da6230cb9e <unknown>\nE       #10 0x55da625b024b <unknown>\nE       #11 0x55da625b42f1 <unknown>\nE       #12 0x55da6259bafe <unknown>\nE       #13 0x55da625b4e52 <unknown>\nE       #14 0x55da6258079f <unknown>\nE       #15 0x55da625d9638 <unknown>\nE       #16 0x55da625d9810 <unknown>\nE       #17 0x55da625e8dac <unknown>\nE       #18 0x7f817f094ac3 <unknown>\n\n../../../.cache/pypoetry/virtualenvs/testcapitalcompyse-CcJ6hTD8-py3.12/lib/python3.12/site-packages/selenium/webdriver/remote/errorhandler.py:229: NoSuchElementException","steps":[{"name":"Start retest manual TC_55!00_039 of filters application in the 'Live shares prices' widget","time":{"start":1719948387639,"stop":1719948406143,"duration":18504},"status":"broken","statusMessage":"selenium.common.exceptions.NoSuchElementException: Message: no such element: Unable to locate element: {\"method\":\"css selector\",\"selector\":\"#flt_labels\"}\n  (Session info: chrome=126.0.6478.126); For documentation on this error, please visit: https://www.selenium.dev/documentation/webdriver/troubleshooting/errors#no-such-element-exception\nStacktrace:\n#0 0x55da625e9c7a <unknown>\n#1 0x55da622cce2c <unknown>\n#2 0x55da62319661 <unknown>\n#3 0x55da62319751 <unknown>\n#4 0x55da6235df64 <unknown>\n#5 0x55da6233c5ed <unknown>\n#6 0x55da6235b303 <unknown>\n#7 0x55da6233c363 <unknown>\n#8 0x55da6230c247 <unknown>\n#9 0x55da6230cb9e <unknown>\n#10 0x55da625b024b <unknown>\n#11 0x55da625b42f1 <unknown>\n#12 0x55da6259bafe <unknown>\n#13 0x55da625b4e52 <unknown>\n#14 0x55da6258079f <unknown>\n#15 0x55da625d9638 <unknown>\n#16 0x55da625d9810 <unknown>\n#17 0x55da625e8dac <unknown>\n#18 0x7f817f094ac3 <unknown>\n\n","statusTrace":"  File \"/home/runner/.cache/pypoetry/virtualenvs/testcapitalcompyse-CcJ6hTD8-py3.12/lib/python3.12/site-packages/allure_commons/_allure.py\", line 192, in impl\n    return func(*a, **kw)\n           ^^^^^^^^^^^^^^\n  File \"/home/runner/work/TestCapitalComPySe/TestCapitalComPySe/tests/US_55_ReTestsManual/tassobaccato/US_55-tassobaccato_ReTestsManual_test.py\", line 78, in test_039\n    test_element.full_test(d, cur_language, cur_country,cur_role, cur_item_link)\n  File \"/home/runner/.cache/pypoetry/virtualenvs/testcapitalcompyse-CcJ6hTD8-py3.12/lib/python3.12/site-packages/allure_commons/_allure.py\", line 192, in impl\n    return func(*a, **kw)\n           ^^^^^^^^^^^^^^\n  File \"/home/runner/work/TestCapitalComPySe/TestCapitalComPySe/pages/BugsManual/bug_039.py\", line 33, in full_test\n    test_element.assert_filters(d, cur_item_link, self.selected_filters_text_list)\n  File \"/home/runner/.cache/pypoetry/virtualenvs/testcapitalcompyse-CcJ6hTD8-py3.12/lib/python3.12/site-packages/allure_commons/_allure.py\", line 192, in impl\n    return func(*a, **kw)\n           ^^^^^^^^^^^^^^\n  File \"/home/runner/work/TestCapitalComPySe/TestCapitalComPySe/pages/Elements/AssertClass.py\", line 270, in assert_filters\n    filters_labels = self.driver.find_element(By.CSS_SELECTOR, '#flt_labels')\n                     ^^^^^^^^^^^^^^^^^^^^^^^^^^^^^^^^^^^^^^^^^^^^^^^^^^^^^^^^\n  File \"/home/runner/.cache/pypoetry/virtualenvs/testcapitalcompyse-CcJ6hTD8-py3.12/lib/python3.12/site-packages/selenium/webdriver/remote/webdriver.py\", line 741, in find_element\n    return self.execute(Command.FIND_ELEMENT, {\"using\": by, \"value\": value})[\"value\"]\n           ^^^^^^^^^^^^^^^^^^^^^^^^^^^^^^^^^^^^^^^^^^^^^^^^^^^^^^^^^^^^^^^^^\n  File \"/home/runner/.cache/pypoetry/virtualenvs/testcapitalcompyse-CcJ6hTD8-py3.12/lib/python3.12/site-packages/selenium/webdriver/remote/webdriver.py\", line 347, in execute\n    self.error_handler.check_response(response)\n  File \"/home/runner/.cache/pypoetry/virtualenvs/testcapitalcompyse-CcJ6hTD8-py3.12/lib/python3.12/site-packages/selenium/webdriver/remote/errorhandler.py\", line 229, in check_response\n    raise exception_class(message, screen, stacktrace)\n","steps":[{"name":"Preconditions","time":{"start":1719948387640,"stop":1719948397554,"duration":9914},"status":"passed","steps":[{"name":"2024-07-02 19:25:20.629254   Start Checking Captcha","time":{"start":1719948389562,"stop":1719948390605,"duration":1043},"status":"passed","steps":[],"attachments":[],"parameters":[],"shouldDisplayMessage":false,"stepsCount":0,"attachmentsCount":0,"hasContent":false,"attachmentStep":false},{"name":"2024-07-02 19:25:20.629254   Start Checking Captcha","time":{"start":1719948390605,"stop":1719948391635,"duration":1030},"status":"passed","steps":[],"attachments":[],"parameters":[],"shouldDisplayMessage":false,"stepsCount":0,"attachmentsCount":0,"hasContent":false,"attachmentStep":false},{"name":"Open 'Language and Country' menu section.","time":{"start":1719948391639,"stop":1719948392941,"duration":1302},"status":"passed","steps":[],"attachments":[],"parameters":[{"name":"test_language","value":"''"}],"shouldDisplayMessage":false,"stepsCount":0,"attachmentsCount":0,"hasContent":true,"attachmentStep":false},{"name":"Set country (licence)","time":{"start":1719948392941,"stop":1719948395493,"duration":2552},"status":"passed","steps":[],"attachments":[],"parameters":[{"name":"cur_country","value":"'au'"}],"shouldDisplayMessage":false,"stepsCount":0,"attachmentsCount":0,"hasContent":true,"attachmentStep":false},{"name":"2024-07-02 19:25:20.629254   Start Checking Captcha","time":{"start":1719948395493,"stop":1719948396515,"duration":1022},"status":"passed","steps":[],"attachments":[],"parameters":[],"shouldDisplayMessage":false,"stepsCount":0,"attachmentsCount":0,"hasContent":false,"attachmentStep":false},{"name":"2024-07-02 19:25:20.629254   Start Checking Captcha","time":{"start":1719948396515,"stop":1719948397549,"duration":1034},"status":"passed","steps":[],"attachments":[],"parameters":[],"shouldDisplayMessage":false,"stepsCount":0,"attachmentsCount":0,"hasContent":false,"attachmentStep":false}],"attachments":[],"parameters":[{"name":"d","value":"<selenium.webdriver.chrome.webdriver.WebDriver (session=\"c3166718c47b7151887d37abc766fa5c\")>"},{"name":"host","value":"'https://capital.com/'"},{"name":"end_point","value":"''"},{"name":"cur_language","value":"''"},{"name":"cur_country","value":"'au'"},{"name":"cur_role","value":"'NoReg'"},{"name":"cur_login","value":"'test001.miketar+1@gmail.com'"},{"name":"cur_password","value":"'Qwer1234-!@#$'"}],"shouldDisplayMessage":false,"stepsCount":6,"attachmentsCount":0,"hasContent":true,"attachmentStep":false},{"name":"Select \"Markets\" menu, \"Shares\" submenu click","time":{"start":1719948397555,"stop":1719948401092,"duration":3537},"status":"passed","steps":[{"name":"Focus moved to 'Markets' menu","time":{"start":1719948397562,"stop":1719948399355,"duration":1793},"status":"passed","steps":[],"attachments":[],"parameters":[{"name":"d","value":"<selenium.webdriver.chrome.webdriver.WebDriver (session=\"c3166718c47b7151887d37abc766fa5c\")>"},{"name":"test_language","value":"''"},{"name":"test_country","value":"'au'"}],"shouldDisplayMessage":false,"stepsCount":0,"attachmentsCount":0,"hasContent":true,"attachmentStep":false},{"name":"Focus move to 'Shares' submenu item and click","time":{"start":1719948399355,"stop":1719948400794,"duration":1439},"status":"passed","steps":[],"attachments":[],"parameters":[{"name":"d","value":"<selenium.webdriver.chrome.webdriver.WebDriver (session=\"c3166718c47b7151887d37abc766fa5c\")>"},{"name":"test_language","value":"''"}],"shouldDisplayMessage":false,"stepsCount":0,"attachmentsCount":0,"hasContent":true,"attachmentStep":false}],"attachments":[],"parameters":[{"name":"d","value":"<selenium.webdriver.chrome.webdriver.WebDriver (session=\"c3166718c47b7151887d37abc766fa5c\")>"},{"name":"cur_language","value":"''"},{"name":"cur_country","value":"'au'"},{"name":"link","value":"'https://capital.com/?country=au'"}],"shouldDisplayMessage":false,"stepsCount":2,"attachmentsCount":0,"hasContent":true,"attachmentStep":false},{"name":"2024-07-02 19:25:20.610795   Start full_test of display of applied filters","time":{"start":1719948401092,"stop":1719948406143,"duration":5051},"status":"broken","statusMessage":"selenium.common.exceptions.NoSuchElementException: Message: no such element: Unable to locate element: {\"method\":\"css selector\",\"selector\":\"#flt_labels\"}\n  (Session info: chrome=126.0.6478.126); For documentation on this error, please visit: https://www.selenium.dev/documentation/webdriver/troubleshooting/errors#no-such-element-exception\nStacktrace:\n#0 0x55da625e9c7a <unknown>\n#1 0x55da622cce2c <unknown>\n#2 0x55da62319661 <unknown>\n#3 0x55da62319751 <unknown>\n#4 0x55da6235df64 <unknown>\n#5 0x55da6233c5ed <unknown>\n#6 0x55da6235b303 <unknown>\n#7 0x55da6233c363 <unknown>\n#8 0x55da6230c247 <unknown>\n#9 0x55da6230cb9e <unknown>\n#10 0x55da625b024b <unknown>\n#11 0x55da625b42f1 <unknown>\n#12 0x55da6259bafe <unknown>\n#13 0x55da625b4e52 <unknown>\n#14 0x55da6258079f <unknown>\n#15 0x55da625d9638 <unknown>\n#16 0x55da625d9810 <unknown>\n#17 0x55da625e8dac <unknown>\n#18 0x7f817f094ac3 <unknown>\n\n","statusTrace":"  File \"/home/runner/.cache/pypoetry/virtualenvs/testcapitalcompyse-CcJ6hTD8-py3.12/lib/python3.12/site-packages/allure_commons/_allure.py\", line 192, in impl\n    return func(*a, **kw)\n           ^^^^^^^^^^^^^^\n  File \"/home/runner/work/TestCapitalComPySe/TestCapitalComPySe/pages/BugsManual/bug_039.py\", line 33, in full_test\n    test_element.assert_filters(d, cur_item_link, self.selected_filters_text_list)\n  File \"/home/runner/.cache/pypoetry/virtualenvs/testcapitalcompyse-CcJ6hTD8-py3.12/lib/python3.12/site-packages/allure_commons/_allure.py\", line 192, in impl\n    return func(*a, **kw)\n           ^^^^^^^^^^^^^^\n  File \"/home/runner/work/TestCapitalComPySe/TestCapitalComPySe/pages/Elements/AssertClass.py\", line 270, in assert_filters\n    filters_labels = self.driver.find_element(By.CSS_SELECTOR, '#flt_labels')\n                     ^^^^^^^^^^^^^^^^^^^^^^^^^^^^^^^^^^^^^^^^^^^^^^^^^^^^^^^^\n  File \"/home/runner/.cache/pypoetry/virtualenvs/testcapitalcompyse-CcJ6hTD8-py3.12/lib/python3.12/site-packages/selenium/webdriver/remote/webdriver.py\", line 741, in find_element\n    return self.execute(Command.FIND_ELEMENT, {\"using\": by, \"value\": value})[\"value\"]\n           ^^^^^^^^^^^^^^^^^^^^^^^^^^^^^^^^^^^^^^^^^^^^^^^^^^^^^^^^^^^^^^^^^\n  File \"/home/runner/.cache/pypoetry/virtualenvs/testcapitalcompyse-CcJ6hTD8-py3.12/lib/python3.12/site-packages/selenium/webdriver/remote/webdriver.py\", line 347, in execute\n    self.error_handler.check_response(response)\n  File \"/home/runner/.cache/pypoetry/virtualenvs/testcapitalcompyse-CcJ6hTD8-py3.12/lib/python3.12/site-packages/selenium/webdriver/remote/errorhandler.py\", line 229, in check_response\n    raise exception_class(message, screen, stacktrace)\n","steps":[{"name":"Checking that applied filters \"Region/Sectors\" are displayed","time":{"start":1719948405112,"stop":1719948406142,"duration":1030},"status":"broken","statusMessage":"selenium.common.exceptions.NoSuchElementException: Message: no such element: Unable to locate element: {\"method\":\"css selector\",\"selector\":\"#flt_labels\"}\n  (Session info: chrome=126.0.6478.126); For documentation on this error, please visit: https://www.selenium.dev/documentation/webdriver/troubleshooting/errors#no-such-element-exception\nStacktrace:\n#0 0x55da625e9c7a <unknown>\n#1 0x55da622cce2c <unknown>\n#2 0x55da62319661 <unknown>\n#3 0x55da62319751 <unknown>\n#4 0x55da6235df64 <unknown>\n#5 0x55da6233c5ed <unknown>\n#6 0x55da6235b303 <unknown>\n#7 0x55da6233c363 <unknown>\n#8 0x55da6230c247 <unknown>\n#9 0x55da6230cb9e <unknown>\n#10 0x55da625b024b <unknown>\n#11 0x55da625b42f1 <unknown>\n#12 0x55da6259bafe <unknown>\n#13 0x55da625b4e52 <unknown>\n#14 0x55da6258079f <unknown>\n#15 0x55da625d9638 <unknown>\n#16 0x55da625d9810 <unknown>\n#17 0x55da625e8dac <unknown>\n#18 0x7f817f094ac3 <unknown>\n\n","statusTrace":"  File \"/home/runner/.cache/pypoetry/virtualenvs/testcapitalcompyse-CcJ6hTD8-py3.12/lib/python3.12/site-packages/allure_commons/_allure.py\", line 192, in impl\n    return func(*a, **kw)\n           ^^^^^^^^^^^^^^\n  File \"/home/runner/work/TestCapitalComPySe/TestCapitalComPySe/pages/Elements/AssertClass.py\", line 270, in assert_filters\n    filters_labels = self.driver.find_element(By.CSS_SELECTOR, '#flt_labels')\n                     ^^^^^^^^^^^^^^^^^^^^^^^^^^^^^^^^^^^^^^^^^^^^^^^^^^^^^^^^\n  File \"/home/runner/.cache/pypoetry/virtualenvs/testcapitalcompyse-CcJ6hTD8-py3.12/lib/python3.12/site-packages/selenium/webdriver/remote/webdriver.py\", line 741, in find_element\n    return self.execute(Command.FIND_ELEMENT, {\"using\": by, \"value\": value})[\"value\"]\n           ^^^^^^^^^^^^^^^^^^^^^^^^^^^^^^^^^^^^^^^^^^^^^^^^^^^^^^^^^^^^^^^^^\n  File \"/home/runner/.cache/pypoetry/virtualenvs/testcapitalcompyse-CcJ6hTD8-py3.12/lib/python3.12/site-packages/selenium/webdriver/remote/webdriver.py\", line 347, in execute\n    self.error_handler.check_response(response)\n  File \"/home/runner/.cache/pypoetry/virtualenvs/testcapitalcompyse-CcJ6hTD8-py3.12/lib/python3.12/site-packages/selenium/webdriver/remote/errorhandler.py\", line 229, in check_response\n    raise exception_class(message, screen, stacktrace)\n","steps":[],"attachments":[],"parameters":[{"name":"d","value":"<selenium.webdriver.chrome.webdriver.WebDriver (session=\"c3166718c47b7151887d37abc766fa5c\")>"},{"name":"cur_link","value":"'https://capital.com/live-share-prices'"},{"name":"selected_filters_text_list","value":"['France', 'United States of America', 'Italy', 'Energy', 'Financials']"}],"shouldDisplayMessage":true,"stepsCount":0,"attachmentsCount":0,"hasContent":true,"attachmentStep":false}],"attachments":[],"parameters":[{"name":"d","value":"<selenium.webdriver.chrome.webdriver.WebDriver (session=\"c3166718c47b7151887d37abc766fa5c\")>"},{"name":"cur_language","value":"''"},{"name":"cur_country","value":"'au'"},{"name":"cur_role","value":"'NoReg'"},{"name":"cur_item_link","value":"'https://capital.com/live-share-prices'"}],"shouldDisplayMessage":false,"stepsCount":1,"attachmentsCount":0,"hasContent":true,"attachmentStep":false}],"attachments":[],"parameters":[{"name":"worker_id","value":"'master'"},{"name":"d","value":"<selenium.webdriver.chrome.webdriver.WebDriver (session=\"c3166718c47b7151887d37abc766fa5c\")>"},{"name":"cur_language","value":"''"},{"name":"cur_country","value":"'au'"},{"name":"cur_role","value":"'NoReg'"},{"name":"cur_login","value":"'test001.miketar+1@gmail.com'"},{"name":"cur_password","value":"'Qwer1234-!@#$'"}],"shouldDisplayMessage":false,"stepsCount":12,"attachmentsCount":0,"hasContent":true,"attachmentStep":false}],"attachments":[{"uid":"aaf4ab70366e7698","name":"Screenshot","source":"aaf4ab70366e7698.png","type":"image/png","size":69477},{"uid":"c9fb018ebed19cd0","name":"stdout","source":"c9fb018ebed19cd0.txt","type":"text/plain","size":4200}],"parameters":[],"shouldDisplayMessage":true,"stepsCount":13,"attachmentsCount":2,"hasContent":true,"attachmentStep":false},"afterStages":[{"name":"d::0","time":{"start":1719948581110,"stop":1719948581259,"duration":149},"status":"passed","steps":[],"attachments":[],"parameters":[],"shouldDisplayMessage":false,"stepsCount":0,"attachmentsCount":0,"hasContent":false,"attachmentStep":false}],"labels":[{"name":"epic","value":"TC_55!039 | Applied filters 'Region/Sectors' are not displayed after selecting an item from the 'Most traded' dropdown in the 'Live shares prices'  widget on the 'Shares' page"},{"name":"feature","value":"Role: NoReg"},{"name":"story","value":"Country: au"},{"name":"tag","value":"test_039"},{"name":"tag","value":"us_55"},{"name":"parentSuite","value":"tests.US_55_ReTestsManual.tassobaccato"},{"name":"suite","value":"US_55-tassobaccato_ReTestsManual_test"},{"name":"subSuite","value":"TestManualDetectedBugs"},{"name":"host","value":"fv-az1536-472"},{"name":"thread","value":"3392-MainThread"},{"name":"framework","value":"pytest"},{"name":"language","value":"cpython3"},{"name":"package","value":"tests.US_55_ReTestsManual.tassobaccato.US_55-tassobaccato_ReTestsManual_test"},{"name":"resultFormat","value":"allure2"}],"parameters":[{"name":"cur_country","value":"'au'"},{"name":"cur_language","value":"''"},{"name":"cur_login","value":"'test001.miketar+1@gmail.com'"},{"name":"cur_password","value":"'Qwer1234-!@#$'"},{"name":"cur_role","value":"'NoReg'"},{"name":"d","value":"'Chrome'"}],"links":[],"hidden":false,"retry":false,"extra":{"severity":"normal","retries":[],"categories":[{"name":"Test defects","matchedStatuses":[],"flaky":false}],"history":{"statistic":{"failed":6,"broken":3,"skipped":0,"passed":0,"unknown":0,"total":9},"items":[{"uid":"7f7eab37ae480c67","reportUrl":"https://AlexTomAQA.github.io/TestCapitalComPySe/32//#testresult/7f7eab37ae480c67","status":"failed","statusDetails":"Failed: Bug â„– ??? 'Markets' menu not present for '' language","time":{"start":1719842740473,"stop":1719842751640,"duration":11167}},{"uid":"85a90858da51ca0a","reportUrl":"https://AlexTomAQA.github.io/TestCapitalComPySe/31//#testresult/85a90858da51ca0a","status":"failed","statusDetails":"Failed: Bug # ???   Problem with capital.com logo","time":{"start":1719760498150,"stop":1719760513346,"duration":15196}},{"uid":"79bab669ba7f2da9","reportUrl":"https://AlexTomAQA.github.io/TestCapitalComPySe/30//#testresult/79bab669ba7f2da9","status":"failed","statusDetails":"Failed: Bug # ???   Problem with capital.com logo","time":{"start":1719682372007,"stop":1719682387016,"duration":15009}},{"uid":"f9fff4932baf618c","reportUrl":"https://AlexTomAQA.github.io/TestCapitalComPySe/29//#testresult/f9fff4932baf618c","status":"broken","statusDetails":"selenium.common.exceptions.StaleElementReferenceException: Message: stale element reference: stale element not found in the current frame\n  (Session info: chrome=126.0.6478.126); For documentation on this error, please visit: https://www.selenium.dev/documentation/webdriver/troubleshooting/errors#stale-element-reference-exception\nStacktrace:\n#0 0x56228b1a4c7a <unknown>\n#1 0x56228ae87e2c <unknown>\n#2 0x56228ae8d539 <unknown>\n#3 0x56228ae8f2e5 <unknown>\n#4 0x56228ae8f36c <unknown>\n#5 0x56228aece822 <unknown>\n#6 0x56228aef75c2 <unknown>\n#7 0x56228aec8ad9 <unknown>\n#8 0x56228aef778e <unknown>\n#9 0x56228af16303 <unknown>\n#10 0x56228aef7363 <unknown>\n#11 0x56228aec7247 <unknown>\n#12 0x56228aec7b9e <unknown>\n#13 0x56228b16b24b <unknown>\n#14 0x56228b16f2f1 <unknown>\n#15 0x56228b156afe <unknown>\n#16 0x56228b16fe52 <unknown>\n#17 0x56228b13b79f <unknown>\n#18 0x56228b194638 <unknown>\n#19 0x56228b194810 <unknown>\n#20 0x56228b1a3dac <unknown>\n#21 0x7f000aa94ac3 <unknown>","time":{"start":1719648138894,"stop":1719648156320,"duration":17426}},{"uid":"9a859f6bf16f6905","reportUrl":"https://AlexTomAQA.github.io/TestCapitalComPySe/27//#testresult/9a859f6bf16f6905","status":"failed","statusDetails":"AssertionError: Bug#039. Expected result: applied filters \"Region/Sectors\" are displayed ['Singapore', 'Spain', 'United States of America', 'Cyclical Consumer Goods & Services', 'Financials']\nActual result: applied filters \"Region/Sectors\" are not displayed after selecting an item from the \"Most traded\" dropdown ['Singapore', 'Spain', 'United States of America', 'Cyclical Consumer Goods & Services']","time":{"start":1719509616455,"stop":1719509639044,"duration":22589}},{"uid":"83315768a1ece007","reportUrl":"https://AlexTomAQA.github.io/TestCapitalComPySe/26//#testresult/83315768a1ece007","status":"failed","statusDetails":"AssertionError: Bug#039. Expected result: applied filters \"Region/Sectors\" are displayed ['Belgium', 'Germany', 'Norway', 'Financials']\nActual result: applied filters \"Region/Sectors\" are not displayed after selecting an item from the \"Most traded\" dropdown ['Belgium', 'Germany', 'Norway', 'Financials', 'Technology']","time":{"start":1719500783988,"stop":1719500808597,"duration":24609}},{"uid":"2c9802088e258ca0","reportUrl":"https://AlexTomAQA.github.io/TestCapitalComPySe/25//#testresult/2c9802088e258ca0","status":"failed","statusDetails":"AssertionError: Bug#039. Expected result: applied filters \"Region/Sectors\" are displayed ['France', 'Norway', 'Spain', 'Non-Cyclical Consumer Goods & Services', 'Telecommunications Services']\nActual result: applied filters \"Region/Sectors\" are not displayed after selecting an item from the \"Most traded\" dropdown ['France', 'Norway', 'Spain', 'Non-Cyclical Consumer Goods & Services']","time":{"start":1719389287461,"stop":1719389313365,"duration":25904}},{"uid":"b80c84ecc153ecb0","reportUrl":"https://AlexTomAQA.github.io/TestCapitalComPySe/24//#testresult/b80c84ecc153ecb0","status":"broken","statusDetails":"selenium.common.exceptions.StaleElementReferenceException: Message: stale element reference: stale element not found\n  (Session info: chrome=126.0.6478.61); For documentation on this error, please visit: https://www.selenium.dev/documentation/webdriver/troubleshooting/errors#stale-element-reference-exception\nStacktrace:\n#0 0x55e0603dfc7a <unknown>\n#1 0x55e0600c2e2c <unknown>\n#2 0x55e0600d3504 <unknown>\n#3 0x55e0600d3e6a <unknown>\n#4 0x55e0600c8f25 <unknown>\n#5 0x55e0600c7259 <unknown>\n#6 0x55e0600ca2e5 <unknown>\n#7 0x55e0600ca36c <unknown>\n#8 0x55e06011592e <unknown>\n#9 0x55e060114d06 <unknown>\n#10 0x55e060159fb2 <unknown>\n#11 0x55e0601325c2 <unknown>\n#12 0x55e060151303 <unknown>\n#13 0x55e060132363 <unknown>\n#14 0x55e060102247 <unknown>\n#15 0x55e060102b9e <unknown>\n#16 0x55e0603a624b <unknown>\n#17 0x55e0603aa2f1 <unknown>\n#18 0x55e060391afe <unknown>\n#19 0x55e0603aae52 <unknown>\n#20 0x55e06037679f <unknown>\n#21 0x55e0603cf638 <unknown>\n#22 0x55e0603cf810 <unknown>\n#23 0x55e0603dedac <unknown>\n#24 0x7f1d93094ac3 <unknown>","time":{"start":1719318902239,"stop":1719318918598,"duration":16359}}]},"tags":["test_039","us_55"]},"source":"407e64af0a1d8c3b.json","parameterValues":["'au'","''","'test001.miketar+1@gmail.com'","'Qwer1234-!@#$'","'NoReg'","'Chrome'"]}