2024-07-15 13:24:08 ERROR Elements not present after 0.5 seconds on page: https://capital.com/it/search
2024-07-15 13:24:08 ERROR 
Traceback (most recent call last):
  File "/home/runner/work/TestCapitalComPySe/TestCapitalComPySe/pages/base_page.py", line 86, in inner_function
    return func(*args, **kwargs)
           ^^^^^^^^^^^^^^^^^^^^^
  File "/home/runner/work/TestCapitalComPySe/TestCapitalComPySe/pages/base_page.py", line 305, in element_is_visible
    return Wait(self.driver, timeout).until(
           ^^^^^^^^^^^^^^^^^^^^^^^^^^^^^^^^^
  File "/home/runner/.cache/pypoetry/virtualenvs/testcapitalcompyse-CcJ6hTD8-py3.12/lib/python3.12/site-packages/selenium/webdriver/support/wait.py", line 105, in until
    raise TimeoutException(message, screen, stacktrace)
selenium.common.exceptions.TimeoutException: Message: 
Stacktrace:
#0 0x55a621af8c7a <unknown>
#1 0x55a6217dbe2c <unknown>
#2 0x55a621828661 <unknown>
#3 0x55a621828751 <unknown>
#4 0x55a62186cf64 <unknown>
#5 0x55a62184b5ed <unknown>
#6 0x55a62186a303 <unknown>
#7 0x55a62184b363 <unknown>
#8 0x55a62181b247 <unknown>
#9 0x55a62181bb9e <unknown>
#10 0x55a621abf24b <unknown>
#11 0x55a621ac32f1 <unknown>
#12 0x55a621aaaafe <unknown>
#13 0x55a621ac3e52 <unknown>
#14 0x55a621a8f79f <unknown>
#15 0x55a621ae8638 <unknown>
#16 0x55a621ae8810 <unknown>
#17 0x55a621af7dac <unknown>
#18 0x7ff444294ac3 <unknown>