{"uid":"f638652dc0ceb0c5","name":"TC_00.00_013 | Start test of button [Try now] in 'Explore our platform' block. Bid:00.00_013-it.de.NoAuth","fullName":"tests.US_00_Main_page.US_00-00_Main_page.us_00-00_main_page_test.TestMainPage#test_013_explore_our_platform_block_try_now_button","historyId":"151bd2ef1d0e6fabd363d967dca5e484","time":{"start":1718906220300,"stop":1718906241957,"duration":21657},"description":"\n        Check: Button [Try now] in 'Explore our platform' block\n        Language: Not EN, NL. License: Not FCA.\n        ","descriptionHtml":"<pre><code>    Check: Button [Try now] in 'Explore our platform' block\n    Language: Not EN, NL. License: Not FCA.\n</code></pre>\n","status":"failed","statusMessage":"AssertionError: Bug # 05. Opened a 'Sign up' form instead of a 'Login'","statusTrace":"self = <us_00-00_main_page_test.TestMainPage object at 0x000001FFAA9D0410>\nworker_id = 'master'\nd = <selenium.webdriver.chrome.webdriver.WebDriver (session=\"3baea9f27b69c6a9aed49fd1e73d807f\")>\ncur_language = 'it', cur_country = 'de', cur_role = 'NoAuth'\ncur_login = 'test001.miketar+1@gmail.com', cur_password = 'Qwer1234-!@#$'\n\n    @allure.step(\"Start test of button [Try now] in 'Explore our platform' block\")\n    @pytest.mark.test_013\n    def test_013_explore_our_platform_block_try_now_button(\n            self, worker_id, d, cur_language, cur_country, cur_role, cur_login, cur_password):\n        \"\"\"\n        Check: Button [Try now] in 'Explore our platform' block\n        Language: Not EN, NL. License: Not FCA.\n        \"\"\"\n    \n        bid = build_dynamic_arg_v4(\n            d, worker_id, cur_language, cur_country, cur_role,\n            \"00\", \"Main Page\",\n            \".00_013\", \"Start test of button [Try now] in 'Explore our platform' block\",\n            False, False\n        )\n    \n        Common().check_language_in_list_and_skip_if_present(cur_language, ['', 'nl'])\n        Common().check_country_in_list_and_skip_if_not_present(cur_country, ['de', 'au', 'ae'])\n    \n        page_conditions = Conditions(d, \"\")\n        main_page_link = page_conditions.preconditions(\n            d, CapitalComPageSrc.URL, \"\", cur_language, cur_country, cur_role, cur_login, cur_password)\n    \n        test_element = ExploreOurPlatformBlockTryNowButton(d, main_page_link, bid)\n>       test_element.full_test_with_tpi(d, cur_language, cur_country, cur_role, main_page_link)\n\ntests\\US_00_Main_page\\US_00-00_Main_page\\us_00-00_main_page_test.py:609: \n_ _ _ _ _ _ _ _ _ _ _ _ _ _ _ _ _ _ _ _ _ _ _ _ _ _ _ _ _ _ _ _ _ _ _ _ _ _ _ _\npages\\Elements\\ExploreOurPlatformBlockTryNowButton.py:42: in full_test_with_tpi\n    test_element.assert_login(d, cur_language, cur_item_link)\npages\\Elements\\AssertClass.py:95: in assert_login\n    Common().assert_true_false(False,\n_ _ _ _ _ _ _ _ _ _ _ _ _ _ _ _ _ _ _ _ _ _ _ _ _ _ _ _ _ _ _ _ _ _ _ _ _ _ _ _\n\ncondition = False\nmsg = \"Bug # 05. Opened a 'Sign up' form instead of a 'Login'\"\n\n    @staticmethod\n    def assert_true_false(condition=False, msg=\"\"):\n    \tif condition:\n    \t\tCommon.flag_of_bug = False\n    \t\tassert True, msg\n    \telse:\n    \t\tCommon.flag_of_bug = True\n>   \t\tassert False, msg\nE     AssertionError: Bug # 05. Opened a 'Sign up' form instead of a 'Login'\n\npages\\common.py:213: AssertionError","flaky":false,"newFailed":false,"newBroken":false,"newPassed":false,"retriesCount":0,"retriesStatusChange":false,"beforeStages":[{"name":"d","time":{"start":1718905637679,"stop":1718905711291,"duration":73612},"status":"passed","steps":[],"attachments":[],"parameters":[],"shouldDisplayMessage":false,"stepsCount":0,"attachmentsCount":0,"hasContent":false,"attachmentStep":false},{"name":"cur_language","time":{"start":1718905711292,"stop":1718905711292,"duration":0},"status":"passed","steps":[],"attachments":[],"parameters":[],"shouldDisplayMessage":false,"stepsCount":0,"attachmentsCount":0,"hasContent":false,"attachmentStep":false},{"name":"cur_country","time":{"start":1718905711292,"stop":1718905711292,"duration":0},"status":"passed","steps":[],"attachments":[],"parameters":[],"shouldDisplayMessage":false,"stepsCount":0,"attachmentsCount":0,"hasContent":false,"attachmentStep":false},{"name":"cur_password","time":{"start":1718905711292,"stop":1718905711292,"duration":0},"status":"passed","steps":[],"attachments":[],"parameters":[],"shouldDisplayMessage":false,"stepsCount":0,"attachmentsCount":0,"hasContent":false,"attachmentStep":false},{"name":"cur_login","time":{"start":1718905711292,"stop":1718905711292,"duration":0},"status":"passed","steps":[],"attachments":[],"parameters":[],"shouldDisplayMessage":false,"stepsCount":0,"attachmentsCount":0,"hasContent":false,"attachmentStep":false},{"name":"worker_id","time":{"start":1718905711292,"stop":1718905711292,"duration":0},"status":"passed","steps":[],"attachments":[],"parameters":[],"shouldDisplayMessage":false,"stepsCount":0,"attachmentsCount":0,"hasContent":false,"attachmentStep":false},{"name":"cur_role","time":{"start":1718906060987,"stop":1718906060987,"duration":0},"status":"passed","steps":[],"attachments":[],"parameters":[],"shouldDisplayMessage":false,"stepsCount":0,"attachmentsCount":0,"hasContent":false,"attachmentStep":false}],"testStage":{"description":"\n        Check: Button [Try now] in 'Explore our platform' block\n        Language: Not EN, NL. License: Not FCA.\n        ","status":"failed","statusMessage":"AssertionError: Bug # 05. Opened a 'Sign up' form instead of a 'Login'","statusTrace":"self = <us_00-00_main_page_test.TestMainPage object at 0x000001FFAA9D0410>\nworker_id = 'master'\nd = <selenium.webdriver.chrome.webdriver.WebDriver (session=\"3baea9f27b69c6a9aed49fd1e73d807f\")>\ncur_language = 'it', cur_country = 'de', cur_role = 'NoAuth'\ncur_login = 'test001.miketar+1@gmail.com', cur_password = 'Qwer1234-!@#$'\n\n    @allure.step(\"Start test of button [Try now] in 'Explore our platform' block\")\n    @pytest.mark.test_013\n    def test_013_explore_our_platform_block_try_now_button(\n            self, worker_id, d, cur_language, cur_country, cur_role, cur_login, cur_password):\n        \"\"\"\n        Check: Button [Try now] in 'Explore our platform' block\n        Language: Not EN, NL. License: Not FCA.\n        \"\"\"\n    \n        bid = build_dynamic_arg_v4(\n            d, worker_id, cur_language, cur_country, cur_role,\n            \"00\", \"Main Page\",\n            \".00_013\", \"Start test of button [Try now] in 'Explore our platform' block\",\n            False, False\n        )\n    \n        Common().check_language_in_list_and_skip_if_present(cur_language, ['', 'nl'])\n        Common().check_country_in_list_and_skip_if_not_present(cur_country, ['de', 'au', 'ae'])\n    \n        page_conditions = Conditions(d, \"\")\n        main_page_link = page_conditions.preconditions(\n            d, CapitalComPageSrc.URL, \"\", cur_language, cur_country, cur_role, cur_login, cur_password)\n    \n        test_element = ExploreOurPlatformBlockTryNowButton(d, main_page_link, bid)\n>       test_element.full_test_with_tpi(d, cur_language, cur_country, cur_role, main_page_link)\n\ntests\\US_00_Main_page\\US_00-00_Main_page\\us_00-00_main_page_test.py:609: \n_ _ _ _ _ _ _ _ _ _ _ _ _ _ _ _ _ _ _ _ _ _ _ _ _ _ _ _ _ _ _ _ _ _ _ _ _ _ _ _\npages\\Elements\\ExploreOurPlatformBlockTryNowButton.py:42: in full_test_with_tpi\n    test_element.assert_login(d, cur_language, cur_item_link)\npages\\Elements\\AssertClass.py:95: in assert_login\n    Common().assert_true_false(False,\n_ _ _ _ _ _ _ _ _ _ _ _ _ _ _ _ _ _ _ _ _ _ _ _ _ _ _ _ _ _ _ _ _ _ _ _ _ _ _ _\n\ncondition = False\nmsg = \"Bug # 05. Opened a 'Sign up' form instead of a 'Login'\"\n\n    @staticmethod\n    def assert_true_false(condition=False, msg=\"\"):\n    \tif condition:\n    \t\tCommon.flag_of_bug = False\n    \t\tassert True, msg\n    \telse:\n    \t\tCommon.flag_of_bug = True\n>   \t\tassert False, msg\nE     AssertionError: Bug # 05. Opened a 'Sign up' form instead of a 'Login'\n\npages\\common.py:213: AssertionError","steps":[{"name":"Start test of button [Try now] in 'Explore our platform' block","time":{"start":1718906220300,"stop":1718906241956,"duration":21656},"status":"failed","statusMessage":"AssertionError: Bug # 05. Opened a 'Sign up' form instead of a 'Login'\n","statusTrace":"  File \"C:\\Users\\runneradmin\\AppData\\Local\\pypoetry\\Cache\\virtualenvs\\testcapitalcompyse-ahTg7XpD-py3.12\\Lib\\site-packages\\allure_commons\\_allure.py\", line 192, in impl\n    return func(*a, **kw)\n           ^^^^^^^^^^^^^^\n  File \"D:\\a\\TestCapitalComPySe\\TestCapitalComPySe\\tests\\US_00_Main_page\\US_00-00_Main_page\\us_00-00_main_page_test.py\", line 609, in test_013_explore_our_platform_block_try_now_button\n    test_element.full_test_with_tpi(d, cur_language, cur_country, cur_role, main_page_link)\n  File \"C:\\Users\\runneradmin\\AppData\\Local\\pypoetry\\Cache\\virtualenvs\\testcapitalcompyse-ahTg7XpD-py3.12\\Lib\\site-packages\\allure_commons\\_allure.py\", line 192, in impl\n    return func(*a, **kw)\n           ^^^^^^^^^^^^^^\n  File \"D:\\a\\TestCapitalComPySe\\TestCapitalComPySe\\pages\\Elements\\ExploreOurPlatformBlockTryNowButton.py\", line 42, in full_test_with_tpi\n    test_element.assert_login(d, cur_language, cur_item_link)\n  File \"C:\\Users\\runneradmin\\AppData\\Local\\pypoetry\\Cache\\virtualenvs\\testcapitalcompyse-ahTg7XpD-py3.12\\Lib\\site-packages\\allure_commons\\_allure.py\", line 192, in impl\n    return func(*a, **kw)\n           ^^^^^^^^^^^^^^\n  File \"D:\\a\\TestCapitalComPySe\\TestCapitalComPySe\\pages\\Elements\\AssertClass.py\", line 95, in assert_login\n    Common().assert_true_false(False,\n  File \"D:\\a\\TestCapitalComPySe\\TestCapitalComPySe\\pages\\common.py\", line 213, in assert_true_false\n    assert False, msg\n           ^^^^^\n","steps":[{"name":"Preconditions","time":{"start":1718906220302,"stop":1718906224457,"duration":4155},"status":"passed","steps":[{"name":"2024-06-20 17:47:17.632279   Start Checking Captcha","time":{"start":1718906220326,"stop":1718906221381,"duration":1055},"status":"passed","steps":[],"attachments":[],"parameters":[],"shouldDisplayMessage":false,"stepsCount":0,"attachmentsCount":0,"hasContent":false,"attachmentStep":false},{"name":"2024-06-20 17:47:17.632279   Start Checking Captcha","time":{"start":1718906221382,"stop":1718906222397,"duration":1015},"status":"passed","steps":[],"attachments":[],"parameters":[],"shouldDisplayMessage":false,"stepsCount":0,"attachmentsCount":0,"hasContent":false,"attachmentStep":false},{"name":"2024-06-20 17:47:17.632279   Start Checking Captcha","time":{"start":1718906222397,"stop":1718906223400,"duration":1003},"status":"passed","steps":[],"attachments":[],"parameters":[],"shouldDisplayMessage":false,"stepsCount":0,"attachmentsCount":0,"hasContent":false,"attachmentStep":false},{"name":"2024-06-20 17:47:17.632279   Start Checking Captcha","time":{"start":1718906223400,"stop":1718906224452,"duration":1052},"status":"passed","steps":[],"attachments":[],"parameters":[],"shouldDisplayMessage":false,"stepsCount":0,"attachmentsCount":0,"hasContent":false,"attachmentStep":false}],"attachments":[],"parameters":[{"name":"d","value":"<selenium.webdriver.chrome.webdriver.WebDriver (session=\"3baea9f27b69c6a9aed49fd1e73d807f\")>"},{"name":"host","value":"'https://capital.com/'"},{"name":"end_point","value":"''"},{"name":"cur_language","value":"'it'"},{"name":"cur_country","value":"'de'"},{"name":"cur_role","value":"'NoAuth'"},{"name":"cur_login","value":"'test001.miketar+1@gmail.com'"},{"name":"cur_password","value":"'Qwer1234-!@#$'"}],"shouldDisplayMessage":false,"stepsCount":4,"attachmentsCount":0,"hasContent":true,"attachmentStep":false},{"name":"2024-06-20 17:47:17.537739   Start Full test for [Try now] button in \"Explore our platform\" block","time":{"start":1718906224457,"stop":1718906241956,"duration":17499},"status":"failed","statusMessage":"AssertionError: Bug # 05. Opened a 'Sign up' form instead of a 'Login'\n","statusTrace":"  File \"C:\\Users\\runneradmin\\AppData\\Local\\pypoetry\\Cache\\virtualenvs\\testcapitalcompyse-ahTg7XpD-py3.12\\Lib\\site-packages\\allure_commons\\_allure.py\", line 192, in impl\n    return func(*a, **kw)\n           ^^^^^^^^^^^^^^\n  File \"D:\\a\\TestCapitalComPySe\\TestCapitalComPySe\\pages\\Elements\\ExploreOurPlatformBlockTryNowButton.py\", line 42, in full_test_with_tpi\n    test_element.assert_login(d, cur_language, cur_item_link)\n  File \"C:\\Users\\runneradmin\\AppData\\Local\\pypoetry\\Cache\\virtualenvs\\testcapitalcompyse-ahTg7XpD-py3.12\\Lib\\site-packages\\allure_commons\\_allure.py\", line 192, in impl\n    return func(*a, **kw)\n           ^^^^^^^^^^^^^^\n  File \"D:\\a\\TestCapitalComPySe\\TestCapitalComPySe\\pages\\Elements\\AssertClass.py\", line 95, in assert_login\n    Common().assert_true_false(False,\n  File \"D:\\a\\TestCapitalComPySe\\TestCapitalComPySe\\pages\\common.py\", line 213, in assert_true_false\n    assert False, msg\n           ^^^^^\n","steps":[{"name":"Click button [Try now] on \"Explore our platform\" block","time":{"start":1718906224554,"stop":1718906225679,"duration":1125},"status":"passed","steps":[],"attachments":[],"parameters":[{"name":"d","value":"<selenium.webdriver.chrome.webdriver.WebDriver (session=\"3baea9f27b69c6a9aed49fd1e73d807f\")>"}],"shouldDisplayMessage":false,"stepsCount":0,"attachmentsCount":0,"hasContent":true,"attachmentStep":false},{"name":"Checking that \"Login\" form or page opened","time":{"start":1718906225679,"stop":1718906241955,"duration":16276},"status":"failed","statusMessage":"AssertionError: Bug # 05. Opened a 'Sign up' form instead of a 'Login'\n","statusTrace":"  File \"C:\\Users\\runneradmin\\AppData\\Local\\pypoetry\\Cache\\virtualenvs\\testcapitalcompyse-ahTg7XpD-py3.12\\Lib\\site-packages\\allure_commons\\_allure.py\", line 192, in impl\n    return func(*a, **kw)\n           ^^^^^^^^^^^^^^\n  File \"D:\\a\\TestCapitalComPySe\\TestCapitalComPySe\\pages\\Elements\\AssertClass.py\", line 95, in assert_login\n    Common().assert_true_false(False,\n  File \"D:\\a\\TestCapitalComPySe\\TestCapitalComPySe\\pages\\common.py\", line 213, in assert_true_false\n    assert False, msg\n           ^^^^^\n","steps":[{"name":"Check that form [Login] is opened","time":{"start":1718906225679,"stop":1718906231880,"duration":6201},"status":"passed","steps":[],"attachments":[],"parameters":[],"shouldDisplayMessage":false,"stepsCount":0,"attachmentsCount":0,"hasContent":false,"attachmentStep":false},{"name":"Check that new form [Login] is opened","time":{"start":1718906231880,"stop":1718906234897,"duration":3017},"status":"passed","steps":[],"attachments":[],"parameters":[],"shouldDisplayMessage":false,"stepsCount":0,"attachmentsCount":0,"hasContent":false,"attachmentStep":false},{"name":"Check that page [Login] is opened","time":{"start":1718906234897,"stop":1718906234900,"duration":3},"status":"passed","steps":[],"attachments":[],"parameters":[],"shouldDisplayMessage":false,"stepsCount":0,"attachmentsCount":0,"hasContent":false,"attachmentStep":false},{"name":"Check that [Login] form on trading platform page opened","time":{"start":1718906234900,"stop":1718906237940,"duration":3040},"status":"passed","steps":[],"attachments":[],"parameters":[{"name":"cur_language","value":"'it'"}],"shouldDisplayMessage":false,"stepsCount":0,"attachmentsCount":0,"hasContent":true,"attachmentStep":false},{"name":"Check that \"Sign up\" form opened","time":{"start":1718906237940,"stop":1718906238009,"duration":69},"status":"passed","steps":[],"attachments":[],"parameters":[{"name":"cur_language","value":"'it'"}],"shouldDisplayMessage":false,"stepsCount":0,"attachmentsCount":0,"hasContent":true,"attachmentStep":false},{"name":"Fixing one row check results into Google Sheet Bugs Report","time":{"start":1718906238602,"stop":1718906238824,"duration":222},"status":"passed","steps":[],"attachments":[],"parameters":[{"name":"cell","value":"'B1'"},{"name":"values","value":"[['Busy']]"}],"shouldDisplayMessage":false,"stepsCount":0,"attachmentsCount":0,"hasContent":true,"attachmentStep":false},{"name":"Fixing one row check results into Google Sheet Bugs Report","time":{"start":1718906241298,"stop":1718906241506,"duration":208},"status":"passed","steps":[],"attachments":[],"parameters":[{"name":"cell","value":"'P1115'"},{"name":"values","value":"[[\"'05\"]]"}],"shouldDisplayMessage":false,"stepsCount":0,"attachmentsCount":0,"hasContent":true,"attachmentStep":false},{"name":"Fixing one row check results into Google Sheet Bugs Report","time":{"start":1718906241506,"stop":1718906241730,"duration":224},"status":"passed","steps":[],"attachments":[],"parameters":[{"name":"cell","value":"'U1115'"},{"name":"values","value":"[['20/06/2024 17:57:21']]"}],"shouldDisplayMessage":false,"stepsCount":0,"attachmentsCount":0,"hasContent":true,"attachmentStep":false},{"name":"Fixing one row check results into Google Sheet Bugs Report","time":{"start":1718906241730,"stop":1718906241954,"duration":224},"status":"passed","steps":[],"attachments":[],"parameters":[{"name":"cell","value":"'B1'"},{"name":"values","value":"[['Bugs Report']]"}],"shouldDisplayMessage":false,"stepsCount":0,"attachmentsCount":0,"hasContent":true,"attachmentStep":false}],"attachments":[],"parameters":[{"name":"d","value":"<selenium.webdriver.chrome.webdriver.WebDriver (session=\"3baea9f27b69c6a9aed49fd1e73d807f\")>"},{"name":"cur_language","value":"'it'"},{"name":"cur_link","value":"'https://capital.com/it'"}],"shouldDisplayMessage":true,"stepsCount":9,"attachmentsCount":0,"hasContent":true,"attachmentStep":false}],"attachments":[],"parameters":[{"name":"d","value":"<selenium.webdriver.chrome.webdriver.WebDriver (session=\"3baea9f27b69c6a9aed49fd1e73d807f\")>"},{"name":"cur_language","value":"'it'"},{"name":"cur_country","value":"'de'"},{"name":"cur_role","value":"'NoAuth'"},{"name":"cur_item_link","value":"'https://capital.com/it'"}],"shouldDisplayMessage":false,"stepsCount":11,"attachmentsCount":0,"hasContent":true,"attachmentStep":false}],"attachments":[],"parameters":[{"name":"worker_id","value":"'master'"},{"name":"d","value":"<selenium.webdriver.chrome.webdriver.WebDriver (session=\"3baea9f27b69c6a9aed49fd1e73d807f\")>"},{"name":"cur_language","value":"'it'"},{"name":"cur_country","value":"'de'"},{"name":"cur_role","value":"'NoAuth'"},{"name":"cur_login","value":"'test001.miketar+1@gmail.com'"},{"name":"cur_password","value":"'Qwer1234-!@#$'"}],"shouldDisplayMessage":false,"stepsCount":17,"attachmentsCount":0,"hasContent":true,"attachmentStep":false}],"attachments":[{"uid":"464f73dc0a5ae1cb","name":"Screenshot","source":"464f73dc0a5ae1cb.png","type":"image/png","size":115701},{"uid":"eb853301c73158fe","name":"log","source":"eb853301c73158fe.txt","type":"text/plain","size":4498},{"uid":"1ec8c4831b8ad09f","name":"stdout","source":"1ec8c4831b8ad09f.txt","type":"text/plain","size":4852}],"parameters":[],"shouldDisplayMessage":true,"stepsCount":18,"attachmentsCount":3,"hasContent":true,"attachmentStep":false},"afterStages":[{"name":"d::0","time":{"start":1718906286248,"stop":1718906288646,"duration":2398},"status":"passed","steps":[],"attachments":[],"parameters":[],"shouldDisplayMessage":false,"stepsCount":0,"attachmentsCount":0,"hasContent":false,"attachmentStep":false}],"labels":[{"name":"epic","value":"US_00 | Main Page"},{"name":"feature","value":"Language: it"},{"name":"story","value":"Country: de / Role: NoAuth"},{"name":"tag","value":"test_013"},{"name":"tag","value":"us_00_00"},{"name":"parentSuite","value":"tests.US_00_Main_page.US_00-00_Main_page"},{"name":"suite","value":"us_00-00_main_page_test"},{"name":"subSuite","value":"TestMainPage"},{"name":"host","value":"fv-az1212-113"},{"name":"thread","value":"7160-MainThread"},{"name":"framework","value":"pytest"},{"name":"language","value":"cpython3"},{"name":"package","value":"tests.US_00_Main_page.US_00-00_Main_page.us_00-00_main_page_test"},{"name":"resultFormat","value":"allure2"}],"parameters":[{"name":"cur_country","value":"'de'"},{"name":"cur_language","value":"'it'"},{"name":"cur_login","value":"'test001.miketar+1@gmail.com'"},{"name":"cur_password","value":"'Qwer1234-!@#$'"},{"name":"cur_role","value":"'NoAuth'"},{"name":"d","value":"'Chrome'"}],"links":[],"hidden":false,"retry":false,"extra":{"severity":"normal","retries":[],"categories":[{"name":"Product defects","matchedStatuses":[],"flaky":false}],"tags":["us_00_00","test_013"]},"source":"f638652dc0ceb0c5.json","parameterValues":["'de'","'it'","'test001.miketar+1@gmail.com'","'Qwer1234-!@#$'","'NoAuth'","'Chrome'"]}