{"uid":"6c22f471e4c3fafa","name":"TC_00.00_009 | Start test of button [Get it on Google Play] in 'Our Apps' block. Bid:00.00_009-fr.de.Auth","fullName":"tests.US_00_Main_page.US_00-00_Main_page.us_00-00_main_page_test.TestMainPage#test_009_get_it_on_google_play_button_in_our_apps_block","historyId":"f08713cc599f2207a325f794b8a7cc45","time":{"start":1718813315258,"stop":1718813322201,"duration":6943},"description":"\n        Check: Button [Get it on Google Play] in 'Our Apps' block\n        Language: ALL. License: Not FCA.\n        ","descriptionHtml":"<pre><code>    Check: Button [Get it on Google Play] in 'Our Apps' block\n    Language: ALL. License: Not FCA.\n</code></pre>\n","status":"failed","statusMessage":"AssertionError","statusTrace":"self = <us_00-00_main_page_test.TestMainPage object at 0x000001DD1C4CE750>\nworker_id = 'master'\nd = <selenium.webdriver.chrome.webdriver.WebDriver (session=\"107254f42b360b0816e8bed83ead4561\")>\ncur_language = 'fr', cur_country = 'de', cur_role = 'Auth'\ncur_login = 'test001.miketar+1@gmail.com', cur_password = 'Qwer1234-!@#$'\n\n    @allure.step(\"Start test of button [Get it on Google Play] in 'Our Apps' block\")\n    @pytest.mark.test_009\n    def test_009_get_it_on_google_play_button_in_our_apps_block(\n            self, worker_id, d, cur_language, cur_country, cur_role, cur_login, cur_password):\n        \"\"\"\n        Check: Button [Get it on Google Play] in 'Our Apps' block\n        Language: ALL. License: Not FCA.\n        \"\"\"\n    \n        bid = build_dynamic_arg_v4(\n            d, worker_id, cur_language, cur_country, cur_role,\n            \"00\", \"Main Page\",\n            \".00_009\",\n            \"Start test of button [Get it on Google Play] in 'Our Apps' block\",\n            False, False\n        )\n    \n        Common().check_country_in_list_and_skip_if_not_present(\n            cur_country,\n            ['de', 'au', 'ae']\n        )\n    \n        page_conditions = Conditions(d, \"\")\n        main_page_link = page_conditions.preconditions(\n            d, CapitalComPageSrc.URL, \"\", cur_language, cur_country, cur_role, cur_login, cur_password)\n    \n        test_element = OurAppsBlockGetItOnGooglePlayButton(d, main_page_link, bid)\n>       test_element.full_test(d, cur_language, cur_country, cur_role, main_page_link)\n\ntests\\US_00_Main_page\\US_00-00_Main_page\\us_00-00_main_page_test.py:506: \n_ _ _ _ _ _ _ _ _ _ _ _ _ _ _ _ _ _ _ _ _ _ _ _ _ _ _ _ _ _ _ _ _ _ _ _ _ _ _ _\npages\\Elements\\OurAppsBlockGetItOnGooglePlayButton.py:38: in full_test\n    test_element.assert_google_play(d, cur_item_link)\npages\\Elements\\AssertClass.py:209: in assert_google_play\n    self.page_google_play.should_be_google_play_page(cur_link)\npages\\GooglePlay\\google_play.py:30: in should_be_google_play_page\n    self.should_be_google_play_app_title(data[\"APP_TITLE\"])\n_ _ _ _ _ _ _ _ _ _ _ _ _ _ _ _ _ _ _ _ _ _ _ _ _ _ _ _ _ _ _ _ _ _ _ _ _ _ _ _\n\nself = <pages.GooglePlay.google_play.GooglePlay object at 0x000001DD20ECA720>\napp_title = 'Trading app by Capital.com'\n\n    @allure.step(\"Checking that the Google Play app title\")\n    def should_be_google_play_app_title(self, app_title):\n        \"\"\"Check if the app title\"\"\"\n        print(f\"{datetime.now()}   Checking that the Google Play app title\")\n>       assert self.get_text(0, *GooglePlayLocators.APP_TITLE) == app_title\nE       AssertionError\n\npages\\GooglePlay\\google_play.py:47: AssertionError","flaky":false,"newFailed":false,"newBroken":false,"newPassed":false,"retriesCount":0,"retriesStatusChange":false,"beforeStages":[{"name":"d","time":{"start":1718813020414,"stop":1718813061581,"duration":41167},"status":"passed","steps":[],"attachments":[],"parameters":[],"shouldDisplayMessage":false,"stepsCount":0,"attachmentsCount":0,"hasContent":false,"attachmentStep":false},{"name":"cur_country","time":{"start":1718813061581,"stop":1718813061581,"duration":0},"status":"passed","steps":[],"attachments":[],"parameters":[],"shouldDisplayMessage":false,"stepsCount":0,"attachmentsCount":0,"hasContent":false,"attachmentStep":false},{"name":"cur_language","time":{"start":1718813061581,"stop":1718813061581,"duration":0},"status":"passed","steps":[],"attachments":[],"parameters":[],"shouldDisplayMessage":false,"stepsCount":0,"attachmentsCount":0,"hasContent":false,"attachmentStep":false},{"name":"worker_id","time":{"start":1718813061581,"stop":1718813061581,"duration":0},"status":"passed","steps":[],"attachments":[],"parameters":[],"shouldDisplayMessage":false,"stepsCount":0,"attachmentsCount":0,"hasContent":false,"attachmentStep":false},{"name":"cur_password","time":{"start":1718813061581,"stop":1718813061581,"duration":0},"status":"passed","steps":[],"attachments":[],"parameters":[],"shouldDisplayMessage":false,"stepsCount":0,"attachmentsCount":0,"hasContent":false,"attachmentStep":false},{"name":"cur_login","time":{"start":1718813061581,"stop":1718813061581,"duration":0},"status":"passed","steps":[],"attachments":[],"parameters":[],"shouldDisplayMessage":false,"stepsCount":0,"attachmentsCount":0,"hasContent":false,"attachmentStep":false},{"name":"cur_role","time":{"start":1718813217019,"stop":1718813217019,"duration":0},"status":"passed","steps":[],"attachments":[],"parameters":[],"shouldDisplayMessage":false,"stepsCount":0,"attachmentsCount":0,"hasContent":false,"attachmentStep":false}],"testStage":{"description":"\n        Check: Button [Get it on Google Play] in 'Our Apps' block\n        Language: ALL. License: Not FCA.\n        ","status":"failed","statusMessage":"AssertionError","statusTrace":"self = <us_00-00_main_page_test.TestMainPage object at 0x000001DD1C4CE750>\nworker_id = 'master'\nd = <selenium.webdriver.chrome.webdriver.WebDriver (session=\"107254f42b360b0816e8bed83ead4561\")>\ncur_language = 'fr', cur_country = 'de', cur_role = 'Auth'\ncur_login = 'test001.miketar+1@gmail.com', cur_password = 'Qwer1234-!@#$'\n\n    @allure.step(\"Start test of button [Get it on Google Play] in 'Our Apps' block\")\n    @pytest.mark.test_009\n    def test_009_get_it_on_google_play_button_in_our_apps_block(\n            self, worker_id, d, cur_language, cur_country, cur_role, cur_login, cur_password):\n        \"\"\"\n        Check: Button [Get it on Google Play] in 'Our Apps' block\n        Language: ALL. License: Not FCA.\n        \"\"\"\n    \n        bid = build_dynamic_arg_v4(\n            d, worker_id, cur_language, cur_country, cur_role,\n            \"00\", \"Main Page\",\n            \".00_009\",\n            \"Start test of button [Get it on Google Play] in 'Our Apps' block\",\n            False, False\n        )\n    \n        Common().check_country_in_list_and_skip_if_not_present(\n            cur_country,\n            ['de', 'au', 'ae']\n        )\n    \n        page_conditions = Conditions(d, \"\")\n        main_page_link = page_conditions.preconditions(\n            d, CapitalComPageSrc.URL, \"\", cur_language, cur_country, cur_role, cur_login, cur_password)\n    \n        test_element = OurAppsBlockGetItOnGooglePlayButton(d, main_page_link, bid)\n>       test_element.full_test(d, cur_language, cur_country, cur_role, main_page_link)\n\ntests\\US_00_Main_page\\US_00-00_Main_page\\us_00-00_main_page_test.py:506: \n_ _ _ _ _ _ _ _ _ _ _ _ _ _ _ _ _ _ _ _ _ _ _ _ _ _ _ _ _ _ _ _ _ _ _ _ _ _ _ _\npages\\Elements\\OurAppsBlockGetItOnGooglePlayButton.py:38: in full_test\n    test_element.assert_google_play(d, cur_item_link)\npages\\Elements\\AssertClass.py:209: in assert_google_play\n    self.page_google_play.should_be_google_play_page(cur_link)\npages\\GooglePlay\\google_play.py:30: in should_be_google_play_page\n    self.should_be_google_play_app_title(data[\"APP_TITLE\"])\n_ _ _ _ _ _ _ _ _ _ _ _ _ _ _ _ _ _ _ _ _ _ _ _ _ _ _ _ _ _ _ _ _ _ _ _ _ _ _ _\n\nself = <pages.GooglePlay.google_play.GooglePlay object at 0x000001DD20ECA720>\napp_title = 'Trading app by Capital.com'\n\n    @allure.step(\"Checking that the Google Play app title\")\n    def should_be_google_play_app_title(self, app_title):\n        \"\"\"Check if the app title\"\"\"\n        print(f\"{datetime.now()}   Checking that the Google Play app title\")\n>       assert self.get_text(0, *GooglePlayLocators.APP_TITLE) == app_title\nE       AssertionError\n\npages\\GooglePlay\\google_play.py:47: AssertionError","steps":[{"name":"Start test of button [Get it on Google Play] in 'Our Apps' block","time":{"start":1718813315258,"stop":1718813322201,"duration":6943},"status":"failed","statusMessage":"AssertionError\n","statusTrace":"  File \"C:\\Users\\runneradmin\\AppData\\Local\\pypoetry\\Cache\\virtualenvs\\testcapitalcompyse-ahTg7XpD-py3.12\\Lib\\site-packages\\allure_commons\\_allure.py\", line 192, in impl\n    return func(*a, **kw)\n           ^^^^^^^^^^^^^^\n  File \"D:\\a\\TestCapitalComPySe\\TestCapitalComPySe\\tests\\US_00_Main_page\\US_00-00_Main_page\\us_00-00_main_page_test.py\", line 506, in test_009_get_it_on_google_play_button_in_our_apps_block\n    test_element.full_test(d, cur_language, cur_country, cur_role, main_page_link)\n  File \"C:\\Users\\runneradmin\\AppData\\Local\\pypoetry\\Cache\\virtualenvs\\testcapitalcompyse-ahTg7XpD-py3.12\\Lib\\site-packages\\allure_commons\\_allure.py\", line 192, in impl\n    return func(*a, **kw)\n           ^^^^^^^^^^^^^^\n  File \"D:\\a\\TestCapitalComPySe\\TestCapitalComPySe\\pages\\Elements\\OurAppsBlockGetItOnGooglePlayButton.py\", line 38, in full_test\n    test_element.assert_google_play(d, cur_item_link)\n  File \"C:\\Users\\runneradmin\\AppData\\Local\\pypoetry\\Cache\\virtualenvs\\testcapitalcompyse-ahTg7XpD-py3.12\\Lib\\site-packages\\allure_commons\\_allure.py\", line 192, in impl\n    return func(*a, **kw)\n           ^^^^^^^^^^^^^^\n  File \"D:\\a\\TestCapitalComPySe\\TestCapitalComPySe\\pages\\Elements\\AssertClass.py\", line 209, in assert_google_play\n    self.page_google_play.should_be_google_play_page(cur_link)\n  File \"C:\\Users\\runneradmin\\AppData\\Local\\pypoetry\\Cache\\virtualenvs\\testcapitalcompyse-ahTg7XpD-py3.12\\Lib\\site-packages\\allure_commons\\_allure.py\", line 192, in impl\n    return func(*a, **kw)\n           ^^^^^^^^^^^^^^\n  File \"D:\\a\\TestCapitalComPySe\\TestCapitalComPySe\\pages\\GooglePlay\\google_play.py\", line 30, in should_be_google_play_page\n    self.should_be_google_play_app_title(data[\"APP_TITLE\"])\n  File \"C:\\Users\\runneradmin\\AppData\\Local\\pypoetry\\Cache\\virtualenvs\\testcapitalcompyse-ahTg7XpD-py3.12\\Lib\\site-packages\\allure_commons\\_allure.py\", line 192, in impl\n    return func(*a, **kw)\n           ^^^^^^^^^^^^^^\n  File \"D:\\a\\TestCapitalComPySe\\TestCapitalComPySe\\pages\\GooglePlay\\google_play.py\", line 47, in should_be_google_play_app_title\n    assert self.get_text(0, *GooglePlayLocators.APP_TITLE) == app_title\n           ^^^^^^^^^^^^^^^^^^^^^^^^^^^^^^^^^^^^^^^^^^^^^^^^^^^^^^^^^^^^\n","steps":[{"name":"Preconditions","time":{"start":1718813315260,"stop":1718813319398,"duration":4138},"status":"passed","steps":[{"name":"2024-06-19 16:03:40.351982   Start Checking Captcha","time":{"start":1718813315276,"stop":1718813316290,"duration":1014},"status":"passed","steps":[],"attachments":[],"parameters":[],"shouldDisplayMessage":false,"stepsCount":0,"attachmentsCount":0,"hasContent":false,"attachmentStep":false},{"name":"2024-06-19 16:03:40.351982   Start Checking Captcha","time":{"start":1718813316290,"stop":1718813317332,"duration":1042},"status":"passed","steps":[],"attachments":[],"parameters":[],"shouldDisplayMessage":false,"stepsCount":0,"attachmentsCount":0,"hasContent":false,"attachmentStep":false},{"name":"2024-06-19 16:03:40.351982   Start Checking Captcha","time":{"start":1718813317333,"stop":1718813318378,"duration":1045},"status":"passed","steps":[],"attachments":[],"parameters":[],"shouldDisplayMessage":false,"stepsCount":0,"attachmentsCount":0,"hasContent":false,"attachmentStep":false},{"name":"2024-06-19 16:03:40.351982   Start Checking Captcha","time":{"start":1718813318378,"stop":1718813319394,"duration":1016},"status":"passed","steps":[],"attachments":[],"parameters":[],"shouldDisplayMessage":false,"stepsCount":0,"attachmentsCount":0,"hasContent":false,"attachmentStep":false}],"attachments":[],"parameters":[{"name":"d","value":"<selenium.webdriver.chrome.webdriver.WebDriver (session=\"107254f42b360b0816e8bed83ead4561\")>"},{"name":"host","value":"'https://capital.com/'"},{"name":"end_point","value":"''"},{"name":"cur_language","value":"'fr'"},{"name":"cur_country","value":"'de'"},{"name":"cur_role","value":"'Auth'"},{"name":"cur_login","value":"'test001.miketar+1@gmail.com'"},{"name":"cur_password","value":"'Qwer1234-!@#$'"}],"shouldDisplayMessage":false,"stepsCount":4,"attachmentsCount":0,"hasContent":true,"attachmentStep":false},{"name":"2024-06-19 16:03:40.289480   Start Full test for [Get it on Google Play] button in \"Our Apps\" block","time":{"start":1718813319398,"stop":1718813322201,"duration":2803},"status":"failed","statusMessage":"AssertionError\n","statusTrace":"  File \"C:\\Users\\runneradmin\\AppData\\Local\\pypoetry\\Cache\\virtualenvs\\testcapitalcompyse-ahTg7XpD-py3.12\\Lib\\site-packages\\allure_commons\\_allure.py\", line 192, in impl\n    return func(*a, **kw)\n           ^^^^^^^^^^^^^^\n  File \"D:\\a\\TestCapitalComPySe\\TestCapitalComPySe\\pages\\Elements\\OurAppsBlockGetItOnGooglePlayButton.py\", line 38, in full_test\n    test_element.assert_google_play(d, cur_item_link)\n  File \"C:\\Users\\runneradmin\\AppData\\Local\\pypoetry\\Cache\\virtualenvs\\testcapitalcompyse-ahTg7XpD-py3.12\\Lib\\site-packages\\allure_commons\\_allure.py\", line 192, in impl\n    return func(*a, **kw)\n           ^^^^^^^^^^^^^^\n  File \"D:\\a\\TestCapitalComPySe\\TestCapitalComPySe\\pages\\Elements\\AssertClass.py\", line 209, in assert_google_play\n    self.page_google_play.should_be_google_play_page(cur_link)\n  File \"C:\\Users\\runneradmin\\AppData\\Local\\pypoetry\\Cache\\virtualenvs\\testcapitalcompyse-ahTg7XpD-py3.12\\Lib\\site-packages\\allure_commons\\_allure.py\", line 192, in impl\n    return func(*a, **kw)\n           ^^^^^^^^^^^^^^\n  File \"D:\\a\\TestCapitalComPySe\\TestCapitalComPySe\\pages\\GooglePlay\\google_play.py\", line 30, in should_be_google_play_page\n    self.should_be_google_play_app_title(data[\"APP_TITLE\"])\n  File \"C:\\Users\\runneradmin\\AppData\\Local\\pypoetry\\Cache\\virtualenvs\\testcapitalcompyse-ahTg7XpD-py3.12\\Lib\\site-packages\\allure_commons\\_allure.py\", line 192, in impl\n    return func(*a, **kw)\n           ^^^^^^^^^^^^^^\n  File \"D:\\a\\TestCapitalComPySe\\TestCapitalComPySe\\pages\\GooglePlay\\google_play.py\", line 47, in should_be_google_play_app_title\n    assert self.get_text(0, *GooglePlayLocators.APP_TITLE) == app_title\n           ^^^^^^^^^^^^^^^^^^^^^^^^^^^^^^^^^^^^^^^^^^^^^^^^^^^^^^^^^^^^\n","steps":[{"name":"Click button [Get it on Google Play] on \"Our Apps\" block","time":{"start":1718813319552,"stop":1718813319624,"duration":72},"status":"passed","steps":[],"attachments":[],"parameters":[{"name":"d","value":"<selenium.webdriver.chrome.webdriver.WebDriver (session=\"107254f42b360b0816e8bed83ead4561\")>"}],"shouldDisplayMessage":false,"stepsCount":0,"attachmentsCount":0,"hasContent":true,"attachmentStep":false},{"name":"Checking that \"Google Play\" page opened","time":{"start":1718813319624,"stop":1718813322201,"duration":2577},"status":"failed","statusMessage":"AssertionError\n","statusTrace":"  File \"C:\\Users\\runneradmin\\AppData\\Local\\pypoetry\\Cache\\virtualenvs\\testcapitalcompyse-ahTg7XpD-py3.12\\Lib\\site-packages\\allure_commons\\_allure.py\", line 192, in impl\n    return func(*a, **kw)\n           ^^^^^^^^^^^^^^\n  File \"D:\\a\\TestCapitalComPySe\\TestCapitalComPySe\\pages\\Elements\\AssertClass.py\", line 209, in assert_google_play\n    self.page_google_play.should_be_google_play_page(cur_link)\n  File \"C:\\Users\\runneradmin\\AppData\\Local\\pypoetry\\Cache\\virtualenvs\\testcapitalcompyse-ahTg7XpD-py3.12\\Lib\\site-packages\\allure_commons\\_allure.py\", line 192, in impl\n    return func(*a, **kw)\n           ^^^^^^^^^^^^^^\n  File \"D:\\a\\TestCapitalComPySe\\TestCapitalComPySe\\pages\\GooglePlay\\google_play.py\", line 30, in should_be_google_play_page\n    self.should_be_google_play_app_title(data[\"APP_TITLE\"])\n  File \"C:\\Users\\runneradmin\\AppData\\Local\\pypoetry\\Cache\\virtualenvs\\testcapitalcompyse-ahTg7XpD-py3.12\\Lib\\site-packages\\allure_commons\\_allure.py\", line 192, in impl\n    return func(*a, **kw)\n           ^^^^^^^^^^^^^^\n  File \"D:\\a\\TestCapitalComPySe\\TestCapitalComPySe\\pages\\GooglePlay\\google_play.py\", line 47, in should_be_google_play_app_title\n    assert self.get_text(0, *GooglePlayLocators.APP_TITLE) == app_title\n           ^^^^^^^^^^^^^^^^^^^^^^^^^^^^^^^^^^^^^^^^^^^^^^^^^^^^^^^^^^^^\n","steps":[{"name":"Checking that the Google Play page has opened","time":{"start":1718813319624,"stop":1718813322201,"duration":2577},"status":"failed","statusMessage":"AssertionError\n","statusTrace":"  File \"C:\\Users\\runneradmin\\AppData\\Local\\pypoetry\\Cache\\virtualenvs\\testcapitalcompyse-ahTg7XpD-py3.12\\Lib\\site-packages\\allure_commons\\_allure.py\", line 192, in impl\n    return func(*a, **kw)\n           ^^^^^^^^^^^^^^\n  File \"D:\\a\\TestCapitalComPySe\\TestCapitalComPySe\\pages\\GooglePlay\\google_play.py\", line 30, in should_be_google_play_page\n    self.should_be_google_play_app_title(data[\"APP_TITLE\"])\n  File \"C:\\Users\\runneradmin\\AppData\\Local\\pypoetry\\Cache\\virtualenvs\\testcapitalcompyse-ahTg7XpD-py3.12\\Lib\\site-packages\\allure_commons\\_allure.py\", line 192, in impl\n    return func(*a, **kw)\n           ^^^^^^^^^^^^^^\n  File \"D:\\a\\TestCapitalComPySe\\TestCapitalComPySe\\pages\\GooglePlay\\google_play.py\", line 47, in should_be_google_play_app_title\n    assert self.get_text(0, *GooglePlayLocators.APP_TITLE) == app_title\n           ^^^^^^^^^^^^^^^^^^^^^^^^^^^^^^^^^^^^^^^^^^^^^^^^^^^^^^^^^^^^\n","steps":[{"name":"2024-06-19 16:03:39.085777   Check that the page has the expected title - ver 2","time":{"start":1718813321145,"stop":1718813321149,"duration":4},"status":"passed","steps":[],"attachments":[],"parameters":[{"name":"title","value":"'Trading app by Capital.com - Apps on Google Play'"}],"shouldDisplayMessage":false,"stepsCount":0,"attachmentsCount":0,"hasContent":true,"attachmentStep":false},{"name":"Checking that the Google Play app title","time":{"start":1718813321149,"stop":1718813322201,"duration":1052},"status":"failed","statusMessage":"AssertionError\n","statusTrace":"  File \"C:\\Users\\runneradmin\\AppData\\Local\\pypoetry\\Cache\\virtualenvs\\testcapitalcompyse-ahTg7XpD-py3.12\\Lib\\site-packages\\allure_commons\\_allure.py\", line 192, in impl\n    return func(*a, **kw)\n           ^^^^^^^^^^^^^^\n  File \"D:\\a\\TestCapitalComPySe\\TestCapitalComPySe\\pages\\GooglePlay\\google_play.py\", line 47, in should_be_google_play_app_title\n    assert self.get_text(0, *GooglePlayLocators.APP_TITLE) == app_title\n           ^^^^^^^^^^^^^^^^^^^^^^^^^^^^^^^^^^^^^^^^^^^^^^^^^^^^^^^^^^^^\n","steps":[],"attachments":[],"parameters":[{"name":"app_title","value":"'Trading app by Capital.com'"}],"shouldDisplayMessage":true,"stepsCount":0,"attachmentsCount":0,"hasContent":true,"attachmentStep":false}],"attachments":[],"parameters":[{"name":"cur_link","value":"'https://capital.com/fr'"}],"shouldDisplayMessage":false,"stepsCount":2,"attachmentsCount":0,"hasContent":true,"attachmentStep":false}],"attachments":[],"parameters":[{"name":"d","value":"<selenium.webdriver.chrome.webdriver.WebDriver (session=\"107254f42b360b0816e8bed83ead4561\")>"},{"name":"cur_link","value":"'https://capital.com/fr'"}],"shouldDisplayMessage":false,"stepsCount":3,"attachmentsCount":0,"hasContent":true,"attachmentStep":false}],"attachments":[],"parameters":[{"name":"d","value":"<selenium.webdriver.chrome.webdriver.WebDriver (session=\"107254f42b360b0816e8bed83ead4561\")>"},{"name":"cur_language","value":"'fr'"},{"name":"cur_country","value":"'de'"},{"name":"cur_role","value":"'Auth'"},{"name":"cur_item_link","value":"'https://capital.com/fr'"}],"shouldDisplayMessage":false,"stepsCount":5,"attachmentsCount":0,"hasContent":true,"attachmentStep":false}],"attachments":[],"parameters":[{"name":"worker_id","value":"'master'"},{"name":"d","value":"<selenium.webdriver.chrome.webdriver.WebDriver (session=\"107254f42b360b0816e8bed83ead4561\")>"},{"name":"cur_language","value":"'fr'"},{"name":"cur_country","value":"'de'"},{"name":"cur_role","value":"'Auth'"},{"name":"cur_login","value":"'test001.miketar+1@gmail.com'"},{"name":"cur_password","value":"'Qwer1234-!@#$'"}],"shouldDisplayMessage":false,"stepsCount":11,"attachmentsCount":0,"hasContent":true,"attachmentStep":false}],"attachments":[{"uid":"85466aec2d4680a6","name":"Screenshot","source":"85466aec2d4680a6.png","type":"image/png","size":277737},{"uid":"810a4a564e8e766b","name":"log","source":"810a4a564e8e766b.txt","type":"text/plain","size":2761},{"uid":"ceb92704406612","name":"stdout","source":"ceb92704406612.txt","type":"text/plain","size":3303}],"parameters":[],"shouldDisplayMessage":true,"stepsCount":12,"attachmentsCount":3,"hasContent":true,"attachmentStep":false},"afterStages":[{"name":"d::0","time":{"start":1718813637735,"stop":1718813640036,"duration":2301},"status":"passed","steps":[],"attachments":[],"parameters":[],"shouldDisplayMessage":false,"stepsCount":0,"attachmentsCount":0,"hasContent":false,"attachmentStep":false}],"labels":[{"name":"epic","value":"US_00 | Main Page"},{"name":"feature","value":"Language: fr"},{"name":"story","value":"Country: de / Role: Auth"},{"name":"tag","value":"test_009"},{"name":"tag","value":"us_00_00"},{"name":"parentSuite","value":"tests.US_00_Main_page.US_00-00_Main_page"},{"name":"suite","value":"us_00-00_main_page_test"},{"name":"subSuite","value":"TestMainPage"},{"name":"host","value":"fv-az1435-338"},{"name":"thread","value":"3432-MainThread"},{"name":"framework","value":"pytest"},{"name":"language","value":"cpython3"},{"name":"package","value":"tests.US_00_Main_page.US_00-00_Main_page.us_00-00_main_page_test"},{"name":"resultFormat","value":"allure2"}],"parameters":[{"name":"cur_country","value":"'de'"},{"name":"cur_language","value":"'fr'"},{"name":"cur_login","value":"'test001.miketar+1@gmail.com'"},{"name":"cur_password","value":"'Qwer1234-!@#$'"},{"name":"cur_role","value":"'Auth'"},{"name":"d","value":"'Chrome'"}],"links":[],"hidden":false,"retry":false,"extra":{"severity":"normal","retries":[],"categories":[{"name":"Product defects","matchedStatuses":[],"flaky":false}],"tags":["us_00_00","test_009"]},"source":"6c22f471e4c3fafa.json","parameterValues":["'de'","'fr'","'test001.miketar+1@gmail.com'","'Qwer1234-!@#$'","'Auth'","'Chrome'"]}