{"uid":"7d9a677049a21049","name":"TC_01.01.00_004 | open Trading instrument page. Bid:01.01.00_004-fr.de.NoAuth","fullName":"tests.US_01_Markets.US_01-01_All_markets.US_01-01-00_All_Markets_test.TestAllMarkets#test_004_trading_instrument","historyId":"88042d112c2053358de43ba0b3a8d493","time":{"start":1718813990990,"stop":1718814000886,"duration":9896},"description":"\n        Check: open Trading instrument page\n        Language: All License: All (except FCA)\n        ","descriptionHtml":"<pre><code>    Check: open Trading instrument page\n    Language: All License: All (except FCA)\n</code></pre>\n","status":"broken","statusMessage":"selenium.common.exceptions.StaleElementReferenceException: Message: stale element reference: stale element not found in the current frame\n  (Session info: chrome=125.0.6422.142); For documentation on this error, please visit: https://www.selenium.dev/documentation/webdriver/troubleshooting/errors#stale-element-reference-exception\nStacktrace:\n\tGetHandleVerifier [0x0093B8E3+45827]\n\t(No symbol) [0x008CDCC4]\n\t(No symbol) [0x007C150F]\n\t(No symbol) [0x007C660F]\n\t(No symbol) [0x007C8298]\n\t(No symbol) [0x007C8310]\n\t(No symbol) [0x00807F89]\n\t(No symbol) [0x00805E66]\n\t(No symbol) [0x0080425B]\n\t(No symbol) [0x00803823]\n\t(No symbol) [0x007F85EF]\n\t(No symbol) [0x00822DFC]\n\t(No symbol) [0x007F8075]\n\t(No symbol) [0x00823094]\n\t(No symbol) [0x0083C034]\n\t(No symbol) [0x00822B96]\n\t(No symbol) [0x007F6998]\n\t(No symbol) [0x007F751D]\n\tGetHandleVerifier [0x00BF4513+2899763]\n\tGetHandleVerifier [0x00C4793D+3240797]\n\tGetHandleVerifier [0x009C13B4+593364]\n\tGetHandleVerifier [0x009C82DC+621820]\n\t(No symbol) [0x008D70A4]\n\t(No symbol) [0x008D37A8]\n\t(No symbol) [0x008D3947]\n\t(No symbol) [0x008C59FE]\n\tBaseThreadInitThunk [0x759267F9+25]\n\tRtlGetFullPathName_UEx [0x77767F4D+173]\n\tRtlGetFullPathName_UEx [0x77767F1B+123]","statusTrace":"self = <US_01-01-00_All_Markets_test.TestAllMarkets object at 0x0000020937C46F30>\nworker_id = 'master'\nd = <selenium.webdriver.chrome.webdriver.WebDriver (session=\"ccbdace1d670e4084c14714f2feeb0e7\")>\ncur_language = 'fr', cur_country = 'de', cur_role = 'NoAuth'\ncur_login = 'test001.miketar+1@gmail.com', cur_password = 'Qwer1234-!@#$'\ncur_market = 'Forex'\n\n    @allure.step(\"Start test open Trading instrument page\")\n    @pytest.mark.test_004\n    def test_004_trading_instrument(\n            self, worker_id, d, cur_language, cur_country, cur_role, cur_login, cur_password, cur_market):\n        \"\"\"\n        Check: open Trading instrument page\n        Language: All License: All (except FCA)\n        \"\"\"\n        bid = build_dynamic_arg_v4(\n            d, worker_id, cur_language, cur_country, cur_role,\n            \"01.01\", \"Markets > Menu item [All markets]\",\n            \".00_004\", \"open Trading instrument page\")\n    \n        Common().check_country_in_list_and_skip_if_present(cur_country, [\"gb\"])\n    \n        page_conditions = Conditions(d, \"\")\n        link = page_conditions.preconditions(\n            d, CapitalComPageSrc.URL, \"\", cur_language, cur_country, cur_role, cur_login, cur_password)\n    \n        menu = MenuSection(d, link)\n        cur_item_link = menu.open_market_menu_all_markets_submenu(d, cur_language, cur_country, link)\n    \n        test_element = TableTradingInstrumentsItemAllMarkets(d, cur_item_link, bid)\n>       test_element.full_test(d, cur_language, cur_country, cur_role, cur_item_link, cur_market)\n\ntests\\US_01_Markets\\US_01-01_All_markets\\US_01-01-00_All_Markets_test.py:128: \n_ _ _ _ _ _ _ _ _ _ _ _ _ _ _ _ _ _ _ _ _ _ _ _ _ _ _ _ _ _ _ _ _ _ _ _ _ _ _ _\npages\\Elements\\TableTradingInstrumentItiemAllMarkets.py:30: in full_test\n    self.element_click(d, cur_item_link)\npages\\Elements\\TableTradingInstrumentItiemAllMarkets.py:125: in element_click\n    instruments_list[value].click()\nC:\\Users\\runneradmin\\AppData\\Local\\pypoetry\\Cache\\virtualenvs\\testcapitalcompyse-ahTg7XpD-py3.12\\Lib\\site-packages\\selenium\\webdriver\\remote\\webelement.py:94: in click\n    self._execute(Command.CLICK_ELEMENT)\nC:\\Users\\runneradmin\\AppData\\Local\\pypoetry\\Cache\\virtualenvs\\testcapitalcompyse-ahTg7XpD-py3.12\\Lib\\site-packages\\selenium\\webdriver\\remote\\webelement.py:395: in _execute\n    return self._parent.execute(command, params)\nC:\\Users\\runneradmin\\AppData\\Local\\pypoetry\\Cache\\virtualenvs\\testcapitalcompyse-ahTg7XpD-py3.12\\Lib\\site-packages\\selenium\\webdriver\\remote\\webdriver.py:347: in execute\n    self.error_handler.check_response(response)\n_ _ _ _ _ _ _ _ _ _ _ _ _ _ _ _ _ _ _ _ _ _ _ _ _ _ _ _ _ _ _ _ _ _ _ _ _ _ _ _\n\nself = <selenium.webdriver.remote.errorhandler.ErrorHandler object at 0x0000020937C47D70>\nresponse = {'status': 404, 'value': '{\"value\":{\"error\":\"stale element reference\",\"message\":\"stale element reference: stale elemen...Thunk [0x759267F9+25]\\\\n\\\\tRtlGetFullPathName_UEx [0x77767F4D+173]\\\\n\\\\tRtlGetFullPathName_UEx [0x77767F1B+123]\\\\n\"}}'}\n\n    def check_response(self, response: Dict[str, Any]) -> None:\n        \"\"\"Checks that a JSON response from the WebDriver does not have an\n        error.\n    \n        :Args:\n         - response - The JSON response from the WebDriver server as a dictionary\n           object.\n    \n        :Raises: If the response contains an error message.\n        \"\"\"\n        status = response.get(\"status\", None)\n        if not status or status == ErrorCode.SUCCESS:\n            return\n        value = None\n        message = response.get(\"message\", \"\")\n        screen: str = response.get(\"screen\", \"\")\n        stacktrace = None\n        if isinstance(status, int):\n            value_json = response.get(\"value\", None)\n            if value_json and isinstance(value_json, str):\n                import json\n    \n                try:\n                    value = json.loads(value_json)\n                    if len(value) == 1:\n                        value = value[\"value\"]\n                    status = value.get(\"error\", None)\n                    if not status:\n                        status = value.get(\"status\", ErrorCode.UNKNOWN_ERROR)\n                        message = value.get(\"value\") or value.get(\"message\")\n                        if not isinstance(message, str):\n                            value = message\n                            message = message.get(\"message\")\n                    else:\n                        message = value.get(\"message\", None)\n                except ValueError:\n                    pass\n    \n        exception_class: Type[WebDriverException]\n        e = ErrorCode()\n        error_codes = [item for item in dir(e) if not item.startswith(\"__\")]\n        for error_code in error_codes:\n            error_info = getattr(ErrorCode, error_code)\n            if isinstance(error_info, list) and status in error_info:\n                exception_class = getattr(ExceptionMapping, error_code, WebDriverException)\n                break\n        else:\n            exception_class = WebDriverException\n    \n        if not value:\n            value = response[\"value\"]\n        if isinstance(value, str):\n            raise exception_class(value)\n        if message == \"\" and \"message\" in value:\n            message = value[\"message\"]\n    \n        screen = None  # type: ignore[assignment]\n        if \"screen\" in value:\n            screen = value[\"screen\"]\n    \n        stacktrace = None\n        st_value = value.get(\"stackTrace\") or value.get(\"stacktrace\")\n        if st_value:\n            if isinstance(st_value, str):\n                stacktrace = st_value.split(\"\\n\")\n            else:\n                stacktrace = []\n                try:\n                    for frame in st_value:\n                        line = frame.get(\"lineNumber\", \"\")\n                        file = frame.get(\"fileName\", \"<anonymous>\")\n                        if line:\n                            file = f\"{file}:{line}\"\n                        meth = frame.get(\"methodName\", \"<anonymous>\")\n                        if \"className\" in frame:\n                            meth = f\"{frame['className']}.{meth}\"\n                        msg = \"    at %s (%s)\"\n                        msg = msg % (meth, file)\n                        stacktrace.append(msg)\n                except TypeError:\n                    pass\n        if exception_class == UnexpectedAlertPresentException:\n            alert_text = None\n            if \"data\" in value:\n                alert_text = value[\"data\"].get(\"text\")\n            elif \"alert\" in value:\n                alert_text = value[\"alert\"].get(\"text\")\n            raise exception_class(message, screen, stacktrace, alert_text)  # type: ignore[call-arg]  # mypy is not smart enough here\n>       raise exception_class(message, screen, stacktrace)\nE       selenium.common.exceptions.StaleElementReferenceException: Message: stale element reference: stale element not found in the current frame\nE         (Session info: chrome=125.0.6422.142); For documentation on this error, please visit: https://www.selenium.dev/documentation/webdriver/troubleshooting/errors#stale-element-reference-exception\nE       Stacktrace:\nE       \tGetHandleVerifier [0x0093B8E3+45827]\nE       \t(No symbol) [0x008CDCC4]\nE       \t(No symbol) [0x007C150F]\nE       \t(No symbol) [0x007C660F]\nE       \t(No symbol) [0x007C8298]\nE       \t(No symbol) [0x007C8310]\nE       \t(No symbol) [0x00807F89]\nE       \t(No symbol) [0x00805E66]\nE       \t(No symbol) [0x0080425B]\nE       \t(No symbol) [0x00803823]\nE       \t(No symbol) [0x007F85EF]\nE       \t(No symbol) [0x00822DFC]\nE       \t(No symbol) [0x007F8075]\nE       \t(No symbol) [0x00823094]\nE       \t(No symbol) [0x0083C034]\nE       \t(No symbol) [0x00822B96]\nE       \t(No symbol) [0x007F6998]\nE       \t(No symbol) [0x007F751D]\nE       \tGetHandleVerifier [0x00BF4513+2899763]\nE       \tGetHandleVerifier [0x00C4793D+3240797]\nE       \tGetHandleVerifier [0x009C13B4+593364]\nE       \tGetHandleVerifier [0x009C82DC+621820]\nE       \t(No symbol) [0x008D70A4]\nE       \t(No symbol) [0x008D37A8]\nE       \t(No symbol) [0x008D3947]\nE       \t(No symbol) [0x008C59FE]\nE       \tBaseThreadInitThunk [0x759267F9+25]\nE       \tRtlGetFullPathName_UEx [0x77767F4D+173]\nE       \tRtlGetFullPathName_UEx [0x77767F1B+123]\n\nC:\\Users\\runneradmin\\AppData\\Local\\pypoetry\\Cache\\virtualenvs\\testcapitalcompyse-ahTg7XpD-py3.12\\Lib\\site-packages\\selenium\\webdriver\\remote\\errorhandler.py:229: StaleElementReferenceException","flaky":false,"newFailed":false,"newBroken":false,"newPassed":false,"retriesCount":0,"retriesStatusChange":false,"beforeStages":[{"name":"d","time":{"start":1718813646437,"stop":1718813648189,"duration":1752},"status":"passed","steps":[],"attachments":[],"parameters":[],"shouldDisplayMessage":false,"stepsCount":0,"attachmentsCount":0,"hasContent":false,"attachmentStep":false},{"name":"cur_password","time":{"start":1718813648189,"stop":1718813648189,"duration":0},"status":"passed","steps":[],"attachments":[],"parameters":[],"shouldDisplayMessage":false,"stepsCount":0,"attachmentsCount":0,"hasContent":false,"attachmentStep":false},{"name":"cur_language","time":{"start":1718813648189,"stop":1718813648189,"duration":0},"status":"passed","steps":[],"attachments":[],"parameters":[],"shouldDisplayMessage":false,"stepsCount":0,"attachmentsCount":0,"hasContent":false,"attachmentStep":false},{"name":"worker_id","time":{"start":1718813648189,"stop":1718813648189,"duration":0},"status":"passed","steps":[],"attachments":[],"parameters":[],"shouldDisplayMessage":false,"stepsCount":0,"attachmentsCount":0,"hasContent":false,"attachmentStep":false},{"name":"cur_country","time":{"start":1718813648189,"stop":1718813648189,"duration":0},"status":"passed","steps":[],"attachments":[],"parameters":[],"shouldDisplayMessage":false,"stepsCount":0,"attachmentsCount":0,"hasContent":false,"attachmentStep":false},{"name":"cur_login","time":{"start":1718813648189,"stop":1718813648189,"duration":0},"status":"passed","steps":[],"attachments":[],"parameters":[],"shouldDisplayMessage":false,"stepsCount":0,"attachmentsCount":0,"hasContent":false,"attachmentStep":false},{"name":"cur_role","time":{"start":1718813892183,"stop":1718813892183,"duration":0},"status":"passed","steps":[],"attachments":[],"parameters":[],"shouldDisplayMessage":false,"stepsCount":0,"attachmentsCount":0,"hasContent":false,"attachmentStep":false},{"name":"cur_market","time":{"start":1718813990990,"stop":1718813990990,"duration":0},"status":"passed","steps":[],"attachments":[],"parameters":[],"shouldDisplayMessage":false,"stepsCount":0,"attachmentsCount":0,"hasContent":false,"attachmentStep":false}],"testStage":{"description":"\n        Check: open Trading instrument page\n        Language: All License: All (except FCA)\n        ","status":"broken","statusMessage":"selenium.common.exceptions.StaleElementReferenceException: Message: stale element reference: stale element not found in the current frame\n  (Session info: chrome=125.0.6422.142); For documentation on this error, please visit: https://www.selenium.dev/documentation/webdriver/troubleshooting/errors#stale-element-reference-exception\nStacktrace:\n\tGetHandleVerifier [0x0093B8E3+45827]\n\t(No symbol) [0x008CDCC4]\n\t(No symbol) [0x007C150F]\n\t(No symbol) [0x007C660F]\n\t(No symbol) [0x007C8298]\n\t(No symbol) [0x007C8310]\n\t(No symbol) [0x00807F89]\n\t(No symbol) [0x00805E66]\n\t(No symbol) [0x0080425B]\n\t(No symbol) [0x00803823]\n\t(No symbol) [0x007F85EF]\n\t(No symbol) [0x00822DFC]\n\t(No symbol) [0x007F8075]\n\t(No symbol) [0x00823094]\n\t(No symbol) [0x0083C034]\n\t(No symbol) [0x00822B96]\n\t(No symbol) [0x007F6998]\n\t(No symbol) [0x007F751D]\n\tGetHandleVerifier [0x00BF4513+2899763]\n\tGetHandleVerifier [0x00C4793D+3240797]\n\tGetHandleVerifier [0x009C13B4+593364]\n\tGetHandleVerifier [0x009C82DC+621820]\n\t(No symbol) [0x008D70A4]\n\t(No symbol) [0x008D37A8]\n\t(No symbol) [0x008D3947]\n\t(No symbol) [0x008C59FE]\n\tBaseThreadInitThunk [0x759267F9+25]\n\tRtlGetFullPathName_UEx [0x77767F4D+173]\n\tRtlGetFullPathName_UEx [0x77767F1B+123]","statusTrace":"self = <US_01-01-00_All_Markets_test.TestAllMarkets object at 0x0000020937C46F30>\nworker_id = 'master'\nd = <selenium.webdriver.chrome.webdriver.WebDriver (session=\"ccbdace1d670e4084c14714f2feeb0e7\")>\ncur_language = 'fr', cur_country = 'de', cur_role = 'NoAuth'\ncur_login = 'test001.miketar+1@gmail.com', cur_password = 'Qwer1234-!@#$'\ncur_market = 'Forex'\n\n    @allure.step(\"Start test open Trading instrument page\")\n    @pytest.mark.test_004\n    def test_004_trading_instrument(\n            self, worker_id, d, cur_language, cur_country, cur_role, cur_login, cur_password, cur_market):\n        \"\"\"\n        Check: open Trading instrument page\n        Language: All License: All (except FCA)\n        \"\"\"\n        bid = build_dynamic_arg_v4(\n            d, worker_id, cur_language, cur_country, cur_role,\n            \"01.01\", \"Markets > Menu item [All markets]\",\n            \".00_004\", \"open Trading instrument page\")\n    \n        Common().check_country_in_list_and_skip_if_present(cur_country, [\"gb\"])\n    \n        page_conditions = Conditions(d, \"\")\n        link = page_conditions.preconditions(\n            d, CapitalComPageSrc.URL, \"\", cur_language, cur_country, cur_role, cur_login, cur_password)\n    \n        menu = MenuSection(d, link)\n        cur_item_link = menu.open_market_menu_all_markets_submenu(d, cur_language, cur_country, link)\n    \n        test_element = TableTradingInstrumentsItemAllMarkets(d, cur_item_link, bid)\n>       test_element.full_test(d, cur_language, cur_country, cur_role, cur_item_link, cur_market)\n\ntests\\US_01_Markets\\US_01-01_All_markets\\US_01-01-00_All_Markets_test.py:128: \n_ _ _ _ _ _ _ _ _ _ _ _ _ _ _ _ _ _ _ _ _ _ _ _ _ _ _ _ _ _ _ _ _ _ _ _ _ _ _ _\npages\\Elements\\TableTradingInstrumentItiemAllMarkets.py:30: in full_test\n    self.element_click(d, cur_item_link)\npages\\Elements\\TableTradingInstrumentItiemAllMarkets.py:125: in element_click\n    instruments_list[value].click()\nC:\\Users\\runneradmin\\AppData\\Local\\pypoetry\\Cache\\virtualenvs\\testcapitalcompyse-ahTg7XpD-py3.12\\Lib\\site-packages\\selenium\\webdriver\\remote\\webelement.py:94: in click\n    self._execute(Command.CLICK_ELEMENT)\nC:\\Users\\runneradmin\\AppData\\Local\\pypoetry\\Cache\\virtualenvs\\testcapitalcompyse-ahTg7XpD-py3.12\\Lib\\site-packages\\selenium\\webdriver\\remote\\webelement.py:395: in _execute\n    return self._parent.execute(command, params)\nC:\\Users\\runneradmin\\AppData\\Local\\pypoetry\\Cache\\virtualenvs\\testcapitalcompyse-ahTg7XpD-py3.12\\Lib\\site-packages\\selenium\\webdriver\\remote\\webdriver.py:347: in execute\n    self.error_handler.check_response(response)\n_ _ _ _ _ _ _ _ _ _ _ _ _ _ _ _ _ _ _ _ _ _ _ _ _ _ _ _ _ _ _ _ _ _ _ _ _ _ _ _\n\nself = <selenium.webdriver.remote.errorhandler.ErrorHandler object at 0x0000020937C47D70>\nresponse = {'status': 404, 'value': '{\"value\":{\"error\":\"stale element reference\",\"message\":\"stale element reference: stale elemen...Thunk [0x759267F9+25]\\\\n\\\\tRtlGetFullPathName_UEx [0x77767F4D+173]\\\\n\\\\tRtlGetFullPathName_UEx [0x77767F1B+123]\\\\n\"}}'}\n\n    def check_response(self, response: Dict[str, Any]) -> None:\n        \"\"\"Checks that a JSON response from the WebDriver does not have an\n        error.\n    \n        :Args:\n         - response - The JSON response from the WebDriver server as a dictionary\n           object.\n    \n        :Raises: If the response contains an error message.\n        \"\"\"\n        status = response.get(\"status\", None)\n        if not status or status == ErrorCode.SUCCESS:\n            return\n        value = None\n        message = response.get(\"message\", \"\")\n        screen: str = response.get(\"screen\", \"\")\n        stacktrace = None\n        if isinstance(status, int):\n            value_json = response.get(\"value\", None)\n            if value_json and isinstance(value_json, str):\n                import json\n    \n                try:\n                    value = json.loads(value_json)\n                    if len(value) == 1:\n                        value = value[\"value\"]\n                    status = value.get(\"error\", None)\n                    if not status:\n                        status = value.get(\"status\", ErrorCode.UNKNOWN_ERROR)\n                        message = value.get(\"value\") or value.get(\"message\")\n                        if not isinstance(message, str):\n                            value = message\n                            message = message.get(\"message\")\n                    else:\n                        message = value.get(\"message\", None)\n                except ValueError:\n                    pass\n    \n        exception_class: Type[WebDriverException]\n        e = ErrorCode()\n        error_codes = [item for item in dir(e) if not item.startswith(\"__\")]\n        for error_code in error_codes:\n            error_info = getattr(ErrorCode, error_code)\n            if isinstance(error_info, list) and status in error_info:\n                exception_class = getattr(ExceptionMapping, error_code, WebDriverException)\n                break\n        else:\n            exception_class = WebDriverException\n    \n        if not value:\n            value = response[\"value\"]\n        if isinstance(value, str):\n            raise exception_class(value)\n        if message == \"\" and \"message\" in value:\n            message = value[\"message\"]\n    \n        screen = None  # type: ignore[assignment]\n        if \"screen\" in value:\n            screen = value[\"screen\"]\n    \n        stacktrace = None\n        st_value = value.get(\"stackTrace\") or value.get(\"stacktrace\")\n        if st_value:\n            if isinstance(st_value, str):\n                stacktrace = st_value.split(\"\\n\")\n            else:\n                stacktrace = []\n                try:\n                    for frame in st_value:\n                        line = frame.get(\"lineNumber\", \"\")\n                        file = frame.get(\"fileName\", \"<anonymous>\")\n                        if line:\n                            file = f\"{file}:{line}\"\n                        meth = frame.get(\"methodName\", \"<anonymous>\")\n                        if \"className\" in frame:\n                            meth = f\"{frame['className']}.{meth}\"\n                        msg = \"    at %s (%s)\"\n                        msg = msg % (meth, file)\n                        stacktrace.append(msg)\n                except TypeError:\n                    pass\n        if exception_class == UnexpectedAlertPresentException:\n            alert_text = None\n            if \"data\" in value:\n                alert_text = value[\"data\"].get(\"text\")\n            elif \"alert\" in value:\n                alert_text = value[\"alert\"].get(\"text\")\n            raise exception_class(message, screen, stacktrace, alert_text)  # type: ignore[call-arg]  # mypy is not smart enough here\n>       raise exception_class(message, screen, stacktrace)\nE       selenium.common.exceptions.StaleElementReferenceException: Message: stale element reference: stale element not found in the current frame\nE         (Session info: chrome=125.0.6422.142); For documentation on this error, please visit: https://www.selenium.dev/documentation/webdriver/troubleshooting/errors#stale-element-reference-exception\nE       Stacktrace:\nE       \tGetHandleVerifier [0x0093B8E3+45827]\nE       \t(No symbol) [0x008CDCC4]\nE       \t(No symbol) [0x007C150F]\nE       \t(No symbol) [0x007C660F]\nE       \t(No symbol) [0x007C8298]\nE       \t(No symbol) [0x007C8310]\nE       \t(No symbol) [0x00807F89]\nE       \t(No symbol) [0x00805E66]\nE       \t(No symbol) [0x0080425B]\nE       \t(No symbol) [0x00803823]\nE       \t(No symbol) [0x007F85EF]\nE       \t(No symbol) [0x00822DFC]\nE       \t(No symbol) [0x007F8075]\nE       \t(No symbol) [0x00823094]\nE       \t(No symbol) [0x0083C034]\nE       \t(No symbol) [0x00822B96]\nE       \t(No symbol) [0x007F6998]\nE       \t(No symbol) [0x007F751D]\nE       \tGetHandleVerifier [0x00BF4513+2899763]\nE       \tGetHandleVerifier [0x00C4793D+3240797]\nE       \tGetHandleVerifier [0x009C13B4+593364]\nE       \tGetHandleVerifier [0x009C82DC+621820]\nE       \t(No symbol) [0x008D70A4]\nE       \t(No symbol) [0x008D37A8]\nE       \t(No symbol) [0x008D3947]\nE       \t(No symbol) [0x008C59FE]\nE       \tBaseThreadInitThunk [0x759267F9+25]\nE       \tRtlGetFullPathName_UEx [0x77767F4D+173]\nE       \tRtlGetFullPathName_UEx [0x77767F1B+123]\n\nC:\\Users\\runneradmin\\AppData\\Local\\pypoetry\\Cache\\virtualenvs\\testcapitalcompyse-ahTg7XpD-py3.12\\Lib\\site-packages\\selenium\\webdriver\\remote\\errorhandler.py:229: StaleElementReferenceException","steps":[{"name":"Start test open Trading instrument page","time":{"start":1718813990991,"stop":1718814000885,"duration":9894},"status":"broken","statusMessage":"selenium.common.exceptions.StaleElementReferenceException: Message: stale element reference: stale element not found in the current frame\n  (Session info: chrome=125.0.6422.142); For documentation on this error, please visit: https://www.selenium.dev/documentation/webdriver/troubleshooting/errors#stale-element-reference-exception\nStacktrace:\n\tGetHandleVerifier [0x0093B8E3+45827]\n\t(No symbol) [0x008CDCC4]\n\t(No symbol) [0x007C150F]\n\t(No symbol) [0x007C660F]\n\t(No symbol) [0x007C8298]\n\t(No symbol) [0x007C8310]\n\t(No symbol) [0x00807F89]\n\t(No symbol) [0x00805E66]\n\t(No symbol) [0x0080425B]\n\t(No symbol) [0x00803823]\n\t(No symbol) [0x007F85EF]\n\t(No symbol) [0x00822DFC]\n\t(No symbol) [0x007F8075]\n\t(No symbol) [0x00823094]\n\t(No symbol) [0x0083C034]\n\t(No symbol) [0x00822B96]\n\t(No symbol) [0x007F6998]\n\t(No symbol) [0x007F751D]\n\tGetHandleVerifier [0x00BF4513+2899763]\n\tGetHandleVerifier [0x00C4793D+3240797]\n\tGetHandleVerifier [0x009C13B4+593364]\n\tGetHandleVerifier [0x009C82DC+621820]\n\t(No symbol) [0x008D70A4]\n\t(No symbol) [0x008D37A8]\n\t(No symbol) [0x008D3947]\n\t(No symbol) [0x008C59FE]\n\tBaseThreadInitThunk [0x759267F9+25]\n\tRtlGetFullPathName_UEx [0x77767F4D+173]\n\tRtlGetFullPathName_UEx [0x77767F1B+123]\n\n","statusTrace":"  File \"C:\\Users\\runneradmin\\AppData\\Local\\pypoetry\\Cache\\virtualenvs\\testcapitalcompyse-ahTg7XpD-py3.12\\Lib\\site-packages\\allure_commons\\_allure.py\", line 192, in impl\n    return func(*a, **kw)\n           ^^^^^^^^^^^^^^\n  File \"D:\\a\\TestCapitalComPySe\\TestCapitalComPySe\\tests\\US_01_Markets\\US_01-01_All_markets\\US_01-01-00_All_Markets_test.py\", line 128, in test_004_trading_instrument\n    test_element.full_test(d, cur_language, cur_country, cur_role, cur_item_link, cur_market)\n  File \"D:\\a\\TestCapitalComPySe\\TestCapitalComPySe\\pages\\Elements\\TableTradingInstrumentItiemAllMarkets.py\", line 30, in full_test\n    self.element_click(d, cur_item_link)\n  File \"C:\\Users\\runneradmin\\AppData\\Local\\pypoetry\\Cache\\virtualenvs\\testcapitalcompyse-ahTg7XpD-py3.12\\Lib\\site-packages\\allure_commons\\_allure.py\", line 192, in impl\n    return func(*a, **kw)\n           ^^^^^^^^^^^^^^\n  File \"D:\\a\\TestCapitalComPySe\\TestCapitalComPySe\\pages\\Elements\\TableTradingInstrumentItiemAllMarkets.py\", line 125, in element_click\n    instruments_list[value].click()\n  File \"C:\\Users\\runneradmin\\AppData\\Local\\pypoetry\\Cache\\virtualenvs\\testcapitalcompyse-ahTg7XpD-py3.12\\Lib\\site-packages\\selenium\\webdriver\\remote\\webelement.py\", line 94, in click\n    self._execute(Command.CLICK_ELEMENT)\n  File \"C:\\Users\\runneradmin\\AppData\\Local\\pypoetry\\Cache\\virtualenvs\\testcapitalcompyse-ahTg7XpD-py3.12\\Lib\\site-packages\\selenium\\webdriver\\remote\\webelement.py\", line 395, in _execute\n    return self._parent.execute(command, params)\n           ^^^^^^^^^^^^^^^^^^^^^^^^^^^^^^^^^^^^^\n  File \"C:\\Users\\runneradmin\\AppData\\Local\\pypoetry\\Cache\\virtualenvs\\testcapitalcompyse-ahTg7XpD-py3.12\\Lib\\site-packages\\selenium\\webdriver\\remote\\webdriver.py\", line 347, in execute\n    self.error_handler.check_response(response)\n  File \"C:\\Users\\runneradmin\\AppData\\Local\\pypoetry\\Cache\\virtualenvs\\testcapitalcompyse-ahTg7XpD-py3.12\\Lib\\site-packages\\selenium\\webdriver\\remote\\errorhandler.py\", line 229, in check_response\n    raise exception_class(message, screen, stacktrace)\n","steps":[{"name":"Preconditions","time":{"start":1718813990993,"stop":1718813996992,"duration":5999},"status":"passed","steps":[{"name":"2024-06-19 16:14:06.421568   Start Checking Captcha","time":{"start":1718813992794,"stop":1718813993846,"duration":1052},"status":"passed","steps":[],"attachments":[],"parameters":[],"shouldDisplayMessage":false,"stepsCount":0,"attachmentsCount":0,"hasContent":false,"attachmentStep":false},{"name":"2024-06-19 16:14:06.421568   Start Checking Captcha","time":{"start":1718813993846,"stop":1718813994892,"duration":1046},"status":"passed","steps":[],"attachments":[],"parameters":[],"shouldDisplayMessage":false,"stepsCount":0,"attachmentsCount":0,"hasContent":false,"attachmentStep":false},{"name":"2024-06-19 16:14:06.421568   Start Checking Captcha","time":{"start":1718813994892,"stop":1718813995932,"duration":1040},"status":"passed","steps":[],"attachments":[],"parameters":[],"shouldDisplayMessage":false,"stepsCount":0,"attachmentsCount":0,"hasContent":false,"attachmentStep":false},{"name":"2024-06-19 16:14:06.421568   Start Checking Captcha","time":{"start":1718813995932,"stop":1718813996989,"duration":1057},"status":"passed","steps":[],"attachments":[],"parameters":[],"shouldDisplayMessage":false,"stepsCount":0,"attachmentsCount":0,"hasContent":false,"attachmentStep":false}],"attachments":[],"parameters":[{"name":"d","value":"<selenium.webdriver.chrome.webdriver.WebDriver (session=\"ccbdace1d670e4084c14714f2feeb0e7\")>"},{"name":"host","value":"'https://capital.com/'"},{"name":"end_point","value":"''"},{"name":"cur_language","value":"'fr'"},{"name":"cur_country","value":"'de'"},{"name":"cur_role","value":"'NoAuth'"},{"name":"cur_login","value":"'test001.miketar+1@gmail.com'"},{"name":"cur_password","value":"'Qwer1234-!@#$'"}],"shouldDisplayMessage":false,"stepsCount":4,"attachmentsCount":0,"hasContent":true,"attachmentStep":false},{"name":"Select \"Markets\" menu, \"All Markets\" submenu","time":{"start":1718813996992,"stop":1718814000662,"duration":3670},"status":"passed","steps":[{"name":"Focus moved to 'Markets' menu","time":{"start":1718813997005,"stop":1718813998815,"duration":1810},"status":"passed","steps":[],"attachments":[],"parameters":[{"name":"d","value":"<selenium.webdriver.chrome.webdriver.WebDriver (session=\"ccbdace1d670e4084c14714f2feeb0e7\")>"},{"name":"test_language","value":"'fr'"},{"name":"test_country","value":"'de'"}],"shouldDisplayMessage":false,"stepsCount":0,"attachmentsCount":0,"hasContent":true,"attachmentStep":false},{"name":"Focus move to 'All Markets' submenu and click.","time":{"start":1718813998815,"stop":1718814000380,"duration":1565},"status":"passed","steps":[],"attachments":[],"parameters":[{"name":"d","value":"<selenium.webdriver.chrome.webdriver.WebDriver (session=\"ccbdace1d670e4084c14714f2feeb0e7\")>"},{"name":"test_language","value":"'fr'"}],"shouldDisplayMessage":false,"stepsCount":0,"attachmentsCount":0,"hasContent":true,"attachmentStep":false}],"attachments":[],"parameters":[{"name":"d","value":"<selenium.webdriver.chrome.webdriver.WebDriver (session=\"ccbdace1d670e4084c14714f2feeb0e7\")>"},{"name":"cur_language","value":"'fr'"},{"name":"cur_country","value":"'de'"},{"name":"link","value":"'https://capital.com/fr'"}],"shouldDisplayMessage":false,"stepsCount":2,"attachmentsCount":0,"hasContent":true,"attachmentStep":false},{"name":"Click line instrument","time":{"start":1718814000797,"stop":1718814000884,"duration":87},"status":"broken","statusMessage":"selenium.common.exceptions.StaleElementReferenceException: Message: stale element reference: stale element not found in the current frame\n  (Session info: chrome=125.0.6422.142); For documentation on this error, please visit: https://www.selenium.dev/documentation/webdriver/troubleshooting/errors#stale-element-reference-exception\nStacktrace:\n\tGetHandleVerifier [0x0093B8E3+45827]\n\t(No symbol) [0x008CDCC4]\n\t(No symbol) [0x007C150F]\n\t(No symbol) [0x007C660F]\n\t(No symbol) [0x007C8298]\n\t(No symbol) [0x007C8310]\n\t(No symbol) [0x00807F89]\n\t(No symbol) [0x00805E66]\n\t(No symbol) [0x0080425B]\n\t(No symbol) [0x00803823]\n\t(No symbol) [0x007F85EF]\n\t(No symbol) [0x00822DFC]\n\t(No symbol) [0x007F8075]\n\t(No symbol) [0x00823094]\n\t(No symbol) [0x0083C034]\n\t(No symbol) [0x00822B96]\n\t(No symbol) [0x007F6998]\n\t(No symbol) [0x007F751D]\n\tGetHandleVerifier [0x00BF4513+2899763]\n\tGetHandleVerifier [0x00C4793D+3240797]\n\tGetHandleVerifier [0x009C13B4+593364]\n\tGetHandleVerifier [0x009C82DC+621820]\n\t(No symbol) [0x008D70A4]\n\t(No symbol) [0x008D37A8]\n\t(No symbol) [0x008D3947]\n\t(No symbol) [0x008C59FE]\n\tBaseThreadInitThunk [0x759267F9+25]\n\tRtlGetFullPathName_UEx [0x77767F4D+173]\n\tRtlGetFullPathName_UEx [0x77767F1B+123]\n\n","statusTrace":"  File \"C:\\Users\\runneradmin\\AppData\\Local\\pypoetry\\Cache\\virtualenvs\\testcapitalcompyse-ahTg7XpD-py3.12\\Lib\\site-packages\\allure_commons\\_allure.py\", line 192, in impl\n    return func(*a, **kw)\n           ^^^^^^^^^^^^^^\n  File \"D:\\a\\TestCapitalComPySe\\TestCapitalComPySe\\pages\\Elements\\TableTradingInstrumentItiemAllMarkets.py\", line 125, in element_click\n    instruments_list[value].click()\n  File \"C:\\Users\\runneradmin\\AppData\\Local\\pypoetry\\Cache\\virtualenvs\\testcapitalcompyse-ahTg7XpD-py3.12\\Lib\\site-packages\\selenium\\webdriver\\remote\\webelement.py\", line 94, in click\n    self._execute(Command.CLICK_ELEMENT)\n  File \"C:\\Users\\runneradmin\\AppData\\Local\\pypoetry\\Cache\\virtualenvs\\testcapitalcompyse-ahTg7XpD-py3.12\\Lib\\site-packages\\selenium\\webdriver\\remote\\webelement.py\", line 395, in _execute\n    return self._parent.execute(command, params)\n           ^^^^^^^^^^^^^^^^^^^^^^^^^^^^^^^^^^^^^\n  File \"C:\\Users\\runneradmin\\AppData\\Local\\pypoetry\\Cache\\virtualenvs\\testcapitalcompyse-ahTg7XpD-py3.12\\Lib\\site-packages\\selenium\\webdriver\\remote\\webdriver.py\", line 347, in execute\n    self.error_handler.check_response(response)\n  File \"C:\\Users\\runneradmin\\AppData\\Local\\pypoetry\\Cache\\virtualenvs\\testcapitalcompyse-ahTg7XpD-py3.12\\Lib\\site-packages\\selenium\\webdriver\\remote\\errorhandler.py\", line 229, in check_response\n    raise exception_class(message, screen, stacktrace)\n","steps":[],"attachments":[],"parameters":[{"name":"d","value":"<selenium.webdriver.chrome.webdriver.WebDriver (session=\"ccbdace1d670e4084c14714f2feeb0e7\")>"},{"name":"cur_item_link","value":"'https://capital.com/fr/instruments-financiers-derives'"}],"shouldDisplayMessage":true,"stepsCount":0,"attachmentsCount":0,"hasContent":true,"attachmentStep":false}],"attachments":[],"parameters":[{"name":"worker_id","value":"'master'"},{"name":"d","value":"<selenium.webdriver.chrome.webdriver.WebDriver (session=\"ccbdace1d670e4084c14714f2feeb0e7\")>"},{"name":"cur_language","value":"'fr'"},{"name":"cur_country","value":"'de'"},{"name":"cur_role","value":"'NoAuth'"},{"name":"cur_login","value":"'test001.miketar+1@gmail.com'"},{"name":"cur_password","value":"'Qwer1234-!@#$'"},{"name":"cur_market","value":"'Forex'"}],"shouldDisplayMessage":false,"stepsCount":9,"attachmentsCount":0,"hasContent":true,"attachmentStep":false}],"attachments":[{"uid":"8b87b4dabeabe577","name":"Screenshot","source":"8b87b4dabeabe577.png","type":"image/png","size":97588},{"uid":"451e7212d2414bbc","name":"stdout","source":"451e7212d2414bbc.txt","type":"text/plain","size":3843}],"parameters":[],"shouldDisplayMessage":true,"stepsCount":10,"attachmentsCount":2,"hasContent":true,"attachmentStep":false},"afterStages":[{"name":"d::0","time":{"start":1718814001763,"stop":1718814004138,"duration":2375},"status":"passed","steps":[],"attachments":[],"parameters":[],"shouldDisplayMessage":false,"stepsCount":0,"attachmentsCount":0,"hasContent":false,"attachmentStep":false}],"labels":[{"name":"epic","value":"US_01.01 | Markets > Menu item [All markets]"},{"name":"feature","value":"Language: fr"},{"name":"story","value":"Country: de / Role: NoAuth"},{"name":"tag","value":"test_004"},{"name":"tag","value":"us_01_01_00"},{"name":"parentSuite","value":"tests.US_01_Markets.US_01-01_All_markets"},{"name":"suite","value":"US_01-01-00_All_Markets_test"},{"name":"subSuite","value":"TestAllMarkets"},{"name":"host","value":"fv-az1435-338"},{"name":"thread","value":"508-MainThread"},{"name":"framework","value":"pytest"},{"name":"language","value":"cpython3"},{"name":"package","value":"tests.US_01_Markets.US_01-01_All_markets.US_01-01-00_All_Markets_test"},{"name":"resultFormat","value":"allure2"}],"parameters":[{"name":"cur_country","value":"'de'"},{"name":"cur_language","value":"'fr'"},{"name":"cur_login","value":"'test001.miketar+1@gmail.com'"},{"name":"cur_market","value":"'Forex'"},{"name":"cur_password","value":"'Qwer1234-!@#$'"},{"name":"cur_role","value":"'NoAuth'"},{"name":"d","value":"'Chrome'"}],"links":[],"hidden":false,"retry":false,"extra":{"severity":"normal","retries":[],"categories":[{"name":"Test defects","matchedStatuses":[],"flaky":false}],"tags":["us_01_01_00","test_004"]},"source":"7d9a677049a21049.json","parameterValues":["'de'","'fr'","'test001.miketar+1@gmail.com'","'Forex'","'Qwer1234-!@#$'","'NoAuth'","'Chrome'"]}