{"uid":"a916e5e67800ab54","name":"TC_11.02.05.00_06 | Testing button on the block [Horizontal banner]. Bid:11.02.05.00_06-fr.de.Auth","fullName":"tests.US_11_Education.US_11-02-05_Cryptocurrency_trading.us_11-02-05-00_cryptocurrency_trading_test.TestCryptocurrencyTrading#test_06_block_horizontal_banner_button","historyId":"d92f1a2e74fb7c78a266a94aab1d77ba","time":{"start":1718823436398,"stop":1718823454564,"duration":18166},"description":"\n        Check: Button on the block [Horizontal banner]\n        Language: DE, ES, FR, IT, PL, RO, RU, ZH. License: All,except FCA (GB country)\n        For \"Authorized user\" role:\n            The Trading platform (TP) or Demo trading platform (TPD) are opened depending on the banner:\n            TP if banner from the Live mode banners list / TPD if banner from the Demo mode banners list\n        ","descriptionHtml":"<pre><code>    Check: Button on the block [Horizontal banner]\n    Language: DE, ES, FR, IT, PL, RO, RU, ZH. License: All,except FCA (GB country)\n    For &quot;Authorized user&quot; role:\n        The Trading platform (TP) or Demo trading platform (TPD) are opened depending on the banner:\n        TP if banner from the Live mode banners list / TPD if banner from the Demo mode banners list\n</code></pre>\n","status":"broken","statusMessage":"selenium.common.exceptions.WebDriverException: Message: no such execution context\n  (Session info: chrome=125.0.6422.142)\nStacktrace:\n\tGetHandleVerifier [0x0093B8E3+45827]\n\t(No symbol) [0x008CDCC4]\n\t(No symbol) [0x007C138D]\n\t(No symbol) [0x007ACB66]\n\t(No symbol) [0x007AB5C3]\n\t(No symbol) [0x007ABD1D]\n\t(No symbol) [0x007B863F]\n\t(No symbol) [0x007CBF01]\n\t(No symbol) [0x007D03A6]\n\t(No symbol) [0x007AC38C]\n\t(No symbol) [0x007CBB9E]\n\t(No symbol) [0x0083C320]\n\t(No symbol) [0x00822B96]\n\t(No symbol) [0x007F6998]\n\t(No symbol) [0x007F751D]\n\tGetHandleVerifier [0x00BF4513+2899763]\n\tGetHandleVerifier [0x00C4793D+3240797]\n\tGetHandleVerifier [0x009C13B4+593364]\n\tGetHandleVerifier [0x009C82DC+621820]\n\t(No symbol) [0x008D70A4]\n\t(No symbol) [0x008D37A8]\n\t(No symbol) [0x008D3947]\n\t(No symbol) [0x008C59FE]\n\tBaseThreadInitThunk [0x759267F9+25]\n\tRtlGetFullPathName_UEx [0x77767F4D+173]\n\tRtlGetFullPathName_UEx [0x77767F1B+123]","statusTrace":"self = <us_11-02-05-00_cryptocurrency_trading_test.TestCryptocurrencyTrading object at 0x0000021ED7781070>\nworker_id = 'master'\nd = <selenium.webdriver.chrome.webdriver.WebDriver (session=\"ab4a6fde7437edab43eb7bf587b7b606\")>\ncur_language = 'fr', cur_country = 'de', cur_role = 'Auth'\ncur_login = 'test001.miketar+1@gmail.com', cur_password = 'Qwer1234-!@#$'\n\n    @allure.step(\"Test button on the block [Horizontal banner]\")\n    @pytest.mark.test_06\n    def test_06_block_horizontal_banner_button(\n            self, worker_id, d, cur_language, cur_country, cur_role, cur_login, cur_password):\n        \"\"\"\n        Check: Button on the block [Horizontal banner]\n        Language: DE, ES, FR, IT, PL, RO, RU, ZH. License: All,except FCA (GB country)\n        For \"Authorized user\" role:\n            The Trading platform (TP) or Demo trading platform (TPD) are opened depending on the banner:\n            TP if banner from the Live mode banners list / TPD if banner from the Demo mode banners list\n        \"\"\"\n        bid = build_dynamic_arg_v4(\n            d, worker_id, cur_language, cur_country, cur_role,\n            \"11.02.05\", \"Education > Menu item [Cryptocurrency trading]\",\n            \".00_06\", \"Testing button on the block [Horizontal banner]\")\n    \n        Common().check_country_in_list_and_skip_if_present(cur_country, [\"gb\"])\n        Common().skip_if_eng_lang_and_fca_license(cur_language, cur_country)\n        Common().check_language_in_list_and_skip_if_not_present(\n            cur_language, [\"de\", \"es\", \"fr\", \"it\", \"pl\", \"ro\", \"ru\", \"zh\"])\n    \n        page_conditions = Conditions(d, \"\")\n        main_page_link = page_conditions.preconditions(\n            d, CapitalComPageSrc.URL, \"\", cur_language, cur_country, cur_role, cur_login, cur_password)\n    \n        page_menu = MenuSection(d, main_page_link)\n        cur_menu_link = page_menu.open_education_cryptocurrency_trading_menu(\n            d, cur_language, cur_country, main_page_link)\n    \n        # баннеры открываются в Demo mode for .00_06\n        banner00_hor_tpd = [\"167\", \"197\", \"252\"]\n        # баннеры открываются в Live mode for .00_06\n        banner00_hor_tp = [\"220\", \"291\", \"378\", \"390\", \"427\", \"428\"]\n        # банеры должны открываться в Demo mode for .01_06\n        banner01_hor_tpd = []\n        # банеры должны открываться в Live mode for .01_06\n        banner01_hor_tp = []\n    \n        test_element = ButtonOnHorizontalBanner(d, cur_menu_link, bid)\n>       test_element.full_test_with_tpi(d, cur_language, cur_country, cur_role, cur_menu_link,\n                                        banner00_hor_tpd, banner00_hor_tp, banner01_hor_tpd, banner01_hor_tp)\n\ntests\\US_11_Education\\US_11-02-05_Cryptocurrency_trading\\us_11-02-05-00_cryptocurrency_trading_test.py:241: \n_ _ _ _ _ _ _ _ _ _ _ _ _ _ _ _ _ _ _ _ _ _ _ _ _ _ _ _ _ _ _ _ _ _ _ _ _ _ _ _\npages\\Elements\\HorizontalBannerButton.py:31: in full_test_with_tpi\n    data_id = self.element_click()\npages\\Elements\\HorizontalBannerButton.py:104: in element_click\n    web_element.click()\nC:\\Users\\runneradmin\\AppData\\Local\\pypoetry\\Cache\\virtualenvs\\testcapitalcompyse-ahTg7XpD-py3.12\\Lib\\site-packages\\selenium\\webdriver\\remote\\webelement.py:94: in click\n    self._execute(Command.CLICK_ELEMENT)\nC:\\Users\\runneradmin\\AppData\\Local\\pypoetry\\Cache\\virtualenvs\\testcapitalcompyse-ahTg7XpD-py3.12\\Lib\\site-packages\\selenium\\webdriver\\remote\\webelement.py:395: in _execute\n    return self._parent.execute(command, params)\nC:\\Users\\runneradmin\\AppData\\Local\\pypoetry\\Cache\\virtualenvs\\testcapitalcompyse-ahTg7XpD-py3.12\\Lib\\site-packages\\selenium\\webdriver\\remote\\webdriver.py:347: in execute\n    self.error_handler.check_response(response)\n_ _ _ _ _ _ _ _ _ _ _ _ _ _ _ _ _ _ _ _ _ _ _ _ _ _ _ _ _ _ _ _ _ _ _ _ _ _ _ _\n\nself = <selenium.webdriver.remote.errorhandler.ErrorHandler object at 0x0000021ED6663740>\nresponse = {'status': 400, 'value': '{\"value\":{\"error\":\"no such execution context\",\"message\":\"no such execution context\\\\n  (Sess...Thunk [0x759267F9+25]\\\\n\\\\tRtlGetFullPathName_UEx [0x77767F4D+173]\\\\n\\\\tRtlGetFullPathName_UEx [0x77767F1B+123]\\\\n\"}}'}\n\n    def check_response(self, response: Dict[str, Any]) -> None:\n        \"\"\"Checks that a JSON response from the WebDriver does not have an\n        error.\n    \n        :Args:\n         - response - The JSON response from the WebDriver server as a dictionary\n           object.\n    \n        :Raises: If the response contains an error message.\n        \"\"\"\n        status = response.get(\"status\", None)\n        if not status or status == ErrorCode.SUCCESS:\n            return\n        value = None\n        message = response.get(\"message\", \"\")\n        screen: str = response.get(\"screen\", \"\")\n        stacktrace = None\n        if isinstance(status, int):\n            value_json = response.get(\"value\", None)\n            if value_json and isinstance(value_json, str):\n                import json\n    \n                try:\n                    value = json.loads(value_json)\n                    if len(value) == 1:\n                        value = value[\"value\"]\n                    status = value.get(\"error\", None)\n                    if not status:\n                        status = value.get(\"status\", ErrorCode.UNKNOWN_ERROR)\n                        message = value.get(\"value\") or value.get(\"message\")\n                        if not isinstance(message, str):\n                            value = message\n                            message = message.get(\"message\")\n                    else:\n                        message = value.get(\"message\", None)\n                except ValueError:\n                    pass\n    \n        exception_class: Type[WebDriverException]\n        e = ErrorCode()\n        error_codes = [item for item in dir(e) if not item.startswith(\"__\")]\n        for error_code in error_codes:\n            error_info = getattr(ErrorCode, error_code)\n            if isinstance(error_info, list) and status in error_info:\n                exception_class = getattr(ExceptionMapping, error_code, WebDriverException)\n                break\n        else:\n            exception_class = WebDriverException\n    \n        if not value:\n            value = response[\"value\"]\n        if isinstance(value, str):\n            raise exception_class(value)\n        if message == \"\" and \"message\" in value:\n            message = value[\"message\"]\n    \n        screen = None  # type: ignore[assignment]\n        if \"screen\" in value:\n            screen = value[\"screen\"]\n    \n        stacktrace = None\n        st_value = value.get(\"stackTrace\") or value.get(\"stacktrace\")\n        if st_value:\n            if isinstance(st_value, str):\n                stacktrace = st_value.split(\"\\n\")\n            else:\n                stacktrace = []\n                try:\n                    for frame in st_value:\n                        line = frame.get(\"lineNumber\", \"\")\n                        file = frame.get(\"fileName\", \"<anonymous>\")\n                        if line:\n                            file = f\"{file}:{line}\"\n                        meth = frame.get(\"methodName\", \"<anonymous>\")\n                        if \"className\" in frame:\n                            meth = f\"{frame['className']}.{meth}\"\n                        msg = \"    at %s (%s)\"\n                        msg = msg % (meth, file)\n                        stacktrace.append(msg)\n                except TypeError:\n                    pass\n        if exception_class == UnexpectedAlertPresentException:\n            alert_text = None\n            if \"data\" in value:\n                alert_text = value[\"data\"].get(\"text\")\n            elif \"alert\" in value:\n                alert_text = value[\"alert\"].get(\"text\")\n            raise exception_class(message, screen, stacktrace, alert_text)  # type: ignore[call-arg]  # mypy is not smart enough here\n>       raise exception_class(message, screen, stacktrace)\nE       selenium.common.exceptions.WebDriverException: Message: no such execution context\nE         (Session info: chrome=125.0.6422.142)\nE       Stacktrace:\nE       \tGetHandleVerifier [0x0093B8E3+45827]\nE       \t(No symbol) [0x008CDCC4]\nE       \t(No symbol) [0x007C138D]\nE       \t(No symbol) [0x007ACB66]\nE       \t(No symbol) [0x007AB5C3]\nE       \t(No symbol) [0x007ABD1D]\nE       \t(No symbol) [0x007B863F]\nE       \t(No symbol) [0x007CBF01]\nE       \t(No symbol) [0x007D03A6]\nE       \t(No symbol) [0x007AC38C]\nE       \t(No symbol) [0x007CBB9E]\nE       \t(No symbol) [0x0083C320]\nE       \t(No symbol) [0x00822B96]\nE       \t(No symbol) [0x007F6998]\nE       \t(No symbol) [0x007F751D]\nE       \tGetHandleVerifier [0x00BF4513+2899763]\nE       \tGetHandleVerifier [0x00C4793D+3240797]\nE       \tGetHandleVerifier [0x009C13B4+593364]\nE       \tGetHandleVerifier [0x009C82DC+621820]\nE       \t(No symbol) [0x008D70A4]\nE       \t(No symbol) [0x008D37A8]\nE       \t(No symbol) [0x008D3947]\nE       \t(No symbol) [0x008C59FE]\nE       \tBaseThreadInitThunk [0x759267F9+25]\nE       \tRtlGetFullPathName_UEx [0x77767F4D+173]\nE       \tRtlGetFullPathName_UEx [0x77767F1B+123]\n\nC:\\Users\\runneradmin\\AppData\\Local\\pypoetry\\Cache\\virtualenvs\\testcapitalcompyse-ahTg7XpD-py3.12\\Lib\\site-packages\\selenium\\webdriver\\remote\\errorhandler.py:229: WebDriverException","flaky":false,"newFailed":false,"newBroken":false,"newPassed":false,"retriesCount":0,"retriesStatusChange":false,"beforeStages":[{"name":"d","time":{"start":1718823157608,"stop":1718823159333,"duration":1725},"status":"passed","steps":[],"attachments":[],"parameters":[],"shouldDisplayMessage":false,"stepsCount":0,"attachmentsCount":0,"hasContent":false,"attachmentStep":false},{"name":"worker_id","time":{"start":1718823159333,"stop":1718823159333,"duration":0},"status":"passed","steps":[],"attachments":[],"parameters":[],"shouldDisplayMessage":false,"stepsCount":0,"attachmentsCount":0,"hasContent":false,"attachmentStep":false},{"name":"cur_language","time":{"start":1718823159334,"stop":1718823159334,"duration":0},"status":"passed","steps":[],"attachments":[],"parameters":[],"shouldDisplayMessage":false,"stepsCount":0,"attachmentsCount":0,"hasContent":false,"attachmentStep":false},{"name":"cur_login","time":{"start":1718823159334,"stop":1718823159334,"duration":0},"status":"passed","steps":[],"attachments":[],"parameters":[],"shouldDisplayMessage":false,"stepsCount":0,"attachmentsCount":0,"hasContent":false,"attachmentStep":false},{"name":"cur_password","time":{"start":1718823159334,"stop":1718823159334,"duration":0},"status":"passed","steps":[],"attachments":[],"parameters":[],"shouldDisplayMessage":false,"stepsCount":0,"attachmentsCount":0,"hasContent":false,"attachmentStep":false},{"name":"cur_country","time":{"start":1718823159334,"stop":1718823159334,"duration":0},"status":"passed","steps":[],"attachments":[],"parameters":[],"shouldDisplayMessage":false,"stepsCount":0,"attachmentsCount":0,"hasContent":false,"attachmentStep":false},{"name":"cur_role","time":{"start":1718823295708,"stop":1718823295708,"duration":0},"status":"passed","steps":[],"attachments":[],"parameters":[],"shouldDisplayMessage":false,"stepsCount":0,"attachmentsCount":0,"hasContent":false,"attachmentStep":false}],"testStage":{"description":"\n        Check: Button on the block [Horizontal banner]\n        Language: DE, ES, FR, IT, PL, RO, RU, ZH. License: All,except FCA (GB country)\n        For \"Authorized user\" role:\n            The Trading platform (TP) or Demo trading platform (TPD) are opened depending on the banner:\n            TP if banner from the Live mode banners list / TPD if banner from the Demo mode banners list\n        ","status":"broken","statusMessage":"selenium.common.exceptions.WebDriverException: Message: no such execution context\n  (Session info: chrome=125.0.6422.142)\nStacktrace:\n\tGetHandleVerifier [0x0093B8E3+45827]\n\t(No symbol) [0x008CDCC4]\n\t(No symbol) [0x007C138D]\n\t(No symbol) [0x007ACB66]\n\t(No symbol) [0x007AB5C3]\n\t(No symbol) [0x007ABD1D]\n\t(No symbol) [0x007B863F]\n\t(No symbol) [0x007CBF01]\n\t(No symbol) [0x007D03A6]\n\t(No symbol) [0x007AC38C]\n\t(No symbol) [0x007CBB9E]\n\t(No symbol) [0x0083C320]\n\t(No symbol) [0x00822B96]\n\t(No symbol) [0x007F6998]\n\t(No symbol) [0x007F751D]\n\tGetHandleVerifier [0x00BF4513+2899763]\n\tGetHandleVerifier [0x00C4793D+3240797]\n\tGetHandleVerifier [0x009C13B4+593364]\n\tGetHandleVerifier [0x009C82DC+621820]\n\t(No symbol) [0x008D70A4]\n\t(No symbol) [0x008D37A8]\n\t(No symbol) [0x008D3947]\n\t(No symbol) [0x008C59FE]\n\tBaseThreadInitThunk [0x759267F9+25]\n\tRtlGetFullPathName_UEx [0x77767F4D+173]\n\tRtlGetFullPathName_UEx [0x77767F1B+123]","statusTrace":"self = <us_11-02-05-00_cryptocurrency_trading_test.TestCryptocurrencyTrading object at 0x0000021ED7781070>\nworker_id = 'master'\nd = <selenium.webdriver.chrome.webdriver.WebDriver (session=\"ab4a6fde7437edab43eb7bf587b7b606\")>\ncur_language = 'fr', cur_country = 'de', cur_role = 'Auth'\ncur_login = 'test001.miketar+1@gmail.com', cur_password = 'Qwer1234-!@#$'\n\n    @allure.step(\"Test button on the block [Horizontal banner]\")\n    @pytest.mark.test_06\n    def test_06_block_horizontal_banner_button(\n            self, worker_id, d, cur_language, cur_country, cur_role, cur_login, cur_password):\n        \"\"\"\n        Check: Button on the block [Horizontal banner]\n        Language: DE, ES, FR, IT, PL, RO, RU, ZH. License: All,except FCA (GB country)\n        For \"Authorized user\" role:\n            The Trading platform (TP) or Demo trading platform (TPD) are opened depending on the banner:\n            TP if banner from the Live mode banners list / TPD if banner from the Demo mode banners list\n        \"\"\"\n        bid = build_dynamic_arg_v4(\n            d, worker_id, cur_language, cur_country, cur_role,\n            \"11.02.05\", \"Education > Menu item [Cryptocurrency trading]\",\n            \".00_06\", \"Testing button on the block [Horizontal banner]\")\n    \n        Common().check_country_in_list_and_skip_if_present(cur_country, [\"gb\"])\n        Common().skip_if_eng_lang_and_fca_license(cur_language, cur_country)\n        Common().check_language_in_list_and_skip_if_not_present(\n            cur_language, [\"de\", \"es\", \"fr\", \"it\", \"pl\", \"ro\", \"ru\", \"zh\"])\n    \n        page_conditions = Conditions(d, \"\")\n        main_page_link = page_conditions.preconditions(\n            d, CapitalComPageSrc.URL, \"\", cur_language, cur_country, cur_role, cur_login, cur_password)\n    \n        page_menu = MenuSection(d, main_page_link)\n        cur_menu_link = page_menu.open_education_cryptocurrency_trading_menu(\n            d, cur_language, cur_country, main_page_link)\n    \n        # баннеры открываются в Demo mode for .00_06\n        banner00_hor_tpd = [\"167\", \"197\", \"252\"]\n        # баннеры открываются в Live mode for .00_06\n        banner00_hor_tp = [\"220\", \"291\", \"378\", \"390\", \"427\", \"428\"]\n        # банеры должны открываться в Demo mode for .01_06\n        banner01_hor_tpd = []\n        # банеры должны открываться в Live mode for .01_06\n        banner01_hor_tp = []\n    \n        test_element = ButtonOnHorizontalBanner(d, cur_menu_link, bid)\n>       test_element.full_test_with_tpi(d, cur_language, cur_country, cur_role, cur_menu_link,\n                                        banner00_hor_tpd, banner00_hor_tp, banner01_hor_tpd, banner01_hor_tp)\n\ntests\\US_11_Education\\US_11-02-05_Cryptocurrency_trading\\us_11-02-05-00_cryptocurrency_trading_test.py:241: \n_ _ _ _ _ _ _ _ _ _ _ _ _ _ _ _ _ _ _ _ _ _ _ _ _ _ _ _ _ _ _ _ _ _ _ _ _ _ _ _\npages\\Elements\\HorizontalBannerButton.py:31: in full_test_with_tpi\n    data_id = self.element_click()\npages\\Elements\\HorizontalBannerButton.py:104: in element_click\n    web_element.click()\nC:\\Users\\runneradmin\\AppData\\Local\\pypoetry\\Cache\\virtualenvs\\testcapitalcompyse-ahTg7XpD-py3.12\\Lib\\site-packages\\selenium\\webdriver\\remote\\webelement.py:94: in click\n    self._execute(Command.CLICK_ELEMENT)\nC:\\Users\\runneradmin\\AppData\\Local\\pypoetry\\Cache\\virtualenvs\\testcapitalcompyse-ahTg7XpD-py3.12\\Lib\\site-packages\\selenium\\webdriver\\remote\\webelement.py:395: in _execute\n    return self._parent.execute(command, params)\nC:\\Users\\runneradmin\\AppData\\Local\\pypoetry\\Cache\\virtualenvs\\testcapitalcompyse-ahTg7XpD-py3.12\\Lib\\site-packages\\selenium\\webdriver\\remote\\webdriver.py:347: in execute\n    self.error_handler.check_response(response)\n_ _ _ _ _ _ _ _ _ _ _ _ _ _ _ _ _ _ _ _ _ _ _ _ _ _ _ _ _ _ _ _ _ _ _ _ _ _ _ _\n\nself = <selenium.webdriver.remote.errorhandler.ErrorHandler object at 0x0000021ED6663740>\nresponse = {'status': 400, 'value': '{\"value\":{\"error\":\"no such execution context\",\"message\":\"no such execution context\\\\n  (Sess...Thunk [0x759267F9+25]\\\\n\\\\tRtlGetFullPathName_UEx [0x77767F4D+173]\\\\n\\\\tRtlGetFullPathName_UEx [0x77767F1B+123]\\\\n\"}}'}\n\n    def check_response(self, response: Dict[str, Any]) -> None:\n        \"\"\"Checks that a JSON response from the WebDriver does not have an\n        error.\n    \n        :Args:\n         - response - The JSON response from the WebDriver server as a dictionary\n           object.\n    \n        :Raises: If the response contains an error message.\n        \"\"\"\n        status = response.get(\"status\", None)\n        if not status or status == ErrorCode.SUCCESS:\n            return\n        value = None\n        message = response.get(\"message\", \"\")\n        screen: str = response.get(\"screen\", \"\")\n        stacktrace = None\n        if isinstance(status, int):\n            value_json = response.get(\"value\", None)\n            if value_json and isinstance(value_json, str):\n                import json\n    \n                try:\n                    value = json.loads(value_json)\n                    if len(value) == 1:\n                        value = value[\"value\"]\n                    status = value.get(\"error\", None)\n                    if not status:\n                        status = value.get(\"status\", ErrorCode.UNKNOWN_ERROR)\n                        message = value.get(\"value\") or value.get(\"message\")\n                        if not isinstance(message, str):\n                            value = message\n                            message = message.get(\"message\")\n                    else:\n                        message = value.get(\"message\", None)\n                except ValueError:\n                    pass\n    \n        exception_class: Type[WebDriverException]\n        e = ErrorCode()\n        error_codes = [item for item in dir(e) if not item.startswith(\"__\")]\n        for error_code in error_codes:\n            error_info = getattr(ErrorCode, error_code)\n            if isinstance(error_info, list) and status in error_info:\n                exception_class = getattr(ExceptionMapping, error_code, WebDriverException)\n                break\n        else:\n            exception_class = WebDriverException\n    \n        if not value:\n            value = response[\"value\"]\n        if isinstance(value, str):\n            raise exception_class(value)\n        if message == \"\" and \"message\" in value:\n            message = value[\"message\"]\n    \n        screen = None  # type: ignore[assignment]\n        if \"screen\" in value:\n            screen = value[\"screen\"]\n    \n        stacktrace = None\n        st_value = value.get(\"stackTrace\") or value.get(\"stacktrace\")\n        if st_value:\n            if isinstance(st_value, str):\n                stacktrace = st_value.split(\"\\n\")\n            else:\n                stacktrace = []\n                try:\n                    for frame in st_value:\n                        line = frame.get(\"lineNumber\", \"\")\n                        file = frame.get(\"fileName\", \"<anonymous>\")\n                        if line:\n                            file = f\"{file}:{line}\"\n                        meth = frame.get(\"methodName\", \"<anonymous>\")\n                        if \"className\" in frame:\n                            meth = f\"{frame['className']}.{meth}\"\n                        msg = \"    at %s (%s)\"\n                        msg = msg % (meth, file)\n                        stacktrace.append(msg)\n                except TypeError:\n                    pass\n        if exception_class == UnexpectedAlertPresentException:\n            alert_text = None\n            if \"data\" in value:\n                alert_text = value[\"data\"].get(\"text\")\n            elif \"alert\" in value:\n                alert_text = value[\"alert\"].get(\"text\")\n            raise exception_class(message, screen, stacktrace, alert_text)  # type: ignore[call-arg]  # mypy is not smart enough here\n>       raise exception_class(message, screen, stacktrace)\nE       selenium.common.exceptions.WebDriverException: Message: no such execution context\nE         (Session info: chrome=125.0.6422.142)\nE       Stacktrace:\nE       \tGetHandleVerifier [0x0093B8E3+45827]\nE       \t(No symbol) [0x008CDCC4]\nE       \t(No symbol) [0x007C138D]\nE       \t(No symbol) [0x007ACB66]\nE       \t(No symbol) [0x007AB5C3]\nE       \t(No symbol) [0x007ABD1D]\nE       \t(No symbol) [0x007B863F]\nE       \t(No symbol) [0x007CBF01]\nE       \t(No symbol) [0x007D03A6]\nE       \t(No symbol) [0x007AC38C]\nE       \t(No symbol) [0x007CBB9E]\nE       \t(No symbol) [0x0083C320]\nE       \t(No symbol) [0x00822B96]\nE       \t(No symbol) [0x007F6998]\nE       \t(No symbol) [0x007F751D]\nE       \tGetHandleVerifier [0x00BF4513+2899763]\nE       \tGetHandleVerifier [0x00C4793D+3240797]\nE       \tGetHandleVerifier [0x009C13B4+593364]\nE       \tGetHandleVerifier [0x009C82DC+621820]\nE       \t(No symbol) [0x008D70A4]\nE       \t(No symbol) [0x008D37A8]\nE       \t(No symbol) [0x008D3947]\nE       \t(No symbol) [0x008C59FE]\nE       \tBaseThreadInitThunk [0x759267F9+25]\nE       \tRtlGetFullPathName_UEx [0x77767F4D+173]\nE       \tRtlGetFullPathName_UEx [0x77767F1B+123]\n\nC:\\Users\\runneradmin\\AppData\\Local\\pypoetry\\Cache\\virtualenvs\\testcapitalcompyse-ahTg7XpD-py3.12\\Lib\\site-packages\\selenium\\webdriver\\remote\\errorhandler.py:229: WebDriverException","steps":[{"name":"Test button on the block [Horizontal banner]","time":{"start":1718823436398,"stop":1718823454563,"duration":18165},"status":"broken","statusMessage":"selenium.common.exceptions.WebDriverException: Message: no such execution context\n  (Session info: chrome=125.0.6422.142)\nStacktrace:\n\tGetHandleVerifier [0x0093B8E3+45827]\n\t(No symbol) [0x008CDCC4]\n\t(No symbol) [0x007C138D]\n\t(No symbol) [0x007ACB66]\n\t(No symbol) [0x007AB5C3]\n\t(No symbol) [0x007ABD1D]\n\t(No symbol) [0x007B863F]\n\t(No symbol) [0x007CBF01]\n\t(No symbol) [0x007D03A6]\n\t(No symbol) [0x007AC38C]\n\t(No symbol) [0x007CBB9E]\n\t(No symbol) [0x0083C320]\n\t(No symbol) [0x00822B96]\n\t(No symbol) [0x007F6998]\n\t(No symbol) [0x007F751D]\n\tGetHandleVerifier [0x00BF4513+2899763]\n\tGetHandleVerifier [0x00C4793D+3240797]\n\tGetHandleVerifier [0x009C13B4+593364]\n\tGetHandleVerifier [0x009C82DC+621820]\n\t(No symbol) [0x008D70A4]\n\t(No symbol) [0x008D37A8]\n\t(No symbol) [0x008D3947]\n\t(No symbol) [0x008C59FE]\n\tBaseThreadInitThunk [0x759267F9+25]\n\tRtlGetFullPathName_UEx [0x77767F4D+173]\n\tRtlGetFullPathName_UEx [0x77767F1B+123]\n\n","statusTrace":"  File \"C:\\Users\\runneradmin\\AppData\\Local\\pypoetry\\Cache\\virtualenvs\\testcapitalcompyse-ahTg7XpD-py3.12\\Lib\\site-packages\\allure_commons\\_allure.py\", line 192, in impl\n    return func(*a, **kw)\n           ^^^^^^^^^^^^^^\n  File \"D:\\a\\TestCapitalComPySe\\TestCapitalComPySe\\tests\\US_11_Education\\US_11-02-05_Cryptocurrency_trading\\us_11-02-05-00_cryptocurrency_trading_test.py\", line 241, in test_06_block_horizontal_banner_button\n    test_element.full_test_with_tpi(d, cur_language, cur_country, cur_role, cur_menu_link,\n  File \"D:\\a\\TestCapitalComPySe\\TestCapitalComPySe\\pages\\Elements\\HorizontalBannerButton.py\", line 31, in full_test_with_tpi\n    data_id = self.element_click()\n              ^^^^^^^^^^^^^^^^^^^^\n  File \"C:\\Users\\runneradmin\\AppData\\Local\\pypoetry\\Cache\\virtualenvs\\testcapitalcompyse-ahTg7XpD-py3.12\\Lib\\site-packages\\allure_commons\\_allure.py\", line 192, in impl\n    return func(*a, **kw)\n           ^^^^^^^^^^^^^^\n  File \"D:\\a\\TestCapitalComPySe\\TestCapitalComPySe\\pages\\Elements\\HorizontalBannerButton.py\", line 104, in element_click\n    web_element.click()\n  File \"C:\\Users\\runneradmin\\AppData\\Local\\pypoetry\\Cache\\virtualenvs\\testcapitalcompyse-ahTg7XpD-py3.12\\Lib\\site-packages\\selenium\\webdriver\\remote\\webelement.py\", line 94, in click\n    self._execute(Command.CLICK_ELEMENT)\n  File \"C:\\Users\\runneradmin\\AppData\\Local\\pypoetry\\Cache\\virtualenvs\\testcapitalcompyse-ahTg7XpD-py3.12\\Lib\\site-packages\\selenium\\webdriver\\remote\\webelement.py\", line 395, in _execute\n    return self._parent.execute(command, params)\n           ^^^^^^^^^^^^^^^^^^^^^^^^^^^^^^^^^^^^^\n  File \"C:\\Users\\runneradmin\\AppData\\Local\\pypoetry\\Cache\\virtualenvs\\testcapitalcompyse-ahTg7XpD-py3.12\\Lib\\site-packages\\selenium\\webdriver\\remote\\webdriver.py\", line 347, in execute\n    self.error_handler.check_response(response)\n  File \"C:\\Users\\runneradmin\\AppData\\Local\\pypoetry\\Cache\\virtualenvs\\testcapitalcompyse-ahTg7XpD-py3.12\\Lib\\site-packages\\selenium\\webdriver\\remote\\errorhandler.py\", line 229, in check_response\n    raise exception_class(message, screen, stacktrace)\n","steps":[{"name":"Preconditions","time":{"start":1718823436398,"stop":1718823442582,"duration":6184},"status":"passed","steps":[{"name":"2024-06-19 18:52:37.607664   Start Checking Captcha","time":{"start":1718823438509,"stop":1718823439511,"duration":1002},"status":"passed","steps":[],"attachments":[],"parameters":[],"shouldDisplayMessage":false,"stepsCount":0,"attachmentsCount":0,"hasContent":false,"attachmentStep":false},{"name":"2024-06-19 18:52:37.607664   Start Checking Captcha","time":{"start":1718823439511,"stop":1718823440516,"duration":1005},"status":"passed","steps":[],"attachments":[],"parameters":[],"shouldDisplayMessage":false,"stepsCount":0,"attachmentsCount":0,"hasContent":false,"attachmentStep":false},{"name":"2024-06-19 18:52:37.607664   Start Checking Captcha","time":{"start":1718823440516,"stop":1718823441555,"duration":1039},"status":"passed","steps":[],"attachments":[],"parameters":[],"shouldDisplayMessage":false,"stepsCount":0,"attachmentsCount":0,"hasContent":false,"attachmentStep":false},{"name":"2024-06-19 18:52:37.607664   Start Checking Captcha","time":{"start":1718823441555,"stop":1718823442582,"duration":1027},"status":"passed","steps":[],"attachments":[],"parameters":[],"shouldDisplayMessage":false,"stepsCount":0,"attachmentsCount":0,"hasContent":false,"attachmentStep":false}],"attachments":[],"parameters":[{"name":"d","value":"<selenium.webdriver.chrome.webdriver.WebDriver (session=\"ab4a6fde7437edab43eb7bf587b7b606\")>"},{"name":"host","value":"'https://capital.com/'"},{"name":"end_point","value":"''"},{"name":"cur_language","value":"'fr'"},{"name":"cur_country","value":"'de'"},{"name":"cur_role","value":"'Auth'"},{"name":"cur_login","value":"'test001.miketar+1@gmail.com'"},{"name":"cur_password","value":"'Qwer1234-!@#$'"}],"shouldDisplayMessage":false,"stepsCount":4,"attachmentsCount":0,"hasContent":true,"attachmentStep":false},{"name":"Select \"Education\" menu, \"Cryptocurrency trading\" submenu","time":{"start":1718823442582,"stop":1718823447144,"duration":4562},"status":"passed","steps":[{"name":"Focus moved to 'Education' menu","time":{"start":1718823442598,"stop":1718823444402,"duration":1804},"status":"passed","steps":[],"attachments":[],"parameters":[{"name":"d","value":"<selenium.webdriver.chrome.webdriver.WebDriver (session=\"ab4a6fde7437edab43eb7bf587b7b606\")>"},{"name":"test_language","value":"'fr'"},{"name":"test_country","value":"'de'"}],"shouldDisplayMessage":false,"stepsCount":0,"attachmentsCount":0,"hasContent":true,"attachmentStep":false},{"name":"Focus move to 'Cryptocurrency trading' submenu and click","time":{"start":1718823444402,"stop":1718823446856,"duration":2454},"status":"passed","steps":[],"attachments":[],"parameters":[{"name":"d","value":"<selenium.webdriver.chrome.webdriver.WebDriver (session=\"ab4a6fde7437edab43eb7bf587b7b606\")>"},{"name":"test_language","value":"'fr'"}],"shouldDisplayMessage":false,"stepsCount":0,"attachmentsCount":0,"hasContent":true,"attachmentStep":false}],"attachments":[],"parameters":[{"name":"d","value":"<selenium.webdriver.chrome.webdriver.WebDriver (session=\"ab4a6fde7437edab43eb7bf587b7b606\")>"},{"name":"cur_language","value":"'fr'"},{"name":"cur_country","value":"'de'"},{"name":"link","value":"'https://capital.com/fr'"}],"shouldDisplayMessage":false,"stepsCount":2,"attachmentsCount":0,"hasContent":true,"attachmentStep":false},{"name":"2024-06-19 18:52:37.592040   Check that form [Sign up] opened","time":{"start":1718823447227,"stop":1718823448812,"duration":1585},"status":"passed","steps":[],"attachments":[],"parameters":[{"name":"timeout","value":"1"}],"shouldDisplayMessage":false,"stepsCount":0,"attachmentsCount":0,"hasContent":true,"attachmentStep":false},{"name":"Click button [BUTTON_ON_HOR_BANNER]","time":{"start":1718823448812,"stop":1718823454561,"duration":5749},"status":"broken","statusMessage":"selenium.common.exceptions.WebDriverException: Message: no such execution context\n  (Session info: chrome=125.0.6422.142)\nStacktrace:\n\tGetHandleVerifier [0x0093B8E3+45827]\n\t(No symbol) [0x008CDCC4]\n\t(No symbol) [0x007C138D]\n\t(No symbol) [0x007ACB66]\n\t(No symbol) [0x007AB5C3]\n\t(No symbol) [0x007ABD1D]\n\t(No symbol) [0x007B863F]\n\t(No symbol) [0x007CBF01]\n\t(No symbol) [0x007D03A6]\n\t(No symbol) [0x007AC38C]\n\t(No symbol) [0x007CBB9E]\n\t(No symbol) [0x0083C320]\n\t(No symbol) [0x00822B96]\n\t(No symbol) [0x007F6998]\n\t(No symbol) [0x007F751D]\n\tGetHandleVerifier [0x00BF4513+2899763]\n\tGetHandleVerifier [0x00C4793D+3240797]\n\tGetHandleVerifier [0x009C13B4+593364]\n\tGetHandleVerifier [0x009C82DC+621820]\n\t(No symbol) [0x008D70A4]\n\t(No symbol) [0x008D37A8]\n\t(No symbol) [0x008D3947]\n\t(No symbol) [0x008C59FE]\n\tBaseThreadInitThunk [0x759267F9+25]\n\tRtlGetFullPathName_UEx [0x77767F4D+173]\n\tRtlGetFullPathName_UEx [0x77767F1B+123]\n\n","statusTrace":"  File \"C:\\Users\\runneradmin\\AppData\\Local\\pypoetry\\Cache\\virtualenvs\\testcapitalcompyse-ahTg7XpD-py3.12\\Lib\\site-packages\\allure_commons\\_allure.py\", line 192, in impl\n    return func(*a, **kw)\n           ^^^^^^^^^^^^^^\n  File \"D:\\a\\TestCapitalComPySe\\TestCapitalComPySe\\pages\\Elements\\HorizontalBannerButton.py\", line 104, in element_click\n    web_element.click()\n  File \"C:\\Users\\runneradmin\\AppData\\Local\\pypoetry\\Cache\\virtualenvs\\testcapitalcompyse-ahTg7XpD-py3.12\\Lib\\site-packages\\selenium\\webdriver\\remote\\webelement.py\", line 94, in click\n    self._execute(Command.CLICK_ELEMENT)\n  File \"C:\\Users\\runneradmin\\AppData\\Local\\pypoetry\\Cache\\virtualenvs\\testcapitalcompyse-ahTg7XpD-py3.12\\Lib\\site-packages\\selenium\\webdriver\\remote\\webelement.py\", line 395, in _execute\n    return self._parent.execute(command, params)\n           ^^^^^^^^^^^^^^^^^^^^^^^^^^^^^^^^^^^^^\n  File \"C:\\Users\\runneradmin\\AppData\\Local\\pypoetry\\Cache\\virtualenvs\\testcapitalcompyse-ahTg7XpD-py3.12\\Lib\\site-packages\\selenium\\webdriver\\remote\\webdriver.py\", line 347, in execute\n    self.error_handler.check_response(response)\n  File \"C:\\Users\\runneradmin\\AppData\\Local\\pypoetry\\Cache\\virtualenvs\\testcapitalcompyse-ahTg7XpD-py3.12\\Lib\\site-packages\\selenium\\webdriver\\remote\\errorhandler.py\", line 229, in check_response\n    raise exception_class(message, screen, stacktrace)\n","steps":[],"attachments":[],"parameters":[],"shouldDisplayMessage":true,"stepsCount":0,"attachmentsCount":0,"hasContent":true,"attachmentStep":false}],"attachments":[],"parameters":[{"name":"worker_id","value":"'master'"},{"name":"d","value":"<selenium.webdriver.chrome.webdriver.WebDriver (session=\"ab4a6fde7437edab43eb7bf587b7b606\")>"},{"name":"cur_language","value":"'fr'"},{"name":"cur_country","value":"'de'"},{"name":"cur_role","value":"'Auth'"},{"name":"cur_login","value":"'test001.miketar+1@gmail.com'"},{"name":"cur_password","value":"'Qwer1234-!@#$'"}],"shouldDisplayMessage":false,"stepsCount":10,"attachmentsCount":0,"hasContent":true,"attachmentStep":false}],"attachments":[{"uid":"b5a6db64d75fec25","name":"Screenshot","source":"b5a6db64d75fec25.png","type":"image/png","size":14542},{"uid":"4ee65b7f335c7093","name":"log","source":"4ee65b7f335c7093.txt","type":"text/plain","size":1519},{"uid":"b9f9569210aa525d","name":"stdout","source":"b9f9569210aa525d.txt","type":"text/plain","size":3509}],"parameters":[],"shouldDisplayMessage":true,"stepsCount":11,"attachmentsCount":3,"hasContent":true,"attachmentStep":false},"afterStages":[{"name":"d::0","time":{"start":1718823698478,"stop":1718823700866,"duration":2388},"status":"passed","steps":[],"attachments":[],"parameters":[],"shouldDisplayMessage":false,"stepsCount":0,"attachmentsCount":0,"hasContent":false,"attachmentStep":false}],"labels":[{"name":"epic","value":"US_11.02.05 | Education > Menu item [Cryptocurrency trading]"},{"name":"feature","value":"Language: fr"},{"name":"story","value":"Country: de / Role: Auth"},{"name":"tag","value":"test_06"},{"name":"tag","value":"us_11_02_05"},{"name":"parentSuite","value":"tests.US_11_Education.US_11-02-05_Cryptocurrency_trading"},{"name":"suite","value":"us_11-02-05-00_cryptocurrency_trading_test"},{"name":"subSuite","value":"TestCryptocurrencyTrading"},{"name":"host","value":"fv-az1435-338"},{"name":"thread","value":"4892-MainThread"},{"name":"framework","value":"pytest"},{"name":"language","value":"cpython3"},{"name":"package","value":"tests.US_11_Education.US_11-02-05_Cryptocurrency_trading.us_11-02-05-00_cryptocurrency_trading_test"},{"name":"resultFormat","value":"allure2"}],"parameters":[{"name":"cur_country","value":"'de'"},{"name":"cur_language","value":"'fr'"},{"name":"cur_login","value":"'test001.miketar+1@gmail.com'"},{"name":"cur_password","value":"'Qwer1234-!@#$'"},{"name":"cur_role","value":"'Auth'"},{"name":"d","value":"'Chrome'"}],"links":[],"hidden":false,"retry":false,"extra":{"severity":"normal","retries":[],"categories":[{"name":"Test defects","matchedStatuses":[],"flaky":false}],"tags":["test_06","us_11_02_05"]},"source":"a916e5e67800ab54.json","parameterValues":["'de'","'fr'","'test001.miketar+1@gmail.com'","'Qwer1234-!@#$'","'Auth'","'Chrome'"]}