2024-04-06 07:28:30 ERROR Elements not present after 0.5 seconds on page: https://capital.com/de/kupfer-preis
2024-04-06 07:28:30 ERROR 
Traceback (most recent call last):
  File "/home/runner/work/TestCapitalComPySe/TestCapitalComPySe/pages/base_page.py", line 85, in inner_function
    return func(*args, **kwargs)
           ^^^^^^^^^^^^^^^^^^^^^
  File "/home/runner/work/TestCapitalComPySe/TestCapitalComPySe/pages/base_page.py", line 307, in element_is_visible
    return Wait(self.driver, timeout).until(
           ^^^^^^^^^^^^^^^^^^^^^^^^^^^^^^^^^
  File "/home/runner/.cache/pypoetry/virtualenvs/testcapitalcompyse-CcJ6hTD8-py3.12/lib/python3.12/site-packages/selenium/webdriver/support/wait.py", line 105, in until
    raise TimeoutException(message, screen, stacktrace)
selenium.common.exceptions.TimeoutException: Message: 
Stacktrace:
#0 0x5655103ce873 <unknown>
#1 0x5655100c48c6 <unknown>
#2 0x56551010f618 <unknown>
#3 0x56551010f6d1 <unknown>
#4 0x565510152744 <unknown>
#5 0x5655101315cd <unknown>
#6 0x56551014fc19 <unknown>
#7 0x565510131343 <unknown>
#8 0x565510102593 <unknown>
#9 0x565510102f5e <unknown>
#10 0x56551039285b <unknown>
#11 0x5655103967b5 <unknown>
#12 0x565510380581 <unknown>
#13 0x565510397342 <unknown>
#14 0x56551036588f <unknown>
#15 0x5655103bd738 <unknown>
#16 0x5655103bd90b <unknown>
#17 0x5655103cd9c4 <unknown>
#18 0x7f8995e94ac3 <unknown>

2024-04-06 07:28:33 ERROR Elements not present after 0.5 seconds on page: https://capital.com/de/kupfer-preis
2024-04-06 07:28:33 ERROR Can't click element by locator ('css selector', '#s_overlay button.s_cancel')
Traceback (most recent call last):
  File "/home/runner/work/TestCapitalComPySe/TestCapitalComPySe/pages/Elements/PageInstrumentNotificationButton.py", line 68, in element_click
    button_list[0].click()
  File "/home/runner/.cache/pypoetry/virtualenvs/testcapitalcompyse-CcJ6hTD8-py3.12/lib/python3.12/site-packages/selenium/webdriver/remote/webelement.py", line 94, in click
    self._execute(Command.CLICK_ELEMENT)
  File "/home/runner/.cache/pypoetry/virtualenvs/testcapitalcompyse-CcJ6hTD8-py3.12/lib/python3.12/site-packages/selenium/webdriver/remote/webelement.py", line 395, in _execute
    return self._parent.execute(command, params)
           ^^^^^^^^^^^^^^^^^^^^^^^^^^^^^^^^^^^^^
  File "/home/runner/.cache/pypoetry/virtualenvs/testcapitalcompyse-CcJ6hTD8-py3.12/lib/python3.12/site-packages/selenium/webdriver/remote/webdriver.py", line 347, in execute
    self.error_handler.check_response(response)
  File "/home/runner/.cache/pypoetry/virtualenvs/testcapitalcompyse-CcJ6hTD8-py3.12/lib/python3.12/site-packages/selenium/webdriver/remote/errorhandler.py", line 229, in check_response
    raise exception_class(message, screen, stacktrace)
selenium.common.exceptions.ElementClickInterceptedException: Message: element click intercepted: Element <a href="/de/kupfer-preis#" data-link="uu" data-iid="7091880064013508" data-side="buy" data-platform="spotlight" class="btn btn--empty btn--round btn--sm js_signup_new js-analyticsVisible js-analyticsClick" data-type="market_alerts">...</a> is not clickable at point (387, 16). Other element would receive the click: <span>...</span>
  (Session info: chrome=123.0.6312.105)
Stacktrace:
#0 0x5655103ce873 <unknown>
#1 0x5655100c48c6 <unknown>
#2 0x565510116233 <unknown>
#3 0x56551011414e <unknown>
#4 0x565510111b27 <unknown>
#5 0x565510110ed3 <unknown>
#6 0x565510104507 <unknown>
#7 0x5655101315a2 <unknown>
#8 0x565510103e98 <unknown>
#9 0x56551013176e <unknown>
#10 0x56551014fc19 <unknown>
#11 0x565510131343 <unknown>
#12 0x565510102593 <unknown>
#13 0x565510102f5e <unknown>
#14 0x56551039285b <unknown>
#15 0x5655103967b5 <unknown>
#16 0x565510380581 <unknown>
#17 0x565510397342 <unknown>
#18 0x56551036588f <unknown>
#19 0x5655103bd738 <unknown>
#20 0x5655103bd90b <unknown>
#21 0x5655103cd9c4 <unknown>
#22 0x7f8995e94ac3 <unknown>


During handling of the above exception, another exception occurred:

Traceback (most recent call last):
  File "/home/runner/work/TestCapitalComPySe/TestCapitalComPySe/pages/base_page.py", line 85, in inner_function
    return func(*args, **kwargs)
           ^^^^^^^^^^^^^^^^^^^^^
  File "/home/runner/work/TestCapitalComPySe/TestCapitalComPySe/pages/base_page.py", line 347, in element_is_clickable
    return Wait(self.driver, timeout).until(
           ^^^^^^^^^^^^^^^^^^^^^^^^^^^^^^^^^
  File "/home/runner/.cache/pypoetry/virtualenvs/testcapitalcompyse-CcJ6hTD8-py3.12/lib/python3.12/site-packages/selenium/webdriver/support/wait.py", line 105, in until
    raise TimeoutException(message, screen, stacktrace)
selenium.common.exceptions.TimeoutException: Message: Can't click element by locator ('css selector', '#s_overlay button.s_cancel')