{"uid":"81404c135f4dc3a7","name":"TC_55!514 (Lang: en) | Bid:55!514-en.au.NoReg","fullName":"tests.US_55_ReTestsManual.tassobaccato.US_55-tassobaccato_ReTestsManual_test.TestManualDetectedBugs#test_514","historyId":"0d31f051dff0e73a24e54c3002e912cc","time":{"start":1746152179710,"stop":1746152306181,"duration":126471},"description":"\n        Check: Menu section [Markets] > Menu item [Market analysis] > Article \"Solana price prediction: Can SOL\n                rebound?\" > Click on the [Could Solana become a Cardano side-chain?] item in the \"Table of Contents\" >\n                Click on the [announced] link in the text\n        Language: EN\n        License: ASIC\n        Author: Kasila\n        ","descriptionHtml":"<pre><code>    Check: Menu section [Markets] &gt; Menu item [Market analysis] &gt; Article &quot;Solana price prediction: Can SOL\n            rebound?&quot; &gt; Click on the [Could Solana become a Cardano side-chain?] item in the &quot;Table of Contents&quot; &gt;\n            Click on the [announced] link in the text\n    Language: EN\n    License: ASIC\n    Author: Kasila\n</code></pre>\n","status":"broken","statusMessage":"selenium.common.exceptions.NoSuchElementException: Message: no such element: Unable to locate element: {\"method\":\"css selector\",\"selector\":\"div#main-frame-error\"}\n  (Session info: chrome=135.0.7049.114); For documentation on this error, please visit: https://www.selenium.dev/documentation/webdriver/troubleshooting/errors#no-such-element-exception\nStacktrace:\n#0 0x55e2f67de75a <unknown>\n#1 0x55e2f62914b0 <unknown>\n#2 0x55e2f62e29b3 <unknown>\n#3 0x55e2f62e2ba1 <unknown>\n#4 0x55e2f63311f4 <unknown>\n#5 0x55e2f63085bd <unknown>\n#6 0x55e2f632e5e0 <unknown>\n#7 0x55e2f6308363 <unknown>\n#8 0x55e2f62d4d63 <unknown>\n#9 0x55e2f62d59c1 <unknown>\n#10 0x55e2f67a3a6b <unknown>\n#11 0x55e2f67a7951 <unknown>\n#12 0x55e2f678bb62 <unknown>\n#13 0x55e2f67a84c4 <unknown>\n#14 0x55e2f677013f <unknown>\n#15 0x55e2f67cc6f8 <unknown>\n#16 0x55e2f67cc8d6 <unknown>\n#17 0x55e2f67dd5a6 <unknown>\n#18 0x7fb78349caa4 <unknown>\n#19 0x7fb783529c3c <unknown>","statusTrace":"self = <US_55-tassobaccato_ReTestsManual_test.TestManualDetectedBugs object at 0x7fc79fbce450>\nworker_id = 'master'\nd = <selenium.webdriver.chrome.webdriver.WebDriver (session=\"5c616395849c059088d2fd3801237650\")>\ncur_language = '', cur_country = 'au', cur_role = 'NoReg'\ncur_login = 'test001.miketar+1@gmail.com', cur_password = 'Qwer1234-!@#$'\n\n    @allure.step('Start retest manual AT_55!514 The page with text \"Page Not Found ... doesnt exist or has been moved\" is displayed')\n    @pytest.mark.parametrize('cur_language', [''])\n    @pytest.mark.parametrize('cur_country', ['au'])\n    @pytest.mark.parametrize('cur_role', [\"NoReg\", \"Auth\", \"NoAuth\"])\n    @pytest.mark.bug_514\n    def test_514(self, worker_id, d, cur_language, cur_country, cur_role, cur_login, cur_password):\n        \"\"\"\n        Check: Menu section [Markets] > Menu item [Market analysis] > Article \"Solana price prediction: Can SOL\n                rebound?\" > Click on the [Could Solana become a Cardano side-chain?] item in the \"Table of Contents\" >\n                Click on the [announced] link in the text\n        Language: EN\n        License: ASIC\n        Author: Kasila\n        \"\"\"\n    \n        bid = build_dynamic_arg_for_us_55(\n            d, worker_id, cur_language, cur_country, cur_role,\n            \"55\", \"ReTests of Manual Detected Bugs\",\n            \"514\", 'The page with text \"Page Not Found ... doesnt exist or has been moved\" is opened '\n                   'after clicking on [announced] link in the article \"Solana price prediction: Can SOL rebound?\" when '\n                   'selected ASIC license'\n        )\n    \n        link = apply_preconditions_to_link(d, cur_language, cur_country, cur_role, cur_login, cur_password)\n        menu = from_markets_menu_open_market_analysis.MenuNew(d, link)\n        cur_item_link = menu.from_markets_menu_open_market_analysis(d, cur_language, cur_country, link)\n    \n        test_element = AnnouncedLink(d, cur_item_link, bid)\n        test_element.announced_link(d, cur_item_link, link)\n        test_element.element_click()\n>       test_element.assert_()\n\ntests/US_55_ReTestsManual/tassobaccato/US_55-tassobaccato_ReTestsManual_test.py:737: \n_ _ _ _ _ _ _ _ _ _ _ _ _ _ _ _ _ _ _ _ _ _ _ _ _ _ _ _ _ _ _ _ _ _ _ _ _ _ _ _ \npages/BugsManual/bug_514.py:99: in assert_\n    main_frame_error = self.driver.find_element(By.CSS_SELECTOR, 'div#main-frame-error')\n../../../.cache/pypoetry/virtualenvs/testcapitalcompyse-CcJ6hTD8-py3.12/lib/python3.12/site-packages/selenium/webdriver/remote/webdriver.py:766: in find_element\n    return self.execute(Command.FIND_ELEMENT, {\"using\": by, \"value\": value})[\"value\"]\n../../../.cache/pypoetry/virtualenvs/testcapitalcompyse-CcJ6hTD8-py3.12/lib/python3.12/site-packages/selenium/webdriver/remote/webdriver.py:380: in execute\n    self.error_handler.check_response(response)\n_ _ _ _ _ _ _ _ _ _ _ _ _ _ _ _ _ _ _ _ _ _ _ _ _ _ _ _ _ _ _ _ _ _ _ _ _ _ _ _ \n\nself = <selenium.webdriver.remote.errorhandler.ErrorHandler object at 0x7fc79fc1cf50>\nresponse = {'status': 404, 'value': '{\"value\":{\"error\":\"no such element\",\"message\":\"no such element: Unable to locate element: {\\...\\\\n#17 0x55e2f67dd5a6 \\\\u003Cunknown>\\\\n#18 0x7fb78349caa4 \\\\u003Cunknown>\\\\n#19 0x7fb783529c3c \\\\u003Cunknown>\\\\n\"}}'}\n\n    def check_response(self, response: Dict[str, Any]) -> None:\n        \"\"\"Checks that a JSON response from the WebDriver does not have an\n        error.\n    \n        :Args:\n         - response - The JSON response from the WebDriver server as a dictionary\n           object.\n    \n        :Raises: If the response contains an error message.\n        \"\"\"\n        status = response.get(\"status\", None)\n        if not status or status == ErrorCode.SUCCESS:\n            return\n        value = None\n        message = response.get(\"message\", \"\")\n        screen: str = response.get(\"screen\", \"\")\n        stacktrace = None\n        if isinstance(status, int):\n            value_json = response.get(\"value\", None)\n            if value_json and isinstance(value_json, str):\n                import json\n    \n                try:\n                    value = json.loads(value_json)\n                    if len(value) == 1:\n                        value = value[\"value\"]\n                    status = value.get(\"error\", None)\n                    if not status:\n                        status = value.get(\"status\", ErrorCode.UNKNOWN_ERROR)\n                        message = value.get(\"value\") or value.get(\"message\")\n                        if not isinstance(message, str):\n                            value = message\n                            message = message.get(\"message\")\n                    else:\n                        message = value.get(\"message\", None)\n                except ValueError:\n                    pass\n    \n        exception_class: Type[WebDriverException]\n        e = ErrorCode()\n        error_codes = [item for item in dir(e) if not item.startswith(\"__\")]\n        for error_code in error_codes:\n            error_info = getattr(ErrorCode, error_code)\n            if isinstance(error_info, list) and status in error_info:\n                exception_class = getattr(ExceptionMapping, error_code, WebDriverException)\n                break\n        else:\n            exception_class = WebDriverException\n    \n        if not value:\n            value = response[\"value\"]\n        if isinstance(value, str):\n            raise exception_class(value)\n        if message == \"\" and \"message\" in value:\n            message = value[\"message\"]\n    \n        screen = None  # type: ignore[assignment]\n        if \"screen\" in value:\n            screen = value[\"screen\"]\n    \n        stacktrace = None\n        st_value = value.get(\"stackTrace\") or value.get(\"stacktrace\")\n        if st_value:\n            if isinstance(st_value, str):\n                stacktrace = st_value.split(\"\\n\")\n            else:\n                stacktrace = []\n                try:\n                    for frame in st_value:\n                        line = frame.get(\"lineNumber\", \"\")\n                        file = frame.get(\"fileName\", \"<anonymous>\")\n                        if line:\n                            file = f\"{file}:{line}\"\n                        meth = frame.get(\"methodName\", \"<anonymous>\")\n                        if \"className\" in frame:\n                            meth = f\"{frame['className']}.{meth}\"\n                        msg = \"    at %s (%s)\"\n                        msg = msg % (meth, file)\n                        stacktrace.append(msg)\n                except TypeError:\n                    pass\n        if exception_class == UnexpectedAlertPresentException:\n            alert_text = None\n            if \"data\" in value:\n                alert_text = value[\"data\"].get(\"text\")\n            elif \"alert\" in value:\n                alert_text = value[\"alert\"].get(\"text\")\n            raise exception_class(message, screen, stacktrace, alert_text)  # type: ignore[call-arg]  # mypy is not smart enough here\n>       raise exception_class(message, screen, stacktrace)\nE       selenium.common.exceptions.NoSuchElementException: Message: no such element: Unable to locate element: {\"method\":\"css selector\",\"selector\":\"div#main-frame-error\"}\nE         (Session info: chrome=135.0.7049.114); For documentation on this error, please visit: https://www.selenium.dev/documentation/webdriver/troubleshooting/errors#no-such-element-exception\nE       Stacktrace:\nE       #0 0x55e2f67de75a <unknown>\nE       #1 0x55e2f62914b0 <unknown>\nE       #2 0x55e2f62e29b3 <unknown>\nE       #3 0x55e2f62e2ba1 <unknown>\nE       #4 0x55e2f63311f4 <unknown>\nE       #5 0x55e2f63085bd <unknown>\nE       #6 0x55e2f632e5e0 <unknown>\nE       #7 0x55e2f6308363 <unknown>\nE       #8 0x55e2f62d4d63 <unknown>\nE       #9 0x55e2f62d59c1 <unknown>\nE       #10 0x55e2f67a3a6b <unknown>\nE       #11 0x55e2f67a7951 <unknown>\nE       #12 0x55e2f678bb62 <unknown>\nE       #13 0x55e2f67a84c4 <unknown>\nE       #14 0x55e2f677013f <unknown>\nE       #15 0x55e2f67cc6f8 <unknown>\nE       #16 0x55e2f67cc8d6 <unknown>\nE       #17 0x55e2f67dd5a6 <unknown>\nE       #18 0x7fb78349caa4 <unknown>\nE       #19 0x7fb783529c3c <unknown>\n\n../../../.cache/pypoetry/virtualenvs/testcapitalcompyse-CcJ6hTD8-py3.12/lib/python3.12/site-packages/selenium/webdriver/remote/errorhandler.py:229: NoSuchElementException","flaky":false,"newFailed":false,"newBroken":false,"newPassed":false,"retriesCount":0,"retriesStatusChange":false,"beforeStages":[{"name":"d","time":{"start":1746149560832,"stop":1746149561682,"duration":850},"status":"passed","steps":[],"attachments":[],"parameters":[],"shouldDisplayMessage":false,"stepsCount":0,"attachmentsCount":0,"hasContent":false,"attachmentStep":false},{"name":"cur_login","time":{"start":1746149561682,"stop":1746149561682,"duration":0},"status":"passed","steps":[],"attachments":[],"parameters":[],"shouldDisplayMessage":false,"stepsCount":0,"attachmentsCount":0,"hasContent":false,"attachmentStep":false},{"name":"cur_password","time":{"start":1746149561682,"stop":1746149561682,"duration":0},"status":"passed","steps":[],"attachments":[],"parameters":[],"shouldDisplayMessage":false,"stepsCount":0,"attachmentsCount":0,"hasContent":false,"attachmentStep":false},{"name":"worker_id","time":{"start":1746149561682,"stop":1746149561682,"duration":0},"status":"passed","steps":[],"attachments":[],"parameters":[],"shouldDisplayMessage":false,"stepsCount":0,"attachmentsCount":0,"hasContent":false,"attachmentStep":false}],"testStage":{"description":"\n        Check: Menu section [Markets] > Menu item [Market analysis] > Article \"Solana price prediction: Can SOL\n                rebound?\" > Click on the [Could Solana become a Cardano side-chain?] item in the \"Table of Contents\" >\n                Click on the [announced] link in the text\n        Language: EN\n        License: ASIC\n        Author: Kasila\n        ","status":"broken","statusMessage":"selenium.common.exceptions.NoSuchElementException: Message: no such element: Unable to locate element: {\"method\":\"css selector\",\"selector\":\"div#main-frame-error\"}\n  (Session info: chrome=135.0.7049.114); For documentation on this error, please visit: https://www.selenium.dev/documentation/webdriver/troubleshooting/errors#no-such-element-exception\nStacktrace:\n#0 0x55e2f67de75a <unknown>\n#1 0x55e2f62914b0 <unknown>\n#2 0x55e2f62e29b3 <unknown>\n#3 0x55e2f62e2ba1 <unknown>\n#4 0x55e2f63311f4 <unknown>\n#5 0x55e2f63085bd <unknown>\n#6 0x55e2f632e5e0 <unknown>\n#7 0x55e2f6308363 <unknown>\n#8 0x55e2f62d4d63 <unknown>\n#9 0x55e2f62d59c1 <unknown>\n#10 0x55e2f67a3a6b <unknown>\n#11 0x55e2f67a7951 <unknown>\n#12 0x55e2f678bb62 <unknown>\n#13 0x55e2f67a84c4 <unknown>\n#14 0x55e2f677013f <unknown>\n#15 0x55e2f67cc6f8 <unknown>\n#16 0x55e2f67cc8d6 <unknown>\n#17 0x55e2f67dd5a6 <unknown>\n#18 0x7fb78349caa4 <unknown>\n#19 0x7fb783529c3c <unknown>","statusTrace":"self = <US_55-tassobaccato_ReTestsManual_test.TestManualDetectedBugs object at 0x7fc79fbce450>\nworker_id = 'master'\nd = <selenium.webdriver.chrome.webdriver.WebDriver (session=\"5c616395849c059088d2fd3801237650\")>\ncur_language = '', cur_country = 'au', cur_role = 'NoReg'\ncur_login = 'test001.miketar+1@gmail.com', cur_password = 'Qwer1234-!@#$'\n\n    @allure.step('Start retest manual AT_55!514 The page with text \"Page Not Found ... doesnt exist or has been moved\" is displayed')\n    @pytest.mark.parametrize('cur_language', [''])\n    @pytest.mark.parametrize('cur_country', ['au'])\n    @pytest.mark.parametrize('cur_role', [\"NoReg\", \"Auth\", \"NoAuth\"])\n    @pytest.mark.bug_514\n    def test_514(self, worker_id, d, cur_language, cur_country, cur_role, cur_login, cur_password):\n        \"\"\"\n        Check: Menu section [Markets] > Menu item [Market analysis] > Article \"Solana price prediction: Can SOL\n                rebound?\" > Click on the [Could Solana become a Cardano side-chain?] item in the \"Table of Contents\" >\n                Click on the [announced] link in the text\n        Language: EN\n        License: ASIC\n        Author: Kasila\n        \"\"\"\n    \n        bid = build_dynamic_arg_for_us_55(\n            d, worker_id, cur_language, cur_country, cur_role,\n            \"55\", \"ReTests of Manual Detected Bugs\",\n            \"514\", 'The page with text \"Page Not Found ... doesnt exist or has been moved\" is opened '\n                   'after clicking on [announced] link in the article \"Solana price prediction: Can SOL rebound?\" when '\n                   'selected ASIC license'\n        )\n    \n        link = apply_preconditions_to_link(d, cur_language, cur_country, cur_role, cur_login, cur_password)\n        menu = from_markets_menu_open_market_analysis.MenuNew(d, link)\n        cur_item_link = menu.from_markets_menu_open_market_analysis(d, cur_language, cur_country, link)\n    \n        test_element = AnnouncedLink(d, cur_item_link, bid)\n        test_element.announced_link(d, cur_item_link, link)\n        test_element.element_click()\n>       test_element.assert_()\n\ntests/US_55_ReTestsManual/tassobaccato/US_55-tassobaccato_ReTestsManual_test.py:737: \n_ _ _ _ _ _ _ _ _ _ _ _ _ _ _ _ _ _ _ _ _ _ _ _ _ _ _ _ _ _ _ _ _ _ _ _ _ _ _ _ \npages/BugsManual/bug_514.py:99: in assert_\n    main_frame_error = self.driver.find_element(By.CSS_SELECTOR, 'div#main-frame-error')\n../../../.cache/pypoetry/virtualenvs/testcapitalcompyse-CcJ6hTD8-py3.12/lib/python3.12/site-packages/selenium/webdriver/remote/webdriver.py:766: in find_element\n    return self.execute(Command.FIND_ELEMENT, {\"using\": by, \"value\": value})[\"value\"]\n../../../.cache/pypoetry/virtualenvs/testcapitalcompyse-CcJ6hTD8-py3.12/lib/python3.12/site-packages/selenium/webdriver/remote/webdriver.py:380: in execute\n    self.error_handler.check_response(response)\n_ _ _ _ _ _ _ _ _ _ _ _ _ _ _ _ _ _ _ _ _ _ _ _ _ _ _ _ _ _ _ _ _ _ _ _ _ _ _ _ \n\nself = <selenium.webdriver.remote.errorhandler.ErrorHandler object at 0x7fc79fc1cf50>\nresponse = {'status': 404, 'value': '{\"value\":{\"error\":\"no such element\",\"message\":\"no such element: Unable to locate element: {\\...\\\\n#17 0x55e2f67dd5a6 \\\\u003Cunknown>\\\\n#18 0x7fb78349caa4 \\\\u003Cunknown>\\\\n#19 0x7fb783529c3c \\\\u003Cunknown>\\\\n\"}}'}\n\n    def check_response(self, response: Dict[str, Any]) -> None:\n        \"\"\"Checks that a JSON response from the WebDriver does not have an\n        error.\n    \n        :Args:\n         - response - The JSON response from the WebDriver server as a dictionary\n           object.\n    \n        :Raises: If the response contains an error message.\n        \"\"\"\n        status = response.get(\"status\", None)\n        if not status or status == ErrorCode.SUCCESS:\n            return\n        value = None\n        message = response.get(\"message\", \"\")\n        screen: str = response.get(\"screen\", \"\")\n        stacktrace = None\n        if isinstance(status, int):\n            value_json = response.get(\"value\", None)\n            if value_json and isinstance(value_json, str):\n                import json\n    \n                try:\n                    value = json.loads(value_json)\n                    if len(value) == 1:\n                        value = value[\"value\"]\n                    status = value.get(\"error\", None)\n                    if not status:\n                        status = value.get(\"status\", ErrorCode.UNKNOWN_ERROR)\n                        message = value.get(\"value\") or value.get(\"message\")\n                        if not isinstance(message, str):\n                            value = message\n                            message = message.get(\"message\")\n                    else:\n                        message = value.get(\"message\", None)\n                except ValueError:\n                    pass\n    \n        exception_class: Type[WebDriverException]\n        e = ErrorCode()\n        error_codes = [item for item in dir(e) if not item.startswith(\"__\")]\n        for error_code in error_codes:\n            error_info = getattr(ErrorCode, error_code)\n            if isinstance(error_info, list) and status in error_info:\n                exception_class = getattr(ExceptionMapping, error_code, WebDriverException)\n                break\n        else:\n            exception_class = WebDriverException\n    \n        if not value:\n            value = response[\"value\"]\n        if isinstance(value, str):\n            raise exception_class(value)\n        if message == \"\" and \"message\" in value:\n            message = value[\"message\"]\n    \n        screen = None  # type: ignore[assignment]\n        if \"screen\" in value:\n            screen = value[\"screen\"]\n    \n        stacktrace = None\n        st_value = value.get(\"stackTrace\") or value.get(\"stacktrace\")\n        if st_value:\n            if isinstance(st_value, str):\n                stacktrace = st_value.split(\"\\n\")\n            else:\n                stacktrace = []\n                try:\n                    for frame in st_value:\n                        line = frame.get(\"lineNumber\", \"\")\n                        file = frame.get(\"fileName\", \"<anonymous>\")\n                        if line:\n                            file = f\"{file}:{line}\"\n                        meth = frame.get(\"methodName\", \"<anonymous>\")\n                        if \"className\" in frame:\n                            meth = f\"{frame['className']}.{meth}\"\n                        msg = \"    at %s (%s)\"\n                        msg = msg % (meth, file)\n                        stacktrace.append(msg)\n                except TypeError:\n                    pass\n        if exception_class == UnexpectedAlertPresentException:\n            alert_text = None\n            if \"data\" in value:\n                alert_text = value[\"data\"].get(\"text\")\n            elif \"alert\" in value:\n                alert_text = value[\"alert\"].get(\"text\")\n            raise exception_class(message, screen, stacktrace, alert_text)  # type: ignore[call-arg]  # mypy is not smart enough here\n>       raise exception_class(message, screen, stacktrace)\nE       selenium.common.exceptions.NoSuchElementException: Message: no such element: Unable to locate element: {\"method\":\"css selector\",\"selector\":\"div#main-frame-error\"}\nE         (Session info: chrome=135.0.7049.114); For documentation on this error, please visit: https://www.selenium.dev/documentation/webdriver/troubleshooting/errors#no-such-element-exception\nE       Stacktrace:\nE       #0 0x55e2f67de75a <unknown>\nE       #1 0x55e2f62914b0 <unknown>\nE       #2 0x55e2f62e29b3 <unknown>\nE       #3 0x55e2f62e2ba1 <unknown>\nE       #4 0x55e2f63311f4 <unknown>\nE       #5 0x55e2f63085bd <unknown>\nE       #6 0x55e2f632e5e0 <unknown>\nE       #7 0x55e2f6308363 <unknown>\nE       #8 0x55e2f62d4d63 <unknown>\nE       #9 0x55e2f62d59c1 <unknown>\nE       #10 0x55e2f67a3a6b <unknown>\nE       #11 0x55e2f67a7951 <unknown>\nE       #12 0x55e2f678bb62 <unknown>\nE       #13 0x55e2f67a84c4 <unknown>\nE       #14 0x55e2f677013f <unknown>\nE       #15 0x55e2f67cc6f8 <unknown>\nE       #16 0x55e2f67cc8d6 <unknown>\nE       #17 0x55e2f67dd5a6 <unknown>\nE       #18 0x7fb78349caa4 <unknown>\nE       #19 0x7fb783529c3c <unknown>\n\n../../../.cache/pypoetry/virtualenvs/testcapitalcompyse-CcJ6hTD8-py3.12/lib/python3.12/site-packages/selenium/webdriver/remote/errorhandler.py:229: NoSuchElementException","steps":[{"name":"Start retest manual AT_55!514 The page with text \"Page Not Found ... doesnt exist or has been moved\" is displayed","time":{"start":1746152179711,"stop":1746152306180,"duration":126469},"status":"broken","statusMessage":"selenium.common.exceptions.NoSuchElementException: Message: no such element: Unable to locate element: {\"method\":\"css selector\",\"selector\":\"div#main-frame-error\"}\n  (Session info: chrome=135.0.7049.114); For documentation on this error, please visit: https://www.selenium.dev/documentation/webdriver/troubleshooting/errors#no-such-element-exception\nStacktrace:\n#0 0x55e2f67de75a <unknown>\n#1 0x55e2f62914b0 <unknown>\n#2 0x55e2f62e29b3 <unknown>\n#3 0x55e2f62e2ba1 <unknown>\n#4 0x55e2f63311f4 <unknown>\n#5 0x55e2f63085bd <unknown>\n#6 0x55e2f632e5e0 <unknown>\n#7 0x55e2f6308363 <unknown>\n#8 0x55e2f62d4d63 <unknown>\n#9 0x55e2f62d59c1 <unknown>\n#10 0x55e2f67a3a6b <unknown>\n#11 0x55e2f67a7951 <unknown>\n#12 0x55e2f678bb62 <unknown>\n#13 0x55e2f67a84c4 <unknown>\n#14 0x55e2f677013f <unknown>\n#15 0x55e2f67cc6f8 <unknown>\n#16 0x55e2f67cc8d6 <unknown>\n#17 0x55e2f67dd5a6 <unknown>\n#18 0x7fb78349caa4 <unknown>\n#19 0x7fb783529c3c <unknown>\n\n","statusTrace":"  File \"/home/runner/.cache/pypoetry/virtualenvs/testcapitalcompyse-CcJ6hTD8-py3.12/lib/python3.12/site-packages/allure_commons/_allure.py\", line 192, in impl\n    return func(*a, **kw)\n           ^^^^^^^^^^^^^^\n  File \"/home/runner/work/TestCapitalComPySe/TestCapitalComPySe/tests/US_55_ReTestsManual/tassobaccato/US_55-tassobaccato_ReTestsManual_test.py\", line 737, in test_514\n    test_element.assert_()\n  File \"/home/runner/.cache/pypoetry/virtualenvs/testcapitalcompyse-CcJ6hTD8-py3.12/lib/python3.12/site-packages/allure_commons/_allure.py\", line 192, in impl\n    return func(*a, **kw)\n           ^^^^^^^^^^^^^^\n  File \"/home/runner/work/TestCapitalComPySe/TestCapitalComPySe/pages/BugsManual/bug_514.py\", line 99, in assert_\n    main_frame_error = self.driver.find_element(By.CSS_SELECTOR, 'div#main-frame-error')\n                       ^^^^^^^^^^^^^^^^^^^^^^^^^^^^^^^^^^^^^^^^^^^^^^^^^^^^^^^^^^^^^^^^^\n  File \"/home/runner/.cache/pypoetry/virtualenvs/testcapitalcompyse-CcJ6hTD8-py3.12/lib/python3.12/site-packages/selenium/webdriver/remote/webdriver.py\", line 766, in find_element\n    return self.execute(Command.FIND_ELEMENT, {\"using\": by, \"value\": value})[\"value\"]\n           ^^^^^^^^^^^^^^^^^^^^^^^^^^^^^^^^^^^^^^^^^^^^^^^^^^^^^^^^^^^^^^^^^\n  File \"/home/runner/.cache/pypoetry/virtualenvs/testcapitalcompyse-CcJ6hTD8-py3.12/lib/python3.12/site-packages/selenium/webdriver/remote/webdriver.py\", line 380, in execute\n    self.error_handler.check_response(response)\n  File \"/home/runner/.cache/pypoetry/virtualenvs/testcapitalcompyse-CcJ6hTD8-py3.12/lib/python3.12/site-packages/selenium/webdriver/remote/errorhandler.py\", line 229, in check_response\n    raise exception_class(message, screen, stacktrace)\n","steps":[{"name":"Build dynamic argument for TCs of US_55","time":{"start":1746152179711,"stop":1746152179712,"duration":1},"status":"passed","steps":[],"attachments":[],"parameters":[{"name":"d","value":"<selenium.webdriver.chrome.webdriver.WebDriver (session=\"5c616395849c059088d2fd3801237650\")>"},{"name":"worker_id","value":"'master'"},{"name":"cur_language","value":"''"},{"name":"cur_country","value":"'au'"},{"name":"cur_role","value":"'NoReg'"},{"name":"us","value":"'55'"},{"name":"desc_us","value":"'ReTests of Manual Detected Bugs'"},{"name":"num_tc","value":"'514'"},{"name":"desc_tc","value":"'The page with text \"Page Not Found ... doesnt exist or has been moved\" is opened after clicking on [announced] link in the article \"Solana price prediction: Can SOL rebound?\" when selected ASIC license'"},{"name":"manual","value":"False"},{"name":"new_layout","value":"False"}],"shouldDisplayMessage":false,"stepsCount":0,"attachmentsCount":0,"hasContent":true,"attachmentStep":false},{"name":"   Set New preconditions","time":{"start":1746152179713,"stop":1746152199464,"duration":19751},"status":"passed","steps":[{"name":"2025-05-02 01:32:40.794973   Set language and country","time":{"start":1746152192094,"stop":1746152194436,"duration":2342},"status":"passed","steps":[],"attachments":[],"parameters":[{"name":"d","value":"<selenium.webdriver.chrome.webdriver.WebDriver (session=\"5c616395849c059088d2fd3801237650\")>"},{"name":"cur_language","value":"'en'"},{"name":"cur_country","value":"'au'"}],"shouldDisplayMessage":false,"stepsCount":0,"attachmentsCount":0,"hasContent":true,"attachmentStep":false}],"attachments":[],"parameters":[{"name":"d","value":"<selenium.webdriver.chrome.webdriver.WebDriver (session=\"5c616395849c059088d2fd3801237650\")>"},{"name":"host","value":"'https://capital.com/en-gb'"},{"name":"end_point","value":"''"},{"name":"cur_language","value":"''"},{"name":"cur_country","value":"'au'"},{"name":"cur_role","value":"'NoReg'"},{"name":"cur_login","value":"'test001.miketar+1@gmail.com'"},{"name":"cur_password","value":"'Qwer1234-!@#$'"}],"shouldDisplayMessage":false,"stepsCount":1,"attachmentsCount":0,"hasContent":true,"attachmentStep":false},{"name":"Select \"Markets\" menu, \"Market analysis\" submenu","time":{"start":1746152199465,"stop":1746152207416,"duration":7951},"status":"passed","steps":[],"attachments":[],"parameters":[{"name":"d","value":"<selenium.webdriver.chrome.webdriver.WebDriver (session=\"5c616395849c059088d2fd3801237650\")>"},{"name":"cur_language","value":"''"},{"name":"cur_country","value":"'au'"},{"name":"link","value":"'https://capital.com/en-au'"}],"shouldDisplayMessage":false,"stepsCount":0,"attachmentsCount":0,"hasContent":true,"attachmentStep":false},{"name":"2025-05-02 01:32:40.644010   Start testing that the page with 'Maple crypto-lending' content is opened‚Äù","time":{"start":1746152207416,"stop":1746152300684,"duration":93268},"status":"passed","steps":[],"attachments":[],"parameters":[{"name":"d","value":"<selenium.webdriver.chrome.webdriver.WebDriver (session=\"5c616395849c059088d2fd3801237650\")>"},{"name":"cur_item_link","value":"'https://capital.com/en-au/analysis'"},{"name":"cur_link","value":"'https://capital.com/en-au'"}],"shouldDisplayMessage":false,"stepsCount":0,"attachmentsCount":0,"hasContent":true,"attachmentStep":false},{"name":"2025-05-02 01:32:40.644034   Assert","time":{"start":1746152300911,"stop":1746152306180,"duration":5269},"status":"broken","statusMessage":"selenium.common.exceptions.NoSuchElementException: Message: no such element: Unable to locate element: {\"method\":\"css selector\",\"selector\":\"div#main-frame-error\"}\n  (Session info: chrome=135.0.7049.114); For documentation on this error, please visit: https://www.selenium.dev/documentation/webdriver/troubleshooting/errors#no-such-element-exception\nStacktrace:\n#0 0x55e2f67de75a <unknown>\n#1 0x55e2f62914b0 <unknown>\n#2 0x55e2f62e29b3 <unknown>\n#3 0x55e2f62e2ba1 <unknown>\n#4 0x55e2f63311f4 <unknown>\n#5 0x55e2f63085bd <unknown>\n#6 0x55e2f632e5e0 <unknown>\n#7 0x55e2f6308363 <unknown>\n#8 0x55e2f62d4d63 <unknown>\n#9 0x55e2f62d59c1 <unknown>\n#10 0x55e2f67a3a6b <unknown>\n#11 0x55e2f67a7951 <unknown>\n#12 0x55e2f678bb62 <unknown>\n#13 0x55e2f67a84c4 <unknown>\n#14 0x55e2f677013f <unknown>\n#15 0x55e2f67cc6f8 <unknown>\n#16 0x55e2f67cc8d6 <unknown>\n#17 0x55e2f67dd5a6 <unknown>\n#18 0x7fb78349caa4 <unknown>\n#19 0x7fb783529c3c <unknown>\n\n","statusTrace":"  File \"/home/runner/.cache/pypoetry/virtualenvs/testcapitalcompyse-CcJ6hTD8-py3.12/lib/python3.12/site-packages/allure_commons/_allure.py\", line 192, in impl\n    return func(*a, **kw)\n           ^^^^^^^^^^^^^^\n  File \"/home/runner/work/TestCapitalComPySe/TestCapitalComPySe/pages/BugsManual/bug_514.py\", line 99, in assert_\n    main_frame_error = self.driver.find_element(By.CSS_SELECTOR, 'div#main-frame-error')\n                       ^^^^^^^^^^^^^^^^^^^^^^^^^^^^^^^^^^^^^^^^^^^^^^^^^^^^^^^^^^^^^^^^^\n  File \"/home/runner/.cache/pypoetry/virtualenvs/testcapitalcompyse-CcJ6hTD8-py3.12/lib/python3.12/site-packages/selenium/webdriver/remote/webdriver.py\", line 766, in find_element\n    return self.execute(Command.FIND_ELEMENT, {\"using\": by, \"value\": value})[\"value\"]\n           ^^^^^^^^^^^^^^^^^^^^^^^^^^^^^^^^^^^^^^^^^^^^^^^^^^^^^^^^^^^^^^^^^\n  File \"/home/runner/.cache/pypoetry/virtualenvs/testcapitalcompyse-CcJ6hTD8-py3.12/lib/python3.12/site-packages/selenium/webdriver/remote/webdriver.py\", line 380, in execute\n    self.error_handler.check_response(response)\n  File \"/home/runner/.cache/pypoetry/virtualenvs/testcapitalcompyse-CcJ6hTD8-py3.12/lib/python3.12/site-packages/selenium/webdriver/remote/errorhandler.py\", line 229, in check_response\n    raise exception_class(message, screen, stacktrace)\n","steps":[],"attachments":[{"uid":"cc9e6f9cbe2b3629","name":"scr_qr","source":"cc9e6f9cbe2b3629.png","type":"image/png","size":82923}],"parameters":[],"shouldDisplayMessage":true,"stepsCount":0,"attachmentsCount":1,"hasContent":true,"attachmentStep":false}],"attachments":[],"parameters":[{"name":"worker_id","value":"'master'"},{"name":"d","value":"<selenium.webdriver.chrome.webdriver.WebDriver (session=\"5c616395849c059088d2fd3801237650\")>"},{"name":"cur_language","value":"''"},{"name":"cur_country","value":"'au'"},{"name":"cur_role","value":"'NoReg'"},{"name":"cur_login","value":"'test001.miketar+1@gmail.com'"},{"name":"cur_password","value":"'Qwer1234-!@#$'"}],"shouldDisplayMessage":false,"stepsCount":6,"attachmentsCount":1,"hasContent":true,"attachmentStep":false}],"attachments":[{"uid":"92441e7ea5ad91b","name":"Screenshot","source":"92441e7ea5ad91b.png","type":"image/png","size":82923},{"uid":"eb0e0d3803ea8c3f","name":"log","source":"eb0e0d3803ea8c3f.txt","type":"text/plain","size":2818},{"uid":"eebba166953998a6","name":"stdout","source":"eebba166953998a6.txt","type":"text/plain","size":6207}],"parameters":[],"shouldDisplayMessage":true,"stepsCount":7,"attachmentsCount":4,"hasContent":true,"attachmentStep":false},"afterStages":[{"name":"d::0","time":{"start":1746153925433,"stop":1746153925845,"duration":412},"status":"passed","steps":[],"attachments":[],"parameters":[],"shouldDisplayMessage":false,"stepsCount":0,"attachmentsCount":0,"hasContent":false,"attachmentStep":false}],"labels":[{"name":"epic","value":"TC_55!514 | The page with text \"Page Not Found ... doesnt exist or has been moved\" is opened after clicking on [announced] link in the article \"Solana price prediction: Can SOL rebound?\" when selected ASIC license"},{"name":"feature","value":"Role: NoReg"},{"name":"story","value":"Country: au"},{"name":"tag","value":"bug_514"},{"name":"tag","value":"us_55"},{"name":"parentSuite","value":"tests.US_55_ReTestsManual.tassobaccato"},{"name":"suite","value":"US_55-tassobaccato_ReTestsManual_test"},{"name":"subSuite","value":"TestManualDetectedBugs"},{"name":"host","value":"fv-az1758-8"},{"name":"thread","value":"23173-MainThread"},{"name":"framework","value":"pytest"},{"name":"language","value":"cpython3"},{"name":"package","value":"tests.US_55_ReTestsManual.tassobaccato.US_55-tassobaccato_ReTestsManual_test"},{"name":"resultFormat","value":"allure2"}],"parameters":[{"name":"cur_country","value":"'au'"},{"name":"cur_language","value":"''"},{"name":"cur_login","value":"'test001.miketar+1@gmail.com'"},{"name":"cur_password","value":"'Qwer1234-!@#$'"},{"name":"cur_role","value":"'NoReg'"},{"name":"d","value":"'Chrome'"}],"links":[],"hidden":false,"retry":false,"extra":{"severity":"normal","retries":[],"categories":[{"name":"Test defects","matchedStatuses":[],"flaky":false}],"history":{"statistic":{"failed":0,"broken":5,"skipped":0,"passed":0,"unknown":0,"total":5},"items":[{"uid":"a62d3856c503ca52","reportUrl":"https://AlexTomAQA.github.io/TestCapitalComPySe/395//#testresult/a62d3856c503ca52","status":"broken","statusDetails":"selenium.common.exceptions.NoSuchElementException: Message: no such element: Unable to locate element: {\"method\":\"css selector\",\"selector\":\"div#main-frame-error\"}\n  (Session info: chrome=135.0.7049.114); For documentation on this error, please visit: https://www.selenium.dev/documentation/webdriver/troubleshooting/errors#no-such-element-exception\nStacktrace:\n#0 0x562957a1c75a <unknown>\n#1 0x5629574cf4b0 <unknown>\n#2 0x5629575209b3 <unknown>\n#3 0x562957520ba1 <unknown>\n#4 0x56295756f1f4 <unknown>\n#5 0x5629575465bd <unknown>\n#6 0x56295756c5e0 <unknown>\n#7 0x562957546363 <unknown>\n#8 0x562957512d63 <unknown>\n#9 0x5629575139c1 <unknown>\n#10 0x5629579e1a6b <unknown>\n#11 0x5629579e5951 <unknown>\n#12 0x5629579c9b62 <unknown>\n#13 0x5629579e64c4 <unknown>\n#14 0x5629579ae13f <unknown>\n#15 0x562957a0a6f8 <unknown>\n#16 0x562957a0a8d6 <unknown>\n#17 0x562957a1b5a6 <unknown>\n#18 0x7f9b65a9caa4 <unknown>\n#19 0x7f9b65b29c3c <unknown>","time":{"start":1746065624305,"stop":1746065750615,"duration":126310}},{"uid":"abc60fb89af0da2e","reportUrl":"https://AlexTomAQA.github.io/TestCapitalComPySe/394//#testresult/abc60fb89af0da2e","status":"broken","statusDetails":"selenium.common.exceptions.NoSuchElementException: Message: no such element: Unable to locate element: {\"method\":\"css selector\",\"selector\":\".tableOfContent_frame__1c2SI\"}\n  (Session info: chrome=135.0.7049.114); For documentation on this error, please visit: https://www.selenium.dev/documentation/webdriver/troubleshooting/errors#no-such-element-exception\nStacktrace:\n#0 0x5605a0d8775a <unknown>\n#1 0x5605a083a4b0 <unknown>\n#2 0x5605a088b9b3 <unknown>\n#3 0x5605a088bba1 <unknown>\n#4 0x5605a08da1f4 <unknown>\n#5 0x5605a08b15bd <unknown>\n#6 0x5605a08d75e0 <unknown>\n#7 0x5605a08b1363 <unknown>\n#8 0x5605a087dd63 <unknown>\n#9 0x5605a087e9c1 <unknown>\n#10 0x5605a0d4ca6b <unknown>\n#11 0x5605a0d50951 <unknown>\n#12 0x5605a0d34b62 <unknown>\n#13 0x5605a0d514c4 <unknown>\n#14 0x5605a0d1913f <unknown>\n#15 0x5605a0d756f8 <unknown>\n#16 0x5605a0d758d6 <unknown>\n#17 0x5605a0d865a6 <unknown>\n#18 0x7f544c49caa4 <unknown>\n#19 0x7f544c529c3c <unknown>","time":{"start":1745980405031,"stop":1745980560971,"duration":155940}},{"uid":"ffa397d3331ac9f6","reportUrl":"https://AlexTomAQA.github.io/TestCapitalComPySe/393//#testresult/ffa397d3331ac9f6","status":"broken","statusDetails":"selenium.common.exceptions.NoSuchElementException: Message: no such element: Unable to locate element: {\"method\":\"css selector\",\"selector\":\"div#main-frame-error\"}\n  (Session info: chrome=135.0.7049.95); For documentation on this error, please visit: https://www.selenium.dev/documentation/webdriver/troubleshooting/errors#no-such-element-exception\nStacktrace:\n#0 0x55c378c5b75a <unknown>\n#1 0x55c37870e4b0 <unknown>\n#2 0x55c37875f9b3 <unknown>\n#3 0x55c37875fba1 <unknown>\n#4 0x55c3787ae1f4 <unknown>\n#5 0x55c3787855bd <unknown>\n#6 0x55c3787ab5e0 <unknown>\n#7 0x55c378785363 <unknown>\n#8 0x55c378751d63 <unknown>\n#9 0x55c3787529c1 <unknown>\n#10 0x55c378c20a6b <unknown>\n#11 0x55c378c24951 <unknown>\n#12 0x55c378c08b62 <unknown>\n#13 0x55c378c254c4 <unknown>\n#14 0x55c378bed13f <unknown>\n#15 0x55c378c496f8 <unknown>\n#16 0x55c378c498d6 <unknown>\n#17 0x55c378c5a5a6 <unknown>\n#18 0x7f6599c9caa4 <unknown>\n#19 0x7f6599d29c3c <unknown>","time":{"start":1745894314524,"stop":1745894437331,"duration":122807}},{"uid":"feb0b3e14e4a7f9","reportUrl":"https://AlexTomAQA.github.io/TestCapitalComPySe/392//#testresult/feb0b3e14e4a7f9","status":"broken","statusDetails":"selenium.common.exceptions.NoSuchElementException: Message: no such element: Unable to locate element: {\"method\":\"css selector\",\"selector\":\"div#main-frame-error\"}\n  (Session info: chrome=135.0.7049.95); For documentation on this error, please visit: https://www.selenium.dev/documentation/webdriver/troubleshooting/errors#no-such-element-exception\nStacktrace:\n#0 0x56356004175a <unknown>\n#1 0x56355faf44b0 <unknown>\n#2 0x56355fb459b3 <unknown>\n#3 0x56355fb45ba1 <unknown>\n#4 0x56355fb941f4 <unknown>\n#5 0x56355fb6b5bd <unknown>\n#6 0x56355fb915e0 <unknown>\n#7 0x56355fb6b363 <unknown>\n#8 0x56355fb37d63 <unknown>\n#9 0x56355fb389c1 <unknown>\n#10 0x563560006a6b <unknown>\n#11 0x56356000a951 <unknown>\n#12 0x56355ffeeb62 <unknown>\n#13 0x56356000b4c4 <unknown>\n#14 0x56355ffd313f <unknown>\n#15 0x56356002f6f8 <unknown>\n#16 0x56356002f8d6 <unknown>\n#17 0x5635600405a6 <unknown>\n#18 0x7f532f49caa4 <unknown>\n#19 0x7f532f529c3c <unknown>","time":{"start":1745808055450,"stop":1745808177545,"duration":122095}}]},"tags":["us_55","bug_514"]},"source":"81404c135f4dc3a7.json","parameterValues":["'au'","''","'test001.miketar+1@gmail.com'","'Qwer1234-!@#$'","'NoReg'","'Chrome'"]}