2024-08-04 09:39:39 ERROR Elements not present after 0.5 seconds on page: https://capital.com/corporate-account-au#
2024-08-04 09:39:39 ERROR 
Traceback (most recent call last):
  File "/home/runner/work/TestCapitalComPySe/TestCapitalComPySe/pages/base_page.py", line 86, in inner_function
    return func(*args, **kwargs)
           ^^^^^^^^^^^^^^^^^^^^^
  File "/home/runner/work/TestCapitalComPySe/TestCapitalComPySe/pages/base_page.py", line 305, in element_is_visible
    return Wait(self.driver, timeout).until(
           ^^^^^^^^^^^^^^^^^^^^^^^^^^^^^^^^^
  File "/home/runner/.cache/pypoetry/virtualenvs/testcapitalcompyse-CcJ6hTD8-py3.12/lib/python3.12/site-packages/selenium/webdriver/support/wait.py", line 105, in until
    raise TimeoutException(message, screen, stacktrace)
selenium.common.exceptions.TimeoutException: Message: 
Stacktrace:
#0 0x559f5529771a <unknown>
#1 0x559f54f68640 <unknown>
#2 0x559f54fb7c0b <unknown>
#3 0x559f54fb7ef1 <unknown>
#4 0x559f54ffbb64 <unknown>
#5 0x559f54fda90d <unknown>
#6 0x559f54ff908a <unknown>
#7 0x559f54fda683 <unknown>
#8 0x559f54faad71 <unknown>
#9 0x559f54fab7de <unknown>
#10 0x559f5525f2ab <unknown>
#11 0x559f55263242 <unknown>
#12 0x559f5524c665 <unknown>
#13 0x559f55263dd2 <unknown>
#14 0x559f552312af <unknown>
#15 0x559f55286eb8 <unknown>
#16 0x559f55287090 <unknown>
#17 0x559f552964ec <unknown>
#18 0x7f655a894ac3 <unknown>