2024-07-29 09:14:51 ERROR Elements not present after 0.5 seconds on page: https://capital.com/corporate-account-au#
2024-07-29 09:14:51 ERROR 
Traceback (most recent call last):
  File "/home/runner/work/TestCapitalComPySe/TestCapitalComPySe/pages/base_page.py", line 86, in inner_function
    return func(*args, **kwargs)
           ^^^^^^^^^^^^^^^^^^^^^
  File "/home/runner/work/TestCapitalComPySe/TestCapitalComPySe/pages/base_page.py", line 305, in element_is_visible
    return Wait(self.driver, timeout).until(
           ^^^^^^^^^^^^^^^^^^^^^^^^^^^^^^^^^
  File "/home/runner/.cache/pypoetry/virtualenvs/testcapitalcompyse-CcJ6hTD8-py3.12/lib/python3.12/site-packages/selenium/webdriver/support/wait.py", line 105, in until
    raise TimeoutException(message, screen, stacktrace)
selenium.common.exceptions.TimeoutException: Message: 
Stacktrace:
#0 0x5603569b1c5a <unknown>
#1 0x560356694e2c <unknown>
#2 0x5603566e1661 <unknown>
#3 0x5603566e1751 <unknown>
#4 0x560356725f64 <unknown>
#5 0x5603567045ed <unknown>
#6 0x560356723303 <unknown>
#7 0x560356704363 <unknown>
#8 0x5603566d4247 <unknown>
#9 0x5603566d4b9e <unknown>
#10 0x56035697822b <unknown>
#11 0x56035697c2d1 <unknown>
#12 0x560356963ade <unknown>
#13 0x56035697ce32 <unknown>
#14 0x56035694877f <unknown>
#15 0x5603569a1618 <unknown>
#16 0x5603569a17f0 <unknown>
#17 0x5603569b0d8c <unknown>
#18 0x7ffaee694ac3 <unknown>