2024-09-07 22:41:08 ERROR Elements not present after 0.5 seconds on page: https://capital.com/search
2024-09-07 22:41:08 ERROR 
Traceback (most recent call last):
  File "/home/runner/work/TestCapitalComPySe/TestCapitalComPySe/pages/base_page.py", line 86, in inner_function
    return func(*args, **kwargs)
           ^^^^^^^^^^^^^^^^^^^^^
  File "/home/runner/work/TestCapitalComPySe/TestCapitalComPySe/pages/base_page.py", line 305, in element_is_visible
    return Wait(self.driver, timeout).until(
           ^^^^^^^^^^^^^^^^^^^^^^^^^^^^^^^^^
  File "/home/runner/.cache/pypoetry/virtualenvs/testcapitalcompyse-CcJ6hTD8-py3.12/lib/python3.12/site-packages/selenium/webdriver/support/wait.py", line 105, in until
    raise TimeoutException(message, screen, stacktrace)
selenium.common.exceptions.TimeoutException: Message: 
Stacktrace:
#0 0x5575a118086a <unknown>
#1 0x5575a0e4ee50 <unknown>
#2 0x5575a0e9e644 <unknown>
#3 0x5575a0e9e931 <unknown>
#4 0x5575a0ee4534 <unknown>
#5 0x5575a0ec34bd <unknown>
#6 0x5575a0ee19c6 <unknown>
#7 0x5575a0ec3233 <unknown>
#8 0x5575a0e91093 <unknown>
#9 0x5575a0e9209e <unknown>
#10 0x5575a1147acb <unknown>
#11 0x5575a114ba81 <unknown>
#12 0x5575a1133695 <unknown>
#13 0x5575a114c5f2 <unknown>
#14 0x5575a111886f <unknown>
#15 0x5575a116f668 <unknown>
#16 0x5575a116f832 <unknown>
#17 0x5575a117f65c <unknown>
#18 0x7f52c6294ac3 <unknown>