{"uid":"22f1e7db5d363c6d","name":"TC_55!299 (Lang: ar) | Bid:55!299-ar.ae.NoReg","fullName":"tests.US_55_ReTestsManual.saii-d3v.US_55-saii-d3v_ReTestsManual_test.TestManualDetectedBugs#test_299","historyId":"ef094e062cfe58c35b0b7453fb066185","time":{"start":1733875568822,"stop":1733875585287,"duration":16465},"description":"\n         Check: The modal window \"Log in to your Facebook account\" is not opened\n                after clicking the button [Facebook] in the Signup / Log in form\n                on any page when EN/AR language and SCA license is selected\n         Language: AR, EN.\n         License: SCA.\n         Author: Sergey Aiidzhanov\n         ","descriptionHtml":"<pre><code>     Check: The modal window &quot;Log in to your Facebook account&quot; is not opened\n            after clicking the button [Facebook] in the Signup / Log in form\n            on any page when EN/AR language and SCA license is selected\n     Language: AR, EN.\n     License: SCA.\n     Author: Sergey Aiidzhanov\n</code></pre>\n","status":"broken","statusMessage":"selenium.common.exceptions.NoSuchElementException: Message: no such element: Unable to locate element: {\"method\":\"css selector\",\"selector\":\"#homelink\"}\n  (Session info: chrome=131.0.6778.85); For documentation on this error, please visit: https://www.selenium.dev/documentation/webdriver/troubleshooting/errors#no-such-element-exception\nStacktrace:\n#0 0x56202e04631a <unknown>\n#1 0x56202db5c6e0 <unknown>\n#2 0x56202dbab3e6 <unknown>\n#3 0x56202dbab681 <unknown>\n#4 0x56202dbf0b04 <unknown>\n#5 0x56202dbcf48d <unknown>\n#6 0x56202dbeded7 <unknown>\n#7 0x56202dbcf203 <unknown>\n#8 0x56202db9dcc0 <unknown>\n#9 0x56202db9ec9e <unknown>\n#10 0x56202e013d0b <unknown>\n#11 0x56202e017c92 <unknown>\n#12 0x56202e000b3c <unknown>\n#13 0x56202e018807 <unknown>\n#14 0x56202dfe60df <unknown>\n#15 0x56202e035578 <unknown>\n#16 0x56202e035740 <unknown>\n#17 0x56202e045196 <unknown>\n#18 0x7fb1fe694ac3 <unknown>","statusTrace":"self = <US_55-saii-d3v_ReTestsManual_test.TestManualDetectedBugs object at 0x7fa4d0637440>\nworker_id = 'master'\nd = <selenium.webdriver.chrome.webdriver.WebDriver (session=\"6670728ff80800b9d0a0f2f33193f0c1\")>\ncur_language = 'ar', cur_country = 'ae', cur_role = 'NoReg'\ncur_login = 'test001.miketar+1@gmail.com', cur_password = 'Qwer1234-!@#$'\n\n    @allure.step(\n        'Start retest manual TC_55!299 | The modal window \"Log in to your Facebook account\" is not opened '\n        'after clicking the button [Facebook] in the Sign up / Log in form on any page '\n        'when EN/AR language and SCA license is selected')\n    @pytest.mark.parametrize('cur_language', ['ar', ''])\n    @pytest.mark.parametrize('cur_country', ['ae'])\n    @pytest.mark.parametrize('cur_role', ['NoReg', 'NoAuth'])\n    @pytest.mark.bug_299\n    def test_299(self, worker_id, d, cur_language, cur_country, cur_role, cur_login, cur_password):\n        \"\"\"\n         Check: The modal window \"Log in to your Facebook account\" is not opened\n                after clicking the button [Facebook] in the Signup / Log in form\n                on any page when EN/AR language and SCA license is selected\n         Language: AR, EN.\n         License: SCA.\n         Author: Sergey Aiidzhanov\n         \"\"\"\n        bid = build_dynamic_arg_for_us_55(\n            d, worker_id, cur_language, cur_country, cur_role,\n            \"55\", \"ReTests of Manual Detected Bugs\",\n            \"299\",\n            'The modal window \"Log in to your Facebook account\" is not opened '\n            'after clicking the button [Facebook] in the Sign up / Log in form on any page '\n            'when EN/AR language and SCA license is selected',\n            False,\n            False\n        )\n        # Arrange\n        link = apply_preconditions_to_link(d, cur_language, cur_country, cur_role, cur_login, cur_password)\n    \n        test_el = CheckLoginFacebookModal(d, link, bid)\n        signup_login = SignupLogin(d, link, bid)\n    \n        if cur_role == \"NoReg\":\n            test_el.click_signup_button()\n        if cur_role == \"NoAuth\":\n            test_el.click_login_button()\n    \n        # Act\n        test_el.click_fb_btn()\n    \n        # Assert\n>       if not test_el.should_be_fb_modal():\n\ntests/US_55_ReTestsManual/saii-d3v/US_55-saii-d3v_ReTestsManual_test.py:631: \n_ _ _ _ _ _ _ _ _ _ _ _ _ _ _ _ _ _ _ _ _ _ _ _ _ _ _ _ _ _ _ _ _ _ _ _ _ _ _ _ \npages/BugsManual/bug_299.py:63: in should_be_fb_modal\n    if \"Facebook\" in self.driver.find_element(*FB_LOGO).text:\n../../../.cache/pypoetry/virtualenvs/testcapitalcompyse-CcJ6hTD8-py3.12/lib/python3.12/site-packages/selenium/webdriver/remote/webdriver.py:766: in find_element\n    return self.execute(Command.FIND_ELEMENT, {\"using\": by, \"value\": value})[\"value\"]\n../../../.cache/pypoetry/virtualenvs/testcapitalcompyse-CcJ6hTD8-py3.12/lib/python3.12/site-packages/selenium/webdriver/remote/webdriver.py:380: in execute\n    self.error_handler.check_response(response)\n_ _ _ _ _ _ _ _ _ _ _ _ _ _ _ _ _ _ _ _ _ _ _ _ _ _ _ _ _ _ _ _ _ _ _ _ _ _ _ _ \n\nself = <selenium.webdriver.remote.errorhandler.ErrorHandler object at 0x7fa4d04a7860>\nresponse = {'status': 404, 'value': '{\"value\":{\"error\":\"no such element\",\"message\":\"no such element: Unable to locate element: {\\...\\\\n#16 0x56202e035740 \\\\u003Cunknown>\\\\n#17 0x56202e045196 \\\\u003Cunknown>\\\\n#18 0x7fb1fe694ac3 \\\\u003Cunknown>\\\\n\"}}'}\n\n    def check_response(self, response: Dict[str, Any]) -> None:\n        \"\"\"Checks that a JSON response from the WebDriver does not have an\n        error.\n    \n        :Args:\n         - response - The JSON response from the WebDriver server as a dictionary\n           object.\n    \n        :Raises: If the response contains an error message.\n        \"\"\"\n        status = response.get(\"status\", None)\n        if not status or status == ErrorCode.SUCCESS:\n            return\n        value = None\n        message = response.get(\"message\", \"\")\n        screen: str = response.get(\"screen\", \"\")\n        stacktrace = None\n        if isinstance(status, int):\n            value_json = response.get(\"value\", None)\n            if value_json and isinstance(value_json, str):\n                import json\n    \n                try:\n                    value = json.loads(value_json)\n                    if len(value) == 1:\n                        value = value[\"value\"]\n                    status = value.get(\"error\", None)\n                    if not status:\n                        status = value.get(\"status\", ErrorCode.UNKNOWN_ERROR)\n                        message = value.get(\"value\") or value.get(\"message\")\n                        if not isinstance(message, str):\n                            value = message\n                            message = message.get(\"message\")\n                    else:\n                        message = value.get(\"message\", None)\n                except ValueError:\n                    pass\n    \n        exception_class: Type[WebDriverException]\n        e = ErrorCode()\n        error_codes = [item for item in dir(e) if not item.startswith(\"__\")]\n        for error_code in error_codes:\n            error_info = getattr(ErrorCode, error_code)\n            if isinstance(error_info, list) and status in error_info:\n                exception_class = getattr(ExceptionMapping, error_code, WebDriverException)\n                break\n        else:\n            exception_class = WebDriverException\n    \n        if not value:\n            value = response[\"value\"]\n        if isinstance(value, str):\n            raise exception_class(value)\n        if message == \"\" and \"message\" in value:\n            message = value[\"message\"]\n    \n        screen = None  # type: ignore[assignment]\n        if \"screen\" in value:\n            screen = value[\"screen\"]\n    \n        stacktrace = None\n        st_value = value.get(\"stackTrace\") or value.get(\"stacktrace\")\n        if st_value:\n            if isinstance(st_value, str):\n                stacktrace = st_value.split(\"\\n\")\n            else:\n                stacktrace = []\n                try:\n                    for frame in st_value:\n                        line = frame.get(\"lineNumber\", \"\")\n                        file = frame.get(\"fileName\", \"<anonymous>\")\n                        if line:\n                            file = f\"{file}:{line}\"\n                        meth = frame.get(\"methodName\", \"<anonymous>\")\n                        if \"className\" in frame:\n                            meth = f\"{frame['className']}.{meth}\"\n                        msg = \"    at %s (%s)\"\n                        msg = msg % (meth, file)\n                        stacktrace.append(msg)\n                except TypeError:\n                    pass\n        if exception_class == UnexpectedAlertPresentException:\n            alert_text = None\n            if \"data\" in value:\n                alert_text = value[\"data\"].get(\"text\")\n            elif \"alert\" in value:\n                alert_text = value[\"alert\"].get(\"text\")\n            raise exception_class(message, screen, stacktrace, alert_text)  # type: ignore[call-arg]  # mypy is not smart enough here\n>       raise exception_class(message, screen, stacktrace)\nE       selenium.common.exceptions.NoSuchElementException: Message: no such element: Unable to locate element: {\"method\":\"css selector\",\"selector\":\"#homelink\"}\nE         (Session info: chrome=131.0.6778.85); For documentation on this error, please visit: https://www.selenium.dev/documentation/webdriver/troubleshooting/errors#no-such-element-exception\nE       Stacktrace:\nE       #0 0x56202e04631a <unknown>\nE       #1 0x56202db5c6e0 <unknown>\nE       #2 0x56202dbab3e6 <unknown>\nE       #3 0x56202dbab681 <unknown>\nE       #4 0x56202dbf0b04 <unknown>\nE       #5 0x56202dbcf48d <unknown>\nE       #6 0x56202dbeded7 <unknown>\nE       #7 0x56202dbcf203 <unknown>\nE       #8 0x56202db9dcc0 <unknown>\nE       #9 0x56202db9ec9e <unknown>\nE       #10 0x56202e013d0b <unknown>\nE       #11 0x56202e017c92 <unknown>\nE       #12 0x56202e000b3c <unknown>\nE       #13 0x56202e018807 <unknown>\nE       #14 0x56202dfe60df <unknown>\nE       #15 0x56202e035578 <unknown>\nE       #16 0x56202e035740 <unknown>\nE       #17 0x56202e045196 <unknown>\nE       #18 0x7fb1fe694ac3 <unknown>\n\n../../../.cache/pypoetry/virtualenvs/testcapitalcompyse-CcJ6hTD8-py3.12/lib/python3.12/site-packages/selenium/webdriver/remote/errorhandler.py:229: NoSuchElementException","flaky":false,"newFailed":false,"newBroken":false,"newPassed":false,"retriesCount":0,"retriesStatusChange":false,"beforeStages":[{"name":"d","time":{"start":1733873775454,"stop":1733873775850,"duration":396},"status":"passed","steps":[],"attachments":[],"parameters":[],"shouldDisplayMessage":false,"stepsCount":0,"attachmentsCount":0,"hasContent":false,"attachmentStep":false},{"name":"cur_login","time":{"start":1733873775850,"stop":1733873775850,"duration":0},"status":"passed","steps":[],"attachments":[],"parameters":[],"shouldDisplayMessage":false,"stepsCount":0,"attachmentsCount":0,"hasContent":false,"attachmentStep":false},{"name":"cur_password","time":{"start":1733873775850,"stop":1733873775850,"duration":0},"status":"passed","steps":[],"attachments":[],"parameters":[],"shouldDisplayMessage":false,"stepsCount":0,"attachmentsCount":0,"hasContent":false,"attachmentStep":false},{"name":"worker_id","time":{"start":1733873775850,"stop":1733873775850,"duration":0},"status":"passed","steps":[],"attachments":[],"parameters":[],"shouldDisplayMessage":false,"stepsCount":0,"attachmentsCount":0,"hasContent":false,"attachmentStep":false}],"testStage":{"description":"\n         Check: The modal window \"Log in to your Facebook account\" is not opened\n                after clicking the button [Facebook] in the Signup / Log in form\n                on any page when EN/AR language and SCA license is selected\n         Language: AR, EN.\n         License: SCA.\n         Author: Sergey Aiidzhanov\n         ","status":"broken","statusMessage":"selenium.common.exceptions.NoSuchElementException: Message: no such element: Unable to locate element: {\"method\":\"css selector\",\"selector\":\"#homelink\"}\n  (Session info: chrome=131.0.6778.85); For documentation on this error, please visit: https://www.selenium.dev/documentation/webdriver/troubleshooting/errors#no-such-element-exception\nStacktrace:\n#0 0x56202e04631a <unknown>\n#1 0x56202db5c6e0 <unknown>\n#2 0x56202dbab3e6 <unknown>\n#3 0x56202dbab681 <unknown>\n#4 0x56202dbf0b04 <unknown>\n#5 0x56202dbcf48d <unknown>\n#6 0x56202dbeded7 <unknown>\n#7 0x56202dbcf203 <unknown>\n#8 0x56202db9dcc0 <unknown>\n#9 0x56202db9ec9e <unknown>\n#10 0x56202e013d0b <unknown>\n#11 0x56202e017c92 <unknown>\n#12 0x56202e000b3c <unknown>\n#13 0x56202e018807 <unknown>\n#14 0x56202dfe60df <unknown>\n#15 0x56202e035578 <unknown>\n#16 0x56202e035740 <unknown>\n#17 0x56202e045196 <unknown>\n#18 0x7fb1fe694ac3 <unknown>","statusTrace":"self = <US_55-saii-d3v_ReTestsManual_test.TestManualDetectedBugs object at 0x7fa4d0637440>\nworker_id = 'master'\nd = <selenium.webdriver.chrome.webdriver.WebDriver (session=\"6670728ff80800b9d0a0f2f33193f0c1\")>\ncur_language = 'ar', cur_country = 'ae', cur_role = 'NoReg'\ncur_login = 'test001.miketar+1@gmail.com', cur_password = 'Qwer1234-!@#$'\n\n    @allure.step(\n        'Start retest manual TC_55!299 | The modal window \"Log in to your Facebook account\" is not opened '\n        'after clicking the button [Facebook] in the Sign up / Log in form on any page '\n        'when EN/AR language and SCA license is selected')\n    @pytest.mark.parametrize('cur_language', ['ar', ''])\n    @pytest.mark.parametrize('cur_country', ['ae'])\n    @pytest.mark.parametrize('cur_role', ['NoReg', 'NoAuth'])\n    @pytest.mark.bug_299\n    def test_299(self, worker_id, d, cur_language, cur_country, cur_role, cur_login, cur_password):\n        \"\"\"\n         Check: The modal window \"Log in to your Facebook account\" is not opened\n                after clicking the button [Facebook] in the Signup / Log in form\n                on any page when EN/AR language and SCA license is selected\n         Language: AR, EN.\n         License: SCA.\n         Author: Sergey Aiidzhanov\n         \"\"\"\n        bid = build_dynamic_arg_for_us_55(\n            d, worker_id, cur_language, cur_country, cur_role,\n            \"55\", \"ReTests of Manual Detected Bugs\",\n            \"299\",\n            'The modal window \"Log in to your Facebook account\" is not opened '\n            'after clicking the button [Facebook] in the Sign up / Log in form on any page '\n            'when EN/AR language and SCA license is selected',\n            False,\n            False\n        )\n        # Arrange\n        link = apply_preconditions_to_link(d, cur_language, cur_country, cur_role, cur_login, cur_password)\n    \n        test_el = CheckLoginFacebookModal(d, link, bid)\n        signup_login = SignupLogin(d, link, bid)\n    \n        if cur_role == \"NoReg\":\n            test_el.click_signup_button()\n        if cur_role == \"NoAuth\":\n            test_el.click_login_button()\n    \n        # Act\n        test_el.click_fb_btn()\n    \n        # Assert\n>       if not test_el.should_be_fb_modal():\n\ntests/US_55_ReTestsManual/saii-d3v/US_55-saii-d3v_ReTestsManual_test.py:631: \n_ _ _ _ _ _ _ _ _ _ _ _ _ _ _ _ _ _ _ _ _ _ _ _ _ _ _ _ _ _ _ _ _ _ _ _ _ _ _ _ \npages/BugsManual/bug_299.py:63: in should_be_fb_modal\n    if \"Facebook\" in self.driver.find_element(*FB_LOGO).text:\n../../../.cache/pypoetry/virtualenvs/testcapitalcompyse-CcJ6hTD8-py3.12/lib/python3.12/site-packages/selenium/webdriver/remote/webdriver.py:766: in find_element\n    return self.execute(Command.FIND_ELEMENT, {\"using\": by, \"value\": value})[\"value\"]\n../../../.cache/pypoetry/virtualenvs/testcapitalcompyse-CcJ6hTD8-py3.12/lib/python3.12/site-packages/selenium/webdriver/remote/webdriver.py:380: in execute\n    self.error_handler.check_response(response)\n_ _ _ _ _ _ _ _ _ _ _ _ _ _ _ _ _ _ _ _ _ _ _ _ _ _ _ _ _ _ _ _ _ _ _ _ _ _ _ _ \n\nself = <selenium.webdriver.remote.errorhandler.ErrorHandler object at 0x7fa4d04a7860>\nresponse = {'status': 404, 'value': '{\"value\":{\"error\":\"no such element\",\"message\":\"no such element: Unable to locate element: {\\...\\\\n#16 0x56202e035740 \\\\u003Cunknown>\\\\n#17 0x56202e045196 \\\\u003Cunknown>\\\\n#18 0x7fb1fe694ac3 \\\\u003Cunknown>\\\\n\"}}'}\n\n    def check_response(self, response: Dict[str, Any]) -> None:\n        \"\"\"Checks that a JSON response from the WebDriver does not have an\n        error.\n    \n        :Args:\n         - response - The JSON response from the WebDriver server as a dictionary\n           object.\n    \n        :Raises: If the response contains an error message.\n        \"\"\"\n        status = response.get(\"status\", None)\n        if not status or status == ErrorCode.SUCCESS:\n            return\n        value = None\n        message = response.get(\"message\", \"\")\n        screen: str = response.get(\"screen\", \"\")\n        stacktrace = None\n        if isinstance(status, int):\n            value_json = response.get(\"value\", None)\n            if value_json and isinstance(value_json, str):\n                import json\n    \n                try:\n                    value = json.loads(value_json)\n                    if len(value) == 1:\n                        value = value[\"value\"]\n                    status = value.get(\"error\", None)\n                    if not status:\n                        status = value.get(\"status\", ErrorCode.UNKNOWN_ERROR)\n                        message = value.get(\"value\") or value.get(\"message\")\n                        if not isinstance(message, str):\n                            value = message\n                            message = message.get(\"message\")\n                    else:\n                        message = value.get(\"message\", None)\n                except ValueError:\n                    pass\n    \n        exception_class: Type[WebDriverException]\n        e = ErrorCode()\n        error_codes = [item for item in dir(e) if not item.startswith(\"__\")]\n        for error_code in error_codes:\n            error_info = getattr(ErrorCode, error_code)\n            if isinstance(error_info, list) and status in error_info:\n                exception_class = getattr(ExceptionMapping, error_code, WebDriverException)\n                break\n        else:\n            exception_class = WebDriverException\n    \n        if not value:\n            value = response[\"value\"]\n        if isinstance(value, str):\n            raise exception_class(value)\n        if message == \"\" and \"message\" in value:\n            message = value[\"message\"]\n    \n        screen = None  # type: ignore[assignment]\n        if \"screen\" in value:\n            screen = value[\"screen\"]\n    \n        stacktrace = None\n        st_value = value.get(\"stackTrace\") or value.get(\"stacktrace\")\n        if st_value:\n            if isinstance(st_value, str):\n                stacktrace = st_value.split(\"\\n\")\n            else:\n                stacktrace = []\n                try:\n                    for frame in st_value:\n                        line = frame.get(\"lineNumber\", \"\")\n                        file = frame.get(\"fileName\", \"<anonymous>\")\n                        if line:\n                            file = f\"{file}:{line}\"\n                        meth = frame.get(\"methodName\", \"<anonymous>\")\n                        if \"className\" in frame:\n                            meth = f\"{frame['className']}.{meth}\"\n                        msg = \"    at %s (%s)\"\n                        msg = msg % (meth, file)\n                        stacktrace.append(msg)\n                except TypeError:\n                    pass\n        if exception_class == UnexpectedAlertPresentException:\n            alert_text = None\n            if \"data\" in value:\n                alert_text = value[\"data\"].get(\"text\")\n            elif \"alert\" in value:\n                alert_text = value[\"alert\"].get(\"text\")\n            raise exception_class(message, screen, stacktrace, alert_text)  # type: ignore[call-arg]  # mypy is not smart enough here\n>       raise exception_class(message, screen, stacktrace)\nE       selenium.common.exceptions.NoSuchElementException: Message: no such element: Unable to locate element: {\"method\":\"css selector\",\"selector\":\"#homelink\"}\nE         (Session info: chrome=131.0.6778.85); For documentation on this error, please visit: https://www.selenium.dev/documentation/webdriver/troubleshooting/errors#no-such-element-exception\nE       Stacktrace:\nE       #0 0x56202e04631a <unknown>\nE       #1 0x56202db5c6e0 <unknown>\nE       #2 0x56202dbab3e6 <unknown>\nE       #3 0x56202dbab681 <unknown>\nE       #4 0x56202dbf0b04 <unknown>\nE       #5 0x56202dbcf48d <unknown>\nE       #6 0x56202dbeded7 <unknown>\nE       #7 0x56202dbcf203 <unknown>\nE       #8 0x56202db9dcc0 <unknown>\nE       #9 0x56202db9ec9e <unknown>\nE       #10 0x56202e013d0b <unknown>\nE       #11 0x56202e017c92 <unknown>\nE       #12 0x56202e000b3c <unknown>\nE       #13 0x56202e018807 <unknown>\nE       #14 0x56202dfe60df <unknown>\nE       #15 0x56202e035578 <unknown>\nE       #16 0x56202e035740 <unknown>\nE       #17 0x56202e045196 <unknown>\nE       #18 0x7fb1fe694ac3 <unknown>\n\n../../../.cache/pypoetry/virtualenvs/testcapitalcompyse-CcJ6hTD8-py3.12/lib/python3.12/site-packages/selenium/webdriver/remote/errorhandler.py:229: NoSuchElementException","steps":[{"name":"Start retest manual TC_55!299 | The modal window \"Log in to your Facebook account\" is not opened after clicking the button [Facebook] in the Sign up / Log in form on any page when EN/AR language and SCA license is selected","time":{"start":1733875568822,"stop":1733875585285,"duration":16463},"status":"broken","statusMessage":"selenium.common.exceptions.NoSuchElementException: Message: no such element: Unable to locate element: {\"method\":\"css selector\",\"selector\":\"#homelink\"}\n  (Session info: chrome=131.0.6778.85); For documentation on this error, please visit: https://www.selenium.dev/documentation/webdriver/troubleshooting/errors#no-such-element-exception\nStacktrace:\n#0 0x56202e04631a <unknown>\n#1 0x56202db5c6e0 <unknown>\n#2 0x56202dbab3e6 <unknown>\n#3 0x56202dbab681 <unknown>\n#4 0x56202dbf0b04 <unknown>\n#5 0x56202dbcf48d <unknown>\n#6 0x56202dbeded7 <unknown>\n#7 0x56202dbcf203 <unknown>\n#8 0x56202db9dcc0 <unknown>\n#9 0x56202db9ec9e <unknown>\n#10 0x56202e013d0b <unknown>\n#11 0x56202e017c92 <unknown>\n#12 0x56202e000b3c <unknown>\n#13 0x56202e018807 <unknown>\n#14 0x56202dfe60df <unknown>\n#15 0x56202e035578 <unknown>\n#16 0x56202e035740 <unknown>\n#17 0x56202e045196 <unknown>\n#18 0x7fb1fe694ac3 <unknown>\n\n","statusTrace":"  File \"/home/runner/.cache/pypoetry/virtualenvs/testcapitalcompyse-CcJ6hTD8-py3.12/lib/python3.12/site-packages/allure_commons/_allure.py\", line 192, in impl\n    return func(*a, **kw)\n           ^^^^^^^^^^^^^^\n  File \"/home/runner/work/TestCapitalComPySe/TestCapitalComPySe/tests/US_55_ReTestsManual/saii-d3v/US_55-saii-d3v_ReTestsManual_test.py\", line 631, in test_299\n    if not test_el.should_be_fb_modal():\n           ^^^^^^^^^^^^^^^^^^^^^^^^^^^^\n  File \"/home/runner/work/TestCapitalComPySe/TestCapitalComPySe/pages/BugsManual/bug_299.py\", line 63, in should_be_fb_modal\n    if \"Facebook\" in self.driver.find_element(*FB_LOGO).text:\n                     ^^^^^^^^^^^^^^^^^^^^^^^^^^^^^^^^^^\n  File \"/home/runner/.cache/pypoetry/virtualenvs/testcapitalcompyse-CcJ6hTD8-py3.12/lib/python3.12/site-packages/selenium/webdriver/remote/webdriver.py\", line 766, in find_element\n    return self.execute(Command.FIND_ELEMENT, {\"using\": by, \"value\": value})[\"value\"]\n           ^^^^^^^^^^^^^^^^^^^^^^^^^^^^^^^^^^^^^^^^^^^^^^^^^^^^^^^^^^^^^^^^^\n  File \"/home/runner/.cache/pypoetry/virtualenvs/testcapitalcompyse-CcJ6hTD8-py3.12/lib/python3.12/site-packages/selenium/webdriver/remote/webdriver.py\", line 380, in execute\n    self.error_handler.check_response(response)\n  File \"/home/runner/.cache/pypoetry/virtualenvs/testcapitalcompyse-CcJ6hTD8-py3.12/lib/python3.12/site-packages/selenium/webdriver/remote/errorhandler.py\", line 229, in check_response\n    raise exception_class(message, screen, stacktrace)\n","steps":[{"name":"Build dynamic argument for TCs of US_55","time":{"start":1733875568822,"stop":1733875568824,"duration":2},"status":"passed","steps":[],"attachments":[],"parameters":[{"name":"d","value":"<selenium.webdriver.chrome.webdriver.WebDriver (session=\"6670728ff80800b9d0a0f2f33193f0c1\")>"},{"name":"worker_id","value":"'master'"},{"name":"cur_language","value":"'ar'"},{"name":"cur_country","value":"'ae'"},{"name":"cur_role","value":"'NoReg'"},{"name":"us","value":"'55'"},{"name":"desc_us","value":"'ReTests of Manual Detected Bugs'"},{"name":"num_tc","value":"'299'"},{"name":"desc_tc","value":"'The modal window \"Log in to your Facebook account\" is not opened after clicking the button [Facebook] in the Sign up / Log in form on any page when EN/AR language and SCA license is selected'"},{"name":"manual","value":"False"},{"name":"new_layout","value":"False"}],"shouldDisplayMessage":false,"stepsCount":0,"attachmentsCount":0,"hasContent":true,"attachmentStep":false},{"name":"   Set New preconditions","time":{"start":1733875568824,"stop":1733875573723,"duration":4899},"status":"passed","steps":[{"name":"2024-12-10 23:36:15.387325   Set language and country","time":{"start":1733875571250,"stop":1733875573718,"duration":2468},"status":"passed","steps":[],"attachments":[],"parameters":[{"name":"d","value":"<selenium.webdriver.chrome.webdriver.WebDriver (session=\"6670728ff80800b9d0a0f2f33193f0c1\")>"},{"name":"cur_language","value":"'ar'"},{"name":"cur_country","value":"'ae'"}],"shouldDisplayMessage":false,"stepsCount":0,"attachmentsCount":0,"hasContent":true,"attachmentStep":false}],"attachments":[],"parameters":[{"name":"d","value":"<selenium.webdriver.chrome.webdriver.WebDriver (session=\"6670728ff80800b9d0a0f2f33193f0c1\")>"},{"name":"host","value":"'https://capital.com/en-gb'"},{"name":"end_point","value":"''"},{"name":"cur_language","value":"'ar'"},{"name":"cur_country","value":"'ae'"},{"name":"cur_role","value":"'NoReg'"},{"name":"cur_login","value":"'test001.miketar+1@gmail.com'"},{"name":"cur_password","value":"'Qwer1234-!@#$'"}],"shouldDisplayMessage":false,"stepsCount":1,"attachmentsCount":0,"hasContent":true,"attachmentStep":false}],"attachments":[],"parameters":[{"name":"worker_id","value":"'master'"},{"name":"d","value":"<selenium.webdriver.chrome.webdriver.WebDriver (session=\"6670728ff80800b9d0a0f2f33193f0c1\")>"},{"name":"cur_language","value":"'ar'"},{"name":"cur_country","value":"'ae'"},{"name":"cur_role","value":"'NoReg'"},{"name":"cur_login","value":"'test001.miketar+1@gmail.com'"},{"name":"cur_password","value":"'Qwer1234-!@#$'"}],"shouldDisplayMessage":true,"stepsCount":3,"attachmentsCount":0,"hasContent":true,"attachmentStep":false}],"attachments":[{"uid":"c5e5ed8c6a9dce4e","name":"Screenshot","source":"c5e5ed8c6a9dce4e.png","type":"image/png","size":277872},{"uid":"472c7247e0b7e032","name":"stdout","source":"472c7247e0b7e032.txt","type":"text/plain","size":2664}],"parameters":[],"shouldDisplayMessage":true,"stepsCount":4,"attachmentsCount":2,"hasContent":true,"attachmentStep":false},"afterStages":[{"name":"d::0","time":{"start":1733878071938,"stop":1733878072409,"duration":471},"status":"passed","steps":[],"attachments":[],"parameters":[],"shouldDisplayMessage":false,"stepsCount":0,"attachmentsCount":0,"hasContent":false,"attachmentStep":false}],"labels":[{"name":"epic","value":"TC_55!299 | The modal window \"Log in to your Facebook account\" is not opened after clicking the button [Facebook] in the Sign up / Log in form on any page when EN/AR language and SCA license is selected"},{"name":"feature","value":"Role: NoReg"},{"name":"story","value":"Country: ae"},{"name":"tag","value":"bug_299"},{"name":"tag","value":"us_55"},{"name":"parentSuite","value":"tests.US_55_ReTestsManual.saii-d3v"},{"name":"suite","value":"US_55-saii-d3v_ReTestsManual_test"},{"name":"subSuite","value":"TestManualDetectedBugs"},{"name":"host","value":"fv-az1024-274"},{"name":"thread","value":"18007-MainThread"},{"name":"framework","value":"pytest"},{"name":"language","value":"cpython3"},{"name":"package","value":"tests.US_55_ReTestsManual.saii-d3v.US_55-saii-d3v_ReTestsManual_test"},{"name":"resultFormat","value":"allure2"}],"parameters":[{"name":"cur_country","value":"'ae'"},{"name":"cur_language","value":"'ar'"},{"name":"cur_login","value":"'test001.miketar+1@gmail.com'"},{"name":"cur_password","value":"'Qwer1234-!@#$'"},{"name":"cur_role","value":"'NoReg'"},{"name":"d","value":"'Chrome'"}],"links":[],"hidden":false,"retry":false,"extra":{"severity":"normal","retries":[],"categories":[{"name":"Test defects","matchedStatuses":[],"flaky":false}],"history":{"statistic":{"failed":0,"broken":7,"skipped":0,"passed":38,"unknown":0,"total":45},"items":[{"uid":"492ad771a2687c28","reportUrl":"https://AlexTomAQA.github.io/TestCapitalComPySe/252//#testresult/492ad771a2687c28","status":"broken","statusDetails":"selenium.common.exceptions.NoSuchElementException: Message: no such element: Unable to locate element: {\"method\":\"css selector\",\"selector\":\"#homelink\"}\n  (Session info: chrome=131.0.6778.85); For documentation on this error, please visit: https://www.selenium.dev/documentation/webdriver/troubleshooting/errors#no-such-element-exception\nStacktrace:\n#0 0x5563ad2f434a <unknown>\n#1 0x5563ace0a6e0 <unknown>\n#2 0x5563ace593e6 <unknown>\n#3 0x5563ace59681 <unknown>\n#4 0x5563ace9eb04 <unknown>\n#5 0x5563ace7d48d <unknown>\n#6 0x5563ace9bed7 <unknown>\n#7 0x5563ace7d203 <unknown>\n#8 0x5563ace4bcc0 <unknown>\n#9 0x5563ace4cc9e <unknown>\n#10 0x5563ad2c1d3b <unknown>\n#11 0x5563ad2c5cc2 <unknown>\n#12 0x5563ad2aeb6c <unknown>\n#13 0x5563ad2c6837 <unknown>\n#14 0x5563ad29410f <unknown>\n#15 0x5563ad2e35a8 <unknown>\n#16 0x5563ad2e3770 <unknown>\n#17 0x5563ad2f31c6 <unknown>\n#18 0x7fb6b4694ac3 <unknown>","time":{"start":1733790156605,"stop":1733790173438,"duration":16833}},{"uid":"a5442e5995d01bb8","reportUrl":"https://AlexTomAQA.github.io/TestCapitalComPySe/251//#testresult/a5442e5995d01bb8","status":"broken","statusDetails":"selenium.common.exceptions.NoSuchElementException: Message: no such element: Unable to locate element: {\"method\":\"css selector\",\"selector\":\"#homelink\"}\n  (Session info: chrome=131.0.6778.85); For documentation on this error, please visit: https://www.selenium.dev/documentation/webdriver/troubleshooting/errors#no-such-element-exception\nStacktrace:\n#0 0x55b3896d934a <unknown>\n#1 0x55b3891ef6e0 <unknown>\n#2 0x55b38923e3e6 <unknown>\n#3 0x55b38923e681 <unknown>\n#4 0x55b389283b04 <unknown>\n#5 0x55b38926248d <unknown>\n#6 0x55b389280ed7 <unknown>\n#7 0x55b389262203 <unknown>\n#8 0x55b389230cc0 <unknown>\n#9 0x55b389231c9e <unknown>\n#10 0x55b3896a6d3b <unknown>\n#11 0x55b3896aacc2 <unknown>\n#12 0x55b389693b6c <unknown>\n#13 0x55b3896ab837 <unknown>\n#14 0x55b38967910f <unknown>\n#15 0x55b3896c85a8 <unknown>\n#16 0x55b3896c8770 <unknown>\n#17 0x55b3896d81c6 <unknown>\n#18 0x7fbcdfc94ac3 <unknown>","time":{"start":1733703859772,"stop":1733703876737,"duration":16965}},{"uid":"cbf8b00154b205a0","reportUrl":"https://AlexTomAQA.github.io/TestCapitalComPySe/250//#testresult/cbf8b00154b205a0","status":"broken","statusDetails":"selenium.common.exceptions.NoSuchElementException: Message: no such element: Unable to locate element: {\"method\":\"css selector\",\"selector\":\"#homelink\"}\n  (Session info: chrome=131.0.6778.85); For documentation on this error, please visit: https://www.selenium.dev/documentation/webdriver/troubleshooting/errors#no-such-element-exception\nStacktrace:\n#0 0x55895f43f34a <unknown>\n#1 0x55895ef556e0 <unknown>\n#2 0x55895efa43e6 <unknown>\n#3 0x55895efa4681 <unknown>\n#4 0x55895efe9b04 <unknown>\n#5 0x55895efc848d <unknown>\n#6 0x55895efe6ed7 <unknown>\n#7 0x55895efc8203 <unknown>\n#8 0x55895ef96cc0 <unknown>\n#9 0x55895ef97c9e <unknown>\n#10 0x55895f40cd3b <unknown>\n#11 0x55895f410cc2 <unknown>\n#12 0x55895f3f9b6c <unknown>\n#13 0x55895f411837 <unknown>\n#14 0x55895f3df10f <unknown>\n#15 0x55895f42e5a8 <unknown>\n#16 0x55895f42e770 <unknown>\n#17 0x55895f43e1c6 <unknown>\n#18 0x7fcc9b094ac3 <unknown>","time":{"start":1733617338692,"stop":1733617355488,"duration":16796}},{"uid":"faecbfba33f430f2","reportUrl":"https://AlexTomAQA.github.io/TestCapitalComPySe/249//#testresult/faecbfba33f430f2","status":"broken","statusDetails":"selenium.common.exceptions.NoSuchElementException: Message: no such element: Unable to locate element: {\"method\":\"css selector\",\"selector\":\"#homelink\"}\n  (Session info: chrome=131.0.6778.85); For documentation on this error, please visit: https://www.selenium.dev/documentation/webdriver/troubleshooting/errors#no-such-element-exception\nStacktrace:\n#0 0x557a9269d34a <unknown>\n#1 0x557a921b36e0 <unknown>\n#2 0x557a922023e6 <unknown>\n#3 0x557a92202681 <unknown>\n#4 0x557a92247b04 <unknown>\n#5 0x557a9222648d <unknown>\n#6 0x557a92244ed7 <unknown>\n#7 0x557a92226203 <unknown>\n#8 0x557a921f4cc0 <unknown>\n#9 0x557a921f5c9e <unknown>\n#10 0x557a9266ad3b <unknown>\n#11 0x557a9266ecc2 <unknown>\n#12 0x557a92657b6c <unknown>\n#13 0x557a9266f837 <unknown>\n#14 0x557a9263d10f <unknown>\n#15 0x557a9268c5a8 <unknown>\n#16 0x557a9268c770 <unknown>\n#17 0x557a9269c1c6 <unknown>\n#18 0x7fb89c694ac3 <unknown>","time":{"start":1733531322736,"stop":1733531340203,"duration":17467}},{"uid":"aa365adb0c6a1c32","reportUrl":"https://AlexTomAQA.github.io/TestCapitalComPySe/248//#testresult/aa365adb0c6a1c32","status":"broken","statusDetails":"selenium.common.exceptions.NoSuchElementException: Message: no such element: Unable to locate element: {\"method\":\"css selector\",\"selector\":\"#homelink\"}\n  (Session info: chrome=131.0.6778.85); For documentation on this error, please visit: https://www.selenium.dev/documentation/webdriver/troubleshooting/errors#no-such-element-exception\nStacktrace:\n#0 0x5575ca76e34a <unknown>\n#1 0x5575ca2846e0 <unknown>\n#2 0x5575ca2d33e6 <unknown>\n#3 0x5575ca2d3681 <unknown>\n#4 0x5575ca318b04 <unknown>\n#5 0x5575ca2f748d <unknown>\n#6 0x5575ca315ed7 <unknown>\n#7 0x5575ca2f7203 <unknown>\n#8 0x5575ca2c5cc0 <unknown>\n#9 0x5575ca2c6c9e <unknown>\n#10 0x5575ca73bd3b <unknown>\n#11 0x5575ca73fcc2 <unknown>\n#12 0x5575ca728b6c <unknown>\n#13 0x5575ca740837 <unknown>\n#14 0x5575ca70e10f <unknown>\n#15 0x5575ca75d5a8 <unknown>\n#16 0x5575ca75d770 <unknown>\n#17 0x5575ca76d1c6 <unknown>\n#18 0x7fe3d9094ac3 <unknown>","time":{"start":1733468428268,"stop":1733468444906,"duration":16638}},{"uid":"6cc00656c75c7154","reportUrl":"https://AlexTomAQA.github.io/TestCapitalComPySe/244//#testresult/6cc00656c75c7154","status":"broken","statusDetails":"selenium.common.exceptions.NoSuchElementException: Message: no such element: Unable to locate element: {\"method\":\"css selector\",\"selector\":\"#homelink\"}\n  (Session info: chrome=131.0.6778.85); For documentation on this error, please visit: https://www.selenium.dev/documentation/webdriver/troubleshooting/errors#no-such-element-exception\nStacktrace:\n#0 0x556916c9f34a <unknown>\n#1 0x5569167b56e0 <unknown>\n#2 0x5569168043e6 <unknown>\n#3 0x556916804681 <unknown>\n#4 0x556916849b04 <unknown>\n#5 0x55691682848d <unknown>\n#6 0x556916846ed7 <unknown>\n#7 0x556916828203 <unknown>\n#8 0x5569167f6cc0 <unknown>\n#9 0x5569167f7c9e <unknown>\n#10 0x556916c6cd3b <unknown>\n#11 0x556916c70cc2 <unknown>\n#12 0x556916c59b6c <unknown>\n#13 0x556916c71837 <unknown>\n#14 0x556916c3f10f <unknown>\n#15 0x556916c8e5a8 <unknown>\n#16 0x556916c8e770 <unknown>\n#17 0x556916c9e1c6 <unknown>\n#18 0x7ff97e294ac3 <unknown>","time":{"start":1733259073816,"stop":1733259090159,"duration":16343}},{"uid":"65b96c0bd678103a","reportUrl":"https://AlexTomAQA.github.io/TestCapitalComPySe/243//#testresult/65b96c0bd678103a","status":"passed","time":{"start":1733183843101,"stop":1733183856247,"duration":13146}},{"uid":"fa7e3f122b28a417","reportUrl":"https://AlexTomAQA.github.io/TestCapitalComPySe/242//#testresult/fa7e3f122b28a417","status":"passed","time":{"start":1733098491611,"stop":1733098504236,"duration":12625}},{"uid":"42d3342402df8c34","reportUrl":"https://AlexTomAQA.github.io/TestCapitalComPySe/241//#testresult/42d3342402df8c34","status":"passed","time":{"start":1733011212104,"stop":1733011224747,"duration":12643}},{"uid":"42216f61855e7ac8","reportUrl":"https://AlexTomAQA.github.io/TestCapitalComPySe/240//#testresult/42216f61855e7ac8","status":"passed","time":{"start":1732924527872,"stop":1732924540077,"duration":12205}},{"uid":"af0d76ed96eb0f76","reportUrl":"https://AlexTomAQA.github.io/TestCapitalComPySe/239//#testresult/af0d76ed96eb0f76","status":"passed","time":{"start":1732839195809,"stop":1732839208435,"duration":12626}},{"uid":"5e792365a828dd28","reportUrl":"https://AlexTomAQA.github.io/TestCapitalComPySe/238//#testresult/5e792365a828dd28","status":"passed","time":{"start":1732752877988,"stop":1732752890330,"duration":12342}},{"uid":"db49eedc16243db","reportUrl":"https://AlexTomAQA.github.io/TestCapitalComPySe/237//#testresult/db49eedc16243db","status":"passed","time":{"start":1732665323113,"stop":1732665335351,"duration":12238}},{"uid":"148f46be5e27273f","reportUrl":"https://AlexTomAQA.github.io/TestCapitalComPySe/236//#testresult/148f46be5e27273f","status":"passed","time":{"start":1732579029422,"stop":1732579041532,"duration":12110}},{"uid":"344ad3ad85b515a9","reportUrl":"https://AlexTomAQA.github.io/TestCapitalComPySe/235//#testresult/344ad3ad85b515a9","status":"passed","time":{"start":1732493057698,"stop":1732493071495,"duration":13797}},{"uid":"cd0277125864ab46","reportUrl":"https://AlexTomAQA.github.io/TestCapitalComPySe/234//#testresult/cd0277125864ab46","status":"passed","time":{"start":1732405536194,"stop":1732405548464,"duration":12270}},{"uid":"8866027140c2c2be","reportUrl":"https://AlexTomAQA.github.io/TestCapitalComPySe/233//#testresult/8866027140c2c2be","status":"passed","time":{"start":1732320152019,"stop":1732320164252,"duration":12233}},{"uid":"bde037fa0022c17b","reportUrl":"https://AlexTomAQA.github.io/TestCapitalComPySe/232//#testresult/bde037fa0022c17b","status":"passed","time":{"start":1732250124612,"stop":1732250137198,"duration":12586}},{"uid":"313ffd111f3ad7b3","reportUrl":"https://AlexTomAQA.github.io/TestCapitalComPySe/231//#testresult/313ffd111f3ad7b3","status":"passed","time":{"start":1732234306907,"stop":1732234319290,"duration":12383}},{"uid":"977db0825528a553","reportUrl":"https://AlexTomAQA.github.io/TestCapitalComPySe/230//#testresult/977db0825528a553","status":"passed","time":{"start":1732147736483,"stop":1732147749291,"duration":12808}}]},"tags":["bug_299","us_55"]},"source":"22f1e7db5d363c6d.json","parameterValues":["'ae'","'ar'","'test001.miketar+1@gmail.com'","'Qwer1234-!@#$'","'NoReg'","'Chrome'"]}