{"uid":"5f14adb29461d42d","name":"TC_55!514 (Lang: en) | Bid:55!514-en.au.NoAuth","fullName":"tests.US_55_ReTestsManual.tassobaccato.US_55-tassobaccato_ReTestsManual_test.TestManualDetectedBugs#test_514","historyId":"388fbce121b519f74afdc77a684617d2","time":{"start":1733880528294,"stop":1733880677656,"duration":149362},"description":"\n        Check: Menu section [Markets] > Menu item [Market analysis] > Article \"Solana price prediction: Can SOL\n                rebound?\" > Click on the [Could Solana become a Cardano side-chain?] item in the \"Table of Contents\" >\n                Click on the [announced] link in the text\n        Language: EN\n        License: ASIC\n        Author: Kasila\n        ","descriptionHtml":"<pre><code>    Check: Menu section [Markets] &gt; Menu item [Market analysis] &gt; Article &quot;Solana price prediction: Can SOL\n            rebound?&quot; &gt; Click on the [Could Solana become a Cardano side-chain?] item in the &quot;Table of Contents&quot; &gt;\n            Click on the [announced] link in the text\n    Language: EN\n    License: ASIC\n    Author: Kasila\n</code></pre>\n","status":"broken","statusMessage":"selenium.common.exceptions.NoSuchElementException: Message: no such element: Unable to locate element: {\"method\":\"css selector\",\"selector\":\".tableOfContent_frame__1c2SI\"}\n  (Session info: chrome=131.0.6778.85); For documentation on this error, please visit: https://www.selenium.dev/documentation/webdriver/troubleshooting/errors#no-such-element-exception\nStacktrace:\n#0 0x555ed3c3d31a <unknown>\n#1 0x555ed37536e0 <unknown>\n#2 0x555ed37a23e6 <unknown>\n#3 0x555ed37a2681 <unknown>\n#4 0x555ed37e7b04 <unknown>\n#5 0x555ed37c648d <unknown>\n#6 0x555ed37e4ed7 <unknown>\n#7 0x555ed37c6203 <unknown>\n#8 0x555ed3794cc0 <unknown>\n#9 0x555ed3795c9e <unknown>\n#10 0x555ed3c0ad0b <unknown>\n#11 0x555ed3c0ec92 <unknown>\n#12 0x555ed3bf7b3c <unknown>\n#13 0x555ed3c0f807 <unknown>\n#14 0x555ed3bdd0df <unknown>\n#15 0x555ed3c2c578 <unknown>\n#16 0x555ed3c2c740 <unknown>\n#17 0x555ed3c3c196 <unknown>\n#18 0x7efee9694ac3 <unknown>","statusTrace":"self = <US_55-tassobaccato_ReTestsManual_test.TestManualDetectedBugs object at 0x7f76bb46f4d0>\nworker_id = 'master'\nd = <selenium.webdriver.chrome.webdriver.WebDriver (session=\"a214b4f038ddc87787287a320c8a11e9\")>\ncur_language = '', cur_country = 'au', cur_role = 'NoAuth'\ncur_login = 'test001.miketar+1@gmail.com', cur_password = 'Qwer1234-!@#$'\n\n    @allure.step('Start retest manual AT_55!514 The page with text \"Page Not Found ... doesnt exist or has been moved\" is displayed')\n    @pytest.mark.parametrize('cur_language', [''])\n    @pytest.mark.parametrize('cur_country', ['au'])\n    @pytest.mark.parametrize('cur_role', [\"NoReg\", \"Auth\", \"NoAuth\"])\n    @pytest.mark.bug_514\n    def test_514(self, worker_id, d, cur_language, cur_country, cur_role, cur_login, cur_password):\n        \"\"\"\n        Check: Menu section [Markets] > Menu item [Market analysis] > Article \"Solana price prediction: Can SOL\n                rebound?\" > Click on the [Could Solana become a Cardano side-chain?] item in the \"Table of Contents\" >\n                Click on the [announced] link in the text\n        Language: EN\n        License: ASIC\n        Author: Kasila\n        \"\"\"\n    \n        bid = build_dynamic_arg_for_us_55(\n            d, worker_id, cur_language, cur_country, cur_role,\n            \"55\", \"ReTests of Manual Detected Bugs\",\n            \"514\", 'The page with text \"Page Not Found ... doesnt exist or has been moved\" is opened '\n                   'after clicking on [announced] link in the article \"Solana price prediction: Can SOL rebound?\" when '\n                   'selected ASIC license'\n        )\n    \n        link = apply_preconditions_to_link(d, cur_language, cur_country, cur_role, cur_login, cur_password)\n        menu = from_markets_menu_open_market_analysis.MenuNew(d, link)\n        cur_item_link = menu.from_markets_menu_open_market_analysis(d, cur_language, cur_country, link)\n    \n        test_element = AnnouncedLink(d, cur_item_link, bid)\n>       test_element.announced_link(d, cur_item_link, link)\n\ntests/US_55_ReTestsManual/tassobaccato/US_55-tassobaccato_ReTestsManual_test.py:728: \n_ _ _ _ _ _ _ _ _ _ _ _ _ _ _ _ _ _ _ _ _ _ _ _ _ _ _ _ _ _ _ _ _ _ _ _ _ _ _ _ \npages/BugsManual/bug_514.py:46: in announced_link\n    table_of_contents = self.driver.find_element(By.CLASS_NAME, 'tableOfContent_frame__1c2SI')\n../../../.cache/pypoetry/virtualenvs/testcapitalcompyse-CcJ6hTD8-py3.12/lib/python3.12/site-packages/selenium/webdriver/remote/webdriver.py:766: in find_element\n    return self.execute(Command.FIND_ELEMENT, {\"using\": by, \"value\": value})[\"value\"]\n../../../.cache/pypoetry/virtualenvs/testcapitalcompyse-CcJ6hTD8-py3.12/lib/python3.12/site-packages/selenium/webdriver/remote/webdriver.py:380: in execute\n    self.error_handler.check_response(response)\n_ _ _ _ _ _ _ _ _ _ _ _ _ _ _ _ _ _ _ _ _ _ _ _ _ _ _ _ _ _ _ _ _ _ _ _ _ _ _ _ \n\nself = <selenium.webdriver.remote.errorhandler.ErrorHandler object at 0x7f76ba95b710>\nresponse = {'status': 404, 'value': '{\"value\":{\"error\":\"no such element\",\"message\":\"no such element: Unable to locate element: {\\...\\\\n#16 0x555ed3c2c740 \\\\u003Cunknown>\\\\n#17 0x555ed3c3c196 \\\\u003Cunknown>\\\\n#18 0x7efee9694ac3 \\\\u003Cunknown>\\\\n\"}}'}\n\n    def check_response(self, response: Dict[str, Any]) -> None:\n        \"\"\"Checks that a JSON response from the WebDriver does not have an\n        error.\n    \n        :Args:\n         - response - The JSON response from the WebDriver server as a dictionary\n           object.\n    \n        :Raises: If the response contains an error message.\n        \"\"\"\n        status = response.get(\"status\", None)\n        if not status or status == ErrorCode.SUCCESS:\n            return\n        value = None\n        message = response.get(\"message\", \"\")\n        screen: str = response.get(\"screen\", \"\")\n        stacktrace = None\n        if isinstance(status, int):\n            value_json = response.get(\"value\", None)\n            if value_json and isinstance(value_json, str):\n                import json\n    \n                try:\n                    value = json.loads(value_json)\n                    if len(value) == 1:\n                        value = value[\"value\"]\n                    status = value.get(\"error\", None)\n                    if not status:\n                        status = value.get(\"status\", ErrorCode.UNKNOWN_ERROR)\n                        message = value.get(\"value\") or value.get(\"message\")\n                        if not isinstance(message, str):\n                            value = message\n                            message = message.get(\"message\")\n                    else:\n                        message = value.get(\"message\", None)\n                except ValueError:\n                    pass\n    \n        exception_class: Type[WebDriverException]\n        e = ErrorCode()\n        error_codes = [item for item in dir(e) if not item.startswith(\"__\")]\n        for error_code in error_codes:\n            error_info = getattr(ErrorCode, error_code)\n            if isinstance(error_info, list) and status in error_info:\n                exception_class = getattr(ExceptionMapping, error_code, WebDriverException)\n                break\n        else:\n            exception_class = WebDriverException\n    \n        if not value:\n            value = response[\"value\"]\n        if isinstance(value, str):\n            raise exception_class(value)\n        if message == \"\" and \"message\" in value:\n            message = value[\"message\"]\n    \n        screen = None  # type: ignore[assignment]\n        if \"screen\" in value:\n            screen = value[\"screen\"]\n    \n        stacktrace = None\n        st_value = value.get(\"stackTrace\") or value.get(\"stacktrace\")\n        if st_value:\n            if isinstance(st_value, str):\n                stacktrace = st_value.split(\"\\n\")\n            else:\n                stacktrace = []\n                try:\n                    for frame in st_value:\n                        line = frame.get(\"lineNumber\", \"\")\n                        file = frame.get(\"fileName\", \"<anonymous>\")\n                        if line:\n                            file = f\"{file}:{line}\"\n                        meth = frame.get(\"methodName\", \"<anonymous>\")\n                        if \"className\" in frame:\n                            meth = f\"{frame['className']}.{meth}\"\n                        msg = \"    at %s (%s)\"\n                        msg = msg % (meth, file)\n                        stacktrace.append(msg)\n                except TypeError:\n                    pass\n        if exception_class == UnexpectedAlertPresentException:\n            alert_text = None\n            if \"data\" in value:\n                alert_text = value[\"data\"].get(\"text\")\n            elif \"alert\" in value:\n                alert_text = value[\"alert\"].get(\"text\")\n            raise exception_class(message, screen, stacktrace, alert_text)  # type: ignore[call-arg]  # mypy is not smart enough here\n>       raise exception_class(message, screen, stacktrace)\nE       selenium.common.exceptions.NoSuchElementException: Message: no such element: Unable to locate element: {\"method\":\"css selector\",\"selector\":\".tableOfContent_frame__1c2SI\"}\nE         (Session info: chrome=131.0.6778.85); For documentation on this error, please visit: https://www.selenium.dev/documentation/webdriver/troubleshooting/errors#no-such-element-exception\nE       Stacktrace:\nE       #0 0x555ed3c3d31a <unknown>\nE       #1 0x555ed37536e0 <unknown>\nE       #2 0x555ed37a23e6 <unknown>\nE       #3 0x555ed37a2681 <unknown>\nE       #4 0x555ed37e7b04 <unknown>\nE       #5 0x555ed37c648d <unknown>\nE       #6 0x555ed37e4ed7 <unknown>\nE       #7 0x555ed37c6203 <unknown>\nE       #8 0x555ed3794cc0 <unknown>\nE       #9 0x555ed3795c9e <unknown>\nE       #10 0x555ed3c0ad0b <unknown>\nE       #11 0x555ed3c0ec92 <unknown>\nE       #12 0x555ed3bf7b3c <unknown>\nE       #13 0x555ed3c0f807 <unknown>\nE       #14 0x555ed3bdd0df <unknown>\nE       #15 0x555ed3c2c578 <unknown>\nE       #16 0x555ed3c2c740 <unknown>\nE       #17 0x555ed3c3c196 <unknown>\nE       #18 0x7efee9694ac3 <unknown>\n\n../../../.cache/pypoetry/virtualenvs/testcapitalcompyse-CcJ6hTD8-py3.12/lib/python3.12/site-packages/selenium/webdriver/remote/errorhandler.py:229: NoSuchElementException","flaky":false,"newFailed":false,"newBroken":true,"newPassed":false,"retriesCount":0,"retriesStatusChange":false,"beforeStages":[{"name":"d","time":{"start":1733878073832,"stop":1733878074462,"duration":630},"status":"passed","steps":[],"attachments":[],"parameters":[],"shouldDisplayMessage":false,"stepsCount":0,"attachmentsCount":0,"hasContent":false,"attachmentStep":false},{"name":"worker_id","time":{"start":1733878074462,"stop":1733878074462,"duration":0},"status":"passed","steps":[],"attachments":[],"parameters":[],"shouldDisplayMessage":false,"stepsCount":0,"attachmentsCount":0,"hasContent":false,"attachmentStep":false},{"name":"cur_password","time":{"start":1733878074463,"stop":1733878074463,"duration":0},"status":"passed","steps":[],"attachments":[],"parameters":[],"shouldDisplayMessage":false,"stepsCount":0,"attachmentsCount":0,"hasContent":false,"attachmentStep":false},{"name":"cur_login","time":{"start":1733878074463,"stop":1733878074463,"duration":0},"status":"passed","steps":[],"attachments":[],"parameters":[],"shouldDisplayMessage":false,"stepsCount":0,"attachmentsCount":0,"hasContent":false,"attachmentStep":false}],"testStage":{"description":"\n        Check: Menu section [Markets] > Menu item [Market analysis] > Article \"Solana price prediction: Can SOL\n                rebound?\" > Click on the [Could Solana become a Cardano side-chain?] item in the \"Table of Contents\" >\n                Click on the [announced] link in the text\n        Language: EN\n        License: ASIC\n        Author: Kasila\n        ","status":"broken","statusMessage":"selenium.common.exceptions.NoSuchElementException: Message: no such element: Unable to locate element: {\"method\":\"css selector\",\"selector\":\".tableOfContent_frame__1c2SI\"}\n  (Session info: chrome=131.0.6778.85); For documentation on this error, please visit: https://www.selenium.dev/documentation/webdriver/troubleshooting/errors#no-such-element-exception\nStacktrace:\n#0 0x555ed3c3d31a <unknown>\n#1 0x555ed37536e0 <unknown>\n#2 0x555ed37a23e6 <unknown>\n#3 0x555ed37a2681 <unknown>\n#4 0x555ed37e7b04 <unknown>\n#5 0x555ed37c648d <unknown>\n#6 0x555ed37e4ed7 <unknown>\n#7 0x555ed37c6203 <unknown>\n#8 0x555ed3794cc0 <unknown>\n#9 0x555ed3795c9e <unknown>\n#10 0x555ed3c0ad0b <unknown>\n#11 0x555ed3c0ec92 <unknown>\n#12 0x555ed3bf7b3c <unknown>\n#13 0x555ed3c0f807 <unknown>\n#14 0x555ed3bdd0df <unknown>\n#15 0x555ed3c2c578 <unknown>\n#16 0x555ed3c2c740 <unknown>\n#17 0x555ed3c3c196 <unknown>\n#18 0x7efee9694ac3 <unknown>","statusTrace":"self = <US_55-tassobaccato_ReTestsManual_test.TestManualDetectedBugs object at 0x7f76bb46f4d0>\nworker_id = 'master'\nd = <selenium.webdriver.chrome.webdriver.WebDriver (session=\"a214b4f038ddc87787287a320c8a11e9\")>\ncur_language = '', cur_country = 'au', cur_role = 'NoAuth'\ncur_login = 'test001.miketar+1@gmail.com', cur_password = 'Qwer1234-!@#$'\n\n    @allure.step('Start retest manual AT_55!514 The page with text \"Page Not Found ... doesnt exist or has been moved\" is displayed')\n    @pytest.mark.parametrize('cur_language', [''])\n    @pytest.mark.parametrize('cur_country', ['au'])\n    @pytest.mark.parametrize('cur_role', [\"NoReg\", \"Auth\", \"NoAuth\"])\n    @pytest.mark.bug_514\n    def test_514(self, worker_id, d, cur_language, cur_country, cur_role, cur_login, cur_password):\n        \"\"\"\n        Check: Menu section [Markets] > Menu item [Market analysis] > Article \"Solana price prediction: Can SOL\n                rebound?\" > Click on the [Could Solana become a Cardano side-chain?] item in the \"Table of Contents\" >\n                Click on the [announced] link in the text\n        Language: EN\n        License: ASIC\n        Author: Kasila\n        \"\"\"\n    \n        bid = build_dynamic_arg_for_us_55(\n            d, worker_id, cur_language, cur_country, cur_role,\n            \"55\", \"ReTests of Manual Detected Bugs\",\n            \"514\", 'The page with text \"Page Not Found ... doesnt exist or has been moved\" is opened '\n                   'after clicking on [announced] link in the article \"Solana price prediction: Can SOL rebound?\" when '\n                   'selected ASIC license'\n        )\n    \n        link = apply_preconditions_to_link(d, cur_language, cur_country, cur_role, cur_login, cur_password)\n        menu = from_markets_menu_open_market_analysis.MenuNew(d, link)\n        cur_item_link = menu.from_markets_menu_open_market_analysis(d, cur_language, cur_country, link)\n    \n        test_element = AnnouncedLink(d, cur_item_link, bid)\n>       test_element.announced_link(d, cur_item_link, link)\n\ntests/US_55_ReTestsManual/tassobaccato/US_55-tassobaccato_ReTestsManual_test.py:728: \n_ _ _ _ _ _ _ _ _ _ _ _ _ _ _ _ _ _ _ _ _ _ _ _ _ _ _ _ _ _ _ _ _ _ _ _ _ _ _ _ \npages/BugsManual/bug_514.py:46: in announced_link\n    table_of_contents = self.driver.find_element(By.CLASS_NAME, 'tableOfContent_frame__1c2SI')\n../../../.cache/pypoetry/virtualenvs/testcapitalcompyse-CcJ6hTD8-py3.12/lib/python3.12/site-packages/selenium/webdriver/remote/webdriver.py:766: in find_element\n    return self.execute(Command.FIND_ELEMENT, {\"using\": by, \"value\": value})[\"value\"]\n../../../.cache/pypoetry/virtualenvs/testcapitalcompyse-CcJ6hTD8-py3.12/lib/python3.12/site-packages/selenium/webdriver/remote/webdriver.py:380: in execute\n    self.error_handler.check_response(response)\n_ _ _ _ _ _ _ _ _ _ _ _ _ _ _ _ _ _ _ _ _ _ _ _ _ _ _ _ _ _ _ _ _ _ _ _ _ _ _ _ \n\nself = <selenium.webdriver.remote.errorhandler.ErrorHandler object at 0x7f76ba95b710>\nresponse = {'status': 404, 'value': '{\"value\":{\"error\":\"no such element\",\"message\":\"no such element: Unable to locate element: {\\...\\\\n#16 0x555ed3c2c740 \\\\u003Cunknown>\\\\n#17 0x555ed3c3c196 \\\\u003Cunknown>\\\\n#18 0x7efee9694ac3 \\\\u003Cunknown>\\\\n\"}}'}\n\n    def check_response(self, response: Dict[str, Any]) -> None:\n        \"\"\"Checks that a JSON response from the WebDriver does not have an\n        error.\n    \n        :Args:\n         - response - The JSON response from the WebDriver server as a dictionary\n           object.\n    \n        :Raises: If the response contains an error message.\n        \"\"\"\n        status = response.get(\"status\", None)\n        if not status or status == ErrorCode.SUCCESS:\n            return\n        value = None\n        message = response.get(\"message\", \"\")\n        screen: str = response.get(\"screen\", \"\")\n        stacktrace = None\n        if isinstance(status, int):\n            value_json = response.get(\"value\", None)\n            if value_json and isinstance(value_json, str):\n                import json\n    \n                try:\n                    value = json.loads(value_json)\n                    if len(value) == 1:\n                        value = value[\"value\"]\n                    status = value.get(\"error\", None)\n                    if not status:\n                        status = value.get(\"status\", ErrorCode.UNKNOWN_ERROR)\n                        message = value.get(\"value\") or value.get(\"message\")\n                        if not isinstance(message, str):\n                            value = message\n                            message = message.get(\"message\")\n                    else:\n                        message = value.get(\"message\", None)\n                except ValueError:\n                    pass\n    \n        exception_class: Type[WebDriverException]\n        e = ErrorCode()\n        error_codes = [item for item in dir(e) if not item.startswith(\"__\")]\n        for error_code in error_codes:\n            error_info = getattr(ErrorCode, error_code)\n            if isinstance(error_info, list) and status in error_info:\n                exception_class = getattr(ExceptionMapping, error_code, WebDriverException)\n                break\n        else:\n            exception_class = WebDriverException\n    \n        if not value:\n            value = response[\"value\"]\n        if isinstance(value, str):\n            raise exception_class(value)\n        if message == \"\" and \"message\" in value:\n            message = value[\"message\"]\n    \n        screen = None  # type: ignore[assignment]\n        if \"screen\" in value:\n            screen = value[\"screen\"]\n    \n        stacktrace = None\n        st_value = value.get(\"stackTrace\") or value.get(\"stacktrace\")\n        if st_value:\n            if isinstance(st_value, str):\n                stacktrace = st_value.split(\"\\n\")\n            else:\n                stacktrace = []\n                try:\n                    for frame in st_value:\n                        line = frame.get(\"lineNumber\", \"\")\n                        file = frame.get(\"fileName\", \"<anonymous>\")\n                        if line:\n                            file = f\"{file}:{line}\"\n                        meth = frame.get(\"methodName\", \"<anonymous>\")\n                        if \"className\" in frame:\n                            meth = f\"{frame['className']}.{meth}\"\n                        msg = \"    at %s (%s)\"\n                        msg = msg % (meth, file)\n                        stacktrace.append(msg)\n                except TypeError:\n                    pass\n        if exception_class == UnexpectedAlertPresentException:\n            alert_text = None\n            if \"data\" in value:\n                alert_text = value[\"data\"].get(\"text\")\n            elif \"alert\" in value:\n                alert_text = value[\"alert\"].get(\"text\")\n            raise exception_class(message, screen, stacktrace, alert_text)  # type: ignore[call-arg]  # mypy is not smart enough here\n>       raise exception_class(message, screen, stacktrace)\nE       selenium.common.exceptions.NoSuchElementException: Message: no such element: Unable to locate element: {\"method\":\"css selector\",\"selector\":\".tableOfContent_frame__1c2SI\"}\nE         (Session info: chrome=131.0.6778.85); For documentation on this error, please visit: https://www.selenium.dev/documentation/webdriver/troubleshooting/errors#no-such-element-exception\nE       Stacktrace:\nE       #0 0x555ed3c3d31a <unknown>\nE       #1 0x555ed37536e0 <unknown>\nE       #2 0x555ed37a23e6 <unknown>\nE       #3 0x555ed37a2681 <unknown>\nE       #4 0x555ed37e7b04 <unknown>\nE       #5 0x555ed37c648d <unknown>\nE       #6 0x555ed37e4ed7 <unknown>\nE       #7 0x555ed37c6203 <unknown>\nE       #8 0x555ed3794cc0 <unknown>\nE       #9 0x555ed3795c9e <unknown>\nE       #10 0x555ed3c0ad0b <unknown>\nE       #11 0x555ed3c0ec92 <unknown>\nE       #12 0x555ed3bf7b3c <unknown>\nE       #13 0x555ed3c0f807 <unknown>\nE       #14 0x555ed3bdd0df <unknown>\nE       #15 0x555ed3c2c578 <unknown>\nE       #16 0x555ed3c2c740 <unknown>\nE       #17 0x555ed3c3c196 <unknown>\nE       #18 0x7efee9694ac3 <unknown>\n\n../../../.cache/pypoetry/virtualenvs/testcapitalcompyse-CcJ6hTD8-py3.12/lib/python3.12/site-packages/selenium/webdriver/remote/errorhandler.py:229: NoSuchElementException","steps":[{"name":"Start retest manual AT_55!514 The page with text \"Page Not Found ... doesnt exist or has been moved\" is displayed","time":{"start":1733880528295,"stop":1733880677655,"duration":149360},"status":"broken","statusMessage":"selenium.common.exceptions.NoSuchElementException: Message: no such element: Unable to locate element: {\"method\":\"css selector\",\"selector\":\".tableOfContent_frame__1c2SI\"}\n  (Session info: chrome=131.0.6778.85); For documentation on this error, please visit: https://www.selenium.dev/documentation/webdriver/troubleshooting/errors#no-such-element-exception\nStacktrace:\n#0 0x555ed3c3d31a <unknown>\n#1 0x555ed37536e0 <unknown>\n#2 0x555ed37a23e6 <unknown>\n#3 0x555ed37a2681 <unknown>\n#4 0x555ed37e7b04 <unknown>\n#5 0x555ed37c648d <unknown>\n#6 0x555ed37e4ed7 <unknown>\n#7 0x555ed37c6203 <unknown>\n#8 0x555ed3794cc0 <unknown>\n#9 0x555ed3795c9e <unknown>\n#10 0x555ed3c0ad0b <unknown>\n#11 0x555ed3c0ec92 <unknown>\n#12 0x555ed3bf7b3c <unknown>\n#13 0x555ed3c0f807 <unknown>\n#14 0x555ed3bdd0df <unknown>\n#15 0x555ed3c2c578 <unknown>\n#16 0x555ed3c2c740 <unknown>\n#17 0x555ed3c3c196 <unknown>\n#18 0x7efee9694ac3 <unknown>\n\n","statusTrace":"  File \"/home/runner/.cache/pypoetry/virtualenvs/testcapitalcompyse-CcJ6hTD8-py3.12/lib/python3.12/site-packages/allure_commons/_allure.py\", line 192, in impl\n    return func(*a, **kw)\n           ^^^^^^^^^^^^^^\n  File \"/home/runner/work/TestCapitalComPySe/TestCapitalComPySe/tests/US_55_ReTestsManual/tassobaccato/US_55-tassobaccato_ReTestsManual_test.py\", line 728, in test_514\n    test_element.announced_link(d, cur_item_link, link)\n  File \"/home/runner/.cache/pypoetry/virtualenvs/testcapitalcompyse-CcJ6hTD8-py3.12/lib/python3.12/site-packages/allure_commons/_allure.py\", line 192, in impl\n    return func(*a, **kw)\n           ^^^^^^^^^^^^^^\n  File \"/home/runner/work/TestCapitalComPySe/TestCapitalComPySe/pages/BugsManual/bug_514.py\", line 46, in announced_link\n    table_of_contents = self.driver.find_element(By.CLASS_NAME, 'tableOfContent_frame__1c2SI')\n                        ^^^^^^^^^^^^^^^^^^^^^^^^^^^^^^^^^^^^^^^^^^^^^^^^^^^^^^^^^^^^^^^^^^^^^^\n  File \"/home/runner/.cache/pypoetry/virtualenvs/testcapitalcompyse-CcJ6hTD8-py3.12/lib/python3.12/site-packages/selenium/webdriver/remote/webdriver.py\", line 766, in find_element\n    return self.execute(Command.FIND_ELEMENT, {\"using\": by, \"value\": value})[\"value\"]\n           ^^^^^^^^^^^^^^^^^^^^^^^^^^^^^^^^^^^^^^^^^^^^^^^^^^^^^^^^^^^^^^^^^\n  File \"/home/runner/.cache/pypoetry/virtualenvs/testcapitalcompyse-CcJ6hTD8-py3.12/lib/python3.12/site-packages/selenium/webdriver/remote/webdriver.py\", line 380, in execute\n    self.error_handler.check_response(response)\n  File \"/home/runner/.cache/pypoetry/virtualenvs/testcapitalcompyse-CcJ6hTD8-py3.12/lib/python3.12/site-packages/selenium/webdriver/remote/errorhandler.py\", line 229, in check_response\n    raise exception_class(message, screen, stacktrace)\n","steps":[{"name":"Build dynamic argument for TCs of US_55","time":{"start":1733880528295,"stop":1733880528296,"duration":1},"status":"passed","steps":[],"attachments":[],"parameters":[{"name":"d","value":"<selenium.webdriver.chrome.webdriver.WebDriver (session=\"a214b4f038ddc87787287a320c8a11e9\")>"},{"name":"worker_id","value":"'master'"},{"name":"cur_language","value":"''"},{"name":"cur_country","value":"'au'"},{"name":"cur_role","value":"'NoAuth'"},{"name":"us","value":"'55'"},{"name":"desc_us","value":"'ReTests of Manual Detected Bugs'"},{"name":"num_tc","value":"'514'"},{"name":"desc_tc","value":"'The page with text \"Page Not Found ... doesnt exist or has been moved\" is opened after clicking on [announced] link in the article \"Solana price prediction: Can SOL rebound?\" when selected ASIC license'"},{"name":"manual","value":"False"},{"name":"new_layout","value":"False"}],"shouldDisplayMessage":false,"stepsCount":0,"attachmentsCount":0,"hasContent":true,"attachmentStep":false},{"name":"   Set New preconditions","time":{"start":1733880528296,"stop":1733880541409,"duration":13113},"status":"passed","steps":[{"name":"2024-12-11 00:47:53.798774   Start Authorization","time":{"start":1733880535585,"stop":1733880537956,"duration":2371},"status":"passed","steps":[],"attachments":[],"parameters":[{"name":"d","value":"<selenium.webdriver.chrome.webdriver.WebDriver (session=\"a214b4f038ddc87787287a320c8a11e9\")>"},{"name":"link","value":"'https://capital.com/en-gb'"},{"name":"login","value":"'test001.miketar+1@gmail.com'"},{"name":"password","value":"'Qwer1234-!@#$'"},{"name":"cur_role","value":"'NoAuth'"}],"shouldDisplayMessage":false,"stepsCount":0,"attachmentsCount":0,"hasContent":true,"attachmentStep":false},{"name":"2024-12-11 00:47:53.798787   Start Deauthorization","time":{"start":1733880537956,"stop":1733880538718,"duration":762},"status":"passed","steps":[{"name":"Start Logout from account info menu in top bar","time":{"start":1733880537956,"stop":1733880538717,"duration":761},"status":"passed","steps":[],"attachments":[],"parameters":[],"shouldDisplayMessage":false,"stepsCount":0,"attachmentsCount":0,"hasContent":false,"attachmentStep":false}],"attachments":[],"parameters":[{"name":"d","value":"<selenium.webdriver.chrome.webdriver.WebDriver (session=\"a214b4f038ddc87787287a320c8a11e9\")>"},{"name":"link","value":"'https://capital.com/en-gb'"}],"shouldDisplayMessage":false,"stepsCount":1,"attachmentsCount":0,"hasContent":true,"attachmentStep":false},{"name":"2024-12-11 00:47:53.798799   Set language and country","time":{"start":1733880538718,"stop":1733880541402,"duration":2684},"status":"passed","steps":[],"attachments":[],"parameters":[{"name":"d","value":"<selenium.webdriver.chrome.webdriver.WebDriver (session=\"a214b4f038ddc87787287a320c8a11e9\")>"},{"name":"cur_language","value":"'en'"},{"name":"cur_country","value":"'au'"}],"shouldDisplayMessage":false,"stepsCount":0,"attachmentsCount":0,"hasContent":true,"attachmentStep":false}],"attachments":[],"parameters":[{"name":"d","value":"<selenium.webdriver.chrome.webdriver.WebDriver (session=\"a214b4f038ddc87787287a320c8a11e9\")>"},{"name":"host","value":"'https://capital.com/en-gb'"},{"name":"end_point","value":"''"},{"name":"cur_language","value":"''"},{"name":"cur_country","value":"'au'"},{"name":"cur_role","value":"'NoAuth'"},{"name":"cur_login","value":"'test001.miketar+1@gmail.com'"},{"name":"cur_password","value":"'Qwer1234-!@#$'"}],"shouldDisplayMessage":false,"stepsCount":4,"attachmentsCount":0,"hasContent":true,"attachmentStep":false},{"name":"Select \"Markets\" menu, \"Market analysis\" submenu","time":{"start":1733880541410,"stop":1733880549692,"duration":8282},"status":"passed","steps":[],"attachments":[],"parameters":[{"name":"d","value":"<selenium.webdriver.chrome.webdriver.WebDriver (session=\"a214b4f038ddc87787287a320c8a11e9\")>"},{"name":"cur_language","value":"''"},{"name":"cur_country","value":"'au'"},{"name":"link","value":"'https://capital.com/en-au'"}],"shouldDisplayMessage":false,"stepsCount":0,"attachmentsCount":0,"hasContent":true,"attachmentStep":false},{"name":"2024-12-11 00:47:53.646550   Start testing that the page with 'Maple crypto-lending' content is opened‚Äù","time":{"start":1733880549692,"stop":1733880677655,"duration":127963},"status":"broken","statusMessage":"selenium.common.exceptions.NoSuchElementException: Message: no such element: Unable to locate element: {\"method\":\"css selector\",\"selector\":\".tableOfContent_frame__1c2SI\"}\n  (Session info: chrome=131.0.6778.85); For documentation on this error, please visit: https://www.selenium.dev/documentation/webdriver/troubleshooting/errors#no-such-element-exception\nStacktrace:\n#0 0x555ed3c3d31a <unknown>\n#1 0x555ed37536e0 <unknown>\n#2 0x555ed37a23e6 <unknown>\n#3 0x555ed37a2681 <unknown>\n#4 0x555ed37e7b04 <unknown>\n#5 0x555ed37c648d <unknown>\n#6 0x555ed37e4ed7 <unknown>\n#7 0x555ed37c6203 <unknown>\n#8 0x555ed3794cc0 <unknown>\n#9 0x555ed3795c9e <unknown>\n#10 0x555ed3c0ad0b <unknown>\n#11 0x555ed3c0ec92 <unknown>\n#12 0x555ed3bf7b3c <unknown>\n#13 0x555ed3c0f807 <unknown>\n#14 0x555ed3bdd0df <unknown>\n#15 0x555ed3c2c578 <unknown>\n#16 0x555ed3c2c740 <unknown>\n#17 0x555ed3c3c196 <unknown>\n#18 0x7efee9694ac3 <unknown>\n\n","statusTrace":"  File \"/home/runner/.cache/pypoetry/virtualenvs/testcapitalcompyse-CcJ6hTD8-py3.12/lib/python3.12/site-packages/allure_commons/_allure.py\", line 192, in impl\n    return func(*a, **kw)\n           ^^^^^^^^^^^^^^\n  File \"/home/runner/work/TestCapitalComPySe/TestCapitalComPySe/pages/BugsManual/bug_514.py\", line 46, in announced_link\n    table_of_contents = self.driver.find_element(By.CLASS_NAME, 'tableOfContent_frame__1c2SI')\n                        ^^^^^^^^^^^^^^^^^^^^^^^^^^^^^^^^^^^^^^^^^^^^^^^^^^^^^^^^^^^^^^^^^^^^^^\n  File \"/home/runner/.cache/pypoetry/virtualenvs/testcapitalcompyse-CcJ6hTD8-py3.12/lib/python3.12/site-packages/selenium/webdriver/remote/webdriver.py\", line 766, in find_element\n    return self.execute(Command.FIND_ELEMENT, {\"using\": by, \"value\": value})[\"value\"]\n           ^^^^^^^^^^^^^^^^^^^^^^^^^^^^^^^^^^^^^^^^^^^^^^^^^^^^^^^^^^^^^^^^^\n  File \"/home/runner/.cache/pypoetry/virtualenvs/testcapitalcompyse-CcJ6hTD8-py3.12/lib/python3.12/site-packages/selenium/webdriver/remote/webdriver.py\", line 380, in execute\n    self.error_handler.check_response(response)\n  File \"/home/runner/.cache/pypoetry/virtualenvs/testcapitalcompyse-CcJ6hTD8-py3.12/lib/python3.12/site-packages/selenium/webdriver/remote/errorhandler.py\", line 229, in check_response\n    raise exception_class(message, screen, stacktrace)\n","steps":[],"attachments":[],"parameters":[{"name":"d","value":"<selenium.webdriver.chrome.webdriver.WebDriver (session=\"a214b4f038ddc87787287a320c8a11e9\")>"},{"name":"cur_item_link","value":"'https://capital.com/en-au/analysis'"},{"name":"cur_link","value":"'https://capital.com/en-au'"}],"shouldDisplayMessage":true,"stepsCount":0,"attachmentsCount":0,"hasContent":true,"attachmentStep":false}],"attachments":[],"parameters":[{"name":"worker_id","value":"'master'"},{"name":"d","value":"<selenium.webdriver.chrome.webdriver.WebDriver (session=\"a214b4f038ddc87787287a320c8a11e9\")>"},{"name":"cur_language","value":"''"},{"name":"cur_country","value":"'au'"},{"name":"cur_role","value":"'NoAuth'"},{"name":"cur_login","value":"'test001.miketar+1@gmail.com'"},{"name":"cur_password","value":"'Qwer1234-!@#$'"}],"shouldDisplayMessage":false,"stepsCount":8,"attachmentsCount":0,"hasContent":true,"attachmentStep":false}],"attachments":[{"uid":"dabd7d82c0647c2","name":"Screenshot","source":"dabd7d82c0647c2.png","type":"image/png","size":321117},{"uid":"badeafd36735f057","name":"stdout","source":"badeafd36735f057.txt","type":"text/plain","size":6810}],"parameters":[],"shouldDisplayMessage":true,"stepsCount":9,"attachmentsCount":2,"hasContent":true,"attachmentStep":false},"afterStages":[{"name":"d::0","time":{"start":1733880871306,"stop":1733880871606,"duration":300},"status":"passed","steps":[],"attachments":[],"parameters":[],"shouldDisplayMessage":false,"stepsCount":0,"attachmentsCount":0,"hasContent":false,"attachmentStep":false}],"labels":[{"name":"epic","value":"TC_55!514 | The page with text \"Page Not Found ... doesnt exist or has been moved\" is opened after clicking on [announced] link in the article \"Solana price prediction: Can SOL rebound?\" when selected ASIC license"},{"name":"feature","value":"Role: NoAuth"},{"name":"story","value":"Country: au"},{"name":"tag","value":"bug_514"},{"name":"tag","value":"us_55"},{"name":"parentSuite","value":"tests.US_55_ReTestsManual.tassobaccato"},{"name":"suite","value":"US_55-tassobaccato_ReTestsManual_test"},{"name":"subSuite","value":"TestManualDetectedBugs"},{"name":"host","value":"fv-az1024-274"},{"name":"thread","value":"30164-MainThread"},{"name":"framework","value":"pytest"},{"name":"language","value":"cpython3"},{"name":"package","value":"tests.US_55_ReTestsManual.tassobaccato.US_55-tassobaccato_ReTestsManual_test"},{"name":"resultFormat","value":"allure2"}],"parameters":[{"name":"cur_country","value":"'au'"},{"name":"cur_language","value":"''"},{"name":"cur_login","value":"'test001.miketar+1@gmail.com'"},{"name":"cur_password","value":"'Qwer1234-!@#$'"},{"name":"cur_role","value":"'NoAuth'"},{"name":"d","value":"'Chrome'"}],"links":[],"hidden":false,"retry":false,"extra":{"severity":"normal","retries":[],"categories":[{"name":"Test defects","matchedStatuses":[],"flaky":false}],"history":{"statistic":{"failed":5,"broken":1,"skipped":1,"passed":0,"unknown":0,"total":7},"items":[{"uid":"d3b5c8df4359b85","reportUrl":"https://AlexTomAQA.github.io/TestCapitalComPySe/252//#testresult/d3b5c8df4359b85","status":"failed","statusDetails":"Failed: # Bug 55!514 \nExpected result: The page with 'Maple crypto-lending' content is opened\nActual result: The page with title 'Not Found' is opened","time":{"start":1733797895275,"stop":1733797939415,"duration":44140}},{"uid":"b2aecb2ca83e1b7d","reportUrl":"https://AlexTomAQA.github.io/TestCapitalComPySe/251//#testresult/b2aecb2ca83e1b7d","status":"failed","statusDetails":"Failed: # Bug 55!514 \nExpected result: The page with 'Maple crypto-lending' content is opened\nActual result: The page with title 'Not Found' is opened","time":{"start":1733708364501,"stop":1733708409140,"duration":44639}},{"uid":"cb69b3d9d4b00060","reportUrl":"https://AlexTomAQA.github.io/TestCapitalComPySe/250//#testresult/cb69b3d9d4b00060","status":"failed","statusDetails":"Failed: # Bug 55!514 \nExpected result: The page with 'Maple crypto-lending' content is opened\nActual result: The page with title 'Not Found' is opened","time":{"start":1733621728228,"stop":1733621772577,"duration":44349}},{"uid":"e1c52822d09059d5","reportUrl":"https://AlexTomAQA.github.io/TestCapitalComPySe/249//#testresult/e1c52822d09059d5","status":"failed","statusDetails":"Failed: # Bug 55!514 \nExpected result: The page with 'Maple crypto-lending' content is opened\nActual result: The page with title 'Not Found' is opened","time":{"start":1733535574991,"stop":1733535618224,"duration":43233}},{"uid":"403da25279b4e314","reportUrl":"https://AlexTomAQA.github.io/TestCapitalComPySe/248//#testresult/403da25279b4e314","status":"failed","statusDetails":"Failed: # Bug 55!514 \nExpected result: The page with 'Maple crypto-lending' content is opened\nActual result: The page with title 'Not Found' is opened","time":{"start":1733473182489,"stop":1733473226022,"duration":43533}},{"uid":"6c34245f2bc97ebd","reportUrl":"https://AlexTomAQA.github.io/TestCapitalComPySe/244//#testresult/6c34245f2bc97ebd","status":"skipped","statusDetails":"Skipped: Under construction","time":{"start":1733263253387,"stop":1733263253389,"duration":2}}]},"tags":["us_55","bug_514"]},"source":"5f14adb29461d42d.json","parameterValues":["'au'","''","'test001.miketar+1@gmail.com'","'Qwer1234-!@#$'","'NoAuth'","'Chrome'"]}