{"uid":"53bf263231d695ae","name":"TC_55!171 (Lang: de) | Bid:55!171-de.ua.NoReg","fullName":"tests.US_55_ReTestsManual.artemdashkov.US_55-artemdashkov_ReTestsManual_test.TestManualDetected#test_171_search_field_does_not_search_in_help_and_support_menu","historyId":"e68c0ab5675bbb9d8d0e84787c6f57f4","time":{"start":1747781715235,"stop":1747781759019,"duration":43784},"description":"\n        Check:  The search field [How can we help?] on the menu title [Help & Support]\n                of the section menu \"More\" isn't searched when any language is selected\n        Language: All (except ar).\n        Country: CYSEC, SCB\n        Role: NoReg, Auth, NoAuth,\n        Search_query: cur_search_query_2_rnd_from_10\n        Author: Artem Dashkov\n        ","descriptionHtml":"<pre><code>    Check:  The search field [How can we help?] on the menu title [Help &amp; Support]\n            of the section menu &quot;More&quot; isn't searched when any language is selected\n    Language: All (except ar).\n    Country: CYSEC, SCB\n    Role: NoReg, Auth, NoAuth,\n    Search_query: cur_search_query_2_rnd_from_10\n    Author: Artem Dashkov\n</code></pre>\n","status":"failed","statusMessage":"AssertionError: Button [Accept all cookies] is not visible after 30 sec.","statusTrace":"self = <US_55-artemdashkov_ReTestsManual_test.TestManualDetected object at 0x7fca6d6c1940>\nworker_id = 'master'\nd = <selenium.webdriver.chrome.webdriver.WebDriver (session=\"769bb8010adda32e27df0e1236c2588e\")>\ncur_language_and_query = ('de', 'bank'), cur_country = 'ua', cur_role = 'NoReg'\ncur_login = 'test001.miketar+1@gmail.com', cur_password = 'Qwer1234-!@#$'\n\n    @allure.step(\"Start test of the Search field [How can we help?] in menu [Help & Support]\")\n    @pytest.mark.parametrize('cur_country', random.sample([\"de\", \"ua\"], 1), )\n    @pytest.mark.parametrize('cur_role', [\"NoReg\", \"Auth\", \"NoAuth\"])\n    @pytest.mark.bug_171\n    def test_171_search_field_does_not_search_in_help_and_support_menu(\n            self, worker_id, d, cur_language_and_query, cur_country, cur_role,\n            cur_login, cur_password):\n        \"\"\"\n        Check:  The search field [How can we help?] on the menu title [Help & Support]\n                of the section menu \"More\" isn't searched when any language is selected\n        Language: All (except ar).\n        Country: CYSEC, SCB\n        Role: NoReg, Auth, NoAuth,\n        Search_query: cur_search_query_2_rnd_from_10\n        Author: Artem Dashkov\n        \"\"\"\n    \n        bid = build_dynamic_arg_for_us_55(\n            d, worker_id, cur_language_and_query[0], cur_country, cur_role,\n            \"55\", \"ReTests of Manual Detected Bugs\",\n            \"171\",\n            \"Testing Search field [How can we help?] in menu [Help & Support]\",\n            False, False\n        )\n    \n        # Arrange\n>       cur_item_link = apply_preconditions_to_link(d, cur_language_and_query[0], cur_country,\n                                    cur_role, cur_login, cur_password)\n\ntests/US_55_ReTestsManual/artemdashkov/US_55-artemdashkov_ReTestsManual_test.py:616: \n_ _ _ _ _ _ _ _ _ _ _ _ _ _ _ _ _ _ _ _ _ _ _ _ _ _ _ _ _ _ _ _ _ _ _ _ _ _ _ _ \npages/conditions_v2.py:73: in apply_preconditions_to_link\n    return cond.preconditions(d, CapitalComPageSrc.URL, '', cur_language, cur_country, cur_role,\npages/conditions_v2.py:442: in preconditions\n    self.button_accept_all_cookies_click()\npages/base_page.py:86: in inner_function\n    return func(*args, **kwargs)\n_ _ _ _ _ _ _ _ _ _ _ _ _ _ _ _ _ _ _ _ _ _ _ _ _ _ _ _ _ _ _ _ _ _ _ _ _ _ _ _ \n\nself = <pages.conditions_v2.Conditions object at 0x7fca6d4b5280>\n\n    @HandleExcElementsDecorator()\n    def button_accept_all_cookies_click(self):\n        allure.step(f\"{datetime.now()}   Start Accepting all cookies\")\n    \n        time_out = 30\n        print(f\"\\n{datetime.now()}   Step 'Click button [Accept all cookies]'\")\n    \n        # self.is_captcha()\n    \n        print(f\"{datetime.now()}   Is Visible Button [Accept all cookies]? =>\")\n        button = self.element_is_visible(OnTrustLocators.BUTTON_ACCEPT_ALL_COOKIE, time_out)\n        if not button:\n            print(f\"{datetime.now()}   => Button [Accept all cookies] is not visible after {time_out} sec.\")\n            print(f\"{datetime.now()}   => Cur url = {self.driver.current_url}\")\n>           assert False, f\"Button [Accept all cookies] is not visible after {time_out} sec.\"\nE           AssertionError: Button [Accept all cookies] is not visible after 30 sec.\n\npages/base_page.py:169: AssertionError","flaky":false,"newFailed":false,"newBroken":false,"newPassed":false,"retriesCount":0,"retriesStatusChange":false,"beforeStages":[{"name":"d","time":{"start":1747780464680,"stop":1747780465462,"duration":782},"status":"passed","steps":[],"attachments":[],"parameters":[],"shouldDisplayMessage":false,"stepsCount":0,"attachmentsCount":0,"hasContent":false,"attachmentStep":false},{"name":"worker_id","time":{"start":1747780465462,"stop":1747780465462,"duration":0},"status":"passed","steps":[],"attachments":[],"parameters":[],"shouldDisplayMessage":false,"stepsCount":0,"attachmentsCount":0,"hasContent":false,"attachmentStep":false},{"name":"cur_password","time":{"start":1747780465462,"stop":1747780465463,"duration":1},"status":"passed","steps":[],"attachments":[],"parameters":[],"shouldDisplayMessage":false,"stepsCount":0,"attachmentsCount":0,"hasContent":false,"attachmentStep":false},{"name":"cur_login","time":{"start":1747780465462,"stop":1747780465462,"duration":0},"status":"passed","steps":[],"attachments":[],"parameters":[],"shouldDisplayMessage":false,"stepsCount":0,"attachmentsCount":0,"hasContent":false,"attachmentStep":false},{"name":"cur_language_and_query","time":{"start":1747781715235,"stop":1747781715235,"duration":0},"status":"passed","steps":[],"attachments":[],"parameters":[],"shouldDisplayMessage":false,"stepsCount":0,"attachmentsCount":0,"hasContent":false,"attachmentStep":false}],"testStage":{"description":"\n        Check:  The search field [How can we help?] on the menu title [Help & Support]\n                of the section menu \"More\" isn't searched when any language is selected\n        Language: All (except ar).\n        Country: CYSEC, SCB\n        Role: NoReg, Auth, NoAuth,\n        Search_query: cur_search_query_2_rnd_from_10\n        Author: Artem Dashkov\n        ","status":"failed","statusMessage":"AssertionError: Button [Accept all cookies] is not visible after 30 sec.","statusTrace":"self = <US_55-artemdashkov_ReTestsManual_test.TestManualDetected object at 0x7fca6d6c1940>\nworker_id = 'master'\nd = <selenium.webdriver.chrome.webdriver.WebDriver (session=\"769bb8010adda32e27df0e1236c2588e\")>\ncur_language_and_query = ('de', 'bank'), cur_country = 'ua', cur_role = 'NoReg'\ncur_login = 'test001.miketar+1@gmail.com', cur_password = 'Qwer1234-!@#$'\n\n    @allure.step(\"Start test of the Search field [How can we help?] in menu [Help & Support]\")\n    @pytest.mark.parametrize('cur_country', random.sample([\"de\", \"ua\"], 1), )\n    @pytest.mark.parametrize('cur_role', [\"NoReg\", \"Auth\", \"NoAuth\"])\n    @pytest.mark.bug_171\n    def test_171_search_field_does_not_search_in_help_and_support_menu(\n            self, worker_id, d, cur_language_and_query, cur_country, cur_role,\n            cur_login, cur_password):\n        \"\"\"\n        Check:  The search field [How can we help?] on the menu title [Help & Support]\n                of the section menu \"More\" isn't searched when any language is selected\n        Language: All (except ar).\n        Country: CYSEC, SCB\n        Role: NoReg, Auth, NoAuth,\n        Search_query: cur_search_query_2_rnd_from_10\n        Author: Artem Dashkov\n        \"\"\"\n    \n        bid = build_dynamic_arg_for_us_55(\n            d, worker_id, cur_language_and_query[0], cur_country, cur_role,\n            \"55\", \"ReTests of Manual Detected Bugs\",\n            \"171\",\n            \"Testing Search field [How can we help?] in menu [Help & Support]\",\n            False, False\n        )\n    \n        # Arrange\n>       cur_item_link = apply_preconditions_to_link(d, cur_language_and_query[0], cur_country,\n                                    cur_role, cur_login, cur_password)\n\ntests/US_55_ReTestsManual/artemdashkov/US_55-artemdashkov_ReTestsManual_test.py:616: \n_ _ _ _ _ _ _ _ _ _ _ _ _ _ _ _ _ _ _ _ _ _ _ _ _ _ _ _ _ _ _ _ _ _ _ _ _ _ _ _ \npages/conditions_v2.py:73: in apply_preconditions_to_link\n    return cond.preconditions(d, CapitalComPageSrc.URL, '', cur_language, cur_country, cur_role,\npages/conditions_v2.py:442: in preconditions\n    self.button_accept_all_cookies_click()\npages/base_page.py:86: in inner_function\n    return func(*args, **kwargs)\n_ _ _ _ _ _ _ _ _ _ _ _ _ _ _ _ _ _ _ _ _ _ _ _ _ _ _ _ _ _ _ _ _ _ _ _ _ _ _ _ \n\nself = <pages.conditions_v2.Conditions object at 0x7fca6d4b5280>\n\n    @HandleExcElementsDecorator()\n    def button_accept_all_cookies_click(self):\n        allure.step(f\"{datetime.now()}   Start Accepting all cookies\")\n    \n        time_out = 30\n        print(f\"\\n{datetime.now()}   Step 'Click button [Accept all cookies]'\")\n    \n        # self.is_captcha()\n    \n        print(f\"{datetime.now()}   Is Visible Button [Accept all cookies]? =>\")\n        button = self.element_is_visible(OnTrustLocators.BUTTON_ACCEPT_ALL_COOKIE, time_out)\n        if not button:\n            print(f\"{datetime.now()}   => Button [Accept all cookies] is not visible after {time_out} sec.\")\n            print(f\"{datetime.now()}   => Cur url = {self.driver.current_url}\")\n>           assert False, f\"Button [Accept all cookies] is not visible after {time_out} sec.\"\nE           AssertionError: Button [Accept all cookies] is not visible after 30 sec.\n\npages/base_page.py:169: AssertionError","steps":[{"name":"Start test of the Search field [How can we help?] in menu [Help & Support]","time":{"start":1747781715235,"stop":1747781759018,"duration":43783},"status":"failed","statusMessage":"AssertionError: Button [Accept all cookies] is not visible after 30 sec.\n","statusTrace":"  File \"/home/runner/.cache/pypoetry/virtualenvs/testcapitalcompyse-CcJ6hTD8-py3.12/lib/python3.12/site-packages/allure_commons/_allure.py\", line 192, in impl\n    return func(*a, **kw)\n           ^^^^^^^^^^^^^^\n  File \"/home/runner/work/TestCapitalComPySe/TestCapitalComPySe/tests/US_55_ReTestsManual/artemdashkov/US_55-artemdashkov_ReTestsManual_test.py\", line 616, in test_171_search_field_does_not_search_in_help_and_support_menu\n    cur_item_link = apply_preconditions_to_link(d, cur_language_and_query[0], cur_country,\n                    ^^^^^^^^^^^^^^^^^^^^^^^^^^^^^^^^^^^^^^^^^^^^^^^^^^^^^^^^^^^^^^^^^^^^^^\n  File \"/home/runner/work/TestCapitalComPySe/TestCapitalComPySe/pages/conditions_v2.py\", line 73, in apply_preconditions_to_link\n    return cond.preconditions(d, CapitalComPageSrc.URL, '', cur_language, cur_country, cur_role,\n           ^^^^^^^^^^^^^^^^^^^^^^^^^^^^^^^^^^^^^^^^^^^^^^^^^^^^^^^^^^^^^^^^^^^^^^^^^^^^^^^^^^^^^\n  File \"/home/runner/.cache/pypoetry/virtualenvs/testcapitalcompyse-CcJ6hTD8-py3.12/lib/python3.12/site-packages/allure_commons/_allure.py\", line 192, in impl\n    return func(*a, **kw)\n           ^^^^^^^^^^^^^^\n  File \"/home/runner/work/TestCapitalComPySe/TestCapitalComPySe/pages/conditions_v2.py\", line 442, in preconditions\n    self.button_accept_all_cookies_click()\n  File \"/home/runner/work/TestCapitalComPySe/TestCapitalComPySe/pages/base_page.py\", line 86, in inner_function\n    return func(*args, **kwargs)\n           ^^^^^^^^^^^^^^^^^^^^^\n  File \"/home/runner/work/TestCapitalComPySe/TestCapitalComPySe/pages/base_page.py\", line 169, in button_accept_all_cookies_click\n    assert False, f\"Button [Accept all cookies] is not visible after {time_out} sec.\"\n           ^^^^^\n","steps":[{"name":"Build dynamic argument for TCs of US_55","time":{"start":1747781715235,"stop":1747781715238,"duration":3},"status":"passed","steps":[],"attachments":[],"parameters":[{"name":"d","value":"<selenium.webdriver.chrome.webdriver.WebDriver (session=\"769bb8010adda32e27df0e1236c2588e\")>"},{"name":"worker_id","value":"'master'"},{"name":"cur_language","value":"'de'"},{"name":"cur_country","value":"'ua'"},{"name":"cur_role","value":"'NoReg'"},{"name":"us","value":"'55'"},{"name":"desc_us","value":"'ReTests of Manual Detected Bugs'"},{"name":"num_tc","value":"'171'"},{"name":"desc_tc","value":"'Testing Search field [How can we help?] in menu [Help & Support]'"},{"name":"manual","value":"False"},{"name":"new_layout","value":"False"}],"shouldDisplayMessage":false,"stepsCount":0,"attachmentsCount":0,"hasContent":true,"attachmentStep":false},{"name":"Preconditions","time":{"start":1747781715238,"stop":1747781759018,"duration":43780},"status":"failed","statusMessage":"AssertionError: Button [Accept all cookies] is not visible after 30 sec.\n","statusTrace":"  File \"/home/runner/.cache/pypoetry/virtualenvs/testcapitalcompyse-CcJ6hTD8-py3.12/lib/python3.12/site-packages/allure_commons/_allure.py\", line 192, in impl\n    return func(*a, **kw)\n           ^^^^^^^^^^^^^^\n  File \"/home/runner/work/TestCapitalComPySe/TestCapitalComPySe/pages/conditions_v2.py\", line 442, in preconditions\n    self.button_accept_all_cookies_click()\n  File \"/home/runner/work/TestCapitalComPySe/TestCapitalComPySe/pages/base_page.py\", line 86, in inner_function\n    return func(*args, **kwargs)\n           ^^^^^^^^^^^^^^^^^^^^^\n  File \"/home/runner/work/TestCapitalComPySe/TestCapitalComPySe/pages/base_page.py\", line 169, in button_accept_all_cookies_click\n    assert False, f\"Button [Accept all cookies] is not visible after {time_out} sec.\"\n           ^^^^^\n","steps":[{"name":"2025-05-20 22:34:24.579572   Start Checking Captcha","time":{"start":1747781718136,"stop":1747781723152,"duration":5016},"status":"passed","steps":[],"attachments":[],"parameters":[],"shouldDisplayMessage":false,"stepsCount":0,"attachmentsCount":0,"hasContent":false,"attachmentStep":false}],"attachments":[],"parameters":[{"name":"d","value":"<selenium.webdriver.chrome.webdriver.WebDriver (session=\"769bb8010adda32e27df0e1236c2588e\")>"},{"name":"host","value":"'https://capital.com/'"},{"name":"end_point","value":"''"},{"name":"cur_language","value":"'de'"},{"name":"cur_country","value":"'ua'"},{"name":"cur_role","value":"'NoReg'"},{"name":"cur_login","value":"'test001.miketar+1@gmail.com'"},{"name":"cur_password","value":"'Qwer1234-!@#$'"}],"shouldDisplayMessage":true,"stepsCount":1,"attachmentsCount":0,"hasContent":true,"attachmentStep":false}],"attachments":[],"parameters":[{"name":"worker_id","value":"'master'"},{"name":"d","value":"<selenium.webdriver.chrome.webdriver.WebDriver (session=\"769bb8010adda32e27df0e1236c2588e\")>"},{"name":"cur_language_and_query","value":"('de', 'bank')"},{"name":"cur_country","value":"'ua'"},{"name":"cur_role","value":"'NoReg'"},{"name":"cur_login","value":"'test001.miketar+1@gmail.com'"},{"name":"cur_password","value":"'Qwer1234-!@#$'"}],"shouldDisplayMessage":false,"stepsCount":3,"attachmentsCount":0,"hasContent":true,"attachmentStep":false}],"attachments":[{"uid":"fa2dfc444de458ea","name":"Screenshot","source":"fa2dfc444de458ea.png","type":"image/png","size":857577},{"uid":"7f861b21f287b89a","name":"log","source":"7f861b21f287b89a.txt","type":"text/plain","size":1409},{"uid":"17bb1604bb920189","name":"stdout","source":"17bb1604bb920189.txt","type":"text/plain","size":1935}],"parameters":[],"shouldDisplayMessage":true,"stepsCount":4,"attachmentsCount":3,"hasContent":true,"attachmentStep":false},"afterStages":[{"name":"d::0","time":{"start":1747786793635,"stop":1747786794022,"duration":387},"status":"passed","steps":[],"attachments":[],"parameters":[],"shouldDisplayMessage":false,"stepsCount":0,"attachmentsCount":0,"hasContent":false,"attachmentStep":false}],"labels":[{"name":"epic","value":"TC_55!171 | Testing Search field [How can we help?] in menu [Help & Support]"},{"name":"feature","value":"Role: NoReg"},{"name":"story","value":"Country: ua"},{"name":"tag","value":"bug_171"},{"name":"tag","value":"us_55"},{"name":"parentSuite","value":"tests.US_55_ReTestsManual.artemdashkov"},{"name":"suite","value":"US_55-artemdashkov_ReTestsManual_test"},{"name":"subSuite","value":"TestManualDetected"},{"name":"host","value":"fv-az1788-459"},{"name":"thread","value":"5591-MainThread"},{"name":"framework","value":"pytest"},{"name":"language","value":"cpython3"},{"name":"package","value":"tests.US_55_ReTestsManual.artemdashkov.US_55-artemdashkov_ReTestsManual_test"},{"name":"resultFormat","value":"allure2"}],"parameters":[{"name":"cur_country","value":"'ua'"},{"name":"cur_language_and_query","value":"('de', 'bank')"},{"name":"cur_login","value":"'test001.miketar+1@gmail.com'"},{"name":"cur_password","value":"'Qwer1234-!@#$'"},{"name":"cur_role","value":"'NoReg'"},{"name":"d","value":"'Chrome'"}],"links":[],"hidden":false,"retry":false,"extra":{"severity":"normal","retries":[],"categories":[{"name":"Product defects","matchedStatuses":[],"flaky":false}],"history":{"statistic":{"failed":2,"broken":0,"skipped":2,"passed":0,"unknown":0,"total":4},"items":[{"uid":"3a23e91b993507f0","reportUrl":"https://AlexTomAQA.github.io/TestCapitalComPySe/414//#testresult/3a23e91b993507f0","status":"skipped","statusDetails":"Skipped: For 'de' language menu [Language & Country] not present","time":{"start":1747695318173,"stop":1747695346600,"duration":28427}},{"uid":"f6efe40d13cd5f90","reportUrl":"https://AlexTomAQA.github.io/TestCapitalComPySe/405//#testresult/f6efe40d13cd5f90","status":"skipped","statusDetails":"Skipped: For 'de' language menu [Language & Country] not present","time":{"start":1746917660851,"stop":1746917689348,"duration":28497}},{"uid":"4a6943601cfbae81","reportUrl":"https://AlexTomAQA.github.io/TestCapitalComPySe/400//#testresult/4a6943601cfbae81","status":"failed","statusDetails":"Failed: Bug â„– ??? 'More' menu not present for 'de' language","time":{"start":1746485976044,"stop":1746486021203,"duration":45159}}]},"tags":["bug_171","us_55"]},"source":"53bf263231d695ae.json","parameterValues":["'ua'","('de', 'bank')","'test001.miketar+1@gmail.com'","'Qwer1234-!@#$'","'NoReg'","'Chrome'"]}