{"uid":"4c66a1eb28d72b39","name":"TC_55!373 (Lang: ar) | Bid:55!373-ar.ae.NoAuth","fullName":"tests.US_55_ReTestsManual.saii-d3v.US_55-saii-d3v_ReTestsManual_test.TestManualDetectedBugs#test_373","historyId":"8db8c4f8ec0383901c31fdac8791c559","time":{"start":1732325094458,"stop":1732325105526,"duration":11068},"description":"\n         Check: The block \"Experienced traders\" on the page \"Learn\" is not in viewport\n         after clicking the link \"Learn to trade\" on the page \"Why Capital.com?\"\n         Language: AR.\n         License: SCA.\n         Author: Sergey Aiidzhanov\n         ","descriptionHtml":"<pre><code>     Check: The block &quot;Experienced traders&quot; on the page &quot;Learn&quot; is not in viewport\n     after clicking the link &quot;Learn to trade&quot; on the page &quot;Why Capital.com?&quot;\n     Language: AR.\n     License: SCA.\n     Author: Sergey Aiidzhanov\n</code></pre>\n","status":"broken","statusMessage":"selenium.common.exceptions.ElementClickInterceptedException: Message: element click intercepted: Element <iconex _ngcontent-ng-c3701643753=\"\" name=\"iconex-arrow-down-mini\" class=\"icon-square\" _nghost-ng-c3863089522=\"\">...</iconex> is not clickable at point (1904, 24). Other element would receive the click: <div class=\"cdk-overlay-backdrop modal-overlay2 cdk-overlay-backdrop-showing\"></div>\n  (Session info: chrome=131.0.6778.69)\nStacktrace:\n#0 0x5586d6ff131a <unknown>\n#1 0x5586d6b076e0 <unknown>\n#2 0x5586d6b5d0f6 <unknown>\n#3 0x5586d6b5b05d <unknown>\n#4 0x5586d6b58775 <unknown>\n#5 0x5586d6b5792f <unknown>\n#6 0x5586d6b4b0d5 <unknown>\n#7 0x5586d6b7a462 <unknown>\n#8 0x5586d6b4aa18 <unknown>\n#9 0x5586d6b7a62e <unknown>\n#10 0x5586d6b98ed7 <unknown>\n#11 0x5586d6b7a203 <unknown>\n#12 0x5586d6b48cc0 <unknown>\n#13 0x5586d6b49c9e <unknown>\n#14 0x5586d6fbed0b <unknown>\n#15 0x5586d6fc2c92 <unknown>\n#16 0x5586d6fabb3c <unknown>\n#17 0x5586d6fc3807 <unknown>\n#18 0x5586d6f910df <unknown>\n#19 0x5586d6fe0578 <unknown>\n#20 0x5586d6fe0740 <unknown>\n#21 0x5586d6ff0196 <unknown>\n#22 0x7fec39e94ac3 <unknown>","statusTrace":"self = <US_55-saii-d3v_ReTestsManual_test.TestManualDetectedBugs object at 0x7ff3aa0b4350>\nworker_id = 'master'\nd = <selenium.webdriver.chrome.webdriver.WebDriver (session=\"a944bd6ca237c2fec43f915a4f08b016\")>\ncur_language = 'ar', cur_country = 'ae', cur_role = 'NoAuth'\ncur_login = 'test001.miketar+1@gmail.com', cur_password = 'Qwer1234-!@#$'\n\n    @allure.step(\n        'Start retest manual TC_55!373 | The block \"Experienced traders\" on the page \"Learn\" is not in viewport '\n        'after clicking the link \"Learn to trade\" on the page \"Why Capital.com?\"')\n    @pytest.mark.parametrize('cur_language', ['ar'])\n    @pytest.mark.parametrize('cur_country', ['ae'])\n    @pytest.mark.parametrize('cur_role', ['Auth', 'NoAuth', 'NoReg'])\n    @pytest.mark.bug_373\n    def test_373(self, worker_id, d, cur_language, cur_country, cur_role,\n                 cur_login, cur_password):\n        \"\"\"\n         Check: The block \"Experienced traders\" on the page \"Learn\" is not in viewport\n         after clicking the link \"Learn to trade\" on the page \"Why Capital.com?\"\n         Language: AR.\n         License: SCA.\n         Author: Sergey Aiidzhanov\n         \"\"\"\n        bid = build_dynamic_arg_for_us_55(\n            d, worker_id, cur_language, cur_country, cur_role,\n            \"55\", \"ReTests of Manual Detected Bugs\",\n            \"373\",\n            'The block \"Experienced traders\" on the page \"Learn\" is not in viewport '\n            'after clicking the link \"Learn to trade\" on the page \"Why Capital.com?\"',\n            False,\n            False\n        )\n        # Arrange\n>       link = apply_preconditions_to_link(d, cur_language, cur_country, cur_role, cur_login, cur_password)\n\ntests/US_55_ReTestsManual/saii-d3v/US_55-saii-d3v_ReTestsManual_test.py:1185: \n_ _ _ _ _ _ _ _ _ _ _ _ _ _ _ _ _ _ _ _ _ _ _ _ _ _ _ _ _ _ _ _ _ _ _ _ _ _ _ _ \npages/conditions_v2.py:48: in apply_preconditions_to_link\n    return cond.preconditions(d, CapitalComPageSrc.URL_NEW, '', cur_language, cur_country, cur_role,\npages/conditions_v2.py:125: in preconditions\n    self.to_do_de_authorisation_new(d, host)\npages/conditions_v2.py:253: in to_do_de_authorisation_new\n    if not top_bar.trading_platform_top_bar_account_info_menu_logout():\npages/Trading_platform/Topbar/topbar.py:57: in trading_platform_top_bar_account_info_menu_logout\n    button_list[0].click()\n../../../.cache/pypoetry/virtualenvs/testcapitalcompyse-CcJ6hTD8-py3.12/lib/python3.12/site-packages/selenium/webdriver/remote/webelement.py:94: in click\n    self._execute(Command.CLICK_ELEMENT)\n../../../.cache/pypoetry/virtualenvs/testcapitalcompyse-CcJ6hTD8-py3.12/lib/python3.12/site-packages/selenium/webdriver/remote/webelement.py:395: in _execute\n    return self._parent.execute(command, params)\n../../../.cache/pypoetry/virtualenvs/testcapitalcompyse-CcJ6hTD8-py3.12/lib/python3.12/site-packages/selenium/webdriver/remote/webdriver.py:380: in execute\n    self.error_handler.check_response(response)\n_ _ _ _ _ _ _ _ _ _ _ _ _ _ _ _ _ _ _ _ _ _ _ _ _ _ _ _ _ _ _ _ _ _ _ _ _ _ _ _ \n\nself = <selenium.webdriver.remote.errorhandler.ErrorHandler object at 0x7ff3aa64f2c0>\nresponse = {'status': 400, 'value': '{\"value\":{\"error\":\"element click intercepted\",\"message\":\"element click intercepted: Element ...\\\\n#20 0x5586d6fe0740 \\\\u003Cunknown>\\\\n#21 0x5586d6ff0196 \\\\u003Cunknown>\\\\n#22 0x7fec39e94ac3 \\\\u003Cunknown>\\\\n\"}}'}\n\n    def check_response(self, response: Dict[str, Any]) -> None:\n        \"\"\"Checks that a JSON response from the WebDriver does not have an\n        error.\n    \n        :Args:\n         - response - The JSON response from the WebDriver server as a dictionary\n           object.\n    \n        :Raises: If the response contains an error message.\n        \"\"\"\n        status = response.get(\"status\", None)\n        if not status or status == ErrorCode.SUCCESS:\n            return\n        value = None\n        message = response.get(\"message\", \"\")\n        screen: str = response.get(\"screen\", \"\")\n        stacktrace = None\n        if isinstance(status, int):\n            value_json = response.get(\"value\", None)\n            if value_json and isinstance(value_json, str):\n                import json\n    \n                try:\n                    value = json.loads(value_json)\n                    if len(value) == 1:\n                        value = value[\"value\"]\n                    status = value.get(\"error\", None)\n                    if not status:\n                        status = value.get(\"status\", ErrorCode.UNKNOWN_ERROR)\n                        message = value.get(\"value\") or value.get(\"message\")\n                        if not isinstance(message, str):\n                            value = message\n                            message = message.get(\"message\")\n                    else:\n                        message = value.get(\"message\", None)\n                except ValueError:\n                    pass\n    \n        exception_class: Type[WebDriverException]\n        e = ErrorCode()\n        error_codes = [item for item in dir(e) if not item.startswith(\"__\")]\n        for error_code in error_codes:\n            error_info = getattr(ErrorCode, error_code)\n            if isinstance(error_info, list) and status in error_info:\n                exception_class = getattr(ExceptionMapping, error_code, WebDriverException)\n                break\n        else:\n            exception_class = WebDriverException\n    \n        if not value:\n            value = response[\"value\"]\n        if isinstance(value, str):\n            raise exception_class(value)\n        if message == \"\" and \"message\" in value:\n            message = value[\"message\"]\n    \n        screen = None  # type: ignore[assignment]\n        if \"screen\" in value:\n            screen = value[\"screen\"]\n    \n        stacktrace = None\n        st_value = value.get(\"stackTrace\") or value.get(\"stacktrace\")\n        if st_value:\n            if isinstance(st_value, str):\n                stacktrace = st_value.split(\"\\n\")\n            else:\n                stacktrace = []\n                try:\n                    for frame in st_value:\n                        line = frame.get(\"lineNumber\", \"\")\n                        file = frame.get(\"fileName\", \"<anonymous>\")\n                        if line:\n                            file = f\"{file}:{line}\"\n                        meth = frame.get(\"methodName\", \"<anonymous>\")\n                        if \"className\" in frame:\n                            meth = f\"{frame['className']}.{meth}\"\n                        msg = \"    at %s (%s)\"\n                        msg = msg % (meth, file)\n                        stacktrace.append(msg)\n                except TypeError:\n                    pass\n        if exception_class == UnexpectedAlertPresentException:\n            alert_text = None\n            if \"data\" in value:\n                alert_text = value[\"data\"].get(\"text\")\n            elif \"alert\" in value:\n                alert_text = value[\"alert\"].get(\"text\")\n            raise exception_class(message, screen, stacktrace, alert_text)  # type: ignore[call-arg]  # mypy is not smart enough here\n>       raise exception_class(message, screen, stacktrace)\nE       selenium.common.exceptions.ElementClickInterceptedException: Message: element click intercepted: Element <iconex _ngcontent-ng-c3701643753=\"\" name=\"iconex-arrow-down-mini\" class=\"icon-square\" _nghost-ng-c3863089522=\"\">...</iconex> is not clickable at point (1904, 24). Other element would receive the click: <div class=\"cdk-overlay-backdrop modal-overlay2 cdk-overlay-backdrop-showing\"></div>\nE         (Session info: chrome=131.0.6778.69)\nE       Stacktrace:\nE       #0 0x5586d6ff131a <unknown>\nE       #1 0x5586d6b076e0 <unknown>\nE       #2 0x5586d6b5d0f6 <unknown>\nE       #3 0x5586d6b5b05d <unknown>\nE       #4 0x5586d6b58775 <unknown>\nE       #5 0x5586d6b5792f <unknown>\nE       #6 0x5586d6b4b0d5 <unknown>\nE       #7 0x5586d6b7a462 <unknown>\nE       #8 0x5586d6b4aa18 <unknown>\nE       #9 0x5586d6b7a62e <unknown>\nE       #10 0x5586d6b98ed7 <unknown>\nE       #11 0x5586d6b7a203 <unknown>\nE       #12 0x5586d6b48cc0 <unknown>\nE       #13 0x5586d6b49c9e <unknown>\nE       #14 0x5586d6fbed0b <unknown>\nE       #15 0x5586d6fc2c92 <unknown>\nE       #16 0x5586d6fabb3c <unknown>\nE       #17 0x5586d6fc3807 <unknown>\nE       #18 0x5586d6f910df <unknown>\nE       #19 0x5586d6fe0578 <unknown>\nE       #20 0x5586d6fe0740 <unknown>\nE       #21 0x5586d6ff0196 <unknown>\nE       #22 0x7fec39e94ac3 <unknown>\n\n../../../.cache/pypoetry/virtualenvs/testcapitalcompyse-CcJ6hTD8-py3.12/lib/python3.12/site-packages/selenium/webdriver/remote/errorhandler.py:229: ElementClickInterceptedException","flaky":false,"newFailed":false,"newBroken":true,"newPassed":false,"retriesCount":0,"retriesStatusChange":false,"beforeStages":[{"name":"d","time":{"start":1732318565873,"stop":1732318566288,"duration":415},"status":"passed","steps":[],"attachments":[],"parameters":[],"shouldDisplayMessage":false,"stepsCount":0,"attachmentsCount":0,"hasContent":false,"attachmentStep":false},{"name":"worker_id","time":{"start":1732318566288,"stop":1732318566288,"duration":0},"status":"passed","steps":[],"attachments":[],"parameters":[],"shouldDisplayMessage":false,"stepsCount":0,"attachmentsCount":0,"hasContent":false,"attachmentStep":false},{"name":"cur_password","time":{"start":1732318566289,"stop":1732318566289,"duration":0},"status":"passed","steps":[],"attachments":[],"parameters":[],"shouldDisplayMessage":false,"stepsCount":0,"attachmentsCount":0,"hasContent":false,"attachmentStep":false},{"name":"cur_login","time":{"start":1732318566289,"stop":1732318566289,"duration":0},"status":"passed","steps":[],"attachments":[],"parameters":[],"shouldDisplayMessage":false,"stepsCount":0,"attachmentsCount":0,"hasContent":false,"attachmentStep":false}],"testStage":{"description":"\n         Check: The block \"Experienced traders\" on the page \"Learn\" is not in viewport\n         after clicking the link \"Learn to trade\" on the page \"Why Capital.com?\"\n         Language: AR.\n         License: SCA.\n         Author: Sergey Aiidzhanov\n         ","status":"broken","statusMessage":"selenium.common.exceptions.ElementClickInterceptedException: Message: element click intercepted: Element <iconex _ngcontent-ng-c3701643753=\"\" name=\"iconex-arrow-down-mini\" class=\"icon-square\" _nghost-ng-c3863089522=\"\">...</iconex> is not clickable at point (1904, 24). Other element would receive the click: <div class=\"cdk-overlay-backdrop modal-overlay2 cdk-overlay-backdrop-showing\"></div>\n  (Session info: chrome=131.0.6778.69)\nStacktrace:\n#0 0x5586d6ff131a <unknown>\n#1 0x5586d6b076e0 <unknown>\n#2 0x5586d6b5d0f6 <unknown>\n#3 0x5586d6b5b05d <unknown>\n#4 0x5586d6b58775 <unknown>\n#5 0x5586d6b5792f <unknown>\n#6 0x5586d6b4b0d5 <unknown>\n#7 0x5586d6b7a462 <unknown>\n#8 0x5586d6b4aa18 <unknown>\n#9 0x5586d6b7a62e <unknown>\n#10 0x5586d6b98ed7 <unknown>\n#11 0x5586d6b7a203 <unknown>\n#12 0x5586d6b48cc0 <unknown>\n#13 0x5586d6b49c9e <unknown>\n#14 0x5586d6fbed0b <unknown>\n#15 0x5586d6fc2c92 <unknown>\n#16 0x5586d6fabb3c <unknown>\n#17 0x5586d6fc3807 <unknown>\n#18 0x5586d6f910df <unknown>\n#19 0x5586d6fe0578 <unknown>\n#20 0x5586d6fe0740 <unknown>\n#21 0x5586d6ff0196 <unknown>\n#22 0x7fec39e94ac3 <unknown>","statusTrace":"self = <US_55-saii-d3v_ReTestsManual_test.TestManualDetectedBugs object at 0x7ff3aa0b4350>\nworker_id = 'master'\nd = <selenium.webdriver.chrome.webdriver.WebDriver (session=\"a944bd6ca237c2fec43f915a4f08b016\")>\ncur_language = 'ar', cur_country = 'ae', cur_role = 'NoAuth'\ncur_login = 'test001.miketar+1@gmail.com', cur_password = 'Qwer1234-!@#$'\n\n    @allure.step(\n        'Start retest manual TC_55!373 | The block \"Experienced traders\" on the page \"Learn\" is not in viewport '\n        'after clicking the link \"Learn to trade\" on the page \"Why Capital.com?\"')\n    @pytest.mark.parametrize('cur_language', ['ar'])\n    @pytest.mark.parametrize('cur_country', ['ae'])\n    @pytest.mark.parametrize('cur_role', ['Auth', 'NoAuth', 'NoReg'])\n    @pytest.mark.bug_373\n    def test_373(self, worker_id, d, cur_language, cur_country, cur_role,\n                 cur_login, cur_password):\n        \"\"\"\n         Check: The block \"Experienced traders\" on the page \"Learn\" is not in viewport\n         after clicking the link \"Learn to trade\" on the page \"Why Capital.com?\"\n         Language: AR.\n         License: SCA.\n         Author: Sergey Aiidzhanov\n         \"\"\"\n        bid = build_dynamic_arg_for_us_55(\n            d, worker_id, cur_language, cur_country, cur_role,\n            \"55\", \"ReTests of Manual Detected Bugs\",\n            \"373\",\n            'The block \"Experienced traders\" on the page \"Learn\" is not in viewport '\n            'after clicking the link \"Learn to trade\" on the page \"Why Capital.com?\"',\n            False,\n            False\n        )\n        # Arrange\n>       link = apply_preconditions_to_link(d, cur_language, cur_country, cur_role, cur_login, cur_password)\n\ntests/US_55_ReTestsManual/saii-d3v/US_55-saii-d3v_ReTestsManual_test.py:1185: \n_ _ _ _ _ _ _ _ _ _ _ _ _ _ _ _ _ _ _ _ _ _ _ _ _ _ _ _ _ _ _ _ _ _ _ _ _ _ _ _ \npages/conditions_v2.py:48: in apply_preconditions_to_link\n    return cond.preconditions(d, CapitalComPageSrc.URL_NEW, '', cur_language, cur_country, cur_role,\npages/conditions_v2.py:125: in preconditions\n    self.to_do_de_authorisation_new(d, host)\npages/conditions_v2.py:253: in to_do_de_authorisation_new\n    if not top_bar.trading_platform_top_bar_account_info_menu_logout():\npages/Trading_platform/Topbar/topbar.py:57: in trading_platform_top_bar_account_info_menu_logout\n    button_list[0].click()\n../../../.cache/pypoetry/virtualenvs/testcapitalcompyse-CcJ6hTD8-py3.12/lib/python3.12/site-packages/selenium/webdriver/remote/webelement.py:94: in click\n    self._execute(Command.CLICK_ELEMENT)\n../../../.cache/pypoetry/virtualenvs/testcapitalcompyse-CcJ6hTD8-py3.12/lib/python3.12/site-packages/selenium/webdriver/remote/webelement.py:395: in _execute\n    return self._parent.execute(command, params)\n../../../.cache/pypoetry/virtualenvs/testcapitalcompyse-CcJ6hTD8-py3.12/lib/python3.12/site-packages/selenium/webdriver/remote/webdriver.py:380: in execute\n    self.error_handler.check_response(response)\n_ _ _ _ _ _ _ _ _ _ _ _ _ _ _ _ _ _ _ _ _ _ _ _ _ _ _ _ _ _ _ _ _ _ _ _ _ _ _ _ \n\nself = <selenium.webdriver.remote.errorhandler.ErrorHandler object at 0x7ff3aa64f2c0>\nresponse = {'status': 400, 'value': '{\"value\":{\"error\":\"element click intercepted\",\"message\":\"element click intercepted: Element ...\\\\n#20 0x5586d6fe0740 \\\\u003Cunknown>\\\\n#21 0x5586d6ff0196 \\\\u003Cunknown>\\\\n#22 0x7fec39e94ac3 \\\\u003Cunknown>\\\\n\"}}'}\n\n    def check_response(self, response: Dict[str, Any]) -> None:\n        \"\"\"Checks that a JSON response from the WebDriver does not have an\n        error.\n    \n        :Args:\n         - response - The JSON response from the WebDriver server as a dictionary\n           object.\n    \n        :Raises: If the response contains an error message.\n        \"\"\"\n        status = response.get(\"status\", None)\n        if not status or status == ErrorCode.SUCCESS:\n            return\n        value = None\n        message = response.get(\"message\", \"\")\n        screen: str = response.get(\"screen\", \"\")\n        stacktrace = None\n        if isinstance(status, int):\n            value_json = response.get(\"value\", None)\n            if value_json and isinstance(value_json, str):\n                import json\n    \n                try:\n                    value = json.loads(value_json)\n                    if len(value) == 1:\n                        value = value[\"value\"]\n                    status = value.get(\"error\", None)\n                    if not status:\n                        status = value.get(\"status\", ErrorCode.UNKNOWN_ERROR)\n                        message = value.get(\"value\") or value.get(\"message\")\n                        if not isinstance(message, str):\n                            value = message\n                            message = message.get(\"message\")\n                    else:\n                        message = value.get(\"message\", None)\n                except ValueError:\n                    pass\n    \n        exception_class: Type[WebDriverException]\n        e = ErrorCode()\n        error_codes = [item for item in dir(e) if not item.startswith(\"__\")]\n        for error_code in error_codes:\n            error_info = getattr(ErrorCode, error_code)\n            if isinstance(error_info, list) and status in error_info:\n                exception_class = getattr(ExceptionMapping, error_code, WebDriverException)\n                break\n        else:\n            exception_class = WebDriverException\n    \n        if not value:\n            value = response[\"value\"]\n        if isinstance(value, str):\n            raise exception_class(value)\n        if message == \"\" and \"message\" in value:\n            message = value[\"message\"]\n    \n        screen = None  # type: ignore[assignment]\n        if \"screen\" in value:\n            screen = value[\"screen\"]\n    \n        stacktrace = None\n        st_value = value.get(\"stackTrace\") or value.get(\"stacktrace\")\n        if st_value:\n            if isinstance(st_value, str):\n                stacktrace = st_value.split(\"\\n\")\n            else:\n                stacktrace = []\n                try:\n                    for frame in st_value:\n                        line = frame.get(\"lineNumber\", \"\")\n                        file = frame.get(\"fileName\", \"<anonymous>\")\n                        if line:\n                            file = f\"{file}:{line}\"\n                        meth = frame.get(\"methodName\", \"<anonymous>\")\n                        if \"className\" in frame:\n                            meth = f\"{frame['className']}.{meth}\"\n                        msg = \"    at %s (%s)\"\n                        msg = msg % (meth, file)\n                        stacktrace.append(msg)\n                except TypeError:\n                    pass\n        if exception_class == UnexpectedAlertPresentException:\n            alert_text = None\n            if \"data\" in value:\n                alert_text = value[\"data\"].get(\"text\")\n            elif \"alert\" in value:\n                alert_text = value[\"alert\"].get(\"text\")\n            raise exception_class(message, screen, stacktrace, alert_text)  # type: ignore[call-arg]  # mypy is not smart enough here\n>       raise exception_class(message, screen, stacktrace)\nE       selenium.common.exceptions.ElementClickInterceptedException: Message: element click intercepted: Element <iconex _ngcontent-ng-c3701643753=\"\" name=\"iconex-arrow-down-mini\" class=\"icon-square\" _nghost-ng-c3863089522=\"\">...</iconex> is not clickable at point (1904, 24). Other element would receive the click: <div class=\"cdk-overlay-backdrop modal-overlay2 cdk-overlay-backdrop-showing\"></div>\nE         (Session info: chrome=131.0.6778.69)\nE       Stacktrace:\nE       #0 0x5586d6ff131a <unknown>\nE       #1 0x5586d6b076e0 <unknown>\nE       #2 0x5586d6b5d0f6 <unknown>\nE       #3 0x5586d6b5b05d <unknown>\nE       #4 0x5586d6b58775 <unknown>\nE       #5 0x5586d6b5792f <unknown>\nE       #6 0x5586d6b4b0d5 <unknown>\nE       #7 0x5586d6b7a462 <unknown>\nE       #8 0x5586d6b4aa18 <unknown>\nE       #9 0x5586d6b7a62e <unknown>\nE       #10 0x5586d6b98ed7 <unknown>\nE       #11 0x5586d6b7a203 <unknown>\nE       #12 0x5586d6b48cc0 <unknown>\nE       #13 0x5586d6b49c9e <unknown>\nE       #14 0x5586d6fbed0b <unknown>\nE       #15 0x5586d6fc2c92 <unknown>\nE       #16 0x5586d6fabb3c <unknown>\nE       #17 0x5586d6fc3807 <unknown>\nE       #18 0x5586d6f910df <unknown>\nE       #19 0x5586d6fe0578 <unknown>\nE       #20 0x5586d6fe0740 <unknown>\nE       #21 0x5586d6ff0196 <unknown>\nE       #22 0x7fec39e94ac3 <unknown>\n\n../../../.cache/pypoetry/virtualenvs/testcapitalcompyse-CcJ6hTD8-py3.12/lib/python3.12/site-packages/selenium/webdriver/remote/errorhandler.py:229: ElementClickInterceptedException","steps":[{"name":"Start retest manual TC_55!373 | The block \"Experienced traders\" on the page \"Learn\" is not in viewport after clicking the link \"Learn to trade\" on the page \"Why Capital.com?\"","time":{"start":1732325094458,"stop":1732325105525,"duration":11067},"status":"broken","statusMessage":"selenium.common.exceptions.ElementClickInterceptedException: Message: element click intercepted: Element <iconex _ngcontent-ng-c3701643753=\"\" name=\"iconex-arrow-down-mini\" class=\"icon-square\" _nghost-ng-c3863089522=\"\">...</iconex> is not clickable at point (1904, 24). Other element would receive the click: <div class=\"cdk-overlay-backdrop modal-overlay2 cdk-overlay-backdrop-showing\"></div>\n  (Session info: chrome=131.0.6778.69)\nStacktrace:\n#0 0x5586d6ff131a <unknown>\n#1 0x5586d6b076e0 <unknown>\n#2 0x5586d6b5d0f6 <unknown>\n#3 0x5586d6b5b05d <unknown>\n#4 0x5586d6b58775 <unknown>\n#5 0x5586d6b5792f <unknown>\n#6 0x5586d6b4b0d5 <unknown>\n#7 0x5586d6b7a462 <unknown>\n#8 0x5586d6b4aa18 <unknown>\n#9 0x5586d6b7a62e <unknown>\n#10 0x5586d6b98ed7 <unknown>\n#11 0x5586d6b7a203 <unknown>\n#12 0x5586d6b48cc0 <unknown>\n#13 0x5586d6b49c9e <unknown>\n#14 0x5586d6fbed0b <unknown>\n#15 0x5586d6fc2c92 <unknown>\n#16 0x5586d6fabb3c <unknown>\n#17 0x5586d6fc3807 <unknown>\n#18 0x5586d6f910df <unknown>\n#19 0x5586d6fe0578 <unknown>\n#20 0x5586d6fe0740 <unknown>\n#21 0x5586d6ff0196 <unknown>\n#22 0x7fec39e94ac3 <unknown>\n\n","statusTrace":"  File \"/home/runner/.cache/pypoetry/virtualenvs/testcapitalcompyse-CcJ6hTD8-py3.12/lib/python3.12/site-packages/allure_commons/_allure.py\", line 192, in impl\n    return func(*a, **kw)\n           ^^^^^^^^^^^^^^\n  File \"/home/runner/work/TestCapitalComPySe/TestCapitalComPySe/tests/US_55_ReTestsManual/saii-d3v/US_55-saii-d3v_ReTestsManual_test.py\", line 1185, in test_373\n    link = apply_preconditions_to_link(d, cur_language, cur_country, cur_role, cur_login, cur_password)\n           ^^^^^^^^^^^^^^^^^^^^^^^^^^^^^^^^^^^^^^^^^^^^^^^^^^^^^^^^^^^^^^^^^^^^^^^^^^^^^^^^^^^^^^^^^^^^\n  File \"/home/runner/work/TestCapitalComPySe/TestCapitalComPySe/pages/conditions_v2.py\", line 48, in apply_preconditions_to_link\n    return cond.preconditions(d, CapitalComPageSrc.URL_NEW, '', cur_language, cur_country, cur_role,\n           ^^^^^^^^^^^^^^^^^^^^^^^^^^^^^^^^^^^^^^^^^^^^^^^^^^^^^^^^^^^^^^^^^^^^^^^^^^^^^^^^^^^^^^^^^\n  File \"/home/runner/.cache/pypoetry/virtualenvs/testcapitalcompyse-CcJ6hTD8-py3.12/lib/python3.12/site-packages/allure_commons/_allure.py\", line 192, in impl\n    return func(*a, **kw)\n           ^^^^^^^^^^^^^^\n  File \"/home/runner/work/TestCapitalComPySe/TestCapitalComPySe/pages/conditions_v2.py\", line 125, in preconditions\n    self.to_do_de_authorisation_new(d, host)\n  File \"/home/runner/.cache/pypoetry/virtualenvs/testcapitalcompyse-CcJ6hTD8-py3.12/lib/python3.12/site-packages/allure_commons/_allure.py\", line 192, in impl\n    return func(*a, **kw)\n           ^^^^^^^^^^^^^^\n  File \"/home/runner/work/TestCapitalComPySe/TestCapitalComPySe/pages/conditions_v2.py\", line 253, in to_do_de_authorisation_new\n    if not top_bar.trading_platform_top_bar_account_info_menu_logout():\n           ^^^^^^^^^^^^^^^^^^^^^^^^^^^^^^^^^^^^^^^^^^^^^^^^^^^^^^^^^^^\n  File \"/home/runner/.cache/pypoetry/virtualenvs/testcapitalcompyse-CcJ6hTD8-py3.12/lib/python3.12/site-packages/allure_commons/_allure.py\", line 192, in impl\n    return func(*a, **kw)\n           ^^^^^^^^^^^^^^\n  File \"/home/runner/work/TestCapitalComPySe/TestCapitalComPySe/pages/Trading_platform/Topbar/topbar.py\", line 57, in trading_platform_top_bar_account_info_menu_logout\n    button_list[0].click()\n  File \"/home/runner/.cache/pypoetry/virtualenvs/testcapitalcompyse-CcJ6hTD8-py3.12/lib/python3.12/site-packages/selenium/webdriver/remote/webelement.py\", line 94, in click\n    self._execute(Command.CLICK_ELEMENT)\n  File \"/home/runner/.cache/pypoetry/virtualenvs/testcapitalcompyse-CcJ6hTD8-py3.12/lib/python3.12/site-packages/selenium/webdriver/remote/webelement.py\", line 395, in _execute\n    return self._parent.execute(command, params)\n           ^^^^^^^^^^^^^^^^^^^^^^^^^^^^^^^^^^^^^\n  File \"/home/runner/.cache/pypoetry/virtualenvs/testcapitalcompyse-CcJ6hTD8-py3.12/lib/python3.12/site-packages/selenium/webdriver/remote/webdriver.py\", line 380, in execute\n    self.error_handler.check_response(response)\n  File \"/home/runner/.cache/pypoetry/virtualenvs/testcapitalcompyse-CcJ6hTD8-py3.12/lib/python3.12/site-packages/selenium/webdriver/remote/errorhandler.py\", line 229, in check_response\n    raise exception_class(message, screen, stacktrace)\n","steps":[{"name":"Build dynamic argument for TCs of US_55","time":{"start":1732325094458,"stop":1732325094460,"duration":2},"status":"passed","steps":[],"attachments":[],"parameters":[{"name":"d","value":"<selenium.webdriver.chrome.webdriver.WebDriver (session=\"a944bd6ca237c2fec43f915a4f08b016\")>"},{"name":"worker_id","value":"'master'"},{"name":"cur_language","value":"'ar'"},{"name":"cur_country","value":"'ae'"},{"name":"cur_role","value":"'NoAuth'"},{"name":"us","value":"'55'"},{"name":"desc_us","value":"'ReTests of Manual Detected Bugs'"},{"name":"num_tc","value":"'373'"},{"name":"desc_tc","value":"'The block \"Experienced traders\" on the page \"Learn\" is not in viewport after clicking the link \"Learn to trade\" on the page \"Why Capital.com?\"'"},{"name":"manual","value":"False"},{"name":"new_layout","value":"False"}],"shouldDisplayMessage":false,"stepsCount":0,"attachmentsCount":0,"hasContent":true,"attachmentStep":false},{"name":"   Set New preconditions","time":{"start":1732325094460,"stop":1732325105524,"duration":11064},"status":"broken","statusMessage":"selenium.common.exceptions.ElementClickInterceptedException: Message: element click intercepted: Element <iconex _ngcontent-ng-c3701643753=\"\" name=\"iconex-arrow-down-mini\" class=\"icon-square\" _nghost-ng-c3863089522=\"\">...</iconex> is not clickable at point (1904, 24). Other element would receive the click: <div class=\"cdk-overlay-backdrop modal-overlay2 cdk-overlay-backdrop-showing\"></div>\n  (Session info: chrome=131.0.6778.69)\nStacktrace:\n#0 0x5586d6ff131a <unknown>\n#1 0x5586d6b076e0 <unknown>\n#2 0x5586d6b5d0f6 <unknown>\n#3 0x5586d6b5b05d <unknown>\n#4 0x5586d6b58775 <unknown>\n#5 0x5586d6b5792f <unknown>\n#6 0x5586d6b4b0d5 <unknown>\n#7 0x5586d6b7a462 <unknown>\n#8 0x5586d6b4aa18 <unknown>\n#9 0x5586d6b7a62e <unknown>\n#10 0x5586d6b98ed7 <unknown>\n#11 0x5586d6b7a203 <unknown>\n#12 0x5586d6b48cc0 <unknown>\n#13 0x5586d6b49c9e <unknown>\n#14 0x5586d6fbed0b <unknown>\n#15 0x5586d6fc2c92 <unknown>\n#16 0x5586d6fabb3c <unknown>\n#17 0x5586d6fc3807 <unknown>\n#18 0x5586d6f910df <unknown>\n#19 0x5586d6fe0578 <unknown>\n#20 0x5586d6fe0740 <unknown>\n#21 0x5586d6ff0196 <unknown>\n#22 0x7fec39e94ac3 <unknown>\n\n","statusTrace":"  File \"/home/runner/.cache/pypoetry/virtualenvs/testcapitalcompyse-CcJ6hTD8-py3.12/lib/python3.12/site-packages/allure_commons/_allure.py\", line 192, in impl\n    return func(*a, **kw)\n           ^^^^^^^^^^^^^^\n  File \"/home/runner/work/TestCapitalComPySe/TestCapitalComPySe/pages/conditions_v2.py\", line 125, in preconditions\n    self.to_do_de_authorisation_new(d, host)\n  File \"/home/runner/.cache/pypoetry/virtualenvs/testcapitalcompyse-CcJ6hTD8-py3.12/lib/python3.12/site-packages/allure_commons/_allure.py\", line 192, in impl\n    return func(*a, **kw)\n           ^^^^^^^^^^^^^^\n  File \"/home/runner/work/TestCapitalComPySe/TestCapitalComPySe/pages/conditions_v2.py\", line 253, in to_do_de_authorisation_new\n    if not top_bar.trading_platform_top_bar_account_info_menu_logout():\n           ^^^^^^^^^^^^^^^^^^^^^^^^^^^^^^^^^^^^^^^^^^^^^^^^^^^^^^^^^^^\n  File \"/home/runner/.cache/pypoetry/virtualenvs/testcapitalcompyse-CcJ6hTD8-py3.12/lib/python3.12/site-packages/allure_commons/_allure.py\", line 192, in impl\n    return func(*a, **kw)\n           ^^^^^^^^^^^^^^\n  File \"/home/runner/work/TestCapitalComPySe/TestCapitalComPySe/pages/Trading_platform/Topbar/topbar.py\", line 57, in trading_platform_top_bar_account_info_menu_logout\n    button_list[0].click()\n  File \"/home/runner/.cache/pypoetry/virtualenvs/testcapitalcompyse-CcJ6hTD8-py3.12/lib/python3.12/site-packages/selenium/webdriver/remote/webelement.py\", line 94, in click\n    self._execute(Command.CLICK_ELEMENT)\n  File \"/home/runner/.cache/pypoetry/virtualenvs/testcapitalcompyse-CcJ6hTD8-py3.12/lib/python3.12/site-packages/selenium/webdriver/remote/webelement.py\", line 395, in _execute\n    return self._parent.execute(command, params)\n           ^^^^^^^^^^^^^^^^^^^^^^^^^^^^^^^^^^^^^\n  File \"/home/runner/.cache/pypoetry/virtualenvs/testcapitalcompyse-CcJ6hTD8-py3.12/lib/python3.12/site-packages/selenium/webdriver/remote/webdriver.py\", line 380, in execute\n    self.error_handler.check_response(response)\n  File \"/home/runner/.cache/pypoetry/virtualenvs/testcapitalcompyse-CcJ6hTD8-py3.12/lib/python3.12/site-packages/selenium/webdriver/remote/errorhandler.py\", line 229, in check_response\n    raise exception_class(message, screen, stacktrace)\n","steps":[{"name":"2024-11-22 23:36:05.808968   Start Authorization","time":{"start":1732325101718,"stop":1732325103968,"duration":2250},"status":"passed","steps":[],"attachments":[],"parameters":[{"name":"d","value":"<selenium.webdriver.chrome.webdriver.WebDriver (session=\"a944bd6ca237c2fec43f915a4f08b016\")>"},{"name":"link","value":"'https://capital.com/en-gb'"},{"name":"login","value":"'test001.miketar+1@gmail.com'"},{"name":"password","value":"'Qwer1234-!@#$'"},{"name":"cur_role","value":"'NoAuth'"}],"shouldDisplayMessage":false,"stepsCount":0,"attachmentsCount":0,"hasContent":true,"attachmentStep":false},{"name":"2024-11-22 23:36:05.808981   Start Deauthorization","time":{"start":1732325103968,"stop":1732325105524,"duration":1556},"status":"broken","statusMessage":"selenium.common.exceptions.ElementClickInterceptedException: Message: element click intercepted: Element <iconex _ngcontent-ng-c3701643753=\"\" name=\"iconex-arrow-down-mini\" class=\"icon-square\" _nghost-ng-c3863089522=\"\">...</iconex> is not clickable at point (1904, 24). Other element would receive the click: <div class=\"cdk-overlay-backdrop modal-overlay2 cdk-overlay-backdrop-showing\"></div>\n  (Session info: chrome=131.0.6778.69)\nStacktrace:\n#0 0x5586d6ff131a <unknown>\n#1 0x5586d6b076e0 <unknown>\n#2 0x5586d6b5d0f6 <unknown>\n#3 0x5586d6b5b05d <unknown>\n#4 0x5586d6b58775 <unknown>\n#5 0x5586d6b5792f <unknown>\n#6 0x5586d6b4b0d5 <unknown>\n#7 0x5586d6b7a462 <unknown>\n#8 0x5586d6b4aa18 <unknown>\n#9 0x5586d6b7a62e <unknown>\n#10 0x5586d6b98ed7 <unknown>\n#11 0x5586d6b7a203 <unknown>\n#12 0x5586d6b48cc0 <unknown>\n#13 0x5586d6b49c9e <unknown>\n#14 0x5586d6fbed0b <unknown>\n#15 0x5586d6fc2c92 <unknown>\n#16 0x5586d6fabb3c <unknown>\n#17 0x5586d6fc3807 <unknown>\n#18 0x5586d6f910df <unknown>\n#19 0x5586d6fe0578 <unknown>\n#20 0x5586d6fe0740 <unknown>\n#21 0x5586d6ff0196 <unknown>\n#22 0x7fec39e94ac3 <unknown>\n\n","statusTrace":"  File \"/home/runner/.cache/pypoetry/virtualenvs/testcapitalcompyse-CcJ6hTD8-py3.12/lib/python3.12/site-packages/allure_commons/_allure.py\", line 192, in impl\n    return func(*a, **kw)\n           ^^^^^^^^^^^^^^\n  File \"/home/runner/work/TestCapitalComPySe/TestCapitalComPySe/pages/conditions_v2.py\", line 253, in to_do_de_authorisation_new\n    if not top_bar.trading_platform_top_bar_account_info_menu_logout():\n           ^^^^^^^^^^^^^^^^^^^^^^^^^^^^^^^^^^^^^^^^^^^^^^^^^^^^^^^^^^^\n  File \"/home/runner/.cache/pypoetry/virtualenvs/testcapitalcompyse-CcJ6hTD8-py3.12/lib/python3.12/site-packages/allure_commons/_allure.py\", line 192, in impl\n    return func(*a, **kw)\n           ^^^^^^^^^^^^^^\n  File \"/home/runner/work/TestCapitalComPySe/TestCapitalComPySe/pages/Trading_platform/Topbar/topbar.py\", line 57, in trading_platform_top_bar_account_info_menu_logout\n    button_list[0].click()\n  File \"/home/runner/.cache/pypoetry/virtualenvs/testcapitalcompyse-CcJ6hTD8-py3.12/lib/python3.12/site-packages/selenium/webdriver/remote/webelement.py\", line 94, in click\n    self._execute(Command.CLICK_ELEMENT)\n  File \"/home/runner/.cache/pypoetry/virtualenvs/testcapitalcompyse-CcJ6hTD8-py3.12/lib/python3.12/site-packages/selenium/webdriver/remote/webelement.py\", line 395, in _execute\n    return self._parent.execute(command, params)\n           ^^^^^^^^^^^^^^^^^^^^^^^^^^^^^^^^^^^^^\n  File \"/home/runner/.cache/pypoetry/virtualenvs/testcapitalcompyse-CcJ6hTD8-py3.12/lib/python3.12/site-packages/selenium/webdriver/remote/webdriver.py\", line 380, in execute\n    self.error_handler.check_response(response)\n  File \"/home/runner/.cache/pypoetry/virtualenvs/testcapitalcompyse-CcJ6hTD8-py3.12/lib/python3.12/site-packages/selenium/webdriver/remote/errorhandler.py\", line 229, in check_response\n    raise exception_class(message, screen, stacktrace)\n","steps":[{"name":"Start Logout from account info menu in top bar","time":{"start":1732325103968,"stop":1732325105523,"duration":1555},"status":"broken","statusMessage":"selenium.common.exceptions.ElementClickInterceptedException: Message: element click intercepted: Element <iconex _ngcontent-ng-c3701643753=\"\" name=\"iconex-arrow-down-mini\" class=\"icon-square\" _nghost-ng-c3863089522=\"\">...</iconex> is not clickable at point (1904, 24). Other element would receive the click: <div class=\"cdk-overlay-backdrop modal-overlay2 cdk-overlay-backdrop-showing\"></div>\n  (Session info: chrome=131.0.6778.69)\nStacktrace:\n#0 0x5586d6ff131a <unknown>\n#1 0x5586d6b076e0 <unknown>\n#2 0x5586d6b5d0f6 <unknown>\n#3 0x5586d6b5b05d <unknown>\n#4 0x5586d6b58775 <unknown>\n#5 0x5586d6b5792f <unknown>\n#6 0x5586d6b4b0d5 <unknown>\n#7 0x5586d6b7a462 <unknown>\n#8 0x5586d6b4aa18 <unknown>\n#9 0x5586d6b7a62e <unknown>\n#10 0x5586d6b98ed7 <unknown>\n#11 0x5586d6b7a203 <unknown>\n#12 0x5586d6b48cc0 <unknown>\n#13 0x5586d6b49c9e <unknown>\n#14 0x5586d6fbed0b <unknown>\n#15 0x5586d6fc2c92 <unknown>\n#16 0x5586d6fabb3c <unknown>\n#17 0x5586d6fc3807 <unknown>\n#18 0x5586d6f910df <unknown>\n#19 0x5586d6fe0578 <unknown>\n#20 0x5586d6fe0740 <unknown>\n#21 0x5586d6ff0196 <unknown>\n#22 0x7fec39e94ac3 <unknown>\n\n","statusTrace":"  File \"/home/runner/.cache/pypoetry/virtualenvs/testcapitalcompyse-CcJ6hTD8-py3.12/lib/python3.12/site-packages/allure_commons/_allure.py\", line 192, in impl\n    return func(*a, **kw)\n           ^^^^^^^^^^^^^^\n  File \"/home/runner/work/TestCapitalComPySe/TestCapitalComPySe/pages/Trading_platform/Topbar/topbar.py\", line 57, in trading_platform_top_bar_account_info_menu_logout\n    button_list[0].click()\n  File \"/home/runner/.cache/pypoetry/virtualenvs/testcapitalcompyse-CcJ6hTD8-py3.12/lib/python3.12/site-packages/selenium/webdriver/remote/webelement.py\", line 94, in click\n    self._execute(Command.CLICK_ELEMENT)\n  File \"/home/runner/.cache/pypoetry/virtualenvs/testcapitalcompyse-CcJ6hTD8-py3.12/lib/python3.12/site-packages/selenium/webdriver/remote/webelement.py\", line 395, in _execute\n    return self._parent.execute(command, params)\n           ^^^^^^^^^^^^^^^^^^^^^^^^^^^^^^^^^^^^^\n  File \"/home/runner/.cache/pypoetry/virtualenvs/testcapitalcompyse-CcJ6hTD8-py3.12/lib/python3.12/site-packages/selenium/webdriver/remote/webdriver.py\", line 380, in execute\n    self.error_handler.check_response(response)\n  File \"/home/runner/.cache/pypoetry/virtualenvs/testcapitalcompyse-CcJ6hTD8-py3.12/lib/python3.12/site-packages/selenium/webdriver/remote/errorhandler.py\", line 229, in check_response\n    raise exception_class(message, screen, stacktrace)\n","steps":[],"attachments":[],"parameters":[],"shouldDisplayMessage":true,"stepsCount":0,"attachmentsCount":0,"hasContent":true,"attachmentStep":false}],"attachments":[],"parameters":[{"name":"d","value":"<selenium.webdriver.chrome.webdriver.WebDriver (session=\"a944bd6ca237c2fec43f915a4f08b016\")>"},{"name":"link","value":"'https://capital.com/en-gb'"}],"shouldDisplayMessage":false,"stepsCount":1,"attachmentsCount":0,"hasContent":true,"attachmentStep":false}],"attachments":[],"parameters":[{"name":"d","value":"<selenium.webdriver.chrome.webdriver.WebDriver (session=\"a944bd6ca237c2fec43f915a4f08b016\")>"},{"name":"host","value":"'https://capital.com/en-gb'"},{"name":"end_point","value":"''"},{"name":"cur_language","value":"'ar'"},{"name":"cur_country","value":"'ae'"},{"name":"cur_role","value":"'NoAuth'"},{"name":"cur_login","value":"'test001.miketar+1@gmail.com'"},{"name":"cur_password","value":"'Qwer1234-!@#$'"}],"shouldDisplayMessage":false,"stepsCount":3,"attachmentsCount":0,"hasContent":true,"attachmentStep":false}],"attachments":[],"parameters":[{"name":"worker_id","value":"'master'"},{"name":"d","value":"<selenium.webdriver.chrome.webdriver.WebDriver (session=\"a944bd6ca237c2fec43f915a4f08b016\")>"},{"name":"cur_language","value":"'ar'"},{"name":"cur_country","value":"'ae'"},{"name":"cur_role","value":"'NoAuth'"},{"name":"cur_login","value":"'test001.miketar+1@gmail.com'"},{"name":"cur_password","value":"'Qwer1234-!@#$'"}],"shouldDisplayMessage":false,"stepsCount":5,"attachmentsCount":0,"hasContent":true,"attachmentStep":false}],"attachments":[{"uid":"b6dc21bb020d6abe","name":"Screenshot","source":"b6dc21bb020d6abe.png","type":"image/png","size":193525},{"uid":"7bbc06a241d771a8","name":"stdout","source":"7bbc06a241d771a8.txt","type":"text/plain","size":3233}],"parameters":[],"shouldDisplayMessage":true,"stepsCount":6,"attachmentsCount":2,"hasContent":true,"attachmentStep":false},"afterStages":[{"name":"d::0","time":{"start":1732325756625,"stop":1732325757053,"duration":428},"status":"passed","steps":[],"attachments":[],"parameters":[],"shouldDisplayMessage":false,"stepsCount":0,"attachmentsCount":0,"hasContent":false,"attachmentStep":false}],"labels":[{"name":"epic","value":"TC_55!373 | The block \"Experienced traders\" on the page \"Learn\" is not in viewport after clicking the link \"Learn to trade\" on the page \"Why Capital.com?\""},{"name":"feature","value":"Role: NoAuth"},{"name":"story","value":"Country: ae"},{"name":"tag","value":"bug_373"},{"name":"tag","value":"us_55"},{"name":"parentSuite","value":"tests.US_55_ReTestsManual.saii-d3v"},{"name":"suite","value":"US_55-saii-d3v_ReTestsManual_test"},{"name":"subSuite","value":"TestManualDetectedBugs"},{"name":"host","value":"fv-az985-168"},{"name":"thread","value":"18179-MainThread"},{"name":"framework","value":"pytest"},{"name":"language","value":"cpython3"},{"name":"package","value":"tests.US_55_ReTestsManual.saii-d3v.US_55-saii-d3v_ReTestsManual_test"},{"name":"resultFormat","value":"allure2"}],"parameters":[{"name":"cur_country","value":"'ae'"},{"name":"cur_language","value":"'ar'"},{"name":"cur_login","value":"'test001.miketar+1@gmail.com'"},{"name":"cur_password","value":"'Qwer1234-!@#$'"},{"name":"cur_role","value":"'NoAuth'"},{"name":"d","value":"'Chrome'"}],"links":[],"hidden":false,"retry":false,"extra":{"severity":"normal","retries":[],"categories":[{"name":"Test defects","matchedStatuses":[],"flaky":false}],"history":{"statistic":{"failed":24,"broken":1,"skipped":0,"passed":0,"unknown":0,"total":25},"items":[{"uid":"279194d84782959b","reportUrl":"https://AlexTomAQA.github.io/TestCapitalComPySe/232//#testresult/279194d84782959b","status":"failed","statusDetails":"Failed: Bug # 55!373 The the block \"Experienced traders\" is NOT into viewport","time":{"start":1732251190405,"stop":1732251217789,"duration":27384}},{"uid":"31020fcfbcf56e48","reportUrl":"https://AlexTomAQA.github.io/TestCapitalComPySe/231//#testresult/31020fcfbcf56e48","status":"failed","statusDetails":"Failed: Bug # 55!373 The the block \"Experienced traders\" is NOT into viewport","time":{"start":1732235371054,"stop":1732235397542,"duration":26488}},{"uid":"141bd7c9b623bd94","reportUrl":"https://AlexTomAQA.github.io/TestCapitalComPySe/230//#testresult/141bd7c9b623bd94","status":"failed","statusDetails":"Failed: Bug # 55!373 The the block \"Experienced traders\" is NOT into viewport","time":{"start":1732148840875,"stop":1732148869596,"duration":28721}},{"uid":"dc9eec15009ec79e","reportUrl":"https://AlexTomAQA.github.io/TestCapitalComPySe/229//#testresult/dc9eec15009ec79e","status":"failed","statusDetails":"Failed: Bug # 55!373 The the block \"Experienced traders\" is NOT into viewport","time":{"start":1732061696189,"stop":1732061722788,"duration":26599}},{"uid":"8185eab781aec4a","reportUrl":"https://AlexTomAQA.github.io/TestCapitalComPySe/228//#testresult/8185eab781aec4a","status":"failed","statusDetails":"Failed: Bug # 55!373 The the block \"Experienced traders\" is NOT into viewport","time":{"start":1731976412665,"stop":1731976441255,"duration":28590}},{"uid":"39a7f84a92ff766c","reportUrl":"https://AlexTomAQA.github.io/TestCapitalComPySe/227//#testresult/39a7f84a92ff766c","status":"failed","statusDetails":"Failed: Bug # 55!373 The the block \"Experienced traders\" is NOT into viewport","time":{"start":1731888107690,"stop":1731888134376,"duration":26686}},{"uid":"6230f3660026bbc","reportUrl":"https://AlexTomAQA.github.io/TestCapitalComPySe/226//#testresult/6230f3660026bbc","status":"failed","statusDetails":"Failed: Bug # 55!373 The the block \"Experienced traders\" is NOT into viewport","time":{"start":1731801640946,"stop":1731801670549,"duration":29603}},{"uid":"227f7486d90138e2","reportUrl":"https://AlexTomAQA.github.io/TestCapitalComPySe/225//#testresult/227f7486d90138e2","status":"failed","statusDetails":"Failed: Bug # 55!373 The the block \"Experienced traders\" is NOT into viewport","time":{"start":1731735598059,"stop":1731735624680,"duration":26621}},{"uid":"fbb36b62b1ffbd92","reportUrl":"https://AlexTomAQA.github.io/TestCapitalComPySe/224//#testresult/fbb36b62b1ffbd92","status":"failed","statusDetails":"Failed: Bug # 55!373 The the block \"Experienced traders\" is NOT into viewport","time":{"start":1731716200721,"stop":1731716227936,"duration":27215}},{"uid":"1dd4419695c96eb0","reportUrl":"https://AlexTomAQA.github.io/TestCapitalComPySe/223//#testresult/1dd4419695c96eb0","status":"failed","statusDetails":"Failed: Bug # 55!373 The the block \"Experienced traders\" is NOT into viewport","time":{"start":1731650629708,"stop":1731650656326,"duration":26618}},{"uid":"2845231aba3a7af6","reportUrl":"https://AlexTomAQA.github.io/TestCapitalComPySe/219//#testresult/2845231aba3a7af6","status":"failed","statusDetails":"Failed: Bug # 55!373 The the block \"Experienced traders\" is NOT into viewport","time":{"start":1731458153446,"stop":1731458181228,"duration":27782}},{"uid":"e3c941379662fcee","reportUrl":"https://AlexTomAQA.github.io/TestCapitalComPySe/218//#testresult/e3c941379662fcee","status":"failed","statusDetails":"Failed: Bug # 55!373 The the block \"Experienced traders\" is NOT into viewport","time":{"start":1731371355716,"stop":1731371382571,"duration":26855}},{"uid":"1506b26a2ffb1192","reportUrl":"https://AlexTomAQA.github.io/TestCapitalComPySe/217//#testresult/1506b26a2ffb1192","status":"failed","statusDetails":"Failed: Bug # 55!373 The the block \"Experienced traders\" is NOT into viewport","time":{"start":1731284774436,"stop":1731284801465,"duration":27029}},{"uid":"f9224b13081df17a","reportUrl":"https://AlexTomAQA.github.io/TestCapitalComPySe/216//#testresult/f9224b13081df17a","status":"failed","statusDetails":"Failed: Bug # 55!373 The the block \"Experienced traders\" is NOT into viewport","time":{"start":1731197231638,"stop":1731197259838,"duration":28200}},{"uid":"bb581e749217ab1e","reportUrl":"https://AlexTomAQA.github.io/TestCapitalComPySe/215//#testresult/bb581e749217ab1e","status":"failed","statusDetails":"Failed: Bug # 55!373 The the block \"Experienced traders\" is NOT into viewport","time":{"start":1731111587806,"stop":1731111617892,"duration":30086}},{"uid":"3c69e08cb4851e9e","reportUrl":"https://AlexTomAQA.github.io/TestCapitalComPySe/214//#testresult/3c69e08cb4851e9e","status":"failed","statusDetails":"Failed: Bug # 55!373 The the block \"Experienced traders\" is NOT into viewport","time":{"start":1731025136154,"stop":1731025164699,"duration":28545}},{"uid":"5dd52d1415a252cb","reportUrl":"https://AlexTomAQA.github.io/TestCapitalComPySe/213//#testresult/5dd52d1415a252cb","status":"failed","statusDetails":"Failed: Bug # 55!373 The the block \"Experienced traders\" is NOT into viewport","time":{"start":1730939422133,"stop":1730939450138,"duration":28005}},{"uid":"ebcb05f3054cf2b7","reportUrl":"https://AlexTomAQA.github.io/TestCapitalComPySe/212//#testresult/ebcb05f3054cf2b7","status":"failed","statusDetails":"Failed: Bug # 55!373 The the block \"Experienced traders\" is NOT into viewport","time":{"start":1730851654905,"stop":1730851681689,"duration":26784}},{"uid":"a45ea01f5f1aa7d1","reportUrl":"https://AlexTomAQA.github.io/TestCapitalComPySe/211//#testresult/a45ea01f5f1aa7d1","status":"failed","statusDetails":"Failed: Bug â„– ??? 'About us' menu not present in DOM for 'ae' country 'ar' language","time":{"start":1730784402562,"stop":1730784420926,"duration":18364}},{"uid":"b242314c46c4ccda","reportUrl":"https://AlexTomAQA.github.io/TestCapitalComPySe/210//#testresult/b242314c46c4ccda","status":"failed","statusDetails":"Failed: Bug # 55!373 The the block \"Experienced traders\" is NOT into viewport","time":{"start":1730765268919,"stop":1730765292049,"duration":23130}}]},"tags":["bug_373","us_55"]},"source":"4c66a1eb28d72b39.json","parameterValues":["'ae'","'ar'","'test001.miketar+1@gmail.com'","'Qwer1234-!@#$'","'NoAuth'","'Chrome'"]}