{"uid":"6757b3a80e4b3c44","name":"TC_55!514 (Lang: en) | Bid:55!514-en.au.NoReg","fullName":"tests.US_55_ReTestsManual.tassobaccato.US_55-tassobaccato_ReTestsManual_test.TestManualDetectedBugs#test_514","historyId":"0d31f051dff0e73a24e54c3002e912cc","time":{"start":1746497957019,"stop":1746498088951,"duration":131932},"description":"\n        Check: Menu section [Markets] > Menu item [Market analysis] > Article \"Solana price prediction: Can SOL\n                rebound?\" > Click on the [Could Solana become a Cardano side-chain?] item in the \"Table of Contents\" >\n                Click on the [announced] link in the text\n        Language: EN\n        License: ASIC\n        Author: Kasila\n        ","descriptionHtml":"<pre><code>    Check: Menu section [Markets] &gt; Menu item [Market analysis] &gt; Article &quot;Solana price prediction: Can SOL\n            rebound?&quot; &gt; Click on the [Could Solana become a Cardano side-chain?] item in the &quot;Table of Contents&quot; &gt;\n            Click on the [announced] link in the text\n    Language: EN\n    License: ASIC\n    Author: Kasila\n</code></pre>\n","status":"broken","statusMessage":"selenium.common.exceptions.NoSuchElementException: Message: no such element: Unable to locate element: {\"method\":\"css selector\",\"selector\":\"div#main-frame-error\"}\n  (Session info: chrome=135.0.7049.114); For documentation on this error, please visit: https://www.selenium.dev/documentation/webdriver/troubleshooting/errors#no-such-element-exception\nStacktrace:\n#0 0x55af76dcf75a <unknown>\n#1 0x55af768824b0 <unknown>\n#2 0x55af768d39b3 <unknown>\n#3 0x55af768d3ba1 <unknown>\n#4 0x55af769221f4 <unknown>\n#5 0x55af768f95bd <unknown>\n#6 0x55af7691f5e0 <unknown>\n#7 0x55af768f9363 <unknown>\n#8 0x55af768c5d63 <unknown>\n#9 0x55af768c69c1 <unknown>\n#10 0x55af76d94a6b <unknown>\n#11 0x55af76d98951 <unknown>\n#12 0x55af76d7cb62 <unknown>\n#13 0x55af76d994c4 <unknown>\n#14 0x55af76d6113f <unknown>\n#15 0x55af76dbd6f8 <unknown>\n#16 0x55af76dbd8d6 <unknown>\n#17 0x55af76dce5a6 <unknown>\n#18 0x7ff69aa9caa4 <unknown>\n#19 0x7ff69ab29c3c <unknown>","statusTrace":"self = <US_55-tassobaccato_ReTestsManual_test.TestManualDetectedBugs object at 0x7fb215a8dfd0>\nworker_id = 'master'\nd = <selenium.webdriver.chrome.webdriver.WebDriver (session=\"ae71107b3d31e54a00adacf245989dc3\")>\ncur_language = '', cur_country = 'au', cur_role = 'NoReg'\ncur_login = 'test001.miketar+1@gmail.com', cur_password = 'Qwer1234-!@#$'\n\n    @allure.step('Start retest manual AT_55!514 The page with text \"Page Not Found ... doesnt exist or has been moved\" is displayed')\n    @pytest.mark.parametrize('cur_language', [''])\n    @pytest.mark.parametrize('cur_country', ['au'])\n    @pytest.mark.parametrize('cur_role', [\"NoReg\", \"Auth\", \"NoAuth\"])\n    @pytest.mark.bug_514\n    def test_514(self, worker_id, d, cur_language, cur_country, cur_role, cur_login, cur_password):\n        \"\"\"\n        Check: Menu section [Markets] > Menu item [Market analysis] > Article \"Solana price prediction: Can SOL\n                rebound?\" > Click on the [Could Solana become a Cardano side-chain?] item in the \"Table of Contents\" >\n                Click on the [announced] link in the text\n        Language: EN\n        License: ASIC\n        Author: Kasila\n        \"\"\"\n    \n        bid = build_dynamic_arg_for_us_55(\n            d, worker_id, cur_language, cur_country, cur_role,\n            \"55\", \"ReTests of Manual Detected Bugs\",\n            \"514\", 'The page with text \"Page Not Found ... doesnt exist or has been moved\" is opened '\n                   'after clicking on [announced] link in the article \"Solana price prediction: Can SOL rebound?\" when '\n                   'selected ASIC license'\n        )\n    \n        link = apply_preconditions_to_link(d, cur_language, cur_country, cur_role, cur_login, cur_password)\n        menu = from_markets_menu_open_market_analysis.MenuNew(d, link)\n        cur_item_link = menu.from_markets_menu_open_market_analysis(d, cur_language, cur_country, link)\n    \n        test_element = AnnouncedLink(d, cur_item_link, bid)\n        test_element.announced_link(d, cur_item_link, link)\n        test_element.element_click()\n>       test_element.assert_()\n\ntests/US_55_ReTestsManual/tassobaccato/US_55-tassobaccato_ReTestsManual_test.py:737: \n_ _ _ _ _ _ _ _ _ _ _ _ _ _ _ _ _ _ _ _ _ _ _ _ _ _ _ _ _ _ _ _ _ _ _ _ _ _ _ _ \npages/BugsManual/bug_514.py:99: in assert_\n    main_frame_error = self.driver.find_element(By.CSS_SELECTOR, 'div#main-frame-error')\n../../../.cache/pypoetry/virtualenvs/testcapitalcompyse-CcJ6hTD8-py3.12/lib/python3.12/site-packages/selenium/webdriver/remote/webdriver.py:766: in find_element\n    return self.execute(Command.FIND_ELEMENT, {\"using\": by, \"value\": value})[\"value\"]\n../../../.cache/pypoetry/virtualenvs/testcapitalcompyse-CcJ6hTD8-py3.12/lib/python3.12/site-packages/selenium/webdriver/remote/webdriver.py:380: in execute\n    self.error_handler.check_response(response)\n_ _ _ _ _ _ _ _ _ _ _ _ _ _ _ _ _ _ _ _ _ _ _ _ _ _ _ _ _ _ _ _ _ _ _ _ _ _ _ _ \n\nself = <selenium.webdriver.remote.errorhandler.ErrorHandler object at 0x7fb215b24bc0>\nresponse = {'status': 404, 'value': '{\"value\":{\"error\":\"no such element\",\"message\":\"no such element: Unable to locate element: {\\...\\\\n#17 0x55af76dce5a6 \\\\u003Cunknown>\\\\n#18 0x7ff69aa9caa4 \\\\u003Cunknown>\\\\n#19 0x7ff69ab29c3c \\\\u003Cunknown>\\\\n\"}}'}\n\n    def check_response(self, response: Dict[str, Any]) -> None:\n        \"\"\"Checks that a JSON response from the WebDriver does not have an\n        error.\n    \n        :Args:\n         - response - The JSON response from the WebDriver server as a dictionary\n           object.\n    \n        :Raises: If the response contains an error message.\n        \"\"\"\n        status = response.get(\"status\", None)\n        if not status or status == ErrorCode.SUCCESS:\n            return\n        value = None\n        message = response.get(\"message\", \"\")\n        screen: str = response.get(\"screen\", \"\")\n        stacktrace = None\n        if isinstance(status, int):\n            value_json = response.get(\"value\", None)\n            if value_json and isinstance(value_json, str):\n                import json\n    \n                try:\n                    value = json.loads(value_json)\n                    if len(value) == 1:\n                        value = value[\"value\"]\n                    status = value.get(\"error\", None)\n                    if not status:\n                        status = value.get(\"status\", ErrorCode.UNKNOWN_ERROR)\n                        message = value.get(\"value\") or value.get(\"message\")\n                        if not isinstance(message, str):\n                            value = message\n                            message = message.get(\"message\")\n                    else:\n                        message = value.get(\"message\", None)\n                except ValueError:\n                    pass\n    \n        exception_class: Type[WebDriverException]\n        e = ErrorCode()\n        error_codes = [item for item in dir(e) if not item.startswith(\"__\")]\n        for error_code in error_codes:\n            error_info = getattr(ErrorCode, error_code)\n            if isinstance(error_info, list) and status in error_info:\n                exception_class = getattr(ExceptionMapping, error_code, WebDriverException)\n                break\n        else:\n            exception_class = WebDriverException\n    \n        if not value:\n            value = response[\"value\"]\n        if isinstance(value, str):\n            raise exception_class(value)\n        if message == \"\" and \"message\" in value:\n            message = value[\"message\"]\n    \n        screen = None  # type: ignore[assignment]\n        if \"screen\" in value:\n            screen = value[\"screen\"]\n    \n        stacktrace = None\n        st_value = value.get(\"stackTrace\") or value.get(\"stacktrace\")\n        if st_value:\n            if isinstance(st_value, str):\n                stacktrace = st_value.split(\"\\n\")\n            else:\n                stacktrace = []\n                try:\n                    for frame in st_value:\n                        line = frame.get(\"lineNumber\", \"\")\n                        file = frame.get(\"fileName\", \"<anonymous>\")\n                        if line:\n                            file = f\"{file}:{line}\"\n                        meth = frame.get(\"methodName\", \"<anonymous>\")\n                        if \"className\" in frame:\n                            meth = f\"{frame['className']}.{meth}\"\n                        msg = \"    at %s (%s)\"\n                        msg = msg % (meth, file)\n                        stacktrace.append(msg)\n                except TypeError:\n                    pass\n        if exception_class == UnexpectedAlertPresentException:\n            alert_text = None\n            if \"data\" in value:\n                alert_text = value[\"data\"].get(\"text\")\n            elif \"alert\" in value:\n                alert_text = value[\"alert\"].get(\"text\")\n            raise exception_class(message, screen, stacktrace, alert_text)  # type: ignore[call-arg]  # mypy is not smart enough here\n>       raise exception_class(message, screen, stacktrace)\nE       selenium.common.exceptions.NoSuchElementException: Message: no such element: Unable to locate element: {\"method\":\"css selector\",\"selector\":\"div#main-frame-error\"}\nE         (Session info: chrome=135.0.7049.114); For documentation on this error, please visit: https://www.selenium.dev/documentation/webdriver/troubleshooting/errors#no-such-element-exception\nE       Stacktrace:\nE       #0 0x55af76dcf75a <unknown>\nE       #1 0x55af768824b0 <unknown>\nE       #2 0x55af768d39b3 <unknown>\nE       #3 0x55af768d3ba1 <unknown>\nE       #4 0x55af769221f4 <unknown>\nE       #5 0x55af768f95bd <unknown>\nE       #6 0x55af7691f5e0 <unknown>\nE       #7 0x55af768f9363 <unknown>\nE       #8 0x55af768c5d63 <unknown>\nE       #9 0x55af768c69c1 <unknown>\nE       #10 0x55af76d94a6b <unknown>\nE       #11 0x55af76d98951 <unknown>\nE       #12 0x55af76d7cb62 <unknown>\nE       #13 0x55af76d994c4 <unknown>\nE       #14 0x55af76d6113f <unknown>\nE       #15 0x55af76dbd6f8 <unknown>\nE       #16 0x55af76dbd8d6 <unknown>\nE       #17 0x55af76dce5a6 <unknown>\nE       #18 0x7ff69aa9caa4 <unknown>\nE       #19 0x7ff69ab29c3c <unknown>\n\n../../../.cache/pypoetry/virtualenvs/testcapitalcompyse-CcJ6hTD8-py3.12/lib/python3.12/site-packages/selenium/webdriver/remote/errorhandler.py:229: NoSuchElementException","flaky":false,"newFailed":false,"newBroken":false,"newPassed":false,"retriesCount":0,"retriesStatusChange":false,"beforeStages":[{"name":"d","time":{"start":1746495250473,"stop":1746495251289,"duration":816},"status":"passed","steps":[],"attachments":[],"parameters":[],"shouldDisplayMessage":false,"stepsCount":0,"attachmentsCount":0,"hasContent":false,"attachmentStep":false},{"name":"cur_password","time":{"start":1746495251289,"stop":1746495251289,"duration":0},"status":"passed","steps":[],"attachments":[],"parameters":[],"shouldDisplayMessage":false,"stepsCount":0,"attachmentsCount":0,"hasContent":false,"attachmentStep":false},{"name":"worker_id","time":{"start":1746495251289,"stop":1746495251289,"duration":0},"status":"passed","steps":[],"attachments":[],"parameters":[],"shouldDisplayMessage":false,"stepsCount":0,"attachmentsCount":0,"hasContent":false,"attachmentStep":false},{"name":"cur_login","time":{"start":1746495251289,"stop":1746495251289,"duration":0},"status":"passed","steps":[],"attachments":[],"parameters":[],"shouldDisplayMessage":false,"stepsCount":0,"attachmentsCount":0,"hasContent":false,"attachmentStep":false}],"testStage":{"description":"\n        Check: Menu section [Markets] > Menu item [Market analysis] > Article \"Solana price prediction: Can SOL\n                rebound?\" > Click on the [Could Solana become a Cardano side-chain?] item in the \"Table of Contents\" >\n                Click on the [announced] link in the text\n        Language: EN\n        License: ASIC\n        Author: Kasila\n        ","status":"broken","statusMessage":"selenium.common.exceptions.NoSuchElementException: Message: no such element: Unable to locate element: {\"method\":\"css selector\",\"selector\":\"div#main-frame-error\"}\n  (Session info: chrome=135.0.7049.114); For documentation on this error, please visit: https://www.selenium.dev/documentation/webdriver/troubleshooting/errors#no-such-element-exception\nStacktrace:\n#0 0x55af76dcf75a <unknown>\n#1 0x55af768824b0 <unknown>\n#2 0x55af768d39b3 <unknown>\n#3 0x55af768d3ba1 <unknown>\n#4 0x55af769221f4 <unknown>\n#5 0x55af768f95bd <unknown>\n#6 0x55af7691f5e0 <unknown>\n#7 0x55af768f9363 <unknown>\n#8 0x55af768c5d63 <unknown>\n#9 0x55af768c69c1 <unknown>\n#10 0x55af76d94a6b <unknown>\n#11 0x55af76d98951 <unknown>\n#12 0x55af76d7cb62 <unknown>\n#13 0x55af76d994c4 <unknown>\n#14 0x55af76d6113f <unknown>\n#15 0x55af76dbd6f8 <unknown>\n#16 0x55af76dbd8d6 <unknown>\n#17 0x55af76dce5a6 <unknown>\n#18 0x7ff69aa9caa4 <unknown>\n#19 0x7ff69ab29c3c <unknown>","statusTrace":"self = <US_55-tassobaccato_ReTestsManual_test.TestManualDetectedBugs object at 0x7fb215a8dfd0>\nworker_id = 'master'\nd = <selenium.webdriver.chrome.webdriver.WebDriver (session=\"ae71107b3d31e54a00adacf245989dc3\")>\ncur_language = '', cur_country = 'au', cur_role = 'NoReg'\ncur_login = 'test001.miketar+1@gmail.com', cur_password = 'Qwer1234-!@#$'\n\n    @allure.step('Start retest manual AT_55!514 The page with text \"Page Not Found ... doesnt exist or has been moved\" is displayed')\n    @pytest.mark.parametrize('cur_language', [''])\n    @pytest.mark.parametrize('cur_country', ['au'])\n    @pytest.mark.parametrize('cur_role', [\"NoReg\", \"Auth\", \"NoAuth\"])\n    @pytest.mark.bug_514\n    def test_514(self, worker_id, d, cur_language, cur_country, cur_role, cur_login, cur_password):\n        \"\"\"\n        Check: Menu section [Markets] > Menu item [Market analysis] > Article \"Solana price prediction: Can SOL\n                rebound?\" > Click on the [Could Solana become a Cardano side-chain?] item in the \"Table of Contents\" >\n                Click on the [announced] link in the text\n        Language: EN\n        License: ASIC\n        Author: Kasila\n        \"\"\"\n    \n        bid = build_dynamic_arg_for_us_55(\n            d, worker_id, cur_language, cur_country, cur_role,\n            \"55\", \"ReTests of Manual Detected Bugs\",\n            \"514\", 'The page with text \"Page Not Found ... doesnt exist or has been moved\" is opened '\n                   'after clicking on [announced] link in the article \"Solana price prediction: Can SOL rebound?\" when '\n                   'selected ASIC license'\n        )\n    \n        link = apply_preconditions_to_link(d, cur_language, cur_country, cur_role, cur_login, cur_password)\n        menu = from_markets_menu_open_market_analysis.MenuNew(d, link)\n        cur_item_link = menu.from_markets_menu_open_market_analysis(d, cur_language, cur_country, link)\n    \n        test_element = AnnouncedLink(d, cur_item_link, bid)\n        test_element.announced_link(d, cur_item_link, link)\n        test_element.element_click()\n>       test_element.assert_()\n\ntests/US_55_ReTestsManual/tassobaccato/US_55-tassobaccato_ReTestsManual_test.py:737: \n_ _ _ _ _ _ _ _ _ _ _ _ _ _ _ _ _ _ _ _ _ _ _ _ _ _ _ _ _ _ _ _ _ _ _ _ _ _ _ _ \npages/BugsManual/bug_514.py:99: in assert_\n    main_frame_error = self.driver.find_element(By.CSS_SELECTOR, 'div#main-frame-error')\n../../../.cache/pypoetry/virtualenvs/testcapitalcompyse-CcJ6hTD8-py3.12/lib/python3.12/site-packages/selenium/webdriver/remote/webdriver.py:766: in find_element\n    return self.execute(Command.FIND_ELEMENT, {\"using\": by, \"value\": value})[\"value\"]\n../../../.cache/pypoetry/virtualenvs/testcapitalcompyse-CcJ6hTD8-py3.12/lib/python3.12/site-packages/selenium/webdriver/remote/webdriver.py:380: in execute\n    self.error_handler.check_response(response)\n_ _ _ _ _ _ _ _ _ _ _ _ _ _ _ _ _ _ _ _ _ _ _ _ _ _ _ _ _ _ _ _ _ _ _ _ _ _ _ _ \n\nself = <selenium.webdriver.remote.errorhandler.ErrorHandler object at 0x7fb215b24bc0>\nresponse = {'status': 404, 'value': '{\"value\":{\"error\":\"no such element\",\"message\":\"no such element: Unable to locate element: {\\...\\\\n#17 0x55af76dce5a6 \\\\u003Cunknown>\\\\n#18 0x7ff69aa9caa4 \\\\u003Cunknown>\\\\n#19 0x7ff69ab29c3c \\\\u003Cunknown>\\\\n\"}}'}\n\n    def check_response(self, response: Dict[str, Any]) -> None:\n        \"\"\"Checks that a JSON response from the WebDriver does not have an\n        error.\n    \n        :Args:\n         - response - The JSON response from the WebDriver server as a dictionary\n           object.\n    \n        :Raises: If the response contains an error message.\n        \"\"\"\n        status = response.get(\"status\", None)\n        if not status or status == ErrorCode.SUCCESS:\n            return\n        value = None\n        message = response.get(\"message\", \"\")\n        screen: str = response.get(\"screen\", \"\")\n        stacktrace = None\n        if isinstance(status, int):\n            value_json = response.get(\"value\", None)\n            if value_json and isinstance(value_json, str):\n                import json\n    \n                try:\n                    value = json.loads(value_json)\n                    if len(value) == 1:\n                        value = value[\"value\"]\n                    status = value.get(\"error\", None)\n                    if not status:\n                        status = value.get(\"status\", ErrorCode.UNKNOWN_ERROR)\n                        message = value.get(\"value\") or value.get(\"message\")\n                        if not isinstance(message, str):\n                            value = message\n                            message = message.get(\"message\")\n                    else:\n                        message = value.get(\"message\", None)\n                except ValueError:\n                    pass\n    \n        exception_class: Type[WebDriverException]\n        e = ErrorCode()\n        error_codes = [item for item in dir(e) if not item.startswith(\"__\")]\n        for error_code in error_codes:\n            error_info = getattr(ErrorCode, error_code)\n            if isinstance(error_info, list) and status in error_info:\n                exception_class = getattr(ExceptionMapping, error_code, WebDriverException)\n                break\n        else:\n            exception_class = WebDriverException\n    \n        if not value:\n            value = response[\"value\"]\n        if isinstance(value, str):\n            raise exception_class(value)\n        if message == \"\" and \"message\" in value:\n            message = value[\"message\"]\n    \n        screen = None  # type: ignore[assignment]\n        if \"screen\" in value:\n            screen = value[\"screen\"]\n    \n        stacktrace = None\n        st_value = value.get(\"stackTrace\") or value.get(\"stacktrace\")\n        if st_value:\n            if isinstance(st_value, str):\n                stacktrace = st_value.split(\"\\n\")\n            else:\n                stacktrace = []\n                try:\n                    for frame in st_value:\n                        line = frame.get(\"lineNumber\", \"\")\n                        file = frame.get(\"fileName\", \"<anonymous>\")\n                        if line:\n                            file = f\"{file}:{line}\"\n                        meth = frame.get(\"methodName\", \"<anonymous>\")\n                        if \"className\" in frame:\n                            meth = f\"{frame['className']}.{meth}\"\n                        msg = \"    at %s (%s)\"\n                        msg = msg % (meth, file)\n                        stacktrace.append(msg)\n                except TypeError:\n                    pass\n        if exception_class == UnexpectedAlertPresentException:\n            alert_text = None\n            if \"data\" in value:\n                alert_text = value[\"data\"].get(\"text\")\n            elif \"alert\" in value:\n                alert_text = value[\"alert\"].get(\"text\")\n            raise exception_class(message, screen, stacktrace, alert_text)  # type: ignore[call-arg]  # mypy is not smart enough here\n>       raise exception_class(message, screen, stacktrace)\nE       selenium.common.exceptions.NoSuchElementException: Message: no such element: Unable to locate element: {\"method\":\"css selector\",\"selector\":\"div#main-frame-error\"}\nE         (Session info: chrome=135.0.7049.114); For documentation on this error, please visit: https://www.selenium.dev/documentation/webdriver/troubleshooting/errors#no-such-element-exception\nE       Stacktrace:\nE       #0 0x55af76dcf75a <unknown>\nE       #1 0x55af768824b0 <unknown>\nE       #2 0x55af768d39b3 <unknown>\nE       #3 0x55af768d3ba1 <unknown>\nE       #4 0x55af769221f4 <unknown>\nE       #5 0x55af768f95bd <unknown>\nE       #6 0x55af7691f5e0 <unknown>\nE       #7 0x55af768f9363 <unknown>\nE       #8 0x55af768c5d63 <unknown>\nE       #9 0x55af768c69c1 <unknown>\nE       #10 0x55af76d94a6b <unknown>\nE       #11 0x55af76d98951 <unknown>\nE       #12 0x55af76d7cb62 <unknown>\nE       #13 0x55af76d994c4 <unknown>\nE       #14 0x55af76d6113f <unknown>\nE       #15 0x55af76dbd6f8 <unknown>\nE       #16 0x55af76dbd8d6 <unknown>\nE       #17 0x55af76dce5a6 <unknown>\nE       #18 0x7ff69aa9caa4 <unknown>\nE       #19 0x7ff69ab29c3c <unknown>\n\n../../../.cache/pypoetry/virtualenvs/testcapitalcompyse-CcJ6hTD8-py3.12/lib/python3.12/site-packages/selenium/webdriver/remote/errorhandler.py:229: NoSuchElementException","steps":[{"name":"Start retest manual AT_55!514 The page with text \"Page Not Found ... doesnt exist or has been moved\" is displayed","time":{"start":1746497957019,"stop":1746498088951,"duration":131932},"status":"broken","statusMessage":"selenium.common.exceptions.NoSuchElementException: Message: no such element: Unable to locate element: {\"method\":\"css selector\",\"selector\":\"div#main-frame-error\"}\n  (Session info: chrome=135.0.7049.114); For documentation on this error, please visit: https://www.selenium.dev/documentation/webdriver/troubleshooting/errors#no-such-element-exception\nStacktrace:\n#0 0x55af76dcf75a <unknown>\n#1 0x55af768824b0 <unknown>\n#2 0x55af768d39b3 <unknown>\n#3 0x55af768d3ba1 <unknown>\n#4 0x55af769221f4 <unknown>\n#5 0x55af768f95bd <unknown>\n#6 0x55af7691f5e0 <unknown>\n#7 0x55af768f9363 <unknown>\n#8 0x55af768c5d63 <unknown>\n#9 0x55af768c69c1 <unknown>\n#10 0x55af76d94a6b <unknown>\n#11 0x55af76d98951 <unknown>\n#12 0x55af76d7cb62 <unknown>\n#13 0x55af76d994c4 <unknown>\n#14 0x55af76d6113f <unknown>\n#15 0x55af76dbd6f8 <unknown>\n#16 0x55af76dbd8d6 <unknown>\n#17 0x55af76dce5a6 <unknown>\n#18 0x7ff69aa9caa4 <unknown>\n#19 0x7ff69ab29c3c <unknown>\n\n","statusTrace":"  File \"/home/runner/.cache/pypoetry/virtualenvs/testcapitalcompyse-CcJ6hTD8-py3.12/lib/python3.12/site-packages/allure_commons/_allure.py\", line 192, in impl\n    return func(*a, **kw)\n           ^^^^^^^^^^^^^^\n  File \"/home/runner/work/TestCapitalComPySe/TestCapitalComPySe/tests/US_55_ReTestsManual/tassobaccato/US_55-tassobaccato_ReTestsManual_test.py\", line 737, in test_514\n    test_element.assert_()\n  File \"/home/runner/.cache/pypoetry/virtualenvs/testcapitalcompyse-CcJ6hTD8-py3.12/lib/python3.12/site-packages/allure_commons/_allure.py\", line 192, in impl\n    return func(*a, **kw)\n           ^^^^^^^^^^^^^^\n  File \"/home/runner/work/TestCapitalComPySe/TestCapitalComPySe/pages/BugsManual/bug_514.py\", line 99, in assert_\n    main_frame_error = self.driver.find_element(By.CSS_SELECTOR, 'div#main-frame-error')\n                       ^^^^^^^^^^^^^^^^^^^^^^^^^^^^^^^^^^^^^^^^^^^^^^^^^^^^^^^^^^^^^^^^^\n  File \"/home/runner/.cache/pypoetry/virtualenvs/testcapitalcompyse-CcJ6hTD8-py3.12/lib/python3.12/site-packages/selenium/webdriver/remote/webdriver.py\", line 766, in find_element\n    return self.execute(Command.FIND_ELEMENT, {\"using\": by, \"value\": value})[\"value\"]\n           ^^^^^^^^^^^^^^^^^^^^^^^^^^^^^^^^^^^^^^^^^^^^^^^^^^^^^^^^^^^^^^^^^\n  File \"/home/runner/.cache/pypoetry/virtualenvs/testcapitalcompyse-CcJ6hTD8-py3.12/lib/python3.12/site-packages/selenium/webdriver/remote/webdriver.py\", line 380, in execute\n    self.error_handler.check_response(response)\n  File \"/home/runner/.cache/pypoetry/virtualenvs/testcapitalcompyse-CcJ6hTD8-py3.12/lib/python3.12/site-packages/selenium/webdriver/remote/errorhandler.py\", line 229, in check_response\n    raise exception_class(message, screen, stacktrace)\n","steps":[{"name":"Build dynamic argument for TCs of US_55","time":{"start":1746497957019,"stop":1746497957021,"duration":2},"status":"passed","steps":[],"attachments":[],"parameters":[{"name":"d","value":"<selenium.webdriver.chrome.webdriver.WebDriver (session=\"ae71107b3d31e54a00adacf245989dc3\")>"},{"name":"worker_id","value":"'master'"},{"name":"cur_language","value":"''"},{"name":"cur_country","value":"'au'"},{"name":"cur_role","value":"'NoReg'"},{"name":"us","value":"'55'"},{"name":"desc_us","value":"'ReTests of Manual Detected Bugs'"},{"name":"num_tc","value":"'514'"},{"name":"desc_tc","value":"'The page with text \"Page Not Found ... doesnt exist or has been moved\" is opened after clicking on [announced] link in the article \"Solana price prediction: Can SOL rebound?\" when selected ASIC license'"},{"name":"manual","value":"False"},{"name":"new_layout","value":"False"}],"shouldDisplayMessage":false,"stepsCount":0,"attachmentsCount":0,"hasContent":true,"attachmentStep":false},{"name":"   Set New preconditions","time":{"start":1746497957021,"stop":1746497977262,"duration":20241},"status":"passed","steps":[{"name":"2025-05-06 01:34:10.434616   Set language and country","time":{"start":1746497969767,"stop":1746497972206,"duration":2439},"status":"passed","steps":[],"attachments":[],"parameters":[{"name":"d","value":"<selenium.webdriver.chrome.webdriver.WebDriver (session=\"ae71107b3d31e54a00adacf245989dc3\")>"},{"name":"cur_language","value":"'en'"},{"name":"cur_country","value":"'au'"}],"shouldDisplayMessage":false,"stepsCount":0,"attachmentsCount":0,"hasContent":true,"attachmentStep":false}],"attachments":[],"parameters":[{"name":"d","value":"<selenium.webdriver.chrome.webdriver.WebDriver (session=\"ae71107b3d31e54a00adacf245989dc3\")>"},{"name":"host","value":"'https://capital.com/en-gb'"},{"name":"end_point","value":"''"},{"name":"cur_language","value":"''"},{"name":"cur_country","value":"'au'"},{"name":"cur_role","value":"'NoReg'"},{"name":"cur_login","value":"'test001.miketar+1@gmail.com'"},{"name":"cur_password","value":"'Qwer1234-!@#$'"}],"shouldDisplayMessage":false,"stepsCount":1,"attachmentsCount":0,"hasContent":true,"attachmentStep":false},{"name":"Select \"Markets\" menu, \"Market analysis\" submenu","time":{"start":1746497977262,"stop":1746497985211,"duration":7949},"status":"passed","steps":[],"attachments":[],"parameters":[{"name":"d","value":"<selenium.webdriver.chrome.webdriver.WebDriver (session=\"ae71107b3d31e54a00adacf245989dc3\")>"},{"name":"cur_language","value":"''"},{"name":"cur_country","value":"'au'"},{"name":"link","value":"'https://capital.com/en-au'"}],"shouldDisplayMessage":false,"stepsCount":0,"attachmentsCount":0,"hasContent":true,"attachmentStep":false},{"name":"2025-05-06 01:34:10.286205   Start testing that the page with 'Maple crypto-lending' content is opened‚Äù","time":{"start":1746497985211,"stop":1746498083500,"duration":98289},"status":"passed","steps":[],"attachments":[],"parameters":[{"name":"d","value":"<selenium.webdriver.chrome.webdriver.WebDriver (session=\"ae71107b3d31e54a00adacf245989dc3\")>"},{"name":"cur_item_link","value":"'https://capital.com/en-au/analysis'"},{"name":"cur_link","value":"'https://capital.com/en-au'"}],"shouldDisplayMessage":false,"stepsCount":0,"attachmentsCount":0,"hasContent":true,"attachmentStep":false},{"name":"2025-05-06 01:34:10.286230   Assert","time":{"start":1746498083695,"stop":1746498088950,"duration":5255},"status":"broken","statusMessage":"selenium.common.exceptions.NoSuchElementException: Message: no such element: Unable to locate element: {\"method\":\"css selector\",\"selector\":\"div#main-frame-error\"}\n  (Session info: chrome=135.0.7049.114); For documentation on this error, please visit: https://www.selenium.dev/documentation/webdriver/troubleshooting/errors#no-such-element-exception\nStacktrace:\n#0 0x55af76dcf75a <unknown>\n#1 0x55af768824b0 <unknown>\n#2 0x55af768d39b3 <unknown>\n#3 0x55af768d3ba1 <unknown>\n#4 0x55af769221f4 <unknown>\n#5 0x55af768f95bd <unknown>\n#6 0x55af7691f5e0 <unknown>\n#7 0x55af768f9363 <unknown>\n#8 0x55af768c5d63 <unknown>\n#9 0x55af768c69c1 <unknown>\n#10 0x55af76d94a6b <unknown>\n#11 0x55af76d98951 <unknown>\n#12 0x55af76d7cb62 <unknown>\n#13 0x55af76d994c4 <unknown>\n#14 0x55af76d6113f <unknown>\n#15 0x55af76dbd6f8 <unknown>\n#16 0x55af76dbd8d6 <unknown>\n#17 0x55af76dce5a6 <unknown>\n#18 0x7ff69aa9caa4 <unknown>\n#19 0x7ff69ab29c3c <unknown>\n\n","statusTrace":"  File \"/home/runner/.cache/pypoetry/virtualenvs/testcapitalcompyse-CcJ6hTD8-py3.12/lib/python3.12/site-packages/allure_commons/_allure.py\", line 192, in impl\n    return func(*a, **kw)\n           ^^^^^^^^^^^^^^\n  File \"/home/runner/work/TestCapitalComPySe/TestCapitalComPySe/pages/BugsManual/bug_514.py\", line 99, in assert_\n    main_frame_error = self.driver.find_element(By.CSS_SELECTOR, 'div#main-frame-error')\n                       ^^^^^^^^^^^^^^^^^^^^^^^^^^^^^^^^^^^^^^^^^^^^^^^^^^^^^^^^^^^^^^^^^\n  File \"/home/runner/.cache/pypoetry/virtualenvs/testcapitalcompyse-CcJ6hTD8-py3.12/lib/python3.12/site-packages/selenium/webdriver/remote/webdriver.py\", line 766, in find_element\n    return self.execute(Command.FIND_ELEMENT, {\"using\": by, \"value\": value})[\"value\"]\n           ^^^^^^^^^^^^^^^^^^^^^^^^^^^^^^^^^^^^^^^^^^^^^^^^^^^^^^^^^^^^^^^^^\n  File \"/home/runner/.cache/pypoetry/virtualenvs/testcapitalcompyse-CcJ6hTD8-py3.12/lib/python3.12/site-packages/selenium/webdriver/remote/webdriver.py\", line 380, in execute\n    self.error_handler.check_response(response)\n  File \"/home/runner/.cache/pypoetry/virtualenvs/testcapitalcompyse-CcJ6hTD8-py3.12/lib/python3.12/site-packages/selenium/webdriver/remote/errorhandler.py\", line 229, in check_response\n    raise exception_class(message, screen, stacktrace)\n","steps":[],"attachments":[{"uid":"71a07a7e67ad1090","name":"scr_qr","source":"71a07a7e67ad1090.png","type":"image/png","size":90942}],"parameters":[],"shouldDisplayMessage":true,"stepsCount":0,"attachmentsCount":1,"hasContent":true,"attachmentStep":false}],"attachments":[],"parameters":[{"name":"worker_id","value":"'master'"},{"name":"d","value":"<selenium.webdriver.chrome.webdriver.WebDriver (session=\"ae71107b3d31e54a00adacf245989dc3\")>"},{"name":"cur_language","value":"''"},{"name":"cur_country","value":"'au'"},{"name":"cur_role","value":"'NoReg'"},{"name":"cur_login","value":"'test001.miketar+1@gmail.com'"},{"name":"cur_password","value":"'Qwer1234-!@#$'"}],"shouldDisplayMessage":false,"stepsCount":6,"attachmentsCount":1,"hasContent":true,"attachmentStep":false}],"attachments":[{"uid":"c2bb853ff9e3a747","name":"Screenshot","source":"c2bb853ff9e3a747.png","type":"image/png","size":90942},{"uid":"a755a1e1f82f60ad","name":"log","source":"a755a1e1f82f60ad.txt","type":"text/plain","size":2818},{"uid":"28c862bc25e9e9c7","name":"stdout","source":"28c862bc25e9e9c7.txt","type":"text/plain","size":6282}],"parameters":[],"shouldDisplayMessage":true,"stepsCount":7,"attachmentsCount":4,"hasContent":true,"attachmentStep":false},"afterStages":[{"name":"d::0","time":{"start":1746499737990,"stop":1746499738390,"duration":400},"status":"passed","steps":[],"attachments":[],"parameters":[],"shouldDisplayMessage":false,"stepsCount":0,"attachmentsCount":0,"hasContent":false,"attachmentStep":false}],"labels":[{"name":"epic","value":"TC_55!514 | The page with text \"Page Not Found ... doesnt exist or has been moved\" is opened after clicking on [announced] link in the article \"Solana price prediction: Can SOL rebound?\" when selected ASIC license"},{"name":"feature","value":"Role: NoReg"},{"name":"story","value":"Country: au"},{"name":"tag","value":"bug_514"},{"name":"tag","value":"us_55"},{"name":"parentSuite","value":"tests.US_55_ReTestsManual.tassobaccato"},{"name":"suite","value":"US_55-tassobaccato_ReTestsManual_test"},{"name":"subSuite","value":"TestManualDetectedBugs"},{"name":"host","value":"fv-az1283-859"},{"name":"thread","value":"24544-MainThread"},{"name":"framework","value":"pytest"},{"name":"language","value":"cpython3"},{"name":"package","value":"tests.US_55_ReTestsManual.tassobaccato.US_55-tassobaccato_ReTestsManual_test"},{"name":"resultFormat","value":"allure2"}],"parameters":[{"name":"cur_country","value":"'au'"},{"name":"cur_language","value":"''"},{"name":"cur_login","value":"'test001.miketar+1@gmail.com'"},{"name":"cur_password","value":"'Qwer1234-!@#$'"},{"name":"cur_role","value":"'NoReg'"},{"name":"d","value":"'Chrome'"}],"links":[],"hidden":false,"retry":false,"extra":{"severity":"normal","retries":[],"categories":[{"name":"Test defects","matchedStatuses":[],"flaky":false}],"history":{"statistic":{"failed":0,"broken":9,"skipped":0,"passed":0,"unknown":0,"total":9},"items":[{"uid":"eefecefcc2ce91b9","reportUrl":"https://AlexTomAQA.github.io/TestCapitalComPySe/399//#testresult/eefecefcc2ce91b9","status":"broken","statusDetails":"selenium.common.exceptions.NoSuchElementException: Message: no such element: Unable to locate element: {\"method\":\"css selector\",\"selector\":\"div#main-frame-error\"}\n  (Session info: chrome=135.0.7049.114); For documentation on this error, please visit: https://www.selenium.dev/documentation/webdriver/troubleshooting/errors#no-such-element-exception\nStacktrace:\n#0 0x56201c86d75a <unknown>\n#1 0x56201c3204b0 <unknown>\n#2 0x56201c3719b3 <unknown>\n#3 0x56201c371ba1 <unknown>\n#4 0x56201c3c01f4 <unknown>\n#5 0x56201c3975bd <unknown>\n#6 0x56201c3bd5e0 <unknown>\n#7 0x56201c397363 <unknown>\n#8 0x56201c363d63 <unknown>\n#9 0x56201c3649c1 <unknown>\n#10 0x56201c832a6b <unknown>\n#11 0x56201c836951 <unknown>\n#12 0x56201c81ab62 <unknown>\n#13 0x56201c8374c4 <unknown>\n#14 0x56201c7ff13f <unknown>\n#15 0x56201c85b6f8 <unknown>\n#16 0x56201c85b8d6 <unknown>\n#17 0x56201c86c5a6 <unknown>\n#18 0x7f151d89caa4 <unknown>\n#19 0x7f151d929c3c <unknown>","time":{"start":1746412091871,"stop":1746412228642,"duration":136771}},{"uid":"c73967e605147068","reportUrl":"https://AlexTomAQA.github.io/TestCapitalComPySe/398//#testresult/c73967e605147068","status":"broken","statusDetails":"selenium.common.exceptions.NoSuchElementException: Message: no such element: Unable to locate element: {\"method\":\"css selector\",\"selector\":\"div#main-frame-error\"}\n  (Session info: chrome=135.0.7049.114); For documentation on this error, please visit: https://www.selenium.dev/documentation/webdriver/troubleshooting/errors#no-such-element-exception\nStacktrace:\n#0 0x5625f493575a <unknown>\n#1 0x5625f43e84b0 <unknown>\n#2 0x5625f44399b3 <unknown>\n#3 0x5625f4439ba1 <unknown>\n#4 0x5625f44881f4 <unknown>\n#5 0x5625f445f5bd <unknown>\n#6 0x5625f44855e0 <unknown>\n#7 0x5625f445f363 <unknown>\n#8 0x5625f442bd63 <unknown>\n#9 0x5625f442c9c1 <unknown>\n#10 0x5625f48faa6b <unknown>\n#11 0x5625f48fe951 <unknown>\n#12 0x5625f48e2b62 <unknown>\n#13 0x5625f48ff4c4 <unknown>\n#14 0x5625f48c713f <unknown>\n#15 0x5625f49236f8 <unknown>\n#16 0x5625f49238d6 <unknown>\n#17 0x5625f49345a6 <unknown>\n#18 0x7f741889caa4 <unknown>\n#19 0x7f7418929c3c <unknown>","time":{"start":1746325207391,"stop":1746325334618,"duration":127227}},{"uid":"1fd3020a2d8f1942","reportUrl":"https://AlexTomAQA.github.io/TestCapitalComPySe/397//#testresult/1fd3020a2d8f1942","status":"broken","statusDetails":"selenium.common.exceptions.NoSuchElementException: Message: no such element: Unable to locate element: {\"method\":\"css selector\",\"selector\":\".tableOfContent_frame__1c2SI\"}\n  (Session info: chrome=135.0.7049.114); For documentation on this error, please visit: https://www.selenium.dev/documentation/webdriver/troubleshooting/errors#no-such-element-exception\nStacktrace:\n#0 0x561361bda75a <unknown>\n#1 0x56136168d4b0 <unknown>\n#2 0x5613616de9b3 <unknown>\n#3 0x5613616deba1 <unknown>\n#4 0x56136172d1f4 <unknown>\n#5 0x5613617045bd <unknown>\n#6 0x56136172a5e0 <unknown>\n#7 0x561361704363 <unknown>\n#8 0x5613616d0d63 <unknown>\n#9 0x5613616d19c1 <unknown>\n#10 0x561361b9fa6b <unknown>\n#11 0x561361ba3951 <unknown>\n#12 0x561361b87b62 <unknown>\n#13 0x561361ba44c4 <unknown>\n#14 0x561361b6c13f <unknown>\n#15 0x561361bc86f8 <unknown>\n#16 0x561361bc88d6 <unknown>\n#17 0x561361bd95a6 <unknown>\n#18 0x7efddf69caa4 <unknown>\n#19 0x7efddf729c3c <unknown>","time":{"start":1746239611351,"stop":1746239767683,"duration":156332}},{"uid":"81404c135f4dc3a7","reportUrl":"https://AlexTomAQA.github.io/TestCapitalComPySe/396//#testresult/81404c135f4dc3a7","status":"broken","statusDetails":"selenium.common.exceptions.NoSuchElementException: Message: no such element: Unable to locate element: {\"method\":\"css selector\",\"selector\":\"div#main-frame-error\"}\n  (Session info: chrome=135.0.7049.114); For documentation on this error, please visit: https://www.selenium.dev/documentation/webdriver/troubleshooting/errors#no-such-element-exception\nStacktrace:\n#0 0x55e2f67de75a <unknown>\n#1 0x55e2f62914b0 <unknown>\n#2 0x55e2f62e29b3 <unknown>\n#3 0x55e2f62e2ba1 <unknown>\n#4 0x55e2f63311f4 <unknown>\n#5 0x55e2f63085bd <unknown>\n#6 0x55e2f632e5e0 <unknown>\n#7 0x55e2f6308363 <unknown>\n#8 0x55e2f62d4d63 <unknown>\n#9 0x55e2f62d59c1 <unknown>\n#10 0x55e2f67a3a6b <unknown>\n#11 0x55e2f67a7951 <unknown>\n#12 0x55e2f678bb62 <unknown>\n#13 0x55e2f67a84c4 <unknown>\n#14 0x55e2f677013f <unknown>\n#15 0x55e2f67cc6f8 <unknown>\n#16 0x55e2f67cc8d6 <unknown>\n#17 0x55e2f67dd5a6 <unknown>\n#18 0x7fb78349caa4 <unknown>\n#19 0x7fb783529c3c <unknown>","time":{"start":1746152179710,"stop":1746152306181,"duration":126471}},{"uid":"a62d3856c503ca52","reportUrl":"https://AlexTomAQA.github.io/TestCapitalComPySe/395//#testresult/a62d3856c503ca52","status":"broken","statusDetails":"selenium.common.exceptions.NoSuchElementException: Message: no such element: Unable to locate element: {\"method\":\"css selector\",\"selector\":\"div#main-frame-error\"}\n  (Session info: chrome=135.0.7049.114); For documentation on this error, please visit: https://www.selenium.dev/documentation/webdriver/troubleshooting/errors#no-such-element-exception\nStacktrace:\n#0 0x562957a1c75a <unknown>\n#1 0x5629574cf4b0 <unknown>\n#2 0x5629575209b3 <unknown>\n#3 0x562957520ba1 <unknown>\n#4 0x56295756f1f4 <unknown>\n#5 0x5629575465bd <unknown>\n#6 0x56295756c5e0 <unknown>\n#7 0x562957546363 <unknown>\n#8 0x562957512d63 <unknown>\n#9 0x5629575139c1 <unknown>\n#10 0x5629579e1a6b <unknown>\n#11 0x5629579e5951 <unknown>\n#12 0x5629579c9b62 <unknown>\n#13 0x5629579e64c4 <unknown>\n#14 0x5629579ae13f <unknown>\n#15 0x562957a0a6f8 <unknown>\n#16 0x562957a0a8d6 <unknown>\n#17 0x562957a1b5a6 <unknown>\n#18 0x7f9b65a9caa4 <unknown>\n#19 0x7f9b65b29c3c <unknown>","time":{"start":1746065624305,"stop":1746065750615,"duration":126310}},{"uid":"abc60fb89af0da2e","reportUrl":"https://AlexTomAQA.github.io/TestCapitalComPySe/394//#testresult/abc60fb89af0da2e","status":"broken","statusDetails":"selenium.common.exceptions.NoSuchElementException: Message: no such element: Unable to locate element: {\"method\":\"css selector\",\"selector\":\".tableOfContent_frame__1c2SI\"}\n  (Session info: chrome=135.0.7049.114); For documentation on this error, please visit: https://www.selenium.dev/documentation/webdriver/troubleshooting/errors#no-such-element-exception\nStacktrace:\n#0 0x5605a0d8775a <unknown>\n#1 0x5605a083a4b0 <unknown>\n#2 0x5605a088b9b3 <unknown>\n#3 0x5605a088bba1 <unknown>\n#4 0x5605a08da1f4 <unknown>\n#5 0x5605a08b15bd <unknown>\n#6 0x5605a08d75e0 <unknown>\n#7 0x5605a08b1363 <unknown>\n#8 0x5605a087dd63 <unknown>\n#9 0x5605a087e9c1 <unknown>\n#10 0x5605a0d4ca6b <unknown>\n#11 0x5605a0d50951 <unknown>\n#12 0x5605a0d34b62 <unknown>\n#13 0x5605a0d514c4 <unknown>\n#14 0x5605a0d1913f <unknown>\n#15 0x5605a0d756f8 <unknown>\n#16 0x5605a0d758d6 <unknown>\n#17 0x5605a0d865a6 <unknown>\n#18 0x7f544c49caa4 <unknown>\n#19 0x7f544c529c3c <unknown>","time":{"start":1745980405031,"stop":1745980560971,"duration":155940}},{"uid":"ffa397d3331ac9f6","reportUrl":"https://AlexTomAQA.github.io/TestCapitalComPySe/393//#testresult/ffa397d3331ac9f6","status":"broken","statusDetails":"selenium.common.exceptions.NoSuchElementException: Message: no such element: Unable to locate element: {\"method\":\"css selector\",\"selector\":\"div#main-frame-error\"}\n  (Session info: chrome=135.0.7049.95); For documentation on this error, please visit: https://www.selenium.dev/documentation/webdriver/troubleshooting/errors#no-such-element-exception\nStacktrace:\n#0 0x55c378c5b75a <unknown>\n#1 0x55c37870e4b0 <unknown>\n#2 0x55c37875f9b3 <unknown>\n#3 0x55c37875fba1 <unknown>\n#4 0x55c3787ae1f4 <unknown>\n#5 0x55c3787855bd <unknown>\n#6 0x55c3787ab5e0 <unknown>\n#7 0x55c378785363 <unknown>\n#8 0x55c378751d63 <unknown>\n#9 0x55c3787529c1 <unknown>\n#10 0x55c378c20a6b <unknown>\n#11 0x55c378c24951 <unknown>\n#12 0x55c378c08b62 <unknown>\n#13 0x55c378c254c4 <unknown>\n#14 0x55c378bed13f <unknown>\n#15 0x55c378c496f8 <unknown>\n#16 0x55c378c498d6 <unknown>\n#17 0x55c378c5a5a6 <unknown>\n#18 0x7f6599c9caa4 <unknown>\n#19 0x7f6599d29c3c <unknown>","time":{"start":1745894314524,"stop":1745894437331,"duration":122807}},{"uid":"feb0b3e14e4a7f9","reportUrl":"https://AlexTomAQA.github.io/TestCapitalComPySe/392//#testresult/feb0b3e14e4a7f9","status":"broken","statusDetails":"selenium.common.exceptions.NoSuchElementException: Message: no such element: Unable to locate element: {\"method\":\"css selector\",\"selector\":\"div#main-frame-error\"}\n  (Session info: chrome=135.0.7049.95); For documentation on this error, please visit: https://www.selenium.dev/documentation/webdriver/troubleshooting/errors#no-such-element-exception\nStacktrace:\n#0 0x56356004175a <unknown>\n#1 0x56355faf44b0 <unknown>\n#2 0x56355fb459b3 <unknown>\n#3 0x56355fb45ba1 <unknown>\n#4 0x56355fb941f4 <unknown>\n#5 0x56355fb6b5bd <unknown>\n#6 0x56355fb915e0 <unknown>\n#7 0x56355fb6b363 <unknown>\n#8 0x56355fb37d63 <unknown>\n#9 0x56355fb389c1 <unknown>\n#10 0x563560006a6b <unknown>\n#11 0x56356000a951 <unknown>\n#12 0x56355ffeeb62 <unknown>\n#13 0x56356000b4c4 <unknown>\n#14 0x56355ffd313f <unknown>\n#15 0x56356002f6f8 <unknown>\n#16 0x56356002f8d6 <unknown>\n#17 0x5635600405a6 <unknown>\n#18 0x7f532f49caa4 <unknown>\n#19 0x7f532f529c3c <unknown>","time":{"start":1745808055450,"stop":1745808177545,"duration":122095}}]},"tags":["us_55","bug_514"]},"source":"6757b3a80e4b3c44.json","parameterValues":["'au'","''","'test001.miketar+1@gmail.com'","'Qwer1234-!@#$'","'NoReg'","'Chrome'"]}