2024-10-13 23:39:42 ERROR Elements not present after 0.5 seconds on page: https://capital.com/ar/mla-mhtrfyn
2024-10-13 23:39:42 ERROR 
Traceback (most recent call last):
  File "/home/runner/work/TestCapitalComPySe/TestCapitalComPySe/pages/base_page.py", line 86, in inner_function
    return func(*args, **kwargs)
           ^^^^^^^^^^^^^^^^^^^^^
  File "/home/runner/work/TestCapitalComPySe/TestCapitalComPySe/pages/base_page.py", line 305, in element_is_visible
    return Wait(self.driver, timeout).until(
           ^^^^^^^^^^^^^^^^^^^^^^^^^^^^^^^^^
  File "/home/runner/.cache/pypoetry/virtualenvs/testcapitalcompyse-CcJ6hTD8-py3.12/lib/python3.12/site-packages/selenium/webdriver/support/wait.py", line 105, in until
    raise TimeoutException(message, screen, stacktrace)
selenium.common.exceptions.TimeoutException: Message: 
Stacktrace:
#0 0x55b8ccd21b9a <unknown>
#1 0x55b8cca07670 <unknown>
#2 0x55b8cca56c48 <unknown>
#3 0x55b8cca56ee1 <unknown>
#4 0x55b8cca9d924 <unknown>
#5 0x55b8cca7bbad <unknown>
#6 0x55b8cca9add6 <unknown>
#7 0x55b8cca7b923 <unknown>
#8 0x55b8cca496e7 <unknown>
#9 0x55b8cca4a6de <unknown>
#10 0x55b8ccceb66b <unknown>
#11 0x55b8cccef611 <unknown>
#12 0x55b8cccd74e5 <unknown>
#13 0x55b8cccf0192 <unknown>
#14 0x55b8cccbc6ef <unknown>
#15 0x55b8ccd109d8 <unknown>
#16 0x55b8ccd10ba7 <unknown>
#17 0x55b8ccd209ec <unknown>
#18 0x7faee4e94ac3 <unknown>