2024-07-12 18:53:53 ERROR Elements not present after 0.5 seconds on page: https://capital.com/nl/search
2024-07-12 18:53:53 ERROR 
Traceback (most recent call last):
  File "/home/runner/work/TestCapitalComPySe/TestCapitalComPySe/pages/base_page.py", line 86, in inner_function
    return func(*args, **kwargs)
           ^^^^^^^^^^^^^^^^^^^^^
  File "/home/runner/work/TestCapitalComPySe/TestCapitalComPySe/pages/base_page.py", line 305, in element_is_visible
    return Wait(self.driver, timeout).until(
           ^^^^^^^^^^^^^^^^^^^^^^^^^^^^^^^^^
  File "/home/runner/.cache/pypoetry/virtualenvs/testcapitalcompyse-CcJ6hTD8-py3.12/lib/python3.12/site-packages/selenium/webdriver/support/wait.py", line 105, in until
    raise TimeoutException(message, screen, stacktrace)
selenium.common.exceptions.TimeoutException: Message: 
Stacktrace:
#0 0x55ca1eb35c7a <unknown>
#1 0x55ca1e818e2c <unknown>
#2 0x55ca1e865661 <unknown>
#3 0x55ca1e865751 <unknown>
#4 0x55ca1e8a9f64 <unknown>
#5 0x55ca1e8885ed <unknown>
#6 0x55ca1e8a7303 <unknown>
#7 0x55ca1e888363 <unknown>
#8 0x55ca1e858247 <unknown>
#9 0x55ca1e858b9e <unknown>
#10 0x55ca1eafc24b <unknown>
#11 0x55ca1eb002f1 <unknown>
#12 0x55ca1eae7afe <unknown>
#13 0x55ca1eb00e52 <unknown>
#14 0x55ca1eacc79f <unknown>
#15 0x55ca1eb25638 <unknown>
#16 0x55ca1eb25810 <unknown>
#17 0x55ca1eb34dac <unknown>
#18 0x7fb17a694ac3 <unknown>