{"uid":"f8dae3ae357d80f8","name":"TC_55!322b (Lang: en) | Bid:55!322b-en.ae.NoAuth","fullName":"tests.US_55_ReTestsManual.tassobaccato.US_55-tassobaccato_ReTestsManual_test.TestManualDetectedBugs#test_322b","historyId":"6bb21093e5e602e29a1ec75a23f40565","time":{"start":1734569923100,"stop":1734569951519,"duration":28419},"description":"\n        Check: Clicking [numeric values] in the Buy column in Menu tittle Markets does not open the\n                Sign-Up /Login form or page of the corresponding trading instrument on the trading platform using\n                English or Arabic language.\n        Language: EN, AR\n        License: SCA\n        Author: Kasila\n        ","descriptionHtml":"<pre><code>    Check: Clicking [numeric values] in the Buy column in Menu tittle Markets does not open the\n            Sign-Up /Login form or page of the corresponding trading instrument on the trading platform using\n            English or Arabic language.\n    Language: EN, AR\n    License: SCA\n    Author: Kasila\n</code></pre>\n","status":"failed","statusMessage":"Failed: Bug # 55!322 \nExpected result: Login form is opened\nActual result: Login form is not opened","statusTrace":"self = <pages.BugsManual.bug_322.AssertTPI object at 0x7f4e0e724e30>\nd = <selenium.webdriver.chrome.webdriver.WebDriver (session=\"08d67c5f69b9bf4a931ebe672a20dfc7\")>\n\n    def assert_login(self, d):\n        print(f\"\\n{datetime.now()}   3. Assert\")\n    \n        try:\n>           login_form = self.driver.find_element(By.XPATH, '//strong/span[contains(text(), \"Login\")]')\n\npages/BugsManual/bug_322.py:123: \n_ _ _ _ _ _ _ _ _ _ _ _ _ _ _ _ _ _ _ _ _ _ _ _ _ _ _ _ _ _ _ _ _ _ _ _ _ _ _ _ \n../../../.cache/pypoetry/virtualenvs/testcapitalcompyse-CcJ6hTD8-py3.12/lib/python3.12/site-packages/selenium/webdriver/remote/webdriver.py:766: in find_element\n    return self.execute(Command.FIND_ELEMENT, {\"using\": by, \"value\": value})[\"value\"]\n../../../.cache/pypoetry/virtualenvs/testcapitalcompyse-CcJ6hTD8-py3.12/lib/python3.12/site-packages/selenium/webdriver/remote/webdriver.py:380: in execute\n    self.error_handler.check_response(response)\n_ _ _ _ _ _ _ _ _ _ _ _ _ _ _ _ _ _ _ _ _ _ _ _ _ _ _ _ _ _ _ _ _ _ _ _ _ _ _ _ \n\nself = <selenium.webdriver.remote.errorhandler.ErrorHandler object at 0x7f4e0f15a210>\nresponse = {'status': 404, 'value': '{\"value\":{\"error\":\"no such element\",\"message\":\"no such element: Unable to locate element: {\\...\\\\n#17 0x56030548f776 \\\\u003Cunknown>\\\\n#18 0x7f928e09ca94 \\\\u003Cunknown>\\\\n#19 0x7f928e129c3c \\\\u003Cunknown>\\\\n\"}}'}\n\n    def check_response(self, response: Dict[str, Any]) -> None:\n        \"\"\"Checks that a JSON response from the WebDriver does not have an\n        error.\n    \n        :Args:\n         - response - The JSON response from the WebDriver server as a dictionary\n           object.\n    \n        :Raises: If the response contains an error message.\n        \"\"\"\n        status = response.get(\"status\", None)\n        if not status or status == ErrorCode.SUCCESS:\n            return\n        value = None\n        message = response.get(\"message\", \"\")\n        screen: str = response.get(\"screen\", \"\")\n        stacktrace = None\n        if isinstance(status, int):\n            value_json = response.get(\"value\", None)\n            if value_json and isinstance(value_json, str):\n                import json\n    \n                try:\n                    value = json.loads(value_json)\n                    if len(value) == 1:\n                        value = value[\"value\"]\n                    status = value.get(\"error\", None)\n                    if not status:\n                        status = value.get(\"status\", ErrorCode.UNKNOWN_ERROR)\n                        message = value.get(\"value\") or value.get(\"message\")\n                        if not isinstance(message, str):\n                            value = message\n                            message = message.get(\"message\")\n                    else:\n                        message = value.get(\"message\", None)\n                except ValueError:\n                    pass\n    \n        exception_class: Type[WebDriverException]\n        e = ErrorCode()\n        error_codes = [item for item in dir(e) if not item.startswith(\"__\")]\n        for error_code in error_codes:\n            error_info = getattr(ErrorCode, error_code)\n            if isinstance(error_info, list) and status in error_info:\n                exception_class = getattr(ExceptionMapping, error_code, WebDriverException)\n                break\n        else:\n            exception_class = WebDriverException\n    \n        if not value:\n            value = response[\"value\"]\n        if isinstance(value, str):\n            raise exception_class(value)\n        if message == \"\" and \"message\" in value:\n            message = value[\"message\"]\n    \n        screen = None  # type: ignore[assignment]\n        if \"screen\" in value:\n            screen = value[\"screen\"]\n    \n        stacktrace = None\n        st_value = value.get(\"stackTrace\") or value.get(\"stacktrace\")\n        if st_value:\n            if isinstance(st_value, str):\n                stacktrace = st_value.split(\"\\n\")\n            else:\n                stacktrace = []\n                try:\n                    for frame in st_value:\n                        line = frame.get(\"lineNumber\", \"\")\n                        file = frame.get(\"fileName\", \"<anonymous>\")\n                        if line:\n                            file = f\"{file}:{line}\"\n                        meth = frame.get(\"methodName\", \"<anonymous>\")\n                        if \"className\" in frame:\n                            meth = f\"{frame['className']}.{meth}\"\n                        msg = \"    at %s (%s)\"\n                        msg = msg % (meth, file)\n                        stacktrace.append(msg)\n                except TypeError:\n                    pass\n        if exception_class == UnexpectedAlertPresentException:\n            alert_text = None\n            if \"data\" in value:\n                alert_text = value[\"data\"].get(\"text\")\n            elif \"alert\" in value:\n                alert_text = value[\"alert\"].get(\"text\")\n            raise exception_class(message, screen, stacktrace, alert_text)  # type: ignore[call-arg]  # mypy is not smart enough here\n>       raise exception_class(message, screen, stacktrace)\nE       selenium.common.exceptions.NoSuchElementException: Message: no such element: Unable to locate element: {\"method\":\"xpath\",\"selector\":\"//strong/span[contains(text(), \"Login\")]\"}\nE         (Session info: chrome=131.0.6778.139); For documentation on this error, please visit: https://www.selenium.dev/documentation/webdriver/troubleshooting/errors#no-such-element-exception\nE       Stacktrace:\nE       #0 0x5603054908fa <unknown>\nE       #1 0x560304fa1d20 <unknown>\nE       #2 0x560304ff0a66 <unknown>\nE       #3 0x560304ff0d01 <unknown>\nE       #4 0x560305036184 <unknown>\nE       #5 0x560305014b1d <unknown>\nE       #6 0x560305033560 <unknown>\nE       #7 0x560305014893 <unknown>\nE       #8 0x560304fe330d <unknown>\nE       #9 0x560304fe432e <unknown>\nE       #10 0x56030545d00b <unknown>\nE       #11 0x560305460f97 <unknown>\nE       #12 0x56030544971c <unknown>\nE       #13 0x560305461b17 <unknown>\nE       #14 0x56030542e6cf <unknown>\nE       #15 0x56030547f6b8 <unknown>\nE       #16 0x56030547f880 <unknown>\nE       #17 0x56030548f776 <unknown>\nE       #18 0x7f928e09ca94 <unknown>\nE       #19 0x7f928e129c3c <unknown>\n\n../../../.cache/pypoetry/virtualenvs/testcapitalcompyse-CcJ6hTD8-py3.12/lib/python3.12/site-packages/selenium/webdriver/remote/errorhandler.py:229: NoSuchElementException\n\nDuring handling of the above exception, another exception occurred:\n\nself = <US_55-tassobaccato_ReTestsManual_test.TestManualDetectedBugs object at 0x7f4e0f3156a0>\nworker_id = 'master'\nd = <selenium.webdriver.chrome.webdriver.WebDriver (session=\"08d67c5f69b9bf4a931ebe672a20dfc7\")>\ncur_language = '', cur_country = 'ae', cur_role = 'NoAuth'\ncur_login = 'test001.miketar+1@gmail.com', cur_password = 'Qwer1234-!@#$'\ntitle_instrument = ''\n\n    @allure.step(\n        'Start retest manual AT_55!322b that the Sign Up/Login/page of the corresponding trading instrument on '\n        'the trading platform is opened after clicking [numeric values] in the Buy column.')\n    @pytest.mark.parametrize('cur_language', ['', 'ar'])\n    @pytest.mark.parametrize('cur_country', ['ae'])\n    @pytest.mark.parametrize('cur_role', [\"NoReg\", \"Auth\", \"NoAuth\"])\n    @pytest.mark.parametrize('title_instrument', [''])\n    @pytest.mark.bug_322b\n    def test_322b(self, worker_id, d, cur_language, cur_country, cur_role, cur_login, cur_password, title_instrument):\n        \"\"\"\n        Check: Clicking [numeric values] in the Buy column in Menu tittle Markets does not open the\n                Sign-Up /Login form or page of the corresponding trading instrument on the trading platform using\n                English or Arabic language.\n        Language: EN, AR\n        License: SCA\n        Author: Kasila\n        \"\"\"\n    \n        bid = build_dynamic_arg_for_us_55(\n            d, worker_id, cur_language, cur_country, cur_role,\n            \"55\", \"ReTests of Manual Detected Bugs\",\n            \"322b\", 'The Sign Up/Login/page of the corresponding trading instrument on the trading platform'\n                   ' is not opened after clicking [numeric values] in the Buy column'\n        )\n    \n        match cur_language:\n            case '':\n                link = apply_preconditions_to_link(d, cur_language, cur_country, cur_role, cur_login, cur_password)\n                menu = MenuNewMarkets(d, link)\n                cur_item_link = menu.from_markets_menu_open_markets(d, cur_language, cur_country, link)\n                test_element = TradingInstrumentsMarkets(d, cur_item_link, bid)\n                test_element.trading_instruments(d, cur_item_link)\n                test_element.click_button_buy(d)\n                test_element = AssertTPI(d, cur_item_link, title_instrument)\n                match cur_role:\n                    case 'NoReg':\n                        test_element.assert_signup(d)\n                    case 'NoAuth':\n>                       test_element.assert_login(d)\n\ntests/US_55_ReTestsManual/tassobaccato/US_55-tassobaccato_ReTestsManual_test.py:318: \n_ _ _ _ _ _ _ _ _ _ _ _ _ _ _ _ _ _ _ _ _ _ _ _ _ _ _ _ _ _ _ _ _ _ _ _ _ _ _ _ \npages/BugsManual/bug_322.py:129: in assert_login\n    Common.pytest_fail(\"Bug # 55!322 \"\n_ _ _ _ _ _ _ _ _ _ _ _ _ _ _ _ _ _ _ _ _ _ _ _ _ _ _ _ _ _ _ _ _ _ _ _ _ _ _ _ \n\nmsg = 'Bug # 55!322 \\nExpected result: Login form is opened\\nActual result: Login form is not opened'\n\n    @staticmethod\n    def pytest_fail(msg):\n    \tCommon.flag_of_bug = True\n>   \tpytest.fail(msg)\nE    Failed: Bug # 55!322 \nE    Expected result: Login form is opened\nE    Actual result: Login form is not opened\n\npages/common.py:235: Failed","flaky":false,"newFailed":false,"newBroken":false,"newPassed":false,"retriesCount":0,"retriesStatusChange":false,"beforeStages":[{"name":"d","time":{"start":1734568725423,"stop":1734568726021,"duration":598},"status":"passed","steps":[],"attachments":[],"parameters":[],"shouldDisplayMessage":false,"stepsCount":0,"attachmentsCount":0,"hasContent":false,"attachmentStep":false},{"name":"worker_id","time":{"start":1734568726021,"stop":1734568726021,"duration":0},"status":"passed","steps":[],"attachments":[],"parameters":[],"shouldDisplayMessage":false,"stepsCount":0,"attachmentsCount":0,"hasContent":false,"attachmentStep":false},{"name":"cur_login","time":{"start":1734568726021,"stop":1734568726021,"duration":0},"status":"passed","steps":[],"attachments":[],"parameters":[],"shouldDisplayMessage":false,"stepsCount":0,"attachmentsCount":0,"hasContent":false,"attachmentStep":false},{"name":"cur_password","time":{"start":1734568726021,"stop":1734568726021,"duration":0},"status":"passed","steps":[],"attachments":[],"parameters":[],"shouldDisplayMessage":false,"stepsCount":0,"attachmentsCount":0,"hasContent":false,"attachmentStep":false}],"testStage":{"description":"\n        Check: Clicking [numeric values] in the Buy column in Menu tittle Markets does not open the\n                Sign-Up /Login form or page of the corresponding trading instrument on the trading platform using\n                English or Arabic language.\n        Language: EN, AR\n        License: SCA\n        Author: Kasila\n        ","status":"failed","statusMessage":"Failed: Bug # 55!322 \nExpected result: Login form is opened\nActual result: Login form is not opened","statusTrace":"self = <pages.BugsManual.bug_322.AssertTPI object at 0x7f4e0e724e30>\nd = <selenium.webdriver.chrome.webdriver.WebDriver (session=\"08d67c5f69b9bf4a931ebe672a20dfc7\")>\n\n    def assert_login(self, d):\n        print(f\"\\n{datetime.now()}   3. Assert\")\n    \n        try:\n>           login_form = self.driver.find_element(By.XPATH, '//strong/span[contains(text(), \"Login\")]')\n\npages/BugsManual/bug_322.py:123: \n_ _ _ _ _ _ _ _ _ _ _ _ _ _ _ _ _ _ _ _ _ _ _ _ _ _ _ _ _ _ _ _ _ _ _ _ _ _ _ _ \n../../../.cache/pypoetry/virtualenvs/testcapitalcompyse-CcJ6hTD8-py3.12/lib/python3.12/site-packages/selenium/webdriver/remote/webdriver.py:766: in find_element\n    return self.execute(Command.FIND_ELEMENT, {\"using\": by, \"value\": value})[\"value\"]\n../../../.cache/pypoetry/virtualenvs/testcapitalcompyse-CcJ6hTD8-py3.12/lib/python3.12/site-packages/selenium/webdriver/remote/webdriver.py:380: in execute\n    self.error_handler.check_response(response)\n_ _ _ _ _ _ _ _ _ _ _ _ _ _ _ _ _ _ _ _ _ _ _ _ _ _ _ _ _ _ _ _ _ _ _ _ _ _ _ _ \n\nself = <selenium.webdriver.remote.errorhandler.ErrorHandler object at 0x7f4e0f15a210>\nresponse = {'status': 404, 'value': '{\"value\":{\"error\":\"no such element\",\"message\":\"no such element: Unable to locate element: {\\...\\\\n#17 0x56030548f776 \\\\u003Cunknown>\\\\n#18 0x7f928e09ca94 \\\\u003Cunknown>\\\\n#19 0x7f928e129c3c \\\\u003Cunknown>\\\\n\"}}'}\n\n    def check_response(self, response: Dict[str, Any]) -> None:\n        \"\"\"Checks that a JSON response from the WebDriver does not have an\n        error.\n    \n        :Args:\n         - response - The JSON response from the WebDriver server as a dictionary\n           object.\n    \n        :Raises: If the response contains an error message.\n        \"\"\"\n        status = response.get(\"status\", None)\n        if not status or status == ErrorCode.SUCCESS:\n            return\n        value = None\n        message = response.get(\"message\", \"\")\n        screen: str = response.get(\"screen\", \"\")\n        stacktrace = None\n        if isinstance(status, int):\n            value_json = response.get(\"value\", None)\n            if value_json and isinstance(value_json, str):\n                import json\n    \n                try:\n                    value = json.loads(value_json)\n                    if len(value) == 1:\n                        value = value[\"value\"]\n                    status = value.get(\"error\", None)\n                    if not status:\n                        status = value.get(\"status\", ErrorCode.UNKNOWN_ERROR)\n                        message = value.get(\"value\") or value.get(\"message\")\n                        if not isinstance(message, str):\n                            value = message\n                            message = message.get(\"message\")\n                    else:\n                        message = value.get(\"message\", None)\n                except ValueError:\n                    pass\n    \n        exception_class: Type[WebDriverException]\n        e = ErrorCode()\n        error_codes = [item for item in dir(e) if not item.startswith(\"__\")]\n        for error_code in error_codes:\n            error_info = getattr(ErrorCode, error_code)\n            if isinstance(error_info, list) and status in error_info:\n                exception_class = getattr(ExceptionMapping, error_code, WebDriverException)\n                break\n        else:\n            exception_class = WebDriverException\n    \n        if not value:\n            value = response[\"value\"]\n        if isinstance(value, str):\n            raise exception_class(value)\n        if message == \"\" and \"message\" in value:\n            message = value[\"message\"]\n    \n        screen = None  # type: ignore[assignment]\n        if \"screen\" in value:\n            screen = value[\"screen\"]\n    \n        stacktrace = None\n        st_value = value.get(\"stackTrace\") or value.get(\"stacktrace\")\n        if st_value:\n            if isinstance(st_value, str):\n                stacktrace = st_value.split(\"\\n\")\n            else:\n                stacktrace = []\n                try:\n                    for frame in st_value:\n                        line = frame.get(\"lineNumber\", \"\")\n                        file = frame.get(\"fileName\", \"<anonymous>\")\n                        if line:\n                            file = f\"{file}:{line}\"\n                        meth = frame.get(\"methodName\", \"<anonymous>\")\n                        if \"className\" in frame:\n                            meth = f\"{frame['className']}.{meth}\"\n                        msg = \"    at %s (%s)\"\n                        msg = msg % (meth, file)\n                        stacktrace.append(msg)\n                except TypeError:\n                    pass\n        if exception_class == UnexpectedAlertPresentException:\n            alert_text = None\n            if \"data\" in value:\n                alert_text = value[\"data\"].get(\"text\")\n            elif \"alert\" in value:\n                alert_text = value[\"alert\"].get(\"text\")\n            raise exception_class(message, screen, stacktrace, alert_text)  # type: ignore[call-arg]  # mypy is not smart enough here\n>       raise exception_class(message, screen, stacktrace)\nE       selenium.common.exceptions.NoSuchElementException: Message: no such element: Unable to locate element: {\"method\":\"xpath\",\"selector\":\"//strong/span[contains(text(), \"Login\")]\"}\nE         (Session info: chrome=131.0.6778.139); For documentation on this error, please visit: https://www.selenium.dev/documentation/webdriver/troubleshooting/errors#no-such-element-exception\nE       Stacktrace:\nE       #0 0x5603054908fa <unknown>\nE       #1 0x560304fa1d20 <unknown>\nE       #2 0x560304ff0a66 <unknown>\nE       #3 0x560304ff0d01 <unknown>\nE       #4 0x560305036184 <unknown>\nE       #5 0x560305014b1d <unknown>\nE       #6 0x560305033560 <unknown>\nE       #7 0x560305014893 <unknown>\nE       #8 0x560304fe330d <unknown>\nE       #9 0x560304fe432e <unknown>\nE       #10 0x56030545d00b <unknown>\nE       #11 0x560305460f97 <unknown>\nE       #12 0x56030544971c <unknown>\nE       #13 0x560305461b17 <unknown>\nE       #14 0x56030542e6cf <unknown>\nE       #15 0x56030547f6b8 <unknown>\nE       #16 0x56030547f880 <unknown>\nE       #17 0x56030548f776 <unknown>\nE       #18 0x7f928e09ca94 <unknown>\nE       #19 0x7f928e129c3c <unknown>\n\n../../../.cache/pypoetry/virtualenvs/testcapitalcompyse-CcJ6hTD8-py3.12/lib/python3.12/site-packages/selenium/webdriver/remote/errorhandler.py:229: NoSuchElementException\n\nDuring handling of the above exception, another exception occurred:\n\nself = <US_55-tassobaccato_ReTestsManual_test.TestManualDetectedBugs object at 0x7f4e0f3156a0>\nworker_id = 'master'\nd = <selenium.webdriver.chrome.webdriver.WebDriver (session=\"08d67c5f69b9bf4a931ebe672a20dfc7\")>\ncur_language = '', cur_country = 'ae', cur_role = 'NoAuth'\ncur_login = 'test001.miketar+1@gmail.com', cur_password = 'Qwer1234-!@#$'\ntitle_instrument = ''\n\n    @allure.step(\n        'Start retest manual AT_55!322b that the Sign Up/Login/page of the corresponding trading instrument on '\n        'the trading platform is opened after clicking [numeric values] in the Buy column.')\n    @pytest.mark.parametrize('cur_language', ['', 'ar'])\n    @pytest.mark.parametrize('cur_country', ['ae'])\n    @pytest.mark.parametrize('cur_role', [\"NoReg\", \"Auth\", \"NoAuth\"])\n    @pytest.mark.parametrize('title_instrument', [''])\n    @pytest.mark.bug_322b\n    def test_322b(self, worker_id, d, cur_language, cur_country, cur_role, cur_login, cur_password, title_instrument):\n        \"\"\"\n        Check: Clicking [numeric values] in the Buy column in Menu tittle Markets does not open the\n                Sign-Up /Login form or page of the corresponding trading instrument on the trading platform using\n                English or Arabic language.\n        Language: EN, AR\n        License: SCA\n        Author: Kasila\n        \"\"\"\n    \n        bid = build_dynamic_arg_for_us_55(\n            d, worker_id, cur_language, cur_country, cur_role,\n            \"55\", \"ReTests of Manual Detected Bugs\",\n            \"322b\", 'The Sign Up/Login/page of the corresponding trading instrument on the trading platform'\n                   ' is not opened after clicking [numeric values] in the Buy column'\n        )\n    \n        match cur_language:\n            case '':\n                link = apply_preconditions_to_link(d, cur_language, cur_country, cur_role, cur_login, cur_password)\n                menu = MenuNewMarkets(d, link)\n                cur_item_link = menu.from_markets_menu_open_markets(d, cur_language, cur_country, link)\n                test_element = TradingInstrumentsMarkets(d, cur_item_link, bid)\n                test_element.trading_instruments(d, cur_item_link)\n                test_element.click_button_buy(d)\n                test_element = AssertTPI(d, cur_item_link, title_instrument)\n                match cur_role:\n                    case 'NoReg':\n                        test_element.assert_signup(d)\n                    case 'NoAuth':\n>                       test_element.assert_login(d)\n\ntests/US_55_ReTestsManual/tassobaccato/US_55-tassobaccato_ReTestsManual_test.py:318: \n_ _ _ _ _ _ _ _ _ _ _ _ _ _ _ _ _ _ _ _ _ _ _ _ _ _ _ _ _ _ _ _ _ _ _ _ _ _ _ _ \npages/BugsManual/bug_322.py:129: in assert_login\n    Common.pytest_fail(\"Bug # 55!322 \"\n_ _ _ _ _ _ _ _ _ _ _ _ _ _ _ _ _ _ _ _ _ _ _ _ _ _ _ _ _ _ _ _ _ _ _ _ _ _ _ _ \n\nmsg = 'Bug # 55!322 \\nExpected result: Login form is opened\\nActual result: Login form is not opened'\n\n    @staticmethod\n    def pytest_fail(msg):\n    \tCommon.flag_of_bug = True\n>   \tpytest.fail(msg)\nE    Failed: Bug # 55!322 \nE    Expected result: Login form is opened\nE    Actual result: Login form is not opened\n\npages/common.py:235: Failed","steps":[{"name":"Start retest manual AT_55!322b that the Sign Up/Login/page of the corresponding trading instrument on the trading platform is opened after clicking [numeric values] in the Buy column.","time":{"start":1734569923100,"stop":1734569951518,"duration":28418},"status":"failed","statusMessage":"Failed: Bug # 55!322 \nExpected result: Login form is opened\nActual result: Login form is not opened\n","statusTrace":"  File \"/home/runner/.cache/pypoetry/virtualenvs/testcapitalcompyse-CcJ6hTD8-py3.12/lib/python3.12/site-packages/allure_commons/_allure.py\", line 192, in impl\n    return func(*a, **kw)\n           ^^^^^^^^^^^^^^\n  File \"/home/runner/work/TestCapitalComPySe/TestCapitalComPySe/tests/US_55_ReTestsManual/tassobaccato/US_55-tassobaccato_ReTestsManual_test.py\", line 318, in test_322b\n    test_element.assert_login(d)\n  File \"/home/runner/work/TestCapitalComPySe/TestCapitalComPySe/pages/BugsManual/bug_322.py\", line 129, in assert_login\n    Common.pytest_fail(\"Bug # 55!322 \"\n  File \"/home/runner/work/TestCapitalComPySe/TestCapitalComPySe/pages/common.py\", line 235, in pytest_fail\n    pytest.fail(msg)\n  File \"/home/runner/.cache/pypoetry/virtualenvs/testcapitalcompyse-CcJ6hTD8-py3.12/lib/python3.12/site-packages/_pytest/outcomes.py\", line 178, in fail\n    raise Failed(msg=reason, pytrace=pytrace)\n","steps":[{"name":"Build dynamic argument for TCs of US_55","time":{"start":1734569923100,"stop":1734569923102,"duration":2},"status":"passed","steps":[],"attachments":[],"parameters":[{"name":"d","value":"<selenium.webdriver.chrome.webdriver.WebDriver (session=\"08d67c5f69b9bf4a931ebe672a20dfc7\")>"},{"name":"worker_id","value":"'master'"},{"name":"cur_language","value":"''"},{"name":"cur_country","value":"'ae'"},{"name":"cur_role","value":"'NoAuth'"},{"name":"us","value":"'55'"},{"name":"desc_us","value":"'ReTests of Manual Detected Bugs'"},{"name":"num_tc","value":"'322b'"},{"name":"desc_tc","value":"'The Sign Up/Login/page of the corresponding trading instrument on the trading platform is not opened after clicking [numeric values] in the Buy column'"},{"name":"manual","value":"False"},{"name":"new_layout","value":"False"}],"shouldDisplayMessage":false,"stepsCount":0,"attachmentsCount":0,"hasContent":true,"attachmentStep":false},{"name":"   Set New preconditions","time":{"start":1734569923102,"stop":1734569938149,"duration":15047},"status":"passed","steps":[{"name":"2024-12-19 00:38:45.390538   Start Authorization","time":{"start":1734569930670,"stop":1734569934034,"duration":3364},"status":"passed","steps":[],"attachments":[],"parameters":[{"name":"d","value":"<selenium.webdriver.chrome.webdriver.WebDriver (session=\"08d67c5f69b9bf4a931ebe672a20dfc7\")>"},{"name":"link","value":"'https://capital.com/en-gb'"},{"name":"login","value":"'test001.miketar+1@gmail.com'"},{"name":"password","value":"'Qwer1234-!@#$'"},{"name":"cur_role","value":"'NoAuth'"}],"shouldDisplayMessage":false,"stepsCount":0,"attachmentsCount":0,"hasContent":true,"attachmentStep":false},{"name":"2024-12-19 00:38:45.390553   Start Deauthorization","time":{"start":1734569934034,"stop":1734569934776,"duration":742},"status":"passed","steps":[{"name":"Start Logout from account info menu in top bar","time":{"start":1734569934034,"stop":1734569934776,"duration":742},"status":"passed","steps":[],"attachments":[],"parameters":[],"shouldDisplayMessage":false,"stepsCount":0,"attachmentsCount":0,"hasContent":false,"attachmentStep":false}],"attachments":[],"parameters":[{"name":"d","value":"<selenium.webdriver.chrome.webdriver.WebDriver (session=\"08d67c5f69b9bf4a931ebe672a20dfc7\")>"},{"name":"link","value":"'https://capital.com/en-gb'"}],"shouldDisplayMessage":false,"stepsCount":1,"attachmentsCount":0,"hasContent":true,"attachmentStep":false},{"name":"2024-12-19 00:38:45.390564   Set language and country","time":{"start":1734569934776,"stop":1734569938139,"duration":3363},"status":"passed","steps":[],"attachments":[],"parameters":[{"name":"d","value":"<selenium.webdriver.chrome.webdriver.WebDriver (session=\"08d67c5f69b9bf4a931ebe672a20dfc7\")>"},{"name":"cur_language","value":"'en'"},{"name":"cur_country","value":"'ae'"}],"shouldDisplayMessage":false,"stepsCount":0,"attachmentsCount":0,"hasContent":true,"attachmentStep":false}],"attachments":[],"parameters":[{"name":"d","value":"<selenium.webdriver.chrome.webdriver.WebDriver (session=\"08d67c5f69b9bf4a931ebe672a20dfc7\")>"},{"name":"host","value":"'https://capital.com/en-gb'"},{"name":"end_point","value":"''"},{"name":"cur_language","value":"''"},{"name":"cur_country","value":"'ae'"},{"name":"cur_role","value":"'NoAuth'"},{"name":"cur_login","value":"'test001.miketar+1@gmail.com'"},{"name":"cur_password","value":"'Qwer1234-!@#$'"}],"shouldDisplayMessage":false,"stepsCount":4,"attachmentsCount":0,"hasContent":true,"attachmentStep":false},{"name":"Select \"Trading\" menu, \"Trading\" submenu","time":{"start":1734569938149,"stop":1734569946301,"duration":8152},"status":"passed","steps":[],"attachments":[],"parameters":[{"name":"d","value":"<selenium.webdriver.chrome.webdriver.WebDriver (session=\"08d67c5f69b9bf4a931ebe672a20dfc7\")>"},{"name":"cur_language","value":"''"},{"name":"cur_country","value":"'ae'"},{"name":"link","value":"'https://capital.com/en-ae'"}],"shouldDisplayMessage":false,"stepsCount":0,"attachmentsCount":0,"hasContent":true,"attachmentStep":false},{"name":"2024-12-19 00:38:45.228136   1. Start test that the Clicking [numeric values] in the Sell column in Menu tittle Markets opens the Sign-Up /Login form or page of the corresponding trading instrument on the trading platform.","time":{"start":1734569946302,"stop":1734569946327,"duration":25},"status":"passed","steps":[],"attachments":[],"parameters":[{"name":"d","value":"<selenium.webdriver.chrome.webdriver.WebDriver (session=\"08d67c5f69b9bf4a931ebe672a20dfc7\")>"},{"name":"cur_item_link","value":"'https://capital.com/en-ae/markets'"}],"shouldDisplayMessage":false,"stepsCount":0,"attachmentsCount":0,"hasContent":true,"attachmentStep":false}],"attachments":[],"parameters":[{"name":"worker_id","value":"'master'"},{"name":"d","value":"<selenium.webdriver.chrome.webdriver.WebDriver (session=\"08d67c5f69b9bf4a931ebe672a20dfc7\")>"},{"name":"cur_language","value":"''"},{"name":"cur_country","value":"'ae'"},{"name":"cur_role","value":"'NoAuth'"},{"name":"cur_login","value":"'test001.miketar+1@gmail.com'"},{"name":"cur_password","value":"'Qwer1234-!@#$'"},{"name":"title_instrument","value":"''"}],"shouldDisplayMessage":true,"stepsCount":8,"attachmentsCount":0,"hasContent":true,"attachmentStep":false}],"attachments":[{"uid":"49bf3e10043d4550","name":"Screenshot","source":"49bf3e10043d4550.png","type":"image/png","size":137886},{"uid":"a15b26c8a8225a4","name":"stdout","source":"a15b26c8a8225a4.txt","type":"text/plain","size":6305}],"parameters":[],"shouldDisplayMessage":true,"stepsCount":9,"attachmentsCount":2,"hasContent":true,"attachmentStep":false},"afterStages":[{"name":"d::0","time":{"start":1734571686360,"stop":1734571686725,"duration":365},"status":"passed","steps":[],"attachments":[],"parameters":[],"shouldDisplayMessage":false,"stepsCount":0,"attachmentsCount":0,"hasContent":false,"attachmentStep":false}],"labels":[{"name":"epic","value":"TC_55!322b | The Sign Up/Login/page of the corresponding trading instrument on the trading platform is not opened after clicking [numeric values] in the Buy column"},{"name":"feature","value":"Role: NoAuth"},{"name":"story","value":"Country: ae"},{"name":"tag","value":"bug_322b"},{"name":"tag","value":"us_55"},{"name":"parentSuite","value":"tests.US_55_ReTestsManual.tassobaccato"},{"name":"suite","value":"US_55-tassobaccato_ReTestsManual_test"},{"name":"subSuite","value":"TestManualDetectedBugs"},{"name":"host","value":"fv-az797-752"},{"name":"thread","value":"24268-MainThread"},{"name":"framework","value":"pytest"},{"name":"language","value":"cpython3"},{"name":"package","value":"tests.US_55_ReTestsManual.tassobaccato.US_55-tassobaccato_ReTestsManual_test"},{"name":"resultFormat","value":"allure2"}],"parameters":[{"name":"cur_country","value":"'ae'"},{"name":"cur_language","value":"''"},{"name":"cur_login","value":"'test001.miketar+1@gmail.com'"},{"name":"cur_password","value":"'Qwer1234-!@#$'"},{"name":"cur_role","value":"'NoAuth'"},{"name":"d","value":"'Chrome'"},{"name":"title_instrument","value":"''"}],"links":[],"hidden":false,"retry":false,"extra":{"severity":"normal","retries":[],"categories":[{"name":"Product defects","matchedStatuses":[],"flaky":false}],"history":{"statistic":{"failed":46,"broken":8,"skipped":0,"passed":0,"unknown":0,"total":54},"items":[{"uid":"abd3b6870dcddec4","reportUrl":"https://AlexTomAQA.github.io/TestCapitalComPySe/261//#testresult/abd3b6870dcddec4","status":"failed","statusDetails":"Failed: Bug # 55!322 \nExpected result: Login form is opened\nActual result: Login form is not opened","time":{"start":1734484034766,"stop":1734484063028,"duration":28262}},{"uid":"214309bd717a362a","reportUrl":"https://AlexTomAQA.github.io/TestCapitalComPySe/260//#testresult/214309bd717a362a","status":"failed","statusDetails":"Failed: Bug # 55!322 \nExpected result: Login form is opened\nActual result: Login form is not opened","time":{"start":1734397451967,"stop":1734397478377,"duration":26410}},{"uid":"1fd30a49a7591096","reportUrl":"https://AlexTomAQA.github.io/TestCapitalComPySe/259//#testresult/1fd30a49a7591096","status":"failed","statusDetails":"Failed: Bug # 55!322 \nExpected result: Login form is opened\nActual result: Login form is not opened","time":{"start":1734311702552,"stop":1734311728880,"duration":26328}},{"uid":"aa3ba495d406c2a7","reportUrl":"https://AlexTomAQA.github.io/TestCapitalComPySe/258//#testresult/aa3ba495d406c2a7","status":"failed","statusDetails":"Failed: Bug â„– ??? 'Markets' menu not present in DOM for 'ae' country '' language","time":{"start":1734224955383,"stop":1734224975379,"duration":19996}},{"uid":"787a0314b85f8881","reportUrl":"https://AlexTomAQA.github.io/TestCapitalComPySe/257//#testresult/787a0314b85f8881","status":"failed","statusDetails":"Failed: Bug # 55!322 \nExpected result: Login form is opened\nActual result: Login form is not opened","time":{"start":1734162780150,"stop":1734162807301,"duration":27151}},{"uid":"38b0256b597d2e37","reportUrl":"https://AlexTomAQA.github.io/TestCapitalComPySe/256//#testresult/38b0256b597d2e37","status":"failed","statusDetails":"Failed: Bug # 55!322 \nExpected result: Login form is opened\nActual result: Login form is not opened","time":{"start":1734139974475,"stop":1734140002635,"duration":28160}},{"uid":"f7abc5c460972559","reportUrl":"https://AlexTomAQA.github.io/TestCapitalComPySe/255//#testresult/f7abc5c460972559","status":"failed","statusDetails":"Failed: Bug # 55!322 \nExpected result: Login form is opened\nActual result: Login form is not opened","time":{"start":1734051623860,"stop":1734051650814,"duration":26954}},{"uid":"c6e78f3adeede02a","reportUrl":"https://AlexTomAQA.github.io/TestCapitalComPySe/254//#testresult/c6e78f3adeede02a","status":"failed","statusDetails":"Failed: Bug # 55!322 \nExpected result: Login form is opened\nActual result: Login form is not opened","time":{"start":1733965081019,"stop":1733965108975,"duration":27956}},{"uid":"6cce6653bb61ff7d","reportUrl":"https://AlexTomAQA.github.io/TestCapitalComPySe/253//#testresult/6cce6653bb61ff7d","status":"failed","statusDetails":"Failed: Bug # 55!322 \nExpected result: Login form is opened\nActual result: Login form is not opened","time":{"start":1733879202208,"stop":1733879228708,"duration":26500}},{"uid":"ff307668e94e9544","reportUrl":"https://AlexTomAQA.github.io/TestCapitalComPySe/252//#testresult/ff307668e94e9544","status":"failed","statusDetails":"Failed: Bug # 55!322 \nExpected result: Login form is opened\nActual result: Login form is not opened","time":{"start":1733796727533,"stop":1733796756046,"duration":28513}},{"uid":"59a96c4646fdc75a","reportUrl":"https://AlexTomAQA.github.io/TestCapitalComPySe/251//#testresult/59a96c4646fdc75a","status":"failed","statusDetails":"Failed: Bug # 55!322 \nExpected result: Login form is opened\nActual result: Login form is not opened","time":{"start":1733707200899,"stop":1733707228926,"duration":28027}},{"uid":"1da135d2d52fdc60","reportUrl":"https://AlexTomAQA.github.io/TestCapitalComPySe/250//#testresult/1da135d2d52fdc60","status":"failed","statusDetails":"Failed: Bug # 55!322 \nExpected result: Login form is opened\nActual result: Login form is not opened","time":{"start":1733620566535,"stop":1733620594388,"duration":27853}},{"uid":"642869f0ec6129c9","reportUrl":"https://AlexTomAQA.github.io/TestCapitalComPySe/249//#testresult/642869f0ec6129c9","status":"failed","statusDetails":"Failed: Bug # 55!322 \nExpected result: Login form is opened\nActual result: Login form is not opened","time":{"start":1733534439641,"stop":1733534466707,"duration":27066}},{"uid":"14a3e35724c39b72","reportUrl":"https://AlexTomAQA.github.io/TestCapitalComPySe/248//#testresult/14a3e35724c39b72","status":"failed","statusDetails":"Failed: Bug # 55!322 \nExpected result: Login form is opened\nActual result: Login form is not opened","time":{"start":1733472048949,"stop":1733472076296,"duration":27347}},{"uid":"23a17ff7c5f1c76","reportUrl":"https://AlexTomAQA.github.io/TestCapitalComPySe/244//#testresult/23a17ff7c5f1c76","status":"failed","statusDetails":"Failed: Bug # 55!322 \nExpected result: Login form is opened\nActual result: Login form is not opened","time":{"start":1733262210560,"stop":1733262237481,"duration":26921}},{"uid":"36170112c78b95c7","reportUrl":"https://AlexTomAQA.github.io/TestCapitalComPySe/243//#testresult/36170112c78b95c7","status":"broken","statusDetails":"selenium.common.exceptions.NoSuchElementException: Message: no such element: Unable to locate element: {\"method\":\"css selector\",\"selector\":\"terms-and-conditions-popup em.iconex-close-small.ng-star-inserted\"}\n  (Session info: chrome=131.0.6778.85); For documentation on this error, please visit: https://www.selenium.dev/documentation/webdriver/troubleshooting/errors#no-such-element-exception\nStacktrace:\n#0 0x5600bd29d31a <unknown>\n#1 0x5600bcdb36e0 <unknown>\n#2 0x5600bce023e6 <unknown>\n#3 0x5600bce02681 <unknown>\n#4 0x5600bce47b04 <unknown>\n#5 0x5600bce2648d <unknown>\n#6 0x5600bce44ed7 <unknown>\n#7 0x5600bce26203 <unknown>\n#8 0x5600bcdf4cc0 <unknown>\n#9 0x5600bcdf5c9e <unknown>\n#10 0x5600bd26ad0b <unknown>\n#11 0x5600bd26ec92 <unknown>\n#12 0x5600bd257b3c <unknown>\n#13 0x5600bd26f807 <unknown>\n#14 0x5600bd23d0df <unknown>\n#15 0x5600bd28c578 <unknown>\n#16 0x5600bd28c740 <unknown>\n#17 0x5600bd29c196 <unknown>\n#18 0x7fd4fb694ac3 <unknown>","time":{"start":1733186770543,"stop":1733186786976,"duration":16433}},{"uid":"3a174d2bcbd86a1b","reportUrl":"https://AlexTomAQA.github.io/TestCapitalComPySe/242//#testresult/3a174d2bcbd86a1b","status":"broken","statusDetails":"selenium.common.exceptions.NoSuchElementException: Message: no such element: Unable to locate element: {\"method\":\"css selector\",\"selector\":\"terms-and-conditions-popup em.iconex-close-small.ng-star-inserted\"}\n  (Session info: chrome=131.0.6778.85); For documentation on this error, please visit: https://www.selenium.dev/documentation/webdriver/troubleshooting/errors#no-such-element-exception\nStacktrace:\n#0 0x55bc0a36131a <unknown>\n#1 0x55bc09e776e0 <unknown>\n#2 0x55bc09ec63e6 <unknown>\n#3 0x55bc09ec6681 <unknown>\n#4 0x55bc09f0bb04 <unknown>\n#5 0x55bc09eea48d <unknown>\n#6 0x55bc09f08ed7 <unknown>\n#7 0x55bc09eea203 <unknown>\n#8 0x55bc09eb8cc0 <unknown>\n#9 0x55bc09eb9c9e <unknown>\n#10 0x55bc0a32ed0b <unknown>\n#11 0x55bc0a332c92 <unknown>\n#12 0x55bc0a31bb3c <unknown>\n#13 0x55bc0a333807 <unknown>\n#14 0x55bc0a3010df <unknown>\n#15 0x55bc0a350578 <unknown>\n#16 0x55bc0a350740 <unknown>\n#17 0x55bc0a360196 <unknown>\n#18 0x7f61b2494ac3 <unknown>","time":{"start":1733101644627,"stop":1733101660162,"duration":15535}},{"uid":"5c9a611ebced8f38","reportUrl":"https://AlexTomAQA.github.io/TestCapitalComPySe/241//#testresult/5c9a611ebced8f38","status":"broken","statusDetails":"selenium.common.exceptions.NoSuchElementException: Message: no such element: Unable to locate element: {\"method\":\"css selector\",\"selector\":\"terms-and-conditions-popup em.iconex-close-small.ng-star-inserted\"}\n  (Session info: chrome=131.0.6778.85); For documentation on this error, please visit: https://www.selenium.dev/documentation/webdriver/troubleshooting/errors#no-such-element-exception\nStacktrace:\n#0 0x558c2f56d31a <unknown>\n#1 0x558c2f0836e0 <unknown>\n#2 0x558c2f0d23e6 <unknown>\n#3 0x558c2f0d2681 <unknown>\n#4 0x558c2f117b04 <unknown>\n#5 0x558c2f0f648d <unknown>\n#6 0x558c2f114ed7 <unknown>\n#7 0x558c2f0f6203 <unknown>\n#8 0x558c2f0c4cc0 <unknown>\n#9 0x558c2f0c5c9e <unknown>\n#10 0x558c2f53ad0b <unknown>\n#11 0x558c2f53ec92 <unknown>\n#12 0x558c2f527b3c <unknown>\n#13 0x558c2f53f807 <unknown>\n#14 0x558c2f50d0df <unknown>\n#15 0x558c2f55c578 <unknown>\n#16 0x558c2f55c740 <unknown>\n#17 0x558c2f56c196 <unknown>\n#18 0x7fcde5694ac3 <unknown>","time":{"start":1733014111981,"stop":1733014127661,"duration":15680}},{"uid":"746ea352cc2c25d2","reportUrl":"https://AlexTomAQA.github.io/TestCapitalComPySe/240//#testresult/746ea352cc2c25d2","status":"broken","statusDetails":"selenium.common.exceptions.NoSuchElementException: Message: no such element: Unable to locate element: {\"method\":\"css selector\",\"selector\":\"terms-and-conditions-popup em.iconex-close-small.ng-star-inserted\"}\n  (Session info: chrome=131.0.6778.85); For documentation on this error, please visit: https://www.selenium.dev/documentation/webdriver/troubleshooting/errors#no-such-element-exception\nStacktrace:\n#0 0x564cf8f5631a <unknown>\n#1 0x564cf8a6c6e0 <unknown>\n#2 0x564cf8abb3e6 <unknown>\n#3 0x564cf8abb681 <unknown>\n#4 0x564cf8b00b04 <unknown>\n#5 0x564cf8adf48d <unknown>\n#6 0x564cf8afded7 <unknown>\n#7 0x564cf8adf203 <unknown>\n#8 0x564cf8aadcc0 <unknown>\n#9 0x564cf8aaec9e <unknown>\n#10 0x564cf8f23d0b <unknown>\n#11 0x564cf8f27c92 <unknown>\n#12 0x564cf8f10b3c <unknown>\n#13 0x564cf8f28807 <unknown>\n#14 0x564cf8ef60df <unknown>\n#15 0x564cf8f45578 <unknown>\n#16 0x564cf8f45740 <unknown>\n#17 0x564cf8f55196 <unknown>\n#18 0x7fb892894ac3 <unknown>","time":{"start":1732927247864,"stop":1732927262739,"duration":14875}},{"uid":"a7390c0f107e8b4","reportUrl":"https://AlexTomAQA.github.io/TestCapitalComPySe/239//#testresult/a7390c0f107e8b4","status":"broken","statusDetails":"selenium.common.exceptions.NoSuchElementException: Message: no such element: Unable to locate element: {\"method\":\"css selector\",\"selector\":\"terms-and-conditions-popup em.iconex-close-small.ng-star-inserted\"}\n  (Session info: chrome=131.0.6778.85); For documentation on this error, please visit: https://www.selenium.dev/documentation/webdriver/troubleshooting/errors#no-such-element-exception\nStacktrace:\n#0 0x55bcdb93131a <unknown>\n#1 0x55bcdb4476e0 <unknown>\n#2 0x55bcdb4963e6 <unknown>\n#3 0x55bcdb496681 <unknown>\n#4 0x55bcdb4dbb04 <unknown>\n#5 0x55bcdb4ba48d <unknown>\n#6 0x55bcdb4d8ed7 <unknown>\n#7 0x55bcdb4ba203 <unknown>\n#8 0x55bcdb488cc0 <unknown>\n#9 0x55bcdb489c9e <unknown>\n#10 0x55bcdb8fed0b <unknown>\n#11 0x55bcdb902c92 <unknown>\n#12 0x55bcdb8ebb3c <unknown>\n#13 0x55bcdb903807 <unknown>\n#14 0x55bcdb8d10df <unknown>\n#15 0x55bcdb920578 <unknown>\n#16 0x55bcdb920740 <unknown>\n#17 0x55bcdb930196 <unknown>\n#18 0x7fa520e94ac3 <unknown>","time":{"start":1732842375438,"stop":1732842391402,"duration":15964}}]},"tags":["us_55","bug_322b"]},"source":"f8dae3ae357d80f8.json","parameterValues":["'ae'","''","'test001.miketar+1@gmail.com'","'Qwer1234-!@#$'","'NoAuth'","'Chrome'","''"]}