2024-06-19 16:08:42 ERROR Could not find elements on page: https://play.google.com/store/apps/details?id=com.capital.trading
2024-06-19 16:08:42 ERROR no such element: Unable to locate element: {"method":"css selector","selector":"h1[itemprop='name'] span"}
  (Session info: chrome=125.0.6422.142); For documentation on this error, please visit: https://www.selenium.dev/documentation/webdriver/troubleshooting/errors#no-such-element-exception
Traceback (most recent call last):
  File "D:\a\TestCapitalComPySe\TestCapitalComPySe\pages\base_page.py", line 86, in inner_function
    return func(*args, **kwargs)
           ^^^^^^^^^^^^^^^^^^^^^
  File "D:\a\TestCapitalComPySe\TestCapitalComPySe\pages\base_page.py", line 500, in get_text
    return "".join(self.driver.find_element(method, locator).text.split("\n")[i:])
                   ^^^^^^^^^^^^^^^^^^^^^^^^^^^^^^^^^^^^^^^^^
  File "C:\Users\runneradmin\AppData\Local\pypoetry\Cache\virtualenvs\testcapitalcompyse-ahTg7XpD-py3.12\Lib\site-packages\selenium\webdriver\remote\webdriver.py", line 741, in find_element
    return self.execute(Command.FIND_ELEMENT, {"using": by, "value": value})["value"]
           ^^^^^^^^^^^^^^^^^^^^^^^^^^^^^^^^^^^^^^^^^^^^^^^^^^^^^^^^^^^^^^^^^
  File "C:\Users\runneradmin\AppData\Local\pypoetry\Cache\virtualenvs\testcapitalcompyse-ahTg7XpD-py3.12\Lib\site-packages\selenium\webdriver\remote\webdriver.py", line 347, in execute
    self.error_handler.check_response(response)
  File "C:\Users\runneradmin\AppData\Local\pypoetry\Cache\virtualenvs\testcapitalcompyse-ahTg7XpD-py3.12\Lib\site-packages\selenium\webdriver\remote\errorhandler.py", line 229, in check_response
    raise exception_class(message, screen, stacktrace)
selenium.common.exceptions.NoSuchElementException: Message: no such element: Unable to locate element: {"method":"css selector","selector":"h1[itemprop='name'] span"}
  (Session info: chrome=125.0.6422.142); For documentation on this error, please visit: https://www.selenium.dev/documentation/webdriver/troubleshooting/errors#no-such-element-exception
Stacktrace:
	GetHandleVerifier [0x0093B8E3+45827]
	(No symbol) [0x008CDCC4]
	(No symbol) [0x007C150F]
	(No symbol) [0x008020BC]
	(No symbol) [0x0080216B]
	(No symbol) [0x0083E0F2]
	(No symbol) [0x00822E44]
	(No symbol) [0x0083C034]
	(No symbol) [0x00822B96]
	(No symbol) [0x007F6998]
	(No symbol) [0x007F751D]
	GetHandleVerifier [0x00BF4513+2899763]
	GetHandleVerifier [0x00C4793D+3240797]
	GetHandleVerifier [0x009C13B4+593364]
	GetHandleVerifier [0x009C82DC+621820]
	(No symbol) [0x008D70A4]
	(No symbol) [0x008D37A8]
	(No symbol) [0x008D3947]
	(No symbol) [0x008C59FE]
	BaseThreadInitThunk [0x759267F9+25]
	RtlGetFullPathName_UEx [0x77767F4D+173]
	RtlGetFullPathName_UEx [0x77767F1B+123]