2024-01-16 07:29:51 ERROR Elements not present after 0.5 seconds on page: https://capital.com/it/trading-su-azioni
2024-01-16 07:29:51 ERROR 
Traceback (most recent call last):
  File "/home/runner/work/TestCapitalComPySe/TestCapitalComPySe/pages/base_page.py", line 82, in inner_function
    return func(*args, **kwargs)
           ^^^^^^^^^^^^^^^^^^^^^
  File "/home/runner/work/TestCapitalComPySe/TestCapitalComPySe/pages/base_page.py", line 293, in element_is_visible
    return Wait(self.browser, timeout).until(
           ^^^^^^^^^^^^^^^^^^^^^^^^^^^^^^^^^^
  File "/home/runner/.cache/pypoetry/virtualenvs/testcapitalcom-CcJ6hTD8-py3.11/lib/python3.11/site-packages/selenium/webdriver/support/wait.py", line 105, in until
    raise TimeoutException(message, screen, stacktrace)
selenium.common.exceptions.TimeoutException: Message: 
Stacktrace:
#0 0x55fe0053df83 <unknown>
#1 0x55fe001f6cf7 <unknown>
#2 0x55fe0024699e <unknown>
#3 0x55fe00246aa1 <unknown>
#4 0x55fe00291d64 <unknown>
#5 0x55fe002700dd <unknown>
#6 0x55fe0028f006 <unknown>
#7 0x55fe0026fe53 <unknown>
#8 0x55fe00237dd4 <unknown>
#9 0x55fe002391de <unknown>
#10 0x55fe00502531 <unknown>
#11 0x55fe00506455 <unknown>
#12 0x55fe004eef55 <unknown>
#13 0x55fe005070ef <unknown>
#14 0x55fe004d299f <unknown>
#15 0x55fe0052b008 <unknown>
#16 0x55fe0052b1d7 <unknown>
#17 0x55fe0053d124 <unknown>
#18 0x7f61e1894ac3 <unknown>

2024-01-16 07:29:58 ERROR Elements not present after 0.5 seconds on page: https://capital.com/trading/signup
2024-01-16 07:29:58 ERROR 
Traceback (most recent call last):
  File "/home/runner/work/TestCapitalComPySe/TestCapitalComPySe/pages/base_page.py", line 82, in inner_function
    return func(*args, **kwargs)
           ^^^^^^^^^^^^^^^^^^^^^
  File "/home/runner/work/TestCapitalComPySe/TestCapitalComPySe/pages/base_page.py", line 293, in element_is_visible
    return Wait(self.browser, timeout).until(
           ^^^^^^^^^^^^^^^^^^^^^^^^^^^^^^^^^^
  File "/home/runner/.cache/pypoetry/virtualenvs/testcapitalcom-CcJ6hTD8-py3.11/lib/python3.11/site-packages/selenium/webdriver/support/wait.py", line 105, in until
    raise TimeoutException(message, screen, stacktrace)
selenium.common.exceptions.TimeoutException: Message: 
Stacktrace:
#0 0x55fe0053df83 <unknown>
#1 0x55fe001f6cf7 <unknown>
#2 0x55fe0024699e <unknown>
#3 0x55fe00246aa1 <unknown>
#4 0x55fe00291d64 <unknown>
#5 0x55fe002700dd <unknown>
#6 0x55fe0028f006 <unknown>
#7 0x55fe0026fe53 <unknown>
#8 0x55fe00237dd4 <unknown>
#9 0x55fe002391de <unknown>
#10 0x55fe00502531 <unknown>
#11 0x55fe00506455 <unknown>
#12 0x55fe004eef55 <unknown>
#13 0x55fe005070ef <unknown>
#14 0x55fe004d299f <unknown>
#15 0x55fe0052b008 <unknown>
#16 0x55fe0052b1d7 <unknown>
#17 0x55fe0053d124 <unknown>
#18 0x7f61e1894ac3 <unknown>

2024-01-16 07:30:05 ERROR Elements not present after 0.5 seconds on page: https://capital.com/trading/signup
2024-01-16 07:30:05 ERROR 
Traceback (most recent call last):
  File "/home/runner/work/TestCapitalComPySe/TestCapitalComPySe/pages/base_page.py", line 82, in inner_function
    return func(*args, **kwargs)
           ^^^^^^^^^^^^^^^^^^^^^
  File "/home/runner/work/TestCapitalComPySe/TestCapitalComPySe/pages/base_page.py", line 293, in element_is_visible
    return Wait(self.browser, timeout).until(
           ^^^^^^^^^^^^^^^^^^^^^^^^^^^^^^^^^^
  File "/home/runner/.cache/pypoetry/virtualenvs/testcapitalcom-CcJ6hTD8-py3.11/lib/python3.11/site-packages/selenium/webdriver/support/wait.py", line 105, in until
    raise TimeoutException(message, screen, stacktrace)
selenium.common.exceptions.TimeoutException: Message: 
Stacktrace:
#0 0x55fe0053df83 <unknown>
#1 0x55fe001f6cf7 <unknown>
#2 0x55fe0024699e <unknown>
#3 0x55fe00246aa1 <unknown>
#4 0x55fe00291d64 <unknown>
#5 0x55fe002700dd <unknown>
#6 0x55fe0028f006 <unknown>
#7 0x55fe0026fe53 <unknown>
#8 0x55fe00237dd4 <unknown>
#9 0x55fe002391de <unknown>
#10 0x55fe00502531 <unknown>
#11 0x55fe00506455 <unknown>
#12 0x55fe004eef55 <unknown>
#13 0x55fe005070ef <unknown>
#14 0x55fe004d299f <unknown>
#15 0x55fe0052b008 <unknown>
#16 0x55fe0052b1d7 <unknown>
#17 0x55fe0053d124 <unknown>
#18 0x7f61e1894ac3 <unknown>